88" 33MeV Deuteron breakup on Ta, ETA
  140    7    1    0    1
   0.00500  10.00000   0.00500   0.00100
   0.0000000   0   0 7.04179000E+04   1.0000000
AL27P    5.003E-21 0.053       0.00       0.00        (    )
AL27A    5.627E-21 0.015       0.00       0.00        (    )
NI582    1.156E-21 0.018       0.00       0.00        (    )
IN115N   4.515E-20 0.014       0.00       0.00        (    )
AU1972   8.758E-20 0.054       0.00       0.00        (    )
AU197G   6.807E-20 0.024       0.00 AUNG  3.94 IFX    (ISTP)
IN115G   8.877E-20 0.018       0.00 INNG 40.39 IFX    (ISTP)
Flux Uncertainty From MCNP Calculations
 140
 1.7200E-02 1.5400E-02 1.3700E-02 1.3000E-02 1.2400E-02 1.2100E-02 1.1900E-02
 1.1800E-02 1.1900E-02 1.2200E-02 1.2600E-02 1.3200E-02 1.3900E-02 1.4900E-02
 1.6100E-02 1.7500E-02 1.9300E-02 2.1500E-02 2.4400E-02 2.7400E-02 3.1000E-02
 3.7600E-02 4.4200E-02 5.4000E-02 6.7700E-02 7.3300E-02 8.9600E-02 8.1500E-02
 9.4500E-02 9.0300E-02 1.1270E-01 9.4900E-02 9.8900E-02 8.6700E-02 8.6200E-02
 6.7500E-02 6.2600E-02 5.7000E-02 5.5200E-02 4.9200E-02 4.3600E-02 4.0000E-02
 3.6800E-02 3.4000E-02 3.1500E-02 2.9400E-02 2.7500E-02 2.5900E-02 2.4500E-02
 2.3300E-02 2.2300E-02 2.1300E-02 2.0600E-02 1.9900E-02 1.9200E-02 1.8700E-02
 1.8200E-02 1.8100E-02 1.7900E-02 1.7700E-02 1.7500E-02 1.7200E-02 1.6600E-02
 1.5900E-02 1.5200E-02 1.4600E-02 1.3900E-02 1.3300E-02 1.2700E-02 1.2200E-02
 1.1800E-02 1.1400E-02 1.1200E-02 1.1000E-02 1.1000E-02 1.1000E-02 1.1100E-02
 1.1200E-02 1.1300E-02 1.1300E-02 1.1300E-02 1.1200E-02 1.0900E-02 1.0700E-02
 1.0200E-02 9.7000E-03 9.2000E-03 8.7000E-03 8.3000E-03 8.0000E-03 7.7000E-03
 7.5000E-03 7.4000E-03 7.4000E-03 7.5000E-03 7.7000E-03 7.9000E-03 8.2000E-03
 8.6000E-03 9.2000E-03 1.0000E-02 1.0900E-02 1.1900E-02 1.3000E-02 1.4300E-02
 1.5800E-02 1.7500E-02 1.9600E-02 2.1300E-02 2.3900E-02 2.7100E-02 3.0700E-02
 3.5000E-02 3.9900E-02 4.5700E-02 5.2300E-02 6.0100E-02 9.4000E-02 0.0000E+00
 0.0000E+00 0.0000E+00 0.0000E+00 0.0000E+00 0.0000E+00 0.0000E+00 0.0000E+00
 0.0000E+00 0.0000E+00 0.0000E+00 0.0000E+00 0.0000E+00 0.0000E+00 0.0000E+00
 0.0000E+00 0.0000E+00 0.0000E+00 0.0000E+00 0.0000E+00 0.0000E+00 0.0000E+00
Input Flux Spectrum from MCNP Simulation
 140   0 1.200E+10 2.000E+01 5.000E-08
 2.5673E-11 1.0076E-09 2.9653E-09 6.8038E-09 4.8765E-09 5.7668E-09 5.9950E-09
 5.1410E-09 4.8918E-09 2.9420E-09 2.6489E-09 3.0286E-09 2.9717E-09 2.1451E-09
 1.2514E-09 1.1349E-09 7.9963E-10 6.7435E-10 5.4071E-10 2.4938E-10 3.1710E-10
 2.5736E-10 1.8288E-10 1.1479E-10 3.7459E-11 6.8071E-11 5.6320E-11 1.0059E-10
 8.7630E-11 1.4684E-10 1.0980E-10 1.9137E-10 2.8634E-10 4.1031E-10 3.7477E-10
 1.0875E-09 1.1925E-09 2.5773E-09 2.2300E-09 4.5475E-09 6.8860E-09 1.2265E-08
 1.3027E-08 1.7148E-08 3.3406E-08 4.8466E-08 4.0575E-08 8.1184E-08 9.9757E-08
 1.9628E-07 1.6611E-07 2.4417E-07 2.1456E-07 2.7795E-07 2.6738E-07 3.3037E-07
 3.5822E-07 3.0578E-07 4.4593E-07 4.5943E-07 5.6750E-07 6.2296E-07 6.5000E-07
 6.7350E-07 8.2555E-07 8.7260E-07 9.0175E-07 8.4340E-07 1.1018E-06 1.0228E-06
 2.1338E-06 1.6858E-06 1.4149E-06 1.1433E-06 9.1473E-07 1.0164E-06 7.7273E-07
 5.5040E-07 5.1667E-07 3.6457E-07 2.7175E-07 2.1852E-07 2.2093E-07 1.9139E-07
 1.8810E-07 2.7619E-07 3.0203E-07 3.8457E-07 4.3526E-07 5.8772E-07 5.9448E-07
 5.8182E-07 5.2868E-07 4.7706E-07 3.9094E-07 3.2161E-07 2.4207E-07 1.8331E-07
 1.3017E-07 8.5400E-08 6.1753E-08 4.6443E-08 3.5878E-08 2.6508E-08 2.0183E-08
 1.6642E-08 1.3243E-08 1.2667E-08 1.1047E-08 9.9967E-09 9.1192E-09 8.6142E-09
 7.6864E-09 6.1995E-09 4.5341E-09 3.2464E-09 1.6541E-09 2.4565E-10 0.0000E+00
 0.0000E+00 0.0000E+00 0.0000E+00 0.0000E+00 0.0000E+00 0.0000E+00 0.0000E+00
 0.0000E+00 0.0000E+00 0.0000E+00 0.0000E+00 0.0000E+00 0.0000E+00 0.0000E+00
 0.0000E+00 0.0000E+00 0.0000E+00 0.0000E+00 0.0000E+00 0.0000E+00 0.0000E+00
   17   15    9    9    9   10    7   14   14   36



                         ==============================
                               STAYSL PNNL OUTPUT
                         ==============================

 STAYSL PNNL, version 1.2.0, 2015-08-05


 SCENARIO TITLE: 88" 33MeV Deuteron breakup on Ta, ETA
 -------------------------------------------------------------------------------
  NGROUP =   140    NRXN =     7    ACTIVITY NORM = 1.00000E+00

  COVARIANCE PARAMETERS (FCHN, FCVX, ACVX, FS)
    FLUXES:      WIDTH =  1.0000E+01   LONG RANGE COVAR. =  5.0000E-03
            ACTIVITIES =  5.0000E-03   X-SECT CROSS COR. =  1.0000E-03

    DETERM =   6.2606 × 10^   7.00      ERROR =  -3.8990E-17

  INPUT NORMALIZATION DATA
    AK1   =     0.00000     VAK        =     0.00003
    NORML =           0     RENORM     = 9.99974E-01
    CHI²  =     5.48554     NORM. CHI² =     0.91426

  DOSIMETRY ACTIVITIES
     ———— INPUTS —————  -UNADJUSTED FLUX-  — ADJUSTED FLUX —    CHI²  90% ACTIVITIES RANGE
 RXN  MEASURED     ±%   ACTIVITY    %DIFF  ACTIVITY    %DIFF  CONTRIB --LOW E-- --HIGH E--   REACTION          CVR
  1  5.003E-21    5.30  5.588E-21   11.69  5.588E-21   11.68    4.231  5.50E+00  1.60E+01  AL27(N,P)MG27           
  2  5.627E-21    1.50  5.584E-21   -0.76  5.584E-21   -0.76    0.253  8.20E+00  1.70E+01  AL27(N,A)NA24           
  3  1.156E-21    1.80  1.162E-21    0.48  1.162E-21    0.49    0.045  1.30E+01  2.60E+01  NI58(N,2N)NI57          
  4  4.515E-20    1.40  4.512E-20   -0.07  4.512E-20   -0.06    0.001  9.20E-01  1.20E+01  IN115(N,N')IN115M       
  5  8.758E-20    5.40  8.350E-20   -4.66  8.351E-20   -4.65    0.718  9.00E+00  1.80E+01  AU197(N,2N)AU196        
  6  6.807E-20    2.40  6.862E-20    0.81  6.862E-20    0.81    0.116  1.00E-08  1.40E+00  AU197(N,G)AU198         
  7  8.877E-20    1.80  8.809E-20   -0.77  8.809E-20   -0.77    0.122  1.00E-08  1.80E+00  IN115(N,G)IN116M        

             % STD. DEV.  =          5.17               5.17

  DIFFERENTIAL FLUXES (input is normalized by a factor of 9.9997E-01)
                  —————— DIFFERENTIAL FLUX —————   ———— STD. DEV. % ————   INTEGRAL
 GRP    ENERGY        NEW         OLD      RATIO    NEW     OLD    RATIO   FLUX > E     ± %
   1  1.0000E-10  3.4227E+08  3.4230E+08   1.000    1.72    1.79   0.959  3.5033E+05    0.83
   2  1.0000E-09  1.3434E+09  1.3434E+09   1.000    1.54    1.62   0.951  3.5033E+05    0.83
   3  1.0000E-08  2.7370E+09  2.7371E+09   1.000    1.37    1.46   0.942  3.5032E+05    0.83
   4  2.3000E-08  3.0237E+09  3.0238E+09   1.000    1.30    1.39   0.936  3.5028E+05    0.83
   5  5.0000E-08  2.2506E+09  2.2506E+09   1.000    1.24    1.34   0.931  3.5020E+05    0.83
   6  7.6000E-08  1.7743E+09  1.7744E+09   1.000    1.21    1.31   0.927  3.5014E+05    0.83
   7  1.1500E-07  1.3079E+09  1.3080E+09   1.000    1.19    1.29   0.925  3.5007E+05    0.83
   8  1.7000E-07  7.2576E+08  7.2577E+08   1.000    1.18    1.28   0.924  3.5000E+05    0.83
   9  2.5500E-07  4.6959E+08  4.6960E+08   1.000    1.19    1.29   0.926  3.4994E+05    0.84
  10  3.8000E-07  2.0766E+08  2.0767E+08   1.000    1.22    1.32   0.929  3.4988E+05    0.84
  11  5.5000E-07  1.0960E+08  1.0961E+08   1.000    1.26    1.36   0.933  3.4984E+05    0.84
  12  8.4000E-07  8.3541E+07  8.3545E+07   1.000    1.32    1.41   0.938  3.4981E+05    0.84
  13  1.2750E-06  5.7051E+07  5.7055E+07   1.000    1.39    1.48   0.944  3.4978E+05    0.84
  14  1.9000E-06  2.8598E+07  2.8601E+07   1.000    1.49    1.57   0.951  3.4974E+05    0.84
  15  2.8000E-06  1.0355E+07  1.0356E+07   1.000    1.61    1.69   0.958  3.4971E+05    0.84
  16  4.2500E-06  6.6420E+06  6.6431E+06   1.000    1.75    1.82   0.964  3.4970E+05    0.84
  17  6.3000E-06  3.3080E+06  3.3087E+06   1.000    1.93    1.99   0.970  3.4969E+05    0.84
  18  9.2000E-06  1.8814E+06  1.8819E+06   1.000    2.15    2.21   0.976  3.4968E+05    0.84
  19  1.3500E-05  8.6485E+05  8.6511E+05   1.000    2.44    2.49   0.981  3.4967E+05    0.84
  20  2.1000E-05  3.3238E+05  3.3250E+05   1.000    2.74    2.79   0.985  3.4966E+05    0.84
  21  3.0000E-05  2.5358E+05  2.5367E+05   1.000    3.10    3.14   0.989  3.4966E+05    0.84
  22  4.5000E-05  1.2862E+05  1.2868E+05   1.000    3.76    3.79   0.992  3.4965E+05    0.84
  23  6.9000E-05  7.0754E+04  7.0790E+04   0.999    4.42    4.45   0.994  3.4965E+05    0.84
  24  1.0000E-04  3.9332E+04  3.9356E+04   0.999    5.40    5.42   0.996  3.4965E+05    0.84
  25  1.3500E-04  1.2834E+04  1.2843E+04   0.999    6.77    6.79   0.997  3.4965E+05    0.84
  26  1.7000E-04  1.6325E+04  1.6337E+04   0.999    7.33    7.35   0.998  3.4965E+05    0.84
  27  2.2000E-04  1.1255E+04  1.1264E+04   0.999    8.96    8.97   0.998  3.4965E+05    0.84
  28  2.8000E-04  1.5079E+04  1.5088E+04   0.999    8.15    8.17   0.999  3.4965E+05    0.84
  29  3.6000E-04  1.1676E+04  1.1684E+04   0.999    9.45    9.46   0.999  3.4964E+05    0.84
  30  4.5000E-04  1.4088E+04  1.4096E+04   0.999    9.03    9.04   0.999  3.4964E+05    0.84
  31  5.7500E-04  7.1172E+03  7.1220E+03   0.999   11.27   11.28   0.999  3.4964E+05    0.84
  32  7.6000E-04  1.1476E+04  1.1482E+04   0.999    9.49    9.50   0.999  3.4964E+05    0.84
  33  9.6000E-04  1.0902E+04  1.0908E+04   0.999    9.89    9.90   0.999  3.4964E+05    0.84
  34  1.2750E-03  1.5143E+04  1.5150E+04   1.000    8.67    8.68   0.999  3.4964E+05    0.84
  35  1.6000E-03  1.1238E+04  1.1243E+04   1.000    8.62    8.63   0.999  3.4963E+05    0.84
  36  2.0000E-03  1.8636E+04  1.8642E+04   1.000    6.75    6.77   0.998  3.4963E+05    0.84
  37  2.7000E-03  2.0436E+04  2.0442E+04   1.000    6.26    6.28   0.998  3.4961E+05    0.84
  38  3.4000E-03  2.8107E+04  2.8115E+04   1.000    5.70    5.72   0.997  3.4960E+05    0.84
  39  4.5000E-03  2.6752E+04  2.6759E+04   1.000    5.52    5.54   0.997  3.4957E+05    0.84
  40  5.5000E-03  3.2091E+04  3.2099E+04   1.000    4.92    4.95   0.996  3.4954E+05    0.84
  41  7.2000E-03  4.1306E+04  4.1315E+04   1.000    4.36    4.39   0.995  3.4949E+05    0.84
  42  9.2000E-03  5.2552E+04  5.2563E+04   1.000    4.00    4.03   0.994  3.4940E+05    0.84
  43  1.2000E-02  5.2096E+04  5.2107E+04   1.000    3.68    3.71   0.992  3.4926E+05    0.84
  44  1.5000E-02  5.1433E+04  5.1443E+04   1.000    3.40    3.44   0.991  3.4910E+05    0.84
  45  1.9000E-02  6.1659E+04  6.1671E+04   1.000    3.15    3.19   0.989  3.4889E+05    0.84
  46  2.5500E-02  8.9457E+04  8.9473E+04   1.000    2.94    2.98   0.987  3.4849E+05    0.84
  47  3.2000E-02  6.0850E+04  6.0861E+04   1.000    2.75    2.80   0.986  3.4791E+05    0.84
  48  4.0000E-02  7.7921E+04  7.7935E+04   1.000    2.59    2.64   0.984  3.4743E+05    0.84
  49  5.2500E-02  8.8656E+04  8.8671E+04   1.000    2.45    2.50   0.982  3.4645E+05    0.84
  50  6.6000E-02  1.0704E+05  1.0706E+05   1.000    2.33    2.38   0.980  3.4525E+05    0.84
  51  8.8000E-02  9.0589E+04  9.0603E+04   1.000    2.23    2.29   0.978  3.4290E+05    0.84
  52  1.1000E-01  1.1718E+05  1.1720E+05   1.000    2.13    2.19   0.976  3.4091E+05    0.84
  53  1.3500E-01  1.0297E+05  1.0299E+05   1.000    2.06    2.12   0.974  3.3798E+05    0.84
  54  1.6000E-01  1.1116E+05  1.1118E+05   1.000    1.99    2.05   0.972  3.3540E+05    0.84
  55  1.9000E-01  1.0694E+05  1.0695E+05   1.000    1.92    1.98   0.970  3.3207E+05    0.85
  56  2.2000E-01  1.1326E+05  1.1327E+05   1.000    1.87    1.94   0.968  3.2886E+05    0.85
  57  2.5500E-01  1.2281E+05  1.2282E+05   1.000    1.82    1.89   0.967  3.2490E+05    0.85
  58  2.9000E-01  1.2231E+05  1.2231E+05   1.000    1.81    1.88   0.965  3.2060E+05    0.85
  59  3.2000E-01  1.3378E+05  1.3378E+05   1.000    1.79    1.86   0.964  3.1693E+05    0.85
  60  3.6000E-01  1.3783E+05  1.3783E+05   1.000    1.77    1.84   0.962  3.1158E+05    0.85
  61  4.0000E-01  1.3621E+05  1.3620E+05   1.000    1.75    1.82   0.960  3.0606E+05    0.85
  62  4.5000E-01  1.4953E+05  1.4951E+05   1.000    1.72    1.79   0.958  2.9925E+05    0.84
  63  5.0000E-01  1.5603E+05  1.5600E+05   1.000    1.66    1.73   0.955  2.9178E+05    0.84
  64  5.5000E-01  1.6167E+05  1.6164E+05   1.000    1.59    1.67   0.951  2.8398E+05    0.84
  65  6.0000E-01  1.6515E+05  1.6511E+05   1.000    1.52    1.60   0.947  2.7589E+05    0.83
  66  6.6000E-01  1.7456E+05  1.7452E+05   1.000    1.46    1.54   0.943  2.6598E+05    0.82
  67  7.2000E-01  1.8040E+05  1.8035E+05   1.000    1.39    1.48   0.938  2.5551E+05    0.82
  68  7.8000E-01  1.6873E+05  1.6868E+05   1.000    1.33    1.42   0.933  2.4469E+05    0.81
  69  8.4000E-01  1.6532E+05  1.6527E+05   1.000    1.27    1.36   0.927  2.3456E+05    0.80
  70  9.2000E-01  1.5346E+05  1.5342E+05   1.000    1.22    1.32   0.922  2.2134E+05    0.79
  71  1.0000E+00  1.2806E+05  1.2802E+05   1.000    1.18    1.28   0.917  2.0906E+05    0.78
  72  1.2000E+00  1.0117E+05  1.0115E+05   1.000    1.14    1.24   0.913  1.8345E+05    0.76
  73  1.4000E+00  8.4909E+04  8.4892E+04   1.000    1.12    1.23   0.910  1.6321E+05    0.74
  74  1.6000E+00  6.8608E+04  6.8596E+04   1.000    1.10    1.21   0.907  1.4623E+05    0.73
  75  1.8000E+00  5.4889E+04  5.4882E+04   1.000    1.10    1.21   0.907  1.3251E+05    0.72
  76  2.0000E+00  4.0658E+04  4.0655E+04   1.000    1.10    1.21   0.907  1.2153E+05    0.71
  77  2.3000E+00  3.0909E+04  3.0908E+04   1.000    1.11    1.22   0.909  1.0934E+05    0.71
  78  2.6000E+00  2.2014E+04  2.2015E+04   1.000    1.12    1.23   0.911  1.0006E+05    0.71
  79  2.9000E+00  1.5498E+04  1.5500E+04   1.000    1.13    1.24   0.913  9.3458E+04    0.71
  80  3.3000E+00  1.0935E+04  1.0937E+04   1.000    1.13    1.24   0.915  8.7259E+04    0.71
  81  3.7000E+00  8.1504E+03  8.1523E+03   1.000    1.13    1.24   0.916  8.2885E+04    0.71
  82  4.1000E+00  6.5537E+03  6.5554E+03   1.000    1.12    1.23   0.916  7.9625E+04    0.71
  83  4.5000E+00  5.3007E+03  5.3022E+03   1.000    1.09    1.20   0.913  7.7004E+04    0.71
  84  5.0000E+00  4.5919E+03  4.5932E+03   1.000    1.07    1.18   0.909  7.4353E+04    0.72
  85  5.5000E+00  4.5131E+03  4.5143E+03   1.000    1.02    1.14   0.902  7.2057E+04    0.71
  86  6.0000E+00  4.7335E+03  4.7346E+03   1.000    0.97    1.09   0.893  6.9801E+04    0.71
  87  6.7000E+00  5.1765E+03  5.1775E+03   1.000    0.92    1.05   0.883  6.6487E+04    0.71
  88  7.4000E+00  5.7676E+03  5.7684E+03   1.000    0.87    1.00   0.872  6.2864E+04    0.71
  89  8.2000E+00  6.5281E+03  6.5287E+03   1.000    0.83    0.97   0.861  5.8250E+04    0.71
  90  9.0000E+00  7.0521E+03  7.0525E+03   1.000    0.80    0.94   0.851  5.3027E+04    0.72
  91  1.0000E+01  7.1336E+03  7.1336E+03   1.000    0.77    0.92   0.842  4.5975E+04    0.72
  92  1.1000E+01  6.9819E+03  6.9817E+03   1.000    0.75    0.90   0.835  3.8842E+04    0.73
  93  1.2000E+01  6.3444E+03  6.3440E+03   1.000    0.74    0.89   0.831  3.1860E+04    0.74
  94  1.3000E+01  5.7251E+03  5.7246E+03   1.000    0.74    0.89   0.831  2.5515E+04    0.76
  95  1.4000E+01  4.6916E+03  4.6912E+03   1.000    0.75    0.90   0.833  1.9790E+04    0.79
  96  1.5000E+01  3.8596E+03  3.8592E+03   1.000    0.77    0.92   0.838  1.5099E+04    0.84
  97  1.6000E+01  2.9051E+03  2.9048E+03   1.000    0.79    0.93   0.845  1.1239E+04    0.90
  98  1.7000E+01  2.1999E+03  2.1997E+03   1.000    0.82    0.96   0.855  8.3338E+03    0.98
  99  1.8000E+01  1.5621E+03  1.5620E+03   1.000    0.86    0.99   0.866  6.1340E+03    1.09
 100  1.9000E+01  1.0248E+03  1.0248E+03   1.000    0.92    1.05   0.879  4.5719E+03    1.24
 101  2.0000E+01  7.4102E+02  7.4102E+02   1.000    1.00    1.12   0.893  3.5471E+03    1.39
 102  2.1000E+01  5.5728E+02  5.5730E+02   1.000    1.09    1.20   0.907  2.8061E+03    1.57
 103  2.2000E+01  4.3048E+02  4.3052E+02   1.000    1.19    1.29   0.920  2.2488E+03    1.76
 104  2.3000E+01  3.1804E+02  3.1809E+02   1.000    1.30    1.39   0.932  1.8183E+03    1.97
 105  2.4000E+01  2.4214E+02  2.4219E+02   1.000    1.43    1.51   0.943  1.5003E+03    2.18
 106  2.5000E+01  1.9964E+02  1.9970E+02   1.000    1.58    1.66   0.953  1.2581E+03    2.39
 107  2.6000E+01  1.5886E+02  1.5891E+02   1.000    1.75    1.82   0.962  1.0585E+03    2.61
 108  2.7000E+01  1.5194E+02  1.5200E+02   1.000    1.96    2.02   0.970  8.9962E+02    2.81
 109  2.8000E+01  1.3250E+02  1.3256E+02   1.000    2.13    2.19   0.976  7.4768E+02    3.05
 110  2.9000E+01  1.1990E+02  1.1996E+02   1.000    2.39    2.44   0.981  6.1518E+02    3.30
 111  3.0000E+01  1.0937E+02  1.0943E+02   0.999    2.71    2.76   0.985  4.9528E+02    3.58
 112  3.1000E+01  1.0331E+02  1.0337E+02   0.999    3.07    3.11   0.989  3.8591E+02    3.88
 113  3.2000E+01  9.2178E+01  9.2234E+01   0.999    3.50    3.54   0.991  2.8260E+02    4.23
 114  3.3000E+01  7.4344E+01  7.4392E+01   0.999    3.99    4.02   0.993  1.9043E+02    4.65
 115  3.4000E+01  5.4372E+01  5.4408E+01   0.999    4.57    4.60   0.995  1.1608E+02    5.12
 116  3.5000E+01  3.8930E+01  3.8956E+01   0.999    5.24    5.25   0.996  6.1710E+01    5.66
 117  3.6000E+01  1.9835E+01  1.9849E+01   0.999    6.01    6.03   0.997  2.2780E+01    6.44
 118  3.7000E+01  2.9450E+00  2.9477E+00   0.999    9.40    9.41   0.998  2.9450E+00    9.40
      3.8000E+01

  INTEGRALS OF SPECTRA
    OLD SPECTRUM   3.5029E+05   ±    0.947 %
    NEW SPECTRUM   3.5033E+05   ±    0.834 %

  SUMMARY OF BROAD-GROUP FLUXES, FLUENCES, AND UNCERTAINTIES

    IRRAD TIME [S] = 7.04179000E+04   ACT NORM =  1.00000000E+00

       ENERGY       FLUX       FLUENCE      STDEV %
      thermal    4.8496E+02  3.4150E+07  ±   1.19     (0.100 meV – 0.550  eV)
     epithermal  8.9373E+03  6.2935E+08  ±   2.36     (0.550  eV – 110.0 keV)
        fast     3.4091E+05  2.4006E+10  ±   0.84     (110.0 keV –  20.0 MeV)
        fast     2.0906E+05  1.4722E+10  ±   0.77     (  1.0 MeV –  20.0 MeV)
        high     3.5471E+03  2.4978E+08  ±   1.39     ( 20.0 MeV –  60.0 MeV)

    MINI-SPECTRUM

       ENERGY       FLUX       FLUENCE      STDEV %
     1.0000E-10  6.5270E+02  4.5962E+07  ±   1.15
     9.2000E-06  3.7599E+01  2.6476E+06  ±   3.74
     9.6000E-04  2.3504E+02  1.6551E+07  ±   5.08
     9.2000E-03  6.5040E+03  4.5800E+08  ±   2.51
     8.8000E-02  3.1323E+04  2.2057E+09  ±   1.82
     3.6000E-01  9.0241E+04  6.3546E+09  ±   1.40
     9.2000E-01  1.1200E+05  7.8869E+09  ±   1.10
     2.3000E+00  6.3360E+04  4.4617E+09  ±   0.88
     1.0000E+01  4.4475E+04  3.1318E+09  ±   0.72
     2.4000E+01  1.5003E+03  1.0565E+08  ±   2.18
     6.0000E+01

       TOTAL     3.5033E+05  2.4669E+10  ±   0.83

    RELATIVE COVARIANCES (10×10)
     1000   217     7     7     7    17    62   127   178    62
     1000   327    43     6     8    22    40    55    19
     1000   515   108    10    17    30    41    14
     1000   628   109    35    59    82    29
     1000   517   120    80   111    39
     1000   626   193   130    49
     1000   574   168    62
     1000   485    66
     1000   211
     1000

  SPECTRAL-AVERAGED REACTION RATES (for all cross section library reactions)

        REACTIONS        SIG-PHI      <SIG>          REACTIONS        SIG-PHI      <SIG>          REACTIONS        SIG-PHI      <SIG>  
   ------------------  ----------  ----------   ------------------  ----------  ----------   ------------------  ----------  ----------
   LI6(N,A)T           4.2311E-19  1.2078E-24   FE58(N,G)FE59       1.2561E-21  3.5854E-27   IN115(N,N')IN115M   4.5122E-20  1.2880E-25
   B10(N,A)LI7         1.3859E-18  3.9559E-24   CO59(N,2N)CO58      2.1899E-20  6.2510E-26   IN115(N,2N)IN114M   4.6926E-20  1.3395E-25
   F19(N,2N)F18        1.4630E-21  4.1761E-27   CO59(N,3N)CO57      4.6261E-22  1.3205E-27   IN115(N,G)IN116M    3.0510E-19  8.7089E-25
   NA23(N,2N)NA22      1.4210E-21  4.0561E-27   CO59(N,G)CO60       1.4012E-20  3.9997E-26   I127(N,2N)I126      5.3618E-20  1.5305E-25
   NA23(N,G)NA24       2.7664E-22  7.8966E-28   CO59(N,P)FE59       2.8793E-21  8.2188E-27   LA139(N,G)LA140     5.2293E-21  1.4927E-26
   MG24(N,P)NA24       9.2251E-21  2.6333E-26   CO59(N,A)MN56       1.2791E-21  3.6512E-27   PR141(N,2N)PR140    5.8934E-20  1.6823E-25
   AL27(N,P)MG27       5.5876E-21  1.5950E-26   NI58(N,2N)NI57      1.1616E-21  3.3158E-27   TM169(N,2N)TM168    8.3431E-20  2.3815E-25
   AL27(N,A)NA24       5.5844E-21  1.5940E-26   NI58(N,P)CO58       4.5077E-20  1.2867E-25   TM169(N,3N)TM167    7.8264E-21  2.2340E-26
   SI28(N,P)AL28       1.5437E-20  4.4065E-26   NI60(N,P)CO60       7.3408E-21  2.0954E-26   TA181(N,G)TA182     5.5743E-20  1.5912E-25
   P31(N,P)SI31        1.2119E-20  3.4593E-26   CU63(N,2N)CU62      1.5388E-20  4.3926E-26   W186(N,G)W187       3.1770E-20  9.0686E-26
   S32(N,P)P32         2.7860E-20  7.9524E-26   CU63(N,G)CU64       5.4562E-21  1.5575E-26   AU197(N,2N)AU196    8.3506E-20  2.3836E-25
   TI46(N,2N)TI45      2.6437E-21  7.5463E-27   CU63(N,A)CO60       2.1406E-21  6.1103E-27   AU197(N,G)AU198     1.1119E-19  3.1740E-25
   TI46(N,P)SC46       1.7306E-20  4.9399E-26   CU65(N,2N)CU64      2.9006E-20  8.2798E-26   HG199(N,N')HG199M   7.2765E-20  2.0770E-25
   TI47(N,P)SC47       1.0137E-20  2.8937E-26   ZN64(N,P)CU64       1.8039E-20  5.1493E-26   PB204(N,N')PB204M   1.2082E-20  3.4489E-26
   TI47(N,X)SC46       2.9419E-21  8.3975E-27   ZN67(N,P)CU67       1.7497E-21  4.9945E-27   BI209(N,3N)BI207    9.3516E-21  2.6694E-26
   TI48(N,P)SC48       2.6299E-21  7.5069E-27   AS75(N,2N)AS74      3.0831E-20  8.8005E-26   TH232(N,FISSION)    3.6940E-20  1.0544E-25
   TI48(N,X)SC47       1.2472E-21  3.5600E-27   Y89(N,2N)Y88        2.7085E-20  7.7314E-26   TH232(N,G)TH233     3.8567E-20  1.1009E-25
   TI49(N,X)SC48       7.7743E-22  2.2192E-27   ZR90(N,2N)ZR89      2.1970E-20  6.2712E-26   U235(N,FISSION)     6.4128E-19  1.8305E-24
   V51(N,A)SC48        6.1114E-22  1.7445E-27   NB93(N,G)NB94       1.1052E-20  3.1547E-26   U235(N,G)U236       6.8527E-20  1.9561E-25
   CR52(N,2N)CR51      1.1096E-20  3.1674E-26   NB93(N,N')NB93M     3.4295E-20  9.7893E-26   U238(N,2N)U237      6.9410E-20  1.9813E-25
   MN55(N,2N)MN54      2.2407E-20  6.3959E-26   NB93(N,2N)NB92M     1.7155E-20  4.8969E-26   U238(N,FISSION)     1.2400E-19  3.5395E-25
   MN55(N,G)MN56       5.3975E-21  1.5407E-26   MO92(N,P)NB92M      6.4654E-21  1.8455E-26   U238(N,G)U239       3.2382E-20  9.2432E-26
   FE54(N,2N)FE53      9.2839E-22  2.6501E-27   RH103(N,N')RH103M   2.0458E-19  5.8397E-25   NP237(N,FISSION)    4.6994E-19  1.3414E-24
   FE54(N,P)MN54       3.6340E-20  1.0373E-25   AG109(N,G)AG110M    7.3689E-21  2.1034E-26   PU239(N,FISSION)    1.0785E-18  3.0786E-24
   FE54(N,A)CR51       4.0907E-21  1.1677E-26   IN113(N,N')IN113M   3.6494E-20  1.0417E-25   AM241(N,FISSION)    4.6754E-19  1.3346E-24
   FE56(N,P)MN56       5.2917E-21  1.5105E-26   IN113(N,G)IN114M    7.6463E-20  2.1826E-25   SC45(N,G)SC46       1.0767E-20  3.0733E-26

  INPUT FLUX REL. CORRELATION MATRIX (by row from diagonal)
   1   1000   990   962   919   863   798   726   651   575   501   431   367   309   257   212   174   142   115    93    76
         62    48    39    31    24    21    17    18    15    16    12    15    14    16    16    21    22    24    25    28
         32    35    38    41    44    47    50    53    56    59    61    64    66    68    70    72    74    74    75    76
         77    78    81    84    87    90    94    98   102   106   109   112   114   116   116   116   115   114   113   113
        113   114   116   118   123   128   133   139   144   148   152   155   156   156   155   152   149   145   140   133
        125   116   108   100    92    84    77    69    64    57    51    45    39    35    30    27    23    15   279   279
        279   279   279   279   279   279   279   279   279   279   279   279   279   279   279   279   279   279   279   279

  OUTPUT FLUX REL. CORRELATION MATRIX (by row from diagonal)
   1   1000   990   960   913   851   778   697   612   527   444   368   298   237   185   142   107    79    57    41    29
         21    13     9     5     2     2     1     3     2     3     1     2     1     2     1     3     3     3     2     2
          3     2     2     2     2     2     2     2     2     2     2     2     2     1     2     2     2     1     0     0
          0     0     1     3     5     8    12    16    21    26    30    36    40    45    48    51    54    56    58    61
         63    66    70    73    78    84    90    96   101   106   110   114   115   116   114   112   109   105   100    94
         87    80    74    68    62    56    51    46    42    38    34    30    26    23    20    18    16    10   221   221
        221   221   221   221   221   221   221   221   221   221   221   221   221   221   221   221   221   221   221   221
   2   1000   990   960   913   852   779   698   613   528   446   369   300   239   187   143   108    80    58    42    31
         20    14     9     5     4     2     4     3     3     1     3     2     2     1     4     4     4     2     3     3
          3     3     3     3     3     3     3     3     3     3     3     3     3     3     3     3     2     1     1     0
          0     2     4     7    11    15    19    24    30    35    41    46    51    54    58    61    63    66    69    71
         74    79    82    88    94   100   107   113   118   123   127   129   129   128   125   122   118   112   105    97
         89    82    76    69    63    57    51    47    43    38    33    29    26    23    20    17    11   247   247   247
        247   247   247   247   247   247   247   247   247   247   247   247   247   247   247   247   247   247   247
   3   1000   990   961   915   853   780   700   615   530   448   372   303   242   190   146   111    82    61    45    31
         21    14     8     7     4     6     4     5     2     3     2     3     2     5     5     5     3     4     5     5
          5     5     5     5     5     5     6     6     6     6     6     6     6     6     6     5     4     4     3     3
          5     8    11    15    19    24    30    36    42    48    54    59    63    67    70    72    75    78    81    84
         89    92    99   106   113   121   127   133   139   143   145   145   144   140   137   132   126   118   109   101
         92    85    78    71    64    58    53    48    42    38    33    29    26    23    20    12   279   279   279   279
        279   279   279   279   279   279   279   279   279   279   279   279   279   279   279   279   279   279
   4   1000   990   961   914   853   780   700   615   530   448   372   302   242   189   146   110    82    61    43    30
         20    12    10     6     7     5     5     2     4     2     3     2     5     5     5     4     4     5     5     5
          5     5     5     5     5     6     6     6     6     6     6     6     6     6     5     4     3     3     3     5
          8    11    15    20    25    31    38    44    51    56    62    66    70    73    76    79    82    85    88    93
         97   104   111   119   127   134   140   146   150   153   153   151   148   144   139   133   125   115   106    97
         90    82    74    68    61    56    50    45    40    35    31    27    24    21    13   294   294   294   294   294
        294   294   294   294   294   294   294   294   294   294   294   294   294   294   294   294   294
   5   1000   990   961   915   853   780   700   615   531   449   372   303   242   190   146   111    83    59    42    29
         19    14     9     9     6     6     3     4     3     4     2     5     5     5     4     4     5     5     5     6
          6     6     6     6     6     6     6     6     6     6     7     6     7     5     4     4     3     3     5     8
         12    16    21    27    33    39    46    53    59    65    69    73    77    80    82    86    89    93    98   102
        109   117   125   133   141   147   153   158   160   161   159   155   151   146   139   131   121   111   102    94
         86    78    71    64    59    53    47    42    37    32    28    25    22    14   308   308   308   308   308   308
        308   308   308   308   308   308   308   308   308   308   308   308   308   308   308   308
   6   1000   990   961   915   853   780   700   615   530   448   372   303   242   189   146   111    81    59    41    27
         20    13    12     8     8     3     5     3     4     3     5     5     5     4     4     5     5     5     5     6
          6     6     6     6     6     6     6     6     6     6     6     6     5     4     3     3     3     5     8    12
         16    21    27    33    40    47    54    60    66    71    75    78    81    84    88    91    95   100   104   112
        120   128   136   144   150   157   162   164   164   163   159   155   150   143   134   124   114   105    96    88
         80    73    65    60    54    48    43    38    33    29    25    22    14   316   316   316   316   316   316   316
        316   316   316   316   316   316   316   316   316   316   316   316   316   316   316
   7   1000   990   961   915   853   780   700   615   530   449   372   303   241   190   146   109    80    57    39    29
         19    16    11     9     5     6     4     4     3     6     5     5     4     4     5     5     6     6     6     6
          6     6     6     6     6     6     6     6     6     6     6     5     4     3     3     3     5     8    12    16
         21    27    34    41    47    55    61    67    72    76    80    83    86    89    93    96   102   106   114   122
        130   139   147   153   160   164   167   167   165   161   158   152   145   136   126   116   106    98    89    81
         74    66    61    55    49    43    38    34    30    26    23    14   321   321   321   321   321   321   321   321
        321   321   321   321   321   321   321   321   321   321   321   321   321   321
   8   1000   990   961   915   853   780   700   615   531   449   372   302   242   190   144   108    79    56    41    28
         23    15    12     7     7     4     5     3     6     6     6     4     5     6     6     6     6     6     6     6
          6     6     6     6     7     6     6     7     7     7     5     5     4     3     4     6     9    13    16    22
         28    34    41    48    56    62    68    73    77    80    84    87    90    93    97   103   107   115   123   131
        140   148   154   161   166   168   169   167   163   159   153   146   137   127   117   107    99    90    82    74
         67    62    56    49    44    39    34    30    26    23    14   324   324   324   324   324   324   324   324   324
        324   324   324   324   324   324   324   324   324   324   324   324   324
   9   1000   990   961   915   853   780   700   616   531   449   372   303   242   188   144   107    77    57    40    31
         21    17     9     9     6     6     4     6     6     6     4     5     6     6     6     6     6     6     6     6
          6     6     6     7     6     6     7     7     7     5     5     4     3     4     6     9    13    16    22    28
         34    41    48    55    61    68    72    77    80    83    86    89    93    96   102   106   114   122   130   139
        147   153   160   164   167   167   165   161   158   152   145   136   126   116   106    98    89    81    74    66
         61    55    49    43    38    34    30    26    23    14   321   321   321   321   321   321   321   321   321   321
        321   321   321   321   321   321   321   321   321   321   321   321
  10   1000   990   961   915   853   780   700   615   531   448   372   303   240   187   142   105    79    56    43    30
         23    14    12     7     7     4     7     6     6     4     5     5     5     5     6     6     6     6     6     6
          6     6     6     6     6     6     6     7     5     4     4     3     3     5     8    12    16    21    27    33
         40    47    54    60    66    70    75    78    81    84    87    90    94   100   104   111   119   127   135   143
        149   156   160   163   163   161   157   154   148   142   133   123   113   104    95    87    79    72    65    60
         54    48    42    37    33    29    25    22    14   313   313   313   313   313   313   313   313   313   313   313
        313   313   313   313   313   313   313   313   313   313   313
  11   1000   990   961   915   853   780   700   615   530   448   372   301   239   186   141   107    78    59    42    31
         20    16    10     8     5     7     6     6     4     5     5     5     5     5     6     6     6     6     6     6
          6     6     6     6     6     6     6     5     4     4     3     3     5     8    12    16    21    26    33    39
         45    52    58    64    68    72    76    79    81    85    88    91    96   100   107   115   123   131   138   144
        151   155   158   158   156   153   149   144   137   129   119   109   101    92    84    77    70    63    58    52
         46    41    36    32    28    24    21    13   303   303   303   303   303   303   303   303   303   303   303   303
        303   303   303   303   303   303   303   303   303   303
  12   1000   990   961   915   853   780   700   615   530   448   370   300   238   184   142   106    81    58    43    28
         22    14    11     7     8     7     6     4     4     5     5     5     5     5     5     5     5     6     6     6
          6     6     6     6     6     6     5     4     4     3     3     5     8    11    15    20    25    31    37    43
         50    56    61    65    69    72    75    78    81    84    87    92    96   103   110   117   125   132   138   144
        148   151   151   149   146   142   137   131   123   113   104    96    88    81    73    67    60    55    50    44
         39    34    30    27    23    20    13   290   290   290   290   290   290   290   290   290   290   290   290   290
        290   290   290   290   290   290   290   290   290
  13   1000   990   961   915   853   780   699   615   530   447   369   299   236   185   141   109    80    59    40    30
         20    15    10    10     8     7     5     5     5     5     5     5     5     5     5     5     6     6     6     6
          6     6     6     6     6     5     4     4     3     4     5     8    11    15    20    24    30    36    42    48
         53    59    62    66    69    72    74    77    80    83    88    91    98   104   111   119   126   131   137   141
        143   143   142   138   135   130   125   117   108    99    91    84    77    70    63    57    53    47    42    37
         33    29    25    22    19    12   275   275   275   275   275   275   275   275   275   275   275   275   275   275
        275   275   275   275   275   275   275   275
  14   1000   990   961   915   853   780   699   615   529   446   368   298   238   185   144   107    81    57    42    29
         21    14    12     9     8     5     5     5     5     5     5     5     5     5     5     5     5     5     5     5
          5     6     6     6     5     4     4     3     3     5     8    11    14    18    23    28    34    39    45    50
         55    58    62    65    67    69    72    74    77    82    85    91    97   104   111   117   122   128   131   133
        134   132   129   126   122   116   109   101    93    85    78    71    65    59    53    49    44    39    35    31
         27    24    21    18    11   257   257   257   257   257   257   257   257   257   257   257   257   257   257   257
        257   257   257   257   257   257   257
  15   1000   990   961   914   853   780   699   614   528   445   367   299   237   187   143   108    78    58    41    30
         20    16    12     9     6     5     5     5     5     5     5     5     5     5     5     5     5     5     5     5
          5     5     6     5     4     4     3     4     5     7    10    13    17    22    27    32    37    42    47    51
         54    58    60    62    64    67    69    72    76    79    84    90    96   103   109   113   118   122   124   124
        122   120   117   113   108   101    93    86    79    72    66    60    55    49    46    41    36    32    28    25
         22    19    17    10   238   238   238   238   238   238   238   238   238   238   238   238   238   238   238   238
        238   238   238   238   238   238
  16   1000   990   961   914   853   780   698   613   527   444   368   298   239   186   143   106    80    57    42    29
         22    16    12     8     6     6     5     5     5     5     5     5     5     5     5     5     5     5     5     5
          5     6     5     4     4     4     4     5     8    10    13    17    21    25    30    34    39    43    48    51
         54    56    58    60    62    64    66    70    73    78    83    89    95   100   104   109   112   114   114   113
        110   107   104    99    93    86    79    73    67    61    55    50    45    42    38    33    30    26    23    20
         18    15    10   220   220   220   220   220   220   220   220   220   220   220   220   220   220   220   220   220
        220   220   220   220   220
  17   1000   990   961   914   853   779   698   612   526   445   367   300   238   187   141   107    79    58    41    30
         22    16    11     8     7     6     5     5     5     4     4     4     5     5     5     5     5     5     5     5
          5     5     4     4     4     4     5     7    10    12    16    19    23    28    32    36    40    44    46    49
         51    53    54    56    58    60    64    66    71    75    81    86    91    95    99   102   103   104   102   100
         98    94    90    84    78    72    66    61    55    50    46    41    38    34    30    27    24    21    18    16
         14     9   199   199   199   199   199   199   199   199   199   199   199   199   199   199   199   199   199   199
        199   199   199   199
  18   1000   990   961   914   852   779   697   612   527   444   369   299   239   185   143   107    79    57    42    30
         22    15    11     8     7     6     5     5     4     4     4     4     4     4     5     5     5     5     5     5
          4     4     4     4     4     5     7     9    11    15    18    21    25    29    33    36    40    42    44    46
         48    49    51    52    54    57    59    64    68    72    77    82    85    89    91    93    93    92    90    88
         85    81    76    70    64    59    54    50    45    41    37    34    31    27    24    21    19    16    14    13
          8   179   179   179   179   179   179   179   179   179   179   179   179   179   179   179   179   179   179   179
        179   179   179
  19   1000   990   961   914   852   778   697   612   527   446   369   300   237   186   142   107    78    58    42    30
         20    15    11     8     6     5     5     4     4     4     4     4     4     4     4     4     4     4     5     4
          4     3     3     3     5     6     8    10    13    16    19    22    26    29    32    35    37    39    41    42
         43    45    46    48    51    53    56    60    64    68    72    75    78    81    82    82    81    79    77    75
         71    67    62    57    52    48    44    40    36    33    30    27    24    21    19    17    15    13    11     7
        158   158   158   158   158   158   158   158   158   158   158   158   158   158   158   158   158   158   158   158
        158   158
  20   1000   990   961   914   852   778   697   612   528   445   369   298   238   185   142   106    80    58    42    29
         21    15    11     8     6     5     5     4     4     4     4     4     4     4     4     4     4     5     4     4
          4     4     4     5     6     8    10    12    15    18    21    24    27    29    32    34    36    37    38    39
         40    42    43    45    47    50    53    57    61    64    67    70    72    73    73    72    71    69    67    64
         60    55    51    47    43    39    36    32    29    27    24    21    19    17    15    13    11    10     6   141
        141   141   141   141   141   141   141   141   141   141   141   141   141   141   141   141   141   141   141   141
        141
  21   1000   990   961   913   851   778   697   613   528   446   368   299   238   186   142   108    80    58    41    29
         21    15    11     8     6     5     5     4     4     4     4     4     4     4     4     5     5     4     4     4
          4     4     5     6     8    10    12    14    17    19    22    24    27    29    30    32    33    34    35    36
         37    38    40    42    45    47    51    54    57    59    62    64    65    65    64    63    61    59    56    53
         49    45    41    38    35    32    29    26    24    21    19    17    15    13    11    10     9     6   126   126
        126   126   126   126   126   126   126   126   126   126   126   126   126   126   126   126   126   126   126   126
  22   1000   990   961   914   852   778   698   613   528   445   369   299   238   185   142   107    79    57    41    29
         20    14    10     7     5     4     4     3     3     3     3     3     3     3     3     3     3     3     2     2
          3     3     4     6     7     9    11    13    15    17    20    21    23    25    26    27    28    28    29    30
         31    33    34    37    39    42    44    47    49    51    52    53    53    53    51    50    48    46    43    40
         37    34    31    29    26    24    21    20    18    16    14    12    11     9     8     7     5   103   103   103
        103   103   103   103   103   103   103   103   103   103   103   103   103   103   103   103   103   103   103
  23   1000   990   961   914   852   779   698   613   527   445   368   299   237   186   142   107    78    57    41    29
         20    14    10     7     5     4     3     3     3     2     2     2     2     3     3     2     2     2     2     2
          3     4     5     6     8     9    11    13    15    17    18    20    21    22    23    24    24    25    26    27
         28    29    31    33    35    38    40    42    43    45    45    45    45    44    43    41    39    37    34    31
         29    27    24    22    20    18    17    15    13    12    10     9     8     7     6     4    88    88    88    88
         88    88    88    88    88    88    88    88    88    88    88    88    88    88    88    88    88    88
  24   1000   990   961   914   852   779   698   613   528   445   368   298   238   185   142   106    78    57    40    28
         19    13     9     6     4     3     2     2     2     2     1     1     2     2     1     1     1     1     1     2
          3     4     5     6     7     9    10    12    13    15    16    17    18    19    19    20    20    21    22    23
         24    25    27    29    31    33    34    35    36    37    37    37    36    35    34    32    30    28    26    24
         22    20    18    16    15    14    12    11    10     8     7     7     6     5     3    71    71    71    71    71
         71    71    71    71    71    71    71    71    71    71    71    71    71    71    71    71    71
  25   1000   990   961   914   852   779   698   613   527   445   368   299   237   185   141   106    78    56    40    28
         19    13     8     5     4     2     1     1     1     1     1     0     1     0     0     0     0     0     1     1
          2     3     4     5     6     8     9    10    11    12    13    14    14    15    15    16    17    17    18    19
         20    21    23    24    26    27    28    29    29    29    29    28    28    27    26    24    22    20    19    17
         16    14    13    12    11    10     9     8     7     6     5     5     4     2    56    56    56    56    56    56
         56    56    56    56    56    56    56    56    56    56    56    56    56    56    56    56
  26   1000   990   961   914   852   779   698   613   528   445   368   299   238   185   141   106    78    56    40    28
         19    13     9     6     4     3     2     2     2     2     1     1     1     1     1     1     1     2     2     3
          4     5     6     7     8     9    10    11    12    13    14    14    14    15    15    16    16    17    18    19
         20    21    23    24    25    26    27    27    27    27    26    26    25    24    22    21    19    17    16    15
         13    12    11    10     9     8     7     6     6     5     4     4     2    53    53    53    53    53    53    53
         53    53    53    53    53    53    53    53    53    53    53    53    53    53    53
  27   1000   990   961   914   852   779   698   613   527   445   368   298   237   185   141   106    78    56    40    28
         19    13     8     6     4     2     2     1     1     1     1     1     0     0     0     1     1     1     2     3
          3     4     5     6     7     8     9    10    10    11    11    12    12    12    13    13    14    14    15    16
         17    19    20    20    21    22    22    22    22    22    21    20    19    18    17    15    14    13    12    11
         10     9     8     7     7     6     5     4     4     3     3     2    43    43    43    43    43    43    43    43
         43    43    43    43    43    43    43    43    43    43    43    43    43    43
  28   1000   990   961   914   852   779   698   613   528   445   369   299   238   186   142   107    79    57    41    29
         20    14    10     7     6     4     4     3     3     3     3     3     3     3     3     3     4     4     5     6
          7     8     9    10    11    11    12    13    13    14    14    14    14    15    15    16    16    17    18    20
         21    22    23    24    24    25    25    25    24    23    23    22    20    19    17    16    15    13    12    11
         10     9     8     7     7     6     5     4     4     3     2    49    49    49    49    49    49    49    49    49
         49    49    49    49    49    49    49    49    49    49    49    49    49
  29   1000   990   961   914   852   779   698   613   528   445   368   299   238   185   142   106    79    57    41    29
         20    14    10     7     5     4     3     3     3     2     2     2     2     2     2     3     3     4     5     5
          6     7     8     9    10    10    11    11    11    12    12    12    13    13    13    14    15    16    17    18
         19    20    20    21    21    21    21    21    20    19    19    17    16    15    14    13    11    10    10     9
          8     7     6     6     5     4     4     3     3     2    42    42    42    42    42    42    42    42    42    42
         42    42    42    42    42    42    42    42    42    42    42    42
  30   1000   990   961   914   852   779   698   613   528   446   369   299   238   186   142   107    79    58    41    29
         21    15    10     8     6     5     4     4     3     3     3     3     3     3     4     4     5     6     7     7
          8     9    10    11    11    12    12    12    13    13    13    13    14    14    15    16    17    18    19    20
         21    22    22    23    23    22    22    21    21    20    18    17    16    14    13    12    11    10     9     8
          8     7     6     5     5     4     4     3     2    44    44    44    44    44    44    44    44    44    44    44
         44    44    44    44    44    44    44    44    44    44    44
  31   1000   990   961   914   852   779   698   613   527   445   368   298   237   185   141   106    78    56    40    28
         19    13     9     6     4     3     2     2     1     1     1     1     1     2     2     3     3     4     5     5
          6     7     7     8     8     9     9     9    10    10    10    11    11    12    12    13    14    15    16    16
         17    18    18    18    18    17    17    16    15    15    13    12    11    10    10     9     8     7     7     6
          5     5     4     4     3     3     2     2    35    35    35    35    35    35    35    35    35    35    35    35
         35    35    35    35    35    35    35    35    35    35
  32   1000   990   961   914   852   779   698   613   528   445   369   299   238   186   142   107    79    57    41    29
         20    14    10     7     6     4     4     3     3     3     3     3     3     4     4     5     6     7     7     8
          9    10    10    11    11    12    12    12    12    13    13    14    14    15    16    17    18    19    20    20
         21    21    21    21    21    20    19    19    17    16    15    14    13    11    10    10     9     8     7     6
          6     5     4     4     3     3     2    42    42    42    42    42    42    42    42    42    42    42    42    42
         42    42    42    42    42    42    42    42    42
  33   1000   990   961   914   852   779   698   613   528   445   368   299   238   185   142   106    78    57    41    28
         20    14    10     7     5     4     3     2     2     2     2     2     3     3     4     5     6     6     7     8
          9     9    10    10    11    11    11    12    12    12    13    13    14    15    16    17    18    19    19    20
         20    20    20    20    19    19    18    17    15    14    13    12    11    10     9     8     8     7     6     5
          5     4     4     3     3     2    40    40    40    40    40    40    40    40    40    40    40    40    40    40
         40    40    40    40    40    40    40    40
  34   1000   990   961   914   852   779   698   613   528   446   369   299   238   186   142   107    79    57    41    29
         21    15    10     8     6     4     3     3     3     3     3     4     4     5     6     7     8     9    10    10
         11    12    12    12    13    13    13    14    14    15    15    16    17    18    19    21    21    22    23    23
         23    23    23    22    21    20    19    18    16    15    14    13    11    10     9     9     8     7     6     5
          5     4     4     3     2    46    46    46    46    46    46    46    46    46    46    46    46    46    46    46
         46    46    46    46    46    46    46
  35   1000   990   961   914   852   779   698   613   528   445   368   299   238   185   142   107    79    57    41    29
         20    14    10     7     5     3     3     2     2     3     3     4     4     5     6     7     8     9    10    11
         11    12    12    12    13    13    13    14    15    15    16    17    18    19    21    21    22    23    23    23
         23    23    22    21    20    19    18    16    15    14    13    11    10     9     9     8     7     6     5     5
          4     4     3     2    45    45    45    45    45    45    45    45    45    45    45    45    45    45    45    45
         45    45    45    45    45    45
  36   1000   990   961   914   852   779   698   614   528   446   370   300   239   187   144   108    80    59    42    31
         22    16    12     9     7     5     5     5     5     6     6     7     8     9    10    11    13    14    15    15
         16    16    17    17    17    18    18    19    20    21    22    24    25    26    28    29    30    30    30    30
         29    28    27    26    25    23    21    19    18    16    15    13    12    11    10     9     8     7     6     5
          5     4     3    59    59    59    59    59    59    59    59    59    59    59    59    59    59    59    59    59
         59    59    59    59    59
  37   1000   990   961   914   852   779   698   614   528   446   370   300   239   187   144   108    80    59    43    31
         22    16    11     8     6     5     5     5     6     6     7     8     9    11    12    13    14    15    16    17
         17    18    18    18    19    19    20    21    22    24    25    27    28    30    31    32    32    32    32    31
         31    29    28    26    24    22    21    19    17    16    14    13    12    11    10     8     7     7     6     5
          4     3    63    63    63    63    63    63    63    63    63    63    63    63    63    63    63    63    63    63
         63    63    63    63
  38   1000   990   961   914   852   779   698   614   529   446   370   300   239   187   144   108    81    59    43    31
         22    16    11     8     7     6     6     6     7     8     9    10    12    13    14    15    17    17    18    19
         19    20    20    21    21    22    23    24    26    28    30    31    33    34    35    35    36    35    34    33
         32    31    29    27    25    23    21    19    17    16    14    13    12    10     9     8     7     6     6     5
          3    69    69    69    69    69    69    69    69    69    69    69    69    69    69    69    69    69    69    69
         69    69    69
  39   1000   990   961   914   852   779   698   613   528   446   369   300   239   186   143   108    80    58    42    30
         21    15    10     7     6     6     6     6     7     8     9    11    12    14    15    16    17    18    19    19
         20    20    21    22    23    23    25    27    28    30    32    33    35    36    36    36    36    35    34    33
         32    30    27    25    23    21    20    18    16    15    13    12    11    10     8     7     6     6     5     3
         71    71    71    71    71    71    71    71    71    71    71    71    71    71    71    71    71    71    71    71
         71    71
  40   1000   990   961   914   852   779   698   613   528   446   370   300   239   187   143   108    80    59    42    30
         21    15    11     8     7     7     7     8     9    11    12    14    15    17    18    19    20    21    21    22
         23    23    24    25    26    28    30    32    34    36    37    39    40    41    41    40    40    39    37    36
         33    31    28    26    24    22    20    18    16    15    14    12    11     9     8     7     6     6     3    79
         79    79    79    79    79    79    79    79    79    79    79    79    79    79    79    79    79    79    79    79
         79
  41   1000   990   961   914   853   779   699   614   529   447   370   301   240   188   144   109    81    59    43    30
         22    16    12    10     9     9    10    11    12    14    16    18    19    21    22    23    24    24    25    26
         26    27    29    30    32    34    36    38    41    42    44    45    46    46    46    45    44    42    40    38
         35    32    29    27    25    23    20    18    17    15    14    12    11     9     8     7     6     4    90    90
         90    90    90    90    90    90    90    90    90    90    90    90    90    90    90    90    90    90    90    90
  42   1000   990   961   914   853   779   699   614   529   447   370   301   240   188   144   109    81    59    43    30
         22    16    13    11    11    11    12    14    15    17    19    21    22    24    25    25    26    27    28    29
         30    31    32    34    37    39    42    44    46    48    49    50    50    50    49    47    46    44    41    38
         35    32    29    27    25    22    20    19    17    15    13    12    10     9     8     7     4    98    98    98
         98    98    98    98    98    98    98    98    98    98    98    98    98    98    98    98    98    98    98
  43   1000   990   961   914   853   780   699   614   529   447   370   301   240   188   145   109    81    59    43    31
         23    17    14    13    13    13    15    16    18    20    22    24    25    27    28    28    29    30    31    32
         34    35    37    40    43    45    48    50    52    54    54    55    54    53    51    50    47    45    41    38
         35    32    29    27    24    22    20    18    16    14    13    11    10     9     7     5   106   106   106   106
        106   106   106   106   106   106   106   106   106   106   106   106   106   106   106   106   106   106
  44   1000   990   961   914   853   780   699   614   529   447   370   301   240   188   144   109    81    59    43    31
         24    19    16    15    15    16    18    20    22    24    26    27    29    30    30    31    32    33    35    36
         38    40    43    46    49    52    54    56    58    59    59    58    57    56    54    51    48    44    41    38
         35    32    29    26    23    22    20    17    15    14    12    10     9     8     5   114   114   114   114   114
        114   114   114   114   114   114   114   114   114   114   114   114   114   114   114   114   114
  45   1000   990   961   914   853   780   699   614   529   447   371   301   240   188   144   109    81    59    44    33
         25    21    19    18    19    20    22    24    26    28    29    31    32    33    34    35    36    37    39    41
         44    46    50    53    56    58    61    63    64    64    63    61    60    58    55    52    48    44    41    37
         34    31    28    25    23    21    19    17    15    13    11    10     9     5   123   123   123   123   123   123
        123   123   123   123   123   123   123   123   123   123   123   123   123   123   123   123
  46   1000   990   961   914   853   780   699   614   529   447   371   301   240   188   144   109    81    60    45    34
         27    23    21    21    22    23    26    27    30    31    33    34    35    36    37    38    40    42    44    47
         50    53    57    60    62    65    67    68    68    67    66    64    62    59    56    51    47    43    40    36
         33    30    27    25    23    20    18    16    14    12    11     9     6   132   132   132   132   132   132   132
        132   132   132   132   132   132   132   132   132   132   132   132   132   132   132
  47   1000   990   961   914   853   780   699   614   529   447   371   301   240   188   144   109    82    61    47    36
         30    26    25    25    26    28    30    32    33    35    36    37    38    40    41    42    45    46    50    53
         57    60    64    67    69    71    73    73    72    70    69    66    63    59    55    50    46    43    39    35
         32    29    27    24    21    19    17    15    13    11    10     6   141   141   141   141   141   141   141   141
        141   141   141   141   141   141   141   141   141   141   141   141   141   141
  48   1000   990   961   914   853   780   699   614   530   448   371   301   240   188   144   110    83    63    49    39
         33    30    29    29    30    32    34    35    37    38    39    40    42    43    45    47    49    53    56    60
         64    68    71    74    76    77    77    76    75    73    70    67    63    58    54    49    45    41    38    34
         31    28    26    23    20    18    16    14    12    10     7   149   149   149   149   149   149   149   149   149
        149   149   149   149   149   149   149   149   149   149   149   149   149
  49   1000   990   961   914   853   780   699   615   530   447   371   301   240   188   145   112    85    65    52    42
         37    34    33    33    34    36    37    39    40    41    42    44    45    47    50    52    55    59    63    68
         71    74    78    80    81    82    81    79    77    74    71    66    61    57    52    48    44    40    36    32
         30    27    24    21    19    16    14    13    11     7   157   157   157   157   157   157   157   157   157   157
        157   157   157   157   157   157   157   157   157   157   157   157
  50   1000   990   961   914   853   780   699   615   530   447   371   301   240   189   147   114    87    68    55    46
         41    38    37    37    39    40    41    42    43    44    46    47    49    52    54    58    62    66    71    75
         78    82    84    85    86    85    83    81    78    74    70    64    59    55    50    46    42    38    34    32
         28    25    22    20    17    15    13    12     7   165   165   165   165   165   165   165   165   165   165   165
        165   165   165   165   165   165   165   165   165   165   165
  51   1000   990   961   914   853   780   699   615   530   447   371   302   241   191   149   116    90    72    59    50
         45    42    41    42    42    43    44    45    46    48    49    51    54    56    60    65    69    74    78    81
         85    88    89    89    88    86    84    81    78    73    67    62    57    52    48    44    40    36    33    30
         26    23    20    18    16    14    12     8   172   172   172   172   172   172   172   172   172   172   172   172
        172   172   172   172   172   172   172   172   172   172
  52   1000   990   961   914   853   780   699   615   530   448   371   303   243   193   151   119    94    76    63    54
         50    47    46    45    46    46    47    48    50    51    53    56    59    63    67    72    77    81    85    89
         91    93    93    92    90    88    85    81    76    70    65    60    55    50    46    41    37    34    31    27
         24    21    19    17    15    13     8   180   180   180   180   180   180   180   180   180   180   180   180   180
        180   180   180   180   180   180   180   180   180
  53   1000   990   961   914   853   780   699   615   530   448   372   304   245   195   154   122    97    79    67    59
         53    50    49    48    48    49    49    51    52    54    58    60    64    69    74    79    84    88    91    94
         96    96    95    93    91    88    84    79    73    67    61    57    52    47    43    38    36    32    28    25
         22    19    17    15    13     8   186   186   186   186   186   186   186   186   186   186   186   186   186   186
        186   186   186   186   186   186   186   186
  54   1000   990   961   914   853   780   699   615   530   449   374   306   247   198   157   125   101    83    71    62
         57    53    51    50    50    51    52    54    56    59    62    66    71    76    81    86    90    94    97    99
         99    98    96    94    91    87    81    75    69    64    58    53    49    44    40    37    33    29    26    23
         20    18    15    14     8   192   192   192   192   192   192   192   192   192   192   192   192   192   192   192
        192   192   192   192   192   192   192
  55   1000   990   961   915   853   780   700   615   531   450   376   308   250   201   161   129   105    87    74    66
         60    56    54    53    53    54    55    57    60    63    68    73    78    84    89    93    97   100   102   103
        102    99    97    94    90    84    78    71    66    60    55    50    46    41    38    34    30    27    24    21
         18    16    14     9   199   199   199   199   199   199   199   199   199   199   199   199   199   199   199   199
        199   199   199   199   199   199
  56   1000   990   961   915   853   780   700   616   532   452   377   311   252   204   164   132   108    90    77    68
         62    58    55    54    55    56    58    61    64    69    74    79    85    90    95    99   102   104   105   104
        101    99    96    92    86    80    73    67    62    57    52    47    42    39    35    31    27    24    21    19
         16    14     9   203   203   203   203   203   203   203   203   203   203   203   203   203   203   203   203   203
        203   203   203   203   203
  57   1000   990   961   915   853   781   701   617   534   454   379   313   255   207   167   136   111    93    79    70
         63    59    57    56    57    58    62    64    69    75    80    86    92    96   101   104   106   107   106   104
        101    98    94    88    81    75    69    63    58    53    48    43    40    36    32    28    25    22    19    17
         15     9   208   208   208   208   208   208   208   208   208   208   208   208   208   208   208   208   208   208
        208   208   208   208
  58   1000   990   961   915   853   781   701   618   534   455   381   314   257   208   168   136   112    92    79    69
         62    58    57    56    57    60    63    68    73    79    85    91    96   100   104   106   107   106   104   101
         98    94    88    81    75    69    64    58    53    48    43    40    36    32    28    25    22    19    17    15
          9   208   208   208   208   208   208   208   208   208   208   208   208   208   208   208   208   208   208   208
        208   208   208
  59   1000   990   961   915   854   781   702   618   535   456   382   315   258   209   169   137   111    92    78    68
         62    58    57    57    60    62    67    72    78    85    90    95   100   104   106   107   106   104   102    99
         94    89    82    76    70    64    58    53    48    43    40    36    32    28    25    22    19    17    15     9
        208   208   208   208   208   208   208   208   208   208   208   208   208   208   208   208   208   208   208   208
        208   208
  60   1000   990   961   915   854   782   702   619   536   456   382   316   258   209   169   136   110    91    77    67
         61    58    57    59    61    66    71    77    84    90    95   100   104   106   107   106   104   102    99    95
         89    82    76    70    64    59    54    49    44    40    36    32    29    25    22    19    17    15     9   209
        209   209   209   209   209   209   209   209   209   209   209   209   209   209   209   209   209   209   209   209
        209
  61   1000   990   961   915   854   782   702   619   536   457   382   316   257   208   167   134   108    89    75    66
         61    58    59    60    64    70    76    82    89    94    99   103   106   107   106   104   102    99    95    89
         83    76    70    65    59    54    49    44    41    36    32    29    25    22    19    17    15     9   210   210
        210   210   210   210   210   210   210   210   210   210   210   210   210   210   210   210   210   210   210   210
  62   1000   990   961   915   854   782   702   619   536   456   382   315   257   206   165   132   106    87    74    66
         61    60    60    64    69    75    82    88    93    99   103   106   107   107   105   103   100    96    90    84
         77    71    66    60    55    50    44    41    37    33    29    26    23    20    17    15     9   212   212   212
        212   212   212   212   212   212   212   212   212   212   212   212   212   212   212   212   212   212   212
  63   1000   990   961   915   854   782   703   620   537   457   382   315   256   206   164   131   106    88    75    67
         64    63    66    70    76    83    89    95   101   105   108   110   110   108   106   103    99    93    86    80
         73    68    62    56    51    46    43    38    34    30    26    23    20    18    16    10   219   219   219   219
        219   219   219   219   219   219   219   219   219   219   219   219   219   219   219   219   219   219
  64   1000   990   961   915   855   783   703   620   537   456   382   314   255   205   164   131   107    89    77    71
         67    69    73    78    85    91    97   103   108   112   113   113   112   110   107   103    97    90    83    76
         70    64    59    53    48    44    40    35    31    28    24    21    19    16    10   228   228   228   228   228
        228   228   228   228   228   228   228   228   228   228   228   228   228   228   228   228   228
  65   1000   990   961   915   855   783   703   620   536   456   381   313   254   204   163   132   108    91    81    75
         74    77    81    88    94   100   106   112   115   117   117   116   114   111   107   101    93    86    80    73
         67    61    56    50    46    42    37    33    29    25    22    19    17    11   238   238   238   238   238   238
        238   238   238   238   238   238   238   238   238   238   238   238   238   238   238   238
  66   1000   990   961   915   854   782   703   619   536   455   380   312   253   204   164   133   110    95    85    82
         82    85    91    97   103   109   115   119   121   121   119   118   115   110   104    97    90    83    76    70
         64    58    52    48    43    38    34    30    26    23    20    18    11   247   247   247   247   247   247   247
        247   247   247   247   247   247   247   247   247   247   247   247   247   247   247
  67   1000   990   961   915   854   782   702   619   535   454   379   312   253   205   166   136   115   100    93    91
         92    97   102   107   114   119   123   126   126   124   123   120   115   109   101    94    87    80    73    67
         61    55    51    45    40    36    31    28    24    21    19    12   260   260   260   260   260   260   260   260
        260   260   260   260   260   260   260   260   260   260   260   260   260   260
  68   1000   990   961   915   854   782   702   618   534   453   379   312   255   207   169   141   120   109   103   101
        104   108   113   119   124   128   130   131   129   128   125   120   114   106    98    90    83    76    70    63
         57    53    47    42    37    33    29    25    22    19    12   272   272   272   272   272   272   272   272   272
        272   272   272   272   272   272   272   272   272   272   272   272   272
  69   1000   990   961   915   854   782   702   618   534   453   379   314   257   211   175   147   130   119   114   114
        116   120   125   130   134   136   136   135   133   130   125   118   110   102    94    87    80    73    66    60
         55    50    44    39    35    30    27    23    20    13   286   286   286   286   286   286   286   286   286   286
        286   286   286   286   286   286   286   286   286   286   286   286
  70   1000   990   961   915   854   781   701   617   534   454   381   316   261   217   182   157   141   131   127   127
        128   132   136   139   141   141   139   138   134   130   123   114   106    98    91    83    76    69    62    58
         52    46    41    36    32    28    24    21    13   299   299   299   299   299   299   299   299   299   299   299
        299   299   299   299   299   299   299   299   299   299   299
  71   1000   990   961   915   854   781   701   618   535   456   384   321   268   224   192   168   153   144   140   138
        140   142   145   146   145   143   142   138   134   126   118   109   101    93    86    78    71    64    60    54
         48    42    37    33    29    25    22    14   310   310   310   310   310   310   310   310   310   310   310   310
        310   310   310   310   310   310   310   310   310   310
  72   1000   990   961   915   854   781   702   619   537   460   389   328   275   235   203   181   166   157   152   151
        151   152   152   151   148   146   142   138   130   121   112   104    96    89    81    74    67    62    56    49
         44    39    34    30    26    23    14   322   322   322   322   322   322   322   322   322   322   322   322   322
        322   322   322   322   322   322   322   322   322
  73   1000   990   961   915   854   782   702   621   540   464   395   334   285   245   215   193   178   167   162   159
        158   156   154   150   148   144   139   131   122   114   105    97    90    82    75    67    63    56    50    45
         39    35    30    27    23    15   328   328   328   328   328   328   328   328   328   328   328   328   328   328
        328   328   328   328   328   328   328   328
  74   1000   990   961   915   854   783   705   624   545   471   402   344   296   257   227   204   188   178   171   166
        162   158   153   150   145   140   133   123   115   106    98    91    83    76    68    64    57    51    45    40
         35    31    27    24    15   335   335   335   335   335   335   335   335   335   335   335   335   335   335   335
        335   335   335   335   335   335   335
  75   1000   990   961   915   855   784   707   627   550   476   410   353   305   266   235   211   195   183   173   166
        160   154   149   144   139   131   122   113   105    97    90    82    75    68    63    57    51    45    40    35
         31    27    24    15   335   335   335   335   335   335   335   335   335   335   335   335   335   335   335   335
        335   335   335   335   335   335
  76   1000   990   961   916   856   786   710   633   555   484   419   362   314   274   242   218   199   185   173   164
        155   149   143   137   129   119   111   103    96    88    81    74    67    63    56    50    45    40    35    31
         27    24    15   334   334   334   334   334   334   334   334   334   334   334   334   334   334   334   334   334
        334   334   334   334   334
  77   1000   990   962   917   858   789   714   637   562   490   426   369   320   278   246   219   199   182   168   156
        148   141   134   125   116   107   100    93    86    79    72    65    61    55    49    44    39    34    30    27
         23    15   330   330   330   330   330   330   330   330   330   330   330   330   330   330   330   330   330   330
        330   330   330   330
  78   1000   990   962   918   859   792   718   642   567   496   431   373   322   281   246   218   195   176   160   149
        139   131   122   112   103    96    89    82    76    70    63    59    54    48    43    38    34    30    26    23
         14   326   326   326   326   326   326   326   326   326   326   326   326   326   326   326   326   326   326   326
        326   326   326
  79   1000   990   963   919   862   794   721   646   571   500   434   374   323   279   243   212   187   166   151   139
        129   118   108    99    92    85    79    73    67    61    58    52    47    42    37    33    29    25    22    14
        321   321   321   321   321   321   321   321   321   321   321   321   321   321   321   321   321   321   321   321
        321   321
  80   1000   991   963   920   863   797   724   649   574   502   434   374   321   275   237   205   178   158   142   129
        117   105    96    88    82    76    70    65    59    56    51    45    41    36    32    28    25    22    14   319
        319   319   319   319   319   319   319   319   319   319   319   319   319   319   319   319   319   319   319   319
        319
  81   1000   991   964   921   865   799   726   650   574   500   432   370   315   268   228   194   169   148   131   117
        104    93    85    79    72    67    62    57    54    49    44    39    35    31    28    24    22    13   317   317
        317   317   317   317   317   317   317   317   317   317   317   317   317   317   317   317   317   317   317   317
  82   1000   991   964   921   865   799   726   649   572   497   428   364   308   259   218   185   159   138   120   104
         92    83    76    70    64    60    54    52    47    43    38    34    31    27    24    21    13   317   317   317
        317   317   317   317   317   317   317   317   317   317   317   317   317   317   317   317   317   317   317
  83   1000   991   964   922   866   799   725   647   569   494   423   358   301   251   211   178   151   128   109    95
         84    76    69    63    58    53    51    47    42    38    34    30    27    24    21    13   324   324   324   324
        324   324   324   324   324   324   324   324   324   324   324   324   324   324   324   324   324   324
  84   1000   991   964   921   864   797   722   643   564   487   415   349   291   242   201   168   140   117    99    86
         76    68    62    57    52    49    45    41    37    33    30    26    24    21    13   327   327   327   327   327
        327   327   327   327   327   327   327   327   327   327   327   327   327   327   327   327   327
  85   1000   991   964   921   864   795   720   640   560   482   410   343   286   237   196   162   133   111    94    81
         72    64    58    53    50    46    41    37    34    30    27    24    21    13   342   342   342   342   342   342
        342   342   342   342   342   342   342   342   342   342   342   342   342   342   342   342
  86   1000   991   964   920   862   793   717   637   556   478   405   339   282   233   191   155   127   106    90    78
         68    61    54    51    47    42    38    34    31    27    24    22    13   359   359   359   359   359   359   359
        359   359   359   359   359   359   359   359   359   359   359   359   359   359   359
  87   1000   991   963   919   861   792   715   634   553   474   402   336   279   229   186   151   124   103    87    75
         66    57    54    48    43    39    35    31    28    25    22    13   379   379   379   379   379   379   379   379
        379   379   379   379   379   379   379   379   379   379   379   379   379   379
  88   1000   991   963   919   860   791   713   632   551   473   400   335   276   225   183   149   122   102    85    73
         63    58    51    45    40    36    32    28    25    23    13   401   401   401   401   401   401   401   401   401
        401   401   401   401   401   401   401   401   401   401   401   401   401
  89   1000   991   963   918   859   789   712   630   549   472   399   332   273   222   180   147   120    99    83    70
         63    55    47    42    37    33    29    26    23    13   421   421   421   421   421   421   421   421   421   421
        421   421   421   421   421   421   421   421   421   421   421   421
  90   1000   990   962   918   859   788   710   629   548   471   397   329   269   219   179   145   118    97    80    70
         59    51    44    38    33    29    26    23    13   437   437   437   437   437   437   437   437   437   437   437
        437   437   437   437   437   437   437   437   437   437   437
  91   1000   990   962   918   858   788   710   630   549   470   395   327   268   219   178   144   117    95    80    67
         56    47    40    35    30    27    23    13   455   455   455   455   455   455   455   455   455   455   455   455
        455   455   455   455   455   455   455   455   455   455
  92   1000   990   962   917   858   788   711   630   548   467   393   326   268   218   176   142   114    95    77    63
         52    44    37    32    27    24    13   468   468   468   468   468   468   468   468   468   468   468   468   468
        468   468   468   468   468   468   468   468   468
  93   1000   990   962   917   858   788   711   629   545   465   391   325   266   216   174   139   114    91    73    59
         48    40    33    28    24    13   475   475   475   475   475   475   475   475   475   475   475   475   475   475
        475   475   475   475   475   475   475   475
  94   1000   990   962   917   858   788   710   627   543   464   390   323   264   214   171   138   110    87    69    55
         44    36    30    25    13   476   476   476   476   476   476   476   476   476   476   476   476   476   476   476
        476   476   476   476   476   476   476
  95   1000   990   962   917   858   787   708   625   542   463   388   321   262   210   170   135   105    82    64    51
         40    32    26    14   470   470   470   470   470   470   470   470   470   470   470   470   470   470   470   470
        470   470   470   470   470   470
  96   1000   990   962   917   858   786   706   624   541   461   387   319   259   210   166   130   101    78    60    47
         36    29    15   459   459   459   459   459   459   459   459   459   459   459   459   459   459   459   459   459
        459   459   459   459   459
  97   1000   990   962   917   856   784   705   623   540   460   385   316   259   207   163   127    97    75    57    44
         34    18   449   449   449   449   449   449   449   449   449   449   449   449   449   449   449   449   449   449
        449   449   449   449
  98   1000   990   962   916   855   784   705   622   539   458   383   317   256   203   159   123    94    71    54    41
         23   434   434   434   434   434   434   434   434   434   434   434   434   434   434   434   434   434   434   434
        434   434   434
  99   1000   990   961   915   855   783   704   621   538   456   383   314   253   200   156   120    91    69    51    31
        416   416   416   416   416   416   416   416   416   416   416   416   416   416   416   416   416   416   416   416
        416   416
 100   1000   990   961   915   855   783   703   620   536   457   381   311   250   197   153   117    88    66    42   391
        391   391   391   391   391   391   391   391   391   391   391   391   391   391   391   391   391   391   391   391
        391
 101   1000   990   961   915   855   783   703   619   536   455   378   309   247   195   151   115    86    58   361   361
        361   361   361   361   361   361   361   361   361   361   361   361   361   361   361   361   361   361   361   361
 102   1000   990   961   915   855   783   702   620   535   453   376   307   245   193   149   113    79   333   333   333
        333   333   333   333   333   333   333   333   333   333   333   333   333   333   333   333   333   333   333
 103   1000   990   961   915   855   782   703   619   534   452   375   305   244   191   147   106   307   307   307   307
        307   307   307   307   307   307   307   307   307   307   307   307   307   307   307   307   307   307
 104   1000   990   961   915   854   782   702   617   533   450   373   304   242   190   141   283   283   283   283   283
        283   283   283   283   283   283   283   283   283   283   283   283   283   283   283   283   283
 105   1000   990   961   915   854   782   701   617   532   449   372   303   242   185   260   260   260   260   260   260
        260   260   260   260   260   260   260   260   260   260   260   260   260   260   260   260
 106   1000   990   961   915   854   781   701   616   531   448   372   302   237   237   237   237   237   237   237   237
        237   237   237   237   237   237   237   237   237   237   237   237   237   237   237
 107   1000   990   961   915   854   781   700   615   530   448   371   298   216   216   216   216   216   216   216   216
        216   216   216   216   216   216   216   216   216   216   216   216   216   216
 108   1000   990   961   915   853   780   700   615   530   447   367   195   195   195   195   195   195   195   195   195
        195   195   195   195   195   195   195   195   195   195   195   195   195
 109   1000   990   961   914   853   780   699   614   529   444   181   181   181   181   181   181   181   181   181   181
        181   181   181   181   181   181   181   181   181   181   181   181
 110   1000   990   961   914   853   780   699   614   526   163   163   163   163   163   163   163   163   163   163   163
        163   163   163   163   163   163   163   163   163   163   163
 111   1000   990   961   914   853   780   699   612   145   145   145   145   145   145   145   145   145   145   145   145
        145   145   145   145   145   145   145   145   145   145
 112   1000   990   961   914   853   779   697   129   129   129   129   129   129   129   129   129   129   129   129   129
        129   129   129   129   129   129   129   129   129
 113   1000   990   961   914   853   778   114   114   114   114   114   114   114   114   114   114   114   114   114   114
        114   114   114   114   114   114   114   114
 114   1000   990   961   914   851   101   101   101   101   101   101   101   101   101   101   101   101   101   101   101
        101   101   101   101   101   101   101
 115   1000   990   961   913    88    88    88    88    88    88    88    88    88    88    88    88    88    88    88    88
         88    88    88    88    88    88
 116   1000   990   960    78    78    78    78    78    78    78    78    78    78    78    78    78    78    78    78    78
         78    78    78    78    78
 117   1000   990    68    68    68    68    68    68    68    68    68    68    68    68    68    68    68    68    68    68
         68    68    68    68
 118   1000    42    42    42    42    42    42    42    42    42    42    42    42    42    42    42    42    42    42    42
         42    42    42
 119   1000  1000  1000  1000  1000  1000  1000  1000  1000  1000  1000  1000  1000  1000  1000  1000  1000  1000  1000  1000
       1000  1000
 120   1000  1000  1000  1000  1000  1000  1000  1000  1000  1000  1000  1000  1000  1000  1000  1000  1000  1000  1000  1000
       1000
 121   1000  1000  1000  1000  1000  1000  1000  1000  1000  1000  1000  1000  1000  1000  1000  1000  1000  1000  1000  1000
 122   1000  1000  1000  1000  1000  1000  1000  1000  1000  1000  1000  1000  1000  1000  1000  1000  1000  1000  1000
 123   1000  1000  1000  1000  1000  1000  1000  1000  1000  1000  1000  1000  1000  1000  1000  1000  1000  1000
 124   1000  1000  1000  1000  1000  1000  1000  1000  1000  1000  1000  1000  1000  1000  1000  1000  1000
 125   1000  1000  1000  1000  1000  1000  1000  1000  1000  1000  1000  1000  1000  1000  1000  1000
 126   1000  1000  1000  1000  1000  1000  1000  1000  1000  1000  1000  1000  1000  1000  1000
 127   1000  1000  1000  1000  1000  1000  1000  1000  1000  1000  1000  1000  1000  1000
 128   1000  1000  1000  1000  1000  1000  1000  1000  1000  1000  1000  1000  1000
 129   1000  1000  1000  1000  1000  1000  1000  1000  1000  1000  1000  1000
 130   1000  1000  1000  1000  1000  1000  1000  1000  1000  1000  1000
 131   1000  1000  1000  1000  1000  1000  1000  1000  1000  1000
 132   1000  1000  1000  1000  1000  1000  1000  1000  1000
 133   1000  1000  1000  1000  1000  1000  1000  1000
 134   1000  1000  1000  1000  1000  1000  1000
 135   1000  1000  1000  1000  1000  1000
 136   1000  1000  1000  1000  1000
 137   1000  1000  1000  1000
 138   1000  1000  1000
 139   1000  1000
 140   1000

 Finished!
