88" 33MeV Deuteron breakup on Ta, ETA
  140    6    1    0    1
   0.00500  10.00000   0.00500   0.00100
   0.0000000   0   0 7.04179000E+04   1.0000000
AL27P    6.789E-21 0.029       0.00       0.00        (    )
AL27A    5.479E-21 0.010       0.00       0.00        (    )
NI582    1.046E-21 0.013       0.00       0.00        (    )
IN115N   4.245E-20 0.010       0.00       0.00        (    )
AU197G   7.121E-20 0.016       0.00 AUNG  3.94 IFX    (ISTP)
IN115G   8.701E-20 0.017       0.00 INNG 40.39 IFX    (ISTP)
Flux Uncertainty From MCNP Calculations
 140
 2.4100E-02 1.6900E-02 1.3500E-02 1.0900E-02 9.1000E-03 8.0000E-03 7.7000E-03
 7.6000E-03 7.6000E-03 7.7000E-03 7.9000E-03 8.6000E-03 1.1300E-02 1.7700E-02
 2.8300E-02 4.2600E-02 5.9000E-02 7.7200E-02 9.6100E-02 1.1630E-01 1.3860E-01
 1.6340E-01 1.9020E-01 2.1790E-01 2.4400E-01 2.6680E-01 2.8530E-01 2.9860E-01
 3.0720E-01 3.1190E-01 3.1400E-01 3.1510E-01 3.1610E-01 3.1870E-01 3.2360E-01
 3.3150E-01 3.4260E-01 3.5730E-01 3.7540E-01 3.9650E-01 4.2040E-01 4.4630E-01
 4.7370E-01 5.0170E-01 5.2940E-01 5.5630E-01 5.8120E-01 6.0360E-01 6.2300E-01
 6.3840E-01 6.5000E-01 6.5730E-01 6.5960E-01 6.5700E-01 6.4980E-01 6.3720E-01
 6.1970E-01 5.9670E-01 5.6860E-01 5.3570E-01 4.9840E-01 4.5670E-01 4.1220E-01
 3.6540E-01 3.1730E-01 2.6950E-01 2.2340E-01 1.8020E-01 1.4080E-01 1.0650E-01
 7.7900E-02 5.5000E-02 3.7700E-02 2.5400E-02 1.7500E-02 1.2800E-02 1.0700E-02
 9.8000E-03 9.4000E-03 9.3000E-03 9.3000E-03 9.3000E-03 9.5000E-03 9.3000E-03
 8.9000E-03 8.3000E-03 7.7000E-03 7.2000E-03 6.8000E-03 6.5000E-03 6.4000E-03
 6.3000E-03 6.3000E-03 6.3000E-03 6.5000E-03 6.8000E-03 7.0000E-03 7.2000E-03
 7.3000E-03 7.7000E-03 8.1000E-03 8.9000E-03 1.1600E-02 1.8100E-02 3.0800E-02
 5.0900E-02 8.1300E-02 1.2400E-01 1.8030E-01 2.5010E-01 3.3010E-01 4.1600E-01
 5.0150E-01 5.8160E-01 6.5310E-01 7.1290E-01 7.6240E-01 8.0200E-01 8.3310E-01
 8.5730E-01 8.7680E-01 8.9220E-01 9.0440E-01 9.1480E-01 9.2360E-01 9.3110E-01
 9.3740E-01 9.4220E-01 9.4720E-01 9.5190E-01 9.5620E-01 9.5970E-01 9.6350E-01
 9.6730E-01 9.7100E-01 9.7440E-01 9.7770E-01 9.8080E-01 9.8430E-01 9.8700E-01
 Input Flux Spectrum from MCNP Simulation
 140   0 1.200E+10 2.000E+01 5.000E-08
 1.6532E-09 2.5582E-09 3.7345E-09 5.1773E-09 6.8059E-09 8.4536E-09 9.8514E-09
 1.0583E-08 1.0338E-08 9.5818E-09 8.5270E-09 7.2083E-09 5.6526E-09 3.9238E-09
 2.1221E-09 9.4941E-10 7.0982E-10 5.5431E-10 4.5676E-10 3.9926E-10 3.7024E-10
 3.6280E-10 3.7319E-10 3.9961E-10 4.4138E-10 4.9787E-10 5.6870E-10 6.5295E-10
 7.4908E-10 8.5534E-10 9.6937E-10 1.1277E-09 1.7041E-09 2.2327E-09 2.7157E-09
 3.1565E-09 3.5571E-09 3.9207E-09 4.2486E-09 4.5427E-09 4.8048E-09 5.0379E-09
 5.2432E-09 5.4287E-09 5.5954E-09 5.7541E-09 5.9138E-09 6.0829E-09 6.2798E-09
 6.5223E-09 6.8358E-09 7.2498E-09 7.8040E-09 8.5455E-09 9.5392E-09 1.0862E-08
 1.2613E-08 1.4926E-08 1.7953E-08 2.1906E-08 2.7033E-08 3.3645E-08 4.2117E-08
 5.2825E-08 6.6220E-08 8.2675E-08 1.0255E-07 1.2582E-07 1.5265E-07 1.8262E-07
 2.1523E-07 2.4982E-07 2.8583E-07 3.2270E-07 3.5998E-07 3.9755E-07 4.3525E-07
 4.7260E-07 5.0937E-07 5.4467E-07 5.7760E-07 6.0797E-07 6.3496E-07 6.5763E-07
 6.7488E-07 6.8483E-07 6.8583E-07 6.7600E-07 6.5399E-07 6.1982E-07 5.7438E-07
 5.1968E-07 4.5878E-07 3.9468E-07 3.3022E-07 2.6837E-07 2.1203E-07 1.6342E-07
 1.2383E-07 9.3308E-08 7.0619E-08 5.4005E-08 4.1604E-08 3.1815E-08 2.3555E-08
 1.6275E-08 9.8050E-09 4.1297E-09 4.1432E-10 1.2726E-10 5.3043E-11 2.8787E-11
 1.9480E-11 1.5752E-11 1.4623E-11 1.5049E-11 1.6647E-11 1.9325E-11 2.3077E-11
 2.7939E-11 3.3948E-11 4.1089E-11 4.9354E-11 5.8682E-11 6.9049E-11 8.0455E-11
 9.2967E-11 1.0675E-10 1.2207E-10 1.3932E-10 1.5903E-10 1.8193E-10 2.0890E-10
 2.4108E-10 2.7971E-10 3.2629E-10 3.8258E-10 4.5023E-10 5.3097E-10 6.2622E-10
   17   15    9    9    9   10    7   14   14   36



                         ==============================
                               STAYSL PNNL OUTPUT
                         ==============================

 STAYSL PNNL, version 1.2.0, 2015-08-05


 SCENARIO TITLE: 88" 33MeV Deuteron breakup on Ta, ETA
 -------------------------------------------------------------------------------
  NGROUP =   140    NRXN =     6    ACTIVITY NORM = 1.00000E+00

  COVARIANCE PARAMETERS (FCHN, FCVX, ACVX, FS)
    FLUXES:      WIDTH =  1.0000E+01   LONG RANGE COVAR. =  5.0000E-03
            ACTIVITIES =  5.0000E-03   X-SECT CROSS COR. =  1.0000E-03

    DETERM =   4.0167 × 10^   5.00      ERROR =   8.6967E-17

  INPUT NORMALIZATION DATA
    AK1   =     0.00000     VAK        =     0.00003
    NORML =           0     RENORM     = 9.99979E-01
    CHI²  =     0.09728     NORM. CHI² =     0.01946

  DOSIMETRY ACTIVITIES
     ———— INPUTS —————  -UNADJUSTED FLUX-  — ADJUSTED FLUX —    CHI²  90% ACTIVITIES RANGE
 RXN  MEASURED     ±%   ACTIVITY    %DIFF  ACTIVITY    %DIFF  CONTRIB --LOW E-- --HIGH E--   REACTION          CVR
  1  6.789E-21    2.90  6.857E-21    1.00  6.857E-21    1.00    0.086  5.00E+00  1.60E+01  AL27(N,P)MG27           
  2  5.479E-21    1.00  5.474E-21   -0.10  5.474E-21   -0.09    0.009  7.40E+00  1.70E+01  AL27(N,A)NA24           
  3  1.046E-21    1.30  1.047E-21    0.05  1.047E-21    0.06    0.001  1.30E+01  2.40E+01  NI58(N,2N)NI57          
  4  4.245E-20    1.00  4.243E-20   -0.06  4.243E-20   -0.06    0.001  1.60E+00  1.10E+01  IN115(N,N')IN115M       
  5  7.121E-20    1.60  7.120E-20   -0.01  7.120E-20   -0.01    0.000  1.00E-10  2.55E-01  AU197(N,G)AU198         
  6  8.701E-20    1.70  8.703E-20    0.02  8.703E-20    0.02    0.000  1.00E-09  1.20E+00  IN115(N,G)IN116M        

             % STD. DEV.  =          0.45               0.45

                              CHECK INPUT, IT IS RATHER UNLIKELY !
                                   *** BEWARE OF OUTPUT ! ***


  DIFFERENTIAL FLUXES (input is normalized by a factor of 9.9998E-01)
                  —————— DIFFERENTIAL FLUX —————   ———— STD. DEV. % ————   INTEGRAL
 GRP    ENERGY        NEW         OLD      RATIO    NEW     OLD    RATIO   FLUX > E     ± %
   1  1.0000E-10  2.2042E+10  2.2042E+10   1.000    2.26    2.46   0.917  1.7806E+05    1.80
   2  1.0000E-09  3.4109E+09  3.4109E+09   1.000    1.59    1.76   0.900  1.7804E+05    1.80
   3  1.0000E-08  3.4472E+09  3.4472E+09   1.000    1.27    1.44   0.885  1.7801E+05    1.80
   4  2.3000E-08  2.3010E+09  2.3010E+09   1.000    1.05    1.20   0.872  1.7796E+05    1.80
   5  5.0000E-08  3.1411E+09  3.1411E+09   1.000    0.89    1.04   0.861  1.7790E+05    1.80
   6  7.6000E-08  2.6011E+09  2.6011E+09   1.000    0.80    0.94   0.853  1.7782E+05    1.80
   7  1.1500E-07  2.1494E+09  2.1494E+09   1.000    0.78    0.92   0.849  1.7772E+05    1.80
   8  1.7000E-07  1.4940E+09  1.4940E+09   1.000    0.77    0.91   0.848  1.7760E+05    1.81
   9  2.5500E-07  9.9243E+08  9.9243E+08   1.000    0.77    0.91   0.849  1.7747E+05    1.81
  10  3.8000E-07  6.7635E+08  6.7635E+08   1.000    0.78    0.92   0.851  1.7735E+05    1.81
  11  5.5000E-07  3.5283E+08  3.5283E+08   1.000    0.80    0.93   0.855  1.7723E+05    1.81
  12  8.4000E-07  1.9885E+08  1.9885E+08   1.000    0.86    0.99   0.862  1.7713E+05    1.81
  13  1.2750E-06  1.0853E+08  1.0853E+08   1.000    1.08    1.24   0.874  1.7704E+05    1.81
  14  1.9000E-06  5.2316E+07  5.2316E+07   1.000    1.64    1.84   0.891  1.7697E+05    1.81
  15  2.8000E-06  1.7562E+07  1.7562E+07   1.000    2.60    2.87   0.906  1.7693E+05    1.81
  16  4.2500E-06  5.5573E+06  5.5574E+06   1.000    3.94    4.29   0.918  1.7690E+05    1.81
  17  6.3000E-06  2.9371E+06  2.9371E+06   1.000    5.49    5.92   0.927  1.7689E+05    1.81
  18  9.2000E-06  1.5469E+06  1.5469E+06   1.000    7.23    7.74   0.935  1.7688E+05    1.81
  19  1.3500E-05  7.3081E+05  7.3080E+05   1.000    9.06    9.62   0.942  1.7688E+05    1.81
  20  2.1000E-05  5.3236E+05  5.3234E+05   1.000   11.02   11.64   0.947  1.7687E+05    1.81
  21  3.0000E-05  2.9621E+05  2.9619E+05   1.000   13.19   13.87   0.951  1.7686E+05    1.81
  22  4.5000E-05  1.8141E+05  1.8140E+05   1.000   15.59   16.35   0.954  1.7686E+05    1.81
  23  6.9000E-05  1.4448E+05  1.4446E+05   1.000   18.18   19.03   0.956  1.7686E+05    1.81
  24  1.0000E-04  1.3703E+05  1.3701E+05   1.000   20.85   21.80   0.957  1.7685E+05    1.81
  25  1.3500E-04  1.5136E+05  1.5133E+05   1.000   23.36   24.40   0.957  1.7685E+05    1.81
  26  1.7000E-04  1.1951E+05  1.1949E+05   1.000   25.52   26.68   0.956  1.7684E+05    1.81
  27  2.2000E-04  1.1377E+05  1.1374E+05   1.000   27.26   28.53   0.955  1.7684E+05    1.81
  28  2.8000E-04  9.7968E+04  9.7940E+04   1.000   28.47   29.86   0.953  1.7683E+05    1.81
  29  3.6000E-04  9.9904E+04  9.9875E+04   1.000   29.23   30.72   0.951  1.7682E+05    1.81
  30  4.5000E-04  8.2134E+04  8.2111E+04   1.000   29.60   31.19   0.949  1.7681E+05    1.81
  31  5.7500E-04  6.2894E+04  6.2877E+04   1.000   29.72   31.40   0.946  1.7680E+05    1.82
  32  7.6000E-04  6.7678E+04  6.7661E+04   1.000   29.75   31.51   0.944  1.7679E+05    1.82
  33  9.6000E-04  6.4932E+04  6.4917E+04   1.000   29.77   31.61   0.942  1.7678E+05    1.82
  34  1.2750E-03  8.2453E+04  8.2436E+04   1.000   29.96   31.87   0.940  1.7676E+05    1.82
  35  1.6000E-03  8.1483E+04  8.1469E+04   1.000   30.38   32.36   0.939  1.7673E+05    1.82
  36  2.0000E-03  5.4118E+04  5.4110E+04   1.000   31.10   33.15   0.938  1.7670E+05    1.82
  37  2.7000E-03  6.0984E+04  6.0978E+04   1.000   32.14   34.26   0.938  1.7666E+05    1.82
  38  3.4000E-03  4.2773E+04  4.2770E+04   1.000   33.54   35.73   0.939  1.7662E+05    1.82
  39  4.5000E-03  5.0983E+04  5.0982E+04   1.000   35.28   37.54   0.940  1.7657E+05    1.82
  40  5.5000E-03  3.2064E+04  3.2065E+04   1.000   37.33   39.65   0.941  1.7652E+05    1.82
  41  7.2000E-03  2.8826E+04  2.8828E+04   1.000   39.67   42.04   0.944  1.7646E+05    1.82
  42  9.2000E-03  2.1588E+04  2.1591E+04   1.000   42.22   44.63   0.946  1.7641E+05    1.82
  43  1.2000E-02  2.0968E+04  2.0972E+04   1.000   44.93   47.37   0.949  1.7635E+05    1.82
  44  1.5000E-02  1.6282E+04  1.6286E+04   1.000   47.72   50.17   0.951  1.7628E+05    1.82
  45  1.9000E-02  1.0327E+04  1.0330E+04   1.000   50.50   52.94   0.954  1.7622E+05    1.82
  46  2.5500E-02  1.0619E+04  1.0623E+04   1.000   53.20   55.63   0.956  1.7615E+05    1.82
  47  3.2000E-02  8.8672E+03  8.8705E+03   1.000   55.72   58.12   0.959  1.7608E+05    1.82
  48  4.0000E-02  5.8371E+03  5.8395E+03   1.000   57.99   60.36   0.961  1.7601E+05    1.82
  49  5.2500E-02  5.5795E+03  5.5819E+03   1.000   59.96   62.30   0.962  1.7594E+05    1.81
  50  6.6000E-02  3.5560E+03  3.5575E+03   1.000   61.53   63.84   0.964  1.7586E+05    1.81
  51  8.8000E-02  3.7269E+03  3.7285E+03   1.000   62.72   65.00   0.965  1.7578E+05    1.81
  52  1.1000E-01  3.4783E+03  3.4798E+03   1.000   63.47   65.73   0.966  1.7570E+05    1.80
  53  1.3500E-01  3.7443E+03  3.7458E+03   1.000   63.72   65.96   0.966  1.7561E+05    1.79
  54  1.6000E-01  3.4168E+03  3.4181E+03   1.000   63.47   65.70   0.966  1.7552E+05    1.79
  55  1.9000E-01  3.8143E+03  3.8156E+03   1.000   62.75   64.98   0.966  1.7542E+05    1.77
  56  2.2000E-01  3.7230E+03  3.7240E+03   1.000   61.49   63.72   0.965  1.7530E+05    1.76
  57  2.5500E-01  4.3235E+03  4.3244E+03   1.000   59.74   61.97   0.964  1.7517E+05    1.74
  58  2.9000E-01  5.9696E+03  5.9703E+03   1.000   57.45   59.67   0.963  1.7502E+05    1.72
  59  3.2000E-01  5.3857E+03  5.3858E+03   1.000   54.67   56.86   0.961  1.7484E+05    1.69
  60  3.6000E-01  6.5723E+03  6.5717E+03   1.000   51.43   53.57   0.960  1.7463E+05    1.66
  61  4.0000E-01  6.4891E+03  6.4878E+03   1.000   47.77   49.84   0.958  1.7437E+05    1.62
  62  4.5000E-01  8.0772E+03  8.0746E+03   1.000   43.70   45.67   0.957  1.7404E+05    1.57
  63  5.0000E-01  1.0112E+04  1.0108E+04   1.000   39.38   41.22   0.955  1.7364E+05    1.51
  64  5.5000E-01  1.2684E+04  1.2678E+04   1.000   34.85   36.54   0.954  1.7313E+05    1.43
  65  6.0000E-01  1.3251E+04  1.3244E+04   1.001   30.22   31.73   0.952  1.7250E+05    1.35
  66  6.6000E-01  1.6544E+04  1.6535E+04   1.001   25.63   26.95   0.951  1.7170E+05    1.26
  67  7.2000E-01  2.0520E+04  2.0510E+04   1.001   21.22   22.35   0.950  1.7071E+05    1.16
  68  7.8000E-01  2.5176E+04  2.5163E+04   1.000   17.09   18.03   0.948  1.6948E+05    1.06
  69  8.4000E-01  2.2906E+04  2.2897E+04   1.000   13.34   14.09   0.947  1.6797E+05    0.96
  70  9.2000E-01  2.7401E+04  2.7392E+04   1.000   10.07   10.66   0.945  1.6614E+05    0.88
  71  1.0000E+00  1.2917E+04  1.2914E+04   1.000    7.36    7.81   0.943  1.6394E+05    0.80
  72  1.2000E+00  1.4991E+04  1.4989E+04   1.000    5.19    5.52   0.940  1.6136E+05    0.75
  73  1.4000E+00  1.7151E+04  1.7149E+04   1.000    3.56    3.80   0.935  1.5836E+05    0.71
  74  1.6000E+00  1.9363E+04  1.9362E+04   1.000    2.40    2.59   0.929  1.5493E+05    0.68
  75  1.8000E+00  2.1599E+04  2.1598E+04   1.000    1.67    1.82   0.920  1.5106E+05    0.67
  76  2.0000E+00  1.5902E+04  1.5902E+04   1.000    1.25    1.37   0.910  1.4674E+05    0.66
  77  2.3000E+00  1.7410E+04  1.7410E+04   1.000    1.07    1.18   0.902  1.4197E+05    0.66
  78  2.6000E+00  1.8904E+04  1.8904E+04   1.000    0.99    1.10   0.897  1.3675E+05    0.66
  79  2.9000E+00  1.5281E+04  1.5281E+04   1.000    0.95    1.06   0.892  1.3107E+05    0.65
  80  3.3000E+00  1.6340E+04  1.6340E+04   1.000    0.94    1.06   0.888  1.2496E+05    0.65
  81  3.7000E+00  1.7327E+04  1.7328E+04   1.000    0.93    1.06   0.884  1.1843E+05    0.65
  82  4.1000E+00  1.8238E+04  1.8239E+04   1.000    0.93    1.06   0.879  1.1150E+05    0.65
  83  4.5000E+00  1.5238E+04  1.5239E+04   1.000    0.94    1.07   0.873  1.0420E+05    0.64
  84  5.0000E+00  1.5782E+04  1.5783E+04   1.000    0.91    1.06   0.865  9.6581E+04    0.64
  85  5.5000E+00  1.6197E+04  1.6197E+04   1.000    0.87    1.02   0.854  8.8689E+04    0.63
  86  6.0000E+00  1.1740E+04  1.1740E+04   1.000    0.82    0.97   0.842  8.0591E+04    0.62
  87  6.7000E+00  1.1757E+04  1.1757E+04   1.000    0.76    0.92   0.829  7.2373E+04    0.62
  88  7.4000E+00  1.0140E+04  1.0140E+04   1.000    0.72    0.88   0.817  6.4144E+04    0.62
  89  8.2000E+00  9.8098E+03  9.8096E+03   1.000    0.68    0.84   0.806  5.6032E+04    0.62
  90  9.0000E+00  7.4379E+03  7.4377E+03   1.000    0.65    0.82   0.797  4.8184E+04    0.63
  91  1.0000E+01  6.8926E+03  6.8924E+03   1.000    0.64    0.81   0.791  4.0746E+04    0.64
  92  1.1000E+01  6.2363E+03  6.2360E+03   1.000    0.63    0.80   0.788  3.3853E+04    0.67
  93  1.2000E+01  5.5055E+03  5.5052E+03   1.000    0.63    0.80   0.787  2.7617E+04    0.70
  94  1.3000E+01  4.7363E+03  4.7361E+03   1.000    0.63    0.80   0.789  2.2112E+04    0.75
  95  1.4000E+01  3.9627E+03  3.9626E+03   1.000    0.65    0.82   0.794  1.7375E+04    0.81
  96  1.5000E+01  3.2205E+03  3.2204E+03   1.000    0.68    0.84   0.802  1.3413E+04    0.90
  97  1.6000E+01  2.5444E+03  2.5443E+03   1.000    0.70    0.86   0.811  1.0192E+04    1.03
  98  1.7000E+01  1.9611E+03  1.9610E+03   1.000    0.72    0.88   0.821  7.6476E+03    1.20
  99  1.8000E+01  1.4860E+03  1.4859E+03   1.000    0.74    0.88   0.831  5.6866E+03    1.45
 100  1.9000E+01  1.1197E+03  1.1197E+03   1.000    0.77    0.92   0.844  4.2006E+03    1.79
 101  2.0000E+01  8.4742E+02  8.4741E+02   1.000    0.82    0.95   0.856  3.0809E+03    2.26
 102  2.1000E+01  6.4805E+02  6.4805E+02   1.000    0.89    1.02   0.871  2.2335E+03    2.92
 103  2.2000E+01  4.9923E+02  4.9924E+02   1.000    1.13    1.26   0.891  1.5854E+03    3.89
 104  2.3000E+01  3.8176E+02  3.8177E+02   1.000    1.72    1.88   0.915  1.0862E+03    5.35
 105  2.4000E+01  2.8263E+02  2.8265E+02   1.000    2.92    3.12   0.934  7.0444E+02    7.67
 106  2.5000E+01  1.9526E+02  1.9530E+02   1.000    4.85    5.11   0.948  4.2182E+02   11.72
 107  2.6000E+01  1.1762E+02  1.1766E+02   1.000    7.81    8.15   0.958  2.2656E+02   19.95
 108  2.7000E+01  4.9528E+01  4.9555E+01   0.999   11.99   12.41   0.967  1.0894E+02   39.11
 109  2.8000E+01  4.9677E+00  4.9717E+00   0.999   17.56   18.04   0.974  5.9416E+01   70.48
 110  2.9000E+01  1.5254E+00  1.5271E+00   0.999   24.50   25.01   0.979  5.4448E+01   76.83
 111  3.0000E+01  6.3566E-01  6.3650E-01   0.999   32.50   33.01   0.984  5.2922E+01   79.02
 112  3.1000E+01  3.4491E-01  3.4544E-01   0.998   41.12   41.60   0.988  5.2287E+01   79.96
 113  3.2000E+01  2.3337E-01  2.3376E-01   0.998   49.73   50.15   0.991  5.1942E+01   80.47
 114  3.3000E+01  1.8870E-01  1.8902E-01   0.998   57.81   58.16   0.994  5.1708E+01   80.82
 115  3.4000E+01  1.7519E-01  1.7547E-01   0.998   65.04   65.31   0.996  5.1520E+01   81.10
 116  3.5000E+01  1.8031E-01  1.8058E-01   0.998   71.09   71.29   0.997  5.1345E+01   81.36
 117  3.6000E+01  1.9949E-01  1.9976E-01   0.999   76.09   76.24   0.998  5.1164E+01   81.62
 118  3.7000E+01  2.3162E-01  2.3190E-01   0.999   80.10   80.20   0.999  5.0965E+01   81.90
 119  3.8000E+01  2.7663E-01  2.7692E-01   0.999   83.24   83.31   0.999  5.0733E+01   82.21
 120  3.9000E+01  3.3495E-01  3.3526E-01   0.999   85.68   85.73   0.999  5.0457E+01   82.58
 121  4.0000E+01  4.0704E-01  4.0737E-01   0.999   87.64   87.68   1.000  5.0122E+01   83.01
 122  4.1000E+01  4.9269E-01  4.9306E-01   0.999   89.19   89.22   1.000  4.9715E+01   83.51
 123  4.2000E+01  5.9183E-01  5.9224E-01   0.999   90.41   90.44   1.000  4.9222E+01   84.09
 124  4.3000E+01  7.0370E-01  7.0417E-01   0.999   91.46   91.48   1.000  4.8630E+01   84.76
 125  4.4000E+01  8.2802E-01  8.2857E-01   0.999   92.34   92.36   1.000  4.7926E+01   85.51
 126  4.5000E+01  9.6479E-01  9.6544E-01   0.999   93.09   93.11   1.000  4.7098E+01   86.34
 127  4.6000E+01  1.1148E+00  1.1156E+00   0.999   93.72   93.74   1.000  4.6133E+01   87.25
 128  4.7000E+01  1.2800E+00  1.2810E+00   0.999   94.19   94.22   1.000  4.5019E+01   88.22
 129  4.8000E+01  1.4637E+00  1.4648E+00   0.999   94.69   94.72   1.000  4.3739E+01   89.23
 130  4.9000E+01  1.6704E+00  1.6718E+00   0.999   95.16   95.19   1.000  4.2275E+01   90.29
 131  5.0000E+01  1.9066E+00  1.9083E+00   0.999   95.59   95.62   1.000  4.0605E+01   91.36
 132  5.1000E+01  2.1811E+00  2.1831E+00   0.999   95.93   95.97   1.000  3.8698E+01   92.42
 133  5.2000E+01  2.5044E+00  2.5067E+00   0.999   96.31   96.35   1.000  3.6517E+01   93.48
 134  5.3000E+01  2.8901E+00  2.8929E+00   0.999   96.69   96.73   1.000  3.4012E+01   94.49
 135  5.4000E+01  3.3531E+00  3.3564E+00   0.999   97.06   97.10   1.000  3.1122E+01   95.44
 136  5.5000E+01  3.9115E+00  3.9154E+00   0.999   97.40   97.44   1.000  2.7769E+01   96.32
 137  5.6000E+01  4.5864E+00  4.5909E+00   0.999   97.73   97.77   1.000  2.3858E+01   97.10
 138  5.7000E+01  5.3975E+00  5.4026E+00   0.999   98.04   98.08   1.000  1.9271E+01   97.76
 139  5.8000E+01  6.3657E+00  6.3715E+00   0.999   98.40   98.43   1.000  1.3874E+01   98.30
 140  5.9000E+01  7.5081E+00  7.5145E+00   0.999   98.67   98.70   1.000  7.5081E+00   98.67
      6.0000E+01

  INTEGRALS OF SPECTRA
    OLD SPECTRUM   1.7805E+05   ±    2.025 %
    NEW SPECTRUM   1.7806E+05   ±    1.801 %

  SUMMARY OF BROAD-GROUP FLUXES, FLUENCES, AND UNCERTAINTIES

    IRRAD TIME [S] = 7.04179000E+04   ACT NORM =  1.00000000E+00

       ENERGY       FLUX       FLUENCE      STDEV %
      thermal    8.2482E+02  5.8082E+07  ±   0.84     (0.100 meV – 0.550  eV)
     epithermal  1.5292E+03  1.0768E+08  ±  27.77     (0.550  eV – 110.0 keV)
        fast     1.7570E+05  1.2373E+10  ±   1.80     (110.0 keV –  20.0 MeV)
        fast     1.6394E+05  1.1545E+10  ±   0.80     (  1.0 MeV –  20.0 MeV)
        high     3.0809E+03  2.1695E+08  ±   2.26     ( 20.0 MeV –  60.0 MeV)

    MINI-SPECTRUM

       ENERGY       FLUX       FLUENCE      STDEV %
     1.0000E-10  1.1739E+03  8.2666E+07  ±   0.86
     9.2000E-06  1.0536E+02  7.4193E+06  ±  20.66
     9.6000E-04  3.7061E+02  2.6098E+07  ±  32.14
     9.2000E-03  6.2208E+02  4.3806E+07  ±  49.84
     8.8000E-02  1.1556E+03  8.1377E+07  ±  56.34
     3.6000E-01  8.4930E+03  5.9806E+08  ±  23.49
     9.2000E-01  2.4167E+04  1.7018E+09  ±   3.64
     2.3000E+00  1.0122E+05  7.1279E+09  ±   0.77
     1.0000E+01  4.0041E+04  2.8196E+09  ±   0.62
     2.4000E+01  7.0444E+02  4.9605E+07  ±   7.67
     6.0000E+01

       TOTAL     1.7806E+05  1.2538E+10  ±   1.80

    RELATIVE COVARIANCES (10×10)
     1000   -56  -219  -195  -177  -178   -79   193   260    13
     1000   420   -21   -89   -82   -49    -8     1     4
     1000   512   -13   -93   -61   -15    -3     4
     1000   469   -14   -56   -17    -5     4
     1000   470    48   -21    -8     4
     1000   639    30   -18     5
     1000   338    27     6
     1000   511     0
     1000   154
     1000

  SPECTRAL-AVERAGED REACTION RATES (for all cross section library reactions)

        REACTIONS        SIG-PHI      <SIG>          REACTIONS        SIG-PHI      <SIG>          REACTIONS        SIG-PHI      <SIG>  
   ------------------  ----------  ----------   ------------------  ----------  ----------   ------------------  ----------  ----------
   LI6(N,A)T           6.4024E-19  3.5957E-24   FE58(N,G)FE59       1.0661E-21  5.9874E-27   IN115(N,N')IN115M   4.2427E-20  2.3828E-25
   B10(N,A)LI7         2.5331E-18  1.4226E-23   CO59(N,2N)CO58      1.9355E-20  1.0870E-25   IN115(N,2N)IN114M   4.1444E-20  2.3276E-25
   F19(N,2N)F18        1.3105E-21  7.3599E-27   CO59(N,3N)CO57      2.1494E-22  1.2071E-27   IN115(N,G)IN116M    5.1937E-19  2.9169E-24
   NA23(N,2N)NA22      1.2923E-21  7.2579E-27   CO59(N,G)CO60       2.5610E-20  1.4383E-25   I127(N,2N)I126      4.7514E-20  2.6685E-25
   NA23(N,G)NA24       3.8870E-22  2.1830E-27   CO59(N,P)FE59       3.2165E-21  1.8064E-26   LA139(N,G)LA140     6.5900E-21  3.7011E-26
   MG24(N,P)NA24       9.3604E-21  5.2570E-26   CO59(N,A)MN56       1.2391E-21  6.9592E-27   PR141(N,2N)PR140    5.2193E-20  2.9313E-25
   AL27(N,P)MG27       6.8570E-21  3.8511E-26   NI58(N,2N)NI57      1.0466E-21  5.8779E-27   TM169(N,2N)TM168    7.5278E-20  4.2278E-25
   AL27(N,A)NA24       5.4738E-21  3.0742E-26   NI58(N,P)CO58       6.3792E-20  3.5827E-25   TM169(N,3N)TM167    7.3904E-21  4.1506E-26
   SI28(N,P)AL28       1.7526E-20  9.8429E-26   NI60(N,P)CO60       7.8313E-21  4.3982E-26   TA181(N,G)TA182     3.9859E-20  2.2386E-25
   P31(N,P)SI31        1.6496E-20  9.2643E-26   CU63(N,2N)CU62      1.3761E-20  7.7283E-26   W186(N,G)W187       3.4085E-20  1.9143E-25
   S32(N,P)P32         3.8401E-20  2.1567E-25   CU63(N,G)CU64       4.0666E-21  2.2839E-26   AU197(N,2N)AU196    7.4857E-20  4.2041E-25
   TI46(N,2N)TI45      2.4453E-21  1.3733E-26   CU63(N,A)CO60       2.2253E-21  1.2498E-26   AU197(N,G)AU198     1.1645E-19  6.5401E-25
   TI46(N,P)SC46       2.1062E-20  1.1829E-25   CU65(N,2N)CU64      2.5705E-20  1.4436E-25   HG199(N,N')HG199M   8.3854E-20  4.7094E-25
   TI47(N,P)SC47       1.2103E-20  6.7975E-26   ZN64(N,P)CU64       2.4828E-20  1.3944E-25   PB204(N,N')PB204M   1.7187E-20  9.6527E-26
   TI47(N,X)SC46       2.6374E-21  1.4812E-26   ZN67(N,P)CU67       1.8295E-21  1.0275E-26   BI209(N,3N)BI207    8.8683E-21  4.9806E-26
   TI48(N,P)SC48       2.5310E-21  1.4214E-26   AS75(N,2N)AS74      2.7250E-20  1.5304E-25   TH232(N,FISSION)    3.9325E-20  2.2086E-25
   TI48(N,X)SC47       1.0900E-21  6.1218E-27   Y89(N,2N)Y88        2.4208E-20  1.3596E-25   TH232(N,G)TH233     1.1377E-20  6.3897E-26
   TI49(N,X)SC48       6.7066E-22  3.7666E-27   ZR90(N,2N)ZR89      1.9749E-20  1.1092E-25   U235(N,FISSION)     6.1187E-19  3.4364E-24
   V51(N,A)SC48        5.5627E-22  3.1242E-27   NB93(N,G)NB94       2.5360E-21  1.4243E-26   U235(N,G)U236       7.2530E-20  4.0734E-25
   CR52(N,2N)CR51      9.9664E-21  5.5973E-26   NB93(N,N')NB93M     3.1308E-20  1.7583E-25   U238(N,2N)U237      7.4147E-20  4.1643E-25
   MN55(N,2N)MN54      1.9858E-20  1.1153E-25   NB93(N,2N)NB92M     1.5205E-20  8.5396E-26   U238(N,FISSION)     1.2575E-19  7.0624E-25
   MN55(N,G)MN56       9.1338E-21  5.1297E-26   MO92(N,P)NB92M      8.3758E-21  4.7040E-26   U238(N,G)U239       1.0649E-20  5.9807E-26
   FE54(N,2N)FE53      8.4951E-22  4.7710E-27   RH103(N,N')RH103M   1.5702E-19  8.8187E-25   NP237(N,FISSION)    3.1378E-19  1.7623E-24
   FE54(N,P)MN54       5.2022E-20  2.9217E-25   AG109(N,G)AG110M    5.3614E-21  3.0111E-26   PU239(N,FISSION)    1.2340E-18  6.9304E-24
   FE54(N,A)CR51       4.1798E-21  2.3475E-26   IN113(N,N')IN113M   3.5563E-20  1.9973E-25   AM241(N,FISSION)    3.5439E-19  1.9903E-24
   FE56(N,P)MN56       5.4302E-21  3.0497E-26   IN113(N,G)IN114M    3.7480E-20  2.1049E-25   SC45(N,G)SC46       1.8000E-20  1.0109E-25

  INPUT FLUX REL. CORRELATION MATRIX (by row from diagonal)
   1   1000   987   953   898   829   754   684   613   543   476   413   355   294   229   171   126    93    67    49    35
         25    18    13    10     7     6     5     4     4     3     3     3     3     3     3     3     3     3     3     3
          2     2     2     2     2     2     2     2     2     2     2     2     2     2     2     2     2     2     2     2
          2     2     2     3     3     4     5     6     7    10    13    18    27    39    56    74    86    92    95    96
         96    96    95    96   100   105   111   116   120   124   125   126   126   126   124   120   118   116   115   111
        107   100    80    54    33    20    12     8     6     4     3     2     2     2     2     1     1     1     1     1
          1     1     1     1     1     1     1     1     1     1     1     1     1     1     1     1     1     1     1     1

  OUTPUT FLUX REL. CORRELATION MATRIX (by row from diagonal)
   1   1000   986   947   882   799   706   616   525   436   351   272   200   129    60     4   -36   -63   -82   -94  -101
       -105  -108  -109  -110  -111  -113  -116  -119  -123  -127  -132  -136  -140  -143  -146  -148  -149  -149  -149  -147
       -145  -142  -138  -135  -131  -127  -123  -120  -117  -114  -112  -111  -110  -110  -110  -111  -112  -113  -114  -115
       -116  -116  -116  -115  -113  -109  -105  -100   -93   -86   -77   -66   -53   -37   -18     1    17    28    36    41
         46    50    52    57    62    68    74    80    85    89    90    92    92    91    89    86    83    80    78    74
         71    65    51    33    19    11     7     4     3     2     1     1     1     1     1     1     1     1     1     1
          1     1     1     1     1     1     1     1     1     1     1     1     1     1     1     1     1     1     1     1
   2   1000   987   947   884   807   726   640   551   462   377   296   211   122    50    -3   -41   -67   -85   -97  -105
       -110  -113  -116  -118  -121  -124  -128  -132  -137  -142  -147  -151  -155  -159  -161  -162  -163  -162  -160  -158
       -155  -151  -147  -143  -139  -135  -131  -128  -125  -123  -122  -121  -121  -121  -122  -123  -125  -126  -128  -129
       -129  -129  -128  -125  -122  -117  -111  -104   -95   -84   -71   -55   -33    -7    20    41    55    64    71    75
         79    81    86    92   100   109   118   125   130   133   135   135   134   131   126   122   118   116   111   106
         97    75    47    25    13     7     3     2     1     0     0     0     0     0     0     0     1     1     1     1
          1     1     1     1     1     1     1     1     1     1     1     1     1     1     1     1     1     1     1
   3   1000   986   946   887   820   742   658   570   482   395   298   194   105    39    -8   -44   -69   -86   -99  -107
       -113  -118  -122  -126  -130  -134  -139  -145  -150  -155  -160  -165  -168  -171  -172  -173  -172  -171  -168  -165
       -162  -157  -153  -149  -145  -141  -137  -135  -132  -131  -130  -130  -130  -132  -133  -135  -136  -138  -139  -140
       -139  -138  -136  -132  -127  -121  -113  -103   -91   -75   -56   -30     1    35    61    77    88    95    99   103
        104   109   117   127   138   148   157   164   167   170   170   170   165   159   154   150   148   141   134   123
         95    59    31    15     7     3     1     0     0     0     0     0     0     0     0     1     1     1     1     1
          1     1     1     1     1     1     1     1     1     1     1     1     1     1     1     1     1     1
   4   1000   987   950   900   836   760   678   591   500   394   275   172    93    33   -10   -44   -68   -86   -99  -108
       -116  -122  -127  -133  -138  -144  -150  -156  -161  -167  -171  -175  -178  -180  -181  -180  -179  -176  -173  -169
       -165  -161  -156  -152  -148  -144  -142  -139  -138  -137  -137  -138  -139  -141  -142  -144  -146  -147  -148  -148
       -147  -145  -141  -136  -129  -120  -109   -96   -78   -55   -25    12    54    84   104   116   123   127   131   131
        136   145   157   171   183   194   203   206   209   210   210   204   196   190   186   183   174   167   153   118
         72    36    17     7     2     0     0    -1    -1     0     0     0     0     0     0     1     1     1     1     1
          1     1     1     1     1     1     1     1     1     1     1     1     1     1     1     1     1
   5   1000   988   958   910   848   775   694   604   492   362   246   156    86    31   -10   -42   -66   -84   -98  -109
       -118  -125  -132  -139  -145  -152  -158  -164  -170  -175  -179  -182  -184  -185  -185  -183  -181  -178  -174  -170
       -166  -161  -157  -153  -149  -146  -144  -142  -142  -142  -142  -144  -146  -148  -150  -152  -153  -154  -154  -153
       -151  -147  -142  -135  -125  -114   -99   -79   -54   -19    25    73   108   129   143   150   154   157   156   162
        171   186   202   216   229   239   243   247   247   247   241   231   225   219   217   207   198   181   139    84
         42    19     7     1    -1    -2    -2    -2    -1    -1     0     0     0     0     1     1     1     1     1     1
          1     1     1     1     1     1     1     1     1     1     1     1     1     1     1     1
   6   1000   990   961   916   855   783   698   586   450   325   225   146    82    32    -7   -39   -64   -83   -98  -110
       -120  -129  -137  -144  -151  -158  -165  -171  -176  -180  -184  -186  -187  -187  -186  -183  -180  -177  -172  -168
       -163  -159  -155  -152  -149  -146  -145  -144  -144  -145  -146  -148  -151  -153  -155  -157  -158  -158  -157  -155
       -151  -145  -138  -128  -116  -100   -80   -52   -13    34    88   126   149   163   170   174   178   176   182   192
        208   225   241   256   267   272   276   276   276   269   258   251   245   242   231   221   203   155    93    46
         20     7     0    -2    -3    -3    -2    -2    -1     0     0     0     0     1     1     1     1     1     1     1
          1     1     1     1     1     1     1     1     1     1     1     1     1     1     1
   7   1000   990   962   916   856   780   674   539   411   304   217   144    84    35    -4   -36   -61   -82   -98  -112
       -123  -133  -142  -151  -158  -165  -172  -177  -182  -185  -188  -189  -189  -188  -185  -182  -179  -174  -170  -165
       -161  -157  -153  -150  -148  -147  -146  -146  -147  -148  -150  -153  -155  -157  -159  -160  -160  -160  -157  -153
       -148  -140  -131  -118  -102   -81   -52   -12    37    92   131   155   169   177   181   184   182   188   198   215
        233   249   264   276   281   285   285   285   278   266   260   253   250   239   229   210   161    96    47    21
          7     0    -2    -3    -3    -3    -2    -1     0     0     0     0     1     1     1     1     1     1     1     1
          1     1     1     1     1     1     1     1     1     1     1     1     1     1
   8   1000   990   962   916   852   757   628   501   391   297   216   147    89    40     0   -33   -60   -82  -100  -114
       -127  -138  -148  -157  -164  -171  -177  -182  -186  -188  -189  -189  -188  -186  -183  -179  -175  -171  -166  -162
       -158  -154  -151  -149  -147  -147  -147  -148  -149  -151  -154  -156  -158  -160  -161  -161  -161  -158  -155  -149
       -141  -132  -119  -103   -81   -52   -12    37    93   133   157   172   179   183   186   184   190   200   217   235
        252   267   279   284   288   288   288   281   269   263   256   253   242   231   212   162    97    48    21     7
          0    -2    -3    -3    -3    -2    -1     0     0     0     0     1     1     1     1     1     1     2     2     1
          1     1     1     1     1     1     1     1     1     1     1     1     1
   9   1000   990   962   914   833   715   592   482   385   298   221   153    94    45     3   -30   -59   -82  -101  -117
       -131  -143  -153  -162  -169  -176  -181  -185  -187  -189  -189  -188  -185  -182  -179  -175  -170  -166  -161  -157
       -154  -151  -149  -147  -146  -147  -147  -149  -151  -153  -156  -158  -160  -161  -161  -160  -158  -154  -149  -141
       -131  -119  -102   -81   -52   -12    37    93   133   157   172   179   183   186   184   190   200   217   235   252
        267   279   284   288   288   288   281   269   262   256   253   242   231   212   162    97    47    21     7     0
         -2    -3    -3    -3    -2    -1     0     0     0     0     1     1     1     1     1     1     2     1     1     1
          1     1     1     1     1     1     1     1     1     1     1     1
  10   1000   990   960   897   794   681   575   477   386   303   227   159   100    49     6   -29   -58   -83  -104  -121
       -135  -147  -157  -166  -173  -178  -182  -185  -187  -187  -186  -184  -181  -177  -173  -168  -164  -160  -156  -152
       -149  -147  -146  -145  -145  -146  -147  -149  -152  -154  -156  -158  -159  -159  -159  -156  -153  -147  -140  -130
       -117  -101   -80   -51   -12    37    92   131   155   169   177   181   184   181   187   198   214   232   249   264
        276   280   285   285   285   277   266   259   253   250   239   228   210   160    96    47    20     7     0    -2
         -3    -3    -3    -2    -1     0     0     0     0     1     1     1     1     1     1     1     1     1     1     1
          1     1     1     1     1     1     1     1     1     1     1
  11   1000   989   947   863   764   666   571   480   393   310   235   166   106    54     9   -27   -59   -85  -106  -124
       -139  -151  -161  -168  -175  -179  -182  -184  -184  -183  -181  -178  -174  -170  -166  -161  -157  -153  -150  -147
       -144  -143  -142  -143  -143  -145  -147  -149  -151  -153  -155  -156  -156  -155  -153  -149  -144  -137  -127  -115
        -99   -78   -50   -12    36    90   128   151   165   172   176   179   177   183   193   209   227   243   258   269
        274   278   278   278   271   260   253   247   244   233   223   205   157    94    46    20     7     0    -2    -3
         -3    -3    -2    -1     0     0     0     0     1     1     1     1     1     1     1     1     1     1     1     1
          1     1     1     1     1     1     1     1     1     1
  12   1000   983   924   843   758   671   582   493   406   323   245   175   113    58    12   -27   -60   -87  -109  -127
       -142  -154  -163  -170  -175  -178  -180  -181  -180  -178  -175  -171  -167  -163  -158  -154  -150  -147  -144  -142
       -140  -139  -140  -140  -142  -143  -145  -148  -150  -151  -152  -152  -151  -149  -146  -140  -133  -124  -112   -97
        -77   -51   -15    30    80   116   138   152   159   163   166   164   170   180   194   211   226   240   250   254
        258   259   259   252   242   235   229   227   216   207   190   146    87    43    19     7     1    -1    -2    -2
         -2    -1    -1     0     0     0     0     1     1     1     1     1     1     1     1     1     1     1     1     1
          1     1     1     1     1     1     1     1     1
  13   1000   978   927   861   785   702   614   523   433   346   265   190   124    66    16   -25   -60   -88  -112  -130
       -145  -156  -165  -171  -175  -177  -177  -176  -174  -171  -168  -164  -159  -155  -151  -147  -143  -140  -138  -137
       -136  -136  -137  -138  -139  -141  -143  -145  -146  -147  -147  -146  -144  -140  -135  -128  -119  -109   -95   -78
        -56   -26    10    50    80    99   111   117   122   126   126   131   140   152   165   177   187   196   199   202
        203   202   197   189   184   179   177   168   161   148   114    69    35    17     7     2     0     0    -1     0
          0     0     0     0     0     0     1     1     1     1     1     1     1     1     1     1     1     1     1     1
          1     1     1     1     1     1     1     1
  14   1000   984   944   887   815   733   644   551   458   367   282   205   135    74    22   -21   -58   -87  -111  -129
       -143  -154  -161  -166  -169  -169  -169  -167  -164  -160  -156  -152  -148  -144  -140  -136  -133  -131  -130  -129
       -129  -129  -130  -132  -133  -135  -136  -137  -138  -137  -136  -134  -130  -125  -119  -111  -102   -91   -78   -61
        -40   -14    12    33    47    57    64    69    74    76    81    88    96   105   113   119   125   127   129   129
        129   125   120   117   113   111   106   101    92    72    46    25    14     8     4     2     1     1     1     1
          0     1     1     1     1     1     1     1     1     1     1     1     1     1     1     1     1     1     1     1
          1     1     1     1     1     1     1
  15   1000   987   952   898   829   748   658   564   470   378   291   212   141    78    25   -18   -55   -84  -107  -125
       -138  -147  -154  -157  -158  -158  -156  -154  -150  -146  -142  -138  -134  -131  -127  -124  -122  -121  -120  -120
       -120  -121  -122  -123  -125  -126  -126  -127  -126  -125  -122  -119  -114  -109  -102   -94   -85   -74   -62   -47
        -30   -12     2    13    21    27    33    38    41    46    51    56    62    67    71    74    76    77    77    76
         74    71    69    67    65    61    58    53    42    29    18    11     8     5     4     3     2     2     2     1
          1     1     1     1     1     1     1     1     1     1     1     1     1     1     1     1     1     1     1     1
          1     1     1     1     1     1
  16   1000   988   955   903   834   753   664   570   475   382   295   215   143    81    28   -16   -52   -81  -103  -120
       -131  -139  -144  -147  -147  -146  -143  -140  -137  -133  -129  -125  -122  -118  -116  -114  -112  -111  -111  -111
       -112  -113  -114  -115  -116  -116  -116  -116  -114  -112  -109  -104   -99   -93   -86   -78   -69   -59   -48   -36
        -24   -13    -4     2     8    13    18    22    26    30    34    38    41    44    46    47    47    47    47    46
         44    42    40    38    36    34    31    26    19    13    10     7     6     5     4     3     2     2     2     1
          1     1     1     1     1     1     0     0     0     0     0     0     0     0     0     0     0     0     0     0
          0     0     0     0     0
  17   1000   989   956   904   836   756   666   572   477   384   297   216   145    82    29   -14   -49   -77   -98  -113
       -124  -131  -135  -136  -135  -134  -131  -128  -124  -120  -117  -113  -110  -108  -106  -104  -104  -103  -103  -104
       -104  -105  -106  -107  -107  -107  -106  -105  -103   -99   -95   -91   -85   -79   -72   -64   -56   -47   -38   -28
        -20   -13    -6    -1     3     8    12    16    19    22    25    27    29    30    31    31    31    31    30    29
         28    26    24    23    21    19    17    13    11     9     7     6     5     4     3     3     2     2     1     1
          1     1     1     1     0     0     0     0     0     0     0     0     0     0     0     0     0     0     0     0
          0     0     0     0
  18   1000   989   957   905   838   757   668   573   478   385   297   217   146    84    31   -11   -45   -72   -92  -106
       -116  -122  -125  -125  -124  -122  -119  -116  -112  -109  -106  -103  -101   -99   -97   -96   -96   -96   -96   -97
        -98   -98   -99   -99   -99   -98   -96   -94   -91   -87   -83   -78   -72   -65   -59   -52   -44   -37   -30   -23
        -16   -11    -6    -1     2     6    10    13    15    17    19    20    21    22    22    22    21    21    20    19
         18    16    15    14    12    11    10     9     8     7     6     5     4     3     3     2     2     1     1     1
          1     1     0     0     0     0     0     0     0     0     0     0     0     0     0     0     0     0     0     0
          0     0     0
  19   1000   989   957   906   838   758   668   574   478   385   298   218   147    85    33    -8   -41   -67   -86   -99
       -108  -112  -115  -115  -113  -111  -108  -105  -102   -99   -96   -94   -92   -91   -90   -89   -89   -90   -90   -91
        -91   -91   -91   -91   -90   -89   -87   -84   -80   -76   -71   -66   -60   -54   -48   -41   -35   -29   -23   -18
        -13    -8    -4     0     3     6     9    11    13    14    15    15    16    16    16    15    15    15    14    13
         11    10     9     8     8     8     8     7     6     5     5     4     3     3     2     2     1     1     1     1
          1     0     0     0     0     0     0     0     0     0     0     0     0     0     0     0     0     0     0     0
          0     0
  20   1000   989   957   906   838   758   668   574   479   386   298   218   148    87    36    -4   -37   -61   -79   -91
        -99  -103  -105  -105  -103  -101   -98   -96   -93   -90   -88   -87   -85   -84   -84   -84   -84   -84   -84   -85
        -85   -85   -85   -84   -82   -80   -77   -74   -70   -65   -60   -55   -49   -44   -38   -33   -28   -23   -18   -14
         -9    -5    -2     1     4     6     8     9    10    11    11    12    12    12    12    11    11    10     9     8
          7     6     5     6     7     7     6     6     5     4     4     3     3     2     2     1     1     1     1     1
          0     0     0     0     0     0     0     0     0     0     0     0     0     0     0     0     0     0     0     0
          0
  21   1000   989   957   906   838   758   668   574   478   386   299   219   149    89    39    -1   -32   -56   -73   -84
        -91   -95   -96   -96   -95   -92   -90   -88   -85   -83   -82   -80   -79   -79   -79   -79   -79   -79   -80   -80
        -79   -79   -78   -76   -74   -72   -68   -65   -60   -56   -51   -46   -41   -36   -31   -27   -22   -18   -14   -10
         -6    -3     0     2     4     6     7     8     8     9     9     9     9     9     8     8     7     7     5     5
          4     3     4     5     6     6     5     5     4     4     3     2     2     2     1     1     1     1     0     0
          0     0     0     0     0     0     0     0     0     0     0     0     0     0     0     0     0     0     0     0
  22   1000   989   957   906   838   758   668   574   478   386   299   220   150    91    42     2   -27   -50   -66   -77
        -84   -87   -89   -88   -87   -85   -83   -81   -79   -78   -76   -76   -75   -75   -75   -75   -75   -75   -75   -75
        -74   -73   -72   -70   -67   -64   -60   -56   -52   -47   -42   -38   -34   -30   -26   -22   -18   -14   -10    -7
         -4    -1     1     3     4     5     6     6     6     7     7     7     6     6     6     5     5     4     3     2
          2     3     5     5     6     5     5     4     3     3     2     2     2     1     1     1     1     0     0     0
          0     0     0     0     0     0     0     0     0     0     0     0     0     0     0     0     0     0     0
  23   1000   989   957   906   838   758   668   573   478   386   299   221   152    93    44     6   -23   -45   -61   -71
        -77   -81   -82   -82   -81   -79   -78   -76   -74   -73   -73   -72   -72   -72   -72   -72   -72   -72   -71   -71
        -70   -68   -66   -64   -60   -57   -53   -49   -44   -40   -36   -32   -28   -25   -22   -18   -14   -11    -8    -4
         -1     0     2     3     4     4     5     5     5     5     5     5     4     4     4     3     2     2     1     1
          2     4     5     5     5     4     4     3     3     2     2     2     1     1     1     1     0     0     0     0
          0     0     0     0     0     0     0     0     0     0     0     0     0     0     0     0     0     0
  24   1000   989   957   906   838   757   668   573   478   385   299   221   153    95    47     9   -19   -40   -56   -66
        -72   -75   -77   -77   -76   -75   -73   -72   -71   -70   -70   -70   -70   -70   -70   -70   -70   -69   -68   -67
        -66   -64   -61   -58   -55   -51   -47   -43   -38   -34   -31   -27   -25   -21   -18   -15   -11    -8    -5    -2
          0     1     2     3     3     3     3     4     4     3     3     3     3     3     2     1     0     0     0     1
          3     5     5     5     4     4     3     3     2     2     2     1     1     1     1     0     0     0     0     0
          0     0     0     0     0     0     0     0     0     0     0     0     0     0     0     0     0
  25   1000   989   957   906   838   757   667   572   477   385   299   221   154    96    49    12   -16   -37   -52   -62
        -68   -71   -73   -73   -73   -72   -71   -70   -69   -69   -69   -69   -69   -69   -69   -68   -68   -67   -66   -64
        -62   -60   -57   -53   -50   -46   -41   -37   -33   -30   -27   -24   -21   -18   -15   -12    -8    -6    -3    -1
          0     1     2     2     2     2     3     2     2     2     2     2     2     1     0     0     0     0     1     3
          5     5     5     4     4     3     3     2     2     2     1     1     1     1     0     0     0     0     0     0
          0     0     0     0     0     0     0     0     0     0     0     0     0     0     0     0
  26   1000   989   957   906   837   756   666   572   476   384   299   221   154    97    51    14   -13   -34   -48   -58
        -65   -68   -70   -71   -70   -70   -70   -69   -69   -69   -68   -69   -68   -68   -68   -68   -67   -66   -64   -62
        -59   -56   -53   -49   -45   -41   -37   -33   -30   -27   -25   -22   -19   -15   -12    -9    -6    -3    -1     0
          1     1     1     1     1     2     2     2     1     1     1     1     0     0     0    -1    -1     0     3     4
          5     5     4     4     3     3     2     2     2     1     1     1     1     0     0     0     0     0     0     0
          0     0     0     0     0     0     0     0     0     0     0     0     0     0     0
  27   1000   989   957   905   837   756   665   570   475   383   298   221   154    98    52    16   -11   -32   -46   -56
        -62   -66   -68   -69   -70   -70   -69   -69   -69   -69   -69   -69   -69   -69   -68   -68   -66   -65   -62   -60
        -57   -53   -50   -46   -41   -37   -34   -30   -28   -25   -22   -19   -16   -13   -10    -7    -4    -2     0     0
          1     1     1     1     1     1     1     1     1     1     0     0     0    -1    -1    -1     0     3     4     5
          5     4     4     3     3     2     2     2     1     1     1     1     0     0     0     0     0     0     0     0
          0     0     0     0     0     0     0     0     0     0     0     0     0     0
  28   1000   989   957   905   836   755   664   569   474   382   297   221   155    99    53    17    -9   -30   -45   -55
        -61   -65   -68   -69   -70   -70   -70   -70   -70   -71   -71   -71   -70   -70   -69   -68   -66   -64   -61   -58
        -55   -51   -47   -42   -38   -34   -31   -28   -26   -23   -20   -17   -13   -10    -7    -4    -2     0     0     0
          0     0     0     0     0     0     0     0     0     0     0    -1    -1    -2    -2     0     2     4     5     5
          5     4     3     3     2     2     2     1     1     1     1     0     0     0     0     0     0     0     0     0
          0     0     0     0     0     0     0     0     0     0     0     0     0
  29   1000   989   957   905   836   754   663   568   473   382   297   221   155    99    54    18    -8   -29   -44   -54
        -61   -65   -68   -70   -71   -71   -72   -72   -72   -73   -73   -73   -72   -71   -70   -68   -66   -63   -60   -56
        -52   -48   -44   -40   -36   -32   -30   -27   -24   -21   -18   -14   -11    -8    -5    -2    -1     0     0     0
          0     0     0     0     0     0     0     0     0     0    -1    -2    -2    -2     0     2     4     5     5     5
          4     4     3     3     2     2     1     1     1     1     0     0     0     0     0     0     0     0     0     0
          0     0     0     0     0     0     0     0     0     0     0     0
  30   1000   989   956   904   835   753   662   567   472   381   296   221   155   100    55    19    -8   -28   -43   -54
        -61   -66   -69   -71   -73   -74   -74   -75   -75   -75   -75   -75   -74   -72   -71   -68   -66   -62   -59   -54
        -50   -46   -41   -37   -34   -31   -29   -26   -22   -19   -15   -12    -9    -5    -3    -1     0     0     0     0
          0     0     0     0     0     0     0     0    -1    -2    -2    -3    -3     0     2     5     5     5     5     4
          4     3     3     2     2     1     1     1     1     0     0     0     0     0     0     0     0     0     0     0
          0     0     0     0     0     0     0     0     0     0     0
  31   1000   989   956   904   834   752   661   566   471   380   296   221   155   100    55    20    -7   -28   -43   -54
        -62   -67   -71   -73   -75   -76   -77   -77   -78   -78   -77   -77   -75   -74   -71   -68   -65   -61   -57   -52
        -48   -43   -39   -36   -33   -30   -27   -24   -20   -16   -13    -9    -6    -3    -1     0     0     0     0     0
          0     0     0     0     0     0    -1    -1    -2    -3    -3    -3     0     2     5     5     5     5     4     4
          3     3     2     2     1     1     1     1     0     0     0     0     0     0     0     0     0     0     0     0
          0     0     0     0     0     0     0     0     0     0
  32   1000   989   956   903   834   751   660   566   471   380   296   221   156   101    56    20    -7   -28   -44   -55
        -63   -69   -73   -76   -78   -79   -80   -80   -81   -80   -80   -78   -77   -74   -71   -68   -64   -60   -55   -50
        -45   -41   -37   -34   -32   -29   -25   -21   -17   -13   -10    -6    -4    -2    -1     0     0     0     0     0
          0     0    -1     0     0    -1    -2    -3    -3    -4    -3    -1     2     5     6     6     5     5     4     3
          3     2     2     1     1     1     1     1     0     0     0     0     0     0     0     0     0     0     0     0
          0     0     0     0     0     0     0     0     0
  33   1000   989   956   903   833   751   660   565   471   381   297   222   157   102    57    21    -7   -28   -44   -56
        -65   -71   -75   -78   -80   -82   -83   -83   -83   -83   -81   -80   -77   -74   -71   -67   -62   -57   -52   -48
        -43   -39   -36   -34   -30   -27   -22   -18   -14   -11    -7    -4    -2    -1    -1     0     0    -1     0     0
         -1    -1    -1    -1    -1    -2    -3    -3    -4    -4    -1     2     5     6     6     5     5     4     4     3
          2     2     2     1     1     1     1     0     0     0     0     0     0     0     0     0     0     0     0     0
          0     0     0     0     0     0     0     0
  34   1000   989   956   903   833   751   660   566   472   381   298   223   158   103    58    21    -7   -29   -45   -58
        -66   -73   -78   -81   -83   -85   -85   -86   -85   -84   -82   -80   -77   -74   -69   -65   -60   -55   -50   -45
        -41   -38   -35   -32   -28   -24   -19   -15   -11    -7    -5    -2    -1    -1    -1    -1    -1    -1    -1    -1
         -1    -1    -1    -1    -2    -3    -4    -4    -4    -1     2     5     6     6     6     5     4     4     3     2
          2     2     1     1     1     1     0     0     0     0     0     0     0     0     0     0     0     0     0     0
          0     0     0     0     0     0     0
  35   1000   989   956   903   833   751   661   566   473   383   299   225   159   104    58    22    -7   -29   -46   -59
        -68   -75   -80   -83   -86   -87   -88   -87   -86   -85   -83   -80   -76   -72   -67   -62   -57   -52   -47   -43
        -40   -37   -33   -29   -25   -20   -16   -12    -8    -5    -3    -2    -1    -1    -1    -1    -1    -1    -1    -2
         -2    -1    -2    -3    -4    -4    -5    -4    -1     2     5     6     6     6     5     4     4     3     3     2
          2     1     1     1     1     0     0     0     0     0     0     0     0     0     0     0     0     0     0     0
          0     0     0     0     0     0
  36   1000   989   956   903   833   752   661   568   474   384   301   226   161   105    59    22    -7   -29   -47   -60
        -70   -77   -82   -85   -87   -89   -89   -88   -87   -85   -82   -78   -74   -69   -64   -59   -53   -49   -45   -41
        -38   -35   -31   -26   -21   -17   -13    -9    -5    -3    -2    -2    -1    -1    -2    -1    -1    -2    -2    -2
         -2    -2    -3    -4    -5    -5    -5    -1     2     5     6     6     6     5     5     4     3     3     2     2
          1     1     1     1     0     0     0     0     0     0     0     0     0     0     0     0     0     0     0     0
          0     0     0     0     0
  37   1000   989   956   903   834   752   663   569   476   386   303   228   163   107    60    23    -6   -30   -48   -61
        -71   -78   -83   -87   -89   -90   -89   -88   -86   -83   -80   -76   -71   -66   -60   -55   -50   -46   -43   -40
        -36   -32   -27   -22   -18   -13    -9    -6    -4    -2    -2    -2    -2    -2    -2    -2    -2    -2    -2    -2
         -3    -3    -5    -5    -6    -5    -2     2     5     6     6     6     5     5     4     3     3     2     2     1
          1     1     1     0     0     0     0     0     0     0     0     0     0     0     0     0     0     0     0     0
          0     0     0     0
  38   1000   989   956   903   835   753   664   571   478   388   305   230   164   108    61    23    -6   -30   -48   -62
        -72   -80   -84   -88   -89   -90   -89   -87   -84   -81   -77   -72   -67   -61   -56   -51   -47   -44   -41   -37
        -33   -28   -23   -18   -14   -10    -6    -4    -3    -2    -2    -2    -2    -2    -2    -2    -3    -3    -2    -3
         -4    -5    -5    -6    -5    -2     2     5     6     7     6     5     5     4     3     3     2     2     1     1
          1     1     0     0     0     0     0     0     0     0     0     0     0     0     0     0     0     0     0     0
          0     0     0
  39   1000   989   956   904   835   754   665   572   479   390   307   232   166   109    62    24    -6   -30   -49   -63
        -73   -80   -85   -88   -89   -89   -87   -85   -81   -77   -73   -68   -62   -57   -52   -48   -44   -41   -38   -33
        -28   -24   -19   -14   -10    -7    -4    -3    -3    -2    -2    -3    -2    -3    -3    -3    -3    -3    -3    -4
         -5    -6    -6    -6    -2     2     5     6     7     6     5     5     4     3     3     2     2     1     1     1
          1     0     0     0     0     0     0     0     0     0     0     0     0     0     0     0     0     0     0     0
          0     0
  40   1000   989   956   904   836   755   667   574   481   392   309   234   167   111    63    24    -6   -30   -49   -63
        -73   -80   -84   -87   -87   -86   -84   -81   -78   -73   -68   -63   -57   -52   -48   -45   -42   -38   -34   -29
        -24   -19   -15   -10    -7    -5    -3    -3    -3    -3    -3    -3    -3    -3    -3    -3    -3    -4    -4    -6
         -6    -6    -6    -2     2     5     6     7     6     5     5     4     3     3     2     2     1     1     1     1
          0     0     0     0     0     0     0     0     0     0     0     0     0     0     0     0     0     0     0     0
          0
  41   1000   989   956   905   837   757   668   576   483   394   311   235   169   112    64    25    -6   -30   -49   -63
        -72   -79   -83   -85   -85   -83   -81   -77   -73   -68   -63   -57   -53   -48   -45   -42   -38   -34   -29   -24
        -19   -15   -10    -7    -5    -4    -3    -3    -3    -3    -3    -3    -3    -4    -4    -3    -4    -5    -6    -6
         -7    -6    -2     2     5     6     6     6     5     5     4     3     3     2     2     1     1     1     1     0
          0     0     0     0     0     0     0     0     0     0     0     0     0     0     0     0     0     0     0     0
  42   1000   989   957   905   838   758   670   577   485   396   312   237   170   113    65    25    -5   -30   -48   -62
        -71   -77   -81   -82   -81   -79   -76   -72   -67   -62   -57   -52   -48   -45   -42   -38   -34   -29   -24   -20
        -15   -11    -7    -5    -4    -3    -3    -3    -3    -3    -3    -4    -4    -4    -3    -4    -5    -6    -6    -7
         -6    -3     2     5     6     6     6     5     5     4     3     3     2     2     1     1     1     1     0     0
          0     0     0     0     0     0     0     0     0     0     0     0     0     0     0     0     0     0     0
  43   1000   989   957   906   838   759   671   579   486   397   314   238   171   114    65    26    -4   -29   -47   -60
        -69   -75   -77   -78   -77   -74   -71   -66   -61   -57   -52   -48   -45   -42   -38   -34   -29   -24   -20   -15
        -11    -7    -5    -4    -3    -3    -3    -4    -3    -4    -4    -4    -4    -4    -4    -5    -6    -6    -7    -6
         -3     1     5     6     6     6     5     5     4     3     3     2     2     1     1     1     1     0     0     0
          0     0     0     0     0     0     0     0     0     0     0     0     0     0     0     0     0     0
  44   1000   989   957   906   839   760   672   580   488   398   315   239   172   115    66    27    -3   -27   -45   -58
        -66   -71   -73   -73   -72   -69   -65   -60   -56   -51   -47   -44   -42   -38   -34   -29   -24   -19   -15   -11
         -8    -5    -4    -4    -3    -4    -4    -4    -4    -4    -4    -4    -4    -4    -5    -6    -6    -7    -6    -3
          1     5     6     6     6     5     4     4     3     3     2     2     1     1     1     1     0     0     0     0
          0     0     0     0     0     0     0     0     0     0     0     0     0     0     0     0     0
  45   1000   989   957   907   840   760   673   581   489   400   316   240   173   116    68    28    -2   -25   -43   -55
        -63   -67   -69   -68   -66   -63   -59   -55   -50   -47   -44   -41   -38   -33   -29   -24   -19   -15   -11    -8
         -5    -4    -4    -4    -4    -4    -4    -4    -4    -4    -4    -4    -4    -5    -6    -6    -7    -6    -3     1
          5     6     6     6     5     4     4     3     3     2     2     1     1     1     1     0     0     0     0     0
          0     0     0     0     0     0     0     0     0     0     0     0     0     0     0     0
  46   1000   989   958   907   840   761   674   582   490   401   317   241   174   117    69    30     0   -23   -40   -52
        -59   -63   -64   -63   -60   -57   -53   -49   -46   -43   -40   -37   -33   -28   -24   -19   -15   -11    -8    -5
         -4    -4    -4    -4    -4    -4    -4    -4    -4    -4    -4    -4    -5    -6    -6    -7    -6    -3     1     4
          6     6     6     5     4     4     3     2     2     2     1     1     1     1     0     0     0     0     0     0
          0     0     0     0     0     0     0     0     0     0     0     0     0     0     0
  47   1000   989   958   907   841   762   674   583   491   401   318   242   175   118    70    32     1   -20   -37   -48
        -54   -58   -58   -57   -55   -51   -48   -45   -42   -40   -36   -32   -28   -23   -19   -15   -11    -8    -6    -4
         -4    -4    -4    -4    -4    -4    -4    -4    -4    -4    -4    -5    -6    -6    -7    -6    -3     1     4     6
          6     5     5     4     4     3     2     2     2     1     1     1     1     0     0     0     0     0     0     0
          0     0     0     0     0     0     0     0     0     0     0     0     0     0
  48   1000   989   958   907   841   762   675   583   491   402   318   243   176   119    72    34     4   -17   -33   -44
        -50   -53   -53   -52   -49   -46   -44   -41   -39   -36   -32   -28   -23   -19   -15   -11    -8    -6    -4    -4
         -4    -4    -4    -4    -4    -4    -4    -4    -4    -4    -5    -6    -6    -7    -6    -3     1     4     5     6
          5     5     4     3     3     2     2     2     1     1     1     1     0     0     0     0     0     0     0     0
          0     0     0     0     0     0     0     0     0     0     0     0     0
  49   1000   989   958   908   841   762   675   584   492   402   319   244   177   120    73    36     7   -14   -29   -39
        -45   -48   -48   -47   -45   -42   -40   -38   -35   -32   -27   -23   -19   -15   -11    -8    -6    -5    -4    -4
         -4    -4    -4    -4    -4    -4    -4    -4    -4    -5    -6    -6    -6    -6    -3     1     4     5     6     5
          5     4     3     3     2     2     1     1     1     1     1     0     0     0     0     0     0     0     0     0
          0     0     0     0     0     0     0     0     0     0     0     0
  50   1000   989   958   908   841   763   676   584   492   403   320   244   178   122    75    38    10   -10   -25   -35
        -40   -43   -43   -42   -41   -39   -38   -35   -31   -27   -23   -19   -15   -11    -8    -6    -5    -4    -4    -4
         -4    -4    -4    -4    -4    -4    -4    -4    -5    -6    -6    -6    -6    -3     1     4     5     5     5     5
          4     3     3     2     2     1     1     1     1     0     0     0     0     0     0     0     0     0     0     0
          0     0     0     0     0     0     0     0     0     0     0
  51   1000   989   958   908   842   763   676   584   492   403   320   245   179   123    77    41    13    -7   -21   -30
        -36   -38   -39   -39   -38   -37   -35   -31   -28   -23   -19   -16   -12    -9    -7    -5    -5    -5    -4    -5
         -4    -4    -4    -5    -4    -4    -4    -5    -6    -6    -6    -6    -3     1     4     5     5     5     5     4
          3     3     2     2     1     1     1     1     0     0     0     0     0     0     0     0     0     0     0     0
          0     0     0     0     0     0     0     0     0     0
  52   1000   989   958   908   842   763   676   584   492   404   321   246   180   125    79    43    16    -3   -17   -27
        -32   -35   -36   -37   -37   -35   -32   -28   -24   -20   -16   -12    -9    -7    -6    -5    -5    -5    -5    -5
         -5    -4    -5    -4    -4    -4    -5    -6    -6    -6    -6    -3     1     4     5     5     5     5     4     3
          3     2     2     1     1     1     1     0     0     0     0     0     0     0     0     0     0     0     0     0
          0     0     0     0     0     0     0     0     0
  53   1000   989   958   908   842   763   676   584   493   404   321   247   182   127    82    46    19     0   -14   -23
        -29   -33   -35   -36   -34   -32   -28   -25   -21   -17   -13   -10    -8    -7    -6    -6    -5    -5    -5    -5
         -5    -5    -5    -4    -4    -5    -6    -6    -6    -6    -3     1     4     5     5     5     5     4     3     3
          2     2     1     1     1     1     0     0     0     0     0     0     0     0     0     0     0     0     0     0
          0     0     0     0     0     0     0     0
  54   1000   989   958   908   842   763   676   584   493   404   322   247   183   128    84    48    21     2   -11   -21
        -27   -31   -34   -34   -32   -29   -26   -22   -18   -14   -11    -9    -8    -7    -7    -6    -6    -6    -6    -5
         -5    -5    -5    -5    -5    -6    -6    -7    -6    -3     1     4     5     6     5     5     4     3     3     2
          2     1     1     1     1     1     0     0     0     0     0     0     0     0     0     0     0     0     0     0
          0     0     0     0     0     0     0
  55   1000   989   958   908   842   763   676   584   493   404   322   248   184   130    86    51    24     4    -9   -20
        -27   -31   -33   -32   -30   -27   -23   -19   -16   -13   -10    -9    -8    -8    -7    -7    -6    -6    -6    -6
         -5    -5    -5    -5    -6    -6    -7    -6    -3     1     4     5     6     5     5     4     3     3     2     2
          2     1     1     1     1     0     0     0     0     0     0     0     0     0     0     0     0     0     0     0
          0     0     0     0     0     0
  56   1000   989   958   908   841   763   675   584   493   404   323   249   185   131    87    52    26     5    -9   -20
        -27   -31   -32   -30   -28   -24   -21   -17   -14   -12   -11   -10    -9    -8    -8    -7    -7    -7    -7    -6
         -5    -5    -6    -7    -7    -7    -6    -3     1     4     6     6     5     5     4     4     3     2     2     2
          1     1     1     1     0     0     0     0     0     0     0     0     0     0     0     0     0     0     0     0
          0     0     0     0     0
  57   1000   989   958   908   841   762   675   584   493   405   323   250   186   133    89    54    26     5   -10   -21
        -28   -30   -30   -29   -26   -23   -19   -16   -14   -12   -11   -11   -10   -10    -9    -8    -8    -7    -7    -6
         -6    -6    -7    -7    -7    -7    -3     1     4     6     6     6     5     4     4     3     3     2     2     1
          1     1     1     0     0     0     0     0     0     0     0     0     0     0     0     0     0     0     0     0
          0     0     0     0
  58   1000   989   958   908   841   762   675   584   493   405   324   251   187   133    89    54    25     3   -12   -22
        -28   -29   -29   -27   -25   -21   -19   -16   -15   -13   -13   -12   -11   -10    -9    -9    -8    -7    -6    -6
         -7    -7    -7    -8    -7    -3     1     5     6     6     6     5     5     4     3     3     2     2     1     1
          1     1     0     0     0     0     0     0     0     0     0     0     0     0     0     0     0     0     0     0
          0     0     0
  59   1000   989   958   907   841   762   675   584   493   405   324   251   188   134    89    52    23     0   -14   -23
        -27   -29   -28   -27   -24   -21   -19   -17   -16   -15   -14   -13   -12   -11   -10    -9    -8    -7    -7    -7
         -8    -8    -8    -7    -3     1     5     6     6     6     5     5     4     3     3     2     2     1     1     1
          1     0     0     0     0     0     0     0     0     0     0     0     0     0     0     0     0     0     0     0
          0     0
  60   1000   989   958   907   841   762   675   584   493   405   324   251   188   133    87    49    18    -2   -15   -23
        -27   -28   -28   -26   -24   -22   -20   -19   -17   -16   -15   -14   -12   -11   -11    -9    -8    -8    -8    -8
         -8    -8    -8    -3     1     5     7     7     6     6     5     4     3     3     2     2     1     1     1     1
          0     0     0     0     0     0     0     0     0     0     0     0     0     0     0     0     0     0     0     0
          0
  61   1000   989   958   907   841   762   675   584   493   406   324   251   186   130    82    43    15    -3   -16   -23
        -27   -28   -27   -26   -24   -23   -22   -20   -19   -17   -16   -14   -13   -12   -10    -9    -8    -8    -9    -9
         -9    -8    -3     1     5     7     7     7     6     5     4     4     3     2     2     1     1     1     1     0
          0     0     0     0     0     0     0     0     0     0     0     0     0     0     0     0     0     0     0     0
  62   1000   989   958   907   841   762   675   584   493   405   324   249   183   124    76    39    13    -4   -16   -23
        -27   -28   -28   -27   -26   -25   -23   -22   -20   -18   -16   -15   -13   -11   -10    -9    -9    -9    -9    -9
         -8    -4     1     6     7     7     7     6     5     5     4     3     2     2     2     1     1     1     0     0
          0     0     0     0     0     0     0     0     0     0     0     0     0     0     0     0     0     0     0
  63   1000   989   958   907   841   762   675   584   493   405   322   245   176   117    70    36    11    -5   -16   -23
        -27   -28   -28   -28   -27   -26   -24   -23   -20   -18   -16   -15   -13   -11   -10    -9   -10    -9    -9    -8
         -3     2     6     7     8     7     6     6     5     4     3     3     2     2     1     1     1     1     0     0
          0     0     0     0     0     0     0     0     0     0     0     0     0     0     0     0     0     0
  64   1000   989   958   907   841   762   675   583   492   402   317   238   167   110    67    34    11    -5   -17   -23
        -27   -29   -30   -30   -29   -27   -25   -23   -20   -18   -16   -14   -11   -10   -10   -10    -9    -9    -8    -3
          2     6     8     8     7     7     6     5     4     3     3     2     2     1     1     1     1     0     0     0
          0     0     0     0     0     0     0     0     0     0     0     0     0     0     0     0     0
  65   1000   989   958   907   841   762   674   582   489   397   308   227   159   106    65    34    10    -5   -16   -24
        -28   -30   -31   -31   -29   -27   -25   -22   -19   -17   -15   -12   -11   -10   -10    -9    -9    -8    -3     2
          6     8     8     8     7     6     5     4     3     3     2     2     1     1     1     1     0     0     0     0
          0     0     0     0     0     0     0     0     0     0     0     0     0     0     0     0
  66   1000   989   958   907   840   761   673   580   484   388   296   218   155   104    64    34    10    -5   -16   -24
        -29   -31   -32   -31   -29   -26   -24   -21   -18   -15   -13   -11   -10   -10    -9    -9    -7    -3     3     7
          8     8     8     7     6     5     4     3     3     2     2     1     1     1     1     0     0     0     0     0
          0     0     0     0     0     0     0     0     0     0     0     0     0     0     0
  67   1000   989   958   907   840   760   670   574   473   374   286   213   153   104    65    34    11    -5   -17   -25
        -29   -31   -31   -30   -27   -25   -22   -19   -16   -13   -11   -10    -9    -8    -8    -7    -2     3     7     8
          9     8     7     6     5     4     4     3     2     2     1     1     1     1     0     0     0     0     0     0
          0     0     0     0     0     0     0     0     0     0     0     0     0     0
  68   1000   989   958   907   839   757   664   563   458   363   282   212   154   105    66    36    12    -4   -16   -24
        -28   -30   -29   -27   -25   -22   -19   -15   -12   -10    -8    -8    -7    -6    -5    -1     4     7     9     9
          8     7     6     5     4     4     3     2     2     1     1     1     1     0     0     0     0     0     0     0
          0     0     0     0     0     0     0     0     0     0     0     0     0
  69   1000   989   957   906   837   752   653   547   447   359   281   213   156   107    69    38    14    -3   -15   -22
        -26   -26   -25   -23   -20   -17   -14   -11    -8    -7    -6    -5    -4    -3     0     5     8     9     9     8
          7     6     5     4     4     3     2     2     1     1     1     1     0     0     0     0     0     0     0     0
          0     0     0     0     0     0     0     0     0     0     0     0
  70   1000   989   957   904   831   741   637   536   443   359   284   217   160   112    72    41    17     0   -11   -17
        -20   -20   -19   -17   -14   -11    -7    -5    -3    -2    -1    -1     0     2     6     8     9     9     8     7
          6     5     4     3     3     2     2     1     1     1     1     0     0     0     0     0     0     0     0     0
          0     0     0     0     0     0     0     0     0     0     0
  71   1000   989   956   900   822   726   627   534   446   364   290   224   167   118    78    46    23     7    -3    -9
        -11   -11   -10    -7    -5    -2     0     1     3     4     4     5     6     8     9     9     8     7     7     6
          5     4     3     3     2     2     1     1     1     1     1     0     0     0     0     0     0     0     0     0
          0     0     0     0     0     0     0     0     0     0
  72   1000   988   953   892   809   718   627   539   455   374   300   234   176   127    87    56    34    19     9     4
          2     2     3     5     7     9    11    12    13    14    13    13    12    10     9     8     7     6     5     4
          4     3     2     2     2     1     1     1     1     1     0     0     0     0     0     0     0     0     0     0
          0     0     0     0     0     0     0     0     0
  73   1000   987   948   883   805   722   638   553   470   389   316   248   190   142   103    74    54    40    30    25
         23    23    23    24    25    27    28    28    28    27    23    17    12     9     7     6     5     4     4     3
          3     2     2     1     1     1     1     1     1     1     1     0     0     0     0     0     0     0     0     0
          0     1     1     1     0     0     0     0
  74   1000   986   944   884   814   738   658   574   491   411   336   270   213   167   131   104    85    71    62    57
         54    52    51    51    52    53    53    52    49    39    26    15    10     7     5     4     3     2     2     2
          2     1     1     1     1     1     1     1     1     1     1     1     1     1     1     1     1     1     1     1
          1     1     1     1     1     1     1
  75   1000   985   948   896   833   761   682   599   516   436   364   300   247   205   171   146   126   113   104    99
         93    89    87    87    88    86    84    78    61    38    20    10     5     3     2     1     1     1     1     1
          1     1     1     1     1     1     1     1     1     1     1     1     1     1     1     1     1     1     1     1
          1     1     1     1     1     1
  76   1000   988   957   910   851   780   703   621   540   464   396   337   288   249   218   192   173   159   150   141
        132   128   126   127   123   120   111    85    51    25    11     4     1     0     0     0     0     0     0     0
          0     0     1     1     1     1     1     1     1     1     1     1     1     1     1     1     1     1     1     1
          1     1     1     1     1
  77   1000   990   962   917   859   790   712   633   556   484   421   366   319   281   248   223   203   189   175   163
        156   152   152   147   142   132   101    59    27    11     2     0    -2    -2    -2    -1    -1     0     0     0
          0     1     1     1     1     1     1     1     1     1     1     1     1     1     1     1     1     1     1     1
          1     1     1     1
  78   1000   991   963   919   862   792   717   641   567   499   437   382   336   295   263   236   216   197   181   171
        165   164   157   152   141   107    61    27     9     1    -2    -3    -3    -3    -2    -1     0     0     0     0
          0     1     1     1     1     1     1     1     1     1     1     1     1     1     1     1     1     1     1     1
          1     1     1
  79   1000   991   964   920   862   794   721   647   575   507   445   390   341   300   265   239   214   193   180   171
        168   160   155   143   107    60    25     7     0    -4    -4    -4    -4    -3    -2    -1     0     0     0     0
          1     1     1     1     1     1     1     1     1     1     1     1     1     1     1     1     1     1     1     1
          1     1
  80   1000   991   964   920   863   796   725   651   579   510   447   388   338   295   261   229   202   185   173   167
        158   151   139   104    57    22     5    -2    -5    -6    -5    -4    -3    -2    -1     0     0     0     0     1
          1     1     1     1     1     1     1     1     1     1     1     1     1     1     1     1     1     1     1     1
          1
  81   1000   991   963   920   863   798   726   652   578   508   441   382   330   287   248   214   191   175   166   155
        147   134    99    52    18     2    -5    -7    -7    -7    -5    -4    -3    -2    -1     0     0     0     1     1
          1     1     1     1     1     1     1     1     1     1     1     1     1     1     1     1     1     1     1     1
  82   1000   991   963   920   864   797   725   649   574   501   433   372   320   273   232   202   180   168   153   144
        130    94    48    14    -1    -8   -10    -9    -8    -6    -5    -3    -2    -1     0     0     0     0     1     1
          1     1     1     1     1     1     1     1     1     1     1     1     1     1     1     1     1     1     1
  83   1000   991   963   919   861   793   718   641   563   488   419   358   302   253   216   187   169   151   138   123
         87    42    10    -4   -11   -12   -11   -10    -8    -6    -4    -3    -2    -1     0     0     0     0     1     1
          1     1     1     1     1     1     1     1     1     1     1     1     1     1     1     1     1     1
  84   1000   991   963   918   859   790   714   635   557   481   412   348   290   245   209   184   161   144   125    87
         41     7    -7   -14   -15   -14   -12   -10    -8    -6    -4    -3    -1     0     0     0     0     1     1     1
          1     1     1     1     1     1     1     1     1     1     1     1     1     1     1     1     1
  85   1000   990   962   916   857   788   712   633   553   478   407   341   287   243   211   181   159   135    93    43
          7    -9   -17   -18   -17   -15   -12   -10    -7    -5    -4    -2    -1     0     0     0     0     1     1     1
          1     1     1     1     1     1     1     1     1     1     1     1     1     1     1     1
  86   1000   990   962   917   858   789   713   634   556   479   406   344   291   251   213   185   156   107    50     9
        -10   -19   -21   -20   -18   -15   -12    -9    -7    -5    -3    -2    -1     0     0     0     0     1     1     1
          1     1     1     1     1     0     0     0     0     0     0     0     0     0     1
  87   1000   990   962   918   860   791   716   638   558   480   411   350   302   256   220   184   127    62    15    -8
        -19   -23   -23   -21   -18   -15   -12    -9    -7    -5    -3    -2    -1     0     0     0     0     0     0     1
          0     0     0     0     0     0     0     0     0     0     0     0     0     0
  88   1000   990   963   919   861   793   719   639   559   484   417   360   306   262   218   153    79    25    -3   -18
        -23   -24   -23   -20   -17   -14   -11    -8    -6    -4    -3    -2    -1     0     0     0     0     0     0     0
          0     0     0     0     0     0     0     0     0     0     0     0     0
  89   1000   991   963   920   863   795   720   640   562   489   426   364   311   259   185   102    39     4   -13   -22
        -24   -24   -22   -19   -16   -13   -10    -8    -5    -4    -2    -1     0     0     0     0     0     0     0     0
          0     0     0     0     0     0     0     0     0     0     0     0
  90   1000   991   964   921   864   796   720   642   566   497   429   368   307   224   131    60    18    -4   -17   -22
        -24   -23   -20   -18   -15   -12    -9    -7    -5    -3    -2    -1     0     0     0     0     0     0     0     0
          0     0     0     0     0    -1    -1     0     0     0     0
  91   1000   991   964   921   863   794   720   643   571   497   429   360   269   168    88    39     9    -7   -17   -21
        -22   -21   -18   -16   -13   -10    -8    -6    -4    -3    -2    -1    -1     0     0     0     0     0     0    -1
         -1    -1    -1    -1    -1    -1    -1    -1    -1    -1
  92   1000   991   964   920   862   795   722   648   571   498   422   324   214   125    67    30     7    -6   -14   -18
        -19   -18   -16   -14   -11    -9    -7    -5    -3    -2    -2    -1    -1    -1    -1    -1    -1    -1    -1    -1
         -2    -2    -2    -2    -2    -2    -2    -2    -1
  93   1000   991   964   920   862   796   725   647   571   490   386   269   171   104    59    28     8    -3   -11   -14
        -15   -15   -13   -11    -9    -7    -6    -4    -3    -2    -2    -1    -1    -1    -1    -1    -2    -2    -2    -2
         -3    -3    -3    -3    -3    -2    -2    -2
  94   1000   991   963   920   863   799   725   648   564   457   333   227   151    96    58    31    12     0    -6   -10
        -12   -12   -11    -9    -8    -6    -5    -4    -3    -2    -2    -2    -2    -2    -2    -2    -3    -3    -3    -3
         -4    -4    -4    -3    -3    -3    -3
  95   1000   991   963   920   865   798   723   640   533   406   293   209   145    97    62    36    18     5    -1    -6
         -8    -8    -8    -7    -6    -5    -4    -3    -3    -2    -2    -2    -3    -3    -3    -3    -4    -4    -4    -4
         -4    -4    -4    -4    -4    -3
  96   1000   991   964   921   864   796   717   613   487   370   277   205   147   103    69    43    24    11     3    -1
         -4    -5    -6    -5    -5    -4    -3    -3    -3    -3    -3    -3    -3    -4    -4    -5    -5    -5    -5    -5
         -5    -5    -5    -5    -4
  97   1000   991   964   921   864   792   695   572   452   354   273   207   153   110    76    50    31    17     8     2
          0    -2    -3    -4    -4    -3    -3    -3    -3    -3    -4    -4    -4    -5    -5    -6    -6    -6    -6    -6
         -6    -6    -5    -5
  98   1000   991   964   921   861   773   657   538   436   349   275   212   160   117    83    57    37    23    13     6
          2     0    -1    -2    -3    -3    -3    -3    -4    -4    -4    -5    -5    -6    -6    -6    -7    -7    -7    -6
         -6    -6    -5
  99   1000   991   964   918   843   737   622   520   430   350   280   219   167   125    90    64    43    28    17    10
          5     1     0    -1    -2    -3    -3    -4    -4    -5    -5    -6    -6    -6    -7    -7    -7    -7    -7    -7
         -6    -6
 100   1000   991   962   905   813   708   610   519   435   358   289   229   177   134    98    71    49    33    21    13
          7     3     0     0    -2    -3    -4    -4    -5    -5    -6    -6    -7    -7    -7    -7    -7    -7    -7    -6
         -6
 101   1000   990   952   878   786   696   608   523   443   367   299   238   186   142   106    77    54    37    25    16
          9     4     1     0    -2    -3    -4    -5    -5    -6    -7    -7    -7    -8    -8    -8    -7    -7    -7    -6
 102   1000   985   934   859   781   700   618   536   456   381   312   250   196   151   113    83    60    41    28    18
         11     5     2     0    -2    -3    -4    -5    -6    -7    -7    -8    -8    -8    -8    -8    -7    -7    -6
 103   1000   981   934   873   804   727   646   564   482   404   332   267   211   163   123    91    65    46    31    20
         12     6     2     0    -2    -4    -5    -6    -7    -7    -8    -8    -8    -8    -8    -8    -7    -7
 104   1000   985   948   895   830   755   673   589   505   425   350   282   223   173   131    97    70    49    33    21
         12     6     2    -1    -3    -5    -6    -7    -7    -8    -8    -8    -8    -8    -8    -7    -7
 105   1000   988   956   907   843   768   687   602   517   435   359   291   230   178   135   100    72    51    34    22
         13     6     2    -1    -3    -5    -6    -7    -7    -8    -8    -8    -8    -8    -7    -7
 106   1000   989   959   910   848   774   692   607   522   440   364   294   233   181   137   102    73    51    35    22
         13     6     2    -1    -3    -5    -6    -7    -7    -7    -7    -7    -7    -7    -6
 107   1000   990   960   912   850   776   695   610   525   443   366   297   235   183   139   103    74    52    35    22
         13     6     2    -1    -3    -5    -6    -6    -7    -7    -7    -7    -6    -6
 108   1000   990   960   913   851   778   697   612   527   445   368   298   236   183   139   103    74    52    35    22
         13     7     2     0    -3    -4    -5    -6    -6    -6    -6    -6    -5
 109   1000   990   961   914   852   779   698   613   528   446   368   298   237   184   139   103    75    52    35    23
         13     7     2     0    -2    -4    -4    -5    -5    -5    -5    -5
 110   1000   990   961   914   853   780   699   614   529   446   369   299   237   184   139   103    75    52    35    23
         14     7     3     0    -2    -3    -4    -4    -4    -4    -4
 111   1000   990   961   914   853   780   699   614   529   446   369   298   237   184   139   103    75    52    36    23
         14     8     3     0    -1    -2    -3    -3    -3    -3
 112   1000   990   961   914   853   780   699   614   528   446   368   298   236   183   139   103    75    53    36    23
         14     8     4     1     0    -1    -2    -2    -2
 113   1000   990   961   914   853   780   699   614   528   445   368   298   236   183   139   103    75    53    36    24
         15     9     4     1     0    -1    -1    -2
 114   1000   990   961   914   853   780   698   613   528   445   368   298   236   183   139   103    75    53    36    24
         15     9     5     2     0     0    -1
 115   1000   990   961   914   853   779   698   613   528   445   368   298   236   183   139   104    75    53    37    25
         16    10     5     3     1     0
 116   1000   990   961   914   852   779   698   613   527   445   367   297   236   183   139   104    75    54    37    25
         16    10     6     3     1
 117   1000   990   961   914   852   779   698   613   527   444   367   297   236   183   140   104    76    54    37    25
         17    10     6     4
 118   1000   990   961   914   852   779   698   612   527   444   367   297   236   183   140   104    76    54    38    26
         17    11     7
 119   1000   990   961   914   852   779   698   612   527   444   367   298   236   184   140   104    76    54    38    26
         17    11
 120   1000   990   961   914   852   779   698   612   527   444   367   298   236   184   140   105    76    55    38    26
         17
 121   1000   990   961   914   852   779   698   612   527   444   367   298   236   184   140   105    77    55    38    26
 122   1000   990   961   914   852   779   698   612   527   444   367   298   236   184   140   105    77    55    39
 123   1000   990   961   914   852   779   698   612   527   445   367   298   236   184   140   105    77    55
 124   1000   990   961   914   852   779   698   612   527   445   367   298   236   184   140   105    77
 125   1000   990   961   914   852   779   698   612   527   445   368   298   236   184   140   105
 126   1000   990   961   914   852   779   698   612   527   445   368   298   236   184   140
 127   1000   990   961   914   852   779   698   612   527   445   367   298   236   184
 128   1000   990   961   914   852   779   697   612   527   445   367   298   237
 129   1000   990   961   914   852   779   697   612   527   444   367   298
 130   1000   990   961   914   852   779   697   612   527   444   367
 131   1000   990   961   914   852   779   697   612   527   445
 132   1000   990   961   914   852   779   697   612   527
 133   1000   990   961   914   852   779   697   612
 134   1000   990   961   914   852   779   697
 135   1000   990   961   914   852   779
 136   1000   990   961   914   852
 137   1000   990   961   914
 138   1000   990   961
 139   1000   990
 140   1000

 Finished!
