88" 33MeV Deuteron breakup on Ta, Clean Beam
  140    6    1    0    1
   0.00500  10.00000   0.00500   0.00100
   1.0000000   0   0 7.86600000E+03   1.0000000
AL27P    2.221E-20 0.021       0.00       0.00        (    )
AL27A    1.920E-20 0.013       0.00       0.00        (    )
NI582    3.394E-21 0.014       0.00       0.00        (    )
IN115N   8.200E-20 0.008       0.00       0.00        (    )
AU197G   8.062E-20 0.018       0.00 AUNG  3.70 BFX    (BEAM)
IN115G   9.024E-20 0.011       0.00 INNG 40.20 BFX    (BEAM)
Flux Uncertainty From MCNP Calculations
 140
 1.0000E+00 2.5510E-01 1.6790E-01 1.4340E-01 1.0790E-01 1.3880E-01 2.4120E-01
 2.1610E-01 2.6200E-01 3.7120E-01 2.9260E-01 3.1400E-01 3.7060E-01 3.4400E-01
 2.9130E-01 3.5220E-01 3.0520E-01 4.5450E-01 2.8940E-01 3.5430E-01 2.4840E-01
 2.5050E-01 2.3530E-01 3.4580E-01 3.2180E-01 3.3200E-01 2.6900E-01 2.6060E-01
 2.3870E-01 2.2820E-01 2.2640E-01 2.5310E-01 1.6370E-01 1.5710E-01 1.6900E-01
 1.3340E-01 1.3370E-01 9.4700E-02 1.1860E-01 8.5800E-02 7.2500E-02 6.4400E-02
 6.2100E-02 6.7500E-02 4.7100E-02 4.9600E-02 4.1300E-02 3.1200E-02 2.9800E-02
 2.5100E-02 2.1400E-02 2.2200E-02 2.1800E-02 1.9800E-02 1.9700E-02 1.8500E-02
 1.7000E-02 1.8500E-02 1.6900E-02 1.7200E-02 1.4700E-02 1.5500E-02 1.3800E-02
 1.4400E-02 1.4700E-02 1.2500E-02 1.3300E-02 1.3300E-02 1.2000E-02 1.1600E-02
 7.3000E-03 7.1000E-03 7.9000E-03 9.8000E-03 8.9000E-03 7.6000E-03 7.6000E-03
 7.9000E-03 6.9000E-03 6.4000E-03 6.1000E-03 6.2000E-03 5.0000E-03 4.9000E-03
 4.4000E-03 3.6000E-03 3.6000E-03 3.3000E-03 3.3000E-03 3.1000E-03 3.4000E-03
 3.8000E-03 4.3000E-03 5.1000E-03 5.9000E-03 6.8000E-03 8.2000E-03 9.5000E-03
 1.0300E-02 1.1600E-02 1.2600E-02 1.3200E-02 1.5000E-02 1.6400E-02 1.7300E-02
 1.9500E-02 2.1400E-02 2.1400E-02 2.1600E-02 2.7000E-02 3.9000E-02 6.3100E-02
 8.4500E-02 1.0370E-01 1.3870E-01 1.5850E-01 1.6670E-01 1.9250E-01 3.5360E-01
 0.0000E+00 0.0000E+00 0.0000E+00 0.0000E+00 0.0000E+00 0.0000E+00 0.0000E+00
 0.0000E+00 0.0000E+00 0.0000E+00 0.0000E+00 0.0000E+00 0.0000E+00 0.0000E+00
 0.0000E+00 0.0000E+00 0.0000E+00 0.0000E+00 0.0000E+00 0.0000E+00 0.0000E+00
Input Flux Spectrum from MCNP Simulation
 140   0 4.060E+09 2.000E+01 5.000E-08
 5.0000E-09 7.6267E-10 3.7340E-09 7.8840E-09 5.8917E-09 4.1760E-09 3.3673E-09
 1.2893E-09 9.6155E-10 9.0249E-10 8.1315E-10 1.1971E-09 7.0350E-10 7.2572E-10
 1.3227E-09 1.2361E-09 1.0907E-09 1.7283E-09 2.0639E-09 1.5420E-09 1.3732E-09
 2.7529E-09 2.2594E-09 1.7561E-09 7.8203E-10 8.2227E-10 1.6886E-09 9.3965E-10
 1.4958E-09 1.6028E-09 2.5952E-09 1.7236E-09 3.5038E-09 3.2376E-09 3.4122E-09
 6.4389E-09 6.8711E-09 1.0840E-08 9.7369E-09 1.4875E-08 1.4377E-08 2.4412E-08
 3.5960E-08 3.9389E-08 6.6281E-08 5.8889E-08 7.3332E-08 1.0651E-07 1.2485E-07
 2.0673E-07 2.0136E-07 2.3450E-07 2.4630E-07 2.9599E-07 2.9685E-07 3.4934E-07
 3.4241E-07 2.8183E-07 4.0613E-07 3.9296E-07 5.0036E-07 4.9080E-07 4.8742E-07
 4.7796E-07 5.8738E-07 5.7189E-07 5.8129E-07 5.8162E-07 7.6622E-07 7.4729E-07
 1.8927E-06 1.8668E-06 1.4389E-06 1.1035E-06 1.0770E-06 1.5667E-06 1.4548E-06
 1.2695E-06 1.6845E-06 1.7215E-06 1.7840E-06 1.7637E-06 2.5269E-06 2.5123E-06
 2.9262E-06 4.1772E-06 4.3181E-06 4.9214E-06 4.8014E-06 5.5245E-06 4.6191E-06
 3.6431E-06 2.7924E-06 2.0271E-06 1.5003E-06 1.1191E-06 7.7249E-07 5.6880E-07
 4.9373E-07 3.8173E-07 3.2438E-07 2.9345E-07 2.2669E-07 1.9019E-07 1.7071E-07
 1.3438E-07 1.1113E-07 1.1118E-07 1.0858E-07 6.9703E-08 3.3414E-08 1.2786E-08
 7.1305E-09 4.7365E-09 2.6483E-09 2.0156E-09 1.8335E-09 1.3751E-09 4.0744E-10
 0.0000E+00 0.0000E+00 0.0000E+00 0.0000E+00 0.0000E+00 0.0000E+00 0.0000E+00
 0.0000E+00 0.0000E+00 0.0000E+00 0.0000E+00 0.0000E+00 0.0000E+00 0.0000E+00
 0.0000E+00 0.0000E+00 0.0000E+00 0.0000E+00 0.0000E+00 0.0000E+00 0.0000E+00
   17   15    9    9    9   10    7   14   14   36



                         ==============================
                               STAYSL PNNL OUTPUT
                         ==============================

 STAYSL PNNL, version 1.2.0, 2015-08-05


 SCENARIO TITLE: 88" 33MeV Deuteron breakup on Ta, Clean Beam
 -------------------------------------------------------------------------------
  NGROUP =   140    NRXN =     6    ACTIVITY NORM = 1.00000E+00

  COVARIANCE PARAMETERS (FCHN, FCVX, ACVX, FS)
    FLUXES:      WIDTH =  1.0000E+01   LONG RANGE COVAR. =  5.0000E-03
            ACTIVITIES =  5.0000E-03   X-SECT CROSS COR. =  1.0000E-03

    DETERM =   3.8531 × 10^   6.00      ERROR =  -6.5133E-16

  INPUT NORMALIZATION DATA
    AK1   =     1.00000     VAK        =     0.00003
    NORML =           0     RENORM     = 1.00000E+00
    CHI²  =  1848.00745     NORM. CHI² =   369.60149

  DOSIMETRY ACTIVITIES
     ———— INPUTS —————  -UNADJUSTED FLUX-  — ADJUSTED FLUX —    CHI²  90% ACTIVITIES RANGE
 RXN  MEASURED     ±%   ACTIVITY    %DIFF  ACTIVITY    %DIFF  CONTRIB --LOW E-- --HIGH E--   REACTION          CVR
  1  2.221E-20    2.10  1.467E-20  -33.93  1.580E-20  -28.85  106.875  5.50E+00  1.50E+01  AL27(N,P)MG27           
  2  1.920E-20    1.30  1.179E-20  -38.60  1.277E-20  -33.50  591.150  7.40E+00  1.60E+01  AL27(N,A)NA24           
  3  3.394E-21    1.40  1.676E-21  -50.63  1.903E-21  -43.92  672.700  1.30E+01  2.70E+01  NI58(N,2N)NI57          
  4  8.200E-20    0.80  7.116E-20  -13.22  7.601E-20   -7.30   -8.824  1.60E+00  1.20E+01  IN115(N,N')IN115M       
  5  8.062E-20    1.80  3.816E-20  -52.66  8.588E-20    6.52 -271.103  1.00E-10  8.40E-01  AU197(N,G)AU198         
  6  9.024E-20    1.10  3.531E-20  -60.87  6.832E-20  -24.29  757.210  1.00E-10  1.80E+00  IN115(N,G)IN116M        

             % STD. DEV.  =         48.70              30.23

                              CHECK INPUT, IT IS RATHER UNLIKELY !
                                   *** BEWARE OF OUTPUT ! ***


  DIFFERENTIAL FLUXES (input is normalized by a factor of 1.0000E+00)
                  —————— DIFFERENTIAL FLUX —————   ———— STD. DEV. % ————   INTEGRAL
 GRP    ENERGY        NEW         OLD      RATIO    NEW     OLD    RATIO   FLUX > E     ± %
   1  1.0000E-10  8.0691E+10  2.2556E+10   3.577   19.87  100.00   0.199  3.4767E+05    0.58
   2  1.0000E-09  7.0329E+08  3.4405E+08   2.044    4.55   25.51   0.178  3.4760E+05    0.58
   3  1.0000E-08  2.2605E+09  1.1662E+09   1.938    3.67   16.80   0.219  3.4759E+05    0.58
   4  2.3000E-08  2.3724E+09  1.1855E+09   2.001    4.15   14.35   0.289  3.4756E+05    0.58
   5  5.0000E-08  1.7444E+09  9.2001E+08   1.896    3.97   10.80   0.367  3.4750E+05    0.58
   6  7.6000E-08  9.9004E+08  4.3473E+08   2.277    6.16   13.89   0.444  3.4745E+05    0.58
   7  1.1500E-07  8.3499E+08  2.4857E+08   3.359   12.48   24.12   0.517  3.4741E+05    0.58
   8  1.7000E-07  1.9758E+08  6.1583E+07   3.208   12.70   21.62   0.587  3.4737E+05    0.58
   9  2.5500E-07  1.1513E+08  3.1231E+07   3.686   17.13   26.20   0.654  3.4735E+05    0.58
  10  3.8000E-07  1.0101E+08  2.1554E+07   4.686   26.56   37.12   0.716  3.4734E+05    0.58
  11  5.5000E-07  4.2636E+07  1.1384E+07   3.745   22.61   29.26   0.773  3.4732E+05    0.58
  12  8.4000E-07  4.1032E+07  1.1173E+07   3.672   25.87   31.40   0.824  3.4731E+05    0.58
  13  1.2750E-06  1.7123E+07  4.5699E+06   3.747   32.18   37.06   0.868  3.4729E+05    0.58
  14  1.9000E-06  1.0257E+07  3.2738E+06   3.133   31.14   34.40   0.905  3.4728E+05    0.58
  15  2.8000E-06  9.0268E+06  3.7036E+06   2.437   27.20   29.13   0.934  3.4727E+05    0.58
  16  4.2500E-06  5.5619E+06  2.4481E+06   2.272   33.64   35.22   0.955  3.4725E+05    0.58
  17  6.3000E-06  2.6473E+06  1.5270E+06   1.734   29.59   30.52   0.969  3.4724E+05    0.58
  18  9.2000E-06  2.5494E+06  1.6318E+06   1.562   44.47   45.45   0.978  3.4724E+05    0.58
  19  1.3500E-05  1.2273E+06  1.1173E+06   1.098   28.46   28.94   0.983  3.4722E+05    0.58
  20  2.1000E-05  5.7866E+05  6.9561E+05   0.832   34.93   35.43   0.986  3.4722E+05    0.58
  21  3.0000E-05  2.7802E+05  3.7168E+05   0.748   24.52   24.84   0.987  3.4721E+05    0.58
  22  4.5000E-05  2.9795E+05  4.6570E+05   0.640   24.74   25.05   0.987  3.4721E+05    0.58
  23  6.9000E-05  1.7862E+05  2.9591E+05   0.604   23.25   23.54   0.988  3.4720E+05    0.58
  24  1.0000E-04  7.1865E+04  2.0371E+05   0.353   34.20   34.58   0.989  3.4719E+05    0.58
  25  1.3500E-04  3.6224E+04  9.0715E+04   0.399   31.87   32.18   0.990  3.4719E+05    0.58
  26  1.7000E-04  2.7086E+04  6.6768E+04   0.406   32.93   33.20   0.992  3.4719E+05    0.58
  27  2.2000E-04  6.4712E+04  1.1426E+05   0.566   26.72   26.90   0.993  3.4719E+05    0.58
  28  2.8000E-04  2.9996E+04  4.7687E+04   0.629   25.93   26.06   0.995  3.4718E+05    0.58
  29  3.6000E-04  4.8117E+04  6.7477E+04   0.713   23.78   23.87   0.996  3.4718E+05    0.58
  30  4.5000E-04  4.0412E+04  5.2059E+04   0.776   22.76   22.83   0.997  3.4718E+05    0.58
  31  5.7500E-04  4.7044E+04  5.6954E+04   0.826   22.60   22.65   0.998  3.4717E+05    0.58
  32  7.6000E-04  2.9775E+04  3.4989E+04   0.851   25.28   25.31   0.999  3.4716E+05    0.58
  33  9.6000E-04  4.3005E+04  4.5160E+04   0.952   16.36   16.38   0.999  3.4716E+05    0.58
  34  1.2750E-03  3.9797E+04  4.0445E+04   0.984   15.71   15.72   0.999  3.4714E+05    0.58
  35  1.6000E-03  3.4862E+04  3.4634E+04   1.007   16.90   16.91   1.000  3.4713E+05    0.58
  36  2.0000E-03  3.8679E+04  3.7346E+04   1.036   13.35   13.35   1.000  3.4712E+05    0.58
  37  2.7000E-03  4.2006E+04  3.9852E+04   1.054   13.38   13.38   1.000  3.4709E+05    0.58
  38  3.4000E-03  4.2595E+04  4.0009E+04   1.065    9.48    9.48   1.000  3.4706E+05    0.58
  39  4.5000E-03  4.2764E+04  3.9532E+04   1.082   11.87   11.87   1.000  3.4701E+05    0.58
  40  5.5000E-03  3.8423E+04  3.5525E+04   1.082    8.59    8.59   1.000  3.4697E+05    0.58
  41  7.2000E-03  3.1610E+04  2.9185E+04   1.083    7.26    7.27   0.999  3.4691E+05    0.58
  42  9.2000E-03  3.8383E+04  3.5397E+04   1.084    6.45    6.46   0.999  3.4684E+05    0.58
  43  1.2000E-02  5.2908E+04  4.8666E+04   1.087    6.22    6.23   0.999  3.4674E+05    0.58
  44  1.5000E-02  4.3740E+04  3.9980E+04   1.094    6.76    6.77   0.999  3.4658E+05    0.58
  45  1.9000E-02  4.4824E+04  4.1400E+04   1.083    4.73    4.74   0.999  3.4640E+05    0.58
  46  2.5500E-02  3.9949E+04  3.6783E+04   1.086    4.98    4.99   0.999  3.4611E+05    0.58
  47  3.2000E-02  4.0229E+04  3.7216E+04   1.081    4.15    4.16   0.998  3.4585E+05    0.58
  48  4.0000E-02  3.7147E+04  3.4594E+04   1.074    3.15    3.16   0.998  3.4553E+05    0.58
  49  5.2500E-02  4.0285E+04  3.7547E+04   1.073    3.01    3.02   0.998  3.4506E+05    0.58
  50  6.6000E-02  4.0795E+04  3.8151E+04   1.069    2.55    2.56   0.997  3.4452E+05    0.58
  51  8.8000E-02  3.9626E+04  3.7160E+04   1.066    2.19    2.20   0.997  3.4362E+05    0.58
  52  1.1000E-01  4.0629E+04  3.8083E+04   1.067    2.27    2.28   0.997  3.4275E+05    0.58
  53  1.3500E-01  4.2655E+04  3.9999E+04   1.066    2.23    2.24   0.997  3.4174E+05    0.58
  54  1.6000E-01  4.2651E+04  4.0057E+04   1.065    2.03    2.04   0.996  3.4067E+05    0.58
  55  1.9000E-01  4.2767E+04  4.0174E+04   1.065    2.02    2.03   0.996  3.3939E+05    0.58
  56  2.2000E-01  4.3101E+04  4.0523E+04   1.064    1.91    1.92   0.996  3.3811E+05    0.58
  57  2.5500E-01  4.2201E+04  3.9720E+04   1.062    1.76    1.77   0.995  3.3660E+05    0.58
  58  2.9000E-01  4.0570E+04  3.8141E+04   1.064    1.91    1.92   0.996  3.3512E+05    0.58
  59  3.2000E-01  4.3803E+04  4.1222E+04   1.063    1.75    1.76   0.995  3.3390E+05    0.58
  60  3.6000E-01  4.2400E+04  3.9885E+04   1.063    1.78    1.79   0.995  3.3215E+05    0.58
  61  4.0000E-01  4.3121E+04  4.0629E+04   1.061    1.54    1.55   0.993  3.3046E+05    0.58
  62  4.5000E-01  4.2334E+04  3.9853E+04   1.062    1.62    1.63   0.994  3.2830E+05    0.58
  63  5.0000E-01  4.1999E+04  3.9579E+04   1.061    1.46    1.47   0.992  3.2618E+05    0.58
  64  5.5000E-01  4.1216E+04  3.8810E+04   1.062    1.51    1.52   0.992  3.2408E+05    0.58
  65  6.0000E-01  4.2232E+04  3.9746E+04   1.063    1.54    1.55   0.992  3.2202E+05    0.58
  66  6.6000E-01  4.1054E+04  3.8698E+04   1.061    1.33    1.35   0.990  3.1949E+05    0.58
  67  7.2000E-01  4.1767E+04  3.9334E+04   1.062    1.41    1.42   0.990  3.1703E+05    0.57
  68  7.8000E-01  4.1800E+04  3.9356E+04   1.062    1.41    1.42   0.989  3.1452E+05    0.57
  69  8.4000E-01  4.1260E+04  3.8886E+04   1.061    1.28    1.30   0.987  3.1201E+05    0.57
  70  9.2000E-01  4.0233E+04  3.7925E+04   1.061    1.25    1.26   0.986  3.0871E+05    0.57
  71  1.0000E+00  4.0605E+04  3.8422E+04   1.057    0.86    0.88   0.976  3.0549E+05    0.57
  72  1.2000E+00  4.0047E+04  3.7896E+04   1.057    0.85    0.87   0.974  2.9737E+05    0.57
  73  1.4000E+00  3.0896E+04  2.9210E+04   1.058    0.91    0.93   0.975  2.8936E+05    0.57
  74  1.6000E+00  2.3745E+04  2.2401E+04   1.060    1.08    1.10   0.978  2.8318E+05    0.57
  75  1.8000E+00  2.3163E+04  2.1863E+04   1.059    0.99    1.02   0.974  2.7843E+05    0.57
  76  2.0000E+00  2.2445E+04  2.1203E+04   1.059    0.88    0.91   0.969  2.7380E+05    0.57
  77  2.3000E+00  2.0857E+04  1.9688E+04   1.059    0.88    0.91   0.968  2.6707E+05    0.57
  78  2.6000E+00  1.8226E+04  1.7181E+04   1.061    0.90    0.93   0.967  2.6081E+05    0.57
  79  2.9000E+00  1.8135E+04  1.7098E+04   1.061    0.82    0.85   0.961  2.5534E+05    0.57
  80  3.3000E+00  1.8545E+04  1.7473E+04   1.061    0.78    0.81   0.957  2.4809E+05    0.57
  81  3.7000E+00  1.9240E+04  1.8108E+04   1.063    0.75    0.79   0.954  2.4067E+05    0.57
  82  4.1000E+00  1.9062E+04  1.7902E+04   1.065    0.76    0.80   0.952  2.3297E+05    0.57
  83  4.5000E+00  2.1830E+04  2.0518E+04   1.064    0.67    0.71   0.945  2.2535E+05    0.57
  84  5.0000E+00  2.1743E+04  2.0400E+04   1.066    0.66    0.70   0.943  2.1443E+05    0.57
  85  5.5000E+00  2.5338E+04  2.3761E+04   1.066    0.63    0.67   0.938  2.0356E+05    0.57
  86  6.0000E+00  2.5810E+04  2.4228E+04   1.065    0.58    0.62   0.934  1.9089E+05    0.57
  87  6.7000E+00  2.6732E+04  2.5045E+04   1.067    0.57    0.62   0.932  1.7283E+05    0.58
  88  7.4000E+00  2.6670E+04  2.4976E+04   1.068    0.56    0.60   0.930  1.5412E+05    0.59
  89  8.2000E+00  2.6067E+04  2.4367E+04   1.070    0.56    0.60   0.929  1.3278E+05    0.60
  90  9.0000E+00  2.4007E+04  2.2429E+04   1.070    0.55    0.59   0.927  1.1193E+05    0.62
  91  1.0000E+01  2.0145E+04  1.8754E+04   1.074    0.56    0.60   0.926  8.7919E+04    0.66
  92  1.1000E+01  1.5959E+04  1.4791E+04   1.079    0.58    0.63   0.925  6.7774E+04    0.71
  93  1.2000E+01  1.2297E+04  1.1337E+04   1.085    0.61    0.66   0.925  5.1815E+04    0.78
  94  1.3000E+01  8.9959E+03  8.2300E+03   1.093    0.66    0.71   0.926  3.9518E+04    0.86
  95  1.4000E+01  6.7095E+03  6.0912E+03   1.102    0.72    0.77   0.928  3.0522E+04    0.96
  96  1.5000E+01  5.0465E+03  4.5435E+03   1.111    0.78    0.84   0.930  2.3813E+04    1.07
  97  1.6000E+01  3.5252E+03  3.1363E+03   1.124    0.90    0.96   0.933  1.8766E+04    1.19
  98  1.7000E+01  2.6228E+03  2.3093E+03   1.136    1.01    1.07   0.937  1.5241E+04    1.30
  99  1.8000E+01  2.2891E+03  2.0045E+03   1.142    1.07    1.14   0.939  1.2618E+04    1.41
 100  1.9000E+01  1.7845E+03  1.5498E+03   1.151    1.19    1.26   0.942  1.0329E+04    1.53
 101  2.0000E+01  1.5234E+03  1.3170E+03   1.157    1.28    1.36   0.945  8.5446E+03    1.66
 102  2.1000E+01  1.3788E+03  1.1914E+03   1.157    1.34    1.41   0.948  7.0212E+03    1.79
 103  2.2000E+01  1.0729E+03  9.2036E+02   1.166    1.51    1.58   0.953  5.6425E+03    1.96
 104  2.3000E+01  9.0271E+02  7.7217E+02   1.169    1.64    1.71   0.957  4.5695E+03    2.12
 105  2.4000E+01  8.0879E+02  6.9308E+02   1.167    1.73    1.80   0.961  3.6668E+03    2.30
 106  2.5000E+01  6.3919E+02  5.4558E+02   1.172    1.95    2.01   0.966  2.8580E+03    2.52
 107  2.6000E+01  5.2872E+02  4.5119E+02   1.172    2.13    2.20   0.971  2.2188E+03    2.75
 108  2.7000E+01  5.2368E+02  4.5139E+02   1.160    2.14    2.20   0.975  1.6901E+03    3.00
 109  2.8000E+01  5.0675E+02  4.4083E+02   1.150    2.17    2.22   0.979  1.1664E+03    3.47
 110  2.9000E+01  3.2836E+02  2.8299E+02   1.160    2.70    2.75   0.983  6.5969E+02    4.60
 111  3.0000E+01  1.6142E+02  1.3566E+02   1.190    3.88    3.93   0.988  3.3133E+02    6.68
 112  3.1000E+01  6.4715E+01  5.1911E+01   1.247    6.27    6.33   0.991  1.6991E+02    9.63
 113  3.2000E+01  3.6951E+01  2.8950E+01   1.276    8.41    8.46   0.994  1.0520E+02   11.96
 114  3.3000E+01  2.4736E+01  1.9230E+01   1.286   10.33   10.38   0.995  6.8246E+01   14.16
 115  3.4000E+01  1.4149E+01  1.0752E+01   1.316   13.83   13.88   0.997  4.3510E+01   16.62
 116  3.5000E+01  1.0662E+01  8.1833E+00   1.303   15.82   15.86   0.998  2.9361E+01   18.20
 117  3.6000E+01  9.4463E+00  7.4440E+00   1.269   16.65   16.68   0.998  1.8698E+01   19.74
 118  3.7000E+01  7.0114E+00  5.5829E+00   1.256   19.23   19.26   0.999  9.2521E+00   23.08
 119  3.8000E+01  2.2407E+00  1.6542E+00   1.355   35.34   35.36   0.999  2.2407E+00   35.34
      3.9000E+01

  INTEGRALS OF SPECTRA
    OLD SPECTRUM   3.2387E+05   ±    0.624 %
    NEW SPECTRUM   3.4767E+05   ±    0.580 %

  SUMMARY OF BROAD-GROUP FLUXES, FLUENCES, AND UNCERTAINTIES

    IRRAD TIME [S] = 7.86600000E+03   ACT NORM =  1.00000000E+00

       ENERGY       FLUX       FLUENCE      STDEV %
      thermal    3.5064E+02  2.7581E+06  ±   5.24     (0.100 meV – 0.550  eV)
     epithermal  4.5665E+03  3.5920E+07  ±   3.43     (0.550  eV – 110.0 keV)
        fast     3.4275E+05  2.6961E+09  ±   0.57     (110.0 keV –  20.0 MeV)
        fast     3.0549E+05  2.4030E+09  ±   0.56     (  1.0 MeV –  20.0 MeV)
        high     8.5446E+03  6.7212E+07  ±   1.66     ( 20.0 MeV –  60.0 MeV)

    MINI-SPECTRUM

       ENERGY       FLUX       FLUENCE      STDEV %
     1.0000E-10  4.3296E+02  3.4056E+06  ±   6.72
     9.2000E-06  7.7693E+01  6.1113E+05  ±  24.04
     9.6000E-04  3.1506E+02  2.4783E+06  ±  10.20
     9.2000E-03  3.2197E+03  2.5326E+07  ±   3.59
     8.8000E-02  1.1471E+04  9.0233E+07  ±   1.87
     3.6000E-01  2.3442E+04  1.8439E+08  ±   1.37
     9.2000E-01  4.1643E+04  3.2757E+08  ±   0.91
     2.3000E+00  1.7915E+05  1.4092E+09  ±   0.59
     1.0000E+01  8.4252E+04  6.6273E+08  ±   0.65
     2.4000E+01  3.6668E+03  2.8843E+07  ±   2.30
     6.0000E+01

       TOTAL     3.4767E+05  2.7348E+09  ±   0.58

    RELATIVE COVARIANCES (10×10)
     1000   267   -70   -71   -58   -50   -32    12    33    17
     1000   289    41     8     8    12    16    13     3
     1000   531    95    19    23    36    32     8
     1000   575   120    67   100    90    24
     1000   546   187   195   172    46
     1000   641   308   231    62
     1000   614   353    93
     1000   737   143
     1000   329
     1000

  SPECTRAL-AVERAGED REACTION RATES (for all cross section library reactions)

        REACTIONS        SIG-PHI      <SIG>          REACTIONS        SIG-PHI      <SIG>          REACTIONS        SIG-PHI      <SIG>  
   ------------------  ----------  ----------   ------------------  ----------  ----------   ------------------  ----------  ----------
   LI6(N,A)T           7.7277E-19  2.2227E-24   FE58(N,G)FE59       1.4532E-21  4.1799E-27   IN115(N,N')IN115M   7.6011E-20  2.1863E-25
   B10(N,A)LI7         2.9897E-18  8.5993E-24   CO59(N,2N)CO58      3.4847E-20  1.0023E-25   IN115(N,2N)IN114M   8.0793E-20  2.3239E-25
   F19(N,2N)F18        2.3160E-21  6.6616E-27   CO59(N,3N)CO57      1.0427E-21  2.9991E-27   IN115(N,G)IN116M    2.0300E-19  5.8390E-25
   NA23(N,2N)NA22      2.3168E-21  6.6639E-27   CO59(N,G)CO60       2.9519E-20  8.4906E-26   I127(N,2N)I126      9.3677E-20  2.6944E-25
   NA23(N,G)NA24       4.8404E-22  1.3922E-27   CO59(N,P)FE59       7.2629E-21  2.0890E-26   LA139(N,G)LA140     8.1125E-21  2.3334E-26
   MG24(N,P)NA24       2.2000E-20  6.3278E-26   CO59(N,A)MN56       2.7666E-21  7.9577E-27   PR141(N,2N)PR140    1.0121E-19  2.9110E-25
   AL27(N,P)MG27       1.5803E-20  4.5454E-26   NI58(N,2N)NI57      1.9033E-21  5.4743E-27   TM169(N,2N)TM168    1.6501E-19  4.7462E-25
   AL27(N,A)NA24       1.2769E-20  3.6727E-26   NI58(N,P)CO58       1.3203E-19  3.7975E-25   TM169(N,3N)TM167    1.6440E-20  4.7285E-26
   SI28(N,P)AL28       4.1470E-20  1.1928E-25   NI60(N,P)CO60       1.8251E-20  5.2497E-26   TA181(N,G)TA182     4.3938E-20  1.2638E-25
   P31(N,P)SI31        3.2376E-20  9.3123E-26   CU63(N,2N)CU62      2.3984E-20  6.8985E-26   W186(N,G)W187       4.4355E-20  1.2758E-25
   S32(N,P)P32         7.7978E-20  2.2429E-25   CU63(N,G)CU64       5.7413E-21  1.6514E-26   AU197(N,2N)AU196    1.5969E-19  4.5931E-25
   TI46(N,2N)TI45      4.4827E-21  1.2893E-26   CU63(N,A)CO60       5.1368E-21  1.4775E-26   AU197(N,G)AU198     1.2753E-19  3.6680E-25
   TI46(N,P)SC46       4.8486E-20  1.3946E-25   CU65(N,2N)CU64      4.6709E-20  1.3435E-25   HG199(N,N')HG199M   1.5703E-19  4.5166E-25
   TI47(N,P)SC47       2.5259E-20  7.2651E-26   ZN64(N,P)CU64       5.1421E-20  1.4790E-25   PB204(N,N')PB204M   3.9243E-20  1.1287E-25
   TI47(N,X)SC46       5.0312E-21  1.4471E-26   ZN67(N,P)CU67       3.8515E-21  1.1078E-26   BI209(N,3N)BI207    1.9544E-20  5.6214E-26
   TI48(N,P)SC48       5.6382E-21  1.6217E-26   AS75(N,2N)AS74      4.9451E-20  1.4224E-25   TH232(N,FISSION)    8.1145E-20  2.3340E-25
   TI48(N,X)SC47       2.3700E-21  6.8168E-27   Y89(N,2N)Y88        4.2419E-20  1.2201E-25   TH232(N,G)TH233     1.9524E-20  5.6157E-26
   TI49(N,X)SC48       1.4834E-21  4.2667E-27   ZR90(N,2N)ZR89      3.4554E-20  9.9388E-26   U235(N,FISSION)     9.7849E-19  2.8144E-24
   V51(N,A)SC48        1.1240E-21  3.2330E-27   NB93(N,G)NB94       4.9971E-21  1.4373E-26   U235(N,G)U236       1.0062E-19  2.8941E-25
   CR52(N,2N)CR51      1.7453E-20  5.0201E-26   NB93(N,N')NB93M     5.5575E-20  1.5985E-25   U238(N,2N)U237      1.8714E-19  5.3828E-25
   MN55(N,2N)MN54      3.6010E-20  1.0357E-25   NB93(N,2N)NB92M     3.0967E-20  8.9071E-26   U238(N,FISSION)     2.4976E-19  7.1840E-25
   MN55(N,G)MN56       1.0698E-20  3.0771E-26   MO92(N,P)NB92M      1.8987E-20  5.4614E-26   U238(N,G)U239       1.6650E-20  4.7889E-26
   FE54(N,2N)FE53      1.6066E-21  4.6211E-27   RH103(N,N')RH103M   2.9642E-19  8.5259E-25   NP237(N,FISSION)    6.0665E-19  1.7449E-24
   FE54(N,P)MN54       1.0792E-19  3.1042E-25   AG109(N,G)AG110M    6.4376E-21  1.8516E-26   PU239(N,FISSION)    1.3134E-18  3.7777E-24
   FE54(N,A)CR51       9.3122E-21  2.6785E-26   IN113(N,N')IN113M   6.3429E-20  1.8244E-25   AM241(N,FISSION)    6.7343E-19  1.9370E-24
   FE56(N,P)MN56       1.2500E-20  3.5954E-26   IN113(N,G)IN114M    3.4457E-20  9.9109E-26   SC45(N,G)SC46       2.1558E-20  6.2007E-26

  INPUT FLUX REL. CORRELATION MATRIX (by row from diagonal)
   1   1000   990   961   914   851   778   698   613   527   445   368   298   237   185   141   105    77    56    39    27
         18    12     8     5     3     2     1     1     0     0     0     0     0     0     0     0     0     0     0     0
          0     0     0     0     1     1     1     1     1     1     1     1     1     1     1     1     1     1     1     1
          2     2     2     2     2     2     2     2     2     2     3     3     3     2     2     3     3     3     3     3
          3     3     4     4     4     4     4     4     4     4     4     4     4     4     3     3     3     2     2     2
          2     2     2     1     1     1     1     1     1     1     1     0     0     0     0     0     0     0     0     5
          5     5     5     5     5     5     5     5     5     5     5     5     5     5     5     5     5     5     5     5

  OUTPUT FLUX REL. CORRELATION MATRIX (by row from diagonal)
   1   1000   788   322   -30  -259  -419  -538  -629  -698  -748  -784  -806  -817  -819  -812  -798  -775  -745  -708  -664
       -615  -562  -508  -453  -400  -351  -306  -265  -230  -199  -174  -152  -134  -119  -107   -97   -88   -81   -75   -70
        -66   -63   -59   -56   -54   -52   -50   -49   -47   -46   -45   -44   -42   -41   -40   -39   -38   -36   -35   -34
        -33   -32   -31   -30   -29   -28   -27   -25   -25   -24   -24   -23   -21   -19   -18   -17   -16   -14   -13   -12
        -11    -9    -9    -8    -8    -9    -8    -8    -7    -7    -5    -4    -1     0     2     4     7     8     8     8
          8     8     8     7     6     6     5     4     3     3     3     4     3     3     2     2     2     1     1   -19
        -19   -19   -19   -19   -19   -19   -19   -19   -19   -19   -19   -19   -19   -19   -19   -19   -19   -19   -19   -19
   2   1000   833   574   351   160   -10  -162  -297  -415  -514  -594  -656  -699  -727  -738  -735  -719  -691  -653  -606
       -555  -500  -446  -393  -343  -299  -259  -225  -196  -171  -151  -135  -122  -112  -103   -96   -90   -86   -81   -78
        -75   -72   -70   -67   -65   -62   -59   -57   -53   -50   -49   -47   -44   -42   -40   -38   -37   -35   -34   -31
        -31   -28   -28   -27   -23   -24   -23   -19   -17    -5    -3    -3    -6    -1     4     7     9    15    19    23
         26    32    35    39    44    45    48    49    50    51    52    52    51    50    49    46    44    42    40    38
         36    33    30    28    25    23    22    20    17    13    10     8     7     6     5     4     3     2    45    45
         45    45    45    45    45    45    45    45    45    45    45    45    45    45    45    45    45    45    45
   3   1000   929   802   659   509   360   213    74   -50  -160  -252  -325  -381  -419  -441  -449  -443  -426  -401  -369
       -334  -299  -263  -230  -200  -174  -152  -133  -118  -106   -96   -89   -83   -78   -75   -72   -71   -69   -67   -65
        -64   -64   -61   -60   -58   -53   -52   -48   -44   -43   -41   -38   -37   -35   -32   -33   -30   -30   -25   -26
        -23   -24   -24   -19   -21   -20   -16   -14     2     5     3    -1     4    13    16    18    26    32    37    40
         49    53    58    65    67    70    72    74    74    74    73    70    68    65    60    57    54    50    48    45
         41    38    36    32    29    28    26    22    17    12    10     8     7     6     5     4     3    72    72    72
         72    72    72    72    72    72    72    72    72    72    72    72    72    72    72    72    72    72
   4   1000   965   887   783   666   540   412   290   177    76    -8   -78  -133  -172  -199  -212  -215  -210  -198  -183
       -166  -147  -130  -114  -100   -88   -78   -71   -65   -60   -58   -56   -55   -54   -53   -54   -53   -53   -53   -53
        -54   -51   -52   -50   -46   -45   -42   -39   -38   -37   -34   -33   -31   -29   -30   -27   -28   -24   -25   -23
        -24   -24   -20   -22   -21   -18   -16     0     1     0    -4     1     9    12    14    21    27    32    35    44
         47    52    58    61    63    65    67    67    67    66    64    62    59    55    52    49    46    43    41    38
         35    33    29    27    25    24    20    15    11     9     8     6     5     4     4     3    65    65    65    65
         65    65    65    65    65    65    65    65    65    65    65    65    65    65    65    65    65
   5   1000   976   916   834   735   626   516   409   309   220   143    78    26   -14   -42   -62   -72   -77   -76   -73
        -68   -62   -56   -50   -46   -42   -40   -38   -37   -37   -37   -38   -39   -39   -41   -42   -42   -43   -43   -44
        -42   -43   -41   -38   -37   -34   -30   -30   -29   -26   -25   -23   -21   -22   -20   -20   -17   -18   -15   -17
        -18   -13   -15   -15   -12   -10     7     9     7     1     7    15    18    20    28    34    39    41    51    55
         60    67    69    72    73    75    75    74    73    70    67    64    59    54    52    48    45    43    39    36
         34    30    28    26    25    21    16    11     9     8     6     5     4     4     3    77    77    77    77    77
         77    77    77    77    77    77    77    77    77    77    77    77    77    77    77    77
   6   1000   981   933   862   775   681   583   488   398   317   245   183   131    89    56    31    13     1    -6   -11
        -14   -16   -17   -18   -19   -20   -21   -23   -24   -27   -28   -31   -32   -35   -36   -37   -38   -40   -41   -40
        -41   -40   -38   -38   -36   -34   -33   -32   -31   -30   -29   -27   -28   -27   -27   -25   -26   -25   -26   -27
        -24   -25   -25   -23   -22   -11    -9   -10   -13    -8    -2     0     2     7    12    16    19    25    28    32
         36    38    40    42    43    44    44    44    43    42    41    39    37    35    33    31    30    27    25    24
         21    19    18    17    14    11     8     7     6     5     4     3     3     2    39    39    39    39    39    39
         39    39    39    39    39    39    39    39    39    39    39    39    39    39    39
   7   1000   984   942   880   803   719   632   546   463   387   318   256   203   158   120    90    66    47    32    21
         13     6     1    -2    -6   -10   -13   -16   -19   -22   -25   -27   -30   -32   -34   -36   -37   -38   -39   -39
        -39   -39   -39   -38   -37   -37   -36   -35   -35   -34   -33   -33   -33   -33   -33   -33   -33   -34   -34   -34
        -34   -34   -34   -33   -28   -26   -26   -26   -23   -19   -17   -14   -10    -7    -4    -1     2     4     6     8
         10    11    12    13    14    16    17    19    20    20    21    21    20    19    19    18    16    15    14    13
         11    10     9     8     7     6     5     4     3     3     2     2     2     4     4     4     4     4     4     4
          4     4     4     4     4     4     4     4     4     4     4     4     4     4
   8   1000   986   949   893   825   749   670   590   512   439   370   307   251   202   160   125    96    72    54    39
         27    17    10     4    -1    -5    -9   -13   -16   -19   -22   -25   -27   -29   -31   -32   -33   -34   -35   -35
        -35   -34   -34   -33   -32   -32   -31   -30   -30   -29   -29   -29   -29   -29   -30   -29   -30   -31   -30   -31
        -31   -30   -29   -24   -23   -23   -23   -20   -16   -14   -11    -8    -5    -2     0     4     6     8    10    12
         13    14    15    16    17    18    19    20    20    20    20    20    19    18    17    16    15    14    12    11
         10     9     8     7     6     5     4     3     3     2     2     1     7     7     7     7     7     7     7     7
          7     7     7     7     7     7     7     7     7     7     7     7     7
   9   1000   988   954   905   843   774   700   624   548   474   404   339   279   227   181   142   110    83    62    45
         32    21    12     5     0    -4    -8   -12   -15   -18   -21   -23   -25   -27   -29   -30   -31   -31   -32   -31
        -31   -31   -30   -30   -29   -29   -28   -28   -28   -28   -28   -28   -28   -28   -28   -29   -29   -29   -30   -30
        -29   -29   -25   -24   -23   -23   -21   -18   -16   -13   -10    -7    -5    -2     0     1     3     5     6     7
          8     9    10    11    12    14    15    15    16    16    16    15    14    14    13    12    11    10     9     8
          7     6     5     5     4     3     3     2     2     2     1     1     1     1     1     1     1     1     1     1
          1     1     1     1     1     1     1     1     1     1     1     1
  10   1000   989   959   914   857   792   721   647   571   496   423   355   292   237   188   147   113    85    63    45
         31    20    12     5     0    -5    -9   -12   -15   -18   -20   -22   -24   -25   -26   -27   -28   -28   -28   -28
        -28   -28   -28   -27   -27   -26   -26   -26   -26   -26   -26   -26   -27   -27   -28   -28   -28   -28   -28   -28
        -28   -26   -25   -24   -23   -21   -19   -17   -15   -13   -10    -8    -6    -4    -2    -1     0     0     1     2
          2     4     5     6     8     9    10    11    11    11    11    11    10    10     9     8     7     7     6     5
          5     4     4     3     3     2     2     2     1     1    -4    -4    -4    -4    -4    -4    -4    -4    -4    -4
         -4    -4    -4    -4    -4    -4    -4    -4    -4    -4    -4
  11   1000   990   963   921   867   804   735   660   583   505   430   359   294   236   187   144   110    82    59    42
         28    18    10     3    -1    -5    -9   -12   -14   -16   -18   -20   -21   -22   -23   -23   -24   -24   -24   -23
        -23   -23   -22   -22   -22   -21   -21   -21   -21   -21   -21   -22   -22   -22   -23   -22   -23   -23   -22   -22
        -19   -18   -18   -18   -16   -14   -12   -10    -8    -6    -4    -2     0     1     3     4     5     5     6     7
          8     9    10    11    11    12    12    12    12    12    11    10    10     9     8     8     7     6     5     5
          4     4     3     3     2     2     1     1     1     1     1     1     1     1     1     1     1     1     1     1
          1     1     1     1     1     1     1     1     1     1
  12   1000   991   965   926   874   811   741   664   585   505   427   354   288   230   180   138   103    76    54    37
         24    15     7     1    -2    -6    -9   -11   -13   -15   -16   -18   -18   -19   -20   -20   -20   -20   -19   -19
        -19   -19   -18   -18   -18   -17   -18   -17   -18   -18   -18   -18   -18   -19   -19   -19   -19   -19   -18   -16
        -15   -15   -15   -13   -11   -10    -8    -6    -4    -3    -1     0     1     3     4     4     5     6     6     7
          8     9     9    10    10    11    11    10    10    10     9     9     8     7     7     6     5     5     4     4
          3     3     2     2     2     1     1     1     1     1     1     1     1     1     1     1     1     1     1     1
          1     1     1     1     1     1     1     1     1
  13   1000   991   967   928   876   813   740   662   580   498   419   345   278   220   170   129    96    69    49    33
         21    12     5     0    -3    -6    -9   -10   -12   -13   -14   -15   -16   -16   -16   -16   -16   -16   -16   -16
        -15   -15   -15   -15   -14   -14   -14   -15   -14   -15   -15   -15   -16   -15   -16   -16   -15   -15   -13   -13
        -12   -12   -11    -9    -8    -7    -5    -4    -2    -1     0     1     2     3     3     4     4     5     5     6
          7     7     8     8     9     9     8     8     8     7     7     6     6     5     5     4     4     3     3     3
          2     2     2     1     1     1     1     1     1     1     1     1     1     1     1     1     1     1     1     1
          1     1     1     1     1     1     1     1
  14   1000   992   968   928   875   810   736   655   571   487   407   333   267   209   161   121    89    64    44    29
         18    10     4     0    -3    -6    -8    -9   -10   -11   -12   -12   -12   -12   -12   -12   -12   -12   -12   -11
        -11   -11   -11   -10   -11   -10   -11   -10   -11   -11   -11   -11   -11   -11   -11   -11   -11    -8    -8    -8
         -8    -7    -5    -4    -4    -2    -1     0     1     2     3     4     5     5     6     6     7     7     7     8
          8     8     8     8     8     8     8     7     7     6     6     6     5     5     4     4     3     3     2     2
          2     1     1     1     1     1     4     4     4     4     4     4     4     4     4     4     4     4     4     4
          4     4     4     4     4     4     4
  15   1000   992   967   927   872   805   728   645   559   475   395   321   256   200   153   114    83    59    41    27
         16     9     3     0    -3    -5    -6    -7    -8    -8    -8    -9    -9    -8    -8    -8    -8    -8    -7    -7
         -7    -7    -6    -6    -6    -6    -6    -6    -6    -6    -7    -6    -6    -6    -6    -6    -3    -3    -3    -3
         -2    -1     0     0     1     2     3     4     5     6     7     8     9     9     9    10    10    10    10    10
         10    10     9     9     8     8     7     7     6     6     6     5     5     4     4     3     3     2     2     1
          1     1     1     1     0     9     9     9     9     9     9     9     9     9     9     9     9     9     9     9
          9     9     9     9     9     9
  16   1000   992   966   925   868   798   719   635   548   463   384   311   247   192   146   109    79    56    38    25
         15     8     3     0    -2    -3    -4    -5    -6    -6    -6    -6    -6    -6    -5    -5    -5    -5    -4    -4
         -4    -4    -4    -4    -4    -4    -4    -4    -4    -4    -4    -4    -4    -3    -3    -1    -1    -1    -1    -1
          0     0     0     1     2     3     4     5     5     6     7     7     8     8     8     8     8     8     8     8
          8     7     7     7     6     6     6     5     5     4     4     4     3     3     3     2     2     1     1     1
          1     1     1     0     8     8     8     8     8     8     8     8     8     8     8     8     8     8     8     8
          8     8     8     8     8
  17   1000   991   965   922   863   792   711   625   539   454   375   304   241   187   142   105    76    54    37    24
         15     9     4     1     0    -1    -2    -3    -3    -3    -3    -3    -2    -2    -2    -2    -1    -1    -1    -1
          0    -1     0     0     0     0     0     0     0     0     0     0     0     0     2     3     2     1     2     3
          4     4     5     6     6     6     8     8     9    10    10    10    11    11    11    11    10    10     9     9
          8     7     7     6     6     6     5     5     4     4     4     3     3     3     2     1     1     1     1     1
          1     0     0    12    12    12    12    12    12    12    12    12    12    12    12    12    12    12    12    12
         12    12    12    12
  18   1000   991   964   919   859   786   704   618   531   448   369   299   236   183   139   103    75    53    36    24
         15     9     5     2     0     0    -1    -1    -1    -1    -1    -1     0     0     0     0     0     0     0     0
          0     0     0     0     0     0     0     0     1     0     0     1     1     3     3     2     2     2     3     3
          3     4     4     4     5     5     6     6     7     7     7     7     7     7     7     7     6     6     6     5
          5     4     4     4     4     3     3     3     2     2     2     2     2     1     1     1     1     0     0     0
          0     0     8     8     8     8     8     8     8     8     8     8     8     8     8     8     8     8     8     8
          8     8     8
  19   1000   991   962   916   855   781   699   613   527   444   366   296   234   182   138   103    75    53    37    25
         17    11     7     4     3     1     1     1     1     1     1     2     2     2     2     3     3     3     3     3
          4     4     4     4     5     4     4     5     5     5     6     6     8     9     8     7     7     8     8     8
          9     9     9     9    11    11    11    12    12    13    13    13    13    12    12    11    10     9     8     7
          6     6     5     5     4     4     4     3     3     3     3     3     2     1     1     1     0     0     0     0
          0    15    15    15    15    15    15    15    15    15    15    15    15    15    15    15    15    15    15    15
         15    15
  20   1000   990   961   915   852   778   696   610   524   442   364   295   234   182   138   103    75    54    38    26
         18    12     8     6     4     3     3     2     3     3     3     3     3     3     4     4     4     4     4     4
          5     5     5     6     5     5     6     6     6     6     7     9     9     8     7     8     8     8     8     8
          9     9     8     9     9    10    11    11    11    11    11    11    10    10     9     8     7     6     5     5
          4     4     4     3     3     3     3     2     2     2     2     1     1     0     0     0     0     0     0     0
         14    14    14    14    14    14    14    14    14    14    14    14    14    14    14    14    14    14    14    14
         14
  21   1000   990   961   913   851   777   695   609   524   441   365   295   234   182   139   104    76    55    39    28
         20    14    10     7     6     5     5     5     5     6     6     6     6     6     7     7     7     7     7     7
          8     8     9     9     9    10     9     9    10    10    13    14    13    11    12    13    12    12    13    13
         13    13    14    14    15    16    16    16    16    16    16    15    14    13    11    10     9     7     7     6
          6     5     5     4     4     4     3     3     4     3     2     1     1     1     0     0     0     0     0    20
         20    20    20    20    20    20    20    20    20    20    20    20    20    20    20    20    20    20    20    20
  22   1000   990   960   913   851   777   695   610   524   442   365   296   235   183   140   105    78    56    41    29
         21    15    11     9     7     7     7     6     7     7     7     7     7     7     8     8     8     8     8     9
          9    10    10    10    11    10    11    11    11    14    15    14    12    12    13    13    12    13    13    13
         13    14    14    15    16    16    16    16    17    16    15    14    13    11    10     8     7     7     6     5
          5     5     4     4     4     3     3     3     3     2     1     1     0     0     0     0     0     0    21    21
         21    21    21    21    21    21    21    21    21    21    21    21    21    21    21    21    21    21    21
  23   1000   990   960   913   851   777   696   610   525   443   366   297   236   184   141   106    79    58    42    30
         22    16    13    10     9     8     8     8     8     8     8     8     8     9     9     9     9     9    10    10
         11    11    11    12    12    12    12    12    16    16    15    13    14    15    14    14    14    15    15    14
         16    16    16    17    17    18    18    18    17    16    15    14    12    11     9     8     7     6     6     5
          5     4     4     4     3     4     4     3     2     1     1     0     0     0     0     0     0    22    22    22
         22    22    22    22    22    22    22    22    22    22    22    22    22    22    22    22    22    22
  24   1000   990   960   913   851   777   696   611   526   444   367   298   237   185   142   107    79    58    42    31
         22    17    12    10     9     8     7     7     7     7     7     7     7     8     7     8     8     9     8     9
          9     9    10    10    10    10    10    13    13    12    11    11    11    11    10    11    11    11    10    11
         11    12    12    12    13    12    13    12    11    10     9     8     7     6     5     4     4     4     3     3
          3     3     2     2     2     2     2     1     0     0     0     0     0     0     0     0    16    16    16    16
         16    16    16    16    16    16    16    16    16    16    16    16    16    16    16    16    16
  25   1000   990   960   913   851   778   697   612   527   445   368   299   238   186   143   108    80    59    43    31
         23    17    13    11     9     9     8     8     7     8     8     8     8     8     8     8     9     9     9     9
          9    10    10    10    11    11    13    13    12    11    11    12    12    11    11    12    12    11    12    12
         12    13    13    13    13    14    13    12    11    10     9     8     6     5     5     4     4     4     3     3
          3     3     2     2     3     2     1     1     0     0     0     0     0     0     0    17    17    17    17    17
         17    17    17    17    17    17    17    17    17    17    17    17    17    17    17    17
  26   1000   990   961   914   852   779   698   613   528   446   369   300   239   187   143   108    81    59    43    32
         23    17    14    11    10     9     8     7     8     7     7     8     7     8     8     9     8     9     9     9
         10    10    10    10    10    13    13    12    11    11    12    11    11    11    11    11    11    12    12    12
         13    13    13    13    13    13    12    11    10     9     7     6     5     5     4     4     4     3     3     3
          2     2     2     3     2     1     1     0     0     0     0     0     0     0    17    17    17    17    17    17
         17    17    17    17    17    17    17    17    17    17    17    17    17    17    17
  27   1000   990   961   914   852   779   698   613   528   446   370   300   239   187   144   109    81    60    44    32
         23    18    14    12    10     9     8     8     8     8     8     8     8     8     9     9    10    10    10    11
         10    10    11    11    14    14    13    12    12    13    13    12    13    13    13    12    14    14    14    15
         15    16    16    16    15    14    13    12    11     9     8     7     6     5     5     5     4     4     4     3
          3     3     3     2     2     1     0     0     0     0     0     0     0    20    20    20    20    20    20    20
         20    20    20    20    20    20    20    20    20    20    20    20    20    20
  28   1000   990   961   914   852   779   699   614   529   447   370   301   240   188   144   109    81    60    44    32
         24    18    14    12    10     9     9     8     8     8     8     8     8     9     9    10     9     9    10    10
         10    11    11    14    14    13    12    12    13    13    12    13    13    13    13    14    14    15    16    16
         16    16    16    16    15    14    12    11    10     8     7     6     6     5     5     4     4     4     3     3
          3     3     3     2     1     1     0     0     0     0     0     0    20    20    20    20    20    20    20    20
         20    20    20    20    20    20    20    20    20    20    20    20    20
  29   1000   990   961   914   853   780   699   614   529   447   370   301   240   188   144   109    81    60    44    32
         24    18    15    12    10     9     9     8     9     8     8     8     9     9    10    10     9    11    10    10
         11    11    14    14    14    12    12    13    13    12    13    14    14    13    15    15    16    17    17    17
         17    17    17    16    15    13    12    11     9     8     7     6     6     6     5     4     4     4     3     4
          4     3     2     1     1     1     0     0     0     0     0    22    22    22    22    22    22    22    22    22
         22    22    22    22    22    22    22    22    22    22    22    22
  30   1000   990   961   914   853   780   699   614   529   447   370   301   240   188   144   109    81    60    44    32
         24    19    14    12    10     9     9     9     8     8     8     9     9     9     9     9    10    10    10    11
         11    14    14    13    12    12    13    13    13    13    14    14    14    15    15    16    17    17    18    18
         18    17    17    15    14    13    11     9     8     8     7     6     6     5     5     5     4     4     4     4
          3     2     1     1     1     0     0     0     0     0    22    22    22    22    22    22    22    22    22    22
         22    22    22    22    22    22    22    22    22    22    22
  31   1000   990   961   914   853   780   699   614   529   447   370   301   240   187   144   109    81    60    44    32
         24    18    14    12    10     9     9     8     8     8     9     8     9     9     9    10     9     9    10    10
         14    14    13    11    12    13    13    12    13    14    14    14    15    15    16    17    17    18    18    18
         17    17    16    14    13    11    10     8     8     7     6     6     5     5     5     4     4     4     4     3
          2     1     1     1     0     0     0     0     0    22    22    22    22    22    22    22    22    22    22    22
         22    22    22    22    22    22    22    22    22    22
  32   1000   990   961   914   853   779   698   614   529   446   370   300   239   187   144   108    81    59    44    32
         23    17    14    11     9     8     7     7     7     8     7     8     8     8     9     8     8     9     9    12
         12    11    10    10    11    11    11    12    12    12    12    13    14    14    15    15    16    16    16    16
         15    14    13    11    10     9     7     7     6     6     5     5     4     4     4     3     4     4     3     2
          1     1     1     0     0     0     0     0    20    20    20    20    20    20    20    20    20    20    20    20
         20    20    20    20    20    20    20    20    20
  33   1000   990   961   914   853   780   699   614   529   447   370   301   240   188   144   110    82    61    46    34
         25    20    16    13    12    10    10    10    11    10    11    10    10    12    11    11    12    12    17    17
         16    14    15    16    16    16    17    18    18    18    20    20    21    23    23    24    24    24    24    23
         21    19    18    16    14    12    11    10     9     9     8     7     7     6     5     6     6     4     3     2
          1     1     1     1     1     1     0    30    30    30    30    30    30    30    30    30    30    30    30    30
         30    30    30    30    30    30    30    30
  34   1000   990   961   914   853   780   699   614   529   447   370   301   240   188   145   110    82    62    45    34
         26    20    16    14    11    11    10    11    10    11    10    10    12    11    11    12    12    17    18    16
         14    15    17    16    16    17    18    19    18    21    21    22    24    24    25    25    25    25    23    22
         20    18    16    14    12    12    10    10     9     8     7     7     6     6     6     6     5     3     2     1
          1     1     1     1     1     0    31    31    31    31    31    31    31    31    31    31    31    31    31    31
         31    31    31    31    31    31    31
  35   1000   990   961   914   853   779   698   613   528   446   369   300   239   187   144   109    82    61    45    33
         25    19    16    12    11    10    10     9    10     9     9    10    10    10    11    11    16    16    15    12
         13    15    15    14    16    17    17    17    19    19    20    22    22    23    23    24    23    22    21    19
         17    15    13    12    11    10     9     9     8     7     7     6     5     5     6     4     3     2     1     1
          1     1     1     1     0    28    28    28    28    28    28    28    28    28    28    28    28    28    28    28
         28    28    28    28    28    28
  36   1000   990   961   914   853   779   698   614   529   446   370   300   240   188   145   111    83    62    47    35
         27    21    17    15    13    13    12    12    12    11    13    12    12    13    13    19    20    18    15    17
         19    19    18    20    21    21    21    24    24    26    28    28    29    29    30    29    27    26    24    22
         19    17    15    14    12    11    11    10     9     8     8     7     7     7     6     4     2     2     1     1
          1     1     1     0    36    36    36    36    36    36    36    36    36    36    36    36    36    36    36    36
         36    36    36    36    36
  37   1000   990   961   914   852   779   698   613   528   446   369   300   239   188   145   110    83    62    46    35
         27    20    17    14    14    12    12    12    11    13    12    12    13    13    19    19    18    15    16    18
         18    18    20    21    21    21    24    24    26    28    28    29    29    29    29    27    26    24    22    19
         17    15    14    12    11    11    10     9     9     8     7     7     7     6     4     2     2     1     1     1
          1     1     0    35    35    35    35    35    35    35    35    35    35    35    35    35    35    35    35    35
         35    35    35    35
  38   1000   990   961   914   853   780   699   614   529   447   371   302   242   191   148   113    86    65    50    39
         30    25    20    20    17    18    16    15    18    16    16    18    18    27    27    25    21    23    26    26
         25    27    29    30    29    34    34    36    39    39    41    41    42    40    39    36    33    30    27    24
         21    19    17    16    16    14    13    12    11    10    10    10     8     5     3     2     2     1     1     1
          1     1    50    50    50    50    50    50    50    50    50    50    50    50    50    50    50    50    50    50
         50    50    50
  39   1000   990   961   914   852   779   698   613   528   445   369   300   239   188   146   111    84    63    48    35
         28    22    19    16    15    14    13    14    13    13    14    14    21    21    20    16    18    20    20    19
         22    23    24    23    27    27    29    31    31    32    32    33    32    31    29    27    24    22    19    17
         16    14    13    12    11    10    10     9     8     8     8     6     4     3     2     1     1     1     1     1
          0    40    40    40    40    40    40    40    40    40    40    40    40    40    40    40    40    40    40    40
         40    40
  40   1000   990   961   914   853   779   699   614   529   447   371   302   242   191   149   115    88    67    51    40
         31    28    23    22    19    18    20    18    18    19    20    29    29    27    23    24    28    28    27    30
         32    33    32    37    37    40    43    43    45    45    46    44    43    40    37    34    30    26    23    22
         19    18    17    15    14    13    12    11    11    11     9     6     3     3     2     1     1     1     1     1
         55    55    55    55    55    55    55    55    55    55    55    55    55    55    55    55    55    55    55    55
         55
  41   1000   990   961   914   853   780   699   614   529   448   372   304   244   193   151   117    91    69    54    42
         36    30    27    24    22    24    22    21    23    23    34    35    32    27    29    33    33    32    35    37
         39    38    44    44    47    51    51    53    53    54    52    50    48    43    40    36    31    27    26    23
         21    20    18    17    16    14    13    13    13    10     7     4     3     2     2     2     2     1     1    65
         65    65    65    65    65    65    65    65    65    65    65    65    65    65    65    65    65    65    65    65
  42   1000   990   961   914   853   780   699   615   530   448   373   305   246   195   153   120    92    72    56    47
         38    34    29    26    27    25    24    26    26    38    39    36    30    32    37    37    36    40    42    43
         43    49    50    53    58    58    60    60    61    59    57    54    49    45    40    35    31    29    26    24
         23    20    19    18    16    14    15    15    12     8     5     3     3     2     2     2     2     1    73    73
         73    73    73    73    73    73    73    73    73    73    73    73    73    73    73    73    73    73    73
  43   1000   990   961   914   853   779   699   614   529   449   374   306   247   196   155   120    94    72    59    47
         40    34    29    30    27    25    27    27    40    41    37    31    34    38    38    37    41    43    45    44
         51    51    55    60    60    62    62    63    61    59    56    51    46    42    36    32    30    27    25    24
         21    19    18    16    15    15    15    12     8     5     4     3     2     2     2     2     1    75    75    75
         75    75    75    75    75    75    75    75    75    75    75    75    75    75    75    75    75    75
  44   1000   990   961   914   851   778   696   611   528   448   372   305   245   195   152   119    92    73    56    47
         38    31    30    26    24    25    25    37    37    34    28    31    35    35    34    38    40    41    41    47
         47    50    55    55    57    57    58    56    54    51    47    43    39    33    29    27    25    23    22    19
         18    17    15    14    14    14    11     8     4     3     3     2     2     2     1     1    69    69    69    69
         69    69    69    69    69    69    69    69    69    69    69    69    69    69    69    69    69
  45   1000   990   961   914   853   780   699   616   533   453   378   311   253   201   161   126   102    81    68    55
         46    45    39    36    37    37    53    54    49    41    45    50    50    49    54    57    59    59    67    68
         72    79    79    81    81    83    81    77    73    67    61    55    48    42    39    35    33    31    28    25
         24    22    20    20    20    16    11     6     5     4     3     2     2     2     1    99    99    99    99    99
         99    99    99    99    99    99    99    99    99    99    99    99    99    99    99    99
  46   1000   990   960   913   851   777   699   616   532   452   377   310   251   201   159   128   100    81    65    53
         49    41    37    37    36    51    51    47    39    42    48    48    46    51    54    56    56    64    64    68
         75    75    77    77    79    77    73    69    63    58    52    45    40    37    33    31    30    26    24    23
         21    19    19    19    15    10     6     4     4     3     2     2     2     1    94    94    94    94    94    94
         94    94    94    94    94    94    94    94    94    94    94    94    94    94    94
  47   1000   990   961   913   851   780   701   618   535   456   382   314   256   206   167   132   108    86    70    63
         53    47    47    45    62    62    57    47    51    58    58    56    62    65    67    67    76    77    82    90
         90    93    93    95    92    88    83    76    69    63    54    48    45    40    37    36    32    29    28    25
         22    23    23    18    12     7     5     4     3     3     3     2     1   113   113   113   113   113   113   113
        113   113   113   113   113   113   113   113   113   113   113   113   113   113
  48   1000   990   961   915   855   784   705   623   542   463   389   323   264   218   175   146   118    96    87    73
         65    64    61    83    83    76    63    68    77    76    74    82    86    89    88   101   102   108   118   118
        122   122   125   121   116   110   100    91    83    71    63    59    53    49    47    42    38    36    32    30
         30    30    24    16     9     7     6     4     4     4     3     2   150   150   150   150   150   150   150   150
        150   150   150   150   150   150   150   150   150   150   150   150   150
  49   1000   990   960   915   855   784   706   624   543   464   391   324   270   219   181   146   119   105    87    75
         72    68    89    89    80    67    71    80    80    77    86    90    93    92   106   107   113   124   124   128
        128   131   127   121   115   105    96    87    75    66    61    55    51    49    43    40    38    34    31    31
         31    25    17    10     7     6     4     4     4     3     2   156   156   156   156   156   156   156   156   156
        156   156   156   156   156   156   156   156   156   156   156   156
  50   1000   990   962   917   857   787   710   629   547   470   397   335   275   230   188   153   135   111    96    90
         84   108   107    97    80    85    96    95    92   102   107   110   109   125   126   134   146   146   151   151
        154   150   143   136   124   113   102    88    78    72    65    60    58    51    47    45    40    36    37    37
         29    20    12     8     7     5     4     4     4     2   185   185   185   185   185   185   185   185   185   185
        185   185   185   185   185   185   185   185   185   185   185
  51   1000   990   963   918   859   790   714   632   553   475   407   340   287   237   195   171   141   121   112   103
        130   127   114    94   100   112   111   107   119   125   129   127   146   147   156   170   170   176   176   180
        174   167   158   144   132   119   103    90    84    76    70    67    60    55    52    46    42    43    43    34
         23    14    10     8     6     5     5     4     2   216   216   216   216   216   216   216   216   216   216   216
        216   216   216   216   216   216   216   216   216   216
  52   1000   990   962   918   859   789   712   633   552   477   404   342   284   234   201   165   139   124   111   133
        128   114    94    98   109   108   104   115   121   124   123   141   142   150   165   165   170   170   174   168
        161   153   139   127   115    99    87    81    73    68    65    58    53    50    45    41    41    41    33    22
         13     9     8     6     5     5     4     2   208   208   208   208   208   208   208   208   208   208   208   208
        208   208   208   208   208   208   208   208   208
  53   1000   990   962   918   859   790   713   633   555   477   408   342   284   242   199   166   145   127   145   137
        121    99   103   113   111   107   117   123   127   125   143   145   153   167   167   173   173   177   171   164
        155   142   129   117   101    89    83    74    69    66    59    54    51    46    42    42    42    34    23    13
         10     8     6     5     5     4     2   212   212   212   212   212   212   212   212   212   212   212   212   212
        212   212   212   212   212   212   212   212
  54   1000   991   963   919   860   792   715   638   558   484   411   346   296   245   205   178   154   169   158   139
        113   116   126   123   118   129   135   139   137   157   158   168   183   183   190   190   194   188   180   170
        155   142   128   110    97    91    81    75    73    64    59    56    50    46    46    46    37    25    15    11
          9     6     5     5     5     2   232   232   232   232   232   232   232   232   232   232   232   232   232   232
        232   232   232   232   232   232   232
  55   1000   991   963   919   861   792   717   637   560   483   411   352   293   245   211   180   188   172   150   121
        121   130   126   120   130   136   140   138   158   159   168   184   184   190   190   194   189   181   171   156
        142   129   111    98    91    82    76    73    64    59    56    50    46    46    46    37    25    15    11     9
          6     6     5     5     2   233   233   233   233   233   233   233   233   233   233   233   233   233   233   233
        233   233   233   233   233   233
  56   1000   990   963   919   862   794   718   641   562   485   420   354   297   255   217   218   197   170   138   135
        142   137   129   140   145   149   147   167   169   179   195   195   202   202   206   200   192   181   165   151
        136   118   104    97    87    80    77    68    63    60    53    49    49    49    39    27    16    11     9     7
          6     6     5     2   248   248   248   248   248   248   248   248   248   248   248   248   248   248   248   248
        248   248   248   248   248
  57   1000   990   964   920   863   796   722   644   565   495   422   359   308   263   258   231   199   161   155   160
        152   143   153   159   162   159   181   183   193   211   211   218   218   223   216   207   196   179   163   148
        127   112   104    94    87    84    74    68    65    58    53    53    53    42    29    17    12    10     7     6
          6     5     3   268   268   268   268   268   268   268   268   268   268   268   268   268   268   268   268   268
        268   268   268   268
  58   1000   990   963   919   862   794   719   640   565   488   417   358   304   283   249   212   171   160   159   149
        138   145   149   151   148   168   169   179   195   195   201   201   206   200   191   181   165   151   136   117
        103    96    86    80    77    68    63    60    53    49    49    49    39    27    16    11     9     7     6     6
          5     2   247   247   247   247   247   247   247   247   247   247   247   247   247   247   247   247   247   247
        247   247   247
  59   1000   991   963   920   863   796   721   646   568   492   427   365   336   295   252   205   188   184   170   156
        162   165   166   162   183   184   194   212   212   219   219   224   217   208   197   179   164   148   128   112
        105    94    87    84    74    68    65    58    53    53    54    43    29    17    12    10     7     6     6     6
          3   269   269   269   269   269   269   269   269   269   269   269   269   269   269   269   269   269   269   269
        269   269
  60   1000   990   963   919   863   796   722   644   567   495   427   384   335   286   234   210   199   181   163   166
        167   166   161   181   182   191   209   208   215   215   220   213   204   193   176   161   145   125   110   103
         92    86    82    73    67    64    57    52    53    53    42    28    17    12    10     7     6     6     5     3
        264   264   264   264   264   264   264   264   264   264   264   264   264   264   264   264   264   264   264   264
        264
  61   1000   991   964   922   866   801   728   651   578   506   459   404   348   287   258   242   219   197   198   197
        195   188   211   211   222   241   241   249   249   254   246   236   223   203   186   168   145   127   119   107
         99    95    84    77    74    66    60    61    61    48    33    19    14    11     8     7     7     6     3   305
        305   305   305   305   305   305   305   305   305   305   305   305   305   305   305   305   305   305   305   305
  62   1000   990   964   921   865   799   726   651   576   514   453   392   327   288   264   235   207   203   197   193
        184   203   202   212   230   229   237   236   241   234   224   212   193   176   160   138   121   113   101    94
         91    80    74    70    62    57    58    58    46    31    18    13    11     8     7     7     6     3   290   290
        290   290   290   290   290   290   290   290   290   290   290   290   290   290   290   290   290   290   290
  63   1000   991   964   923   868   802   732   658   594   528   462   391   346   315   279   245   237   228   221   209
        229   227   236   256   255   263   263   268   260   249   235   214   196   177   153   134   125   113   104   101
         89    82    78    69    63    64    64    51    35    20    15    12     9     8     8     7     3   322   322   322
        322   322   322   322   322   322   322   322   322   322   322   322   322   322   322   322   322   322
  64   1000   991   964   922   867   802   730   657   588   521   447   392   351   308   268   252   237   225   211   226
        222   230   247   246   253   252   257   249   239   226   206   188   170   146   129   120   108   100    97    85
         78    75    67    61    62    62    49    33    19    14    11     8     7     7     6     3   309   309   309   309
        309   309   309   309   309   309   309   309   309   309   309   309   309   309   309   309   309
  65   1000   990   964   922   867   801   723   654   586   511   449   398   348   301   277   255   238   219   230   223
        229   244   242   248   247   252   244   234   221   201   184   166   143   126   118   106    98    95    84    77
         73    65    60    60    60    48    33    19    14    11     8     7     7     6     3   303   303   303   303   303
        303   303   303   303   303   303   303   303   303   303   303   303   303   303   303   303
  66   1000   991   965   925   871   803   738   671   595   529   474   418   365   335   308   286   262   272   263   268
        285   281   288   287   292   282   270   255   233   212   192   165   146   136   122   113   109    97    89    85
         75    69    70    70    56    38    22    16    13     9     8     8     7     4   350   350   350   350   350   350
        350   350   350   350   350   350   350   350   350   350   350   350   350   350   350
  67   1000   991   965   923   855   795   735   663   592   529   466   406   366   331   301   272   274   261   261   274
        269   274   272   276   267   255   241   219   200   181   156   137   128   115   107   103    91    84    80    71
         65    66    66    53    36    21    15    12     9     8     8     7     3   330   330   330   330   330   330   330
        330   330   330   330   330   330   330   330   330   330   330   330   330   330
  68   1000   991   965   904   853   800   735   664   595   528   463   414   370   333   298   292   274   271   280   273
        276   273   276   267   254   240   219   199   180   155   137   128   115   107   103    91    84    80    71    65
         66    66    52    36    21    15    12     9     8     8     7     3   329   329   329   329   329   329   329   329
        329   329   329   329   329   329   329   329   329   329   329   329   329
  69   1000   991   949   910   868   810   743   674   605   537   482   433   389   348   336   314   306   313   303   305
        301   304   293   279   263   239   218   197   170   150   140   125   117   112    99    91    87    78    71    72
         72    57    39    23    17    13    10     9     9     7     4   360   360   360   360   360   360   360   360   360
        360   360   360   360   360   360   360   360   360   360   360   360
  70   1000   974   949   919   873   812   745   677   607   546   490   440   392   372   344   331   333   320   319   313
        315   303   288   271   247   224   203   175   154   144   129   120   115   102    94    90    80    73    74    74
         59    40    23    17    14    10     9     9     8     4   370   370   370   370   370   370   370   370   370   370
        370   370   370   370   370   370   370   370   370   370   370
  71   1000   993   971   925   884   839   780   714   665   615   567   517   507   477   467   476   461   463   455   458
        441   420   395   359   327   295   254   224   209   187   174   167   148   136   130   116   106   107   107    85
         58    34    25    20    14    13    13    11     5   538   538   538   538   538   538   538   538   538   538   538
        538   538   538   538   538   538   538   538   538   538
  72   1000   992   960   930   893   840   778   728   675   623   568   550   515   498   501   483   481   470   472   453
        430   404   367   334   301   259   228   213   191   177   170   151   139   132   118   108   109   109    87    59
         35    25    20    15    13    13    11     6   548   548   548   548   548   548   548   548   548   548   548   548
        548   548   548   548   548   548   548   548   548
  73   1000   988   968   936   890   833   779   722   664   605   572   529   502   493   469   461   447   444   424   402
        377   341   310   279   239   210   196   176   163   157   139   128   122   109   100   101   101    80    54    32
         23    19    14    12    12    10     5   506   506   506   506   506   506   506   506   506   506   506   506   506
        506   506   506   506   506   506   506   506
  74   1000   991   964   927   879   820   758   695   632   579   528   488   461   432   414   396   387   367   345   322
        290   262   235   201   177   164   147   137   132   116   107   102    91    83    84    85    67    46    27    20
         16    12    10    10     9     4   423   423   423   423   423   423   423   423   423   423   423   423   423   423
        423   423   423   423   423   423   423
  75   1000   990   968   932   883   828   768   707   651   597   552   519   486   463   441   428   405   380   353   318
        286   256   219   192   178   159   148   142   126   116   110    98    90    91    91    73    49    29    21    17
         12    11    11    10     5   458   458   458   458   458   458   458   458   458   458   458   458   458   458   458
        458   458   458   458   458   458
  76   1000   993   970   937   893   842   785   733   679   633   597   560   534   508   493   466   436   405   364   328
        293   250   218   202   180   167   161   142   130   125   111   102   103   103    82    56    33    24    19    14
         12    12    11     5   517   517   517   517   517   517   517   517   517   517   517   517   517   517   517   517
        517   517   517   517   517
  77   1000   992   971   936   892   841   787   732   681   637   596   564   533   512   482   450   416   373   334   297
        253   220   203   181   167   160   141   130   124   110   101   102   103    82    55    32    24    19    14    12
         12    11     5   516   516   516   516   516   516   516   516   516   516   516   516   516   516   516   516   516
        516   516   516   516
  78   1000   991   967   932   889   833   780   724   671   626   587   552   524   492   457   421   376   335   296   251
        217   199   176   162   155   137   126   120   107    98    99    99    79    53    31    23    18    13    12    12
         10     5   499   499   499   499   499   499   499   499   499   499   499   499   499   499   499   499   499   499
        499   499   499
  79   1000   993   972   940   895   849   798   746   702   661   623   592   556   518   477   426   379   335   283   244
        223   197   181   172   152   139   132   118   108   109   109    87    59    34    25    20    15    13    13    11
          6   552   552   552   552   552   552   552   552   552   552   552   552   552   552   552   552   552   552   552
        552   552
  80   1000   993   974   940   902   856   805   761   718   679   645   607   565   520   465   413   364   307   264   240
        211   192   183   160   146   139   124   113   115   115    91    62    36    26    21    15    14    13    12     6
        581   581   581   581   581   581   581   581   581   581   581   581   581   581   581   581   581   581   581   581
        581
  81   1000   993   972   943   903   854   813   769   729   692   652   608   560   501   445   391   330   282   254   222
        201   190   166   151   144   127   116   118   118    94    63    37    27    22    16    14    14    12     6   599
        599   599   599   599   599   599   599   599   599   599   599   599   599   599   599   599   599   599   599   599
  82   1000   988   969   936   887   850   805   765   724   684   639   589   528   468   410   345   294   262   227   204
        191   166   150   142   126   114   116   116    92    62    36    26    21    15    14    13    12     6   591   591
        591   591   591   591   591   591   591   591   591   591   591   591   591   591   591   591   591   591   591
  83   1000   995   978   946   918   881   846   810   771   725   672   606   541   476   402   343   306   265   237   222
        192   173   163   144   131   132   132   105    71    41    29    24    17    15    15    13     6   676   676   676
        676   676   676   676   676   676   676   676   676   676   676   676   676   676   676   676   676   676
  84   1000   993   969   948   916   884   848   812   767   715   648   579   510   432   367   326   280   249   230   198
        178   167   146   132   133   133   106    71    41    29    24    17    15    15    13     6   682   682   682   682
        682   682   682   682   682   682   682   682   682   682   682   682   682   682   682   682   682
  85   1000   990   978   954   929   898   865   823   771   704   633   560   476   406   359   309   273   251   215   192
        179   156   141   141   141   112    75    43    31    25    18    16    16    14     7   722   722   722   722   722
        722   722   722   722   722   722   722   722   722   722   722   722   722   722   722   722
  86   1000   996   985   968   946   917   879   829   762   690   614   526   451   400   345   305   280   240   213   198
        172   155   155   154   122    82    47    33    27    19    17    17    15     7   789   789   789   789   789   789
        789   789   789   789   789   789   789   789   789   789   789   789   789   789   789
  87   1000   995   985   967   945   911   866   801   730   654   563   485   429   369   325   295   251   221   203   176
        157   156   155   122    81    46    33    26    19    17    17    15     7   789   789   789   789   789   789   789
        789   789   789   789   789   789   789   789   789   789   789   789   789   789
  88   1000   997   987   970   942   901   840   772   696   604   523   465   401   352   318   270   237   216   186   165
        163   161   127    84    48    34    27    19    17    17    15     7   815   815   815   815   815   815   815   815
        815   815   815   815   815   815   815   815   815   815   815   815   815
  89   1000   996   986   965   931   876   812   738   647   564   502   433   380   341   288   251   227   194   171   167
        163   128    84    48    33    26    19    16    17    15     7   815   815   815   815   815   815   815   815   815
        815   815   815   815   815   815   815   815   815   815   815   815
  90   1000   996   981   953   904   845   775   686   604   540   469   412   370   313   271   243   207   181   175   170
        132    87    49    34    27    19    17    17    15     7   833   833   833   833   833   833   833   833   833   833
        833   833   833   833   833   833   833   833   833   833   833
  91   1000   995   976   939   887   824   739   657   590   515   452   403   340   293   259   218   188   178   170   132
         87    49    33    26    18    16    16    14     6   807   807   807   807   807   807   807   807   807   807   807
        807   807   807   807   807   807   807   807   807   807
  92   1000   993   969   929   873   796   717   649   571   502   446   376   322   281   234   199   185   173   133    87
         49    33    25    17    14    14    13     5   772   772   772   772   772   772   772   772   772   772   772   772
        772   772   772   772   772   772   772   772   772
  93   1000   991   964   921   854   782   714   635   562   499   423   361   312   258   217   196   179   136    90    51
         34    25    16    14    13    12     4   730   730   730   730   730   730   730   730   730   730   730   730   730
        730   730   730   730   730   730   730   730
  94   1000   991   964   913   850   786   709   634   564   482   412   353   292   242   212   188   143    95    55    36
         26    17    13    12    10     3   666   666   666   666   666   666   666   666   666   666   666   666   666   666
        666   666   666   666   666   666   666
  95   1000   991   958   910   854   782   708   635   550   473   406   336   278   239   207   157   106    64    43    30
         19    14    12    10     3   607   607   607   607   607   607   607   607   607   607   607   607   607   607   607
        607   607   607   607   607   607
  96   1000   988   957   913   852   783   711   625   544   469   392   326   277   235   179   124    79    53    37    24
         17    14    10     3   549   549   549   549   549   549   549   549   549   549   549   549   549   549   549   549
        549   549   549   549   549
  97   1000   990   962   915   856   788   705   622   542   459   384   325   272   210   150   101    70    49    32    23
         17    12     5   473   473   473   473   473   473   473   473   473   473   473   473   473   473   473   473   473
        473   473   473   473
  98   1000   991   962   916   858   783   703   621   535   453   385   323   253   187   132    95    68    46    32    23
         16     8   416   416   416   416   416   416   416   416   416   416   416   416   416   416   416   416   416   416
        416   416   416
  99   1000   990   961   916   853   780   702   615   531   455   385   309   236   172   128    94    66    47    34    23
         13   388   388   388   388   388   388   388   388   388   388   388   388   388   388   388   388   388   388   388
        388   388
 100   1000   990   962   914   852   780   698   613   533   456   374   294   223   170   128    93    68    49    34    21
        347   347   347   347   347   347   347   347   347   347   347   347   347   347   347   347   347   347   347   347
        347
 101   1000   990   961   914   852   778   697   616   535   448   362   284   221   171   128    95    70    50    33   322
        322   322   322   322   322   322   322   322   322   322   322   322   322   322   322   322   322   322   322   322
 102   1000   990   960   913   850   777   699   618   529   438   353   282   223   171   130    98    72    49   310   310
        310   310   310   310   310   310   310   310   310   310   310   310   310   310   310   310   310   310   310
 103   1000   990   961   913   851   780   702   613   521   431   353   285   224   174   133   100    71   274   274   274
        274   274   274   274   274   274   274   274   274   274   274   274   274   274   274   274   274   274
 104   1000   990   960   913   853   782   698   607   515   432   356   286   227   177   135    99   251   251   251   251
        251   251   251   251   251   251   251   251   251   251   251   251   251   251   251   251   251
 105   1000   990   960   914   854   779   693   602   515   433   357   289   230   179   135   240   240   240   240   240
        240   240   240   240   240   240   240   240   240   240   240   240   240   240   240   240
 106   1000   990   961   915   853   775   689   603   518   435   360   292   232   179   213   213   213   213   213   213
        213   213   213   213   213   213   213   213   213   213   213   213   213   213   213
 107   1000   990   961   914   850   772   689   604   519   438   363   294   232   195   195   195   195   195   195   195
        195   195   195   195   195   195   195   195   195   195   195   195   195   195
 108   1000   990   961   911   845   770   689   604   520   439   363   293   197   197   197   197   197   197   197   197
        197   197   197   197   197   197   197   197   197   197   197   197   197
 109   1000   989   957   906   843   769   688   604   521   440   362   198   198   198   198   198   198   198   198   198
        198   198   198   198   198   198   198   198   198   198   198   198
 110   1000   989   957   908   846   773   692   608   524   441   157   157   157   157   157   157   157   157   157   157
        157   157   157   157   157   157   157   157   157   157   157
 111   1000   989   959   912   850   777   696   612   526   106   106   106   106   106   106   106   106   106   106   106
        106   106   106   106   106   106   106   106   106   106
 112   1000   990   961   914   852   779   698   613    62    62    62    62    62    62    62    62    62    62    62    62
         62    62    62    62    62    62    62    62    62
 113   1000   990   961   914   852   779   698    45    45    45    45    45    45    45    45    45    45    45    45    45
         45    45    45    45    45    45    45    45
 114   1000   990   961   914   853   779    36    36    36    36    36    36    36    36    36    36    36    36    36    36
         36    36    36    36    36    36    36
 115   1000   990   961   914   852    26    26    26    26    26    26    26    26    26    26    26    26    26    26    26
         26    26    26    26    26    26
 116   1000   990   961   914    23    23    23    23    23    23    23    23    23    23    23    23    23    23    23    23
         23    23    23    23    23
 117   1000   990   961    23    23    23    23    23    23    23    23    23    23    23    23    23    23    23    23    23
         23    23    23    23
 118   1000   990    20    20    20    20    20    20    20    20    20    20    20    20    20    20    20    20    20    20
         20    20    20
 119   1000    10    10    10    10    10    10    10    10    10    10    10    10    10    10    10    10    10    10    10
         10    10
 120   1000  1000  1000  1000  1000  1000  1000  1000  1000  1000  1000  1000  1000  1000  1000  1000  1000  1000  1000  1000
       1000
 121   1000  1000  1000  1000  1000  1000  1000  1000  1000  1000  1000  1000  1000  1000  1000  1000  1000  1000  1000  1000
 122   1000  1000  1000  1000  1000  1000  1000  1000  1000  1000  1000  1000  1000  1000  1000  1000  1000  1000  1000
 123   1000  1000  1000  1000  1000  1000  1000  1000  1000  1000  1000  1000  1000  1000  1000  1000  1000  1000
 124   1000  1000  1000  1000  1000  1000  1000  1000  1000  1000  1000  1000  1000  1000  1000  1000  1000
 125   1000  1000  1000  1000  1000  1000  1000  1000  1000  1000  1000  1000  1000  1000  1000  1000
 126   1000  1000  1000  1000  1000  1000  1000  1000  1000  1000  1000  1000  1000  1000  1000
 127   1000  1000  1000  1000  1000  1000  1000  1000  1000  1000  1000  1000  1000  1000
 128   1000  1000  1000  1000  1000  1000  1000  1000  1000  1000  1000  1000  1000
 129   1000  1000  1000  1000  1000  1000  1000  1000  1000  1000  1000  1000
 130   1000  1000  1000  1000  1000  1000  1000  1000  1000  1000  1000
 131   1000  1000  1000  1000  1000  1000  1000  1000  1000  1000
 132   1000  1000  1000  1000  1000  1000  1000  1000  1000
 133   1000  1000  1000  1000  1000  1000  1000  1000
 134   1000  1000  1000  1000  1000  1000  1000
 135   1000  1000  1000  1000  1000  1000
 136   1000  1000  1000  1000  1000
 137   1000  1000  1000  1000
 138   1000  1000  1000
 139   1000  1000
 140   1000

 Finished!
