88" 33MeV Deuteron breakup on Ta, Clean Beam
  140    6    1    0    1
   0.00500  10.00000   0.00500   0.00100
   1.0000000   0   0 7.86600000E+03   1.0000000
AL27P    1.414E-20 0.020       0.00       0.00        (    )
AL27A    1.925E-20 0.010       0.00       0.00        (    )
NI582    3.677E-21 0.015       0.00       0.00        (    )
IN115N   8.670E-20 0.005       0.00       0.00        (    )
AU1972   3.093E-19 0.012       0.00       0.00        (    )
AU197G   8.478E-20 0.017       0.00 AUNG  3.70 BFX    (BEAM)
Flux Uncertainty From MCNP Calculations
 140
 1.3800E-02 1.3200E-02 1.2700E-02 1.2400E-02 1.2200E-02 1.2000E-02 1.2000E-02
 1.1900E-02 1.2000E-02 1.2000E-02 1.2100E-02 1.2300E-02 1.2500E-02 1.2800E-02
 1.3100E-02 1.3700E-02 1.4300E-02 1.5200E-02 1.6300E-02 1.7700E-02 1.9500E-02
 2.1600E-02 2.4300E-02 2.8400E-02 3.3400E-02 3.9900E-02 4.7800E-02 5.3600E-02
 6.7900E-02 8.3800E-02 9.2000E-02 1.0710E-01 1.1200E-01 1.5310E-01 1.7100E-01
 1.9210E-01 1.8360E-01 2.4690E-01 2.1150E-01 2.5290E-01 2.3630E-01 2.5630E-01
 3.1820E-01 2.0640E-01 1.7560E-01 2.7580E-01 2.4160E-01 1.7950E-01 1.5440E-01
 1.2900E-01 1.1440E-01 1.0220E-01 9.9000E-02 7.7100E-02 6.6800E-02 5.8200E-02
 5.1000E-02 4.5000E-02 3.9800E-02 3.5400E-02 3.1600E-02 2.8300E-02 2.5400E-02
 2.2900E-02 2.0600E-02 1.8700E-02 1.7000E-02 1.5500E-02 1.4300E-02 1.3300E-02
 1.2500E-02 1.1900E-02 1.1500E-02 1.1200E-02 1.1000E-02 1.1000E-02 1.1000E-02
 1.1100E-02 1.1200E-02 1.1200E-02 1.0800E-02 1.0500E-02 1.0100E-02 9.6000E-03
 9.0000E-03 8.4000E-03 7.8000E-03 7.2000E-03 6.7000E-03 6.4000E-03 6.1000E-03
 6.1000E-03 5.9000E-03 5.9000E-03 6.0000E-03 6.2000E-03 6.4000E-03 6.8000E-03
 7.3000E-03 7.9000E-03 8.7000E-03 9.6000E-03 1.0500E-02 1.1900E-02 1.3700E-02
 1.5900E-02 1.8800E-02 2.2300E-02 2.6800E-02 3.2300E-02 3.9200E-02 4.7600E-02
 5.7900E-02 7.0100E-02 8.4200E-02 9.9700E-02 1.1590E-01 1.3160E-01 0.0000E+00
 0.0000E+00 0.0000E+00 0.0000E+00 0.0000E+00 0.0000E+00 0.0000E+00 0.0000E+00
 0.0000E+00 0.0000E+00 0.0000E+00 0.0000E+00 0.0000E+00 0.0000E+00 0.0000E+00
 0.0000E+00 0.0000E+00 0.0000E+00 0.0000E+00 0.0000E+00 0.0000E+00 0.0000E+00
Input Flux Spectrum from MCNP Simulation
 140   0 4.060E+09 2.000E+01 5.000E-08
 6.5633E-09 6.7265E-09 6.8452E-09 6.9109E-09 6.9464E-09 7.0204E-09 7.0428E-09
 7.0493E-09 7.0523E-09 7.0265E-09 6.9754E-09 6.9454E-09 6.8821E-09 6.8043E-09
 6.6904E-09 6.6085E-09 6.4414E-09 9.3469E-10 6.0868E-09 5.8801E-09 5.6490E-09
 2.5922E-10 1.1860E-09 2.5777E-09 1.1243E-09 4.0914E-09 6.0736E-10 3.0475E-10
 7.7442E-10 2.2358E-11 1.1752E-09 3.1724E-10 2.8364E-10 2.4525E-09 1.0118E-10
 2.2264E-09 2.7422E-09 1.3950E-10 2.8069E-09 8.0758E-10 6.2502E-10 1.3182E-10
 1.0054E-09 4.2525E-10 6.3434E-09 1.7660E-09 3.4499E-09 5.5262E-09 8.6450E-09
 6.2055E-09 6.6298E-09 2.6377E-08 4.0454E-08 3.5144E-08 2.7101E-08 6.5783E-08
 2.1112E-07 6.3686E-08 6.0258E-08 3.2698E-07 2.6702E-07 3.4438E-07 3.7800E-06
 2.4980E-06 4.0425E-06 1.3200E-06 1.6673E-06 1.0646E-06 1.9259E-06 1.4877E-06
 3.0404E-06 1.5251E-06 2.4084E-05 8.5621E-07 9.0975E-06 6.3741E-06 4.9296E-07
 4.0459E-06 1.5037E-07 3.2002E-06 5.4041E-07 4.9695E-07 5.1021E-07 4.9461E-07
 6.6501E-07 1.1893E-06 1.5621E-06 2.3683E-06 3.1767E-06 4.8576E-06 5.5320E-06
 5.9530E-06 5.7387E-06 5.2320E-06 4.5000E-06 3.7441E-06 2.8155E-06 1.9764E-06
 1.3549E-06 7.8278E-07 5.1079E-07 3.1788E-07 1.9957E-07 1.1898E-07 7.2815E-08
 4.5840E-08 2.9569E-08 1.9105E-08 1.2586E-08 8.3734E-09 6.3397E-09 4.5303E-09
 3.1355E-09 2.3877E-09 1.6862E-09 1.1430E-09 6.2554E-10 4.2783E-11 0.0000E+00
 0.0000E+00 0.0000E+00 0.0000E+00 0.0000E+00 0.0000E+00 0.0000E+00 0.0000E+00
 0.0000E+00 0.0000E+00 0.0000E+00 0.0000E+00 0.0000E+00 0.0000E+00 0.0000E+00
 0.0000E+00 0.0000E+00 0.0000E+00 0.0000E+00 0.0000E+00 0.0000E+00 0.0000E+00
   17   15    9    9    9   10    7   14   14   36



                         ==============================
                               STAYSL PNNL OUTPUT
                         ==============================

 STAYSL PNNL, version 1.2.0, 2015-08-05


 SCENARIO TITLE: 88" 33MeV Deuteron breakup on Ta, Clean Beam
 -------------------------------------------------------------------------------
  NGROUP =   140    NRXN =     6    ACTIVITY NORM = 1.00000E+00

  COVARIANCE PARAMETERS (FCHN, FCVX, ACVX, FS)
    FLUXES:      WIDTH =  1.0000E+01   LONG RANGE COVAR. =  5.0000E-03
            ACTIVITIES =  5.0000E-03   X-SECT CROSS COR. =  1.0000E-03

    DETERM =   3.2113 × 10^   3.00      ERROR =  -2.1395E-16

  INPUT NORMALIZATION DATA
    AK1   =     1.00000     VAK        =     0.00003
    NORML =           0     RENORM     = 1.00000E+00
    CHI²  =    57.68936     NORM. CHI² =    11.53787

  DOSIMETRY ACTIVITIES
     ———— INPUTS —————  -UNADJUSTED FLUX-  — ADJUSTED FLUX —    CHI²  90% ACTIVITIES RANGE
 RXN  MEASURED     ±%   ACTIVITY    %DIFF  ACTIVITY    %DIFF  CONTRIB --LOW E-- --HIGH E--   REACTION          CVR
  1  1.414E-20    2.00  1.679E-20   18.77  1.679E-20   18.76   44.199  6.70E+00  1.60E+01  AL27(N,P)MG27           
  2  1.925E-20    1.00  1.887E-20   -1.96  1.887E-20   -1.96    3.677  8.20E+00  1.70E+01  AL27(N,A)NA24           
  3  3.677E-21    1.50  3.794E-21    3.17  3.794E-21    3.17    2.524  1.30E+01  2.10E+01  NI58(N,2N)NI57          
  4  8.670E-20    0.50  8.619E-20   -0.59  8.619E-20   -0.59    0.084  1.40E+00  1.30E+01  IN115(N,N')IN115M       
  5  3.093E-19    1.20  2.964E-19   -4.17  2.964E-19   -4.16    7.207  9.00E+00  1.80E+01  AU197(N,2N)AU196        
  6  8.478E-20    1.70  8.471E-20   -0.08  8.471E-20   -0.08   -0.002  1.00E-10  1.80E+00  AU197(N,G)AU198         

             % STD. DEV.  =          8.76               8.76

                              CHECK INPUT, IT IS RATHER UNLIKELY !
                                   *** BEWARE OF OUTPUT ! ***


  DIFFERENTIAL FLUXES (input is normalized by a factor of 1.0000E+00)
                  —————— DIFFERENTIAL FLUX —————   ———— STD. DEV. % ————   INTEGRAL
 GRP    ENERGY        NEW         OLD      RATIO    NEW     OLD    RATIO   FLUX > E     ± %
   1  1.0000E-10  2.9604E+10  2.9608E+10   1.000    1.38    1.47   0.943  5.1637E+05    0.75
   2  1.0000E-09  3.0340E+09  3.0344E+09   1.000    1.32    1.41   0.938  5.1635E+05    0.75
   3  1.0000E-08  2.1375E+09  2.1378E+09   1.000    1.27    1.36   0.934  5.1632E+05    0.75
   4  2.3000E-08  1.0391E+09  1.0392E+09   1.000    1.24    1.34   0.931  5.1629E+05    0.75
   5  5.0000E-08  1.0846E+09  1.0847E+09   1.000    1.22    1.32   0.928  5.1626E+05    0.75
   6  7.6000E-08  7.3074E+08  7.3084E+08   1.000    1.20    1.30   0.927  5.1624E+05    0.75
   7  1.1500E-07  5.1982E+08  5.1989E+08   1.000    1.20    1.30   0.926  5.1621E+05    0.75
   8  1.7000E-07  3.3666E+08  3.3671E+08   1.000    1.19    1.29   0.926  5.1618E+05    0.75
   9  2.5500E-07  2.2903E+08  2.2906E+08   1.000    1.20    1.30   0.926  5.1615E+05    0.75
  10  3.8000E-07  1.6779E+08  1.6781E+08   1.000    1.20    1.30   0.927  5.1612E+05    0.75
  11  5.5000E-07  9.7642E+07  9.7656E+07   1.000    1.21    1.31   0.928  5.1609E+05    0.75
  12  8.4000E-07  6.4815E+07  6.4824E+07   1.000    1.23    1.33   0.929  5.1606E+05    0.75
  13  1.2750E-06  4.4700E+07  4.4706E+07   1.000    1.25    1.35   0.932  5.1604E+05    0.75
  14  1.9000E-06  3.0691E+07  3.0695E+07   1.000    1.28    1.37   0.934  5.1601E+05    0.75
  15  2.8000E-06  1.8731E+07  1.8733E+07   1.000    1.31    1.40   0.938  5.1598E+05    0.75
  16  4.2500E-06  1.3086E+07  1.3088E+07   1.000    1.37    1.46   0.942  5.1595E+05    0.75
  17  6.3000E-06  9.0168E+06  9.0180E+06   1.000    1.43    1.51   0.947  5.1593E+05    0.75
  18  9.2000E-06  8.8240E+05  8.8252E+05   1.000    1.52    1.60   0.953  5.1590E+05    0.75
  19  1.3500E-05  3.2946E+06  3.2950E+06   1.000    1.63    1.70   0.959  5.1590E+05    0.75
  20  2.1000E-05  2.6522E+06  2.6526E+06   1.000    1.77    1.84   0.965  5.1587E+05    0.75
  21  3.0000E-05  1.5288E+06  1.5290E+06   1.000    1.95    2.01   0.971  5.1585E+05    0.75
  22  4.5000E-05  4.3846E+04  4.3851E+04   1.000    2.16    2.22   0.976  5.1582E+05    0.75
  23  6.9000E-05  1.5531E+05  1.5533E+05   1.000    2.43    2.48   0.981  5.1582E+05    0.75
  24  1.0000E-04  2.9897E+05  2.9901E+05   1.000    2.84    2.88   0.986  5.1582E+05    0.75
  25  1.3500E-04  1.3040E+05  1.3042E+05   1.000    3.34    3.38   0.989  5.1581E+05    0.75
  26  1.7000E-04  3.3218E+05  3.3222E+05   1.000    3.99    4.02   0.992  5.1580E+05    0.75
  27  2.2000E-04  4.1092E+04  4.1098E+04   1.000    4.78    4.81   0.994  5.1579E+05    0.75
  28  2.8000E-04  1.5464E+04  1.5466E+04   1.000    5.36    5.38   0.996  5.1578E+05    0.75
  29  3.6000E-04  3.4930E+04  3.4935E+04   1.000    6.79    6.81   0.997  5.1578E+05    0.75
  30  4.5000E-04  7.2607E+02  7.2619E+02   1.000    8.38    8.39   0.998  5.1578E+05    0.75
  31  5.7500E-04  2.5787E+04  2.5791E+04   1.000    9.20    9.21   0.998  5.1578E+05    0.75
  32  7.6000E-04  6.4390E+03  6.4400E+03   1.000   10.71   10.72   0.999  5.1578E+05    0.75
  33  9.6000E-04  3.6553E+03  3.6558E+03   1.000   11.20   11.21   0.999  5.1577E+05    0.75
  34  1.2750E-03  3.0632E+04  3.0637E+04   1.000   15.31   15.32   0.999  5.1577E+05    0.75
  35  1.6000E-03  1.0268E+03  1.0270E+03   1.000   17.10   17.11   0.999  5.1576E+05    0.75
  36  2.0000E-03  1.2910E+04  1.2913E+04   1.000   19.20   19.22   0.999  5.1576E+05    0.75
  37  2.7000E-03  1.5902E+04  1.5905E+04   1.000   18.36   18.37   0.999  5.1575E+05    0.75
  38  3.4000E-03  5.1476E+02  5.1488E+02   1.000   24.68   24.69   1.000  5.1574E+05    0.75
  39  4.5000E-03  1.1394E+04  1.1396E+04   1.000   21.15   21.16   1.000  5.1574E+05    0.75
  40  5.5000E-03  1.9282E+03  1.9287E+03   1.000   25.28   25.29   1.000  5.1573E+05    0.75
  41  7.2000E-03  1.2685E+03  1.2688E+03   1.000   23.63   23.63   1.000  5.1573E+05    0.75
  42  9.2000E-03  1.9110E+02  1.9114E+02   1.000   25.62   25.63   1.000  5.1572E+05    0.75
  43  1.2000E-02  1.3603E+03  1.3606E+03   1.000   31.81   31.82   1.000  5.1572E+05    0.75
  44  1.5000E-02  4.3155E+02  4.3163E+02   1.000   20.64   20.65   1.000  5.1572E+05    0.75
  45  1.9000E-02  3.9616E+03  3.9622E+03   1.000   17.56   17.57   1.000  5.1572E+05    0.75
  46  2.5500E-02  1.1028E+03  1.1031E+03   1.000   27.57   27.58   1.000  5.1569E+05    0.75
  47  3.2000E-02  1.7505E+03  1.7508E+03   1.000   24.15   24.16   0.999  5.1569E+05    0.75
  48  4.0000E-02  1.7946E+03  1.7949E+03   1.000   17.95   17.96   0.999  5.1567E+05    0.75
  49  5.2500E-02  2.5996E+03  2.5999E+03   1.000   15.44   15.45   0.999  5.1565E+05    0.75
  50  6.6000E-02  1.1451E+03  1.1452E+03   1.000   12.90   12.91   0.999  5.1561E+05    0.75
  51  8.8000E-02  1.2234E+03  1.2235E+03   1.000   11.44   11.45   0.999  5.1559E+05    0.75
  52  1.1000E-01  4.2834E+03  4.2836E+03   1.000   10.22   10.23   0.998  5.1556E+05    0.75
  53  1.3500E-01  6.5695E+03  6.5697E+03   1.000    9.89    9.91   0.998  5.1546E+05    0.75
  54  1.6000E-01  4.7562E+03  4.7562E+03   1.000    7.71    7.73   0.997  5.1529E+05    0.75
  55  1.9000E-01  3.6678E+03  3.6677E+03   1.000    6.68    6.70   0.996  5.1515E+05    0.75
  56  2.2000E-01  7.6315E+03  7.6308E+03   1.000    5.82    5.84   0.995  5.1504E+05    0.75
  57  2.5500E-01  2.4493E+04  2.4490E+04   1.000    5.10    5.12   0.994  5.1477E+05    0.75
  58  2.9000E-01  8.6204E+03  8.6188E+03   1.000    4.49    4.53   0.993  5.1391E+05    0.74
  59  3.2000E-01  6.1176E+03  6.1162E+03   1.000    3.98    4.01   0.991  5.1366E+05    0.74
  60  3.6000E-01  3.3198E+04  3.3188E+04   1.000    3.54    3.58   0.989  5.1341E+05    0.74
  61  4.0000E-01  2.1690E+04  2.1682E+04   1.000    3.16    3.20   0.986  5.1208E+05    0.74
  62  4.5000E-01  2.7975E+04  2.7964E+04   1.000    2.83    2.87   0.983  5.1100E+05    0.74
  63  5.0000E-01  3.0708E+05  3.0694E+05   1.000    2.54    2.59   0.979  5.0960E+05    0.74
  64  5.5000E-01  2.0295E+05  2.0284E+05   1.001    2.29    2.34   0.975  4.9425E+05    0.72
  65  6.0000E-01  2.7370E+05  2.7354E+05   1.001    2.06    2.12   0.970  4.8410E+05    0.71
  66  6.6000E-01  8.9374E+04  8.9320E+04   1.001    1.86    1.94   0.963  4.6768E+05    0.69
  67  7.2000E-01  1.1289E+05  1.1282E+05   1.001    1.69    1.77   0.957  4.6231E+05    0.69
  68  7.8000E-01  7.2084E+04  7.2038E+04   1.001    1.55    1.63   0.949  4.5554E+05    0.69
  69  8.4000E-01  9.7801E+04  9.7739E+04   1.001    1.43    1.51   0.941  4.5121E+05    0.68
  70  9.2000E-01  7.5547E+04  7.5501E+04   1.001    1.33    1.42   0.933  4.4339E+05    0.68
  71  1.0000E+00  6.1755E+04  6.1720E+04   1.001    1.25    1.35   0.925  4.3735E+05    0.67
  72  1.2000E+00  3.0976E+04  3.0960E+04   1.001    1.19    1.29   0.919  4.2500E+05    0.66
  73  1.4000E+00  4.8912E+05  4.8891E+05   1.000    1.15    1.25   0.913  4.1880E+05    0.66
  74  1.6000E+00  1.7387E+04  1.7381E+04   1.000    1.12    1.23   0.909  3.2098E+05    0.59
  75  1.8000E+00  1.8472E+05  1.8468E+05   1.000    1.10    1.21   0.907  3.1750E+05    0.59
  76  2.0000E+00  8.6272E+04  8.6263E+04   1.000    1.10    1.21   0.906  2.8055E+05    0.58
  77  2.3000E+00  6.6711E+03  6.6714E+03   1.000    1.10    1.21   0.907  2.5467E+05    0.57
  78  2.6000E+00  5.4743E+04  5.4755E+04   1.000    1.11    1.22   0.908  2.5267E+05    0.57
  79  2.9000E+00  1.5257E+03  1.5263E+03   1.000    1.12    1.23   0.910  2.3625E+05    0.57
  80  3.3000E+00  3.2464E+04  3.2482E+04   0.999    1.12    1.23   0.911  2.3564E+05    0.57
  81  3.7000E+00  5.4813E+03  5.4852E+03   0.999    1.08    1.19   0.910  2.2265E+05    0.58
  82  4.1000E+00  5.0400E+03  5.0440E+03   0.999    1.05    1.16   0.906  2.2046E+05    0.58
  83  4.5000E+00  4.1394E+03  4.1429E+03   0.999    1.01    1.13   0.900  2.1844E+05    0.58
  84  5.0000E+00  4.0128E+03  4.0162E+03   0.999    0.96    1.08   0.891  2.1637E+05    0.58
  85  5.5000E+00  5.3956E+03  5.3999E+03   0.999    0.90    1.03   0.879  2.1437E+05    0.58
  86  6.0000E+00  6.8932E+03  6.8979E+03   0.999    0.84    0.98   0.863  2.1167E+05    0.58
  87  6.7000E+00  9.0550E+03  9.0602E+03   0.999    0.78    0.93   0.845  2.0684E+05    0.58
  88  7.4000E+00  1.2014E+04  1.2019E+04   1.000    0.72    0.88   0.826  2.0051E+05    0.58
  89  8.2000E+00  1.6117E+04  1.6122E+04   1.000    0.67    0.84   0.807  1.9089E+05    0.58
  90  9.0000E+00  1.9718E+04  1.9722E+04   1.000    0.64    0.81   0.791  1.7800E+05    0.58
  91  1.0000E+01  2.2458E+04  2.2460E+04   1.000    0.61    0.79   0.777  1.5828E+05    0.58
  92  1.1000E+01  2.4169E+04  2.4169E+04   1.000    0.61    0.79   0.768  1.3582E+05    0.59
  93  1.2000E+01  2.3301E+04  2.3299E+04   1.000    0.59    0.77   0.762  1.1166E+05    0.60
  94  1.3000E+01  2.1244E+04  2.1242E+04   1.000    0.59    0.77   0.761  8.8354E+04    0.62
  95  1.4000E+01  1.8273E+04  1.8270E+04   1.000    0.60    0.78   0.764  6.7110E+04    0.64
  96  1.5000E+01  1.5203E+04  1.5201E+04   1.000    0.62    0.80   0.772  4.8837E+04    0.67
  97  1.6000E+01  1.1432E+04  1.1431E+04   1.000    0.64    0.81   0.784  3.3634E+04    0.71
  98  1.7000E+01  8.0245E+03  8.0242E+03   1.000    0.68    0.84   0.800  2.2202E+04    0.76
  99  1.8000E+01  5.5006E+03  5.5009E+03   1.000    0.73    0.88   0.820  1.4178E+04    0.83
 100  1.9000E+01  3.1776E+03  3.1781E+03   1.000    0.79    0.93   0.841  8.6772E+03    0.93
 101  2.0000E+01  2.0732E+03  2.0738E+03   1.000    0.87    1.00   0.864  5.4997E+03    1.04
 102  2.1000E+01  1.2900E+03  1.2906E+03   1.000    0.96    1.08   0.886  3.4265E+03    1.19
 103  2.2000E+01  8.0976E+02  8.1025E+02   0.999    1.05    1.16   0.906  2.1364E+03    1.38
 104  2.3000E+01  4.8267E+02  4.8306E+02   0.999    1.19    1.29   0.925  1.3267E+03    1.64
 105  2.4000E+01  2.9533E+02  2.9563E+02   0.999    1.37    1.46   0.942  8.4401E+02    1.96
 106  2.5000E+01  1.8588E+02  1.8611E+02   0.999    1.59    1.67   0.957  5.4868E+02    2.36
 107  2.6000E+01  1.1988E+02  1.2005E+02   0.999    1.88    1.95   0.969  3.6279E+02    2.84
 108  2.7000E+01  7.7437E+01  7.7566E+01   0.998    2.23    2.29   0.978  2.4292E+02    3.41
 109  2.8000E+01  5.1002E+01  5.1099E+01   0.998    2.68    2.73   0.985  1.6548E+02    4.08
 110  2.9000E+01  3.3924E+01  3.3996E+01   0.998    3.23    3.27   0.990  1.1448E+02    4.81
 111  3.0000E+01  2.5680E+01  2.5739E+01   0.998    3.92    3.95   0.993  8.0554E+01    5.58
 112  3.1000E+01  1.8347E+01  1.8393E+01   0.998    4.76    4.79   0.996  5.4875E+01    6.47
 113  3.2000E+01  1.2697E+01  1.2730E+01   0.997    5.79    5.81   0.997  3.6528E+01    7.44
 114  3.3000E+01  9.6680E+00  9.6941E+00   0.997    7.01    7.03   0.998  2.3831E+01    8.43
 115  3.4000E+01  6.8275E+00  6.8460E+00   0.997    8.42    8.43   0.999  1.4163E+01    9.49
 116  3.5000E+01  4.6284E+00  4.6406E+00   0.997    9.97    9.98   0.999  7.3352E+00   10.58
 117  3.6000E+01  2.5334E+00  2.5397E+00   0.998   11.59   11.60   1.000  2.7067E+00   11.69
 118  3.7000E+01  1.7331E-01  1.7370E-01   0.998   13.17   13.17   1.000  1.7331E-01   13.17
      3.8000E+01

  INTEGRALS OF SPECTRA
    OLD SPECTRUM   5.1630E+05   ±    0.870 %
    NEW SPECTRUM   5.1637E+05   ±    0.746 %

  SUMMARY OF BROAD-GROUP FLUXES, FLUENCES, AND UNCERTAINTIES

    IRRAD TIME [S] = 7.86600000E+03   ACT NORM =  1.00000000E+00

       ENERGY       FLUX       FLUENCE      STDEV %
      thermal    2.8085E+02  2.2091E+06  ±   1.16     (0.100 meV – 0.550  eV)
     epithermal  5.3037E+02  4.1719E+06  ±   5.98     (0.550  eV – 110.0 keV)
        fast     5.1556E+05  4.0554E+09  ±   0.74     (110.0 keV –  20.0 MeV)
        fast     4.3735E+05  3.4402E+09  ±   0.67     (  1.0 MeV –  20.0 MeV)
        high     5.4997E+03  4.3260E+07  ±   1.04     ( 20.0 MeV –  60.0 MeV)

    MINI-SPECTRUM

       ENERGY       FLUX       FLUENCE      STDEV %
     1.0000E-10  4.7305E+02  3.7210E+06  ±   1.06
     9.2000E-06  1.2580E+02  9.8958E+05  ±   2.46
     9.6000E-04  4.9461E+01  3.8906E+05  ±  18.36
     9.2000E-03  1.3598E+02  1.0696E+06  ±  17.24
     8.8000E-02  2.1786E+03  1.7137E+07  ±   5.67
     3.6000E-01  7.0020E+04  5.5077E+08  ±   2.02
     9.2000E-01  1.8872E+05  1.4845E+09  ±   1.12
     2.3000E+00  9.6389E+04  7.5820E+08  ±   0.75
     1.0000E+01  1.5744E+05  1.2384E+09  ±   0.58
     2.4000E+01  8.4401E+02  6.6390E+06  ±   1.96
     6.0000E+01

       TOTAL     5.1637E+05  4.0618E+09  ±   0.75

    RELATIVE COVARIANCES (10×10)
     1000   291     2    -2    -2    19    84   161   220    69
     1000   326    26     0     8    36    69    95    30
     1000   429    58     1     3     9    12     4
     1000   549    75     6     9    13     4
     1000   512    69    28    39    13
     1000   505   138   103    35
     1000   566   190    61
     1000   565    69
     1000   275
     1000

  SPECTRAL-AVERAGED REACTION RATES (for all cross section library reactions)

        REACTIONS        SIG-PHI      <SIG>          REACTIONS        SIG-PHI      <SIG>          REACTIONS        SIG-PHI      <SIG>  
   ------------------  ----------  ----------   ------------------  ----------  ----------   ------------------  ----------  ----------
   LI6(N,A)T           4.8518E-19  9.3959E-25   FE58(N,G)FE59       1.2685E-21  2.4565E-27   IN115(N,N')IN115M   8.6189E-20  1.6691E-25
   B10(N,A)LI7         1.7566E-18  3.4018E-24   CO59(N,2N)CO58      7.8448E-20  1.5192E-25   IN115(N,2N)IN114M   1.6857E-19  3.2645E-25
   F19(N,2N)F18        5.0299E-21  9.7408E-27   CO59(N,3N)CO57      3.3944E-22  6.5735E-28   IN115(N,G)IN116M    2.7587E-19  5.3425E-25
   NA23(N,2N)NA22      4.6043E-21  8.9166E-27   CO59(N,G)CO60       1.9300E-20  3.7377E-26   I127(N,2N)I126      1.9348E-19  3.7468E-25
   NA23(N,G)NA24       3.3796E-22  6.5448E-28   CO59(N,P)FE59       9.0962E-21  1.7616E-26   LA139(N,G)LA140     6.3068E-21  1.2214E-26
   MG24(N,P)NA24       3.0554E-20  5.9170E-26   CO59(N,A)MN56       4.3798E-21  8.4819E-27   PR141(N,2N)PR140    2.1168E-19  4.0993E-25
   AL27(N,P)MG27       1.6793E-20  3.2521E-26   NI58(N,2N)NI57      3.7937E-21  7.3467E-27   TM169(N,2N)TM168    2.9403E-19  5.6940E-25
   AL27(N,A)NA24       1.8872E-20  3.6548E-26   NI58(N,P)CO58       1.1225E-19  2.1739E-25   TM169(N,3N)TM167    1.8706E-20  3.6227E-26
   SI28(N,P)AL28       4.8573E-20  9.4066E-26   NI60(N,P)CO60       2.3860E-20  4.6207E-26   TA181(N,G)TA182     6.7396E-20  1.3052E-25
   P31(N,P)SI31        2.8922E-20  5.6010E-26   CU63(N,2N)CU62      5.4341E-20  1.0524E-25   W186(N,G)W187       5.5073E-20  1.0665E-25
   S32(N,P)P32         7.0303E-20  1.3615E-25   CU63(N,G)CU64       5.4981E-21  1.0648E-26   AU197(N,2N)AU196    2.9642E-19  5.7404E-25
   TI46(N,2N)TI45      8.2323E-21  1.5942E-26   CU63(N,A)CO60       7.0750E-21  1.3701E-26   AU197(N,G)AU198     1.5804E-19  3.0606E-25
   TI46(N,P)SC46       5.2380E-20  1.0144E-25   CU65(N,2N)CU64      1.0507E-19  2.0348E-25   HG199(N,N')HG199M   1.4453E-19  2.7990E-25
   TI47(N,P)SC47       2.8010E-20  5.4243E-26   ZN64(N,P)CU64       4.6983E-20  9.0987E-26   PB204(N,N')PB204M   3.1830E-20  6.1642E-26
   TI47(N,X)SC46       9.0333E-21  1.7494E-26   ZN67(N,P)CU67       5.6007E-21  1.0846E-26   BI209(N,3N)BI207    2.2775E-20  4.4106E-26
   TI48(N,P)SC48       8.9369E-21  1.7307E-26   AS75(N,2N)AS74      1.1062E-19  2.1422E-25   TH232(N,FISSION)    9.8727E-20  1.9119E-25
   TI48(N,X)SC47       3.2146E-21  6.2253E-27   Y89(N,2N)Y88        9.5541E-20  1.8502E-25   TH232(N,G)TH233     3.7478E-20  7.2579E-26
   TI49(N,X)SC48       1.9638E-21  3.8031E-27   ZR90(N,2N)ZR89      7.5766E-20  1.4673E-25   U235(N,FISSION)     1.0143E-18  1.9643E-24
   V51(N,A)SC48        2.1446E-21  4.1533E-27   NB93(N,G)NB94       7.6105E-21  1.4738E-26   U235(N,G)U236       7.6515E-20  1.4818E-25
   CR52(N,2N)CR51      3.7849E-20  7.3298E-26   NB93(N,N')NB93M     6.1568E-20  1.1923E-25   U238(N,2N)U237      2.1983E-19  4.2571E-25
   MN55(N,2N)MN54      7.9858E-20  1.5465E-25   NB93(N,2N)NB92M     6.1578E-20  1.1925E-25   U238(N,FISSION)     3.2295E-19  6.2543E-25
   MN55(N,G)MN56       6.5227E-21  1.2632E-26   MO92(N,P)NB92M      1.8565E-20  3.5953E-26   U238(N,G)U239       3.8741E-20  7.5026E-26
   FE54(N,2N)FE53      2.7598E-21  5.3445E-27   RH103(N,N')RH103M   3.5021E-19  6.7821E-25   NP237(N,FISSION)    8.8976E-19  1.7231E-24
   FE54(N,P)MN54       9.3089E-20  1.8027E-25   AG109(N,G)AG110M    8.9489E-21  1.7330E-26   PU239(N,FISSION)    1.4459E-18  2.8001E-24
   FE54(N,A)CR51       1.3663E-20  2.6460E-26   IN113(N,N')IN113M   7.0295E-20  1.3613E-25   AM241(N,FISSION)    9.6370E-19  1.8663E-24
   FE56(N,P)MN56       1.7484E-20  3.3858E-26   IN113(N,G)IN114M    7.9964E-20  1.5486E-25   SC45(N,G)SC46       1.2842E-20  2.4869E-26

  INPUT FLUX REL. CORRELATION MATRIX (by row from diagonal)
   1   1000   991   965   924   871   807   737   663   589   517   450   388   333   286   245   210   181   156   135   117
        101    88    76    64    53    44    37    32    25    20    19    16    15    11    10     9     9     7     8     7
          7     7     5     8    10     6     7     9    11    13    15    17    17    22    25    29    33    38    42    48
         53    59    66    73    80    88    96   105   112   120   127   132   136   139   141   141   141   140   139   139
        143   146   151   157   165   174   184   194   204   210   216   216   220   220   218   214   210   202   193   182
        170   157   146   132   117   102    88    75    62    52    43    36    29    24    20    17    15    13   341   341
        341   341   341   341   341   341   341   341   341   341   341   341   341   341   341   341   341   341   341   341

  OUTPUT FLUX REL. CORRELATION MATRIX (by row from diagonal)
   1   1000   990   961   915   853   780   700   615   530   449   372   303   242   190   147   111    83    62    45    33
         24    18    13     9     6     3     2     2     0     0     0     0     0    -1    -2    -2    -1    -2    -1    -2
         -1    -2    -3    -1     0    -3    -3    -2    -1    -1    -1    -1    -3    -1    -1    -1    -1     0     0     0
          2     4     7    10    14    19    24    31    37    44    50    56    61    66    70    72    74    75    76    77
         82    86    90    96   104   113   122   134   144   152   160   161   166   167   164   159   154   146   136   126
        114   104    96    85    74    64    55    47    39    33    27    23    19    16    13    11    10     9   279   279
        279   279   279   279   279   279   279   279   279   279   279   279   279   279   279   279   279   279   279   279
   2   1000   990   961   914   853   780   700   615   531   449   372   303   242   190   146   111    83    62    45    33
         24    17    12     8     4     2     2     0     0     0     0     0    -2    -2    -2    -1    -2    -1    -2    -2
         -2    -3    -1     0    -3    -3    -2    -2    -1    -1    -2    -3    -2    -2    -1    -1     0     0     0     2
          4     7    10    14    19    25    32    39    46    53    59    64    69    73    75    77    78    79    81    86
         89    94   101   109   118   128   140   151   159   167   168   174   174   172   167   161   152   142   131   120
        109   100    89    78    67    57    49    41    34    28    24    20    16    14    12    10     9   291   291   291
        291   291   291   291   291   291   291   291   291   291   291   291   291   291   291   291   291   291   291
   3   1000   990   961   915   853   780   700   615   531   449   372   303   243   190   147   112    83    62    45    33
         24    16    11     6     4     3     1     0     0     0     0    -2    -2    -2    -1    -3    -1    -2    -2    -2
         -3    -1     0    -3    -3    -2    -2    -1    -1    -2    -3    -2    -2    -1    -1     0     0     1     2     4
          7    11    15    20    26    33    40    47    55    61    67    72    76    78    80    81    82    84    89    93
         98   105   113   122   133   145   157   165   173   175   181   181   178   173   168   158   148   137   124   113
        104    92    81    70    60    51    42    36    30    25    20    17    14    12    11    10   303   303   303   303
        303   303   303   303   303   303   303   303   303   303   303   303   303   303   303   303   303   303
   4   1000   990   961   915   853   780   700   615   530   449   372   303   242   190   147   111    83    61    45    33
         22    15     9     5     4     1     0     0     0     0    -2    -2    -2    -1    -3    -1    -2    -2    -2    -3
         -1     0    -3    -3    -2    -2    -1    -1    -2    -3    -2    -2    -1    -1    -1     0     0     2     4     7
         11    15    21    27    34    41    49    56    63    68    73    78    80    82    83    84    86    91    95   100
        107   116   125   136   149   161   169   178   179   185   185   183   177   172   162   151   140   127   116   107
         95    83    72    61    52    43    36    30    25    21    18    15    13    11    10   310   310   310   310   310
        310   310   310   310   310   310   310   310   310   310   310   310   310   310   310   310   310
   5   1000   990   961   915   853   780   700   615   530   448   372   303   242   190   147   111    83    61    45    31
         21    13     8     6     2     0     0     0     0    -2    -2    -2    -1    -3    -2    -2    -2    -2    -3    -1
          0    -3    -3    -2    -2    -1    -1    -2    -4    -2    -2    -2    -1    -1     0     0     2     4     7    11
         15    21    27    34    42    49    57    63    69    74    79    81    83    85    85    87    93    97   102   109
        117   127   138   151   163   172   181   182   188   188   186   180   175   165   154   142   129   118   108    96
         84    73    62    53    44    37    31    26    21    18    15    13    11    10   315   315   315   315   315   315
        315   315   315   315   315   315   315   315   315   315   315   315   315   315   315   315
   6   1000   990   961   915   853   781   700   615   531   449   372   303   242   190   147   111    83    61    43    30
         20    13     9     4     1     1     0     0    -1    -2    -2    -1    -3    -2    -2    -2    -2    -3    -1     0
         -3    -3    -2    -2    -1    -1    -2    -4    -2    -2    -1    -1    -1     0     1     2     4     7    11    16
         21    28    35    42    50    58    65    71    76    80    83    85    86    87    89    94    98   104   111   119
        129   141   153   166   174   184   185   191   192   189   183   177   167   156   144   131   120   110    98    85
         74    63    54    45    38    31    26    22    18    15    13    11    10   320   320   320   320   320   320   320
        320   320   320   320   320   320   320   320   320   320   320   320   320   320   320
   7   1000   990   961   915   853   780   700   615   531   448   372   303   242   190   146   111    83    59    42    28
         19    13     7     3     2     1     1    -1    -2    -2    -1    -3    -2    -2    -2    -2    -3    -1     0    -3
         -3    -2    -2    -1    -2    -2    -4    -2    -2    -2    -1    -1     0     0     2     4     7    11    16    21
         27    35    42    50    58    64    70    76    80    82    85    86    87    88    94    98   104   111   119   129
        141   154   166   174   184   185   191   192   189   183   178   167   156   145   132   120   110    98    85    74
         63    54    45    38    31    26    22    18    15    13    11    10   320   320   320   320   320   320   320   320
        320   320   320   320   320   320   320   320   320   320   320   320   320   320
   8   1000   990   961   915   853   780   700   616   531   449   372   303   242   190   146   111    81    58    40    27
         20    11     6     4     2     1    -1    -1    -2    -1    -3    -2    -2    -2    -2    -3    -1     0    -3    -3
         -2    -2    -1    -1    -2    -4    -2    -2    -1    -1    -1     0     1     2     4     8    11    16    21    28
         35    43    51    58    65    71    76    81    83    86    87    88    89    95    99   105   112   120   130   142
        155   167   176   185   186   193   193   190   185   179   169   157   146   133   121   111    98    86    75    64
         54    45    38    32    26    22    18    15    13    11    10   323   323   323   323   323   323   323   323   323
        323   323   323   323   323   323   323   323   323   323   323   323   323
   9   1000   990   961   914   853   780   700   615   531   449   372   303   242   189   146   109    80    57    39    28
         17    10     7     4     3     0    -1    -2    -1    -3    -1    -2    -2    -2    -3    -1     0    -3    -3    -2
         -2    -1    -2    -2    -4    -2    -2    -2    -1    -1     0     0     2     4     7    11    16    21    27    35
         42    50    57    64    70    76    80    82    85    86    87    88    94    98   104   111   119   129   141   154
        166   174   184   185   191   192   189   183   178   167   156   145   132   120   110    98    85    74    63    54
         45    38    31    26    22    18    15    13    11    10   320   320   320   320   320   320   320   320   320   320
        320   320   320   320   320   320   320   320   320   320   320   320
  10   1000   990   961   915   853   780   700   615   531   449   372   303   242   189   144   108    78    56    40    26
         16    11     7     5     0     0    -1    -1    -2    -1    -2    -2    -2    -3    -1     0    -3    -3    -2    -2
         -1    -1    -2    -4    -2    -2    -2    -1    -1     0     0     2     4     7    11    16    21    28    35    42
         50    58    65    70    76    80    83    85    86    87    89    94    98   104   111   119   129   141   153   166
        174   184   185   191   192   189   183   178   167   156   145   132   120   110    98    85    74    63    54    45
         38    31    26    22    18    15    13    11    10   320   320   320   320   320   320   320   320   320   320   320
        320   320   320   320   320   320   320   320   320   320   320
  11   1000   990   961   914   853   780   700   615   531   449   372   303   241   188   143   106    77    57    38    25
         17    11     7     2     0     0     0    -2    -1    -2    -2    -2    -3    -1     0    -3    -3    -2    -2    -1
         -1    -2    -4    -2    -2    -2    -1    -1     0     0     2     4     7    11    16    21    27    35    42    50
         57    64    70    75    80    82    84    85    86    88    93    98   103   110   118   128   139   152   164   173
        182   183   190   190   187   182   176   166   155   143   130   119   109    97    85    73    63    53    45    37
         31    26    21    18    15    13    11    10   318   318   318   318   318   318   318   318   318   318   318   318
        318   318   318   318   318   318   318   318   318   318
  12   1000   990   961   915   853   780   700   615   530   448   372   302   240   186   142   105    78    55    37    26
         17    12     5     2     0     0    -2    -1    -2    -2    -2    -3    -1     0    -3    -3    -2    -2    -1    -1
         -2    -4    -2    -2    -2    -1    -1     0     0     2     4     7    11    15    21    27    34    41    49    56
         63    69    74    78    80    83    84    85    86    92    96   101   108   117   126   137   150   162   170   179
        180   187   187   184   179   173   163   152   141   128   117   107    95    83    72    62    52    44    37    31
         25    21    18    15    13    11    10   312   312   312   312   312   312   312   312   312   312   312   312   312
        312   312   312   312   312   312   312   312   312
  13   1000   990   961   914   853   780   700   615   530   448   371   301   239   185   141   106    76    54    38    26
         18     9     5     2     1    -1     0    -2    -1    -2    -3    -1     0    -3    -3    -2    -2    -1    -1    -2
         -3    -2    -2    -1    -1    -1     0     0     2     4     7    10    15    20    26    33    41    48    55    62
         68    73    77    79    82    83    83    85    90    94   100   106   115   124   135   147   159   168   176   177
        184   184   181   176   170   161   150   139   126   115   106    94    82    71    61    51    43    36    30    25
         21    17    15    13    11    10   307   307   307   307   307   307   307   307   307   307   307   307   307   307
        307   307   307   307   307   307   307   307
  14   1000   990   961   915   853   780   700   615   530   448   370   300   237   184   142   104    75    54    38    26
         16     9     5     3     0     0    -1    -1    -2    -3    -1     0    -3    -3    -2    -2    -1    -1    -2    -3
         -2    -2    -1    -1    -1     0     0     2     4     7    10    15    20    26    33    40    47    54    61    66
         71    75    77    80    81    82    83    88    92    97   104   112   121   132   144   156   164   172   173   179
        180   177   172   167   157   146   136   123   112   103    92    80    69    59    50    42    35    29    24    20
         17    14    12    11    10   300   300   300   300   300   300   300   300   300   300   300   300   300   300   300
        300   300   300   300   300   300   300
  15   1000   990   961   915   853   780   699   615   530   447   369   299   237   185   140   104    76    54    39    24
         16     9     6     2     1     0     0    -1    -2     0     0    -3    -3    -2    -1    -1    -1    -2    -3    -2
         -1    -1    -1     0     0     1     2     4     7    10    15    20    26    32    39    46    53    60    65    70
         74    76    78    79    80    81    86    90    95   101   109   119   129   141   152   160   168   169   175   176
        173   168   163   153   143   132   120   110   101    89    78    68    58    49    41    34    29    24    20    17
         14    12    10     9   294   294   294   294   294   294   294   294   294   294   294   294   294   294   294   294
        294   294   294   294   294   294
  16   1000   990   961   915   853   780   700   615   529   446   368   298   237   183   139   104    76    55    37    24
         16    10     5     3     0     0    -1    -2     0     0    -3    -3    -2    -1    -1    -1    -1    -3    -2    -1
         -1    -1     0     0     0     2     4     7    10    14    19    24    31    37    44    51    57    62    66    70
         72    75    75    76    78    82    86    91    97   105   113   123   135   145   153   161   162   168   168   166
        161   156   147   137   127   115   105    96    86    75    65    55    47    39    33    27    23    19    16    13
         11    10     9   281   281   281   281   281   281   281   281   281   281   281   281   281   281   281   281   281
        281   281   281   281   281
  17   1000   990   961   914   853   780   699   614   528   445   367   299   236   183   140   104    77    53    37    24
         16     9     6     2     1     0    -1     0     0    -2    -2    -1    -1    -1    -1    -1    -3    -1    -1    -1
         -1     0     0     1     2     4     7    10    14    18    24    30    36    43    49    55    60    64    68    70
         72    73    73    75    79    83    87    93   100   109   118   129   139   146   154   155   160   161   159   154
        149   141   131   121   110   100    92    82    72    62    53    45    38    32    26    22    18    15    13    11
         10     9   269   269   269   269   269   269   269   269   269   269   269   269   269   269   269   269   269   269
        269   269   269   269
  18   1000   990   961   914   853   780   698   613   527   444   368   297   235   183   140   105    75    53    37    25
         15    10     5     3     1     0     0     0    -2    -2    -1    -1    -1    -1    -1    -2    -1    -1    -1     0
          0     0     1     2     4     6     9    13    17    22    28    34    40    46    52    56    60    64    66    67
         68    69    70    75    78    82    87    94   102   111   121   131   138   145   146   151   151   149   145   140
        132   123   114   104    95    87    77    67    59    50    42    36    30    25    21    17    14    12    10     9
          8   253   253   253   253   253   253   253   253   253   253   253   253   253   253   253   253   253   253   253
        253   253   253
  19   1000   990   961   914   853   779   698   612   526   445   367   296   236   183   140   103    75    53    37    24
         16    10     6     3     0     1     1    -1    -2    -1    -1    -1    -1    -1    -2    -1    -1    -1     0     0
          0     1     2     4     6     9    12    16    21    26    32    38    43    48    52    56    60    61    63    64
         64    66    70    73    77    82    88    95   104   113   122   129   135   136   141   141   139   135   131   123
        115   107    97    88    81    72    63    55    46    40    33    28    23    19    16    13    11    10     8     7
        236   236   236   236   236   236   236   236   236   236   236   236   236   236   236   236   236   236   236   236
        236   236
  20   1000   990   961   914   852   779   697   612   527   444   366   297   236   184   139   103    75    54    37    25
         16    10     6     2     2     1    -1    -1     0    -1     0     0    -1    -2    -1    -1     0     0     0     0
          1     2     4     6     8    11    15    19    24    29    35    40    45    48    52    55    57    58    59    59
         60    64    67    71    75    81    88    96   104   113   118   125   125   130   130   128   124   121   114   106
         98    89    81    75    66    58    50    43    36    31    26    21    18    15    12    10     9     8     7   218
        218   218   218   218   218   218   218   218   218   218   218   218   218   218   218   218   218   218   218   218
        218
  21   1000   990   961   914   852   778   697   612   526   443   367   297   236   183   139   103    76    53    38    25
         17    10     5     4     3     0     0     0     0     0     0    -1    -2    -1     0     0     0     0     0     1
          2     3     5     7    10    14    18    22    27    32    36    41    44    47    50    51    53    53    54    55
         58    61    64    68    74    80    87    95   102   108   113   114   118   118   116   113   109   103    96    89
         81    74    68    60    53    46    39    33    28    23    19    16    13    11     9     8     7     6   198   198
        198   198   198   198   198   198   198   198   198   198   198   198   198   198   198   198   198   198   198   198
  22   1000   990   961   914   852   778   697   611   526   444   367   298   235   183   139   104    75    54    37    26
         17    10     7     5     1     0     0     0     0     0     0    -1     0     0     0     0     0     0     1     2
          3     5     7    10    13    16    20    25    29    33    37    40    43    45    47    48    48    49    50    53
         55    58    62    67    72    78    86    92    97   102   103   106   107   105   102    99    93    87    81    73
         67    61    54    48    41    35    30    25    21    17    15    12    10     9     7     6     6   179   179   179
        179   179   179   179   179   179   179   179   179   179   179   179   179   179   179   179   179   179   179
  23   1000   990   961   913   851   778   697   611   526   444   367   297   235   183   140   103    76    54    38    26
         16    11     8     3     1     1     0     0     0     0    -1     0     0     0     0     0     0     1     2     3
          5     6     9    11    15    18    22    26    30    33    36    38    40    42    43    43    44    44    47    49
         52    55    59    64    70    76    82    86    91    91    95    95    94    91    88    83    77    72    65    59
         55    48    42    37    31    27    22    19    16    13    11     9     8     6     6     5   159   159   159   159
        159   159   159   159   159   159   159   159   159   159   159   159   159   159   159   159   159   159
  24   1000   990   961   914   852   778   697   612   526   444   367   297   235   183   139   104    76    54    38    25
         18    12     6     3     2     1     0     0     0    -1     0     0     0     0     0     0     0     1     2     3
          5     7     9    12    15    18    22    25    28    30    32    34    35    36    37    37    38    40    42    44
         47    51    55    60    65    70    74    78    78    81    81    80    78    75    71    66    61    56    51    47
         41    36    31    27    23    19    16    13    11     9     8     6     6     5     4   136   136   136   136   136
        136   136   136   136   136   136   136   136   136   136   136   136   136   136   136   136   136
  25   1000   990   961   914   852   778   697   612   527   444   367   297   236   183   140   104    76    54    38    26
         18    11     6     4     2     1     0     0     0     0     0     0     0     0     0     0     1     2     3     4
          6     8    10    13    15    18    21    23    25    27    29    30    31    31    31    32    34    35    37    40
         43    47    51    55    60    63    66    67    69    69    68    66    64    60    56    52    47    43    40    35
         31    27    23    19    16    14    11     9     8     7     5     5     4     4   115   115   115   115   115   115
        115   115   115   115   115   115   115   115   115   115   115   115   115   115   115   115
  26   1000   990   961   914   852   778   697   612   526   444   367   297   236   184   140   105    76    54    39    27
         17    11     7     4     2     1     0     0     0     0     0     0     0     0     0     0     1     2     3     4
          6     8    10    12    15    17    19    21    22    24    25    25    26    26    27    28    30    31    33    36
         39    42    46    50    53    55    56    58    58    57    55    54    50    47    44    40    36    33    29    26
         22    19    16    14    11     9     8     7     5     5     4     3     3    96    96    96    96    96    96    96
         96    96    96    96    96    96    96    96    96    96    96    96    96    96    96
  27   1000   990   961   914   852   779   698   612   527   444   367   297   236   184   140   105    76    55    39    26
         17    11     7     4     2     1     0     0     0     0     0     0     0     0     0     1     1     2     3     5
          6     8    10    12    14    16    17    18    20    20    21    21    22    22    23    25    26    28    30    32
         35    39    42    44    46    46    48    48    48    46    45    42    39    36    33    30    28    25    21    19
         16    13    11     9     8     7     5     5     4     3     3     3    80    80    80    80    80    80    80    80
         80    80    80    80    80    80    80    80    80    80    80    80    80    80
  28   1000   990   961   914   852   779   697   612   527   444   367   298   236   184   140   104    77    55    38    26
         18    12     7     4     2     1     0     0     0     0     0     0     0     0     1     2     2     3     5     6
          8     9    11    13    14    16    17    18    18    19    19    19    20    21    22    23    25    27    29    32
         34    37    39    41    41    43    43    42    41    40    38    35    32    30    27    25    22    19    17    14
         12    10     8     7     6     5     4     3     3     3     2    72    72    72    72    72    72    72    72    72
         72    72    72    72    72    72    72    72    72    72    72    72    72
  29   1000   990   961   914   852   779   697   612   527   444   367   298   236   184   140   105    77    55    38    26
         18    12     7     4     2     1     0     0     0     0     0     0     0     0     0     1     2     3     4     5
          7     8     9    11    12    13    13    14    14    15    15    15    16    17    18    19    21    23    25    27
         29    31    32    33    34    34    33    32    31    30    28    26    23    21    19    17    15    13    11     9
          8     7     6     5     4     3     3     2     2     2    56    56    56    56    56    56    56    56    56    56
         56    56    56    56    56    56    56    56    56    56    56    56
  30   1000   990   961   914   852   779   697   612   527   445   367   298   236   184   140   105    77    55    38    26
         18    11     7     4     2     1     0     0     0     0     0     0     0     0     0     1     2     3     4     5
          6     7     8     9    10    10    11    11    12    12    12    13    14    15    16    17    18    20    22    24
         25    26    26    27    27    27    26    25    24    22    21    19    17    16    14    12    11     9     8     6
          5     4     4     3     3     2     2     2     1    45    45    45    45    45    45    45    45    45    45    45
         45    45    45    45    45    45    45    45    45    45    45
  31   1000   990   961   914   852   779   697   612   527   444   368   298   236   184   141   105    77    55    39    27
         18    12     7     4     2     1     0     0     0     0     0     0     0     1     1     2     3     4     5     6
          7     8     8     9    10    10    10    11    11    11    12    13    13    14    15    17    18    20    22    23
         24    24    25    25    25    24    23    22    20    19    17    16    14    13    11    10     8     7     6     5
          4     3     3     2     2     2     1     1    41    41    41    41    41    41    41    41    41    41    41    41
         41    41    41    41    41    41    41    41    41    41
  32   1000   990   961   914   852   779   697   612   527   445   368   298   237   184   140   105    77    55    39    27
         18    11     7     4     2     1     0     0     0     0     0     0     0     1     1     2     3     4     5     5
          6     7     8     8     9     9     9     9     9    10    11    11    12    13    14    16    17    19    19    21
         21    21    21    21    20    20    19    17    16    15    13    12    11    10     8     7     6     5     4     3
          3     2     2     2     1     1     1    35    35    35    35    35    35    35    35    35    35    35    35    35
         35    35    35    35    35    35    35    35    35
  33   1000   990   961   914   852   779   698   612   527   445   367   298   237   184   140   105    77    55    39    27
         18    12     7     4     3     1     1     0     0     0     0     1     1     2     2     3     4     5     6     6
          7     8     8     8     9     9     9     9    10    10    11    12    13    14    15    16    18    19    20    20
         20    21    20    20    19    18    17    15    14    13    12    10     9     8     7     6     5     4     3     3
          2     2     2     1     1     1    34    34    34    34    34    34    34    34    34    34    34    34    34    34
         34    34    34    34    34    34    34    34
  34   1000   990   961   914   852   779   698   612   527   445   368   298   236   184   140   105    77    55    38    26
         17    11     7     4     2     1     0     0     0     0     0     0     0     1     1     2     2     3     4     4
          5     5     5     6     6     6     6     7     7     8     8     9    10    11    12    13    14    14    14    15
         15    15    14    14    13    12    11    10     9     8     8     7     6     5     4     3     3     2     2     2
          1     1     1     1     1    24    24    24    24    24    24    24    24    24    24    24    24    24    24    24
         24    24    24    24    24    24    24
  35   1000   990   961   914   852   779   698   612   527   445   368   298   236   184   140   105    77    55    38    26
         17    11     7     4     2     1     0     0     0     0     0     0     0     1     1     2     2     3     3     4
          4     5     5     5     5     5     6     6     7     7     8     9    10    11    11    12    13    13    13    13
         13    13    12    12    11    10     9     8     8     7     6     5     4     4     3     3     2     2     1     1
          1     1     1     1    21    21    21    21    21    21    21    21    21    21    21    21    21    21    21    21
         21    21    21    21    21    21
  36   1000   990   961   914   852   779   698   612   527   445   368   298   237   184   140   105    77    55    38    26
         17    11     7     4     2     1     0     0     0     0     0     0     0     1     1     2     2     3     3     4
          4     4     4     5     5     5     6     6     7     7     8     9     9    10    11    11    11    12    12    12
         11    11    10    10     9     8     7     7     6     5     5     4     3     3     2     2     2     1     1     1
          1     1     1    19    19    19    19    19    19    19    19    19    19    19    19    19    19    19    19    19
         19    19    19    19    19
  37   1000   990   961   914   852   779   698   612   527   445   368   298   237   184   140   105    77    55    38    26
         17    11     7     4     2     1     1     0     0     0     1     1     1     2     3     3     3     4     4     4
          5     5     5     5     6     6     6     7     8     8     9    10    11    11    12    12    12    12    12    12
         12    11    10     9     9     8     7     6     5     5     4     3     3     2     2     2     1     1     1     1
          1     1    20    20    20    20    20    20    20    20    20    20    20    20    20    20    20    20    20    20
         20    20    20    20
  38   1000   990   961   914   852   779   698   612   527   445   368   298   236   184   140   105    76    55    38    26
         17    11     7     4     2     1     0     0     0     0     0     0     0     1     1     2     2     2     3     3
          3     3     3     4     4     4     5     5     6     7     7     8     8     9     9     9     9     9     9     8
          8     7     7     6     6     5     5     4     3     3     2     2     2     1     1     1     1     1     1     1
          0    14    14    14    14    14    14    14    14    14    14    14    14    14    14    14    14    14    14    14
         14    14    14
  39   1000   990   961   914   852   779   698   612   527   445   368   298   237   184   140   105    77    55    38    26
         17    11     7     4     2     1     1     1     1     1     1     1     2     2     3     3     3     4     4     4
          4     4     5     5     6     6     7     7     8     9     9    10    10    10    11    11    11    10    10     9
          9     8     7     7     6     5     5     4     3     3     2     2     2     1     1     1     1     1     1     1
         17    17    17    17    17    17    17    17    17    17    17    17    17    17    17    17    17    17    17    17
         17    17
  40   1000   990   961   914   852   779   698   612   527   445   368   298   236   184   140   105    76    55    38    26
         17    11     7     4     2     1     0     0     0     0     1     1     1     2     2     2     3     3     3     3
          3     4     4     4     5     5     6     6     7     8     8     9     9     9     9     9     9     8     8     7
          7     6     6     5     4     4     3     3     2     2     2     1     1     1     1     1     1     0     0    14
         14    14    14    14    14    14    14    14    14    14    14    14    14    14    14    14    14    14    14    14
         14
  41   1000   990   961   914   852   779   698   612   527   445   368   298   236   184   140   105    76    55    38    26
         17    11     7     4     3     2     1     1     1     1     2     2     2     3     3     3     3     3     4     4
          4     4     5     5     6     6     7     8     8     9     9     9    10    10     9     9     9     8     8     7
          7     6     5     5     4     4     3     3     2     2     2     1     1     1     1     1     1     0    15    15
         15    15    15    15    15    15    15    15    15    15    15    15    15    15    15    15    15    15    15    15
  42   1000   990   961   914   852   779   698   612   527   445   367   298   236   184   140   105    76    55    38    26
         17    11     7     4     3     2     1     1     1     1     2     2     2     2     3     3     3     3     3     4
          4     4     5     5     6     6     7     8     8     8     9     9     9     9     8     8     8     7     7     6
          5     5     4     4     3     3     2     2     2     1     1     1     1     1     1     0     0    14    14    14
         14    14    14    14    14    14    14    14    14    14    14    14    14    14    14    14    14    14    14
  43   1000   990   961   914   852   779   697   612   527   444   367   298   236   184   140   104    76    54    38    26
         17    11     7     4     2     1     1     0     0     1     1     1     1     2     2     2     2     2     3     3
          3     4     4     5     5     5     6     6     7     7     7     7     7     7     6     6     6     5     5     4
          4     3     3     3     2     2     2     1     1     1     1     1     1     0     0     0    10    10    10    10
         10    10    10    10    10    10    10    10    10    10    10    10    10    10    10    10    10    10
  44   1000   990   961   914   852   779   698   612   527   445   368   298   236   184   140   105    77    55    39    27
         18    12     8     6     4     3     3     3     3     3     4     4     4     4     4     4     5     5     5     6
          6     7     7     8     9    10    10    11    11    11    11    11    11    10    10     9     8     8     7     6
          6     5     4     4     3     3     2     2     1     1     1     1     1     1     1    18    18    18    18    18
         18    18    18    18    18    18    18    18    18    18    18    18    18    18    18    18    18
  45   1000   990   961   914   852   779   698   613   527   445   368   298   237   184   141   105    77    55    39    27
         19    13     9     7     5     5     4     4     5     5     5     5     5     5     6     6     6     6     7     7
          8     9     9    10    11    12    12    13    13    13    13    12    12    11    11    10     9     8     7     7
          6     5     4     4     3     3     2     2     1     1     1     1     1     1    21    21    21    21    21    21
         21    21    21    21    21    21    21    21    21    21    21    21    21    21    21    21
  46   1000   990   961   914   852   779   697   612   527   444   367   297   236   183   140   104    76    54    38    26
         17    11     7     5     3     2     2     2     2     2     2     2     2     3     3     3     3     4     4     5
          5     6     6     7     7     8     8     8     8     8     8     7     7     7     6     6     5     5     4     4
          3     3     2     2     2     1     1     1     1     1     1     0     0    12    12    12    12    12    12    12
         12    12    12    12    12    12    12    12    12    12    12    12    12    12    12
  47   1000   990   961   914   852   779   697   612   527   444   367   297   236   183   140   104    76    54    38    26
         18    12     8     5     4     3     3     2     2     3     3     3     3     3     4     4     4     5     5     6
          7     7     8     8     9     9     9     9     9     9     9     8     8     7     6     6     5     5     4     4
          3     3     2     2     1     1     1     1     1     1     1     0    14    14    14    14    14    14    14    14
         14    14    14    14    14    14    14    14    14    14    14    14    14    14
  48   1000   990   961   914   852   779   697   612   527   444   367   297   236   184   140   105    77    55    39    27
         19    13     9     7     6     5     5     4     4     4     5     5     5     5     6     6     7     7     8     9
         10    11    11    12    12    13    13    12    12    12    11    10    10     9     8     7     6     6     5     4
          3     3     2     2     2     1     1     1     1     1     1    20    20    20    20    20    20    20    20    20
         20    20    20    20    20    20    20    20    20    20    20    20    20
  49   1000   990   961   914   852   779   697   612   527   444   367   298   236   184   140   105    77    56    40    28
         20    14    11     8     7     6     6     5     5     6     6     6     6     7     7     8     9    10    10    12
         13    13    14    14    15    15    14    14    14    13    12    11    10     9     8     7     6     6     5     4
          3     3     2     2     2     1     1     1     1     1    23    23    23    23    23    23    23    23    23    23
         23    23    23    23    23    23    23    23    23    23    23    23
  50   1000   990   961   914   852   779   698   612   527   444   367   298   237   184   141   106    78    57    41    29
         21    16    12    10     8     8     7     7     7     7     7     8     8     9    10    10    11    13    14    15
         16    17    17    17    18    17    17    16    15    14    13    12    11    10     9     8     7     6     5     4
          3     3     2     2     2     1     1     1     1    28    28    28    28    28    28    28    28    28    28    28
         28    28    28    28    28    28    28    28    28    28    28
  51   1000   990   961   914   852   779   697   612   527   444   367   298   237   184   141   106    78    57    42    30
         22    17    13    11     9     8     8     8     8     8     9     9    10    11    12    13    14    15    17    18
         19    19    20    20    19    19    18    17    16    15    14    12    11    10     9     8     6     6     5     4
          3     3     2     2     2     1     1     1    32    32    32    32    32    32    32    32    32    32    32    32
         32    32    32    32    32    32    32    32    32    32
  52   1000   990   961   914   852   779   697   612   527   444   367   298   237   185   141   106    79    58    42    31
         23    18    14    12    10     9     9     9     9     9    10    11    12    13    14    16    17    19    20    21
         21    22    22    22    21    20    19    18    17    15    14    13    11    10     9     7     6     5     4     4
          3     2     2     2     1     1     1    36    36    36    36    36    36    36    36    36    36    36    36    36
         36    36    36    36    36    36    36    36    36
  53   1000   990   961   914   852   778   697   612   526   444   367   297   236   184   141   106    79    58    42    31
         23    17    14    11    10     9     8     8     9    10    10    11    13    14    16    17    19    20    21    22
         22    22    22    22    21    20    18    17    16    14    13    12    10     9     7     6     5     4     4     3
          3     2     2     1     1     1    36    36    36    36    36    36    36    36    36    36    36    36    36    36
         36    36    36    36    36    36    36    36
  54   1000   990   961   914   852   779   697   612   527   445   368   299   238   186   143   108    81    60    45    34
         26    20    16    14    13    12    11    12    13    14    15    16    18    20    22    24    26    27    28    29
         29    29    28    27    26    24    22    20    18    17    15    13    11    10     8     7     6     5     4     3
          3     2     2     2     2    47    47    47    47    47    47    47    47    47    47    47    47    47    47    47
         47    47    47    47    47    47    47
  55   1000   990   961   914   852   779   697   612   527   445   368   299   239   187   144   110    83    62    46    35
         27    22    18    15    14    13    14    15    16    17    19    21    23    25    28    30    31    32    33    33
         33    32    31    29    27    25    23    21    19    17    15    13    11     9     8     7     5     5     4     3
          3     2     2     2    55    55    55    55    55    55    55    55    55    55    55    55    55    55    55    55
         55    55    55    55    55    55
  56   1000   990   961   914   852   779   698   613   528   446   369   300   240   188   146   111    84    63    48    37
         28    23    19    17    16    16    16    18    19    21    23    26    29    32    34    36    36    38    38    38
         37    36    34    31    29    27    24    22    20    17    15    13    11     9     8     6     5     4     4     3
          3     2     2    63    63    63    63    63    63    63    63    63    63    63    63    63    63    63    63    63
         63    63    63    63    63
  57   1000   990   961   914   852   779   698   613   528   446   370   301   241   190   147   113    86    65    49    38
         30    24    20    18    18    19    20    21    23    26    29    32    36    38    40    41    43    43    43    42
         40    38    36    33    30    28    25    22    20    17    15    12    10     9     7     6     5     4     3     3
          3     2    71    71    71    71    71    71    71    71    71    71    71    71    71    71    71    71    71    71
         71    71    71    71
  58   1000   990   961   914   852   779   698   613   529   447   371   302   242   191   148   114    87    66    50    39
         31    25    22    21    21    22    24    26    29    32    36    40    42    45    46    48    48    48    47    46
         43    40    37    34    31    29    25    22    19    16    14    12    10     8     7     6     5     4     3     3
          3    81    81    81    81    81    81    81    81    81    81    81    81    81    81    81    81    81    81    81
         81    81    81
  59   1000   990   961   914   852   779   699   614   529   448   372   303   243   192   149   115    88    67    51    40
         32    27    25    24    24    26    29    32    36    40    44    47    51    51    54    54    54    53    51    49
         46    42    39    35    32    29    25    22    19    16    13    11     9     8     6     5     4     4     3     3
         91    91    91    91    91    91    91    91    91    91    91    91    91    91    91    91    91    91    91    91
         91    91
  60   1000   990   961   914   853   780   699   615   530   449   373   304   244   193   150   115    88    67    52    40
         33    29    28    28    29    32    35    39    44    49    52    56    57    60    61    60    59    57    54    51
         47    43    39    36    32    28    24    21    18    15    12    10     9     7     6     5     4     4     3   102
        102   102   102   102   102   102   102   102   102   102   102   102   102   102   102   102   102   102   102   102
        102
  61   1000   990   961   914   853   780   699   615   531   449   373   305   244   193   150   115    88    67    52    41
         36    32    31    32    35    39    43    49    54    58    62    63    66    67    67    65    64    61    57    53
         48    44    41    36    31    27    23    20    17    14    12    10     8     7     6     5     4     4   114   114
        114   114   114   114   114   114   114   114   114   114   114   114   114   114   114   114   114   114   114   114
  62   1000   990   961   914   853   780   700   615   531   449   373   305   244   193   150   115    88    68    53    44
         39    36    37    39    42    47    53    59    64    68    70    73    74    74    73    71    67    63    59    54
         49    45    40    35    30    26    22    19    15    13    11     9     7     6     5     5     4   128   128   128
        128   128   128   128   128   128   128   128   128   128   128   128   128   128   128   128   128   128   128
  63   1000   990   961   914   853   780   700   616   531   450   373   305   244   192   150   115    88    69    56    48
         43    42    44    47    52    58    65    70    75    77    81    82    82    80    78    75    70    65    60    54
         50    45    39    34    29    25    21    17    14    12    10     8     7     6     5     5   142   142   142   142
        142   142   142   142   142   142   142   142   142   142   142   142   142   142   142   142   142   142
  64   1000   990   961   914   853   780   700   615   531   449   373   304   243   192   149   115    89    72    60    52
         49    50    53    58    64    71    77    82    84    89    90    90    88    87    82    77    72    66    60    56
         49    43    38    32    27    23    19    16    13    11     9     8     7     6     5   158   158   158   158   158
        158   158   158   158   158   158   158   158   158   158   158   158   158   158   158   158   158
  65   1000   990   961   914   853   780   700   615   531   449   372   303   243   192   149   116    93    76    65    59
         58    60    65    71    79    84    91    93    98   100   100    98    96    91    86    80    73    67    62    55
         48    42    36    30    25    21    18    15    12    10     9     7     6     6   176   176   176   176   176   176
        176   176   176   176   176   176   176   176   176   176   176   176   176   176   176   176
  66   1000   990   961   914   853   780   699   615   530   448   372   303   243   192   151   120    97    82    73    69
         69    73    79    87    93    99   102   107   109   109   107   105   100    94    88    80    73    68    60    53
         46    39    33    28    23    19    16    13    11     9     8     7     6   194   194   194   194   194   194   194
        194   194   194   194   194   194   194   194   194   194   194   194   194   194   194
  67   1000   990   961   914   853   780   699   614   529   447   371   303   243   193   155   126   104    90    83    81
         83    89    96   102   109   111   117   119   119   117   115   109   103    96    88    80    74    66    58    51
         43    37    31    26    21    18    15    12    10     9     8     7   214   214   214   214   214   214   214   214
        214   214   214   214   214   214   214   214   214   214   214   214   214   214
  68   1000   990   961   914   853   780   699   614   529   447   371   303   245   199   161   133   114   102    97    97
        101   108   113   120   122   128   130   130   128   125   119   112   105    96    88    81    73    64    55    47
         40    34    28    24    20    16    14    11    10     8     8   235   235   235   235   235   235   235   235   235
        235   235   235   235   235   235   235   235   235   235   235   235   235
  69   1000   990   961   914   853   779   699   614   529   448   372   306   251   205   169   143   126   117   113   115
        120   125   131   132   139   141   141   138   135   129   121   113   104    95    88    79    69    60    51    44
         37    31    26    21    18    15    12    11     9     8   256   256   256   256   256   256   256   256   256   256
        256   256   256   256   256   256   256   256   256   256   256   256
  70   1000   990   961   914   852   779   698   614   529   449   375   312   257   214   180   157   141   134   133   135
        138   143   143   150   151   151   148   145   138   130   121   111   102    94    84    74    64    55    47    39
         33    27    23    19    16    13    11    10     9   276   276   276   276   276   276   276   276   276   276   276
        276   276   276   276   276   276   276   276   276   276   276
  71   1000   990   961   914   852   779   699   614   531   451   381   319   266   225   194   172   159   153   152   152
        156   155   160   161   160   156   153   146   137   128   118   108   100    89    78    68    58    50    42    35
         29    24    20    17    14    12    11     9   294   294   294   294   294   294   294   294   294   294   294   294
        294   294   294   294   294   294   294   294   294   294
  72   1000   990   961   914   852   779   699   616   533   457   388   327   277   238   209   189   178   172   168   169
        166   170   170   168   163   160   152   143   134   123   112   104    93    82    71    61    52    44    37    31
         25    21    18    15    13    11    10   309   309   309   309   309   309   309   309   309   309   309   309   309
        309   309   309   309   309   309   309   309   309
  73   1000   990   961   914   853   780   700   618   539   464   396   338   290   252   225   206   195   186   183   177
        178   176   173   168   164   156   146   137   125   115   107    95    84    73    63    53    45    38    31    26
         22    18    15    13    11    10   320   320   320   320   320   320   320   320   320   320   320   320   320   320
        320   320   320   320   320   320   320   320
  74   1000   990   961   914   853   781   703   623   545   472   406   350   304   267   241   223   208   200   189   187
        183   178   172   167   158   148   138   127   116   108    97    85    74    63    54    46    38    32    27    22
         19    16    13    12    10   328   328   328   328   328   328   328   328   328   328   328   328   328   328   328
        328   328   328   328   328   328   328
  75   1000   990   961   915   854   783   707   629   553   481   418   363   318   283   256   234   219   203   197   190
        182   174   168   158   148   138   127   116   108    97    85    74    64    54    46    39    32    27    22    19
         16    14    12    11   332   332   332   332   332   332   332   332   332   332   332   332   332   332   332   332
        332   332   332   332   332   332
  76   1000   990   961   915   856   787   712   635   560   491   428   374   329   293   263   240   218   207   195   184
        174   166   156   145   135   123   113   105    94    83    72    62    53    45    38    32    26    22    18    16
         13    12    10   330   330   330   330   330   330   330   330   330   330   330   330   330   330   330   330   330
        330   330   330   330   330
  77   1000   990   962   916   858   791   717   642   569   500   437   384   338   298   267   238   220   203   188   174
        165   152   141   130   119   109   101    91    80    70    60    52    44    37    31    26    22    18    15    13
         12    10   327   327   327   327   327   327   327   327   327   327   327   327   327   327   327   327   327   327
        327   327   327   327
  78   1000   990   962   918   861   794   722   648   575   506   444   389   340   299   261   236   212   192   175   162
        148   135   124   113   103    96    86    76    67    57    49    42    35    30    25    21    18    15    13    11
         10   320   320   320   320   320   320   320   320   320   320   320   320   320   320   320   320   320   320   320
        320   320   320
  79   1000   990   963   920   863   798   726   652   579   510   446   388   338   291   256   225   199   177   160   144
        130   118   106    96    90    80    71    62    54    46    39    33    28    24    20    17    14    12    11    10
        312   312   312   312   312   312   312   312   312   312   312   312   312   312   312   312   312   312   312   312
        312   312
  80   1000   991   964   921   865   800   729   655   581   510   444   385   329   285   245   212   184   163   143   126
        113   100    90    84    75    66    58    50    43    37    31    27    22    19    16    14    12    11     9   306
        306   306   306   306   306   306   306   306   306   306   306   306   306   306   306   306   306   306   306   306
        306
  81   1000   991   964   922   868   803   732   657   583   510   443   379   326   278   236   201   174   150   130   114
        100    89    82    73    64    56    49    42    36    31    26    22    19    16    14    12    11    10   313   313
        313   313   313   313   313   313   313   313   313   313   313   313   313   313   313   313   313   313   313   313
  82   1000   991   965   923   868   803   731   655   579   506   434   372   315   265   222   188   158   134   115    99
         87    79    70    61    54    46    40    34    29    25    21    18    16    13    12    10    10   316   316   316
        316   316   316   316   316   316   316   316   316   316   316   316   316   316   316   316   316   316   316
  83   1000   991   965   923   868   802   728   651   574   497   426   361   303   251   210   173   144   120   101    87
         78    68    59    52    44    38    33    28    24    21    18    15    13    12    10    10   323   323   323   323
        323   323   323   323   323   323   323   323   323   323   323   323   323   323   323   323   323   323
  84   1000   991   965   923   866   799   725   646   566   490   417   350   290   241   197   161   132   108    91    80
         69    59    51    43    38    32    28    24    21    18    15    13    12    11    10   335   335   335   335   335
        335   335   335   335   335   335   335   335   335   335   335   335   335   335   335   335   335
  85   1000   991   964   921   864   796   721   641   560   482   408   340   282   230   186   151   123   101    87    73
         62    53    44    38    32    28    24    21    18    16    14    12    11    10   354   354   354   354   354   354
        354   354   354   354   354   354   354   354   354   354   354   354   354   354   354   354
  86   1000   991   964   920   862   793   717   636   554   475   400   333   273   221   179   144   117    99    81    67
         56    47    40    34    29    25    21    18    16    14    13    11    11   376   376   376   376   376   376   376
        376   376   376   376   376   376   376   376   376   376   376   376   376   376   376
  87   1000   991   963   919   860   791   713   632   549   469   395   327   267   216   174   140   117    95    77    64
         52    43    36    31    26    22    19    17    15    13    12    11   404   404   404   404   404   404   404   404
        404   404   404   404   404   404   404   404   404   404   404   404   404   404
  88   1000   991   963   919   860   790   712   630   547   468   392   324   265   214   173   143   115    93    75    61
         50    41    34    29    24    21    18    16    14    13    12   437   437   437   437   437   437   437   437   437
        437   437   437   437   437   437   437   437   437   437   437   437   437
  89   1000   991   963   919   860   789   711   628   546   465   390   323   263   214   177   142   114    91    73    59
         47    39    32    27    23    19    17    15    14    13   470   470   470   470   470   470   470   470   470   470
        470   470   470   470   470   470   470   470   470   470   470   470
  90   1000   990   963   918   858   787   707   626   542   461   387   319   262   216   174   139   111    87    69    55
         44    36    29    24    21    18    16    14    13   492   492   492   492   492   492   492   492   492   492   492
        492   492   492   492   492   492   492   492   492   492   492
  91   1000   991   963   917   857   785   707   624   540   461   386   320   266   216   173   137   108    85    67    53
         42    34    27    23    19    17    15    14   517   517   517   517   517   517   517   517   517   517   517   517
        517   517   517   517   517   517   517   517   517   517
  92   1000   990   961   916   855   783   703   620   537   456   383   321   262   211   168   132   103    80    62    48
         38    30    25    20    17    15    14   517   517   517   517   517   517   517   517   517   517   517   517   517
        517   517   517   517   517   517   517   517   517
  93   1000   990   962   916   855   783   703   621   537   459   389   322   262   211   167   131   101    78    60    47
         37    29    23    20    17    15   536   536   536   536   536   536   536   536   536   536   536   536   536   536
        536   536   536   536   536   536   536   536
  94   1000   990   961   916   855   782   703   620   538   463   389   321   261   208   164   128    99    76    58    44
         34    27    22    18    16   537   537   537   537   537   537   537   537   537   537   537   537   537   537   537
        537   537   537   537   537   537   537
  95   1000   990   962   915   854   782   703   621   542   463   387   319   258   205   161   125    96    73    55    42
         33    26    21    18   529   529   529   529   529   529   529   529   529   529   529   529   529   529   529   529
        529   529   529   529   529   529
  96   1000   990   961   915   855   782   704   625   542   461   386   316   255   203   158   122    93    71    53    40
         31    24    20   513   513   513   513   513   513   513   513   513   513   513   513   513   513   513   513   513
        513   513   513   513   513
  97   1000   990   961   915   854   783   707   625   541   460   384   315   253   200   156   120    91    69    52    39
         30    23   498   498   498   498   498   498   498   498   498   498   498   498   498   498   498   498   498   498
        498   498   498   498
  98   1000   990   961   915   855   786   707   624   540   459   382   312   251   198   154   118    89    67    50    38
         29   470   470   470   470   470   470   470   470   470   470   470   470   470   470   470   470   470   470   470
        470   470   470
  99   1000   990   961   916   858   786   707   624   539   457   380   311   249   196   152   116    88    66    49    37
        439   439   439   439   439   439   439   439   439   439   439   439   439   439   439   439   439   439   439   439
        439   439
 100   1000   990   962   917   857   786   706   622   537   455   378   309   247   195   151   115    86    64    48   407
        407   407   407   407   407   407   407   407   407   407   407   407   407   407   407   407   407   407   407   407
        407
 101   1000   990   963   917   857   785   705   621   536   454   377   307   246   193   149   113    85    63   371   371
        371   371   371   371   371   371   371   371   371   371   371   371   371   371   371   371   371   371   371   371
 102   1000   991   962   917   856   784   704   619   534   452   375   305   244   192   148   112    84   339   339   339
        339   339   339   339   339   339   339   339   339   339   339   339   339   339   339   339   339   339   339
 103   1000   990   962   916   854   782   701   617   532   450   373   304   243   190   147   111   314   314   314   314
        314   314   314   314   314   314   314   314   314   314   314   314   314   314   314   314   314   314
 104   1000   990   961   915   854   781   701   616   531   449   372   303   242   189   146   279   279   279   279   279
        279   279   279   279   279   279   279   279   279   279   279   279   279   279   279   279   279
 105   1000   990   961   915   853   781   700   615   530   448   371   302   241   189   245   245   245   245   245   245
        245   245   245   245   245   245   245   245   245   245   245   245   245   245   245   245
 106   1000   990   961   915   853   780   699   615   530   447   371   301   240   213   213   213   213   213   213   213
        213   213   213   213   213   213   213   213   213   213   213   213   213   213   213
 107   1000   990   961   914   853   780   699   614   529   447   370   301   182   182   182   182   182   182   182   182
        182   182   182   182   182   182   182   182   182   182   182   182   182   182
 108   1000   990   961   914   853   780   699   614   529   447   370   155   155   155   155   155   155   155   155   155
        155   155   155   155   155   155   155   155   155   155   155   155   155
 109   1000   990   961   914   853   780   699   614   529   446   131   131   131   131   131   131   131   131   131   131
        131   131   131   131   131   131   131   131   131   131   131   131
 110   1000   990   961   914   853   779   698   614   528   110   110   110   110   110   110   110   110   110   110   110
        110   110   110   110   110   110   110   110   110   110   110
 111   1000   990   961   914   852   779   698   613    92    92    92    92    92    92    92    92    92    92    92    92
         92    92    92    92    92    92    92    92    92    92
 112   1000   990   961   914   852   779   698    77    77    77    77    77    77    77    77    77    77    77    77    77
         77    77    77    77    77    77    77    77    77
 113   1000   990   961   914   852   779    64    64    64    64    64    64    64    64    64    64    64    64    64    64
         64    64    64    64    64    64    64    64
 114   1000   990   961   914   852    54    54    54    54    54    54    54    54    54    54    54    54    54    54    54
         54    54    54    54    54    54    54
 115   1000   990   961   914    46    46    46    46    46    46    46    46    46    46    46    46    46    46    46    46
         46    46    46    46    46    46
 116   1000   990   961    39    39    39    39    39    39    39    39    39    39    39    39    39    39    39    39    39
         39    39    39    39    39
 117   1000   990    35    35    35    35    35    35    35    35    35    35    35    35    35    35    35    35    35    35
         35    35    35    35
 118   1000    31    31    31    31    31    31    31    31    31    31    31    31    31    31    31    31    31    31    31
         31    31    31
 119   1000  1000  1000  1000  1000  1000  1000  1000  1000  1000  1000  1000  1000  1000  1000  1000  1000  1000  1000  1000
       1000  1000
 120   1000  1000  1000  1000  1000  1000  1000  1000  1000  1000  1000  1000  1000  1000  1000  1000  1000  1000  1000  1000
       1000
 121   1000  1000  1000  1000  1000  1000  1000  1000  1000  1000  1000  1000  1000  1000  1000  1000  1000  1000  1000  1000
 122   1000  1000  1000  1000  1000  1000  1000  1000  1000  1000  1000  1000  1000  1000  1000  1000  1000  1000  1000
 123   1000  1000  1000  1000  1000  1000  1000  1000  1000  1000  1000  1000  1000  1000  1000  1000  1000  1000
 124   1000  1000  1000  1000  1000  1000  1000  1000  1000  1000  1000  1000  1000  1000  1000  1000  1000
 125   1000  1000  1000  1000  1000  1000  1000  1000  1000  1000  1000  1000  1000  1000  1000  1000
 126   1000  1000  1000  1000  1000  1000  1000  1000  1000  1000  1000  1000  1000  1000  1000
 127   1000  1000  1000  1000  1000  1000  1000  1000  1000  1000  1000  1000  1000  1000
 128   1000  1000  1000  1000  1000  1000  1000  1000  1000  1000  1000  1000  1000
 129   1000  1000  1000  1000  1000  1000  1000  1000  1000  1000  1000  1000
 130   1000  1000  1000  1000  1000  1000  1000  1000  1000  1000  1000
 131   1000  1000  1000  1000  1000  1000  1000  1000  1000  1000
 132   1000  1000  1000  1000  1000  1000  1000  1000  1000
 133   1000  1000  1000  1000  1000  1000  1000  1000
 134   1000  1000  1000  1000  1000  1000  1000
 135   1000  1000  1000  1000  1000  1000
 136   1000  1000  1000  1000  1000
 137   1000  1000  1000  1000
 138   1000  1000  1000
 139   1000  1000
 140   1000

 Finished!
