88" 33MeV Deuteron breakup on Ta, Clean Beam
  140    7    1    0    1
   0.00500  10.00000   0.00500   0.00100
   1.0000000   0   0 7.86600000E+03   1.0000000
AL27P    2.293E-20 0.061       0.00       0.00        (    )
AL27A    1.983E-20 0.017       0.00       0.00        (    )
NI582    3.740E-21 0.028       0.00       0.00        (    )
IN115N   8.790E-20 0.013       0.00       0.00        (    )
AU1972   2.814E-19 0.038       0.00       0.00        (    )
AU197G   7.770E-20 0.025       0.00 AUNG  3.70 BFX    (BEAM)
IN115G   9.289E-20 0.042       0.00 INNG 40.20 BFX    (BEAM)
Flux Uncertainty From MCNP Calculations
 140
 3.4000E-02 2.1300E-02 1.4100E-02 1.0200E-02 8.6000E-03 8.0000E-03 7.9000E-03
 8.0000E-03 8.2000E-03 9.1000E-03 1.1600E-02 1.6600E-02 2.4300E-02 3.5100E-02
 4.8800E-02 6.6200E-02 8.8700E-02 1.1790E-01 1.5590E-01 2.0550E-01 2.6790E-01
 3.4290E-01 4.2790E-01 5.1800E-01 6.0690E-01 6.8880E-01 7.5970E-01 8.1730E-01
 8.6250E-01 8.9590E-01 9.1990E-01 9.3670E-01 9.4860E-01 9.5650E-01 9.6190E-01
 9.6530E-01 9.6740E-01 9.6830E-01 9.6820E-01 9.6710E-01 9.6520E-01 9.6220E-01
 9.5760E-01 9.5230E-01 9.4520E-01 9.3680E-01 9.2640E-01 9.1450E-01 9.0080E-01
 8.8580E-01 8.6920E-01 8.5170E-01 8.3360E-01 8.1550E-01 7.9770E-01 7.8060E-01
 7.6500E-01 7.5030E-01 7.3700E-01 7.2450E-01 7.1230E-01 6.9890E-01 6.8280E-01
 6.6180E-01 6.3370E-01 5.9660E-01 5.4870E-01 4.9040E-01 4.2250E-01 3.4920E-01
 2.7500E-01 2.0540E-01 1.4500E-01 9.6400E-02 6.0300E-02 3.5600E-02 2.0200E-02
 1.2300E-02 1.1700E-02 2.0600E-02 9.1000E-03 9.0000E-03 9.0000E-03 8.9000E-03
 8.8000E-03 8.6000E-03 8.5000E-03 8.4000E-03 8.1000E-03 8.0000E-03 7.9000E-03
 7.9000E-03 7.9000E-03 8.0000E-03 8.2000E-03 8.4000E-03 8.7000E-03 9.2000E-03
 9.7000E-03 1.0400E-02 1.1100E-02 1.1900E-02 1.2800E-02 1.3700E-02 1.4500E-02
 1.5400E-02 1.6100E-02 1.6700E-02 1.7500E-02 1.7900E-02 1.8200E-02 1.9000E-02
 1.9400E-02 2.0400E-02 2.2200E-02 2.4600E-02 2.9700E-02 5.3100E-02 0.0000E+00
 0.0000E+00 0.0000E+00 0.0000E+00 0.0000E+00 0.0000E+00 0.0000E+00 0.0000E+00
 0.0000E+00 0.0000E+00 0.0000E+00 0.0000E+00 0.0000E+00 0.0000E+00 0.0000E+00
 0.0000E+00 0.0000E+00 0.0000E+00 0.0000E+00 0.0000E+00 0.0000E+00 0.0000E+00
Input Flux Spectrum from MCNP Simulation
 140   0 4.060E+09 2.000E+01 5.000E-08
 6.5039E-09 1.2613E-09 1.0699E-08 3.4025E-08 3.4566E-08 3.0159E-08 2.6955E-08
 2.1926E-08 1.8511E-08 1.1478E-08 6.5007E-09 5.5363E-09 5.1253E-09 5.0775E-09
 4.0139E-09 2.6724E-09 3.0484E-09 1.4195E-09 5.9721E-10 6.1125E-10 6.0628E-10
 2.2902E-10 3.7641E-10 2.2862E-10 1.0796E-10 1.2948E-10 1.6586E-10 4.0737E-10
 5.1335E-10 3.9975E-10 5.1777E-10 1.2111E-09 7.2602E-10 4.5083E-10 4.0496E-10
 1.1696E-09 8.2257E-10 1.0722E-09 1.9808E-09 1.1504E-09 1.5746E-09 2.6980E-09
 2.0172E-09 4.2437E-09 5.8569E-09 4.0899E-09 3.4037E-09 1.0348E-08 1.1578E-08
 2.2354E-08 2.8062E-08 3.0991E-08 3.3948E-08 4.4272E-08 5.0986E-08 6.0853E-08
 7.3028E-08 5.3424E-08 7.5833E-08 9.0860E-08 1.2890E-07 1.2493E-07 1.2479E-07
 1.2319E-07 1.3023E-07 1.2344E-07 1.2165E-07 1.0607E-07 1.3358E-07 1.3387E-07
 3.5464E-07 3.8413E-07 4.1788E-07 4.8253E-07 6.0645E-07 1.2074E-06 1.7107E-06
 2.4989E-06 5.1492E-06 8.4105E-06 9.7920E-07 1.0582E-06 1.4729E-06 1.7852E-06
 2.1267E-06 3.6436E-06 4.2305E-06 5.3996E-06 5.8684E-06 7.3677E-06 6.8236E-06
 6.1404E-06 5.1539E-06 4.3298E-06 3.3702E-06 2.6793E-06 2.0301E-06 1.5482E-06
 1.1287E-06 7.7143E-07 6.2995E-07 5.1756E-07 4.3089E-07 3.6259E-07 3.2007E-07
 2.8961E-07 2.7894E-07 2.7251E-07 2.6387E-07 2.7057E-07 2.7042E-07 2.6022E-07
 2.5057E-07 2.1117E-07 1.5974E-07 1.1143E-07 6.3660E-08 1.4051E-08 0.0000E+00
 0.0000E+00 0.0000E+00 0.0000E+00 0.0000E+00 0.0000E+00 0.0000E+00 0.0000E+00
 0.0000E+00 0.0000E+00 0.0000E+00 0.0000E+00 0.0000E+00 0.0000E+00 0.0000E+00
 0.0000E+00 0.0000E+00 0.0000E+00 0.0000E+00 0.0000E+00 0.0000E+00 0.0000E+00
   17   15    9    9    9   10    7   14   14   36



                         ==============================
                               STAYSL PNNL OUTPUT
                         ==============================

 STAYSL PNNL, version 1.2.0, 2015-08-05


 SCENARIO TITLE: 88" 33MeV Deuteron breakup on Ta, Clean Beam
 -------------------------------------------------------------------------------
  NGROUP =   140    NRXN =     7    ACTIVITY NORM = 1.00000E+00

  COVARIANCE PARAMETERS (FCHN, FCVX, ACVX, FS)
    FLUXES:      WIDTH =  1.0000E+01   LONG RANGE COVAR. =  5.0000E-03
            ACTIVITIES =  5.0000E-03   X-SECT CROSS COR. =  1.0000E-03

    DETERM =   1.5486 × 10^   8.00      ERROR =  -1.6918E-16

  INPUT NORMALIZATION DATA
    AK1   =     1.00000     VAK        =     0.00003
    NORML =           0     RENORM     = 1.00000E+00
    CHI²  =     6.76378     NORM. CHI² =     1.12730

  DOSIMETRY ACTIVITIES
     ———— INPUTS —————  -UNADJUSTED FLUX-  — ADJUSTED FLUX —    CHI²  90% ACTIVITIES RANGE
 RXN  MEASURED     ±%   ACTIVITY    %DIFF  ACTIVITY    %DIFF  CONTRIB --LOW E-- --HIGH E--   REACTION          CVR
  1  2.293E-20    6.10  2.087E-20   -8.98  2.088E-20   -8.92    1.945  5.50E+00  1.60E+01  AL27(N,P)MG27           
  2  1.983E-20    1.70  1.959E-20   -1.20  1.960E-20   -1.15    0.475  7.40E+00  1.70E+01  AL27(N,A)NA24           
  3  3.740E-21    2.80  3.997E-21    6.87  3.988E-21    6.64    4.003  1.30E+01  3.00E+01  NI58(N,2N)NI57          
  4  8.790E-20    1.30  8.854E-20    0.73  8.857E-20    0.77    0.098  2.30E+00  1.30E+01  IN115(N,N')IN115M       
  5  2.814E-19    3.80  2.760E-19   -1.93  2.760E-19   -1.92    0.238  9.00E+00  1.80E+01  AU197(N,2N)AU196        
  6  7.770E-20    2.50  7.770E-20    0.00  7.770E-20    0.00    0.000  1.00E-10  1.90E-01  AU197(N,G)AU198         
  7  9.289E-20    4.20  9.263E-20   -0.28  9.261E-20   -0.30    0.005  1.00E-10  1.60E+00  IN115(N,G)IN116M        

             % STD. DEV.  =          4.72               4.64

  DIFFERENTIAL FLUXES (input is normalized by a factor of 1.0000E+00)
                  —————— DIFFERENTIAL FLUX —————   ———— STD. DEV. % ————   INTEGRAL
 GRP    ENERGY        NEW         OLD      RATIO    NEW     OLD    RATIO   FLUX > E     ± %
   1  1.0000E-10  2.9349E+10  2.9340E+10   1.000    3.13    3.44   0.911  3.9055E+05    1.41
   2  1.0000E-09  5.6908E+08  5.6899E+08   1.000    1.97    2.19   0.898  3.9053E+05    1.41
   3  1.0000E-08  3.3417E+09  3.3414E+09   1.000    1.33    1.50   0.887  3.9052E+05    1.41
   4  2.3000E-08  5.1166E+09  5.1164E+09   1.000    1.00    1.14   0.879  3.9048E+05    1.41
   5  5.0000E-08  5.3978E+09  5.3976E+09   1.000    0.87    0.99   0.876  3.9034E+05    1.41
   6  7.6000E-08  3.1397E+09  3.1396E+09   1.000    0.82    0.94   0.874  3.9020E+05    1.41
   7  1.1500E-07  1.9898E+09  1.9898E+09   1.000    0.82    0.93   0.873  3.9008E+05    1.41
   8  1.7000E-07  1.0473E+09  1.0473E+09   1.000    0.82    0.94   0.874  3.8997E+05    1.41
   9  2.5500E-07  6.0125E+08  6.0124E+08   1.000    0.84    0.96   0.875  3.8988E+05    1.41
  10  3.8000E-07  2.7413E+08  2.7412E+08   1.000    0.91    1.04   0.877  3.8980E+05    1.41
  11  5.5000E-07  9.1015E+07  9.1010E+07   1.000    1.11    1.26   0.880  3.8976E+05    1.41
  12  8.4000E-07  5.1677E+07  5.1672E+07   1.000    1.54    1.73   0.887  3.8973E+05    1.41
  13  1.2750E-06  3.3300E+07  3.3294E+07   1.000    2.22    2.48   0.895  3.8971E+05    1.41
  14  1.9000E-06  2.2911E+07  2.2905E+07   1.000    3.20    3.55   0.903  3.8969E+05    1.41
  15  2.8000E-06  1.1243E+07  1.1239E+07   1.000    4.47    4.91   0.912  3.8967E+05    1.41
  16  4.2500E-06  5.2949E+06  5.2927E+06   1.000    6.11    6.64   0.920  3.8965E+05    1.41
  17  6.3000E-06  4.2700E+06  4.2678E+06   1.001    8.25    8.88   0.928  3.8964E+05    1.41
  18  9.2000E-06  1.3411E+06  1.3403E+06   1.001   11.05   11.80   0.937  3.8963E+05    1.41
  19  1.3500E-05  3.2352E+05  3.2329E+05   1.001   14.74   15.60   0.945  3.8962E+05    1.41
  20  2.1000E-05  2.7596E+05  2.7574E+05   1.001   19.59   20.56   0.953  3.8962E+05    1.41
  21  3.0000E-05  1.6425E+05  1.6410E+05   1.001   25.73   26.79   0.960  3.8962E+05    1.41
  22  4.5000E-05  3.8781E+04  3.8743E+04   1.001   33.15   34.29   0.967  3.8961E+05    1.41
  23  6.9000E-05  4.9349E+04  4.9298E+04   1.001   41.61   42.79   0.972  3.8961E+05    1.41
  24  1.0000E-04  2.6549E+04  2.6520E+04   1.001   50.63   51.80   0.977  3.8961E+05    1.41
  25  1.3500E-04  1.2537E+04  1.2523E+04   1.001   59.56   60.69   0.981  3.8961E+05    1.41
  26  1.7000E-04  1.0525E+04  1.0514E+04   1.001   67.82   68.88   0.985  3.8961E+05    1.41
  27  2.2000E-04  1.1235E+04  1.1223E+04   1.001   74.99   75.97   0.987  3.8961E+05    1.41
  28  2.8000E-04  2.0696E+04  2.0674E+04   1.001   80.84   81.73   0.989  3.8961E+05    1.41
  29  3.6000E-04  2.3183E+04  2.3158E+04   1.001   85.44   86.25   0.991  3.8961E+05    1.41
  30  4.5000E-04  1.2998E+04  1.2984E+04   1.001   88.85   89.59   0.992  3.8961E+05    1.41
  31  5.7500E-04  1.1376E+04  1.1363E+04   1.001   91.31   91.99   0.993  3.8960E+05    1.41
  32  7.6000E-04  2.4615E+04  2.4585E+04   1.001   93.04   93.67   0.993  3.8960E+05    1.41
  33  9.6000E-04  9.3698E+03  9.3576E+03   1.001   94.26   94.86   0.994  3.8960E+05    1.41
  34  1.2750E-03  5.6399E+03  5.6319E+03   1.001   95.08   95.65   0.994  3.8959E+05    1.41
  35  1.6000E-03  4.1167E+03  4.1103E+03   1.002   95.64   96.19   0.994  3.8959E+05    1.41
  36  2.0000E-03  6.7953E+03  6.7837E+03   1.002   96.00   96.53   0.994  3.8959E+05    1.41
  37  2.7000E-03  4.7799E+03  4.7709E+03   1.002   96.21   96.74   0.995  3.8959E+05    1.41
  38  3.4000E-03  3.9656E+03  3.9574E+03   1.002   96.30   96.83   0.995  3.8958E+05    1.41
  39  4.5000E-03  8.0605E+03  8.0420E+03   1.002   96.28   96.82   0.994  3.8958E+05    1.41
  40  5.5000E-03  2.7544E+03  2.7474E+03   1.003   96.15   96.71   0.994  3.8957E+05    1.41
  41  7.2000E-03  3.2054E+03  3.1964E+03   1.003   95.93   96.52   0.994  3.8957E+05    1.41
  42  9.2000E-03  3.9241E+03  3.9121E+03   1.003   95.58   96.22   0.993  3.8956E+05    1.41
  43  1.2000E-02  2.7391E+03  2.7299E+03   1.003   95.05   95.76   0.993  3.8955E+05    1.41
  44  1.5000E-02  4.3231E+03  4.3074E+03   1.004   94.44   95.23   0.992  3.8954E+05    1.41
  45  1.9000E-02  3.6728E+03  3.6583E+03   1.004   93.64   94.52   0.991  3.8952E+05    1.41
  46  2.5500E-02  2.5655E+03  2.5546E+03   1.004   92.68   93.68   0.989  3.8950E+05    1.41
  47  3.2000E-02  1.7352E+03  1.7274E+03   1.005   91.50   92.64   0.988  3.8948E+05    1.41
  48  4.0000E-02  3.3772E+03  3.3610E+03   1.005   90.16   91.45   0.986  3.8947E+05    1.41
  49  5.2500E-02  3.4995E+03  3.4820E+03   1.005   88.62   90.08   0.984  3.8943E+05    1.41
  50  6.6000E-02  4.1468E+03  4.1253E+03   1.005   86.93   88.58   0.981  3.8938E+05    1.41
  51  8.8000E-02  5.2062E+03  5.1787E+03   1.005   85.09   86.92   0.979  3.8929E+05    1.40
  52  1.1000E-01  5.0597E+03  5.0329E+03   1.005   83.15   85.17   0.976  3.8917E+05    1.40
  53  1.3500E-01  5.5418E+03  5.5132E+03   1.005   81.16   83.36   0.974  3.8905E+05    1.39
  54  1.6000E-01  6.0212E+03  5.9915E+03   1.005   79.18   81.55   0.971  3.8891E+05    1.38
  55  1.9000E-01  6.9316E+03  6.9001E+03   1.005   77.26   79.77   0.968  3.8873E+05    1.37
  56  2.2000E-01  7.0871E+03  7.0589E+03   1.004   75.43   78.06   0.966  3.8852E+05    1.36
  57  2.5500E-01  8.4983E+03  8.4712E+03   1.003   73.77   76.50   0.964  3.8827E+05    1.34
  58  2.9000E-01  7.2456E+03  7.2300E+03   1.002   72.24   75.03   0.963  3.8797E+05    1.31
  59  3.2000E-01  7.7034E+03  7.6970E+03   1.001   70.89   73.70   0.962  3.8776E+05    1.30
  60  3.6000E-01  9.2149E+03  9.2223E+03   0.999   69.65   72.45   0.961  3.8745E+05    1.27
  61  4.0000E-01  1.0438E+04  1.0467E+04   0.997   68.47   71.23   0.961  3.8708E+05    1.24
  62  4.5000E-01  1.0093E+04  1.0144E+04   0.995   67.20   69.89   0.961  3.8656E+05    1.19
  63  5.0000E-01  1.0056E+04  1.0133E+04   0.992   65.69   68.28   0.962  3.8605E+05    1.15
  64  5.5000E-01  9.8988E+03  1.0003E+04   0.990   63.72   66.18   0.963  3.8555E+05    1.11
  65  6.0000E-01  8.6957E+03  8.8122E+03   0.987   61.07   63.37   0.964  3.8506E+05    1.07
  66  6.6000E-01  8.2207E+03  8.3528E+03   0.984   57.53   59.66   0.964  3.8453E+05    1.04
  67  7.2000E-01  8.0849E+03  8.2316E+03   0.982   52.93   54.87   0.965  3.8404E+05    1.00
  68  7.8000E-01  7.0413E+03  7.1774E+03   0.981   47.30   49.04   0.964  3.8355E+05    0.97
  69  8.4000E-01  6.6509E+03  6.7792E+03   0.981   40.72   42.25   0.964  3.8313E+05    0.95
  70  9.2000E-01  6.6740E+03  6.7939E+03   0.982   33.61   34.92   0.962  3.8260E+05    0.92
  71  1.0000E+00  7.0892E+03  7.1992E+03   0.985   26.41   27.50   0.960  3.8207E+05    0.90
  72  1.2000E+00  7.7026E+03  7.7978E+03   0.988   19.67   20.55   0.957  3.8065E+05    0.85
  73  1.4000E+00  8.4070E+03  8.4830E+03   0.991   13.83   14.51   0.954  3.7911E+05    0.82
  74  1.6000E+00  9.7367E+03  9.7954E+03   0.994    9.16    9.65   0.949  3.7743E+05    0.80
  75  1.8000E+00  1.2266E+04  1.2311E+04   0.996    5.71    6.05   0.944  3.7548E+05    0.78
  76  2.0000E+00  1.6308E+04  1.6340E+04   0.998    3.37    3.59   0.936  3.7303E+05    0.77
  77  2.3000E+00  2.3129E+04  2.3151E+04   0.999    1.93    2.08   0.926  3.6813E+05    0.75
  78  2.6000E+00  3.3802E+04  3.3818E+04   1.000    1.21    1.33   0.915  3.6120E+05    0.75
  79  2.9000E+00  5.2250E+04  5.2264E+04   1.000    1.16    1.27   0.911  3.5105E+05    0.75
  80  3.3000E+00  8.5366E+04  8.5367E+04   1.000    1.95    2.12   0.918  3.3015E+05    0.75
  81  3.7000E+00  9.9404E+03  9.9389E+03   1.000    0.93    1.04   0.900  2.9601E+05    0.72
  82  4.1000E+00  1.0745E+04  1.0741E+04   1.000    0.92    1.03   0.896  2.9203E+05    0.72
  83  4.5000E+00  1.1967E+04  1.1960E+04   1.001    0.92    1.03   0.892  2.8773E+05    0.72
  84  5.0000E+00  1.4507E+04  1.4496E+04   1.001    0.91    1.02   0.888  2.8175E+05    0.72
  85  5.5000E+00  1.7286E+04  1.7269E+04   1.001    0.89    1.01   0.882  2.7450E+05    0.73
  86  6.0000E+00  2.1157E+04  2.1133E+04   1.001    0.87    0.99   0.876  2.6585E+05    0.73
  87  6.7000E+00  2.4567E+04  2.4537E+04   1.001    0.86    0.99   0.869  2.5104E+05    0.73
  88  7.4000E+00  2.7439E+04  2.7403E+04   1.001    0.84    0.98   0.863  2.3385E+05    0.74
  89  8.2000E+00  2.9819E+04  2.9782E+04   1.001    0.81    0.95   0.856  2.1190E+05    0.74
  90  9.0000E+00  2.9948E+04  2.9913E+04   1.001    0.80    0.94   0.851  1.8804E+05    0.75
  91  1.0000E+01  2.7732E+04  2.7704E+04   1.001    0.79    0.93   0.847  1.5809E+05    0.76
  92  1.1000E+01  2.4951E+04  2.4930E+04   1.001    0.79    0.93   0.845  1.3036E+05    0.77
  93  1.2000E+01  2.0937E+04  2.0925E+04   1.001    0.79    0.93   0.845  1.0541E+05    0.80
  94  1.3000E+01  1.7584E+04  1.7579E+04   1.000    0.80    0.94   0.848  8.4472E+04    0.83
  95  1.4000E+01  1.3682E+04  1.3683E+04   1.000    0.82    0.96   0.853  6.6888E+04    0.87
  96  1.5000E+01  1.0873E+04  1.0878E+04   1.000    0.84    0.98   0.861  5.3207E+04    0.93
  97  1.6000E+01  8.2348E+03  8.2422E+03   0.999    0.87    1.00   0.870  4.2334E+04    1.00
  98  1.7000E+01  6.2770E+03  6.2857E+03   0.999    0.92    1.05   0.880  3.4099E+04    1.08
  99  1.8000E+01  4.5740E+03  4.5825E+03   0.998    0.97    1.09   0.891  2.7822E+04    1.18
 100  1.9000E+01  3.1245E+03  3.1320E+03   0.998    1.04    1.15   0.903  2.3248E+04    1.28
 101  2.0000E+01  2.5501E+03  2.5576E+03   0.997    1.11    1.22   0.914  2.0123E+04    1.36
 102  2.1000E+01  2.0940E+03  2.1013E+03   0.997    1.19    1.29   0.925  1.7573E+04    1.45
 103  2.2000E+01  1.7425E+03  1.7494E+03   0.996    1.28    1.37   0.935  1.5479E+04    1.53
 104  2.3000E+01  1.4656E+03  1.4721E+03   0.996    1.38    1.46   0.944  1.3737E+04    1.61
 105  2.4000E+01  1.2933E+03  1.2995E+03   0.995    1.46    1.53   0.952  1.2271E+04    1.68
 106  2.5000E+01  1.1699E+03  1.1758E+03   0.995    1.55    1.62   0.959  1.0978E+04    1.74
 107  2.6000E+01  1.1266E+03  1.1325E+03   0.995    1.63    1.69   0.964  9.8081E+03    1.80
 108  2.7000E+01  1.1006E+03  1.1064E+03   0.995    1.69    1.74   0.969  8.6815E+03    1.86
 109  2.8000E+01  1.0657E+03  1.0713E+03   0.995    1.77    1.82   0.974  7.5808E+03    1.92
 110  2.9000E+01  1.0930E+03  1.0985E+03   0.995    1.82    1.86   0.978  6.5151E+03    1.98
 111  3.0000E+01  1.0927E+03  1.0979E+03   0.995    1.85    1.89   0.981  5.4221E+03    2.04
 112  3.1000E+01  1.0517E+03  1.0565E+03   0.995    1.93    1.96   0.984  4.3294E+03    2.13
 113  3.2000E+01  1.0130E+03  1.0173E+03   0.996    1.98    2.00   0.986  3.2778E+03    2.22
 114  3.3000E+01  8.5391E+02  8.5735E+02   0.996    2.08    2.10   0.989  2.2648E+03    2.36
 115  3.4000E+01  6.4603E+02  6.4854E+02   0.996    2.25    2.28   0.991  1.4109E+03    2.56
 116  3.5000E+01  4.5069E+02  4.5241E+02   0.996    2.49    2.51   0.993  7.6483E+02    2.86
 117  3.6000E+01  2.5744E+02  2.5846E+02   0.996    3.00    3.01   0.995  3.1414E+02    3.41
 118  3.7000E+01  5.6703E+01  5.7047E+01   0.994    5.32    5.33   0.997  5.6703E+01    5.32
      3.8000E+01

  INTEGRALS OF SPECTRA
    OLD SPECTRUM   3.9062E+05   ±    1.592 %
    NEW SPECTRUM   3.9055E+05   ±    1.411 %

  SUMMARY OF BROAD-GROUP FLUXES, FLUENCES, AND UNCERTAINTIES

    IRRAD TIME [S] = 7.86600000E+03   ACT NORM =  1.00000000E+00

       ENERGY       FLUX       FLUENCE      STDEV %
      thermal    7.9614E+02  6.2624E+06  ±   0.91     (0.100 meV – 0.550  eV)
     epithermal  5.8461E+02  4.5986E+06  ±  57.86     (0.550  eV – 110.0 keV)
        fast     3.8917E+05  3.0612E+09  ±   1.39     (110.0 keV –  20.0 MeV)
        fast     3.8207E+05  3.0053E+09  ±   0.88     (  1.0 MeV –  20.0 MeV)
        high     2.0123E+04  1.5829E+08  ±   1.36     ( 20.0 MeV –  60.0 MeV)

    MINI-SPECTRUM

       ENERGY       FLUX       FLUENCE      STDEV %
     1.0000E-10  9.2598E+02  7.2838E+06  ±   1.02
     9.2000E-06  3.0564E+01  2.4042E+05  ±  44.74
     9.6000E-04  3.8050E+01  2.9930E+05  ±  90.87
     9.2000E-03  2.7162E+02  2.1365E+06  ±  85.19
     8.8000E-02  1.8391E+03  1.4467E+07  ±  71.80
     3.6000E-01  4.8475E+03  3.8130E+07  ±  55.23
     9.2000E-01  1.4467E+04  1.1379E+08  ±  10.50
     2.3000E+00  2.1004E+05  1.6522E+09  ±   0.95
     1.0000E+01  1.4582E+05  1.1470E+09  ±   0.77
     2.4000E+01  1.2271E+04  9.6526E+07  ±   1.68
     6.0000E+01

       TOTAL     3.9055E+05  3.0721E+09  ±   1.41

    RELATIVE COVARIANCES (10×10)
     1000    56   -61  -106  -165  -168   -89   134   195    99
     1000   531    36   -44   -46   -23    -7    -1    -1
     1000   452    52   -25   -15    -5    -1    -1
     1000   588    74   -22   -10    -3    -3
     1000   543    49   -18    -9    -6
     1000   538    41   -23    -8
     1000   406   -21    -3
     1000   494    88
     1000   246
     1000

  SPECTRAL-AVERAGED REACTION RATES (for all cross section library reactions)

        REACTIONS        SIG-PHI      <SIG>          REACTIONS        SIG-PHI      <SIG>          REACTIONS        SIG-PHI      <SIG>  
   ------------------  ----------  ----------   ------------------  ----------  ----------   ------------------  ----------  ----------
   LI6(N,A)T           6.6466E-19  1.7018E-24   FE58(N,G)FE59       1.2157E-21  3.1129E-27   IN115(N,N')IN115M   8.8573E-20  2.2679E-25
   B10(N,A)LI7         2.6148E-18  6.6951E-24   CO59(N,2N)CO58      6.9033E-20  1.7676E-25   IN115(N,2N)IN114M   1.5041E-19  3.8512E-25
   F19(N,2N)F18        4.7674E-21  1.2207E-26   CO59(N,3N)CO57      3.6571E-21  9.3638E-27   IN115(N,G)IN116M    2.4236E-19  6.2056E-25
   NA23(N,2N)NA22      4.8873E-21  1.2514E-26   CO59(N,G)CO60       2.5463E-20  6.5198E-26   I127(N,2N)I126      1.7116E-19  4.3824E-25
   NA23(N,G)NA24       4.2556E-22  1.0896E-27   CO59(N,P)FE59       1.0390E-20  2.6603E-26   LA139(N,G)LA140     6.8304E-21  1.7489E-26
   MG24(N,P)NA24       3.2968E-20  8.4413E-26   CO59(N,A)MN56       4.3948E-21  1.1253E-26   PR141(N,2N)PR140    1.8832E-19  4.8220E-25
   AL27(N,P)MG27       2.0885E-20  5.3475E-26   NI58(N,2N)NI57      3.9885E-21  1.0212E-26   TM169(N,2N)TM168    2.7906E-19  7.1453E-25
   AL27(N,A)NA24       1.9601E-20  5.0188E-26   NI58(N,P)CO58       1.6070E-19  4.1148E-25   TM169(N,3N)TM167    3.3776E-20  8.6483E-26
   SI28(N,P)AL28       5.7088E-20  1.4617E-25   NI60(N,P)CO60       2.6431E-20  6.7676E-26   TA181(N,G)TA182     3.2277E-20  8.2643E-26
   P31(N,P)SI31        4.0892E-20  1.0470E-25   CU63(N,2N)CU62      4.8581E-20  1.2439E-25   W186(N,G)W187       3.1003E-20  7.9381E-26
   S32(N,P)P32         9.8902E-20  2.5324E-25   CU63(N,G)CU64       4.5931E-21  1.1760E-26   AU197(N,2N)AU196    2.7598E-19  7.0665E-25
   TI46(N,2N)TI45      9.3544E-21  2.3952E-26   CU63(N,A)CO60       7.5975E-21  1.9453E-26   AU197(N,G)AU198     1.1059E-19  2.8316E-25
   TI46(N,P)SC46       6.4250E-20  1.6451E-25   CU65(N,2N)CU64      9.0291E-20  2.3119E-25   HG199(N,N')HG199M   1.7970E-19  4.6010E-25
   TI47(N,P)SC47       3.4084E-20  8.7271E-26   ZN64(N,P)CU64       6.5540E-20  1.6781E-25   PB204(N,N')PB204M   4.7293E-20  1.2109E-25
   TI47(N,X)SC46       1.0860E-20  2.7806E-26   ZN67(N,P)CU67       6.0464E-21  1.5482E-26   BI209(N,3N)BI207    3.9709E-20  1.0167E-25
   TI48(N,P)SC48       9.1127E-21  2.3333E-26   AS75(N,2N)AS74      9.7189E-20  2.4885E-25   TH232(N,FISSION)    1.1510E-19  2.9470E-25
   TI48(N,X)SC47       5.4269E-21  1.3895E-26   Y89(N,2N)Y88        8.5538E-20  2.1902E-25   TH232(N,G)TH233     9.7111E-21  2.4865E-26
   TI49(N,X)SC48       3.4647E-21  8.8713E-27   ZR90(N,2N)ZR89      7.0893E-20  1.8152E-25   U235(N,FISSION)     1.0044E-18  2.5717E-24
   V51(N,A)SC48        2.0082E-21  5.1420E-27   NB93(N,G)NB94       1.8639E-21  4.7724E-27   U235(N,G)U236       7.3471E-20  1.8812E-25
   CR52(N,2N)CR51      3.6316E-20  9.2985E-26   NB93(N,N')NB93M     6.3070E-20  1.6149E-25   U238(N,2N)U237      2.6161E-19  6.6984E-25
   MN55(N,2N)MN54      7.0892E-20  1.8152E-25   NB93(N,2N)NB92M     5.5517E-20  1.4215E-25   U238(N,FISSION)     3.4824E-19  8.9166E-25
   MN55(N,G)MN56       9.1839E-21  2.3515E-26   MO92(N,P)NB92M      2.4252E-20  6.2097E-26   U238(N,G)U239       9.6100E-21  2.4606E-26
   FE54(N,2N)FE53      3.4762E-21  8.9006E-27   RH103(N,N')RH103M   3.2933E-19  8.4325E-25   NP237(N,FISSION)    7.4480E-19  1.9070E-24
   FE54(N,P)MN54       1.3201E-19  3.3801E-25   AG109(N,G)AG110M    5.1545E-21  1.3198E-26   PU239(N,FISSION)    1.5934E-18  4.0799E-24
   FE54(N,A)CR51       1.4270E-20  3.6538E-26   IN113(N,N')IN113M   7.4816E-20  1.9156E-25   AM241(N,FISSION)    8.5664E-19  2.1934E-24
   FE56(N,P)MN56       1.8836E-20  4.8230E-26   IN113(N,G)IN114M    2.1709E-20  5.5586E-26   SC45(N,G)SC46       1.8556E-20  4.7511E-26

  INPUT FLUX REL. CORRELATION MATRIX (by row from diagonal)
   1   1000   987   945   876   802   731   661   591   521   456   392   324   259   201   153   115    85    61    43    30
         21    14    10     6     4     3     2     2     1     1     1     1     1     1     1     1     1     1     1     1
          1     1     1     1     1     1     1     1     1     1     1     1     1     1     1     1     1     1     1     1
          1     1     1     1     1     1     1     1     2     2     3     4     5     8    12    20    35    55    57    34
         70    71    71    71    72    73    74    74    76    77    78    78    78    77    76    74    72    69    67    63
         60    56    53    50    47    45    43    42    40    39    39    37    36    35    32    29    24    14   145   145
        145   145   145   145   145   145   145   145   145   145   145   145   145   145   145   145   145   145   145   145

  OUTPUT FLUX REL. CORRELATION MATRIX (by row from diagonal)
   1   1000   985   935   853   762   674   586   498   411   328   248   167    93    31   -17   -53   -78   -93  -102  -104
       -103   -99   -93   -86   -79   -73   -67   -62   -57   -54   -51   -49   -47   -46   -45   -45   -45   -45   -46   -47
        -48   -50   -53   -56   -60   -64   -69   -74   -80   -86   -92   -97  -103  -108  -113  -117  -120  -122  -124  -124
       -124  -122  -119  -116  -112  -107  -101   -95   -89   -82   -75   -68   -61   -53   -44   -32   -16     2     9    -2
         27    31    34    38    40    43    46    48    50    52    53    54    54    53    52    51    49    46    44    41
         38    35    33    31    29    27    26    25    24    23    23    22    21    20    19    17    14     8    91    91
         91    91    91    91    91    91    91    91    91    91    91    91    91    91    91    91    91    91    91    91
   2   1000   982   928   858   783   705   621   533   446   355   259   168    90    28   -18   -53   -76   -91   -99  -101
        -99   -94   -89   -82   -76   -70   -65   -61   -57   -54   -52   -51   -49   -48   -48   -48   -48   -49   -50   -52
        -54   -57   -60   -64   -69   -74   -80   -86   -92   -98  -104  -110  -116  -121  -126  -129  -132  -133  -134  -133
       -132  -129  -125  -121  -116  -110  -104   -97   -90   -83   -75   -66   -57   -45   -28    -3    28    36    10    63
         67    70    73    77    80    83    85    89    91    93    94    94    93    91    88    85    81    77    72    67
         63    59    55    52    49    47    46    44    43    43    41    41    39    36    32    27    15   177   177   177
        177   177   177   177   177   177   177   177   177   177   177   177   177   177   177   177   177   177   177
   3   1000   982   939   883   819   744   661   573   474   362   255   162    87    27   -17   -50   -72   -85   -92   -94
        -92   -88   -83   -77   -72   -67   -63   -59   -56   -54   -52   -51   -50   -50   -50   -50   -51   -52   -54   -56
        -59   -63   -67   -72   -77   -83   -90   -96  -103  -109  -116  -122  -127  -132  -135  -138  -140  -141  -140  -139
       -136  -133  -128  -123  -117  -111  -104   -97   -89   -81   -71   -59   -44   -21    14    63    73    27   110   115
        117   121   124   129   132   135   140   143   145   146   146   144   141   138   133   126   120   112   106    99
         92    87    83    79    76    74    71    70    69    67    66    63    58    53    44    24   291   291   291   291
        291   291   291   291   291   291   291   291   291   291   291   291   291   291   291   291   291   291
   4   1000   987   955   908   847   775   690   586   464   344   239   152    82    26   -14   -44   -65   -77   -83   -84
        -83   -79   -75   -71   -66   -62   -59   -56   -54   -53   -51   -51   -50   -50   -50   -51   -52   -54   -57   -60
        -64   -68   -73   -78   -85   -91   -98  -104  -111  -118  -124  -129  -134  -138  -141  -143  -144  -143  -142  -140
       -136  -132  -127  -121  -115  -108  -101   -93   -84   -74   -61   -42   -13    35   100   112    46   159   164   166
        170   173   179   182   185   192   195   198   199   199   197   192   188   182   173   164   154   145   136   127
        120   114   108   105   102    98    97    96    93    92    88    81    73    61    34   408   408   408   408   408
        408   408   408   408   408   408   408   408   408   408   408   408   408   408   408   408   408
   5   1000   990   962   917   857   781   680   556   430   318   223   143    79    28   -10   -37   -56   -67   -72   -74
        -73   -71   -68   -64   -61   -58   -56   -54   -52   -51   -50   -50   -50   -50   -51   -52   -54   -57   -60   -64
        -68   -73   -79   -85   -91   -98  -105  -111  -118  -124  -130  -135  -139  -142  -144  -145  -144  -143  -141  -137
       -133  -128  -123  -117  -110  -103   -95   -86   -75   -61   -40    -7    47   122   135    57   189   193   195   199
        203   208   212   215   223   227   230   231   231   228   223   218   211   200   190   178   168   158   148   139
        133   126   122   119   115   113   112   108   107   102    95    86    71    39   478   478   478   478   478   478
        478   478   478   478   478   478   478   478   478   478   478   478   478   478   478   478
   6   1000   991   963   918   855   763   642   517   401   300   213   140    80    32    -2   -28   -46   -57   -62   -65
        -65   -64   -62   -59   -57   -55   -53   -52   -51   -50   -50   -50   -50   -51   -52   -54   -57   -60   -64   -68
        -73   -79   -85   -91   -98  -105  -112  -118  -124  -130  -135  -139  -142  -144  -145  -145  -143  -141  -138  -134
       -129  -123  -117  -111  -103   -95   -86   -75   -61   -40    -5    53   132   145    62   202   206   208   212   215
        221   225   228   237   241   244   245   245   242   237   231   224   212   202   189   178   167   157   148   141
        134   130   126   122   120   119   115   114   109   101    91    76    42   509   509   509   509   509   509   509
        509   509   509   509   509   509   509   509   509   509   509   509   509   509   509
   7   1000   991   963   915   836   726   606   491   386   292   211   142    85    40     6   -18   -35   -47   -53   -57
        -58   -58   -57   -55   -54   -53   -52   -51   -50   -50   -50   -50   -51   -52   -54   -57   -60   -64   -68   -73
        -79   -85   -91   -98  -105  -112  -118  -125  -130  -135  -139  -142  -144  -145  -145  -144  -141  -138  -134  -129
       -124  -118  -111  -104   -96   -87   -75   -61   -39    -5    53   134   147    63   204   209   211   214   218   224
        227   230   240   243   247   247   247   245   239   234   226   215   204   191   180   169   158   149   142   135
        131   128   123   122   121   117   115   110   102    92    77    42   514   514   514   514   514   514   514   514
        514   514   514   514   514   514   514   514   514   514   514   514   514   514
   8   1000   991   960   899   804   693   582   477   380   292   215   149    94    50    17    -7   -25   -37   -45   -49
        -52   -53   -53   -52   -52   -51   -50   -50   -50   -50   -50   -51   -52   -54   -57   -60   -64   -68   -73   -79
        -85   -91   -98  -105  -112  -118  -124  -130  -135  -139  -142  -144  -145  -145  -144  -141  -138  -134  -129  -123
       -117  -111  -103   -95   -86   -75   -61   -39    -5    53   132   145    62   202   207   208   212   216   221   225
        228   237   241   244   245   245   242   237   231   224   212   202   189   178   167   157   148   141   134   130
        126   122   120   119   115   114   109   101    91    76    42   509   509   509   509   509   509   509   509   509
        509   509   509   509   509   509   509   509   509   509   509   509   509
   9   1000   989   948   872   775   672   571   473   381   297   222   158   105    62    28     3   -15   -28   -37   -43
        -46   -48   -49   -50   -50   -50   -49   -49   -50   -50   -51   -52   -54   -57   -60   -63   -68   -73   -78   -85
        -91   -98  -104  -111  -118  -124  -129  -134  -138  -141  -143  -144  -144  -143  -140  -137  -133  -128  -123  -116
       -110  -103   -95   -85   -75   -60   -39    -5    51   129   142    60   198   202   204   208   211   217   220   224
        232   236   239   240   240   237   232   227   219   208   198   185   175   164   154   145   138   131   127   124
        119   118   117   113   111   107    99    89    74    41   498   498   498   498   498   498   498   498   498   498
        498   498   498   498   498   498   498   498   498   498   498   498
  10   1000   984   932   855   766   673   577   483   394   311   237   173   119    75    41    14    -5   -20   -30   -38
        -42   -45   -47   -48   -49   -49   -49   -50   -50   -51   -52   -54   -57   -60   -64   -68   -73   -79   -85   -91
        -98  -105  -111  -118  -124  -129  -134  -138  -141  -143  -144  -144  -142  -140  -136  -132  -127  -122  -115  -109
       -101   -93   -84   -74   -60   -40    -9    43   115   127    54   179   184   186   189   193   198   202   205   213
        216   219   220   220   218   213   208   201   191   182   170   160   150   141   133   126   120   116   113   109
        108   107   103   102    97    90    82    68    37   454   454   454   454   454   454   454   454   454   454   454
        454   454   454   454   454   454   454   454   454   454   454
  11   1000   981   932   863   783   694   602   509   419   335   260   194   138    92    55    26     3   -12   -25   -33
        -39   -43   -46   -47   -48   -49   -50   -50   -51   -53   -55   -57   -60   -64   -68   -73   -79   -85   -91   -98
       -105  -111  -118  -124  -129  -134  -138  -141  -143  -143  -143  -141  -139  -135  -131  -126  -120  -113  -106   -99
        -91   -82   -72   -60   -43   -16    26    85    96    38   139   144   146   150   153   158   161   164   171   174
        176   177   177   175   171   167   162   153   146   137   128   120   113   106   101    96    93    90    87    86
         85    82    81    77    71    65    54    30   359   359   359   359   359   359   359   359   359   359   359   359
        359   359   359   359   359   359   359   359   359   359
  12   1000   984   942   881   805   719   628   535   445   360   283   215   157   108    69    37    13    -5   -19   -29
        -36   -41   -44   -46   -47   -48   -50   -51   -52   -54   -57   -60   -63   -68   -72   -78   -84   -90   -97  -103
       -110  -116  -122  -127  -132  -136  -138  -140  -140  -140  -138  -135  -132  -127  -122  -115  -109  -102   -95   -87
        -79   -69   -58   -45   -24     6    48    57    20    90    94    97   101   104   108   111   113   118   121   123
        123   124   122   119   117   113   107   101    95    89    83    78    73    70    66    64    62    59    58    58
         56    55    52    48    44    36    20   242   242   242   242   242   242   242   242   242   242   242   242   242
        242   242   242   242   242   242   242   242   242
  13   1000   986   949   892   819   735   645   553   463   378   301   231   172   121    80    46    20     0   -14   -25
        -32   -38   -41   -44   -46   -47   -49   -51   -52   -55   -58   -61   -66   -70   -75   -81   -87   -93  -100  -106
       -112  -118  -123  -127  -131  -133  -135  -135  -134  -132  -129  -126  -121  -116  -110  -103   -96   -89   -82   -74
        -65   -56   -45   -30    -8    19    27     6    51    55    58    62    65    68    71    73    77    79    80    81
         81    80    78    76    74    70    66    62    58    54    50    47    45    42    40    39    37    37    36    35
         34    33    30    27    23    13   149   149   149   149   149   149   149   149   149   149   149   149   149   149
        149   149   149   149   149   149   149   149
  14   1000   988   952   897   827   745   657   566   477   392   313   243   182   131    88    53    26     5    -9   -21
        -29   -35   -39   -42   -44   -46   -48   -50   -52   -55   -59   -63   -67   -72   -78   -83   -89   -95  -101  -107
       -112  -117  -121  -125  -127  -128  -128  -128  -126  -123  -119  -114  -109  -103   -97   -90   -83   -76   -69   -61
        -53   -44   -33   -17     1     7    -2    25    29    32    36    38    41    44    46    48    50    51    52    52
         51    50    49    47    44    42    39    37    34    31    29    28    26    25    24    23    22    22    21    20
         19    18    16    13     8    86    86    86    86    86    86    86    86    86    86    86    86    86    86    86
         86    86    86    86    86    86    86
  15   1000   988   954   901   832   752   665   575   486   402   323   253   191   138    95    59    31    10    -6   -18
        -26   -32   -37   -40   -43   -45   -47   -50   -52   -56   -60   -64   -69   -74   -79   -85   -90   -96  -101  -107
       -111  -115  -118  -120  -121  -121  -120  -119  -116  -112  -108  -102   -97   -91   -84   -78   -71   -64   -57   -50
        -42   -33   -22    -9    -3    -7     9    13    16    19    22    25    27    29    31    32    33    33    33    33
         32    31    30    28    27    25    23    21    20    18    17    16    15    14    13    13    13    12    12    11
         10     9     8     4    47    47    47    47    47    47    47    47    47    47    47    47    47    47    47    47
         47    47    47    47    47    47
  16   1000   989   955   903   836   757   671   583   494   409   331   260   197   144   100    64    35    13    -2   -14
        -23   -30   -35   -38   -41   -44   -46   -49   -52   -56   -60   -65   -69   -75   -80   -85   -91   -96  -100  -105
       -108  -111  -113  -114  -114  -113  -111  -108  -105  -101   -96   -90   -84   -78   -72   -66   -59   -53   -46   -40
        -33   -24   -15   -10   -10     0     3     6     9    12    14    16    17    19    20    21    21    21    21    21
         20    19    18    17    16    14    13    12    11    10     9     9     8     7     7     7     6     6     6     5
          5     4     2    22    22    22    22    22    22    22    22    22    22    22    22    22    22    22    22    22
         22    22    22    22    22
  17   1000   989   956   906   839   762   677   589   501   416   337   265   203   149   104    68    39    17     0   -12
        -21   -27   -32   -36   -40   -43   -46   -49   -52   -56   -60   -65   -70   -75   -80   -85   -89   -94   -98  -101
       -104  -105  -106  -106  -105  -104  -101   -98   -93   -89   -84   -78   -72   -67   -61   -55   -49   -43   -37   -31
        -25   -19   -14   -12    -6    -2     0     2     5     7     8    10    11    12    13    13    13    13    13    12
         12    11    10     9     8     8     7     6     5     5     4     4     3     3     3     3     2     2     2     2
          1     1     5     5     5     5     5     5     5     5     5     5     5     5     5     5     5     5     5     5
          5     5     5     5
  18   1000   989   957   907   842   765   681   593   505   421   342   270   207   153   108    71    42    20     3    -9
        -18   -25   -30   -35   -38   -41   -45   -48   -52   -56   -60   -65   -69   -74   -79   -83   -87   -91   -94   -96
        -98   -99   -99   -98   -96   -93   -90   -86   -82   -77   -72   -67   -61   -56   -50   -45   -39   -34   -30   -25
        -21   -16   -12    -9    -6    -4    -1     0     2     3     5     6     6     7     7     7     7     7     7     6
          6     5     5     4     4     3     3     2     2     1     1     1     0     0     0     0     0     0     0     0
          0    -4    -4    -4    -4    -4    -4    -4    -4    -4    -4    -4    -4    -4    -4    -4    -4    -4    -4    -4
         -4    -4    -4
  19   1000   989   958   909   844   768   685   597   509   425   345   274   210   156   111    74    45    23     6    -6
        -16   -23   -29   -33   -37   -40   -44   -48   -51   -55   -60   -64   -68   -72   -76   -80   -83   -86   -88   -90
        -91   -91   -90   -88   -86   -83   -79   -75   -70   -66   -61   -56   -51   -46   -41   -36   -31   -27   -24   -21
        -17   -12   -12    -9    -6    -4    -2    -1     0     1     2     3     3     3     3     3     3     3     3     3
          2     2     1     1     1     0     0     0     0     0     0     0    -1    -1    -1    -1    -1    -1     0     0
        -11   -11   -11   -11   -11   -11   -11   -11   -11   -11   -11   -11   -11   -11   -11   -11   -11   -11   -11   -11
        -11   -11
  20   1000   989   959   910   846   771   687   600   512   427   348   276   213   159   114    77    48    26     8    -4
        -14   -21   -27   -31   -35   -39   -43   -47   -50   -54   -58   -62   -66   -70   -73   -76   -79   -81   -82   -83
        -83   -82   -80   -78   -75   -72   -68   -64   -60   -55   -50   -46   -41   -37   -32   -29   -25   -23   -21   -17
        -12   -13   -10    -8    -6    -4    -3    -1     0     0     0     0     1     1     1     1     1     0     0     0
          0     0     0     0     0     0    -1    -1    -1    -1    -1    -2    -2    -2    -2    -2    -1    -1     0   -15
        -15   -15   -15   -15   -15   -15   -15   -15   -15   -15   -15   -15   -15   -15   -15   -15   -15   -15   -15   -15
        -15
  21   1000   990   959   911   847   772   689   602   514   430   350   279   216   162   117    80    51    28    11    -2
        -12   -19   -25   -30   -34   -38   -42   -45   -49   -53   -56   -60   -63   -67   -69   -72   -73   -75   -75   -75
        -74   -73   -71   -68   -65   -62   -58   -54   -50   -45   -41   -37   -33   -29   -26   -23   -21   -20   -17   -11
        -13   -11    -8    -7    -5    -4    -3    -2    -1    -1     0     0     0     0     0     0     0     0     0     0
         -1    -1    -1    -1    -1    -1    -2    -2    -2    -2    -2    -2    -2    -2    -2    -2    -1     0   -18   -18
        -18   -18   -18   -18   -18   -18   -18   -18   -18   -18   -18   -18   -18   -18   -18   -18   -18   -18   -18   -18
  22   1000   990   960   912   848   773   690   603   516   431   352   281   218   164   119    82    53    30    13     0
        -10   -17   -24   -29   -33   -37   -40   -44   -48   -51   -54   -57   -60   -63   -65   -66   -67   -68   -68   -67
        -66   -64   -61   -59   -55   -52   -48   -45   -41   -37   -33   -30   -26   -23   -21   -19   -18   -16   -10   -12
        -10    -8    -7    -5    -4    -3    -2    -2    -1    -1    -1    -1    -1    -1    -1    -1    -1    -1    -1    -1
         -1    -1    -1    -2    -2    -2    -2    -2    -2    -2    -2    -2    -2    -2    -2    -1     0   -18   -18   -18
        -18   -18   -18   -18   -18   -18   -18   -18   -18   -18   -18   -18   -18   -18   -18   -18   -18   -18   -18
  23   1000   990   960   912   849   774   691   604   517   433   354   282   219   166   121    84    55    32    15     1
         -8   -16   -22   -27   -32   -36   -39   -42   -46   -49   -51   -54   -56   -58   -60   -60   -61   -61   -60   -59
        -57   -55   -53   -50   -47   -43   -40   -36   -33   -30   -26   -23   -21   -18   -17   -17   -14    -9   -12   -10
         -8    -7    -5    -4    -3    -3    -2    -2    -2    -1    -1    -1    -1    -1    -1    -1    -1    -1    -1    -2
         -2    -2    -2    -2    -2    -2    -2    -2    -2    -2    -2    -2    -2    -2    -1     0   -18   -18   -18   -18
        -18   -18   -18   -18   -18   -18   -18   -18   -18   -18   -18   -18   -18   -18   -18   -18   -18   -18
  24   1000   990   960   912   849   775   692   605   518   434   355   284   221   167   123    86    57    34    16     3
         -7   -15   -21   -26   -30   -34   -38   -41   -43   -46   -48   -51   -52   -54   -54   -55   -55   -54   -53   -51
        -49   -47   -44   -42   -39   -36   -33   -29   -26   -23   -21   -18   -17   -15   -15   -13    -8   -11    -9    -8
         -6    -5    -4    -3    -3    -2    -2    -2    -2    -2    -2    -1    -2    -2    -2    -2    -2    -2    -2    -2
         -2    -2    -2    -2    -2    -2    -2    -2    -2    -2    -2    -2    -2    -1     0   -17   -17   -17   -17   -17
        -17   -17   -17   -17   -17   -17   -17   -17   -17   -17   -17   -17   -17   -17   -17   -17   -17
  25   1000   990   960   912   850   775   692   606   519   435   356   285   222   169   124    87    58    35    17     4
         -6   -14   -20   -25   -29   -33   -36   -39   -41   -43   -45   -47   -48   -49   -49   -49   -48   -47   -46   -44
        -42   -40   -37   -35   -32   -29   -26   -24   -21   -19   -16   -15   -14   -14   -12    -7   -10    -8    -7    -6
         -5    -4    -3    -3    -2    -2    -2    -2    -2    -1    -1    -1    -2    -1    -1    -1    -1    -1    -1    -1
         -2    -2    -2    -2    -2    -2    -2    -2    -2    -2    -2    -2    -1     0   -15   -15   -15   -15   -15   -15
        -15   -15   -15   -15   -15   -15   -15   -15   -15   -15   -15   -15   -15   -15   -15   -15
  26   1000   990   960   913   850   775   693   606   519   435   357   286   224   170   125    89    59    36    18     5
         -5   -13   -19   -24   -28   -32   -34   -37   -39   -41   -42   -43   -44   -44   -44   -44   -43   -42   -40   -38
        -36   -34   -31   -29   -26   -24   -21   -19   -17   -15   -13   -12   -12   -11    -7    -9    -7    -6    -5    -4
         -4    -3    -2    -2    -2    -2    -1    -1    -1    -1    -1    -1    -1    -1    -1    -1    -1    -1    -1    -1
         -1    -2    -2    -2    -2    -2    -2    -2    -2    -2    -1    -1     0   -14   -14   -14   -14   -14   -14   -14
        -14   -14   -14   -14   -14   -14   -14   -14   -14   -14   -14   -14   -14   -14   -14
  27   1000   990   960   913   850   775   693   607   520   436   358   287   225   171   126    89    60    37    19     5
         -4   -12   -19   -23   -27   -30   -33   -35   -37   -38   -39   -40   -40   -40   -40   -39   -38   -36   -35   -33
        -31   -28   -26   -24   -21   -19   -17   -15   -13   -12   -11   -11   -10    -6    -8    -7    -6    -5    -4    -3
         -3    -2    -2    -2    -1    -1    -1    -1    -1    -1    -1    -1    -1    -1    -1    -1    -1    -1    -1    -1
         -1    -1    -1    -1    -2    -2    -2    -2    -1    -1    -1     0   -13   -13   -13   -13   -13   -13   -13   -13
        -13   -13   -13   -13   -13   -13   -13   -13   -13   -13   -13   -13   -13   -13
  28   1000   990   960   913   850   776   693   607   520   437   359   288   225   172   127    90    61    37    19     6
         -4   -12   -18   -23   -26   -29   -32   -34   -35   -36   -37   -37   -37   -36   -36   -35   -33   -32   -30   -28
        -26   -24   -22   -20   -18   -16   -14   -12   -11   -10   -10    -9    -5    -7    -6    -5    -4    -3    -3    -2
         -2    -2    -1    -1    -1    -1    -1    -1    -1    -1    -1    -1    -1    -1    -1    -1    -1    -1    -1    -1
         -1    -1    -1    -1    -1    -1    -1    -1    -1    -1     0   -12   -12   -12   -12   -12   -12   -12   -12   -12
        -12   -12   -12   -12   -12   -12   -12   -12   -12   -12   -12   -12   -12
  29   1000   990   960   913   850   776   694   607   521   437   359   288   226   172   127    90    61    37    19     6
         -4   -12   -18   -22   -26   -28   -31   -32   -33   -34   -34   -34   -34   -33   -32   -31   -29   -28   -26   -24
        -22   -20   -18   -16   -14   -13   -11   -10    -9    -9    -8    -5    -7    -6    -5    -4    -3    -2    -2    -2
         -1    -1    -1    -1    -1    -1    -1    -1    -1    -1    -1    -1    -1    -1    -1    -1    -1    -1    -1    -1
         -1    -1    -1    -1    -1    -1    -1    -1    -1     0   -11   -11   -11   -11   -11   -11   -11   -11   -11   -11
        -11   -11   -11   -11   -11   -11   -11   -11   -11   -11   -11   -11
  30   1000   990   960   913   850   776   694   608   521   438   359   289   226   172   127    90    61    37    19     6
         -4   -12   -18   -22   -25   -28   -30   -31   -32   -32   -32   -32   -31   -30   -29   -28   -26   -24   -23   -21
        -19   -17   -15   -14   -12   -11    -9    -9    -9    -8    -5    -6    -5    -4    -3    -3    -2    -2    -1    -1
         -1    -1    -1    -1    -1    -1    -1    -1    -1    -1    -1    -1    -1    -1    -1    -1    -1    -1    -1    -1
         -1    -1    -1    -1    -1    -1    -1     0     0   -10   -10   -10   -10   -10   -10   -10   -10   -10   -10   -10
        -10   -10   -10   -10   -10   -10   -10   -10   -10   -10   -10
  31   1000   990   960   913   850   776   694   608   521   438   360   289   226   172   127    90    61    37    19     5
         -4   -12   -18   -22   -25   -27   -29   -30   -30   -30   -30   -29   -29   -28   -26   -25   -23   -22   -20   -18
        -16   -15   -13   -11   -10    -9    -8    -8    -7    -4    -6    -5    -4    -3    -3    -2    -2    -1    -1    -1
         -1    -1    -1     0     0     0    -1     0     0     0     0     0     0    -1    -1    -1    -1    -1    -1    -1
         -1    -1    -1    -1    -1    -1     0     0    -9    -9    -9    -9    -9    -9    -9    -9    -9    -9    -9    -9
         -9    -9    -9    -9    -9    -9    -9    -9    -9    -9
  32   1000   990   960   913   850   776   694   608   522   438   360   289   226   172   127    90    60    37    19     5
         -4   -12   -18   -22   -25   -27   -28   -29   -29   -29   -28   -27   -26   -25   -24   -22   -21   -19   -17   -16
        -14   -12   -11   -10    -9    -8    -8    -7    -4    -5    -5    -4    -3    -2    -2    -1    -1    -1    -1    -1
          0     0     0     0     0     0     0     0     0     0     0     0     0     0    -1    -1    -1    -1    -1    -1
         -1    -1    -1    -1    -1     0     0    -9    -9    -9    -9    -9    -9    -9    -9    -9    -9    -9    -9    -9
         -9    -9    -9    -9    -9    -9    -9    -9    -9
  33   1000   990   960   913   850   776   694   608   522   438   360   289   226   172   126    89    60    36    18     4
         -5   -13   -18   -22   -24   -26   -27   -28   -28   -27   -27   -26   -24   -23   -22   -20   -19   -17   -15   -14
        -12   -11    -9    -8    -8    -8    -7    -4    -5    -4    -4    -3    -2    -2    -1    -1    -1    -1     0     0
          0     0     0     0     0     0     0     0     0     0     0     0     0     0     0    -1    -1    -1    -1    -1
         -1    -1    -1     0     0     0    -8    -8    -8    -8    -8    -8    -8    -8    -8    -8    -8    -8    -8    -8
         -8    -8    -8    -8    -8    -8    -8    -8
  34   1000   990   960   913   851   776   694   608   522   438   359   288   225   171   126    89    59    35    17     4
         -6   -13   -18   -22   -24   -26   -26   -27   -26   -26   -25   -24   -23   -21   -20   -18   -17   -15   -13   -12
        -11    -9    -8    -8    -7    -6    -4    -5    -4    -3    -3    -2    -2    -1    -1    -1     0     0     0     0
          0     0     0     0     0     0     0     0     0     0     0     0     0     0    -1    -1    -1    -1    -1    -1
         -1    -1     0     0     0    -8    -8    -8    -8    -8    -8    -8    -8    -8    -8    -8    -8    -8    -8    -8
         -8    -8    -8    -8    -8    -8    -8
  35   1000   990   960   913   851   776   694   608   521   438   359   288   225   171   125    88    58    35    16     3
         -6   -13   -18   -22   -24   -25   -26   -26   -25   -25   -24   -22   -21   -20   -18   -16   -15   -13   -12   -10
         -9    -8    -8    -7    -6    -4    -5    -4    -3    -3    -2    -2    -1    -1    -1     0     0     0     0     0
          0     0     0     0     0     0     0     0     0     0     0     0     0     0    -1    -1    -1    -1    -1    -1
         -1     0     0     0    -8    -8    -8    -8    -8    -8    -8    -8    -8    -8    -8    -8    -8    -8    -8    -8
         -8    -8    -8    -8    -8    -8
  36   1000   990   960   913   851   776   694   608   521   437   359   287   224   170   124    87    57    34    16     2
         -7   -14   -19   -22   -24   -25   -25   -25   -24   -23   -22   -21   -20   -18   -17   -15   -13   -12   -11    -9
         -8    -8    -7    -6    -4    -5    -4    -3    -3    -2    -2    -1    -1    -1     0     0     0     0     0     0
          0     0     0     0     0     0     0     0     0     0     0     0     0     0    -1    -1    -1    -1    -1    -1
          0     0     0    -8    -8    -8    -8    -8    -8    -8    -8    -8    -8    -8    -8    -8    -8    -8    -8    -8
         -8    -8    -8    -8    -8
  37   1000   990   960   913   851   776   694   608   521   437   358   287   224   169   123    86    56    33    15     1
         -7   -14   -19   -22   -24   -24   -25   -24   -23   -22   -21   -20   -18   -17   -15   -14   -12   -11    -9    -8
         -8    -8    -7    -4    -5    -4    -3    -3    -2    -2    -1    -1    -1     0     0     0     0     0     0     0
          0     0     0     0     0     0     0     0     0     0     0     0    -1    -1    -1    -1    -1    -1    -1     0
          0     0    -8    -8    -8    -8    -8    -8    -8    -8    -8    -8    -8    -8    -8    -8    -8    -8    -8    -8
         -8    -8    -8    -8
  38   1000   990   960   913   850   776   694   608   521   437   358   286   223   168   122    85    55    31    14     0
         -8   -15   -19   -22   -24   -24   -24   -23   -22   -21   -20   -19   -17   -15   -14   -12   -11   -10    -9    -8
         -8    -7    -4    -5    -4    -4    -3    -2    -2    -1    -1    -1    -1     0     0     0     0     0     0     0
          0     0     0     0     0     0     0     0     0     0    -1    -1    -1    -1    -1    -1    -1    -1     0     0
          0    -8    -8    -8    -8    -8    -8    -8    -8    -8    -8    -8    -8    -8    -8    -8    -8    -8    -8    -8
         -8    -8    -8
  39   1000   990   960   913   850   776   694   607   520   436   357   285   222   167   121    84    54    30    13     0
         -9   -15   -20   -22   -23   -24   -23   -23   -22   -20   -19   -17   -16   -14   -13   -11   -10    -9    -8    -8
         -7    -4    -5    -5    -4    -3    -2    -2    -1    -1    -1    -1     0     0     0     0     0     0     0     0
          0     0     0     0     0     0     0     0    -1    -1    -1    -1    -1    -1    -1    -1    -1     0     0     0
         -8    -8    -8    -8    -8    -8    -8    -8    -8    -8    -8    -8    -8    -8    -8    -8    -8    -8    -8    -8
         -8    -8
  40   1000   990   960   913   850   776   693   607   520   435   356   284   220   166   120    82    52    29    11    -1
        -10   -16   -20   -22   -23   -23   -23   -22   -21   -19   -18   -16   -15   -13   -12   -10    -9    -9    -8    -7
         -5    -6    -5    -4    -3    -3    -2    -1    -1    -1    -1    -1     0     0     0     0     0     0     0     0
          0     0     0     0     0     0    -1    -1    -1    -1    -1    -1    -1    -1    -1    -1    -1     0     0    -9
         -9    -9    -9    -9    -9    -9    -9    -9    -9    -9    -9    -9    -9    -9    -9    -9    -9    -9    -9    -9
         -9
  41   1000   990   960   913   850   776   693   606   519   434   355   283   219   164   118    80    51    27    10    -2
        -11   -17   -20   -22   -23   -23   -23   -22   -20   -19   -17   -16   -14   -12   -11   -10    -9    -9    -8    -5
         -6    -5    -4    -3    -3    -2    -2    -1    -1    -1    -1    -1    -1    -1     0    -1    -1    -1    -1     0
         -1    -1    -1    -1    -1    -1    -1    -1    -1    -1    -1    -1    -1    -1    -1    -1     0     0    -9    -9
         -9    -9    -9    -9    -9    -9    -9    -9    -9    -9    -9    -9    -9    -9    -9    -9    -9    -9    -9    -9
  42   1000   990   960   913   850   775   693   606   518   433   354   281   217   162   116    79    49    26     9    -3
        -12   -17   -21   -23   -23   -23   -22   -21   -20   -18   -16   -15   -13   -12   -10   -10   -10    -8    -5    -7
         -6    -5    -4    -3    -2    -2    -1    -1    -1    -1    -1    -1    -1    -1    -1    -1    -1    -1    -1    -1
         -1    -1    -1    -1    -1    -1    -1    -1    -1    -1    -1    -1    -1    -1    -1     0     0   -10   -10   -10
        -10   -10   -10   -10   -10   -10   -10   -10   -10   -10   -10   -10   -10   -10   -10   -10   -10   -10   -10
  43   1000   990   960   913   850   775   692   605   517   432   352   279   215   160   114    77    47    24     7    -4
        -13   -18   -21   -23   -23   -23   -22   -20   -19   -17   -16   -14   -12   -11   -11   -10    -9    -6    -7    -6
         -5    -4    -3    -3    -2    -2    -2    -1    -1    -1    -1    -1    -1    -1    -1    -1    -1    -1    -1    -1
         -1    -1    -1    -1    -1    -1    -1    -1    -1    -1    -1    -1    -1    -1    -1     0   -11   -11   -11   -11
        -11   -11   -11   -11   -11   -11   -11   -11   -11   -11   -11   -11   -11   -11   -11   -11   -11   -11
  44   1000   990   960   913   850   775   692   604   516   431   350   277   213   158   112    74    45    22     5    -5
        -14   -19   -22   -23   -23   -23   -21   -20   -18   -17   -15   -13   -12   -11   -11   -10    -6    -8    -7    -6
         -5    -4    -3    -3    -2    -2    -2    -1    -1    -1    -1    -1    -1    -1    -1    -1    -1    -1    -1    -1
         -1    -1    -1    -1    -1    -1    -1    -1    -1    -1    -1    -1    -1    -1     0   -12   -12   -12   -12   -12
        -12   -12   -12   -12   -12   -12   -12   -12   -12   -12   -12   -12   -12   -12   -12   -12   -12
  45   1000   990   960   912   849   774   691   603   514   429   348   275   210   155   109    72    43    20     4    -7
        -15   -19   -22   -23   -23   -22   -21   -19   -18   -16   -14   -13   -12   -12   -11    -7    -9    -7    -6    -5
         -4    -4    -3    -2    -2    -2    -2    -2    -1    -1    -1    -1    -1    -1    -1    -1    -1    -1    -1    -1
         -1    -1    -1    -1    -1    -2    -2    -2    -2    -2    -1    -1    -1     0   -13   -13   -13   -13   -13   -13
        -13   -13   -13   -13   -13   -13   -13   -13   -13   -13   -13   -13   -13   -13   -13   -13
  46   1000   990   960   912   849   773   690   602   513   426   346   272   208   152   106    69    40    18     2    -8
        -15   -20   -22   -23   -23   -22   -21   -19   -17   -15   -14   -14   -13   -12    -8   -10    -8    -7    -6    -5
         -4    -3    -3    -3    -2    -2    -2    -2    -2    -2    -2    -2    -2    -2    -2    -2    -2    -1    -2    -2
         -2    -2    -2    -2    -2    -2    -2    -2    -2    -2    -1    -1     0   -14   -14   -14   -14   -14   -14   -14
        -14   -14   -14   -14   -14   -14   -14   -14   -14   -14   -14   -14   -14   -14   -14
  47   1000   990   960   912   848   773   688   600   511   424   343   269   205   150   104    67    38    17     1    -9
        -16   -20   -23   -23   -23   -22   -20   -18   -17   -15   -15   -15   -13    -8   -11    -9    -8    -7    -6    -5
         -4    -3    -3    -3    -2    -2    -2    -2    -2    -2    -2    -2    -2    -2    -2    -2    -2    -2    -2    -2
         -2    -2    -2    -2    -2    -2    -2    -2    -2    -2    -1     0   -16   -16   -16   -16   -16   -16   -16   -16
        -16   -16   -16   -16   -16   -16   -16   -16   -16   -16   -16   -16   -16   -16
  48   1000   990   960   912   848   772   687   598   508   421   340   267   202   147   101    65    37    15     0   -10
        -17   -21   -22   -23   -22   -21   -19   -18   -17   -16   -16   -14    -9   -12   -10    -9    -7    -6    -5    -5
         -4    -4    -3    -3    -3    -3    -3    -2    -2    -2    -2    -2    -2    -2    -2    -2    -2    -2    -2    -2
         -2    -2    -2    -3    -2    -3    -2    -2    -2    -1     0   -17   -17   -17   -17   -17   -17   -17   -17   -17
        -17   -17   -17   -17   -17   -17   -17   -17   -17   -17   -17   -17   -17
  49   1000   990   960   911   847   770   685   596   506   419   337   264   199   144    99    63    35    14     0   -10
        -17   -20   -22   -22   -22   -20   -19   -18   -17   -17   -15   -10   -13   -11   -10    -8    -7    -6    -5    -4
         -4    -4    -3    -3    -3    -3    -3    -3    -3    -3    -3    -3    -3    -2    -2    -2    -2    -2    -3    -3
         -3    -3    -3    -3    -3    -3    -3    -2    -2     0   -19   -19   -19   -19   -19   -19   -19   -19   -19   -19
        -19   -19   -19   -19   -19   -19   -19   -19   -19   -19   -19   -19
  50   1000   990   959   911   846   769   684   594   503   416   335   261   197   142    97    62    34    13     0   -10
        -16   -20   -21   -22   -21   -20   -19   -19   -19   -17   -11   -14   -12   -11    -9    -8    -7    -6    -5    -5
         -4    -4    -4    -4    -4    -3    -3    -3    -3    -3    -3    -3    -3    -3    -3    -3    -3    -3    -3    -3
         -3    -3    -3    -3    -3    -3    -3    -2    -1   -21   -21   -21   -21   -21   -21   -21   -21   -21   -21   -21
        -21   -21   -21   -21   -21   -21   -21   -21   -21   -21   -21
  51   1000   990   959   910   845   768   682   592   501   414   332   259   195   140    96    61    33    13     0   -10
        -16   -19   -21   -21   -20   -20   -20   -20   -18   -12   -16   -14   -12   -10    -9    -8    -7    -6    -5    -5
         -5    -4    -4    -4    -4    -4    -4    -4    -4    -3    -3    -3    -3    -3    -3    -3    -3    -3    -3    -3
         -4    -4    -4    -3    -3    -3    -2    -1   -23   -23   -23   -23   -23   -23   -23   -23   -23   -23   -23   -23
        -23   -23   -23   -23   -23   -23   -23   -23   -23   -23
  52   1000   990   959   910   844   766   680   590   499   411   330   257   193   139    95    60    33    14     0    -9
        -15   -18   -20   -20   -20   -21   -22   -20   -13   -17   -15   -13   -11   -10    -9    -8    -7    -6    -6    -5
         -5    -5    -5    -4    -4    -4    -4    -4    -4    -4    -4    -4    -3    -4    -4    -4    -4    -4    -4    -4
         -4    -4    -4    -4    -3    -2    -1   -25   -25   -25   -25   -25   -25   -25   -25   -25   -25   -25   -25   -25
        -25   -25   -25   -25   -25   -25   -25   -25   -25
  53   1000   990   959   909   843   765   679   588   497   410   328   256   192   139    95    61    34    14     0    -8
        -14   -17   -19   -20   -21   -23   -21   -14   -19   -16   -14   -13   -11   -10    -9    -7    -7    -6    -6    -6
         -5    -5    -5    -5    -5    -5    -5    -4    -4    -4    -4    -4    -4    -4    -4    -4    -4    -4    -4    -4
         -4    -4    -4    -3    -3    -1   -26   -26   -26   -26   -26   -26   -26   -26   -26   -26   -26   -26   -26   -26
        -26   -26   -26   -26   -26   -26   -26   -26
  54   1000   989   958   909   843   764   677   587   496   409   328   255   192   139    96    61    35    16     2    -7
        -13   -16   -19   -21   -23   -22   -15   -20   -18   -16   -14   -12   -11   -10    -8    -8    -7    -7    -6    -6
         -6    -6    -6    -5    -5    -5    -5    -5    -4    -4    -4    -4    -4    -4    -4    -4    -5    -5    -5    -5
         -5    -4    -4    -3    -1   -28   -28   -28   -28   -28   -28   -28   -28   -28   -28   -28   -28   -28   -28   -28
        -28   -28   -28   -28   -28   -28   -28
  55   1000   989   958   908   842   763   676   586   495   408   328   255   193   140    97    63    37    17     3    -5
        -12   -16   -20   -24   -23   -16   -21   -19   -17   -15   -14   -12   -11   -10    -9    -8    -8    -7    -7    -7
         -6    -6    -6    -6    -5    -5    -5    -5    -5    -5    -5    -5    -5    -5    -5    -5    -5    -5    -5    -5
         -4    -4    -3    -1   -30   -30   -30   -30   -30   -30   -30   -30   -30   -30   -30   -30   -30   -30   -30   -30
        -30   -30   -30   -30   -30   -30
  56   1000   989   958   908   841   763   676   585   495   408   328   256   194   142    99    65    38    19     5    -4
        -12   -18   -23   -23   -17   -23   -21   -19   -17   -15   -14   -12   -11   -10    -9    -9    -8    -8    -8    -7
         -7    -7    -6    -6    -6    -5    -5    -5    -5    -5    -5    -5    -5    -5    -5    -5    -5    -5    -5    -5
         -4    -3    -1   -32   -32   -32   -32   -32   -32   -32   -32   -32   -32   -32   -32   -32   -32   -32   -32   -32
        -32   -32   -32   -32   -32
  57   1000   989   958   907   841   762   676   586   496   409   329   258   196   144   101    67    40    20     6    -5
        -14   -21   -22   -17   -24   -22   -20   -19   -17   -15   -14   -12   -12   -11   -10    -9    -9    -8    -8    -8
         -7    -7    -7    -6    -6    -6    -5    -5    -5    -5    -5    -5    -5    -6    -6    -6    -6    -5    -5    -5
         -4    -1   -33   -33   -33   -33   -33   -33   -33   -33   -33   -33   -33   -33   -33   -33   -33   -33   -33   -33
        -33   -33   -33   -33
  58   1000   989   958   907   841   763   676   586   497   411   331   260   198   146   103    68    42    21     5    -7
        -17   -21   -16   -24   -23   -22   -20   -19   -17   -15   -14   -13   -12   -11   -11   -10    -9    -9    -8    -8
         -8    -7    -7    -6    -6    -6    -6    -6    -5    -6    -6    -6    -6    -6    -6    -6    -6    -5    -5    -4
         -1   -34   -34   -34   -34   -34   -34   -34   -34   -34   -34   -34   -34   -34   -34   -34   -34   -34   -34   -34
        -34   -34   -34
  59   1000   989   958   907   841   763   677   588   498   413   334   262   201   148   105    70    42    21     3   -11
        -17   -14   -24   -24   -23   -22   -20   -19   -17   -16   -15   -14   -13   -12   -11   -11   -10    -9    -9    -8
         -8    -7    -7    -6    -6    -6    -6    -6    -6    -6    -6    -6    -6    -6    -6    -6    -6    -5    -4    -2
        -36   -36   -36   -36   -36   -36   -36   -36   -36   -36   -36   -36   -36   -36   -36   -36   -36   -36   -36   -36
        -36   -36
  60   1000   989   958   908   842   764   678   589   500   415   336   265   203   150   106    71    42    18    -1   -11
        -10   -23   -24   -24   -24   -22   -21   -20   -18   -17   -16   -15   -14   -13   -12   -11   -10   -10    -9    -8
         -8    -7    -7    -7    -6    -6    -6    -6    -6    -6    -6    -6    -6    -6    -6    -6    -5    -4    -2   -37
        -37   -37   -37   -37   -37   -37   -37   -37   -37   -37   -37   -37   -37   -37   -37   -37   -37   -37   -37   -37
        -37
  61   1000   989   958   908   842   765   680   591   502   417   338   267   205   151   107    69    38    12    -2    -4
        -20   -24   -25   -25   -24   -23   -22   -20   -19   -18   -17   -16   -15   -13   -12   -12   -11   -10    -9    -8
         -8    -7    -7    -7    -6    -6    -6    -6    -6    -7    -7    -7    -7    -6    -6    -5    -4    -2   -38   -38
        -38   -38   -38   -38   -38   -38   -38   -38   -38   -38   -38   -38   -38   -38   -38   -38   -38   -38   -38   -38
  62   1000   989   958   908   843   766   681   593   505   419   340   269   206   151   105    65    31    10     4   -15
        -21   -24   -26   -26   -25   -24   -23   -22   -20   -19   -18   -16   -15   -14   -13   -12   -11   -10    -9    -8
         -8    -7    -7    -7    -7    -7    -7    -7    -7    -7    -7    -7    -7    -6    -5    -4    -2   -39   -39   -39
        -39   -39   -39   -39   -39   -39   -39   -39   -39   -39   -39   -39   -39   -39   -39   -39   -39   -39   -39
  63   1000   989   958   909   844   767   683   595   506   421   341   269   205   149    99    56    29    17    -8   -17
        -22   -26   -27   -27   -27   -26   -25   -23   -22   -20   -19   -17   -16   -14   -13   -12   -11   -10    -9    -8
         -8    -7    -7    -7    -7    -7    -7    -7    -7    -7    -7    -7    -6    -6    -5    -2   -40   -40   -40   -40
        -40   -40   -40   -40   -40   -40   -40   -40   -40   -40   -40   -40   -40   -40   -40   -40   -40   -40
  64   1000   989   959   909   845   768   684   596   507   422   342   268   202   142    88    53    36     3    -9   -18
        -24   -27   -29   -29   -28   -28   -26   -24   -23   -21   -19   -18   -16   -15   -13   -12   -11   -10    -9    -8
         -8    -7    -7    -7    -7    -7    -7    -7    -7    -7    -7    -6    -6    -5    -2   -40   -40   -40   -40   -40
        -40   -40   -40   -40   -40   -40   -40   -40   -40   -40   -40   -40   -40   -40   -40   -40   -40
  65   1000   990   959   910   846   769   685   597   508   421   340   264   194   129    85    61    19     1   -12   -21
        -26   -30   -31   -31   -30   -29   -27   -26   -24   -22   -20   -18   -16   -14   -13   -12   -11   -10    -9    -8
         -8    -7    -7    -7    -7    -7    -7    -7    -7    -7    -7    -6    -5    -2   -41   -41   -41   -41   -41   -41
        -41   -41   -41   -41   -41   -41   -41   -41   -41   -41   -41   -41   -41   -41   -41   -41
  66   1000   990   959   910   846   770   685   597   507   419   335   255   178   125    94    42    17    -1   -14   -23
        -29   -32   -33   -33   -32   -30   -28   -26   -24   -22   -20   -18   -16   -14   -13   -11   -10    -9    -9    -8
         -8    -8    -8    -7    -7    -8    -7    -7    -7    -7    -6    -5    -2   -42   -42   -42   -42   -42   -42   -42
        -42   -42   -42   -42   -42   -42   -42   -42   -42   -42   -42   -42   -42   -42   -42
  67   1000   990   959   910   846   770   685   595   504   414   324   236   173   135    71    38    14    -4   -17   -26
        -31   -34   -35   -35   -33   -31   -29   -27   -24   -22   -20   -18   -16   -14   -12   -11   -10    -9    -8    -8
         -8    -8    -8    -8    -8    -8    -8    -7    -7    -6    -5    -2   -42   -42   -42   -42   -42   -42   -42   -42
        -42   -42   -42   -42   -42   -42   -42   -42   -42   -42   -42   -42   -42   -42
  68   1000   990   959   911   846   769   684   593   499   402   303   230   185   108    67    35    11    -7   -20   -28
        -33   -36   -37   -36   -34   -32   -30   -27   -24   -22   -19   -17   -15   -13   -12   -10    -9    -9    -8    -8
         -8    -8    -8    -8    -8    -8    -7    -7    -6    -5    -2   -42   -42   -42   -42   -42   -42   -42   -42   -42
        -42   -42   -42   -42   -42   -42   -42   -42   -42   -42   -42   -42   -42
  69   1000   990   959   910   845   768   681   586   485   377   297   245   154   105    65    32     8    -9   -22   -30
        -35   -37   -38   -36   -35   -32   -29   -26   -23   -21   -18   -16   -14   -12   -11   -10    -9    -8    -8    -8
         -8    -8    -8    -8    -8    -7    -7    -6    -5    -2   -42   -42   -42   -42   -42   -42   -42   -42   -42   -42
        -42   -42   -42   -42   -42   -42   -42   -42   -42   -42   -42   -42
  70   1000   990   959   910   844   765   675   572   458   371   314   210   151   102    62    30     5   -11   -23   -32
        -36   -38   -38   -36   -34   -31   -28   -25   -22   -19   -17   -15   -13   -11   -10    -9    -8    -8    -8    -8
         -8    -8    -7    -7    -7    -7    -6    -5    -2   -41   -41   -41   -41   -41   -41   -41   -41   -41   -41   -41
        -41   -41   -41   -41   -41   -41   -41   -41   -41   -41   -41
  71   1000   990   959   909   842   759   660   543   452   392   274   207   149   100    60    28     4   -12   -24   -32
        -36   -37   -37   -35   -33   -30   -26   -23   -20   -17   -15   -13   -11   -10    -9    -8    -8    -7    -7    -7
         -7    -7    -7    -7    -6    -6    -4    -2   -39   -39   -39   -39   -39   -39   -39   -39   -39   -39   -39   -39
        -39   -39   -39   -39   -39   -39   -39   -39   -39   -39
  72   1000   989   958   907   837   744   629   537   477   348   273   206   148    99    59    28     4   -12   -24   -31
        -34   -35   -35   -33   -30   -27   -24   -20   -18   -15   -13   -11    -9    -8    -8    -7    -7    -6    -6    -6
         -6    -6    -6    -5    -5    -4    -2   -35   -35   -35   -35   -35   -35   -35   -35   -35   -35   -35   -35   -35
        -35   -35   -35   -35   -35   -35   -35   -35   -35
  73   1000   989   957   903   823   713   625   567   429   348   274   207   149   100    61    30     6    -9   -21   -27
        -31   -31   -30   -28   -26   -23   -19   -16   -14   -12   -10    -8    -7    -6    -5    -5    -5    -5    -5    -4
         -4    -4    -4    -3    -3    -1   -27   -27   -27   -27   -27   -27   -27   -27   -27   -27   -27   -27   -27   -27
        -27   -27   -27   -27   -27   -27   -27   -27
  74   1000   989   954   891   792   712   659   518   433   353   279   212   154   106    67    35    12    -3   -14   -20
        -24   -24   -23   -21   -19   -16   -13   -11    -8    -6    -5    -4    -3    -2    -2    -2    -1    -1    -1    -1
         -1    -1    -1    -1     0   -12   -12   -12   -12   -12   -12   -12   -12   -12   -12   -12   -12   -12   -12   -12
        -12   -12   -12   -12   -12   -12   -12
  75   1000   988   945   865   796   750   612   528   445   364   290   223   166   117    78    48    25     9    -1    -7
        -11   -11   -11    -9    -7    -5    -3    -1     0     1     2     2     3     4     4     4     4     4     4     4
          3     3     3     2    15    15    15    15    15    15    15    15    15    15    15    15    15    15    15    15
         15    15    15    15    15    15
  76   1000   984   928   876   835   714   633   550   466   386   312   246   189   141   102    72    49    33    23    16
         12    11    10    11    11    12    13    14    14    15    15    16    16    16    16    16    16    16    15    14
         13    11     6    70    70    70    70    70    70    70    70    70    70    70    70    70    70    70    70    70
         70    70    70    70    70
  77   1000   979   946   907   820   748   669   586   504   425   353   287   232   185   147   118    95    79    67    59
         54    50    48    45    44    43    42    41    41    40    40    40    39    39    39    38    38    37    34    31
         26    14   172   172   172   172   172   172   172   172   172   172   172   172   172   172   172   172   172   172
        172   172   172   172
  78   1000   990   946   911   853   783   707   628   550   474   404   344   291   246   209   180   157   139   127   117
        108   101    95    90    86    82    79    78    75    74    74    72    72    72    70    69    66    62    56    47
         25   314   314   314   314   314   314   314   314   314   314   314   314   314   314   314   314   314   314   314
        314   314   314
  79   1000   974   958   914   856   787   712   633   555   480   412   350   297   251   214   184   160   142   128   116
        107    99    94    89    85    82    80    77    77    76    74    74    75    73    72    69    64    58    49    27
        329   329   329   329   329   329   329   329   329   329   329   329   329   329   329   329   329   329   329   329
        329   329
  80   1000   952   923   878   817   745   666   583   500   420   346   280   223   175   136   105    81    64    52    43
         37    34    32    31    31    31    31    32    33    33    33    34    33    34    32    30    28    23    12   157
        157   157   157   157   157   157   157   157   157   157   157   157   157   157   157   157   157   157   157   157
        157
  81   1000   991   964   922   867   802   730   654   581   509   442   381   328   282   243   212   187   165   149   134
        124   115   108   103   100    97    96    95    93    94    94    92    91    88    81    74    62    34   420   420
        420   420   420   420   420   420   420   420   420   420   420   420   420   420   420   420   420   420   420   420
  82   1000   991   965   923   868   802   730   656   580   507   439   377   323   275   237   205   177   157   138   126
        116   108   102    99    96    94    94    92    93    93    91    91    87    81    74    61    33   421   421   421
        421   421   421   421   421   421   421   421   421   421   421   421   421   421   421   421   421   421   421
  83   1000   991   965   923   867   801   729   653   577   502   433   370   314   267   227   193   167   145   129   116
        106   100    96    93    92    91    90    90    91    89    89    86    80    73    60    33   418   418   418   418
        418   418   418   418   418   418   418   418   418   418   418   418   418   418   418   418   418   418
  84   1000   991   965   923   867   801   727   650   572   497   427   362   307   259   217   185   157   137   121   109
        100    96    92    90    90    88    89    90    88    88    85    79    72    60    32   418   418   418   418   418
        418   418   418   418   418   418   418   418   418   418   418   418   418   418   418   418   418
  85   1000   991   965   922   866   799   725   646   567   491   419   355   299   250   209   175   149   129   114   103
         97    91    89    89    87    88    89    87    87    84    79    72    60    32   420   420   420   420   420   420
        420   420   420   420   420   420   420   420   420   420   420   420   420   420   420   420
  86   1000   991   964   922   865   797   722   642   563   486   415   350   292   244   202   170   145   125   110   101
         94    91    89    87    88    89    87    87    85    79    72    60    32   426   426   426   426   426   426   426
        426   426   426   426   426   426   426   426   426   426   426   426   426   426   426
  87   1000   991   964   920   863   794   718   638   557   480   409   343   286   237   197   165   139   120   108    98
         93    90    87    87    88    86    87    84    78    71    59    31   428   428   428   428   428   428   428   428
        428   428   428   428   428   428   428   428   428   428   428   428   428   428
  88   1000   991   963   919   861   791   714   633   553   476   403   338   280   232   192   160   136   119   106    98
         93    89    88    88    86    86    83    78    71    59    31   431   431   431   431   431   431   431   431   431
        431   431   431   431   431   431   431   431   431   431   431   431   431
  89   1000   991   963   919   860   790   713   633   553   474   403   337   280   232   192   161   138   120   109   101
         94    92    92    89    89    86    80    73    60    31   446   446   446   446   446   446   446   446   446   446
        446   446   446   446   446   446   446   446   446   446   446   446
  90   1000   991   963   918   859   789   712   632   550   473   400   335   278   230   191   162   138   121   110   100
         96    94    90    89    86    80    72    60    31   451   451   451   451   451   451   451   451   451   451   451
        451   451   451   451   451   451   451   451   451   451   451
  91   1000   991   963   918   858   789   712   630   550   471   399   335   278   231   193   162   140   123   110   103
         98    93    91    87    80    73    60    30   457   457   457   457   457   457   457   457   457   457   457   457
        457   457   457   457   457   457   457   457   457   457
  92   1000   990   962   917   858   788   711   630   548   471   399   334   278   232   193   163   141   123   112   104
         96    93    88    80    72    59    30   457   457   457   457   457   457   457   457   457   457   457   457   457
        457   457   457   457   457   457   457   457   457
  93   1000   990   962   917   859   788   711   630   549   471   399   335   280   232   195   165   141   125   114   103
         97    90    81    73    59    29   457   457   457   457   457   457   457   457   457   457   457   457   457   457
        457   457   457   457   457   457   457   457
  94   1000   990   962   918   858   788   711   630   549   471   399   336   280   234   196   165   142   126   111   102
         93    83    73    59    29   452   452   452   452   452   452   452   452   452   452   452   452   452   452   452
        452   452   452   452   452   452   452
  95   1000   990   963   917   859   788   711   630   549   471   400   336   281   235   195   166   143   123   110    98
         86    74    59    29   441   441   441   441   441   441   441   441   441   441   441   441   441   441   441   441
        441   441   441   441   441   441
  96   1000   991   962   918   858   788   711   630   549   472   401   337   282   234   196   167   141   123   107    91
         78    61    30   432   432   432   432   432   432   432   432   432   432   432   432   432   432   432   432   432
        432   432   432   432   432
  97   1000   990   962   917   858   788   711   630   550   472   401   338   281   235   197   164   140   119    99    83
         65    33   419   419   419   419   419   419   419   419   419   419   419   419   419   419   419   419   419   419
        419   419   419   419
  98   1000   990   962   917   858   788   710   630   549   472   401   336   281   234   193   162   135   111    91    70
         37   397   397   397   397   397   397   397   397   397   397   397   397   397   397   397   397   397   397   397
        397   397   397
  99   1000   990   962   917   858   788   711   630   550   473   400   336   281   231   192   158   128   103    78    44
        379   379   379   379   379   379   379   379   379   379   379   379   379   379   379   379   379   379   379   379
        379   379
 100   1000   990   962   917   858   788   710   630   550   471   400   336   278   229   187   151   120    91    54   355
        355   355   355   355   355   355   355   355   355   355   355   355   355   355   355   355   355   355   355   355
        355
 101   1000   990   962   917   858   788   710   630   549   471   400   333   277   226   182   144   109    68   335   335
        335   335   335   335   335   335   335   335   335   335   335   335   335   335   335   335   335   335   335   335
 102   1000   990   962   917   858   788   711   629   549   471   398   333   274   221   176   134    88   316   316   316
        316   316   316   316   316   316   316   316   316   316   316   316   316   316   316   316   316   316   316
 103   1000   990   962   917   858   788   710   629   549   470   397   330   269   216   167   115   296   296   296   296
        296   296   296   296   296   296   296   296   296   296   296   296   296   296   296   296   296   296
 104   1000   990   962   917   858   788   710   630   548   470   395   326   265   208   149   280   280   280   280   280
        280   280   280   280   280   280   280   280   280   280   280   280   280   280   280   280   280
 105   1000   990   962   917   858   788   711   629   548   468   393   323   258   192   268   268   268   268   268   268
        268   268   268   268   268   268   268   268   268   268   268   268   268   268   268   268
 106   1000   990   962   917   858   788   710   629   547   466   390   317   243   256   256   256   256   256   256   256
        256   256   256   256   256   256   256   256   256   256   256   256   256   256   256
 107   1000   990   962   917   858   788   711   629   545   464   385   304   248   248   248   248   248   248   248   248
        248   248   248   248   248   248   248   248   248   248   248   248   248   248
 108   1000   990   962   918   858   788   710   627   543   459   372   243   243   243   243   243   243   243   243   243
        243   243   243   243   243   243   243   243   243   243   243   243   243
 109   1000   990   962   918   859   788   709   626   539   448   234   234   234   234   234   234   234   234   234   234
        234   234   234   234   234   234   234   234   234   234   234   234
 110   1000   990   962   918   858   787   708   622   529   232   232   232   232   232   232   232   232   232   232   232
        232   232   232   232   232   232   232   232   232   232   232
 111   1000   990   963   918   858   786   705   612   231   231   231   231   231   231   231   231   231   231   231   231
        231   231   231   231   231   231   231   231   231   231
 112   1000   990   962   917   857   783   695   224   224   224   224   224   224   224   224   224   224   224   224   224
        224   224   224   224   224   224   224   224   224
 113   1000   990   962   916   854   775   221   221   221   221   221   221   221   221   221   221   221   221   221   221
        221   221   221   221   221   221   221   221
 114   1000   990   962   915   847   212   212   212   212   212   212   212   212   212   212   212   212   212   212   212
        212   212   212   212   212   212   212
 115   1000   990   961   909   196   196   196   196   196   196   196   196   196   196   196   196   196   196   196   196
        196   196   196   196   196   196
 116   1000   990   957   178   178   178   178   178   178   178   178   178   178   178   178   178   178   178   178   178
        178   178   178   178   178
 117   1000   988   148   148   148   148   148   148   148   148   148   148   148   148   148   148   148   148   148   148
        148   148   148   148
 118   1000    81    81    81    81    81    81    81    81    81    81    81    81    81    81    81    81    81    81    81
         81    81    81
 119   1000  1000  1000  1000  1000  1000  1000  1000  1000  1000  1000  1000  1000  1000  1000  1000  1000  1000  1000  1000
       1000  1000
 120   1000  1000  1000  1000  1000  1000  1000  1000  1000  1000  1000  1000  1000  1000  1000  1000  1000  1000  1000  1000
       1000
 121   1000  1000  1000  1000  1000  1000  1000  1000  1000  1000  1000  1000  1000  1000  1000  1000  1000  1000  1000  1000
 122   1000  1000  1000  1000  1000  1000  1000  1000  1000  1000  1000  1000  1000  1000  1000  1000  1000  1000  1000
 123   1000  1000  1000  1000  1000  1000  1000  1000  1000  1000  1000  1000  1000  1000  1000  1000  1000  1000
 124   1000  1000  1000  1000  1000  1000  1000  1000  1000  1000  1000  1000  1000  1000  1000  1000  1000
 125   1000  1000  1000  1000  1000  1000  1000  1000  1000  1000  1000  1000  1000  1000  1000  1000
 126   1000  1000  1000  1000  1000  1000  1000  1000  1000  1000  1000  1000  1000  1000  1000
 127   1000  1000  1000  1000  1000  1000  1000  1000  1000  1000  1000  1000  1000  1000
 128   1000  1000  1000  1000  1000  1000  1000  1000  1000  1000  1000  1000  1000
 129   1000  1000  1000  1000  1000  1000  1000  1000  1000  1000  1000  1000
 130   1000  1000  1000  1000  1000  1000  1000  1000  1000  1000  1000
 131   1000  1000  1000  1000  1000  1000  1000  1000  1000  1000
 132   1000  1000  1000  1000  1000  1000  1000  1000  1000
 133   1000  1000  1000  1000  1000  1000  1000  1000
 134   1000  1000  1000  1000  1000  1000  1000
 135   1000  1000  1000  1000  1000  1000
 136   1000  1000  1000  1000  1000
 137   1000  1000  1000  1000
 138   1000  1000  1000
 139   1000  1000
 140   1000

 Finished!
