88" 33MeV Deuteron breakup on Ta, Clean Beam
  140    5    1    0    1
   0.00500  10.00000   0.00500   0.00100
   1.0000000   0   0 7.86600000E+03   1.0000000
AL27A    1.925E-20 0.010       0.00       0.00        (    )
NI582    3.677E-21 0.015       0.00       0.00        (    )
IN115N   8.670E-20 0.005       0.00       0.00        (    )
AU1972   3.093E-19 0.012       0.00       0.00        (    )
AU197G   8.478E-20 0.017       0.00 AUNG  3.70 BFX    (BEAM)
Flux Uncertainty From MCNP Calculations
 140
 1.0600E-02 1.0200E-02 1.0300E-02 1.0500E-02 1.0900E-02 1.1500E-02 1.2200E-02
 1.3100E-02 1.4300E-02 1.5500E-02 1.7000E-02 1.9000E-02 2.0800E-02 2.3100E-02
 2.5800E-02 2.9000E-02 3.2200E-02 3.4700E-02 3.8600E-02 4.2200E-02 4.8600E-02
 5.2400E-02 5.8500E-02 6.6200E-02 7.4400E-02 8.2700E-02 1.0460E-01 1.0210E-01
 1.0970E-01 1.8620E-01 1.3100E-01 1.9320E-01 1.7860E-01 2.1890E-01 2.0500E-01
 2.7520E-01 2.6600E-01 2.5080E-01 2.5300E-01 1.8780E-01 3.1110E-01 1.8900E-01
 2.1380E-01 2.9090E-01 1.8990E-01 1.9450E-01 2.1070E-01 1.6000E-01 1.5040E-01
 1.2150E-01 1.1160E-01 1.0580E-01 1.0540E-01 9.0300E-02 9.9700E-02 8.3000E-02
 8.7400E-02 8.1500E-02 7.4400E-02 7.4800E-02 6.9500E-02 6.3500E-02 5.6400E-02
 4.9900E-02 4.4100E-02 3.8900E-02 3.4400E-02 3.0500E-02 2.7300E-02 2.4500E-02
 2.2200E-02 2.0300E-02 1.8700E-02 1.7400E-02 1.6300E-02 1.5300E-02 1.4500E-02
 1.3800E-02 1.3100E-02 1.2400E-02 1.1700E-02 1.1000E-02 1.0200E-02 9.5000E-03
 8.8000E-03 8.2000E-03 7.6000E-03 7.1000E-03 6.7000E-03 6.4000E-03 6.2000E-03
 6.1000E-03 6.1000E-03 6.1000E-03 6.2000E-03 6.4000E-03 6.7000E-03 7.1000E-03
 7.5000E-03 8.1000E-03 8.9000E-03 9.6000E-03 1.0400E-02 1.1200E-02 1.2400E-02
 1.3800E-02 1.5500E-02 1.7400E-02 1.9600E-02 2.2100E-02 2.4900E-02 2.8300E-02
 3.2100E-02 3.6500E-02 4.1700E-02 4.7700E-02 5.4600E-02 6.2700E-02 0.0000E+00
 0.0000E+00 0.0000E+00 0.0000E+00 0.0000E+00 0.0000E+00 0.0000E+00 0.0000E+00
 0.0000E+00 0.0000E+00 0.0000E+00 0.0000E+00 0.0000E+00 0.0000E+00 0.0000E+00
 0.0000E+00 0.0000E+00 0.0000E+00 0.0000E+00 0.0000E+00 0.0000E+00 0.0000E+00
Input Flux Spectrum from MCNP Simulation
 140   0 4.060E+09 2.000E+01 5.000E-08
 2.4664E-08 1.1857E-09 5.4847E-09 1.0011E-08 8.7651E-09 5.1691E-09 4.1171E-09
 4.0300E-09 3.3251E-09 1.7232E-09 1.0049E-09 1.0174E-09 1.0715E-09 1.3356E-09
 1.3938E-09 1.2883E-09 2.1227E-09 1.3992E-09 8.7641E-10 1.3141E-09 1.8597E-09
 9.1667E-10 1.7365E-09 1.0491E-09 4.3926E-10 4.4241E-10 4.5421E-10 9.4900E-10
 1.0196E-09 6.1804E-10 7.8133E-10 1.5465E-09 8.7758E-10 4.9305E-10 4.2923E-10
 1.1205E-09 7.7338E-10 9.9368E-10 1.7983E-09 1.0777E-09 1.3349E-09 2.4312E-09
 1.7575E-09 3.4955E-09 5.0349E-09 3.4673E-09 2.8349E-09 8.6964E-09 9.6858E-09
 1.8869E-08 2.3531E-08 2.5696E-08 2.8596E-08 3.7288E-08 4.4838E-08 5.3573E-08
 6.9638E-08 5.4003E-08 8.1033E-08 1.1372E-07 1.8246E-07 2.0296E-07 2.6536E-07
 3.2683E-07 4.1156E-07 5.2411E-07 7.3363E-07 6.9992E-07 1.0092E-06 1.0953E-06
 2.3312E-06 2.3432E-06 2.2698E-06 2.1472E-06 1.9791E-06 2.5769E-06 2.3279E-06
 2.0237E-06 2.3503E-06 2.1110E-06 1.7630E-06 1.6212E-06 1.9397E-06 2.0751E-06
 2.2578E-06 3.6193E-06 4.0493E-06 5.0883E-06 5.5336E-06 7.0352E-06 6.6510E-06
 6.1429E-06 5.2909E-06 4.5734E-06 3.6406E-06 2.9377E-06 2.2461E-06 1.7093E-06
 1.2214E-06 8.0966E-07 6.2554E-07 4.7884E-07 3.6488E-07 2.7924E-07 2.2196E-07
 1.7726E-07 1.5110E-07 1.3111E-07 1.1367E-07 1.0558E-07 9.6985E-08 8.7340E-08
 8.0111E-08 6.5333E-08 4.8756E-08 3.3931E-08 1.9561E-08 4.0148E-09 0.0000E+00
 0.0000E+00 0.0000E+00 0.0000E+00 0.0000E+00 0.0000E+00 0.0000E+00 0.0000E+00
 0.0000E+00 0.0000E+00 0.0000E+00 0.0000E+00 0.0000E+00 0.0000E+00 0.0000E+00
 0.0000E+00 0.0000E+00 0.0000E+00 0.0000E+00 0.0000E+00 0.0000E+00 0.0000E+00
   17   15    9    9    9   10    7   14   14   36



                         ==============================
                               STAYSL PNNL OUTPUT
                         ==============================

 STAYSL PNNL, version 1.2.0, 2015-08-05


 SCENARIO TITLE: 88" 33MeV Deuteron breakup on Ta, Clean Beam
 -------------------------------------------------------------------------------
  NGROUP =   140    NRXN =     5    ACTIVITY NORM = 1.00000E+00

  COVARIANCE PARAMETERS (FCHN, FCVX, ACVX, FS)
    FLUXES:      WIDTH =  1.0000E+01   LONG RANGE COVAR. =  5.0000E-03
            ACTIVITIES =  5.0000E-03   X-SECT CROSS COR. =  1.0000E-03

    DETERM =   5.4934 × 10^   3.00      ERROR =   1.3201E-16

  INPUT NORMALIZATION DATA
    AK1   =     1.00000     VAK        =     0.00003
    NORML =           0     RENORM     = 1.00000E+00
    CHI²  =    40.36791     NORM. CHI² =    10.09198

  DOSIMETRY ACTIVITIES
     ———— INPUTS —————  -UNADJUSTED FLUX-  — ADJUSTED FLUX —    CHI²  90% ACTIVITIES RANGE
 RXN  MEASURED     ±%   ACTIVITY    %DIFF  ACTIVITY    %DIFF  CONTRIB --LOW E-- --HIGH E--   REACTION          CVR
  1  1.925E-20    1.00  1.979E-20    2.81  1.979E-20    2.81    8.043  7.40E+00  1.70E+01  AL27(N,A)NA24           
  2  3.677E-21    1.50  3.764E-21    2.36  3.764E-21    2.36    1.244  1.30E+01  2.60E+01  NI58(N,2N)NI57          
  3  8.670E-20    0.50  8.596E-20   -0.85  8.596E-20   -0.85    0.154  1.60E+00  1.30E+01  IN115(N,N')IN115M       
  4  3.093E-19    1.20  2.829E-19   -8.55  2.829E-19   -8.54   30.927  9.00E+00  1.80E+01  AU197(N,2N)AU196        
  5  8.478E-20    1.70  8.472E-20   -0.07  8.472E-20   -0.07    0.000  1.00E-10  1.20E+00  AU197(N,G)AU198         

             % STD. DEV.  =          4.67               4.67

                              CHECK INPUT, IT IS RATHER UNLIKELY !
                                   *** BEWARE OF OUTPUT ! ***


  DIFFERENTIAL FLUXES (input is normalized by a factor of 1.0000E+00)
                  —————— DIFFERENTIAL FLUX —————   ———— STD. DEV. % ————   INTEGRAL
 GRP    ENERGY        NEW         OLD      RATIO    NEW     OLD    RATIO   FLUX > E     ± %
   1  1.0000E-10  1.1125E+11  1.1126E+11   1.000    1.06    1.17   0.904  4.1374E+05    0.72
   2  1.0000E-09  5.3484E+08  5.3488E+08   1.000    1.02    1.14   0.902  4.1364E+05    0.72
   3  1.0000E-08  1.7128E+09  1.7129E+09   1.000    1.03    1.14   0.903  4.1363E+05    0.72
   4  2.3000E-08  1.5052E+09  1.5054E+09   1.000    1.05    1.16   0.907  4.1361E+05    0.72
   5  5.0000E-08  1.3686E+09  1.3687E+09   1.000    1.09    1.20   0.913  4.1357E+05    0.72
   6  7.6000E-08  5.3808E+08  5.3812E+08   1.000    1.15    1.25   0.921  4.1353E+05    0.72
   7  1.1500E-07  3.0389E+08  3.0392E+08   1.000    1.22    1.32   0.929  4.1351E+05    0.72
   8  1.7000E-07  1.9248E+08  1.9249E+08   1.000    1.31    1.40   0.938  4.1349E+05    0.72
   9  2.5500E-07  1.0799E+08  1.0800E+08   1.000    1.43    1.51   0.947  4.1348E+05    0.72
  10  3.8000E-07  4.1151E+07  4.1154E+07   1.000    1.55    1.63   0.955  4.1346E+05    0.72
  11  5.5000E-07  1.4068E+07  1.4069E+07   1.000    1.70    1.77   0.962  4.1346E+05    0.72
  12  8.4000E-07  9.4950E+06  9.4957E+06   1.000    1.90    1.96   0.969  4.1345E+05    0.72
  13  1.2750E-06  6.9600E+06  6.9605E+06   1.000    2.08    2.14   0.974  4.1345E+05    0.72
  14  1.9000E-06  6.0246E+06  6.0250E+06   1.000    2.31    2.36   0.978  4.1344E+05    0.72
  15  2.8000E-06  3.9023E+06  3.9026E+06   1.000    2.58    2.63   0.982  4.1344E+05    0.72
  16  4.2500E-06  2.5513E+06  2.5515E+06   1.000    2.90    2.94   0.985  4.1343E+05    0.72
  17  6.3000E-06  2.9715E+06  2.9718E+06   1.000    3.22    3.26   0.988  4.1343E+05    0.72
  18  9.2000E-06  1.3210E+06  1.3211E+06   1.000    3.47    3.51   0.990  4.1342E+05    0.72
  19  1.3500E-05  4.7439E+05  4.7443E+05   1.000    3.86    3.89   0.991  4.1341E+05    0.72
  20  2.1000E-05  5.9276E+05  5.9281E+05   1.000    4.22    4.25   0.993  4.1341E+05    0.72
  21  3.0000E-05  5.0332E+05  5.0336E+05   1.000    4.86    4.89   0.994  4.1341E+05    0.72
  22  4.5000E-05  1.5506E+05  1.5507E+05   1.000    5.24    5.26   0.995  4.1340E+05    0.72
  23  6.9000E-05  2.2741E+05  2.2743E+05   1.000    5.85    5.87   0.996  4.1339E+05    0.72
  24  1.0000E-04  1.2169E+05  1.2170E+05   1.000    6.62    6.64   0.997  4.1339E+05    0.72
  25  1.3500E-04  5.0950E+04  5.0954E+04   1.000    7.44    7.46   0.997  4.1338E+05    0.72
  26  1.7000E-04  3.5920E+04  3.5924E+04   1.000    8.27    8.28   0.998  4.1338E+05    0.72
  27  2.2000E-04  3.0732E+04  3.0735E+04   1.000   10.45   10.47   0.998  4.1338E+05    0.72
  28  2.8000E-04  4.8157E+04  4.8162E+04   1.000   10.20   10.22   0.998  4.1338E+05    0.72
  29  3.6000E-04  4.5991E+04  4.5995E+04   1.000   10.97   10.98   0.999  4.1337E+05    0.72
  30  4.5000E-04  2.0071E+04  2.0074E+04   1.000   18.61   18.63   0.999  4.1337E+05    0.72
  31  5.7500E-04  1.7145E+04  1.7147E+04   1.000   13.09   13.11   0.999  4.1337E+05    0.72
  32  7.6000E-04  3.1390E+04  3.1394E+04   1.000   19.31   19.33   0.999  4.1336E+05    0.72
  33  9.6000E-04  1.1310E+04  1.1311E+04   1.000   17.85   17.87   0.999  4.1336E+05    0.72
  34  1.2750E-03  6.1585E+03  6.1593E+03   1.000   21.88   21.90   0.999  4.1335E+05    0.72
  35  1.6000E-03  4.3561E+03  4.3567E+03   1.000   20.49   20.51   0.999  4.1335E+05    0.72
  36  2.0000E-03  6.4979E+03  6.4989E+03   1.000   27.51   27.52   0.999  4.1335E+05    0.72
  37  2.7000E-03  4.4849E+03  4.4856E+03   1.000   26.59   26.60   0.999  4.1335E+05    0.72
  38  3.4000E-03  3.6671E+03  3.6676E+03   1.000   25.07   25.08   0.999  4.1334E+05    0.72
  39  4.5000E-03  7.3001E+03  7.3011E+03   1.000   25.29   25.30   1.000  4.1334E+05    0.72
  40  5.5000E-03  2.5736E+03  2.5738E+03   1.000   18.78   18.79   0.999  4.1333E+05    0.72
  41  7.2000E-03  2.7094E+03  2.7098E+03   1.000   31.10   31.11   1.000  4.1333E+05    0.72
  42  9.2000E-03  3.5249E+03  3.5252E+03   1.000   18.90   18.91   1.000  4.1332E+05    0.72
  43  1.2000E-02  2.3782E+03  2.3785E+03   1.000   21.38   21.39   1.000  4.1331E+05    0.72
  44  1.5000E-02  3.5475E+03  3.5479E+03   1.000   29.08   29.09   1.000  4.1330E+05    0.72
  45  1.9000E-02  3.1446E+03  3.1449E+03   1.000   18.99   19.00   1.000  4.1329E+05    0.72
  46  2.5500E-02  2.1655E+03  2.1657E+03   1.000   19.45   19.46   1.000  4.1327E+05    0.72
  47  3.2000E-02  1.4386E+03  1.4387E+03   1.000   21.07   21.08   1.000  4.1326E+05    0.72
  48  4.0000E-02  2.8244E+03  2.8246E+03   1.000   16.00   16.01   0.999  4.1324E+05    0.72
  49  5.2500E-02  2.9128E+03  2.9129E+03   1.000   15.04   15.05   0.999  4.1321E+05    0.72
  50  6.6000E-02  3.4821E+03  3.4822E+03   1.000   12.15   12.16   0.999  4.1317E+05    0.72
  51  8.8000E-02  4.3425E+03  4.3425E+03   1.000   11.16   11.17   0.999  4.1309E+05    0.72
  52  1.1000E-01  4.1731E+03  4.1730E+03   1.000   10.58   10.59   0.999  4.1300E+05    0.72
  53  1.3500E-01  4.6442E+03  4.6440E+03   1.000   10.54   10.55   0.999  4.1289E+05    0.72
  54  1.6000E-01  5.0467E+03  5.0463E+03   1.000    9.03    9.04   0.999  4.1278E+05    0.72
  55  1.9000E-01  6.0689E+03  6.0681E+03   1.000    9.97    9.98   0.999  4.1263E+05    0.72
  56  2.2000E-01  6.2156E+03  6.2145E+03   1.000    8.30    8.31   0.998  4.1244E+05    0.72
  57  2.5500E-01  8.0803E+03  8.0780E+03   1.000    8.74    8.75   0.998  4.1223E+05    0.72
  58  2.9000E-01  7.3111E+03  7.3084E+03   1.000    8.15    8.17   0.998  4.1194E+05    0.72
  59  3.2000E-01  8.2287E+03  8.2248E+03   1.000    7.44    7.46   0.998  4.1172E+05    0.72
  60  3.6000E-01  1.1550E+04  1.1543E+04   1.001    7.48    7.50   0.997  4.1139E+05    0.72
  61  4.0000E-01  1.4827E+04  1.4816E+04   1.001    6.95    6.97   0.997  4.1093E+05    0.72
  62  4.5000E-01  1.6495E+04  1.6480E+04   1.001    6.35    6.37   0.996  4.1019E+05    0.71
  63  5.0000E-01  2.1569E+04  2.1547E+04   1.001    5.64    5.66   0.995  4.0937E+05    0.71
  64  5.5000E-01  2.6567E+04  2.6539E+04   1.001    4.99    5.01   0.994  4.0829E+05    0.71
  65  6.0000E-01  2.7881E+04  2.7849E+04   1.001    4.41    4.44   0.993  4.0696E+05    0.70
  66  6.6000E-01  3.5507E+04  3.5465E+04   1.001    3.89    3.92   0.991  4.0529E+05    0.70
  67  7.2000E-01  4.9704E+04  4.9642E+04   1.001    3.44    3.48   0.988  4.0316E+05    0.69
  68  7.8000E-01  4.7421E+04  4.7361E+04   1.001    3.05    3.09   0.985  4.0017E+05    0.69
  69  8.4000E-01  5.1281E+04  5.1217E+04   1.001    2.73    2.78   0.982  3.9733E+05    0.68
  70  9.2000E-01  5.5655E+04  5.5586E+04   1.001    2.45    2.50   0.978  3.9323E+05    0.67
  71  1.0000E+00  4.7380E+04  4.7323E+04   1.001    2.22    2.28   0.974  3.8877E+05    0.67
  72  1.2000E+00  4.7621E+04  4.7567E+04   1.001    2.03    2.09   0.969  3.7930E+05    0.65
  73  1.4000E+00  4.6126E+04  4.6077E+04   1.001    1.87    1.94   0.964  3.6977E+05    0.64
  74  1.6000E+00  4.3631E+04  4.3588E+04   1.001    1.74    1.81   0.959  3.6055E+05    0.63
  75  1.8000E+00  4.0210E+04  4.0176E+04   1.001    1.63    1.70   0.953  3.5182E+05    0.63
  76  2.0000E+00  3.4899E+04  3.4874E+04   1.001    1.53    1.61   0.948  3.4378E+05    0.62
  77  2.3000E+00  3.1522E+04  3.1504E+04   1.001    1.45    1.53   0.943  3.3331E+05    0.61
  78  2.6000E+00  2.7399E+04  2.7387E+04   1.000    1.38    1.47   0.937  3.2385E+05    0.61
  79  2.9000E+00  2.3861E+04  2.3856E+04   1.000    1.31    1.40   0.931  3.1563E+05    0.61
  80  3.3000E+00  2.1428E+04  2.1427E+04   1.000    1.24    1.34   0.924  3.0609E+05    0.60
  81  3.7000E+00  1.7893E+04  1.7894E+04   1.000    1.17    1.27   0.916  2.9752E+05    0.60
  82  4.1000E+00  1.6451E+04  1.6455E+04   1.000    1.10    1.21   0.907  2.9036E+05    0.60
  83  4.5000E+00  1.5745E+04  1.5750E+04   1.000    1.02    1.14   0.895  2.8378E+05    0.60
  84  5.0000E+00  1.6843E+04  1.6850E+04   1.000    0.95    1.07   0.882  2.7591E+05    0.59
  85  5.5000E+00  1.8325E+04  1.8333E+04   1.000    0.88    1.01   0.866  2.6749E+05    0.59
  86  6.0000E+00  2.0983E+04  2.0992E+04   1.000    0.82    0.96   0.850  2.5832E+05    0.59
  87  6.7000E+00  2.3477E+04  2.3486E+04   1.000    0.76    0.91   0.833  2.4364E+05    0.59
  88  7.4000E+00  2.5814E+04  2.5823E+04   1.000    0.71    0.87   0.816  2.2720E+05    0.59
  89  8.2000E+00  2.8076E+04  2.8083E+04   1.000    0.67    0.84   0.801  2.0655E+05    0.59
  90  9.0000E+00  2.8558E+04  2.8563E+04   1.000    0.64    0.81   0.788  1.8409E+05    0.59
  91  1.0000E+01  2.7000E+04  2.7003E+04   1.000    0.62    0.80   0.778  1.5553E+05    0.59
  92  1.1000E+01  2.4940E+04  2.4940E+04   1.000    0.61    0.79   0.772  1.2853E+05    0.61
  93  1.2000E+01  2.1482E+04  2.1481E+04   1.000    0.61    0.79   0.769  1.0359E+05    0.62
  94  1.3000E+01  1.8570E+04  1.8568E+04   1.000    0.61    0.79   0.770  8.2110E+04    0.65
  95  1.4000E+01  1.4783E+04  1.4781E+04   1.000    0.62    0.80   0.776  6.3540E+04    0.69
  96  1.5000E+01  1.1929E+04  1.1927E+04   1.000    0.64    0.81   0.785  4.8757E+04    0.73
  97  1.6000E+01  9.1211E+03  9.1192E+03   1.000    0.67    0.84   0.797  3.6827E+04    0.80
  98  1.7000E+01  6.9412E+03  6.9398E+03   1.000    0.71    0.87   0.813  2.7706E+04    0.88
  99  1.8000E+01  4.9597E+03  4.9589E+03   1.000    0.75    0.90   0.829  2.0765E+04    0.99
 100  1.9000E+01  3.2876E+03  3.2872E+03   1.000    0.81    0.95   0.848  1.5805E+04    1.12
 101  2.0000E+01  2.5397E+03  2.5397E+03   1.000    0.89    1.02   0.867  1.2518E+04    1.26
 102  2.1000E+01  1.9439E+03  1.9441E+03   1.000    0.96    1.08   0.885  9.9780E+03    1.41
 103  2.2000E+01  1.4810E+03  1.4814E+03   1.000    1.04    1.15   0.902  8.0341E+03    1.58
 104  2.3000E+01  1.1332E+03  1.1337E+03   1.000    1.12    1.23   0.917  6.5531E+03    1.77
 105  2.4000E+01  9.0061E+02  9.0116E+02   0.999    1.24    1.34   0.931  5.4199E+03    1.96
 106  2.5000E+01  7.1910E+02  7.1968E+02   0.999    1.38    1.47   0.944  4.5192E+03    2.17
 107  2.6000E+01  6.1285E+02  6.1347E+02   0.999    1.55    1.63   0.955  3.8001E+03    2.37
 108  2.7000E+01  5.3166E+02  5.3231E+02   0.999    1.74    1.81   0.964  3.1873E+03    2.58
 109  2.8000E+01  4.6085E+02  4.6150E+02   0.999    1.96    2.02   0.971  2.6556E+03    2.80
 110  2.9000E+01  4.2797E+02  4.2865E+02   0.998    2.21    2.27   0.977  2.1948E+03    3.03
 111  3.0000E+01  3.9307E+02  3.9376E+02   0.998    2.49    2.54   0.982  1.7668E+03    3.29
 112  3.1000E+01  3.5393E+02  3.5460E+02   0.998    2.83    2.87   0.986  1.3737E+03    3.57
 113  3.2000E+01  3.2460E+02  3.2525E+02   0.998    3.21    3.25   0.990  1.0198E+03    3.87
 114  3.3000E+01  2.6470E+02  2.6525E+02   0.998    3.65    3.68   0.992  6.9520E+02    4.24
 115  3.4000E+01  1.9753E+02  1.9795E+02   0.998    4.17    4.20   0.994  4.3050E+02    4.65
 116  3.5000E+01  1.3746E+02  1.3776E+02   0.998    4.77    4.80   0.996  2.3297E+02    5.09
 117  3.6000E+01  7.9247E+01  7.9418E+01   0.998    5.46    5.48   0.997  9.5512E+01    5.59
 118  3.7000E+01  1.6266E+01  1.6300E+01   0.998    6.27    6.29   0.998  1.6266E+01    6.27
      3.8000E+01

  INTEGRALS OF SPECTRA
    OLD SPECTRUM   4.1368E+05   ±    0.857 %
    NEW SPECTRUM   4.1374E+05   ±    0.720 %

  SUMMARY OF BROAD-GROUP FLUXES, FLUENCES, AND UNCERTAINTIES

    IRRAD TIME [S] = 7.86600000E+03   ACT NORM =  1.00000000E+00

       ENERGY       FLUX       FLUENCE      STDEV %
      thermal    2.7799E+02  2.1867E+06  ±   1.05     (0.100 meV – 0.550  eV)
     epithermal  4.6012E+02  3.6193E+06  ±  10.90     (0.550  eV – 110.0 keV)
        fast     4.1300E+05  3.2486E+09  ±   0.71     (110.0 keV –  20.0 MeV)
        fast     3.8877E+05  3.0581E+09  ±   0.66     (  1.0 MeV –  20.0 MeV)
        high     1.2518E+04  9.8464E+07  ±   1.26     ( 20.0 MeV –  60.0 MeV)

    MINI-SPECTRUM

       ENERGY       FLUX       FLUENCE      STDEV %
     1.0000E-10  3.1548E+02  2.4815E+06  ±   1.07
     9.2000E-06  6.2526E+01  4.9183E+05  ±   7.15
     9.6000E-04  3.6122E+01  2.8414E+05  ±  23.30
     9.2000E-03  2.2845E+02  1.7970E+06  ±  15.46
     8.8000E-02  1.6983E+03  1.3359E+07  ±   8.40
     3.6000E-01  1.8168E+04  1.4291E+08  ±   3.72
     9.2000E-01  5.9916E+04  4.7130E+08  ±   1.81
     2.3000E+00  1.7778E+05  1.3984E+09  ±   0.78
     1.0000E+01  1.5011E+05  1.1808E+09  ±   0.60
     2.4000E+01  5.4199E+03  4.2633E+07  ±   1.96
     6.0000E+01

       TOTAL     4.1374E+05  3.2544E+09  ±   0.72

    RELATIVE COVARIANCES (10×10)
     1000   130    -1     0     1    13    57   161   216    72
     1000   473    64     2     1     7    23    32    11
     1000   502    77     2     1     7    10     3
     1000   564    76     7    11    15     5
     1000   483    87    22    26     9
     1000   632   128    52    20
     1000   468   113    40
     1000   561    71
     1000   223
     1000

  SPECTRAL-AVERAGED REACTION RATES (for all cross section library reactions)

        REACTIONS        SIG-PHI      <SIG>          REACTIONS        SIG-PHI      <SIG>          REACTIONS        SIG-PHI      <SIG>  
   ------------------  ----------  ----------   ------------------  ----------  ----------   ------------------  ----------  ----------
   LI6(N,A)T           8.9088E-19  2.1533E-24   FE58(N,G)FE59       1.5951E-21  3.8554E-27   IN115(N,N')IN115M   8.5964E-20  2.0778E-25
   B10(N,A)LI7         3.5108E-18  8.4856E-24   CO59(N,2N)CO58      7.0891E-20  1.7134E-25   IN115(N,2N)IN114M   1.5483E-19  3.7423E-25
   F19(N,2N)F18        4.7217E-21  1.1412E-26   CO59(N,3N)CO57      1.6515E-21  3.9917E-27   IN115(N,G)IN116M    1.8211E-19  4.4016E-25
   NA23(N,2N)NA22      4.6031E-21  1.1126E-26   CO59(N,G)CO60       3.4903E-20  8.4360E-26   I127(N,2N)I126      1.7763E-19  4.2932E-25
   NA23(N,G)NA24       5.5571E-22  1.3432E-27   CO59(N,P)FE59       1.0334E-20  2.4976E-26   LA139(N,G)LA140     9.3214E-21  2.2530E-26
   MG24(N,P)NA24       3.3045E-20  7.9870E-26   CO59(N,A)MN56       4.4602E-21  1.0780E-26   PR141(N,2N)PR140    1.9432E-19  4.6966E-25
   AL27(N,P)MG27       2.0645E-20  4.9898E-26   NI58(N,2N)NI57      3.7636E-21  9.0967E-27   TM169(N,2N)TM168    2.8504E-19  6.8895E-25
   AL27(N,A)NA24       1.9791E-20  4.7834E-26   NI58(N,P)CO58       1.5336E-19  3.7067E-25   TM169(N,3N)TM167    2.6470E-20  6.3978E-26
   SI28(N,P)AL28       5.6904E-20  1.3754E-25   NI60(N,P)CO60       2.6465E-20  6.3965E-26   TA181(N,G)TA182     3.6160E-20  8.7398E-26
   P31(N,P)SI31        3.8322E-20  9.2624E-26   CU63(N,2N)CU62      4.9538E-20  1.1973E-25   W186(N,G)W187       4.2630E-20  1.0304E-25
   S32(N,P)P32         9.3360E-20  2.2565E-25   CU63(N,G)CU64       6.0889E-21  1.4717E-26   AU197(N,2N)AU196    2.8288E-19  6.8371E-25
   TI46(N,2N)TI45      8.6180E-21  2.0830E-26   CU63(N,A)CO60       7.6507E-21  1.8492E-26   AU197(N,G)AU198     1.1502E-19  2.7802E-25
   TI46(N,P)SC46       6.3866E-20  1.5436E-25   CU65(N,2N)CU64      9.4211E-20  2.2771E-25   HG199(N,N')HG199M   1.7095E-19  4.1318E-25
   TI47(N,P)SC47       3.3137E-20  8.0092E-26   ZN64(N,P)CU64       6.2084E-20  1.5006E-25   PB204(N,N')PB204M   4.5482E-20  1.0993E-25
   TI47(N,X)SC46       9.6244E-21  2.3262E-26   ZN67(N,P)CU67       5.9756E-21  1.4443E-26   BI209(N,3N)BI207    3.1577E-20  7.6323E-26
   TI48(N,P)SC48       9.1460E-21  2.2106E-26   AS75(N,2N)AS74      9.9996E-20  2.4169E-25   TH232(N,FISSION)    1.0877E-19  2.6290E-25
   TI48(N,X)SC47       4.1676E-21  1.0073E-26   Y89(N,2N)Y88        8.7191E-20  2.1074E-25   TH232(N,G)TH233     1.8529E-20  4.4785E-26
   TI49(N,X)SC48       2.6031E-21  6.2916E-27   ZR90(N,2N)ZR89      7.0724E-20  1.7094E-25   U235(N,FISSION)     1.2039E-18  2.9099E-24
   V51(N,A)SC48        2.0470E-21  4.9476E-27   NB93(N,G)NB94       3.5839E-21  8.6623E-27   U235(N,G)U236       1.1433E-19  2.7634E-25
   CR52(N,2N)CR51      3.5727E-20  8.6352E-26   NB93(N,N')NB93M     6.1127E-20  1.4775E-25   U238(N,2N)U237      2.5803E-19  6.2365E-25
   MN55(N,2N)MN54      7.2618E-20  1.7552E-25   NB93(N,2N)NB92M     5.7272E-20  1.3843E-25   U238(N,FISSION)     3.3506E-19  8.0985E-25
   MN55(N,G)MN56       1.2419E-20  3.0018E-26   MO92(N,P)NB92M      2.3825E-20  5.7584E-26   U238(N,G)U239       1.4913E-20  3.6044E-26
   FE54(N,2N)FE53      3.0448E-21  7.3593E-27   RH103(N,N')RH103M   3.3451E-19  8.0851E-25   NP237(N,FISSION)    7.7767E-19  1.8796E-24
   FE54(N,P)MN54       1.2693E-19  3.0678E-25   AG109(N,G)AG110M    5.6646E-21  1.3691E-26   PU239(N,FISSION)    1.5695E-18  3.7936E-24
   FE54(N,A)CR51       1.4416E-20  3.4844E-26   IN113(N,N')IN113M   7.1622E-20  1.7311E-25   AM241(N,FISSION)    8.7444E-19  2.1135E-24
   FE56(N,P)MN56       1.8851E-20  4.5563E-26   IN113(N,G)IN114M    3.1719E-20  7.6666E-26   SC45(N,G)SC46       2.5036E-20  6.0513E-26

  INPUT FLUX REL. CORRELATION MATRIX (by row from diagonal)
   1   1000   992   968   930   878   816   746   670   591   514   440   369   308   253   206   166   135   111    90    74
         60    51    43    37    31    27    21    21    20    12    16    11    12    10    10     8     8     9     8    11
          7    11    10     7    11    11    10    13    14    18    19    20    20    24    21    26    24    26    29    28
         31    33    38    43    48    54    61    69    77    85    94   102   110   118   125   133   139   145   152   160
        168   177   188   199   211   222   234   246   255   263   268   270   270   270   268   263   255   246   237   224
        209   197   185   174   160   145   131   118   105    94    84    74    66    58    51    44    39    34   427   427
        427   427   427   427   427   427   427   427   427   427   427   427   427   427   427   427   427   427   427   427

  OUTPUT FLUX REL. CORRELATION MATRIX (by row from diagonal)
   1   1000   990   961   914   853   780   700   615   530   448   371   300   240   186   142   105    76    55    38    26
         15    10     5     2     0    -1    -4    -3    -3    -8    -3    -6    -5    -6    -5    -6    -5    -5    -4    -2
         -5    -1    -2    -4    -1    -2    -2     0     0     1     1     1     1     2     0     2     0     0     0     0
          0     0     2     4     8    12    16    22    27    34    41    48    55    62    69    75    82    87    94   100
        107   114   124   134   145   156   169   182   193   202   209   213   213   213   210   204   195   185   176   163
        149   139   130   122   111   101    90    81    73    65    58    52    46    41    36    32    28    24   370   370
        370   370   370   370   370   370   370   370   370   370   370   370   370   370   370   370   370   370   370   370
   2   1000   990   961   915   853   781   700   615   531   449   371   302   240   186   141   105    78    55    39    25
         17    10     5     2     0    -3    -2    -2    -7    -3    -6    -5    -6    -5    -6    -5    -4    -4    -1    -5
         -1    -2    -4    -1    -1    -2     0     0     1     2     2     1     3     0     2     0     0     1     0     0
          1     3     5     9    13    18    23    29    36    43    50    58    65    72    79    85    91    97   104   111
        119   129   139   151   162   175   188   200   209   216   220   221   221   218   211   202   191   182   169   154
        144   134   126   115   104    94    84    76    68    61    54    48    42    37    33    29    25   384   384   384
        384   384   384   384   384   384   384   384   384   384   384   384   384   384   384   384   384   384   384
   3   1000   990   961   915   853   781   700   616   531   447   371   301   238   185   140   106    77    55    37    26
         16    10     5     2    -2    -1    -1    -7    -3    -6    -5    -6    -5    -6    -5    -4    -4    -1    -5    -1
         -2    -4    -1    -1    -2     0     0     1     2     2     1     3     0     2     0     0     1     0     0     1
          3     5     9    13    17    23    29    36    43    50    57    64    71    78    84    90    96   103   110   118
        128   138   149   160   174   186   198   207   214   218   219   219   216   209   200   190   180   167   153   143
        133   125   114   103    93    84    75    67    60    53    47    42    37    32    29    25   381   381   381   381
        381   381   381   381   381   381   381   381   381   381   381   381   381   381   381   381   381   381
   4   1000   990   961   915   853   780   700   615   529   447   370   300   237   184   141   105    77    54    38    25
         16     9     5     0     0    -1    -6    -2    -6    -4    -5    -4    -6    -5    -4    -4    -1    -5    -1    -2
         -4    -1    -1    -2     0     0     1     2     2     1     3     0     2     0     0     1     0     0     1     3
          5     9    13    17    23    28    35    42    49    56    63    70    77    83    89    95   101   108   115   125
        135   146   157   170   183   194   203   210   214   214   215   211   205   197   186   177   164   150   140   130
        122   112   101    91    82    73    66    59    52    46    41    36    32    28    25   373   373   373   373   373
        373   373   373   373   373   373   373   373   373   373   373   373   373   373   373   373   373
   5   1000   990   961   915   853   780   700   614   529   447   369   298   236   185   140   105    75    54    37    25
         15     9     3     2     0    -5    -1    -5    -4    -5    -4    -6    -5    -4    -4    -1    -4    -1    -2    -4
         -1    -1    -2     0     0     1     2     2     1     3     0     2     0     0     1     0     0     1     3     5
          8    12    17    22    27    34    40    47    54    61    67    74    80    85    91    97   104   111   121   130
        141   152   164   176   187   196   202   206   207   207   204   198   189   179   170   158   145   135   126   118
        108    98    88    79    71    63    57    50    45    40    35    31    27    24   360   360   360   360   360   360
        360   360   360   360   360   360   360   360   360   360   360   360   360   360   360   360
   6   1000   990   961   914   853   780   699   614   529   446   368   297   237   184   140   103    76    54    37    24
         15     7     5     2    -4    -1    -4    -3    -5    -4    -5    -5    -4    -4    -1    -4    -1    -2    -3    -1
         -1    -2     0     0     1     2     2     1     2     0     2     0     0     1     0     0     1     2     5     8
         11    16    21    26    32    38    45    51    58    64    70    76    81    86    92    99   106   114   123   134
        144   156   167   177   186   192   196   196   196   193   188   180   170   161   150   137   128   119   112   102
         93    83    75    67    60    54    48    42    38    33    29    26    22   341   341   341   341   341   341   341
        341   341   341   341   341   341   341   341   341   341   341   341   341   341   341
   7   1000   990   961   915   853   779   699   614   528   444   367   298   236   184   139   104    76    53    37    24
         14     9     5    -1     0    -3    -3    -4    -3    -5    -4    -4    -3    -1    -4    -1    -1    -3    -1    -1
         -2     0     0     1     2     2     1     2     0     2     0     0     1     0     0     1     2     5     7    11
         15    20    25    30    36    42    48    54    60    66    71    76    82    87    93   100   108   116   126   136
        147   157   167   175   181   184   185   185   182   177   169   160   152   141   129   121   112   105    96    87
         78    71    63    57    51    45    40    35    31    27    24    21   322   322   322   322   322   322   322   322
        322   322   322   322   322   322   322   322   322   322   322   322   322   322
   8   1000   990   961   914   852   779   698   613   527   444   368   298   236   183   140   104    75    53    37    23
         15     9     1     2    -1    -1    -3    -3    -4    -4    -3    -3    -1    -3     0    -1    -3     0    -1    -1
          0     0     1     2     2     1     2     0     2     0     0     1     0     0     1     2     4     7    10    14
         18    23    28    34    39    45    51    56    62    67    71    76    81    87    93   101   108   117   126   137
        147   156   163   169   172   172   172   170   165   158   149   142   132   120   112   105    98    90    81    73
         66    59    53    47    42    37    33    29    26    22    20   300   300   300   300   300   300   300   300   300
        300   300   300   300   300   300   300   300   300   300   300   300   300
   9   1000   990   961   914   853   779   698   612   526   445   367   298   235   183   139   103    75    53    35    24
         16     6     5     0     0    -2    -2    -3    -3    -3    -2    -1    -3     0    -1    -2     0    -1    -1     0
          0     1     1     1     1     2     0     2     0     0     1     0     0     1     2     4     6     9    13    17
         21    26    31    36    41    46    51    56    61    65    70    74    79    85    92    99   108   116   125   134
        143   150   155   157   158   158   156   151   145   137   130   121   110   103    96    90    82    75    67    60
         54    48    43    38    34    30    27    23    21    18   275   275   275   275   275   275   275   275   275   275
        275   275   275   275   275   275   275   275   275   275   275   275
  10   1000   990   961   914   852   779   697   612   527   444   367   297   236   183   139   103    75    52    37    25
         13    10     3     1     0    -1    -2    -2    -2    -2     0    -3     0    -1    -2     0     0    -1     0     0
          1     1     1     1     2     0     2     0     0     1     0     0     1     2     4     6     9    12    16    20
         24    29    34    38    43    48    52    56    60    64    69    73    78    85    92    99   107   116   124   132
        138   143   145   146   146   144   139   133   126   120   111   102    95    89    83    76    69    62    56    50
         45    40    35    32    28    25    22    19    17   254   254   254   254   254   254   254   254   254   254   254
        254   254   254   254   254   254   254   254   254   254   254
  11   1000   990   961   914   852   778   697   612   527   444   366   297   236   183   139   103    74    53    37    22
         16     8     5     1     0    -1    -2    -1    -2     0    -2     0    -1    -2     0     0    -1     0     0     1
          1     1     1     2     0     2     0     0     1     0     0     1     2     4     6     8    11    14    18    22
         26    31    35    39    43    48    51    55    59    63    67    72    78    84    91    97   105   113   120   126
        130   133   133   133   131   127   122   115   109   102    93    87    81    76    69    63    56    51    45    41
         37    32    29    25    22    20    17    15   232   232   232   232   232   232   232   232   232   232   232   232
        232   232   232   232   232   232   232   232   232   232
  12   1000   990   961   914   852   778   697   612   527   444   367   297   235   183   139   102    75    54    34    25
         14     9     4     2     0     0    -1    -1     0    -2     0    -1    -2     0     0    -1     0     0     1     1
          1     1     2     0     1     0     0     0     0     0     0     2     3     5     7    10    13    16    19    23
         27    31    35    39    43    46    49    52    56    60    64    69    75    81    87    94   101   108   113   117
        119   119   119   117   114   109   103    98    91    83    78    72    68    62    56    50    45    41    36    33
         29    26    23    20    18    16    14   207   207   207   207   207   207   207   207   207   207   207   207   207
        207   207   207   207   207   207   207   207   207
  13   1000   990   961   914   852   778   697   612   526   444   367   297   235   183   138   104    76    51    37    24
         16     9     5     2     0     0     0     0    -1     0     0    -1     0     0    -1     0     0     1     1     1
          1     1     0     1     0     0     1     0     0     0     1     3     4     6     9    12    15    18    21    25
         29    32    35    39    42    45    48    51    55    59    63    68    74    80    86    93    98   103   106   108
        109   109   107   104   100    94    89    83    76    71    66    62    57    51    46    42    37    33    30    26
         24    21    18    16    14    12   189   189   189   189   189   189   189   189   189   189   189   189   189   189
        189   189   189   189   189   189   189   189
  14   1000   990   961   914   852   778   697   612   526   444   367   297   235   182   139   104    73    54    36    25
         15    10     5     2     1     0     0    -1     0     0    -1     0     0     0     0     0     1     1     1     0
          1     0     1     0     0     0     0     0     0     1     2     4     6     8    10    13    16    19    22    26
         29    32    35    38    40    43    46    49    53    57    62    67    72    78    83    88    93    96    98    98
         98    96    94    90    85    81    75    68    64    59    56    51    46    42    37    34    30    27    24    21
         19    17    15    13    11   170   170   170   170   170   170   170   170   170   170   170   170   170   170   170
        170   170   170   170   170   170   170
  15   1000   990   961   914   852   779   697   612   526   444   367   297   235   183   139   102    76    53    37    24
         16     9     5     3     1     1     0     0     0    -1     0     0     0     0     0     0     1     1     0     1
          0     1     0     0     0     0     0     0     1     2     3     5     7     9    11    14    17    20    23    26
         28    31    34    36    39    41    44    47    51    55    60    64    70    75    79    83    86    87    88    88
         86    84    80    76    72    67    61    57    53    50    46    41    37    33    30    27    24    21    19    17
         15    13    11    10   152   152   152   152   152   152   152   152   152   152   152   152   152   152   152   152
        152   152   152   152   152   152
  16   1000   990   961   914   852   778   697   612   526   444   367   296   235   183   138   104    75    53    37    25
         16    10     6     3     2     0     0     0     0     0     0     0     0     0     0     0     0     0     1     0
          1     0     0     0     0     0     0     1     2     3     4     6     8    10    12    15    17    20    23    25
         28    30    32    34    36    39    42    45    49    53    57    62    66    70    74    76    78    78    78    77
         75    71    68    64    60    54    51    47    44    40    37    33    30    27    24    21    19    17    15    13
         12    10     9   135   135   135   135   135   135   135   135   135   135   135   135   135   135   135   135   135
        135   135   135   135   135
  17   1000   990   961   914   852   778   697   612   526   444   366   297   236   182   139   103    75    53    37    25
         16    10     6     4     1     1     0     0     0     0     0     0     0     0     0     0     0     1     0     0
          0     0     0     0     0     0     0     1     2     4     5     7     9    11    13    16    18    20    22    25
         27    29    31    33    35    38    41    44    48    51    56    60    63    66    69    70    70    70    69    67
         64    61    58    54    49    46    43    40    36    33    30    27    24    21    19    17    15    13    12    10
          9     8   121   121   121   121   121   121   121   121   121   121   121   121   121   121   121   121   121   121
        121   121   121   121
  18   1000   990   961   914   852   778   697   612   526   443   367   297   234   183   139   104    75    54    37    25
         17    11     7     3     2     1     0     0     0     0     0     0     0     0     0     0     1     0     0     0
          0     0     0     0     0     1     1     2     3     5     7     8    10    12    15    17    19    21    23    25
         27    29    30    33    35    38    41    44    48    52    55    59    62    64    65    65    65    64    62    60
         56    54    50    46    42    40    37    34    31    28    25    22    20    18    16    14    12    11    10     8
          7   113   113   113   113   113   113   113   113   113   113   113   113   113   113   113   113   113   113   113
        113   113   113
  19   1000   990   961   914   852   778   697   612   526   444   367   296   236   183   139   103    76    54    37    25
         17    11     6     4     2     0     1     0     0     0     0     0     0     0     0     0     0     0     0     0
          0     0     0     0     0     1     2     3     4     6     7     9    11    13    15    17    19    21    22    24
         26    27    29    31    34    37    40    43    46    50    53    55    57    58    59    59    58    56    54    51
         48    45    41    38    36    33    30    28    25    22    20    18    16    14    13    11    10     9     8     7
        101   101   101   101   101   101   101   101   101   101   101   101   101   101   101   101   101   101   101   101
        101   101
  20   1000   990   961   914   852   778   697   612   526   444   366   297   235   183   139   104    75    54    38    26
         18    11     7     4     2     1     0     0     0     0     0     0     0     0     0     0     0     0     0     0
          0     0     0     0     1     2     3     4     5     7     8    10    12    14    15    17    19    20    22    23
         25    27    29    31    34    36    39    42    46    48    51    52    53    54    54    53    51    49    46    44
         41    37    35    32    30    28    25    23    20    18    16    15    13    12    10     9     8     7     6    93
         93    93    93    93    93    93    93    93    93    93    93    93    93    93    93    93    93    93    93    93
         93
  21   1000   990   961   914   852   778   697   612   527   443   367   297   236   183   140   104    76    54    38    26
         17    12     7     4     3     1     0     0     0     0     0     0     0     0     0     0     0     0     0     0
          0     0     0     0     1     2     3     4     5     7     8    10    11    13    14    16    17    19    20    21
         23    25    27    29    31    34    37    39    42    44    45    46    46    46    46    44    43    40    38    35
         32    30    28    26    24    22    20    18    16    14    13    11    10     9     8     7     6     5    80    80
         80    80    80    80    80    80    80    80    80    80    80    80    80    80    80    80    80    80    80    80
  22   1000   990   961   914   852   778   697   612   526   444   367   297   236   183   139   104    76    54    39    26
         18    11     7     4     2     1     1     0     0     0     0     0     0     0     0     0     0     0     0     0
          0     0     1     1     2     3     4     5     6     8     9    11    12    13    15    16    17    19    20    21
         23    25    27    29    31    34    37    39    41    42    43    43    43    42    41    39    37    35    33    30
         28    26    24    22    20    18    16    15    13    12    10     9     8     7     6     6     5    74    74    74
         74    74    74    74    74    74    74    74    74    74    74    74    74    74    74    74    74    74    74
  23   1000   990   961   914   852   778   697   611   527   444   367   297   236   183   140   104    76    55    38    27
         18    11     7     4     2     2     1     1     0     0     0     0     0     0     0     0     0     0     0     0
          0     0     1     2     2     3     4     6     7     8     9    11    12    13    14    15    17    18    19    20
         22    24    26    28    31    33    35    36    38    38    39    39    38    37    35    33    32    29    27    25
         23    22    20    18    16    15    13    12    11     9     8     7     6     6     5     4    66    66    66    66
         66    66    66    66    66    66    66    66    66    66    66    66    66    66    66    66    66    66
  24   1000   990   961   914   852   779   697   612   526   444   367   297   236   183   140   104    77    54    39    26
         17    12     7     4     3     1     1     1     0     0     0     0     0     0     0     0     0     0     0     0
          0     1     1     2     3     4     5     6     7     8     9    10    12    13    14    15    16    17    18    20
         21    23    25    27    29    31    32    33    34    34    34    34    33    31    29    28    26    24    22    21
         19    18    16    14    13    12    10     9     8     7     6     6     5     4     4    58    58    58    58    58
         58    58    58    58    58    58    58    58    58    58    58    58    58    58    58    58    58
  25   1000   990   961   914   852   778   697   612   527   444   367   297   236   184   140   105    76    55    39    26
         18    12     7     5     3     2     1     1     0     0     0     0     0     0     0     0     0     0     0     0
          0     1     2     2     3     4     5     6     7     8     9    10    11    12    13    14    15    16    17    19
         20    22    24    26    27    29    30    30    30    30    30    29    28    26    25    23    21    20    18    17
         16    14    13    11    10     9     8     7     6     6     5     4     4     3    52    52    52    52    52    52
         52    52    52    52    52    52    52    52    52    52    52    52    52    52    52    52
  26   1000   990   961   914   852   779   697   612   527   444   367   297   236   184   140   104    77    55    38    27
         18    11     7     5     3     2     1     0     0     0     0     0     0     0     0     0     0     0     0     0
          1     1     2     3     4     4     5     6     7     8     9    10    11    11    12    13    14    16    17    18
         20    21    23    25    26    27    27    27    27    27    26    25    24    22    21    19    18    16    15    14
         13    11    10     9     8     7     7     6     5     5     4     3     3    46    46    46    46    46    46    46
         46    46    46    46    46    46    46    46    46    46    46    46    46    46    46
  27   1000   990   961   914   852   778   697   612   527   444   367   297   236   184   140   105    77    55    39    26
         18    12     7     5     3     2     1     0     0     0     0     0     0     0     0     0     0     0     0     0
          0     1     2     2     3     4     4     5     6     7     7     8     9     9    10    11    12    13    14    15
         17    18    19    20    21    21    21    21    21    20    20    18    18    16    15    14    13    12    11    10
          9     8     7     6     6     5     4     4     3     3     3     2    35    35    35    35    35    35    35    35
         35    35    35    35    35    35    35    35    35    35    35    35    35    35
  28   1000   990   961   914   852   779   697   612   527   444   367   298   237   184   140   105    77    55    39    26
         18    12     8     5     3     2     1     0     0     0     0     0     0     0     0     0     0     0     0     1
          1     2     3     3     4     5     6     6     7     8     8     9    10    11    11    13    14    15    16    17
         19    20    21    21    22    22    22    22    21    20    19    18    17    15    14    13    12    11    10     9
          8     7     7     6     5     5     4     4     3     3     2    37    37    37    37    37    37    37    37    37
         37    37    37    37    37    37    37    37    37    37    37    37    37
  29   1000   990   961   914   852   778   697   612   527   444   367   298   236   184   140   105    77    55    39    27
         18    12     8     5     3     2     1     0     0     0     0     0     0     0     0     0     0     0     1     1
          2     2     3     4     5     5     6     7     7     8     8     9    10    11    12    13    14    15    16    17
         18    19    20    20    20    20    20    20    19    18    17    16    14    13    12    12    11    10     9     8
          7     6     6     5     4     4     3     3     3     2    34    34    34    34    34    34    34    34    34    34
         34    34    34    34    34    34    34    34    34    34    34    34
  30   1000   990   961   914   852   779   697   612   527   444   367   298   236   184   140   105    77    55    38    26
         18    11     7     4     2     1     0     0     0     0     0     0     0     0     0     0     0     0     0     0
          0     1     1     1     2     2     3     3     4     4     5     5     6     6     7     8     8     9    10    10
         11    11    12    12    12    12    11    11    10    10     9     8     8     7     6     6     5     5     4     4
          3     3     3     2     2     2     2     1     1    18    18    18    18    18    18    18    18    18    18    18
         18    18    18    18    18    18    18    18    18    18    18
  31   1000   990   961   914   852   779   697   612   527   445   367   298   237   184   140   105    77    55    39    27
         18    12     8     5     3     2     1     0     0     0     0     0     0     0     0     0     1     1     1     2
          2     3     4     4     5     5     6     6     7     8     8     9    10    11    11    12    13    14    15    16
         17    17    17    17    17    16    16    15    14    13    12    11    10    10     9     8     7     6     6     5
          5     4     4     3     3     2     2     2    29    29    29    29    29    29    29    29    29    29    29    29
         29    29    29    29    29    29    29    29    29    29
  32   1000   990   961   914   852   779   697   612   527   444   368   298   236   184   140   105    77    55    39    26
         18    11     7     4     2     1     0     0     0     0     0     0     0     0     0     0     0     0     0     1
          1     2     2     2     3     3     4     4     5     5     6     6     7     7     8     9    10    10    11    11
         11    11    11    11    11    10    10     9     9     8     7     7     6     6     5     5     4     4     3     3
          3     2     2     2     2     1     1    18    18    18    18    18    18    18    18    18    18    18    18    18
         18    18    18    18    18    18    18    18    18
  33   1000   990   961   914   852   779   697   612   527   445   368   298   237   184   140   105    77    55    39    27
         18    12     7     4     2     1     0     0     0     0     0     0     0     0     0     0     0     1     1     2
          2     3     3     3     4     4     5     5     6     6     7     7     8     9    10    10    11    12    12    12
         12    12    12    12    11    11    10     9     9     8     7     7     6     6     5     5     4     4     3     3
          3     2     2     2     2     1    20    20    20    20    20    20    20    20    20    20    20    20    20    20
         20    20    20    20    20    20    20    20
  34   1000   990   961   914   852   779   698   612   527   445   367   298   236   184   140   105    77    55    39    26
         18    11     7     4     2     1     0     0     0     0     0     0     0     0     0     0     0     1     1     1
          2     2     2     3     3     4     4     4     5     5     6     7     7     8     8     9     9    10    10    10
         10    10    10     9     9     8     8     7     6     6     6     5     5     4     4     3     3     3     2     2
          2     2     1     1     1    16    16    16    16    16    16    16    16    16    16    16    16    16    16    16
         16    16    16    16    16    16    16
  35   1000   990   961   914   852   779   697   612   527   445   368   298   236   184   140   105    77    55    39    27
         18    12     7     4     2     1     0     0     0     0     0     0     0     0     0     1     1     1     2     2
          3     3     3     4     4     4     5     5     6     6     7     8     8     9    10    10    10    11    11    11
         11    10    10     9     9     8     7     7     6     6     5     5     4     4     4     3     3     3     2     2
          2     2     1     1    17    17    17    17    17    17    17    17    17    17    17    17    17    17    17    17
         17    17    17    17    17    17
  36   1000   990   961   914   852   779   697   612   527   445   368   298   236   184   140   105    77    55    39    26
         18    11     7     4     2     1     0     0     0     0     0     0     0     0     0     0     0     1     1     1
          2     2     2     3     3     3     4     4     5     5     6     6     7     7     7     8     8     8     8     8
          8     7     7     6     6     5     5     5     4     4     4     3     3     3     2     2     2     2     1     1
          1     1     1    12    12    12    12    12    12    12    12    12    12    12    12    12    12    12    12    12
         12    12    12    12    12
  37   1000   990   961   914   852   779   698   612   527   445   368   298   236   184   140   105    77    55    38    26
         18    11     7     4     2     1     0     0     0     0     0     0     0     0     0     1     1     1     2     2
          2     3     3     3     4     4     4     5     5     6     6     7     7     8     8     8     8     8     8     8
          7     7     7     6     6     5     5     5     4     4     3     3     3     2     2     2     2     1     1     1
          1     1    13    13    13    13    13    13    13    13    13    13    13    13    13    13    13    13    13    13
         13    13    13    13
  38   1000   990   961   914   852   779   698   612   527   445   368   298   237   184   140   105    77    55    39    26
         18    11     7     4     2     1     0     0     0     0     0     0     0     1     1     1     2     2     2     3
          3     3     4     4     4     5     5     6     6     7     7     8     8     9     9     9     9     9     8     8
          8     7     7     6     6     5     5     4     4     4     3     3     3     2     2     2     2     1     1     1
          1    14    14    14    14    14    14    14    14    14    14    14    14    14    14    14    14    14    14    14
         14    14    14
  39   1000   990   961   914   852   779   698   612   527   445   368   298   237   184   140   105    77    55    39    26
         18    11     7     4     2     1     1     0     0     0     0     0     1     1     1     2     2     2     3     3
          3     4     4     4     5     5     6     6     7     7     8     8     8     9     9     9     9     8     8     8
          7     7     6     6     5     5     4     4     4     3     3     3     2     2     2     2     1     1     1     1
         14    14    14    14    14    14    14    14    14    14    14    14    14    14    14    14    14    14    14    14
         14    14
  40   1000   990   961   914   852   779   698   612   527   445   368   298   237   184   141   105    77    55    39    27
         18    12     8     5     3     2     1     1     1     1     2     2     2     3     3     3     4     4     5     5
          5     6     6     7     7     8     9     9    10    11    11    12    12    12    12    12    11    11    10    10
          9     8     8     7     7     6     6     5     4     4     4     3     3     3     2     2     2     2     1    20
         20    20    20    20    20    20    20    20    20    20    20    20    20    20    20    20    20    20    20    20
         20
  41   1000   990   961   914   852   779   698   612   527   445   367   298   236   184   140   105    77    55    38    26
         17    11     7     4     2     1     1     0     0     0     0     0     1     1     1     2     2     2     2     3
          3     3     4     4     5     5     5     6     6     7     7     7     7     7     7     7     6     6     6     5
          5     4     4     4     4     3     3     3     2     2     2     2     1     1     1     1     1     1    11    11
         11    11    11    11    11    11    11    11    11    11    11    11    11    11    11    11    11    11    11    11
  42   1000   990   961   914   852   779   698   613   527   445   368   298   237   184   141   105    77    55    39    27
         18    12     8     5     3     2     2     2     2     2     2     3     3     3     4     4     5     5     5     6
          6     7     7     8     9     9    10    11    11    12    12    12    12    12    11    11    10    10     9     8
          8     7     7     6     6     5     4     4     4     3     3     3     2     2     2     2     1    20    20    20
         20    20    20    20    20    20    20    20    20    20    20    20    20    20    20    20    20    20    20
  43   1000   990   961   914   852   779   698   612   527   445   368   298   237   184   141   105    77    55    39    27
         18    12     8     5     3     2     2     2     2     2     2     2     3     3     4     4     4     5     5     5
          6     6     7     8     8     9     9    10    10    10    10    10    10    10    10     9     9     8     7     7
          6     6     5     5     4     4     3     3     3     2     2     2     2     2     1     1    17    17    17    17
         17    17    17    17    17    17    17    17    17    17    17    17    17    17    17    17    17    17
  44   1000   990   961   914   852   779   697   612   527   444   367   298   236   184   140   105    77    55    38    26
         18    12     7     5     3     2     1     1     1     1     1     2     2     2     2     3     3     3     4     4
          4     5     5     6     6     7     7     7     7     8     8     7     7     7     7     6     6     5     5     4
          4     4     3     3     3     2     2     2     2     2     1     1     1     1     1    12    12    12    12    12
         12    12    12    12    12    12    12    12    12    12    12    12    12    12    12    12    12
  45   1000   990   961   914   852   779   698   613   527   445   368   298   237   184   141   105    77    55    39    27
         18    12     8     6     4     3     3     3     3     3     4     4     4     5     5     5     6     6     7     7
          8     9     9    10    11    11    12    12    12    12    12    11    11    10    10     9     8     8     7     7
          6     6     5     4     4     4     3     3     3     2     2     2     2     1    20    20    20    20    20    20
         20    20    20    20    20    20    20    20    20    20    20    20    20    20    20    20
  46   1000   990   961   914   852   779   698   612   527   445   368   298   237   184   141   105    77    55    39    27
         18    13     9     6     4     4     3     3     3     3     4     4     4     5     5     5     6     7     7     8
          8     9    10    10    11    11    11    11    11    11    11    11    10     9     9     8     7     7     7     6
          5     5     4     4     3     3     3     2     2     2     2     1     1    19    19    19    19    19    19    19
         19    19    19    19    19    19    19    19    19    19    19    19    19    19    19
  47   1000   990   961   914   852   779   697   612   527   445   368   298   237   184   140   105    77    55    39    27
         18    13     9     6     4     4     3     3     3     3     4     4     4     5     5     5     6     6     7     8
          8     9     9    10    10    10    11    11    10    10    10     9     9     8     7     7     6     6     5     5
          4     4     4     3     3     2     2     2     2     2     1     1    17    17    17    17    17    17    17    17
         17    17    17    17    17    17    17    17    17    17    17    17    17    17
  48   1000   990   961   914   852   779   698   613   527   445   368   298   237   184   141   105    77    56    40    28
         19    14    10     7     6     5     5     5     5     5     6     6     6     7     7     8     9     9    10    11
         12    13    13    14    14    14    14    14    13    13    12    12    11    10     9     9     8     7     7     6
          5     5     4     4     3     3     3     2     2     2     2    24    24    24    24    24    24    24    24    24
         24    24    24    24    24    24    24    24    24    24    24    24    24
  49   1000   990   961   914   852   779   698   613   527   445   368   298   237   184   141   106    78    56    40    28
         20    14    10     8     7     6     6     6     6     6     6     7     7     8     8     9    10    11    12    13
         13    14    15    15    15    15    15    14    14    13    12    11    10    10     9     9     8     7     6     6
          5     5     4     4     3     3     3     2     2     2    26    26    26    26    26    26    26    26    26    26
         26    26    26    26    26    26    26    26    26    26    26    26
  50   1000   990   961   914   852   779   698   613   527   445   368   298   237   185   141   106    78    57    41    30
         21    16    12    10     8     8     8     8     8     8     9     9    10    11    11    12    13    15    16    17
         17    18    18    19    19    18    18    17    16    15    14    13    12    11    11    10     9     8     7     6
          6     5     5     4     4     3     3     2     2    32    32    32    32    32    32    32    32    32    32    32
         32    32    32    32    32    32    32    32    32    32    32
  51   1000   990   961   914   852   779   698   613   527   445   368   299   237   185   142   107    79    58    42    30
         22    17    13    11    10     9     9     9     9     9    10    11    12    12    14    15    16    17    18    19
         20    20    20    20    20    19    19    18    17    16    14    13    12    12    11    10     9     8     7     6
          6     5     4     4     3     3     3     2    35    35    35    35    35    35    35    35    35    35    35    35
         35    35    35    35    35    35    35    35    35    35
  52   1000   990   961   914   852   779   698   613   527   445   368   299   238   186   142   107    80    58    43    31
         23    18    14    12    10    10    10    10    10    10    11    12    13    14    15    17    18    19    20    21
         21    21    21    21    20    19    18    18    16    15    14    13    12    11    10     9     8     7     7     6
          5     5     4     4     3     3     2    37    37    37    37    37    37    37    37    37    37    37    37    37
         37    37    37    37    37    37    37    37    37
  53   1000   990   961   914   852   779   698   613   527   445   368   299   238   186   142   107    80    59    43    31
         23    18    14    12    11    10    10    10    10    11    12    13    14    15    16    18    19    20    21    21
         21    21    21    20    19    18    18    16    15    14    13    12    11    10     9     8     7     7     6     5
          5     4     4     3     3     2    37    37    37    37    37    37    37    37    37    37    37    37    37    37
         37    37    37    37    37    37    37    37
  54   1000   990   961   914   852   779   698   613   528   446   369   299   239   187   144   109    81    60    44    33
         25    20    16    14    13    12    12    12    13    14    15    16    17    19    21    22    23    24    24    25
         25    24    24    23    22    21    19    17    16    15    14    13    12    11    10     9     8     7     6     5
          5     4     4     3     3    44    44    44    44    44    44    44    44    44    44    44    44    44    44    44
         44    44    44    44    44    44    44
  55   1000   990   961   914   852   779   698   613   528   445   369   299   238   186   143   108    81    60    44    32
         24    19    15    13    11    11    11    11    12    13    14    15    17    18    19    20    21    22    22    22
         22    21    20    19    18    17    16    15    14    13    12    11    10     9     8     7     6     5     5     4
          4     3     3     3    39    39    39    39    39    39    39    39    39    39    39    39    39    39    39    39
         39    39    39    39    39    39
  56   1000   990   961   914   852   779   698   613   528   446   369   300   239   188   145   110    82    61    46    34
         26    21    17    15    14    13    14    14    15    17    18    20    21    23    24    25    26    26    26    26
         25    24    23    22    21    19    18    16    15    14    13    12    10     9     8     7     7     6     5     5
          4     4     3    47    47    47    47    47    47    47    47    47    47    47    47    47    47    47    47    47
         47    47    47    47    47
  57   1000   990   961   914   852   779   698   613   528   446   369   300   239   187   144   109    82    61    45    33
         25    20    16    14    13    13    13    14    15    16    18    20    21    22    23    24    24    25    24    24
         23    22    21    19    18    17    15    15    13    12    11    10     9     8     7     6     5     5     4     4
          3     3    44    44    44    44    44    44    44    44    44    44    44    44    44    44    44    44    44    44
         44    44    44    44
  58   1000   990   961   914   852   779   698   613   528   446   369   300   239   188   144   110    82    61    45    34
         26    20    17    15    14    14    15    16    17    19    20    22    24    25    25    26    26    26    25    24
         23    22    21    19    18    17    16    14    13    12    10     9     8     7     7     6     5     5     4     4
          3    47    47    47    47    47    47    47    47    47    47    47    47    47    47    47    47    47    47    47
         47    47    47
  59   1000   990   961   914   852   779   698   614   528   446   370   301   240   188   145   110    83    62    46    34
         26    21    18    16    16    16    17    18    20    22    24    25    26    27    28    28    28    27    26    25
         24    23    21    19    18    17    15    14    13    11    10     9     8     7     6     6     5     4     4     3
         51    51    51    51    51    51    51    51    51    51    51    51    51    51    51    51    51    51    51    51
         51    51
  60   1000   990   961   914   852   779   698   613   528   446   369   300   239   187   144   109    82    60    45    33
         25    20    17    16    15    16    17    19    20    22    24    25    26    27    27    27    27    26    25    24
         22    20    19    18    17    15    14    12    11    10     9     8     7     6     6     5     4     4     3    50
         50    50    50    50    50    50    50    50    50    50    50    50    50    50    50    50    50    50    50    50
         50
  61   1000   990   961   914   852   779   698   613   528   446   369   300   239   187   144   109    81    60    44    33
         25    20    18    17    17    18    19    21    23    25    26    27    28    29    29    28    27    26    25    24
         22    20    19    18    16    15    13    12    11    10     9     8     7     6     5     5     4     4    53    53
         53    53    53    53    53    53    53    53    53    53    53    53    53    53    53    53    53    53    53    53
  62   1000   990   961   914   852   779   698   613   528   446   369   300   239   187   143   108    81    60    44    33
         26    22    19    19    19    21    22    24    26    28    29    30    31    31    31    30    28    27    26    24
         22    21    20    18    16    15    13    12    10     9     8     7     7     6     5     4     4    58    58    58
         58    58    58    58    58    58    58    58    58    58    58    58    58    58    58    58    58    58    58
  63   1000   990   961   914   852   779   698   613   528   446   369   300   239   187   143   109    81    60    45    35
         28    24    22    22    23    25    27    29    31    32    33    34    34    34    33    32    31    29    27    25
         23    22    20    18    16    15    13    12    11     9     8     7     6     6     5     4    65    65    65    65
         65    65    65    65    65    65    65    65    65    65    65    65    65    65    65    65    65    65
  64   1000   990   961   914   852   779   698   613   528   446   369   299   239   187   143   109    82    61    46    37
         30    27    26    26    28    30    32    34    36    37    38    38    38    37    36    34    32    30    28    26
         25    23    21    19    17    15    13    12    11     9     8     7     6     6     5    74    74    74    74    74
         74    74    74    74    74    74    74    74    74    74    74    74    74    74    74    74    74
  65   1000   990   961   914   852   779   698   613   528   445   369   299   238   187   144   109    83    63    49    39
         34    31    31    32    34    36    39    40    42    43    43    43    42    40    39    37    34    32    30    28
         26    23    21    19    17    15    14    12    11     9     8     7     6     6    84    84    84    84    84    84
         84    84    84    84    84    84    84    84    84    84    84    84    84    84    84    84
  66   1000   990   961   914   852   779   698   613   528   445   369   299   239   187   144   110    84    65    52    44
         39    37    38    39    41    44    45    47    48    49    48    47    45    44    41    38    36    34    32    29
         27    24    22    19    17    15    14    12    11     9     8     7     6    95    95    95    95    95    95    95
         95    95    95    95    95    95    95    95    95    95    95    95    95    95    95
  67   1000   990   961   914   852   779   698   613   528   445   369   299   239   188   146   112    87    69    57    49
         46    45    46    47    49    51    53    54    55    54    53    51    49    46    43    41    38    36    33    30
         27    24    22    20    18    16    14    12    11     9     8     7   108   108   108   108   108   108   108   108
        108   108   108   108   108   108   108   108   108   108   108   108   108   108
  68   1000   990   961   914   852   779   698   613   528   445   369   300   240   189   148   116    92    75    63    57
         54    54    55    56    58    59    61    61    61    59    57    55    52    48    46    43    40    37    34    31
         28    25    22    20    18    16    14    12    11     9     8   123   123   123   123   123   123   123   123   123
        123   123   123   123   123   123   123   123   123   123   123   123   123
  69   1000   990   961   914   852   779   698   613   528   446   369   301   242   192   152   121    98    81    71    66
         64    63    64    65    66    67    68    67    66    63    61    58    54    51    48    45    41    38    34    31
         28    25    22    20    17    15    14    12    10     9   138   138   138   138   138   138   138   138   138   138
        138   138   138   138   138   138   138   138   138   138   138   138
  70   1000   990   961   914   852   779   698   613   528   446   371   303   245   196   157   127   105    91    81    76
         74    74    74    74    75    75    75    73    70    68    64    59    56    53    50    46    42    38    34    31
         28    25    22    19    17    15    13    12    10   154   154   154   154   154   154   154   154   154   154   154
        154   154   154   154   154   154   154   154   154   154   154
  71   1000   990   961   914   852   779   698   613   529   448   373   306   249   202   164   135   115   101    92    87
         85    84    83    83    83    82    80    77    74    70    65    61    58    55    50    46    42    38    34    30
         27    24    21    19    17    15    13    11   170   170   170   170   170   170   170   170   170   170   170   170
        170   170   170   170   170   170   170   170   170   170
  72   1000   990   961   914   852   779   698   614   530   450   376   311   255   209   172   145   125   112   103    98
         94    92    91    90    89    86    83    80    76    70    66    63    59    55    50    45    41    37    33    30
         26    23    21    18    16    14    12   186   186   186   186   186   186   186   186   186   186   186   186   186
        186   186   186   186   186   186   186   186   186
  73   1000   990   961   914   852   779   699   615   532   453   381   316   262   217   182   155   136   123   113   107
        102   100    98    96    92    88    85    81    75    71    67    64    59    54    49    44    40    36    32    28
         25    22    20    17    15    13   202   202   202   202   202   202   202   202   202   202   202   202   202   202
        202   202   202   202   202   202   202   202
  74   1000   990   961   914   853   780   700   617   535   457   386   323   269   226   192   165   146   132   122   114
        110   106   102    98    93    90    85    79    75    71    67    62    57    52    47    42    38    34    30    27
         24    21    19    16    14   216   216   216   216   216   216   216   216   216   216   216   216   216   216   216
        216   216   216   216   216   216   216
  75   1000   990   961   914   853   781   702   620   539   462   392   330   278   235   201   175   155   139   127   120
        114   108   103    98    94    88    82    78    73    70    65    59    54    49    44    40    36    32    29    25
         22    20    17    15   229   229   229   229   229   229   229   229   229   229   229   229   229   229   229   229
        229   229   229   229   229   229
  76   1000   990   961   915   854   783   704   624   544   468   399   338   287   244   210   182   161   144   132   123
        115   108   102    97    91    84    80    76    73    67    62    56    51    46    42    38    34    30    27    24
         21    18    16   242   242   242   242   242   242   242   242   242   242   242   242   242   242   242   242   242
        242   242   242   242   242
  77   1000   990   961   915   855   784   707   627   549   474   406   345   294   250   215   186   163   147   133   123
        113   105    99    93    85    81    77    74    69    63    58    53    48    43    39    35    31    28    25    22
         19    17   253   253   253   253   253   253   253   253   253   253   253   253   253   253   253   253   253   253
        253   253   253   253
  78   1000   990   962   916   856   786   710   631   553   479   411   350   298   254   217   187   164   146   131   119
        108   101    94    86    81    77    74    69    64    58    53    49    44    40    36    32    29    25    22    20
         17   262   262   262   262   262   262   262   262   262   262   262   262   262   262   262   262   262   262   262
        262   262   262
  79   1000   990   962   917   858   789   713   634   557   483   415   353   300   255   216   186   162   142   126   113
        104    95    86    81    77    74    69    64    59    54    49    45    41    37    33    29    26    23    20    18
        272   272   272   272   272   272   272   272   272   272   272   272   272   272   272   272   272   272   272   272
        272   272
  80   1000   990   962   918   859   790   715   637   559   485   416   354   300   253   214   183   157   136   119   108
         97    87    82    77    74    69    65    59    55    50    46    42    37    34    30    27    24    21    18   283
        283   283   283   283   283   283   283   283   283   283   283   283   283   283   283   283   283   283   283   283
        283
  81   1000   990   963   918   860   792   717   638   560   485   416   353   296   250   210   177   151   129   114   101
         89    82    77    75    69    65    60    55    51    46    42    38    35    31    28    24    22    19   294   294
        294   294   294   294   294   294   294   294   294   294   294   294   294   294   294   294   294   294   294   294
  82   1000   990   963   919   861   792   717   638   560   484   413   348   293   245   204   171   143   124   107    92
         85    79    75    70    65    60    56    51    47    43    39    35    32    28    25    22    20   308   308   308
        308   308   308   308   308   308   308   308   308   308   308   308   308   308   308   308   308   308   308
  83   1000   991   963   919   861   793   717   638   559   482   410   346   289   240   199   165   140   119   101    90
         83    78    72    67    62    57    53    49    45    41    37    33    30    26    23    21   327   327   327   327
        327   327   327   327   327   327   327   327   327   327   327   327   327   327   327   327   327   327
  84   1000   991   963   919   861   792   716   636   556   479   407   342   284   235   193   161   134   112    98    88
         82    75    69    63    59    54    50    46    42    38    34    31    27    24    22   346   346   346   346   346
        346   346   346   346   346   346   346   346   346   346   346   346   346   346   346   346   346
  85   1000   991   963   919   860   791   715   635   554   476   404   338   280   230   191   157   129   111    98    90
         80    73    67    61    56    52    48    44    40    36    32    29    26    23   370   370   370   370   370   370
        370   370   370   370   370   370   370   370   370   370   370   370   370   370   370   370
  86   1000   991   963   918   859   790   713   632   551   473   400   334   276   228   187   152   129   111    99    88
         79    71    64    59    54    50    45    41    37    33    30    27    24   394   394   394   394   394   394   394
        394   394   394   394   394   394   394   394   394   394   394   394   394   394   394
  87   1000   991   963   918   859   790   712   631   550   472   399   332   276   227   184   154   131   115   100    88
         77    69    63    57    52    47    43    39    35    31    28    25   423   423   423   423   423   423   423   423
        423   423   423   423   423   423   423   423   423   423   423   423   423   423
  88   1000   991   963   918   859   789   712   631   550   471   397   333   275   225   187   157   136   115    99    86
         76    68    61    55    50    45    41    36    33    29    26   452   452   452   452   452   452   452   452   452
        452   452   452   452   452   452   452   452   452   452   452   452   452
  89   1000   991   963   918   859   789   712   630   549   470   399   333   273   227   190   162   136   115    98    85
         74    66    59    52    47    42    38    34    30    27   477   477   477   477   477   477   477   477   477   477
        477   477   477   477   477   477   477   477   477   477   477   477
  90   1000   991   963   918   859   789   711   629   548   471   398   330   276   230   194   162   135   113    96    82
         71    63    55    49    44    39    34    31    27   499   499   499   499   499   499   499   499   499   499   499
        499   499   499   499   499   499   499   499   499   499   499
  91   1000   991   962   918   858   788   710   628   549   470   395   333   278   234   194   160   132   110    93    79
         68    59    51    45    40    35    31    27   515   515   515   515   515   515   515   515   515   515   515   515
        515   515   515   515   515   515   515   515   515   515
  92   1000   990   962   917   858   787   709   629   547   467   397   335   282   233   192   157   129   106    88    74
         63    54    47    40    35    31    27   523   523   523   523   523   523   523   523   523   523   523   523   523
        523   523   523   523   523   523   523   523   523
  93   1000   990   962   917   857   786   710   628   545   469   399   338   280   230   187   153   124   101    83    69
         58    49    41    35    31    27   523   523   523   523   523   523   523   523   523   523   523   523   523   523
        523   523   523   523   523   523   523   523
  94   1000   990   962   917   857   788   710   626   547   471   403   337   278   227   184   149   120    97    78    64
         53    44    37    31    27   524   524   524   524   524   524   524   524   524   524   524   524   524   524   524
        524   524   524   524   524   524   524
  95   1000   990   962   917   858   787   708   628   549   474   401   335   275   223   180   144   115    92    73    59
         48    39    33    27   516   516   516   516   516   516   516   516   516   516   516   516   516   516   516   516
        516   516   516   516   516   516
  96   1000   990   962   917   857   786   709   630   552   473   399   331   271   219   175   139   110    86    68    54
         43    35    28   501   501   501   501   501   501   501   501   501   501   501   501   501   501   501   501   501
        501   501   501   501   501
  97   1000   990   962   917   856   787   711   632   550   470   395   327   266   214   170   134   104    81    63    49
         38    31   480   480   480   480   480   480   480   480   480   480   480   480   480   480   480   480   480   480
        480   480   480   480
  98   1000   991   962   916   857   788   712   630   548   467   392   323   262   209   165   129    99    76    58    45
         34   455   455   455   455   455   455   455   455   455   455   455   455   455   455   455   455   455   455   455
        455   455   455
  99   1000   990   962   917   858   789   711   629   545   464   388   319   258   205   161   125    95    72    55    41
        433   433   433   433   433   433   433   433   433   433   433   433   433   433   433   433   433   433   433   433
        433   433
 100   1000   990   962   917   859   788   710   626   542   461   385   316   254   201   157   121    92    69    52   403
        403   403   403   403   403   403   403   403   403   403   403   403   403   403   403   403   403   403   403   403
        403
 101   1000   991   963   918   859   787   708   624   540   458   382   312   250   198   153   117    88    66   369   369
        369   369   369   369   369   369   369   369   369   369   369   369   369   369   369   369   369   369   369   369
 102   1000   991   963   918   858   786   706   622   538   456   379   309   248   195   151   115    86   346   346   346
        346   346   346   346   346   346   346   346   346   346   346   346   346   346   346   346   346   346   346
 103   1000   991   962   917   856   784   704   620   536   453   377   307   246   193   149   113   323   323   323   323
        323   323   323   323   323   323   323   323   323   323   323   323   323   323   323   323   323   323
 104   1000   990   962   916   855   783   702   618   533   451   375   305   244   191   148   305   305   305   305   305
        305   305   305   305   305   305   305   305   305   305   305   305   305   305   305   305   305
 105   1000   990   962   915   854   782   701   617   532   450   373   304   242   190   280   280   280   280   280   280
        280   280   280   280   280   280   280   280   280   280   280   280   280   280   280   280
 106   1000   990   961   915   854   781   701   616   531   449   372   303   241   255   255   255   255   255   255   255
        255   255   255   255   255   255   255   255   255   255   255   255   255   255   255
 107   1000   990   961   915   854   781   700   615   530   448   371   302   230   230   230   230   230   230   230   230
        230   230   230   230   230   230   230   230   230   230   230   230   230   230
 108   1000   990   961   915   853   780   700   615   530   448   371   208   208   208   208   208   208   208   208   208
        208   208   208   208   208   208   208   208   208   208   208   208   208
 109   1000   990   961   914   853   780   699   614   529   447   187   187   187   187   187   187   187   187   187   187
        187   187   187   187   187   187   187   187   187   187   187   187
 110   1000   990   961   914   853   780   699   614   529   168   168   168   168   168   168   168   168   168   168   168
        168   168   168   168   168   168   168   168   168   168   168
 111   1000   990   961   914   853   780   699   614   151   151   151   151   151   151   151   151   151   151   151   151
        151   151   151   151   151   151   151   151   151   151
 112   1000   990   961   914   853   779   699   134   134   134   134   134   134   134   134   134   134   134   134   134
        134   134   134   134   134   134   134   134   134
 113   1000   990   961   914   853   779   120   120   120   120   120   120   120   120   120   120   120   120   120   120
        120   120   120   120   120   120   120   120
 114   1000   990   961   914   852   106   106   106   106   106   106   106   106   106   106   106   106   106   106   106
        106   106   106   106   106   106   106
 115   1000   990   961   914    94    94    94    94    94    94    94    94    94    94    94    94    94    94    94    94
         94    94    94    94    94    94
 116   1000   990   961    83    83    83    83    83    83    83    83    83    83    83    83    83    83    83    83    83
         83    83    83    83    83
 117   1000   990    73    73    73    73    73    73    73    73    73    73    73    73    73    73    73    73    73    73
         73    73    73    73
 118   1000    64    64    64    64    64    64    64    64    64    64    64    64    64    64    64    64    64    64    64
         64    64    64
 119   1000  1000  1000  1000  1000  1000  1000  1000  1000  1000  1000  1000  1000  1000  1000  1000  1000  1000  1000  1000
       1000  1000
 120   1000  1000  1000  1000  1000  1000  1000  1000  1000  1000  1000  1000  1000  1000  1000  1000  1000  1000  1000  1000
       1000
 121   1000  1000  1000  1000  1000  1000  1000  1000  1000  1000  1000  1000  1000  1000  1000  1000  1000  1000  1000  1000
 122   1000  1000  1000  1000  1000  1000  1000  1000  1000  1000  1000  1000  1000  1000  1000  1000  1000  1000  1000
 123   1000  1000  1000  1000  1000  1000  1000  1000  1000  1000  1000  1000  1000  1000  1000  1000  1000  1000
 124   1000  1000  1000  1000  1000  1000  1000  1000  1000  1000  1000  1000  1000  1000  1000  1000  1000
 125   1000  1000  1000  1000  1000  1000  1000  1000  1000  1000  1000  1000  1000  1000  1000  1000
 126   1000  1000  1000  1000  1000  1000  1000  1000  1000  1000  1000  1000  1000  1000  1000
 127   1000  1000  1000  1000  1000  1000  1000  1000  1000  1000  1000  1000  1000  1000
 128   1000  1000  1000  1000  1000  1000  1000  1000  1000  1000  1000  1000  1000
 129   1000  1000  1000  1000  1000  1000  1000  1000  1000  1000  1000  1000
 130   1000  1000  1000  1000  1000  1000  1000  1000  1000  1000  1000
 131   1000  1000  1000  1000  1000  1000  1000  1000  1000  1000
 132   1000  1000  1000  1000  1000  1000  1000  1000  1000
 133   1000  1000  1000  1000  1000  1000  1000  1000
 134   1000  1000  1000  1000  1000  1000  1000
 135   1000  1000  1000  1000  1000  1000
 136   1000  1000  1000  1000  1000
 137   1000  1000  1000  1000
 138   1000  1000  1000
 139   1000  1000
 140   1000

 Finished!
