88" 33MeV Deuteron breakup on Ta, Clean Beam
  140    7    1    0    1
   0.00500  10.00000   0.00500   0.00100
   1.0000000   0   0 7.86600000E+03   1.0000000
AL27P    1.459E-20 0.040       0.00       0.00        (    )
AL27A    1.989E-20 0.023       0.00       0.00        (    )
NI582    3.633E-21 0.023       0.00       0.00        (    )
IN115N   8.741E-20 0.015       0.00       0.00        (    )
AU1972   2.844E-19 0.054       0.00       0.00        (    )
AU197G   7.796E-20 0.026       0.00 AUNG  3.70 BFX    (BEAM)
IN115G   9.254E-20 0.018       0.00 INNG 40.20 BFX    (BEAM)
Flux Uncertainty From MCNP Calculations
 140
 2.4700E-02 1.6000E-02 1.1500E-02 9.5000E-03 8.7000E-03 8.6000E-03 8.8000E-03
 9.5000E-03 1.1400E-02 1.5600E-02 2.3300E-02 3.5500E-02 5.2500E-02 7.4800E-02
 1.0200E-01 1.3430E-01 1.7230E-01 2.1610E-01 2.6760E-01 3.2730E-01 3.9570E-01
 4.7100E-01 5.5080E-01 6.3060E-01 7.0600E-01 7.7310E-01 8.2940E-01 8.7420E-01
 9.0830E-01 9.3330E-01 9.5080E-01 9.6270E-01 9.7080E-01 9.7580E-01 9.7840E-01
 9.7990E-01 9.8030E-01 9.7930E-01 9.7760E-01 9.7470E-01 9.7060E-01 9.6530E-01
 9.5860E-01 9.4990E-01 9.3890E-01 9.2550E-01 9.0880E-01 8.8870E-01 8.6460E-01
 8.3620E-01 8.0310E-01 7.6540E-01 7.2270E-01 6.7560E-01 6.2440E-01 5.7030E-01
 5.1390E-01 4.5690E-01 4.0030E-01 3.4580E-01 2.9450E-01 2.4740E-01 2.0520E-01
 1.6830E-01 1.3660E-01 1.0970E-01 8.7400E-02 6.8800E-02 5.3600E-02 4.1300E-02
 3.1300E-02 2.3500E-02 1.7900E-02 1.4000E-02 1.1500E-02 1.0300E-02 9.8000E-03
 1.0000E-02 1.0900E-02 1.2100E-02 1.3600E-02 1.4900E-02 1.5600E-02 1.5700E-02
 1.5000E-02 1.4000E-02 1.2900E-02 1.1500E-02 1.0300E-02 9.2000E-03 8.5000E-03
 8.1000E-03 7.9000E-03 8.0000E-03 8.0000E-03 8.2000E-03 8.5000E-03 9.0000E-03
 1.0100E-02 1.2700E-02 1.7100E-02 2.4500E-02 3.5900E-02 5.4800E-02 8.5300E-02
 1.3040E-01 1.9020E-01 2.6360E-01 3.4570E-01 4.3210E-01 5.1780E-01 5.9910E-01
 6.7280E-01 7.3750E-01 7.9250E-01 8.3810E-01 8.7500E-01 9.0440E-01 9.2710E-01
 9.4450E-01 9.5760E-01 9.6720E-01 9.7430E-01 9.7950E-01 9.8310E-01 9.8570E-01
 9.8750E-01 9.8910E-01 9.9020E-01 9.9090E-01 9.9170E-01 9.9230E-01 9.9290E-01
 9.9370E-01 9.9420E-01 9.9470E-01 9.9540E-01 9.9620E-01 9.9660E-01 9.9730E-01
 Input Flux Spectrum from MCNP Simulation
 140   0 4.060E+09 2.000E+01 5.000E-08
 9.6251E-09 1.5870E-09 1.1361E-08 3.0567E-08 2.6581E-08 2.0371E-08 1.6583E-08
 1.2747E-08 1.0481E-08 6.4583E-09 3.6700E-09 3.1382E-09 2.8979E-09 2.8239E-09
 2.1457E-09 1.3174E-09 1.2790E-09 4.1825E-10 8.9610E-11 9.9062E-11 1.1561E-10
 5.3038E-11 1.0262E-10 6.8522E-11 3.3472E-11 4.0350E-11 5.1745E-11 1.2804E-10
 1.6405E-10 1.3379E-10 2.4847E-10 7.1542E-10 4.9016E-10 3.3381E-10 3.2037E-10
 9.7224E-10 7.0972E-10 9.5237E-10 1.7993E-09 1.0639E-09 1.4756E-09 2.5546E-09
 1.9255E-09 4.0757E-09 5.6500E-09 3.9604E-09 3.3092E-09 1.0106E-08 1.1387E-08
 2.2207E-08 2.8299E-08 3.1952E-08 3.6122E-08 4.9199E-08 6.0040E-08 7.7267E-08
 1.0199E-07 8.3867E-08 1.3697E-07 1.9330E-07 3.3063E-07 3.9390E-07 4.9158E-07
 6.1222E-07 8.1734E-07 9.6848E-07 1.1670E-06 1.1981E-06 1.6870E-06 1.7728E-06
 4.5698E-06 4.4462E-06 4.0038E-06 3.5340E-06 3.1499E-06 4.1539E-06 3.6664E-06
 3.1640E-06 3.6863E-06 3.2588E-06 2.6054E-06 2.2421E-06 2.4525E-06 2.2621E-06
 1.9818E-06 2.4526E-06 2.1002E-06 2.2477E-06 2.5362E-06 3.9362E-06 4.7781E-06
 5.5392E-06 5.7155E-06 5.5808E-06 4.7599E-06 3.9071E-06 2.8759E-06 2.0087E-06
 1.2644E-06 7.0239E-07 4.2648E-07 2.2710E-07 8.9552E-08 4.4862E-08 2.7966E-08
 1.7611E-08 1.1842E-08 8.3685E-09 6.2712E-09 5.4355E-09 5.0884E-09 5.0768E-09
 5.4714E-09 5.5185E-09 5.2200E-09 4.6631E-09 3.4771E-09 1.1427E-09 5.2995E-10
 7.8603E-10 1.0615E-09 1.3452E-09 1.6267E-09 1.8954E-09 2.1435E-09 2.3653E-09
 2.5594E-09 2.7246E-09 2.8655E-09 2.9845E-09 3.0869E-09 3.1783E-09 3.2623E-09
 3.3443E-09 3.4266E-09 3.5126E-09 3.6027E-09 3.6980E-09 3.7995E-09 3.9044E-09
   17   15    9    9    9   10    7   14   14   36



                         ==============================
                               STAYSL PNNL OUTPUT
                         ==============================

 STAYSL PNNL, version 1.2.0, 2015-08-05


 SCENARIO TITLE: 88" 33MeV Deuteron breakup on Ta, Clean Beam
 -------------------------------------------------------------------------------
  NGROUP =   140    NRXN =     7    ACTIVITY NORM = 1.00000E+00

  COVARIANCE PARAMETERS (FCHN, FCVX, ACVX, FS)
    FLUXES:      WIDTH =  1.0000E+01   LONG RANGE COVAR. =  5.0000E-03
            ACTIVITIES =  5.0000E-03   X-SECT CROSS COR. =  1.0000E-03

    DETERM =   5.1636 × 10^   6.00      ERROR =  -9.6484E-17

  INPUT NORMALIZATION DATA
    AK1   =     1.00000     VAK        =     0.00003
    NORML =           0     RENORM     = 1.00000E+00
    CHI²  =    27.49005     NORM. CHI² =     4.58167

  DOSIMETRY ACTIVITIES
     ———— INPUTS —————  -UNADJUSTED FLUX-  — ADJUSTED FLUX —    CHI²  90% ACTIVITIES RANGE
 RXN  MEASURED     ±%   ACTIVITY    %DIFF  ACTIVITY    %DIFF  CONTRIB --LOW E-- --HIGH E--   REACTION          CVR
  1  1.459E-20    4.00  1.703E-20   16.69  1.703E-20   16.74   14.596  5.50E+00  1.60E+01  AL27(N,P)MG27           
  2  1.989E-20    2.30  1.829E-20   -8.04  1.830E-20   -7.99   12.162  8.20E+00  1.70E+01  AL27(N,A)NA24           
  3  3.633E-21    2.30  3.695E-21    1.70  3.695E-21    1.71    0.435  1.30E+01  2.00E+01  NI58(N,2N)NI57          
  4  8.741E-20    1.50  8.699E-20   -0.48  8.700E-20   -0.47    0.039  1.20E+00  1.30E+01  IN115(N,N')IN115M       
  5  2.844E-19    5.40  2.921E-19    2.71  2.923E-19    2.76    0.257  1.00E+01  1.70E+01  AU197(N,2N)AU196        
  6  7.796E-20    2.60  7.784E-20   -0.15  7.784E-20   -0.15    0.001  1.00E-10  1.60E+00  AU197(N,G)AU198         
  7  9.254E-20    1.80  9.254E-20    0.00  9.255E-20    0.01    0.000  1.00E-10  2.00E+00  IN115(N,G)IN116M        

             % STD. DEV.  =          7.68               7.69

                              CHECK INPUT, IT IS RATHER UNLIKELY !
                                   *** BEWARE OF OUTPUT ! ***


  DIFFERENTIAL FLUXES (input is normalized by a factor of 1.0000E+00)
                  —————— DIFFERENTIAL FLUX —————   ———— STD. DEV. % ————   INTEGRAL
 GRP    ENERGY        NEW         OLD      RATIO    NEW     OLD    RATIO   FLUX > E     ± %
   1  1.0000E-10  4.3420E+10  4.3420E+10   1.000    2.27    2.52   0.902  4.5079E+05    1.32
   2  1.0000E-09  7.1596E+08  7.1591E+08   1.000    1.49    1.68   0.887  4.5075E+05    1.32
   3  1.0000E-08  3.5484E+09  3.5481E+09   1.000    1.10    1.25   0.875  4.5074E+05    1.32
   4  2.3000E-08  4.5968E+09  4.5964E+09   1.000    0.93    1.07   0.867  4.5070E+05    1.32
   5  5.0000E-08  4.1512E+09  4.1507E+09   1.000    0.87    1.00   0.863  4.5057E+05    1.32
   6  7.6000E-08  2.1209E+09  2.1207E+09   1.000    0.86    0.99   0.860  4.5047E+05    1.32
   7  1.1500E-07  1.2243E+09  1.2241E+09   1.000    0.87    1.01   0.859  4.5038E+05    1.32
   8  1.7000E-07  6.0892E+08  6.0886E+08   1.000    0.92    1.07   0.859  4.5032E+05    1.32
   9  2.5500E-07  3.4045E+08  3.4042E+08   1.000    1.07    1.24   0.862  4.5026E+05    1.32
  10  3.8000E-07  1.5425E+08  1.5424E+08   1.000    1.42    1.64   0.868  4.5022E+05    1.32
  11  5.5000E-07  5.1379E+07  5.1380E+07   1.000    2.09    2.38   0.877  4.5020E+05    1.32
  12  8.4000E-07  2.9287E+07  2.9290E+07   1.000    3.18    3.58   0.887  4.5018E+05    1.32
  13  1.2750E-06  1.8821E+07  1.8825E+07   1.000    4.73    5.27   0.897  4.5017E+05    1.32
  14  1.9000E-06  1.2736E+07  1.2739E+07   1.000    6.79    7.50   0.906  4.5016E+05    1.32
  15  2.8000E-06  6.0060E+06  6.0080E+06   1.000    9.35   10.21   0.915  4.5015E+05    1.32
  16  4.2500E-06  2.6082E+06  2.6091E+06   1.000   12.42   13.44   0.924  4.5014E+05    1.32
  17  6.3000E-06  1.7900E+06  1.7906E+06   1.000   16.09   17.24   0.934  4.5013E+05    1.32
  18  9.2000E-06  3.9479E+05  3.9491E+05   1.000   20.38   21.62   0.943  4.5013E+05    1.32
  19  1.3500E-05  4.8500E+04  4.8509E+04   1.000   25.46   26.76   0.951  4.5012E+05    1.32
  20  2.1000E-05  4.4685E+04  4.4688E+04   1.000   31.41   32.73   0.960  4.5012E+05    1.32
  21  3.0000E-05  3.1294E+04  3.1292E+04   1.000   38.27   39.57   0.967  4.5012E+05    1.32
  22  4.5000E-05  8.9743E+03  8.9723E+03   1.000   45.86   47.10   0.974  4.5012E+05    1.32
  23  6.9000E-05  1.3445E+04  1.3440E+04   1.000   53.94   55.08   0.979  4.5012E+05    1.32
  24  1.0000E-04  7.9527E+03  7.9486E+03   1.001   62.04   63.06   0.984  4.5012E+05    1.32
  25  1.3500E-04  3.8852E+03  3.8828E+03   1.001   69.72   70.60   0.988  4.5012E+05    1.32
  26  1.7000E-04  3.2786E+03  3.2764E+03   1.001   76.57   77.31   0.990  4.5012E+05    1.32
  27  2.2000E-04  3.5038E+03  3.5014E+03   1.001   82.32   82.94   0.993  4.5012E+05    1.32
  28  2.8000E-04  6.5022E+03  6.4980E+03   1.001   86.91   87.42   0.994  4.5012E+05    1.32
  29  3.6000E-04  7.4046E+03  7.4005E+03   1.001   90.40   90.83   0.995  4.5012E+05    1.32
  30  4.5000E-04  4.3474E+03  4.3455E+03   1.000   92.96   93.33   0.996  4.5012E+05    1.32
  31  5.7500E-04  5.4546E+03  5.4529E+03   1.000   94.75   95.08   0.997  4.5012E+05    1.32
  32  7.6000E-04  1.4525E+04  1.4523E+04   1.000   95.97   96.27   0.997  4.5012E+05    1.32
  33  9.6000E-04  6.3174E+03  6.3176E+03   1.000   96.79   97.08   0.997  4.5012E+05    1.32
  34  1.2750E-03  4.1691E+03  4.1701E+03   1.000   97.30   97.58   0.997  4.5011E+05    1.32
  35  1.6000E-03  3.2503E+03  3.2518E+03   1.000   97.55   97.84   0.997  4.5011E+05    1.32
  36  2.0000E-03  5.6352E+03  5.6390E+03   0.999   97.69   97.99   0.997  4.5011E+05    1.32
  37  2.7000E-03  4.1126E+03  4.1164E+03   0.999   97.71   98.03   0.997  4.5011E+05    1.32
  38  3.4000E-03  3.5110E+03  3.5151E+03   0.999   97.57   97.93   0.996  4.5010E+05    1.32
  39  4.5000E-03  7.2945E+03  7.3052E+03   0.999   97.36   97.76   0.996  4.5010E+05    1.32
  40  5.5000E-03  2.5364E+03  2.5408E+03   0.998   97.02   97.47   0.995  4.5009E+05    1.32
  41  7.2000E-03  2.9893E+03  2.9955E+03   0.998   96.54   97.06   0.995  4.5009E+05    1.32
  42  9.2000E-03  3.6954E+03  3.7042E+03   0.998   95.93   96.53   0.994  4.5008E+05    1.32
  43  1.2000E-02  2.5988E+03  2.6058E+03   0.997   95.17   95.86   0.993  4.5007E+05    1.32
  44  1.5000E-02  4.1243E+03  4.1368E+03   0.997   94.18   94.99   0.991  4.5006E+05    1.32
  45  1.9000E-02  3.5172E+03  3.5291E+03   0.997   92.95   93.89   0.990  4.5005E+05    1.32
  46  2.5500E-02  2.4646E+03  2.4737E+03   0.996   91.45   92.55   0.988  4.5003E+05    1.32
  47  3.2000E-02  1.6727E+03  1.6794E+03   0.996   89.60   90.88   0.986  4.5001E+05    1.32
  48  4.0000E-02  3.2685E+03  3.2824E+03   0.996   87.39   88.87   0.983  4.5000E+05    1.32
  49  5.2500E-02  3.4091E+03  3.4245E+03   0.996   84.76   86.46   0.980  4.4996E+05    1.32
  50  6.6000E-02  4.0790E+03  4.0982E+03   0.995   81.69   83.62   0.977  4.4991E+05    1.32
  51  8.8000E-02  5.1974E+03  5.2225E+03   0.995   78.15   80.31   0.973  4.4982E+05    1.32
  52  1.1000E-01  5.1639E+03  5.1890E+03   0.995   74.15   76.54   0.969  4.4971E+05    1.31
  53  1.3500E-01  5.8382E+03  5.8662E+03   0.995   69.68   72.27   0.964  4.4958E+05    1.31
  54  1.6000E-01  6.6277E+03  6.6583E+03   0.995   64.80   67.56   0.959  4.4943E+05    1.30
  55  1.9000E-01  8.0904E+03  8.1254E+03   0.996   59.56   62.44   0.954  4.4923E+05    1.30
  56  2.2000E-01  8.9279E+03  8.9630E+03   0.996   54.08   57.03   0.948  4.4899E+05    1.29
  57  2.5500E-01  1.1790E+04  1.1831E+04   0.997   48.44   51.39   0.943  4.4868E+05    1.27
  58  2.9000E-01  1.1318E+04  1.1350E+04   0.997   42.81   45.69   0.937  4.4826E+05    1.26
  59  3.2000E-01  1.3871E+04  1.3902E+04   0.998   37.29   40.03   0.932  4.4792E+05    1.25
  60  3.6000E-01  1.9588E+04  1.9620E+04   0.998   32.04   34.58   0.926  4.4737E+05    1.23
  61  4.0000E-01  2.6819E+04  2.6847E+04   0.999   27.15   29.45   0.922  4.4659E+05    1.20
  62  4.5000E-01  3.1968E+04  3.1985E+04   0.999   22.71   24.74   0.918  4.4524E+05    1.16
  63  5.0000E-01  3.9913E+04  3.9916E+04   1.000   18.77   20.53   0.914  4.4365E+05    1.12
  64  5.5000E-01  4.9724E+04  4.9712E+04   1.000   15.35   16.84   0.912  4.4165E+05    1.08
  65  6.0000E-01  5.5333E+04  5.5307E+04   1.000   12.44   13.67   0.910  4.3916E+05    1.04
  66  6.6000E-01  6.5573E+04  6.5534E+04   1.001    9.98   10.98   0.909  4.3584E+05    0.99
  67  7.2000E-01  7.9017E+04  7.8967E+04   1.001    7.95    8.75   0.908  4.3191E+05    0.95
  68  7.8000E-01  8.1121E+04  8.1071E+04   1.001    6.26    6.90   0.908  4.2717E+05    0.91
  69  8.4000E-01  8.5661E+04  8.5615E+04   1.001    4.89    5.38   0.908  4.2230E+05    0.88
  70  9.2000E-01  9.0009E+04  8.9970E+04   1.000    3.78    4.16   0.908  4.1545E+05    0.85
  71  1.0000E+00  9.2798E+04  9.2767E+04   1.000    2.87    3.17   0.907  4.0825E+05    0.83
  72  1.2000E+00  9.0279E+04  9.0258E+04   1.000    2.17    2.40   0.905  3.8969E+05    0.79
  73  1.4000E+00  8.1290E+04  8.1277E+04   1.000    1.68    1.86   0.903  3.7163E+05    0.78
  74  1.6000E+00  7.1747E+04  7.1740E+04   1.000    1.34    1.49   0.900  3.5537E+05    0.77
  75  1.8000E+00  6.3946E+04  6.3943E+04   1.000    1.13    1.25   0.898  3.4102E+05    0.78
  76  2.0000E+00  5.6216E+04  5.6216E+04   1.000    1.03    1.14   0.898  3.2824E+05    0.78
  77  2.3000E+00  4.9615E+04  4.9619E+04   1.000    0.99    1.10   0.898  3.1137E+05    0.79
  78  2.6000E+00  4.2814E+04  4.2819E+04   1.000    1.01    1.12   0.900  2.9649E+05    0.80
  79  2.9000E+00  3.7407E+04  3.7416E+04   1.000    1.08    1.20   0.902  2.8364E+05    0.81
  80  3.3000E+00  3.3066E+04  3.3077E+04   1.000    1.19    1.31   0.905  2.6868E+05    0.82
  81  3.7000E+00  2.6433E+04  2.6445E+04   1.000    1.32    1.45   0.908  2.5545E+05    0.83
  82  4.1000E+00  2.2746E+04  2.2757E+04   0.999    1.43    1.57   0.910  2.4488E+05    0.83
  83  4.5000E+00  1.9904E+04  1.9914E+04   0.999    1.49    1.64   0.910  2.3578E+05    0.83
  84  5.0000E+00  1.8360E+04  1.8368E+04   1.000    1.50    1.65   0.908  2.2583E+05    0.83
  85  5.5000E+00  1.6088E+04  1.6092E+04   1.000    1.43    1.58   0.905  2.1665E+05    0.82
  86  6.0000E+00  1.4224E+04  1.4225E+04   1.000    1.34    1.49   0.900  2.0861E+05    0.82
  87  6.7000E+00  1.2182E+04  1.2181E+04   1.000    1.24    1.38   0.893  1.9865E+05    0.82
  88  7.4000E+00  1.1410E+04  1.1407E+04   1.000    1.11    1.25   0.885  1.9012E+05    0.81
  89  8.2000E+00  1.2876E+04  1.2871E+04   1.000    1.00    1.14   0.877  1.8099E+05    0.81
  90  9.0000E+00  1.5988E+04  1.5981E+04   1.000    0.91    1.05   0.868  1.7069E+05    0.81
  91  1.0000E+01  1.9409E+04  1.9399E+04   1.001    0.85    0.99   0.862  1.5470E+05    0.82
  92  1.1000E+01  2.2502E+04  2.2489E+04   1.001    0.82    0.95   0.857  1.3530E+05    0.83
  93  1.2000E+01  2.3219E+04  2.3205E+04   1.001    0.80    0.93   0.853  1.1279E+05    0.86
  94  1.3000E+01  2.2672E+04  2.2658E+04   1.001    0.80    0.94   0.852  8.9575E+04    0.90
  95  1.4000E+01  1.9336E+04  1.9325E+04   1.001    0.80    0.94   0.853  6.6903E+04    0.97
  96  1.5000E+01  1.5871E+04  1.5863E+04   1.001    0.82    0.96   0.856  4.7567E+04    1.09
  97  1.6000E+01  1.1681E+04  1.1676E+04   1.000    0.85    0.99   0.861  3.1696E+04    1.32
  98  1.7000E+01  8.1578E+03  8.1553E+03   1.000    0.89    1.03   0.868  2.0015E+04    1.75
  99  1.8000E+01  5.1343E+03  5.1335E+03   1.000    0.99    1.13   0.879  1.1857E+04    2.59
 100  1.9000E+01  2.8516E+03  2.8517E+03   1.000    1.22    1.36   0.893  6.7231E+03    4.18
 101  2.0000E+01  1.7309E+03  1.7315E+03   1.000    1.62    1.78   0.909  3.8715E+03    6.86
 102  2.1000E+01  9.2114E+02  9.2203E+02   0.999    2.31    2.50   0.926  2.1406E+03   11.89
 103  2.2000E+01  3.6287E+02  3.6358E+02   0.998    3.41    3.62   0.940  1.2195E+03   20.24
 104  2.3000E+01  1.8148E+02  1.8214E+02   0.996    5.24    5.50   0.952  8.5658E+02   28.32
 105  2.4000E+01  1.1281E+02  1.1354E+02   0.994    8.21    8.54   0.961  6.7510E+02   35.45
 106  2.5000E+01  7.0735E+01  7.1501E+01   0.989   12.65   13.05   0.969  5.6229E+02   41.96
 107  2.6000E+01  4.7291E+01  4.8079E+01   0.984   18.56   19.03   0.975  4.9156E+02   47.32
 108  2.7000E+01  3.3189E+01  3.3976E+01   0.977   25.84   26.36   0.980  4.4427E+02   51.60
 109  2.8000E+01  2.4688E+01  2.5461E+01   0.970   34.03   34.57   0.984  4.1108E+02   54.93
 110  2.9000E+01  2.1245E+01  2.2068E+01   0.963   42.67   43.21   0.987  3.8639E+02   57.55
 111  3.0000E+01  1.9764E+01  2.0659E+01   0.957   51.26   51.78   0.990  3.6514E+02   59.86
 112  3.1000E+01  1.9622E+01  2.0612E+01   0.952   59.43   59.91   0.992  3.4538E+02   62.03
 113  3.2000E+01  2.1076E+01  2.2214E+01   0.949   66.85   67.28   0.994  3.2576E+02   64.25
 114  3.3000E+01  2.1220E+01  2.2405E+01   0.947   73.37   73.75   0.995  3.0468E+02   66.80
 115  3.4000E+01  2.0064E+01  2.1193E+01   0.947   78.92   79.25   0.996  2.8346E+02   69.68
 116  3.5000E+01  1.7937E+01  1.8932E+01   0.947   83.53   83.81   0.997  2.6340E+02   72.84
 117  3.6000E+01  1.3397E+01  1.4117E+01   0.949   87.26   87.50   0.997  2.4546E+02   76.18
 118  3.7000E+01  4.4121E+00  4.6394E+00   0.951   90.23   90.44   0.998  2.3206E+02   79.05
 119  3.8000E+01  2.0513E+00  2.1516E+00   0.953   92.53   92.71   0.998  2.2765E+02   80.04
 120  3.9000E+01  3.0503E+00  3.1913E+00   0.956   94.30   94.45   0.998  2.2560E+02   80.47
 121  4.0000E+01  4.1296E+00  4.3097E+00   0.958   95.63   95.76   0.999  2.2255E+02   81.07
 122  4.1000E+01  5.2455E+00  5.4615E+00   0.960   96.61   96.72   0.999  2.1842E+02   81.82
 123  4.2000E+01  6.3563E+00  6.6044E+00   0.962   97.33   97.43   0.999  2.1317E+02   82.71
 124  4.3000E+01  7.4194E+00  7.6953E+00   0.964   97.86   97.95   0.999  2.0682E+02   83.71
 125  4.4000E+01  8.4030E+00  8.7026E+00   0.966   98.23   98.31   0.999  1.9940E+02   84.81
 126  4.5000E+01  9.2839E+00  9.6031E+00   0.967   98.49   98.57   0.999  1.9099E+02   85.99
 127  4.6000E+01  1.0056E+01  1.0391E+01   0.968   98.68   98.75   0.999  1.8171E+02   87.23
 128  4.7000E+01  1.0714E+01  1.1062E+01   0.969   98.84   98.91   0.999  1.7165E+02   88.51
 129  4.8000E+01  1.1276E+01  1.1634E+01   0.969   98.96   99.02   0.999  1.6094E+02   89.80
 130  4.9000E+01  1.1752E+01  1.2117E+01   0.970   99.03   99.09   0.999  1.4967E+02   91.09
 131  5.0000E+01  1.2163E+01  1.2533E+01   0.971   99.11   99.17   0.999  1.3791E+02   92.36
 132  5.1000E+01  1.2533E+01  1.2904E+01   0.971   99.17   99.23   0.999  1.2575E+02   93.58
 133  5.2000E+01  1.2875E+01  1.3245E+01   0.972   99.24   99.29   0.999  1.1322E+02   94.74
 134  5.3000E+01  1.3211E+01  1.3578E+01   0.973   99.32   99.37   1.000  1.0034E+02   95.82
 135  5.4000E+01  1.3552E+01  1.3912E+01   0.974   99.37   99.42   1.000  8.7131E+01   96.79
 136  5.5000E+01  1.3911E+01  1.4261E+01   0.975   99.43   99.47   1.000  7.3579E+01   97.66
 137  5.6000E+01  1.4289E+01  1.4627E+01   0.977   99.50   99.54   1.000  5.9668E+01   98.39
 138  5.7000E+01  1.4691E+01  1.5014E+01   0.978   99.59   99.62   1.000  4.5379E+01   98.99
 139  5.8000E+01  1.5121E+01  1.5426E+01   0.980   99.63   99.66   1.000  3.0688E+01   99.42
 140  5.9000E+01  1.5567E+01  1.5852E+01   0.982   99.71   99.73   1.000  1.5567E+01   99.71
      6.0000E+01

  INTEGRALS OF SPECTRA
    OLD SPECTRUM   4.5073E+05   ±    1.566 %
    NEW SPECTRUM   4.5079E+05   ±    1.321 %

  SUMMARY OF BROAD-GROUP FLUXES, FLUENCES, AND UNCERTAINTIES

    IRRAD TIME [S] = 7.86600000E+03   ACT NORM =  1.00000000E+00

       ENERGY       FLUX       FLUENCE      STDEV %
      thermal    5.9428E+02  4.6746E+06  ±   0.96     (0.100 meV – 0.550  eV)
     epithermal  4.9089E+02  3.8613E+06  ±  63.89     (0.550  eV – 110.0 keV)
        fast     4.4971E+05  3.5374E+09  ±   1.31     (110.0 keV –  20.0 MeV)
        fast     4.0825E+05  3.2113E+09  ±   0.82     (  1.0 MeV –  20.0 MeV)
        high     3.8715E+03  3.0453E+07  ±   6.86     ( 20.0 MeV –  60.0 MeV)

    MINI-SPECTRUM

       ENERGY       FLUX       FLUENCE      STDEV %
     1.0000E-10  6.6439E+02  5.2261E+06  ±   1.22
     9.2000E-06  9.9978E+00  7.8642E+04  ±  61.26
     9.6000E-04  3.2916E+01  2.5891E+05  ±  92.49
     9.2000E-03  2.6352E+02  2.0729E+06  ±  82.19
     8.8000E-02  2.4505E+03  1.9275E+07  ±  49.20
     3.6000E-01  3.1920E+04  2.5108E+08  ±  10.29
     9.2000E-01  1.0408E+05  8.1868E+08  ±   1.83
     2.3000E+00  1.5667E+05  1.2323E+09  ±   1.04
     1.0000E+01  1.5403E+05  1.2116E+09  ±   0.80
     2.4000E+01  6.7510E+02  5.3103E+06  ±  35.45
     6.0000E+01

       TOTAL     4.5079E+05  3.5459E+09  ±   1.32

    RELATIVE COVARIANCES (10×10)
     1000    77   -52  -122  -216  -263  -112    76   153     1
     1000   568    57   -34   -44   -28    -6     0     1
     1000   468    55   -33   -25    -5     0     0
     1000   579    32   -55   -17    -5     1
     1000   478    -9   -35   -13     2
     1000   541    19   -22     3
     1000   409    62     1
     1000   459    -7
     1000    38
     1000

  SPECTRAL-AVERAGED REACTION RATES (for all cross section library reactions)

        REACTIONS        SIG-PHI      <SIG>          REACTIONS        SIG-PHI      <SIG>          REACTIONS        SIG-PHI      <SIG>  
   ------------------  ----------  ----------   ------------------  ----------  ----------   ------------------  ----------  ----------
   LI6(N,A)T           6.8854E-19  1.5274E-24   FE58(N,G)FE59       1.3961E-21  3.0970E-27   IN115(N,N')IN115M   8.6996E-20  1.9299E-25
   B10(N,A)LI7         2.6416E-18  5.8599E-24   CO59(N,2N)CO58      7.8956E-20  1.7515E-25   IN115(N,2N)IN114M   1.6843E-19  3.7364E-25
   F19(N,2N)F18        4.9875E-21  1.1064E-26   CO59(N,3N)CO57      2.2739E-22  5.0443E-28   IN115(N,G)IN116M    2.0427E-19  4.5313E-25
   NA23(N,2N)NA22      4.4514E-21  9.8747E-27   CO59(N,G)CO60       2.5813E-20  5.7262E-26   I127(N,2N)I126      1.9292E-19  4.2796E-25
   NA23(N,G)NA24       4.4338E-22  9.8357E-28   CO59(N,P)FE59       9.1333E-21  2.0261E-26   LA139(N,G)LA140     7.6469E-21  1.6963E-26
   MG24(N,P)NA24       2.9587E-20  6.5634E-26   CO59(N,A)MN56       4.3031E-21  9.5458E-27   PR141(N,2N)PR140    2.1128E-19  4.6869E-25
   AL27(N,P)MG27       1.7033E-20  3.7784E-26   NI58(N,2N)NI57      3.6952E-21  8.1972E-27   TM169(N,2N)TM168    2.8806E-19  6.3900E-25
   AL27(N,A)NA24       1.8300E-20  4.0596E-26   NI58(N,P)CO58       1.2846E-19  2.8496E-25   TM169(N,3N)TM167    1.5608E-20  3.4624E-26
   SI28(N,P)AL28       4.7844E-20  1.0613E-25   NI60(N,P)CO60       2.3537E-20  5.2213E-26   TA181(N,G)TA182     3.5582E-20  7.8932E-26
   P31(N,P)SI31        3.4052E-20  7.5538E-26   CU63(N,2N)CU62      5.4380E-20  1.2063E-25   W186(N,G)W187       3.2773E-20  7.2702E-26
   S32(N,P)P32         8.1154E-20  1.8003E-25   CU63(N,G)CU64       5.6531E-21  1.2540E-26   AU197(N,2N)AU196    2.9226E-19  6.4832E-25
   TI46(N,2N)TI45      7.7891E-21  1.7279E-26   CU63(N,A)CO60       6.9710E-21  1.5464E-26   AU197(N,G)AU198     9.8702E-20  2.1895E-25
   TI46(N,P)SC46       5.3200E-20  1.1801E-25   CU65(N,2N)CU64      1.0571E-19  2.3450E-25   HG199(N,N')HG199M   1.5678E-19  3.4778E-25
   TI47(N,P)SC47       2.9863E-20  6.6245E-26   ZN64(N,P)CU64       5.3221E-20  1.1806E-25   PB204(N,N')PB204M   3.3945E-20  7.5302E-26
   TI47(N,X)SC46       8.6397E-21  1.9166E-26   ZN67(N,P)CU67       5.6458E-21  1.2524E-26   BI209(N,3N)BI207    1.9135E-20  4.2447E-26
   TI48(N,P)SC48       8.7669E-21  1.9448E-26   AS75(N,2N)AS74      1.1127E-19  2.4683E-25   TH232(N,FISSION)    9.6105E-20  2.1319E-25
   TI48(N,X)SC47       2.9149E-21  6.4661E-27   Y89(N,2N)Y88        9.5672E-20  2.1223E-25   TH232(N,G)TH233     2.3359E-20  5.1818E-26
   TI49(N,X)SC48       1.7823E-21  3.9537E-27   ZR90(N,2N)ZR89      7.5252E-20  1.6693E-25   U235(N,FISSION)     1.0615E-18  2.3546E-24
   V51(N,A)SC48        2.1172E-21  4.6966E-27   NB93(N,G)NB94       4.9013E-21  1.0873E-26   U235(N,G)U236       8.6227E-20  1.9128E-25
   CR52(N,2N)CR51      3.7438E-20  8.3050E-26   NB93(N,N')NB93M     6.2284E-20  1.3817E-25   U238(N,2N)U237      2.0744E-19  4.6016E-25
   MN55(N,2N)MN54      8.0200E-20  1.7791E-25   NB93(N,2N)NB92M     6.1184E-20  1.3573E-25   U238(N,FISSION)     3.1203E-19  6.9219E-25
   MN55(N,G)MN56       9.4155E-21  2.0887E-26   MO92(N,P)NB92M      1.9371E-20  4.2971E-26   U238(N,G)U239       1.7239E-20  3.8241E-26
   FE54(N,2N)FE53      2.5814E-21  5.7264E-27   RH103(N,N')RH103M   3.3461E-19  7.4227E-25   NP237(N,FISSION)    8.0581E-19  1.7875E-24
   FE54(N,P)MN54       1.0683E-19  2.3699E-25   AG109(N,G)AG110M    5.3759E-21  1.1925E-26   PU239(N,FISSION)    1.5665E-18  3.4749E-24
   FE54(N,A)CR51       1.3484E-20  2.9913E-26   IN113(N,N')IN113M   7.2267E-20  1.6031E-25   AM241(N,FISSION)    8.9567E-19  1.9869E-24
   FE56(N,P)MN56       1.7162E-20  3.8071E-26   IN113(N,G)IN114M    4.6374E-20  1.0287E-25   SC45(N,G)SC46       1.8951E-20  4.2039E-26

  INPUT FLUX REL. CORRELATION MATRIX (by row from diagonal)
   1   1000   985   943   885   823   760   693   624   553   476   394   317   250   194   148   111    81    59    42    30
         20    14    10     7     4     3     2     2     1     1     1     1     1     1     1     1     1     1     1     1
          1     1     1     1     1     1     1     1     1     1     1     1     1     1     2     2     2     2     2     3
          3     4     5     6     7     9    11    14    18    24    31    41    53    67    79    87    90    89    83    76
         68    63    61    60    63    67    72    79    87    95   101   104   106   105   105   103   101    96    88    73
         56    40    27    18    12     8     5     4     3     2     2     2     1     1     1     1     1     1     1     1
          1     1     1     1     1     1     1     1     1     1     1     1     1     1     1     1     1     1     1     1

  OUTPUT FLUX REL. CORRELATION MATRIX (by row from diagonal)
   1   1000   983   932   860   782   700   613   524   432   335   237   148    74    16   -28   -59   -81   -93   -98   -98
        -94   -87   -79   -71   -63   -56   -49   -44   -40   -36   -34   -33   -33   -33   -34   -35   -36   -38   -41   -44
        -47   -51   -55   -60   -65   -71   -77   -84   -92  -100  -108  -116  -125  -134  -143  -151  -159  -166  -173  -178
       -183  -185  -186  -186  -183  -178  -171  -162  -151  -137  -121  -102   -80   -57   -34   -16    -2     5     9    12
         14    17    21    26    32    38    45    52    60    67    73    76    78    77    77    75    73    69    62    50
         37    25    17    10     6     3     2     1     1     1     0     0     0     0     0     0     0     0     0     0
          0     0     0     0     0     0     0     0     0     0     0     0     0     0     0     0     1     1     1     1
   2   1000   982   938   880   812   733   647   551   443   330   226   138    67    11   -29   -59   -78   -88   -92   -91
        -86   -80   -72   -65   -58   -51   -46   -42   -38   -36   -35   -35   -35   -36   -37   -39   -41   -44   -47   -50
        -54   -59   -64   -70   -76   -83   -91   -99  -107  -116  -126  -135  -145  -154  -163  -172  -180  -187  -193  -198
       -201  -202  -201  -198  -192  -184  -173  -159  -142  -121   -96   -67   -35    -4    18    35    43    44    43    41
         41    43    48    55    64    73    85    97   110   119   125   128   127   127   124   120   114   102    81    58
         38    24    13     6     2     0     0     0     0     0     0     0     0     0     0     0     0     0     0     0
          0     0     0     0     0     0     0     0     0     1     1     1     1     1     1     1     1     1     1
   3   1000   986   951   901   837   758   664   549   425   309   210   127    61    10   -27   -54   -71   -79   -82   -81
        -76   -71   -64   -57   -51   -46   -42   -39   -37   -36   -35   -36   -37   -38   -40   -42   -45   -48   -52   -57
        -61   -67   -73   -80   -87   -95  -104  -113  -122  -132  -142  -152  -162  -172  -181  -190  -197  -204  -209  -212
       -213  -212  -208  -202  -192  -180  -163  -143  -118   -86   -49    -9    29    57    76    84    81    76    69    66
         67    71    80    91   103   119   136   154   167   175   180   178   178   175   169   160   143   113    81    52
         31    16     6     1     0    -2    -2    -2    -2    -1    -1    -1     0     0     0     0     0     0     0     0
          0     0     0     0     0     0     0     0     1     1     1     1     1     1     1     1     1     1
   4   1000   989   959   911   845   757   643   515   393   287   196   121    60    13   -21   -45   -60   -68   -70   -69
        -66   -61   -55   -50   -46   -42   -39   -37   -36   -36   -36   -37   -39   -41   -43   -46   -49   -53   -58   -63
        -69   -75   -82   -89   -98  -106  -116  -125  -135  -146  -156  -167  -177  -186  -195  -203  -210  -215  -218  -219
       -218  -214  -207  -197  -183  -165  -143  -114   -78   -36     9    53    84   105   112   107    99    89    84    83
         87    97   109   123   143   163   184   200   210   215   213   214   209   202   192   171   135    96    61    36
         18     6     0    -2    -3    -3    -3    -3    -2    -2    -1    -1     0     0     0     0     0     0     0     0
          0     0     0     0     0     0     1     1     1     1     1     1     1     1     1     1     1
   5   1000   990   960   910   835   729   604   481   371   274   191   121    65    21   -10   -33   -47   -55   -58   -58
        -55   -52   -48   -44   -41   -39   -37   -36   -36   -36   -37   -39   -41   -44   -47   -50   -54   -59   -64   -70
        -76   -83   -91   -99  -108  -118  -128  -138  -148  -159  -170  -180  -190  -199  -207  -214  -219  -222  -224  -222
       -218  -211  -200  -186  -167  -144  -113   -76   -31    17    64    97   118   125   119   110    99    92    91    95
        105   118   133   154   176   199   216   227   233   231   231   226   219   207   185   146   103    66    38    19
          7     0    -2    -4    -4    -4    -3    -3    -2    -2    -1    -1     0     0     0     0     0     0     0     0
          0     0     0     0     0     1     1     1     1     1     1     1     1     1     1     1
   6   1000   990   958   900   808   693   575   464   363   273   195   129    75    33     2   -19   -34   -42   -46   -47
        -46   -44   -42   -40   -38   -37   -36   -36   -37   -38   -39   -42   -44   -47   -51   -55   -59   -65   -70   -77
        -84   -92  -100  -110  -119  -129  -140  -150  -161  -172  -182  -192  -202  -210  -217  -222  -226  -227  -225  -221
       -214  -203  -189  -170  -146  -115   -77   -32    17    64    98   120   127   120   111   100    93    92    96   106
        120   135   156   178   201   219   230   236   234   234   229   221   210   187   147   105    66    39    19     7
          0    -2    -4    -4    -4    -3    -3    -2    -2    -1    -1     0     0     0     0     0     0     0     0     0
          0     0     0     0     1     1     1     1     1     1     1     1     1     1     1
   7   1000   989   951   878   778   668   561   459   365   280   205   141    89    48    16    -5   -20   -30   -35   -38
        -38   -38   -37   -36   -36   -36   -36   -37   -38   -40   -42   -45   -48   -51   -55   -60   -65   -71   -78   -85
        -93  -101  -110  -120  -130  -141  -151  -162  -173  -184  -194  -203  -211  -218  -224  -227  -228  -227  -223  -216
       -205  -191  -172  -148  -118   -80   -35    13    60    93   115   122   116   108    97    91    90    94   104   117
        132   153   175   198   215   225   231   229   230   225   217   206   184   145   103    65    38    19     7     0
         -2    -3    -4    -3    -3    -2    -2    -1    -1    -1     0     0     0     0     0     0     0     0     0     0
          0     0     0     1     1     1     1     1     1     1     1     1     1     1
   8   1000   986   937   857   762   663   564   468   378   294   221   158   106    64    32     9    -7   -18   -25   -29
        -32   -33   -34   -34   -35   -35   -37   -38   -40   -42   -45   -48   -52   -56   -60   -66   -71   -78   -85   -93
       -102  -111  -121  -131  -141  -152  -163  -174  -184  -194  -204  -212  -219  -224  -228  -229  -228  -224  -217  -206
       -192  -174  -151  -122   -85   -42     4    48    81   102   109   105    97    88    83    83    87    97   110   124
        144   164   185   201   211   217   215   215   210   203   193   172   136    97    62    36    18     7     0    -2
         -3    -3    -3    -3    -2    -2    -1    -1     0     0     0     0     0     0     0     0     0     0     0     0
          0     0     1     1     1     1     1     1     1     1     1     1     1
   9   1000   982   930   856   771   679   585   491   401   318   244   180   127    83    50    24     5    -7   -16   -23
        -27   -29   -31   -33   -35   -36   -38   -40   -42   -45   -48   -52   -56   -61   -66   -72   -78   -85   -93  -102
       -111  -121  -131  -141  -152  -163  -173  -184  -194  -203  -211  -218  -224  -227  -228  -227  -223  -217  -207  -194
       -177  -155  -129   -96   -58   -16    23    53    72    81    79    74    68    66    67    72    81    92   105   122
        139   157   170   178   183   181   182   178   172   163   145   115    82    53    32    17     7     1     0    -1
         -2    -2    -1    -1    -1     0     0     0     0     0     0     0     0     0     0     0     0     0     0     0
          1     1     1     1     1     1     1     1     1     1     1     1
  10   1000   982   936   871   793   706   613   520   430   346   270   204   149   103    67    39    18     2    -9   -17
        -23   -27   -30   -33   -35   -37   -39   -42   -45   -48   -51   -55   -60   -65   -71   -77   -84   -92  -100  -109
       -119  -129  -139  -149  -160  -171  -181  -190  -199  -207  -214  -219  -223  -224  -223  -219  -213  -205  -193  -178
       -159  -137  -110   -79   -45   -12    12    30    39    41    41    40    40    43    49    57    66    76    88   101
        114   123   129   133   132   131   129   124   118   105    84    61    40    25    14     7     3     1     0     0
          0     0     0     0     0     0     0     0     0     0     0     0     0     0     0     0     0     0     1     1
          1     1     1     1     1     1     1     1     1     1     1
  11   1000   985   945   886   812   727   636   543   453   369   292   225   168   120    82    51    28    10    -2   -12
        -19   -25   -29   -32   -35   -38   -41   -43   -46   -50   -54   -58   -63   -69   -75   -82   -89   -97  -106  -115
       -124  -134  -144  -154  -164  -174  -183  -192  -199  -205  -210  -213  -215  -214  -211  -205  -198  -187  -175  -159
       -141  -120   -95   -69   -44   -24    -8     1     6    10    12    16    21    27    33    41    48    56    64    72
         78    82    84    83    83    81    78    74    66    54    40    28    18    11     7     4     3     2     1     1
          1     1     0     0     0     0     0     0     0     0     0     0     0     1     1     1     1     1     1     1
          1     1     1     1     1     1     1     1     1     1
  12   1000   987   950   894   822   740   650   559   469   385   309   241   182   133    93    61    36    16     2    -8
        -17   -23   -28   -32   -35   -38   -41   -44   -48   -51   -56   -60   -66   -71   -78   -85   -92  -100  -109  -118
       -127  -137  -146  -156  -165  -174  -181  -188  -194  -199  -202  -203  -202  -199  -194  -188  -179  -168  -155  -140
       -123  -104   -84   -65   -48   -34   -24   -17   -11    -5     0     5    11    17    22    28    33    38    42    45
         47    48    48    48    47    45    42    38    32    25    18    13     9     7     5     4     3     2     2     2
          1     1     1     1     1     1     1     1     1     1     1     1     1     1     1     1     1     1     1     1
          1     1     0     0     0     0     0     0     0
  13   1000   988   953   899   829   748   660   570   482   398   321   253   194   143   102    68    42    21     5    -6
        -15   -22   -27   -31   -35   -38   -42   -45   -49   -53   -57   -62   -68   -74   -80   -87   -95  -103  -112  -120
       -129  -138  -147  -155  -163  -171  -177  -183  -187  -189  -190  -190  -187  -182  -176  -168  -158  -147  -135  -121
       -106   -90   -74   -60   -48   -38   -30   -22   -15    -9    -3     2     7    11    15    19    22    24    25    26
         27    27    26    26    25    23    21    18    15    12    10     8     6     5     4     4     3     3     2     2
          2     1     1     1     1     1     1     1     1     1     1     1     1     1     1     1     1     0     0     0
          0     0     0     0     0     0     0     0
  14   1000   988   955   902   833   754   668   579   492   408   331   263   202   151   109    74    46    25     8    -4
        -13   -21   -27   -31   -35   -39   -42   -46   -50   -54   -58   -64   -69   -75   -82   -89   -97  -105  -113  -121
       -129  -138  -146  -153  -160  -166  -171  -174  -177  -177  -177  -174  -170  -164  -157  -148  -138  -127  -115  -103
        -90   -77   -65   -54   -45   -36   -28   -20   -14    -7    -2     1     5     8    10    12    13    13    14    14
         14    13    13    12    12    11    10    10     9     8     7     6     5     4     4     3     3     2     2     2
          2     1     1     1     1     1     1     1     1     1     1     1     1     1     0     0     0     0     0     0
          0     0     0     0     0     0     0
  15   1000   989   956   904   837   759   674   587   500   417   340   270   209   157   114    78    49    27    10    -2
        -12   -20   -26   -31   -35   -39   -42   -46   -50   -55   -59   -65   -70   -77   -83   -90   -98  -105  -113  -121
       -128  -135  -142  -148  -154  -158  -162  -164  -164  -163  -161  -157  -151  -145  -137  -128  -118  -108   -97   -86
        -75   -65   -55   -46   -38   -30   -22   -16   -10    -5    -1     1     4     5     6     6     6     6     6     6
          6     6     5     5     5     6     6     6     6     6     6     5     4     4     3     3     2     2     2     2
          1     1     1     1     1     1     1     1     1     1     1     0     0     0     0     0     0     0     0     0
          0     0     0     0     0     0
  16   1000   989   957   906   841   764   680   593   507   424   346   276   215   162   117    81    52    29    11    -1
        -11   -19   -25   -30   -35   -38   -42   -46   -50   -55   -60   -65   -71   -77   -84   -90   -97  -104  -111  -118
       -125  -131  -137  -142  -146  -149  -150  -151  -150  -147  -144  -139  -132  -125  -117  -109  -100   -90   -81   -71
        -62   -53   -45   -37   -30   -22   -16   -11    -6    -3     0     1     2     2     2     2     2     2     2     1
          1     1     1     1     3     4     5     5     5     5     5     4     4     3     3     2     2     2     2     1
          1     1     1     1     1     1     1     1     1     0     0     0     0     0     0     0     0     0     0     0
          0     0     0     0     0
  17   1000   989   958   908   844   768   685   598   512   429   351   281   218   165   120    83    54    31    13     0
        -10   -18   -25   -30   -34   -38   -42   -46   -50   -55   -60   -65   -71   -77   -83   -89   -96  -102  -108  -114
       -120  -125  -129  -133  -135  -137  -137  -136  -134  -130  -125  -120  -113  -106   -99   -91   -82   -74   -66   -58
        -50   -43   -35   -28   -21   -16   -10    -6    -3    -1     0     0     0     0     0     0     0     0     0     0
         -1    -1     0     1     2     4     5     5     5     4     4     3     3     3     2     2     2     1     1     1
          1     1     1     1     1     1     1     0     0     0     0     0     0     0     0     0     0     0     0     0
          0     0     0     0
  18   1000   989   959   910   846   771   689   603   516   433   355   284   221   167   122    85    55    32    14     0
         -9   -17   -24   -29   -33   -37   -41   -45   -50   -54   -59   -64   -70   -75   -81   -87   -93   -98  -104  -109
       -113  -117  -120  -122  -123  -123  -122  -120  -117  -113  -107  -101   -95   -88   -81   -74   -67   -60   -53   -46
        -39   -33   -26   -20   -14   -10    -6    -4    -2     0     0     0     0    -1    -1    -2    -1    -2    -2    -2
         -2    -1     0     2     3     4     4     4     4     4     3     3     2     2     2     2     1     1     1     1
          1     1     1     1     1     0     0     0     0     0     0     0     0     0     0     0     0     0     0     0
          0     0     0
  19   1000   990   959   911   848   774   692   606   519   436   357   286   223   169   124    87    57    33    15     2
         -8   -16   -22   -28   -32   -36   -40   -44   -49   -53   -58   -63   -68   -73   -78   -83   -88   -93   -97  -101
       -105  -107  -109  -110  -110  -109  -107  -104  -100   -95   -90   -84   -78   -72   -66   -60   -54   -47   -41   -35
        -29   -24   -18   -13    -9    -6    -3    -2    -1     0    -1    -1    -2    -2    -2    -2    -3    -3    -3    -2
         -2     0     1     2     3     4     4     4     3     3     3     2     2     2     1     1     1     1     1     1
          1     1     1     0     0     0     0     0     0     0     0     0     0     0     0     0     0     0     0     0
          0     0
  20   1000   990   960   912   850   775   694   608   521   437   359   288   225   170   125    88    58    35    17     3
         -7   -15   -21   -26   -31   -35   -39   -43   -47   -51   -56   -60   -65   -69   -74   -78   -83   -86   -90   -93
        -95   -96   -97   -97   -96   -94   -91   -88   -84   -79   -74   -69   -63   -58   -52   -47   -42   -37   -31   -26
        -21   -16   -12    -8    -5    -3    -2    -1    -1    -1    -2    -2    -2    -3    -3    -3    -3    -3    -3    -2
          0     1     2     3     3     3     3     3     3     2     2     2     1     1     1     1     1     1     1     1
          1     0     0     0     0     0     0     0     0     0     0     0     0     0     0     0     0     0     0     0
          0
  21   1000   990   960   913   851   777   695   609   522   438   360   289   226   171   126    89    59    36    18     4
         -5   -13   -20   -25   -29   -33   -37   -41   -45   -49   -53   -57   -61   -65   -69   -73   -76   -79   -81   -83
        -85   -85   -85   -84   -82   -80   -76   -73   -69   -64   -59   -55   -50   -46   -41   -36   -32   -27   -23   -18
        -14   -10    -7    -5    -3    -2    -1    -1    -1    -2    -2    -2    -3    -3    -3    -3    -3    -3    -2     0
          0     2     2     3     3     3     3     2     2     2     2     1     1     1     1     1     1     1     1     0
          0     0     0     0     0     0     0     0     0     0     0     0     0     0     0     0     0     0     0     0
  22   1000   990   960   913   851   777   695   609   523   439   361   289   226   172   127    90    61    37    19     6
         -4   -12   -18   -23   -28   -32   -35   -39   -43   -46   -50   -53   -57   -60   -63   -66   -69   -71   -72   -74
        -74   -74   -73   -71   -69   -66   -63   -59   -55   -51   -47   -43   -39   -35   -31   -28   -24   -20   -16   -12
         -9    -6    -4    -2    -1    -1    -1    -1    -1    -2    -2    -2    -2    -3    -3    -3    -2    -2     0     0
          1     2     3     3     3     2     2     2     2     1     1     1     1     1     1     1     0     0     0     0
          0     0     0     0     0     0     0     0     0     0     0     0     0     0     0     0     0     0     0
  23   1000   990   961   914   851   778   696   610   523   439   361   290   227   173   128    91    62    39    21     7
         -2   -10   -17   -22   -26   -30   -33   -37   -40   -43   -46   -49   -52   -55   -57   -60   -61   -63   -63   -64
        -63   -63   -61   -59   -57   -54   -51   -47   -44   -40   -37   -34   -30   -27   -24   -20   -17   -13   -10    -7
         -5    -3    -2    -1    -1     0    -1    -1    -2    -2    -2    -2    -2    -2    -2    -2    -1     0     0     1
          2     2     2     2     2     2     2     1     1     1     1     1     1     1     0     0     0     0     0     0
          0     0     0     0     0     0     0     0     0     0     0     0     0     0     0     0     0     0
  24   1000   990   961   914   851   778   696   610   523   440   361   290   228   174   129    92    63    40    22     8
         -1    -9   -15   -20   -24   -28   -31   -34   -37   -40   -42   -45   -47   -50   -51   -53   -54   -55   -55   -55
        -54   -52   -51   -48   -46   -43   -40   -37   -34   -31   -28   -26   -23   -20   -17   -14   -11    -8    -6    -4
         -3    -1    -1     0     0     0    -1    -1    -1    -2    -2    -2    -2    -2    -2    -1     0     0     1     2
          2     2     2     2     2     1     1     1     1     1     1     1     0     0     0     0     0     0     0     0
          0     0     0     0     0     0     0     0     0     0     0     0     0     0     0     0     0
  25   1000   990   961   914   851   778   696   610   523   440   362   291   228   175   130    93    64    41    23    10
          0    -8   -14   -18   -22   -26   -29   -32   -34   -37   -39   -41   -43   -44   -46   -46   -47   -47   -47   -46
        -45   -43   -41   -39   -37   -34   -32   -29   -27   -24   -22   -19   -17   -14   -12    -9    -7    -5    -3    -2
         -1     0     0     0     0    -1    -1    -1    -1    -1    -1    -1    -1    -1    -1     0     0     1     1     2
          2     2     1     1     1     1     1     1     1     1     0     0     0     0     0     0     0     0     0     0
          0     0     0     0     0     0     0     0     0     0     0     0     0     0     0     0
  26   1000   990   961   914   851   777   696   610   523   440   362   291   229   175   131    94    65    42    24    11
          0    -6   -12   -17   -21   -24   -27   -29   -31   -33   -35   -37   -38   -39   -40   -41   -41   -40   -40   -39
        -37   -36   -34   -32   -29   -27   -25   -23   -21   -18   -16   -14   -12   -10    -8    -6    -4    -3    -1    -1
          0     0     0     0     0     0    -1    -1    -1    -1    -1    -1    -1     0     0     0     1     1     1     1
          1     1     1     1     1     1     1     1     0     0     0     0     0     0     0     0     0     0     0     0
          0     0     0     0     0     0     0     0     0     0     0     0     0     0     0
  27   1000   990   961   914   851   777   696   610   524   440   362   292   230   176   131    95    66    43    25    12
          1    -5   -11   -16   -19   -22   -25   -27   -29   -31   -32   -33   -34   -35   -35   -35   -35   -35   -34   -33
        -31   -29   -28   -26   -24   -22   -20   -18   -16   -14   -12   -10    -8    -7    -5    -3    -2    -1     0     0
          0     0     0     0     0     0     0     0     0     0     0     0     0     0     0     1     1     1     1     1
          1     1     1     1     1     1     0     0     0     0     0     0     0     0     0     0     0     0     0     0
          0     0     0     0     0     0     0     0     0     0     0     0     0     0
  28   1000   990   961   913   851   777   696   610   524   441   363   292   230   177   132    95    66    43    26    12
          2    -5   -10   -15   -18   -21   -23   -25   -27   -28   -29   -30   -31   -31   -31   -31   -31   -30   -29   -27
        -26   -24   -23   -21   -19   -17   -16   -14   -12   -11    -9    -7    -6    -4    -3    -2    -1     0     0     0
          0     0     0     0     0     0     0     0     0     0     0     0     0     0     1     1     1     1     1     1
          1     1     1     1     0     0     0     0     0     0     0     0     0     0     0     0     0     0     0     0
          0     0     0     0     0     0     0     0     0     0     0     0     0
  29   1000   990   961   913   851   777   696   610   524   441   363   292   230   177   132    96    67    44    26    13
          2    -4   -10   -14   -17   -20   -22   -24   -25   -26   -27   -28   -28   -28   -28   -28   -27   -26   -25   -24
        -22   -20   -19   -17   -16   -14   -12   -11    -9    -8    -6    -5    -4    -2    -1    -1     0     0     0     0
          0     0     0     0     0     0     0     0     0     0     0     0     0     1     1     1     1     1     1     1
          1     1     1     0     0     0     0     0     0     0     0     0     0     0     0     0     0     0     0     0
          0     0     0     0     0     0     0     0     0     0     0     0
  30   1000   990   961   913   851   777   696   610   524   441   363   293   231   177   132    96    67    44    26    13
          3    -4   -10   -14   -17   -20   -22   -23   -24   -25   -26   -26   -26   -26   -26   -25   -24   -23   -22   -21
        -19   -18   -16   -15   -13   -12   -10    -9    -7    -6    -5    -3    -2    -1     0     0     0     0     0     0
          0     0     0     0     0     0     0     0     0     0     0     0     1     1     1     1     1     1     1     1
          1     0     0     0     0     0     0     0     0     0     0     0     0     0     0     0     0     0     0     0
          0     0     0     0     0     0     0     0     0     0     0
  31   1000   990   961   913   851   778   696   610   524   441   363   293   231   177   132    96    67    44    26    12
          2    -4   -10   -14   -17   -20   -21   -23   -24   -24   -25   -25   -25   -25   -24   -23   -22   -21   -20   -18
        -17   -15   -14   -13   -11   -10    -8    -7    -6    -4    -3    -2    -1     0     0     0     0     0     0     0
          0     0     0     0     0     0     0     0     0     0     0     1     1     1     1     1     1     1     1     1
          0     0     0     0     0     0     0     0     0     0     0     0     0     0     0     0     0     0     0     0
          0     0     0     0     0     0     0     0     0     0
  32   1000   990   961   913   851   778   696   610   524   441   363   293   230   177   132    95    66    43    25    12
          2    -5   -10   -15   -18   -20   -22   -23   -24   -24   -25   -25   -24   -24   -23   -22   -21   -20   -18   -17
        -15   -14   -12   -11   -10    -8    -7    -6    -4    -3    -2    -1     0     0     0     0     0     0     0     0
          0     0     0     0     0     0     0     0     0     0     1     1     1     1     1     1     1     1     1     0
          0     0     0     0     0     0     0     0     0     0     0     0     0     0     0     0     0     0     0     0
          0     0     0     0     0     0     0     0     0
  33   1000   990   961   913   851   778   696   610   524   441   363   292   230   176   132    95    65    42    24    11
          1    -6   -12   -16   -19   -21   -22   -23   -24   -25   -25   -24   -24   -23   -22   -21   -20   -19   -17   -16
        -14   -13   -11   -10    -9    -7    -6    -4    -3    -2    -1     0     0     0     0     0     0     0     0     0
          0     0     0     0     0     0     0     0     0     1     1     1     1     1     1     1     1     1     0     0
          0     0     0     0     0     0     0     0     0     0     0     0     0     0     0     0     0     0     0     0
          0     0     0     0     0     0     0     0
  34   1000   990   961   913   851   778   696   610   524   441   363   292   230   176   131    94    64    41    23     9
          0    -7   -13   -17   -20   -22   -24   -24   -25   -25   -25   -25   -24   -23   -22   -21   -19   -18   -16   -15
        -13   -12   -10    -9    -8    -6    -5    -3    -2    -1    -1     0     0     0     0     0     0     0     0     0
          0     0     0     0     0     0     0     0     1     1     1     1     1     1     1     1     1     0     0     0
          0     0     0     0     0     0     0     0     0     0     0     0     0     0     0     0     0     0     0     0
          0     0     0     0     0     0     0
  35   1000   990   961   913   851   777   696   610   524   440   362   291   229   175   130    93    63    39    21     8
         -2    -9   -15   -19   -22   -24   -25   -26   -26   -26   -26   -25   -24   -23   -22   -20   -19   -17   -16   -14
        -13   -11   -10    -8    -7    -5    -4    -3    -2    -1     0     0     0     0     0     0     0     0     0     0
          0     0     0     0     0     0     0     1     1     1     1     1     1     1     1     1     0     0     0     0
          0     0     0     0     0     0     0     0     0     0     0     0     0     0     0     0     0     0     0     0
          0     0     0     0     0     0
  36   1000   990   961   913   851   777   696   610   524   440   362   291   228   174   128    91    61    38    19     6
         -4   -11   -17   -21   -24   -26   -27   -27   -28   -27   -27   -26   -25   -23   -22   -20   -19   -17   -15   -14
        -12   -11    -9    -7    -6    -4    -3    -2    -1     0     0     0     0     0     0     0     0     0     0     0
          0     0     0     0     0     0     1     1     1     1     1     1     1     1     1     0     0     0     0     0
          0     0     0     0     0     0     0     0     0     0     0     0     0     0     0     0     0     0     0     0
          0     0     0     0     0
  37   1000   990   961   913   851   777   695   610   523   439   361   290   227   172   127    89    59    35    17     3
         -6   -14   -19   -23   -26   -28   -29   -29   -29   -28   -28   -27   -25   -24   -22   -20   -19   -17   -15   -13
        -12   -10    -8    -6    -5    -3    -2    -1     0     0     0     0     0     0     0     0     0     0     0     0
          0     0     0     0     0     1     1     1     1     1     1     1     1     1     1     0     0     0     0     0
          0     0     0     0     0     0     0     0     0     0     0     0     0     0     0     0     0     0     0     0
          0     0     0     0
  38   1000   990   961   913   851   777   695   609   523   439   360   289   225   171   125    87    57    33    14     0
         -9   -17   -22   -26   -29   -30   -31   -31   -31   -30   -29   -27   -26   -24   -22   -20   -18   -17   -15   -13
        -11    -9    -7    -5    -4    -2    -1    -1     0     0     0     0     0     0     0     0     0     0     0     0
          0     0     0     0     1     1     1     1     1     1     1     1     1     1     0     0     0     0     0     0
          0     0     0     0     0     0     0     0     0     0     0     0     0     0     0     0     0     0     0     0
          0     0     0
  39   1000   990   961   913   851   777   695   609   522   438   359   287   224   169   122    84    54    30    11    -2
        -12   -20   -25   -29   -31   -33   -33   -33   -32   -31   -30   -28   -26   -24   -22   -20   -18   -16   -14   -12
        -10    -8    -6    -4    -3    -2    -1     0     0     0     0     0     0     0     0     0    -1    -1    -1     0
          0     0     0     1     1     1     1     1     1     1     1     1     1     1     0     0     0     0     0     0
          0     0     0     0     0     0     0     0     0     0     0     0     0     0     0     0     0     0     0     0
          0     0
  40   1000   990   960   913   851   777   694   608   521   437   358   285   221   166   120    81    51    26     8    -6
        -16   -24   -29   -32   -34   -35   -35   -35   -34   -32   -31   -29   -27   -25   -22   -20   -18   -16   -13   -11
         -9    -7    -5    -3    -2    -1     0     0     0     0     0     0    -1    -1    -1    -1    -1    -1    -1     0
          0     0     1     1     1     1     1     1     1     1     1     1     1     0     0     0     0     0     0     0
          0     0     0     0     0     0     0     0     0     0     0     0     0     0     0     0     0     0     0     0
          0
  41   1000   990   960   913   851   776   694   607   520   435   356   283   219   163   117    78    47    22     3   -10
        -20   -27   -32   -36   -37   -38   -38   -37   -35   -33   -31   -29   -27   -25   -22   -20   -17   -15   -12   -10
         -8    -6    -4    -2    -1    -1     0     0     0    -1    -1    -1    -1    -1    -1    -1    -1    -1    -1     0
          0     1     1     1     1     1     1     1     1     1     1     1     1     0     0     0     0     0     0     0
          0     0     0     0     0     0     0     0     0     0     0     0     0     0     0     0     0     0     0     0
  42   1000   990   960   913   850   776   693   606   519   434   354   281   216   160   113    74    43    18     0   -14
        -24   -31   -36   -39   -40   -40   -40   -38   -36   -34   -32   -30   -27   -25   -22   -19   -17   -14   -11    -9
         -6    -4    -3    -2    -1    -1     0     0    -1    -1    -1    -1    -1    -1    -1    -1    -1    -1     0     0
          1     1     1     2     1     1     1     1     1     1     1     1     1     0     0     0     0     0     0     0
          0     0     0     0     0     0     0     0     0     0     0     0     0     0     0     0     0     0     0
  43   1000   990   960   913   850   775   693   605   517   432   351   278   213   156   108    69    38    13    -5   -19
        -29   -36   -40   -42   -43   -43   -42   -40   -38   -35   -33   -30   -27   -24   -21   -18   -15   -12   -10    -7
         -5    -3    -2    -1    -1    -1    -1    -1    -1    -2    -2    -2    -2    -2    -2    -2    -1     0     0     1
          1     2     2     2     2     1     1     1     1     1     1     1     0     0     0     0     0     0     0     0
          0     0     0     0     0     0     0     0     0     0     0     0     0     0     0     0     0     0
  44   1000   990   960   913   850   775   692   604   515   429   348   274   209   152   104    64    32     8   -10   -24
        -34   -40   -44   -45   -46   -45   -43   -41   -39   -36   -33   -30   -27   -24   -21   -17   -14   -11    -8    -6
         -4    -3    -2    -1    -1    -1    -2    -2    -2    -2    -2    -2    -2    -2    -2    -2     0     0     1     1
          2     2     2     2     1     1     1     1     1     1     1     1     0     0     0     0     0     0     0     0
          0     0     0     0     0     0     0     0     0     0     0     0     0     0     0     0     0
  45   1000   990   960   912   849   774   690   602   513   427   345   270   204   146    98    58    27     2   -16   -29
        -38   -44   -47   -48   -48   -47   -45   -42   -39   -36   -33   -30   -26   -23   -19   -16   -12    -9    -7    -5
         -3    -2    -1    -1    -1    -2    -2    -3    -3    -3    -3    -3    -3    -3    -2    -1     0     1     1     2
          2     2     2     2     1     1     1     1     1     1     1     1     0     0     0     0     0     0     0     0
          0     0     0     0     0     0     0     0     0     0     0     0     0     0     0     0
  46   1000   990   960   912   849   773   689   600   511   423   341   266   199   141    92    52    21    -3   -21   -34
        -43   -48   -51   -51   -50   -49   -46   -43   -40   -37   -33   -29   -25   -21   -17   -14   -10    -7    -5    -4
         -3    -2    -2    -2    -2    -3    -3    -3    -3    -3    -3    -3    -3    -2    -1     0     1     2     2     2
          2     2     2     2     1     1     1     1     1     1     1     0     0     0     0     0     0     0     0     0
          0     0     0     0     0     0     0     0     0     0     0     0     0     0     0
  47   1000   990   960   912   848   772   687   598   507   419   336   260   193   135    86    46    14    -9   -27   -39
        -47   -52   -53   -53   -52   -50   -47   -44   -40   -36   -32   -28   -24   -19   -15   -11    -8    -6    -4    -3
         -2    -2    -2    -3    -3    -4    -4    -4    -4    -4    -4    -4    -3    -1     0     1     2     2     2     2
          2     2     2     1     1     1     1     1     1     1     1     0     0     0     0     0     0     0     0     0
          0     0     0     0     0     0     0     0     0     0     0     0     0     0
  48   1000   990   960   911   847   771   685   595   504   415   331   254   186   128    79    39     8   -15   -32   -44
        -51   -55   -56   -56   -54   -51   -48   -44   -40   -36   -31   -26   -21   -17   -13    -9    -7    -5    -4    -3
         -3    -3    -3    -4    -4    -5    -4    -5    -5    -5    -4    -3    -2     0     1     2     2     3     3     2
          2     2     2     1     1     1     1     1     1     1     1     0     0     0     0     0     0     0     0     0
          0     0     0     0     0     0     0     0     0     0     0     0     0
  49   1000   990   960   911   846   769   683   592   500   410   325   248   180   121    72    32     2   -20   -37   -48
        -54   -57   -58   -57   -55   -52   -48   -44   -39   -34   -29   -24   -19   -14   -11    -8    -6    -4    -3    -3
         -3    -4    -5    -5    -5    -5    -5    -5    -5    -5    -4    -2     0     1     2     3     3     3     3     2
          2     2     2     1     1     1     1     1     1     1     0     0     0     0     0     0     0     0     0     0
          0     0     0     0     0     0     0     0     0     0     0     0
  50   1000   990   959   910   845   767   680   588   495   405   319   241   173   114    65    26    -3   -25   -41   -51
        -57   -60   -60   -59   -56   -52   -48   -43   -38   -32   -26   -21   -16   -12    -9    -7    -5    -4    -4    -4
         -5    -5    -6    -6    -6    -6    -6    -6    -6    -5    -2     0     1     2     3     3     3     3     3     2
          2     2     1     1     1     1     1     1     1     1     0     0     0     0     0     0     0     0     0     0
          0     0     0     0     0     0     0     0     0     0     0
  51   1000   990   959   909   844   765   677   584   490   399   313   234   166   107    58    20    -8   -30   -45   -54
        -59   -62   -61   -59   -56   -52   -47   -41   -35   -29   -23   -18   -14   -10    -8    -6    -5    -5    -5    -6
         -6    -7    -7    -7    -7    -7    -7    -6    -5    -3     0     1     2     3     3     3     3     3     2     2
          2     2     1     1     1     1     1     1     1     1     0     0     0     0     0     0     0     0     0     0
          0     0     0     0     0     0     0     0     0     0
  52   1000   990   959   909   842   763   674   580   485   393   306   228   159   100    52    15   -13   -34   -48   -57
        -61   -63   -62   -60   -56   -51   -45   -38   -32   -26   -20   -15   -12    -9    -7    -6    -6    -6    -7    -7
         -8    -8    -8    -8    -8    -8    -7    -6    -3     0     1     2     3     4     4     3     3     3     2     2
          2     1     1     1     1     1     1     1     1     1     0     0     0     0     0     0     0     0     0     0
          0     0     0     0     0     0     0     0     0
  53   1000   989   958   908   840   760   670   575   480   387   300   221   152    94    47    10   -17   -37   -50   -59
        -63   -64   -63   -59   -54   -48   -42   -35   -28   -22   -17   -13   -10    -8    -7    -7    -7    -8    -8    -9
         -9    -9    -9    -9    -9    -8    -7    -4    -1     1     3     4     4     4     4     3     3     2     2     2
          2     1     1     1     1     1     1     1     1     0     0     0     0     0     0     0     0     0     0     0
          0     0     0     0     0     0     0     0
  54   1000   989   958   907   839   757   666   571   474   381   293   215   146    89    42     6   -20   -39   -52   -60
        -64   -64   -62   -58   -52   -45   -38   -31   -25   -19   -15   -12   -10    -8    -8    -8    -9   -10   -10   -10
        -10   -10   -10   -10    -9    -7    -4    -1     1     3     4     4     4     4     4     3     3     2     2     2
          1     1     1     1     1     1     1     1     1     0     0     0     0     0     0     0     0     0     0     0
          0     0     0     0     0     0     0
  55   1000   989   957   905   837   754   663   566   469   375   288   209   141    85    39     3   -22   -42   -54   -61
        -64   -63   -60   -55   -49   -41   -34   -27   -22   -17   -14   -11   -10    -9    -9   -10   -11   -11   -12   -11
        -11   -11   -11   -10    -8    -5    -1     1     3     4     5     4     4     4     3     3     2     2     2     2
          1     1     1     1     1     1     1     1     1     0     0     0     0     0     0     0     0     0     0     0
          0     0     0     0     0     0
  56   1000   989   957   904   835   751   659   562   464   370   283   205   137    81    36     1   -25   -43   -55   -62
        -63   -62   -58   -51   -44   -37   -30   -24   -19   -16   -13   -11   -11   -11   -12   -13   -13   -13   -12   -12
        -12   -12   -11    -9    -5    -1     1     3     4     5     5     4     4     4     3     3     2     2     2     1
          1     1     1     1     1     1     1     1     1     0     0     0     0     0     0     0     0     0     0     0
          0     0     0     0     0
  57   1000   989   956   903   833   749   655   558   460   365   279   201   134    79    34     0   -26   -45   -56   -61
        -62   -59   -54   -47   -40   -33   -27   -22   -18   -15   -13   -13   -13   -14   -14   -14   -14   -14   -14   -13
        -13   -12   -10    -6    -2     1     3     5     5     5     5     4     4     3     3     2     2     2     2     1
          1     1     1     1     1     1     1     1     1     0     0     0     0     0     0     0     0     0     0     0
          0     0     0     0
  58   1000   989   956   902   831   746   652   554   456   362   276   198   132    77    32    -2   -28   -45   -55   -59
        -58   -55   -49   -42   -36   -30   -25   -21   -18   -16   -15   -15   -16   -16   -16   -16   -15   -15   -15   -14
        -13   -11    -6    -2     1     3     5     5     5     5     5     4     3     3     3     2     2     2     1     1
          1     1     1     1     1     1     1     1     1     0     0     0     0     0     0     0     0     0     0     0
          0     0     0
  59   1000   989   955   901   829   744   650   551   453   360   273   197   130    75    30    -4   -29   -44   -53   -55
        -54   -50   -44   -38   -32   -27   -23   -20   -18   -17   -17   -18   -18   -18   -18   -17   -17   -16   -15   -14
        -11    -7    -2     1     3     5     6     6     5     5     4     4     3     3     2     2     2     2     1     1
          1     1     1     1     1     1     1     1     1     0     0     0     0     0     0     0     0     0     0     0
          0     0
  60   1000   989   955   900   828   742   648   550   452   358   272   195   129    73    28    -5   -28   -42   -49   -50
        -49   -45   -40   -35   -30   -26   -23   -21   -20   -20   -20   -20   -20   -20   -18   -18   -17   -16   -15   -12
         -7    -2     1     4     5     6     6     6     5     4     4     3     3     2     2     2     2     1     1     1
          1     1     1     1     1     1     1     1     1     1     0     0     0     0     0     0     0     0     0     0
          0
  61   1000   988   954   899   827   741   647   548   451   357   271   194   126    70    26    -4   -25   -37   -43   -45
        -43   -40   -36   -33   -29   -26   -24   -23   -22   -23   -23   -22   -21   -20   -19   -18   -17   -15   -13    -8
         -3     1     4     5     6     6     6     5     5     4     3     3     3     2     2     2     1     1     1     1
          1     1     1     1     1     1     1     1     1     1     0     0     0     0     0     0     0     0     0     0
  62   1000   988   954   899   826   740   646   548   450   357   269   191   123    68    27    -1   -20   -32   -37   -39
        -39   -37   -34   -32   -29   -27   -26   -25   -25   -25   -24   -23   -21   -20   -19   -18   -16   -13    -8    -3
          1     4     5     6     6     6     5     5     4     4     3     3     2     2     2     2     1     1     1     1
          1     1     1     1     1     1     1     1     1     1     0     0     0     0     0     0     0     0     0
  63   1000   988   954   899   826   740   646   548   450   355   267   188   121    69    31     3   -14   -25   -32   -35
        -35   -35   -33   -31   -30   -29   -28   -28   -27   -26   -25   -23   -21   -20   -18   -16   -13    -8    -3     1
          4     6     6     6     6     5     5     4     4     3     3     2     2     2     2     1     1     1     1     1
          1     1     1     1     1     1     1     1     1     1     0     0     0     0     0     0     0     0
  64   1000   988   954   898   826   740   646   547   448   351   262   184   121    73    36    11    -7   -19   -27   -31
        -33   -33   -33   -32   -31   -30   -30   -29   -27   -26   -23   -22   -20   -18   -16   -13    -8    -2     1     4
          6     6     6     6     5     5     4     4     3     3     2     2     2     2     1     1     1     1     1     1
          1     1     1     1     1     1     1     1     1     0     0     0     0     0     0     0     0
  65   1000   988   954   899   826   740   645   545   444   346   258   185   125    79    45    18     0   -14   -23   -28
        -31   -33   -33   -32   -32   -31   -30   -28   -26   -24   -22   -20   -18   -15   -12    -7    -2     1     4     6
          6     6     6     5     5     4     4     3     3     2     2     2     2     1     1     1     1     1     1     1
          1     1     1     1     1     1     1     1     1     0     0     0     0     0     0     0
  66   1000   988   954   899   826   739   643   541   438   341   258   189   133    89    53    26     5    -9   -20   -26
        -30   -32   -33   -32   -31   -30   -28   -26   -23   -21   -18   -16   -14   -11    -6    -1     2     4     6     6
          6     6     5     5     4     4     3     3     2     2     2     2     1     1     1     1     1     1     1     1
          1     1     1     1     1     1     1     1     0     0     0     0     0     0     0
  67   1000   988   954   898   825   737   638   534   432   341   262   197   144    98    62    32    10    -6   -17   -24
        -28   -30   -31   -30   -29   -26   -24   -21   -18   -16   -13   -11    -8    -4     0     2     4     6     6     6
          6     5     5     4     4     3     3     2     2     2     2     1     1     1     1     1     1     1     1     1
          1     1     1     1     1     1     1     0     0     0     0     0     0     0
  68   1000   988   954   898   823   732   631   527   432   346   273   210   155   108    69    38    14    -2   -14   -21
        -25   -27   -27   -25   -23   -20   -17   -14   -11    -9    -6    -4    -1     1     3     5     6     6     6     5
          5     4     4     3     3     3     2     2     2     2     1     1     1     1     1     1     1     1     1     1
          1     1     1     1     1     1     1     0     0     0     0     0     0
  69   1000   988   953   895   818   725   625   528   438   358   287   222   165   116    75    43    19     2    -9   -16
        -19   -19   -18   -16   -13   -10    -7    -4    -2     0     1     3     4     5     5     6     5     5     5     4
          4     3     3     3     2     2     2     2     1     1     1     1     1     1     1     1     1     1     1     1
          1     1     1     1     1     1     0     0     0     0     0     0
  70   1000   988   952   892   812   720   626   536   452   375   302   234   175   123    82    50    26     9     0    -5
         -7    -7    -5    -2     0     2     5     7     9    10     9     8     7     6     6     5     4     4     4     3
          3     3     2     2     2     2     1     1     1     1     1     1     1     1     1     1     1     1     1     1
          1     1     1     1     1     1     0     0     0     0     0
  71   1000   987   950   888   809   723   637   553   472   392   316   246   184   133    91    60    37    23    14    11
         11    12    14    15    18    20    22    23    23    19    15    11     8     6     4     4     3     3     2     2
          2     2     2     1     1     1     1     1     1     1     1     1     1     1     1     1     1     1     1     1
          1     1     1     1     1     1     0     0     0     0
  72   1000   987   948   887   815   737   657   575   491   408   328   257   195   145   106    76    57    45    40    38
         37    38    39    41    43    44    43    40    33    24    16    10     6     4     2     2     1     1     1     1
          1     1     1     1     1     1     1     1     1     1     1     1     1     1     1     1     1     1     1     1
          1     1     1     1     1     1     1     1     1
  73   1000   987   949   894   829   757   679   594   506   419   340   269   210   162   126   101    85    77    73    71
         71    69    71    71    70    69    63    50    35    22    13     7     3     1     0     0     0     0     0     0
          0     0     0     0     0     0     0     0     0     0     0     0     1     1     1     1     1     1     1     1
          1     1     1     1     1     1     1     1
  74   1000   987   954   906   846   775   693   604   514   428   351   284   229   185   155   134   123   116   112   109
        105   105   103   101    98    88    69    48    30    17     7     2     0    -1    -1    -1    -1     0     0     0
          0     0     0     0     0     0     0     0     0     0     0     0     0     0     0     0     0     1     1     1
          1     1     1     1     1     1     1
  75   1000   989   960   915   855   781   695   605   517   435   363   301   250   214   188   173   162   154   148   141
        139   135   131   125   112    87    60    36    19     8     1    -2    -3    -3    -3    -2    -2    -1    -1     0
          0     0     0     0     0     0     0     0     0     0     0     0     0     0     0     0     0     0     1     1
          1     1     1     1     1     1
  76   1000   990   963   917   854   776   690   603   519   442   374   317   273   240   219   202   189   179   167   162
        156   150   142   126    97    66    39    20     7     0    -3    -5    -5    -4    -4    -3    -2    -2    -1    -1
          0     0     0     0     0     0     0     0     0     0     0     0     0     0     0     0     0     0     1     1
          1     1     1     1     1
  77   1000   991   962   913   847   769   686   603   523   450   386   334   293   263   239   219   203   187   178   168
        160   150   133   101    68    40    20     6    -1    -5    -6    -6    -5    -4    -4    -3    -2    -1    -1    -1
          0     0     0     0     0     0     0     0     0     0     0     0     0     0     0     0     0     0     1     1
          1     1     1     1
  78   1000   990   959   908   842   767   687   607   530   458   398   346   306   272   244   221   198   184   171   159
        147   129    97    65    36    17     4    -3    -6    -7    -7    -6    -5    -4    -3    -2    -2    -1    -1     0
          0     0     0     0     0     0     0     0     0     0     0     0     0     0     0     0     0     0     1     1
          1     1     1
  79   1000   989   957   907   843   769   691   612   535   465   403   350   305   266   233   204   183   165   150   136
        117    87    56    30    12     1    -5    -8    -8    -8    -7    -6    -4    -3    -3    -2    -1    -1     0     0
          0     0     0     0     0     0     0     0     0     0     0     0     0     0     0     0     0     0     0     1
          1     1
  80   1000   989   957   908   846   773   695   615   538   466   402   345   295   252   214   186   161   142   125   105
         76    47    23     7    -2    -8   -10   -10    -9    -7    -6    -5    -4    -3    -2    -2    -1    -1     0     0
          0     0     0     0     0     0     0     0     0     0     0     0     0     0     0     0     0     0     0     0
          1
  81   1000   989   959   910   848   776   697   616   536   462   393   332   279   232   194   163   138   116    94    66
         39    17     2    -6   -10   -12   -11   -10    -8    -7    -6    -4    -3    -3    -2    -1    -1    -1     0     0
          0     0     0     0     0     0     0     0     0     0     0     0     0     0     0     0     0     0     0     0
  82   1000   990   959   912   849   776   695   612   531   453   382   319   262   216   176   144   117    91    61    34
         13     0    -9   -13   -14   -13   -12   -10    -8    -7    -5    -4    -3    -3    -2    -1    -1    -1     0     0
          0     0     0     0     0     0     0     0     0     0     0     0     0     0     0     0     0     0     0
  83   1000   990   960   912   849   774   692   607   524   446   374   308   252   204   163   130    98    65    36    13
         -1   -11   -15   -16   -16   -14   -12   -10    -8    -7    -5    -4    -3    -3    -2    -2    -1    -1    -1    -1
          0     0     0     0     0     0     0     0     0     0     0     0     0     0     0     0     0     0
  84   1000   990   959   911   847   771   688   603   519   441   367   302   244   195   154   116    77    43    16     0
        -11   -17   -19   -18   -17   -14   -12   -10    -9    -7    -6    -5    -4    -3    -3    -2    -2    -1    -1    -1
         -1    -1    -1     0     0     0     0     0     0     0     0     0     0     0     0     0     0
  85   1000   990   959   910   845   768   686   602   519   440   367   301   242   192   146    99    58    26     4    -9
        -17   -20   -20   -19   -17   -15   -13   -11    -9    -8    -6    -5    -4    -4    -3    -3    -2    -2    -2    -1
         -1    -1    -1    -1    -1    -1    -1    -1    -1     0     0     0     0     0     0     0
  86   1000   990   959   909   843   767   686   603   521   442   368   301   241   186   131    82    42    14    -4   -15
        -20   -22   -21   -20   -18   -15   -13   -11   -10    -8    -7    -6    -5    -4    -4    -3    -3    -2    -2    -2
         -2    -2    -2    -1    -1    -1    -1    -1    -1    -1    -1    -1     0     0     0
  87   1000   989   958   907   843   769   689   607   525   445   370   302   238   172   113    64    29     4   -10   -18
        -22   -23   -22   -20   -18   -16   -14   -12   -10    -9    -8    -7    -6    -5    -4    -4    -3    -3    -3    -3
         -2    -2    -2    -2    -2    -2    -2    -2    -1    -1    -1    -1    -1     0
  88   1000   989   958   909   847   775   697   615   532   452   376   302   226   156    96    51    19    -1   -14   -20
        -23   -23   -22   -20   -18   -16   -14   -12   -11    -9    -8    -7    -6    -6    -5    -4    -4    -4    -4    -3
         -3    -3    -3    -3    -3    -2    -2    -2    -2    -2    -1    -1    -1
  89   1000   989   959   912   852   782   704   622   539   457   376   290   207   136    81    40    12    -4   -15   -20
        -22   -23   -22   -20   -18   -16   -14   -13   -11   -10    -9    -8    -7    -6    -6    -5    -5    -4    -4    -4
         -4    -4    -4    -3    -3    -3    -3    -2    -2    -2    -1    -1
  90   1000   990   961   916   858   788   710   628   544   457   361   268   185   119    69    33     9    -5   -14   -19
        -22   -22   -21   -20   -18   -16   -15   -13   -12   -10    -9    -8    -7    -7    -6    -6    -5    -5    -5    -5
         -5    -4    -4    -4    -4    -3    -3    -3    -2    -2    -2
  91   1000   990   963   919   860   790   712   629   539   438   335   242   166   106    61    30     9    -4   -13   -18
        -20   -21   -20   -19   -18   -16   -15   -13   -12   -11   -10    -9    -8    -7    -7    -6    -6    -6    -6    -5
         -5    -5    -5    -4    -4    -4    -3    -3    -2    -2
  92   1000   991   963   919   860   790   711   621   517   409   307   221   152    98    59    31    11    -2   -10   -15
        -18   -19   -19   -18   -17   -16   -14   -13   -12   -11   -10    -9    -8    -8    -7    -7    -7    -7    -6    -6
         -6    -6    -5    -5    -4    -4    -4    -3    -2
  93   1000   991   963   919   859   787   702   599   488   380   287   208   145    97    61    34    15     1    -7   -13
        -16   -18   -18   -17   -17   -15   -14   -13   -12   -11   -10    -9    -9    -8    -8    -8    -7    -7    -7    -7
         -6    -6    -6    -5    -5    -4    -4    -3
  94   1000   991   963   917   857   780   682   573   462   362   276   204   146   101    66    39    19     5    -4   -10
        -14   -16   -17   -16   -16   -15   -14   -13   -12   -11   -10   -10    -9    -9    -9    -8    -8    -8    -7    -7
         -7    -6    -6    -5    -5    -4    -3
  95   1000   990   962   916   851   763   658   547   444   351   271   205   151   107    72    45    24     9     0    -7
        -12   -14   -15   -15   -15   -14   -14   -13   -12   -11   -11   -10   -10    -9    -9    -9    -8    -8    -8    -7
         -7    -6    -6    -5    -5    -4
  96   1000   990   961   912   837   741   635   532   435   349   275   211   158   114    79    51    30    14     3    -4
         -9   -12   -14   -14   -14   -14   -13   -12   -12   -11   -11   -10   -10   -10    -9    -9    -9    -8    -8    -7
         -7    -6    -6    -5    -4
  97   1000   990   959   901   819   722   622   525   435   354   282   220   167   122    86    57    35    18     6    -1
         -7   -10   -12   -13   -13   -13   -12   -12   -12   -11   -11   -10   -10   -10    -9    -9    -9    -8    -8    -7
         -7    -6    -5    -5
  98   1000   989   951   887   803   711   618   527   442   364   293   230   176   130    93    63    40    22    10     1
         -4    -8   -10   -12   -12   -12   -12   -12   -11   -11   -11   -10   -10   -10    -9    -9    -9    -8    -8    -7
         -6    -6    -5
  99   1000   986   944   878   800   714   626   540   457   379   307   243   187   140   101    70    45    27    13     4
         -2    -6    -9   -10   -11   -11   -11   -11   -11   -11   -11   -10   -10   -10    -9    -9    -8    -8    -7    -6
         -6    -5
 100   1000   985   944   885   812   732   647   562   478   398   324   258   200   150   109    77    51    31    17     7
          0    -4    -7    -9   -10   -11   -11   -11   -11   -11   -10   -10   -10    -9    -9    -9    -8    -7    -7    -6
         -5
 101   1000   986   949   894   826   749   666   581   496   414   339   270   210   159   117    83    56    35    20     9
          2    -2    -6    -8    -9   -10   -10   -10   -10   -10   -10   -10    -9    -9    -9    -8    -7    -7    -6    -5
 102   1000   988   954   903   838   762   680   594   508   425   348   278   217   165   122    87    60    39    23    12
          4    -1    -4    -7    -8    -9    -9   -10   -10   -10    -9    -9    -9    -8    -8    -7    -7    -6    -5
 103   1000   989   957   908   844   769   687   601   515   431   354   284   222   169   126    91    63    41    26    14
          6     0    -3    -5    -7    -8    -8    -9    -9    -9    -8    -8    -8    -7    -7    -6    -6    -5
 104   1000   989   959   911   848   773   691   605   518   435   357   287   225   172   128    93    65    44    27    16
          7     1    -2    -4    -6    -7    -8    -8    -8    -8    -8    -7    -7    -6    -6    -5    -5
 105   1000   990   960   912   849   775   693   607   521   437   359   289   227   174   130    95    67    45    29    17
          9     3    -1    -3    -5    -6    -7    -7    -7    -7    -7    -6    -6    -5    -5    -4
 106   1000   990   960   913   850   776   694   608   522   439   361   291   229   176   132    96    68    47    30    18
         10     4     0    -2    -4    -5    -6    -6    -6    -6    -6    -5    -5    -4    -4
 107   1000   990   960   913   851   777   695   609   523   440   362   292   230   177   133    98    70    48    31    19
         11     5     0    -1    -3    -4    -5    -5    -5    -5    -5    -4    -4    -3
 108   1000   990   960   913   851   777   695   609   523   440   363   293   231   178   134    99    71    49    32    20
         12     5     1     0    -2    -3    -4    -4    -4    -4    -4    -3    -3
 109   1000   990   960   913   851   777   696   610   524   441   364   294   232   179   135   100    71    50    33    21
         12     6     2     0    -1    -2    -3    -3    -3    -3    -3    -3
 110   1000   990   961   913   851   777   696   610   525   442   364   294   233   180   136   100    72    50    34    22
         13     7     3     0    -1    -2    -2    -2    -3    -2    -2
 111   1000   990   961   913   851   778   696   611   525   442   365   295   233   181   137   101    73    51    35    22
         14     8     3     1     0    -1    -2    -2    -2    -2
 112   1000   990   961   914   851   778   696   611   525   442   365   295   234   181   137   102    73    52    35    23
         14     8     4     1     0     0    -1    -1    -1
 113   1000   990   961   914   852   778   697   611   526   443   365   296   234   181   138   102    74    52    36    23
         15     9     5     2     0     0     0    -1
 114   1000   990   961   914   852   778   697   611   526   443   366   296   234   182   138   102    74    52    36    24
         15     9     5     2     1     0     0
 115   1000   990   961   914   852   778   697   611   526   443   366   296   235   182   138   103    75    53    36    24
         16    10     6     3     1     0
 116   1000   990   961   914   852   778   697   612   526   443   366   296   235   182   139   103    75    53    37    25
         16    10     6     3     1
 117   1000   990   961   914   852   778   697   612   526   444   366   296   235   183   139   103    75    53    37    25
         16    10     6     4
 118   1000   990   961   914   852   778   697   612   526   444   366   297   235   183   139   104    75    54    37    25
         17    11     7
 119   1000   990   961   914   852   778   697   612   526   444   367   297   235   183   139   104    76    54    38    26
         17    11
 120   1000   990   961   914   852   778   697   612   526   444   367   297   236   183   139   104    76    54    38    26
         17
 121   1000   990   961   914   852   778   697   612   526   444   367   297   236   183   140   104    76    54    38    26
 122   1000   990   961   914   852   778   697   612   527   444   367   297   236   183   140   104    76    55    38
 123   1000   990   961   914   852   778   697   612   527   444   367   297   236   184   140   104    76    55
 124   1000   990   961   914   852   778   697   612   527   444   367   297   236   184   140   105    77
 125   1000   990   961   914   852   778   697   612   527   444   367   297   236   184   140   105
 126   1000   990   961   914   852   779   697   612   527   444   367   297   236   184   140
 127   1000   990   961   914   852   779   697   612   527   444   367   298   236   184
 128   1000   990   961   914   852   779   697   612   527   444   367   298   236
 129   1000   990   961   914   852   779   697   612   527   444   367   298
 130   1000   990   961   914   852   779   697   612   527   444   367
 131   1000   990   961   914   852   779   697   612   527   445
 132   1000   990   961   914   852   779   697   612   527
 133   1000   990   961   914   852   779   697   612
 134   1000   990   961   914   852   779   698
 135   1000   990   961   914   852   779
 136   1000   990   961   914   852
 137   1000   990   961   914
 138   1000   990   961
 139   1000   990
 140   1000

 Finished!
