88_Run
  140    7    1    0    1
   0.00500   9.00000   0.03000   0.00100
   0.0000000   0   0 1.00000000E+00   1.0000000
NI582    1.230E-30 0.015       0.00       0.00        (    )
IN115N   2.020E-29 0.008       0.00       0.00        (    )
IN115G   1.840E-30 0.019       0.00       0.00        (    )
AU1972   7.560E-29 0.011       0.00       0.00        (    )
AL27P    5.750E-30 0.009       0.00       0.00        (    )
AL27A    5.320E-30 0.010       0.00       0.00        (    )
AU197G   1.300E-30 0.013       0.00       0.00        (    )
Flux Uncertainty
 141
 1.0000E-10 1.0000E-09 1.0000E-08 2.3000E-08 5.0000E-08 7.6000E-08 1.1500E-07
 1.7000E-07 2.5500E-07 3.8000E-07 5.5000E-07 8.4000E-07 1.2800E-06 1.9000E-06
 2.8000E-06 4.2500E-06 6.3000E-06 9.2000E-06 1.3500E-05 2.1000E-05 3.0000E-05
 4.5000E-05 6.9000E-05 1.0000E-04 1.3500E-04 1.7000E-04 2.2000E-04 2.8000E-04
 3.6000E-04 4.5000E-04 5.7500E-04 7.6000E-04 9.6000E-04 1.2800E-03 1.6000E-03
 2.0000E-03 2.7000E-03 3.4000E-03 4.5000E-03 5.5000E-03 7.2000E-03 9.2000E-03
 1.2000E-02 1.5000E-02 1.9000E-02 2.5500E-02 3.2000E-02 4.0000E-02 5.2500E-02
 6.6000E-02 8.8000E-02 1.1000E-01 1.3500E-01 1.6000E-01 1.9000E-01 2.2000E-01
 2.5500E-01 2.9000E-01 3.2000E-01 3.6000E-01 4.0000E-01 4.5000E-01 5.0000E-01
 5.5000E-01 6.0000E-01 6.6000E-01 7.2000E-01 7.8000E-01 8.4000E-01 9.2000E-01
 1.0000E+00 1.2000E+00 1.4000E+00 1.6000E+00 1.8000E+00 2.0000E+00 2.3000E+00
 2.6000E+00 2.9000E+00 3.3000E+00 3.7000E+00 4.1000E+00 4.5000E+00 5.0000E+00
 5.5000E+00 6.0000E+00 6.7000E+00 7.4000E+00 8.2000E+00 9.0000E+00 1.0000E+01
 1.1000E+01 1.2000E+01 1.3000E+01 1.4000E+01 1.5000E+01 1.6000E+01 1.7000E+01
 1.8000E+01 1.9000E+01 2.0000E+01 2.1000E+01 2.2000E+01 2.3000E+01 2.4000E+01
 2.5000E+01 2.6000E+01 2.7000E+01 2.8000E+01 2.9000E+01 3.0000E+01 3.1000E+01
 3.2000E+01 3.3000E+01 3.4000E+01 3.5000E+01 3.6000E+01 3.7000E+01 3.8000E+01
 3.9000E+01 4.0000E+01 4.1000E+01 4.2000E+01 4.3000E+01 4.4000E+01 4.5000E+01
 4.6000E+01 4.7000E+01 4.8000E+01 4.9000E+01 5.0000E+01 5.1000E+01 5.2000E+01
 5.3000E+01 5.4000E+01 5.5000E+01 5.6000E+01 5.7000E+01 5.8000E+01 5.9000E+01
 6.0000E+01
 0.0000E+00 0.0000E+00 0.0000E+00 0.0000E+00 0.0000E+00 0.0000E+00 0.0000E+00
 0.0000E+00 0.0000E+00 0.0000E+00 0.0000E+00 0.0000E+00 4.2080E-01 1.2950E-01
 3.7000E-02 3.7800E-02 3.5000E-02 7.6900E-02 1.1240E-01 5.7700E-02 7.0200E-02
 7.1900E-02 5.8600E-02 6.2300E-02 7.0200E-02 6.5600E-02 7.7800E-02 6.7800E-02
 7.1400E-02 9.6800E-02 6.2700E-02 6.1800E-02 6.4800E-02 7.0900E-02 5.9800E-02
 5.3300E-02 5.0200E-02 5.0700E-02 4.5900E-02 6.1100E-02 3.7100E-02 4.1400E-02
 3.1900E-02 3.4700E-02 3.2600E-02 2.5200E-02 1.8400E-02 1.4700E-02 9.2700E-02
 2.6030E-01 9.7000E-03 8.9000E-03 8.7000E-03 1.3400E-02 9.9300E-02 1.0460E-01
 7.6200E-02 6.7800E-02 1.9300E-02 8.9300E-02 8.5200E-02 6.2800E-02 6.7000E-02
 7.8300E-02 8.0200E-02 7.5400E-02 3.7100E-02 7.4500E-02 6.5100E-02 7.8000E-02
 7.7500E-02 5.3600E-02 5.6000E-02 5.9400E-02 6.3900E-02 6.6700E-02 5.7800E-02
 5.9100E-02 6.3000E-02 5.5000E-02 5.6500E-02 5.4500E-02 5.1600E-02 4.4500E-02
 4.0800E-02 3.7200E-02 3.0400E-02 3.0800E-02 2.7300E-02 2.7300E-02 2.5500E-02
 2.6900E-02 2.9300E-02 3.1100E-02 3.3800E-02 3.8600E-02 4.2000E-02 4.5000E-02
 5.1200E-02 5.2100E-02 6.6100E-02 7.4300E-02 7.8900E-02 8.0000E-02 7.8000E-02
 8.8600E-02 9.3000E-02 9.9900E-02 1.0610E-01 1.1240E-01 1.0100E-01 1.1550E-01
 1.1460E-01 1.1260E-01 1.4990E-01 2.5690E-01 0.0000E+00 0.0000E+00 0.0000E+00
 0.0000E+00 0.0000E+00 0.0000E+00 0.0000E+00 0.0000E+00 0.0000E+00 0.0000E+00
 0.0000E+00 0.0000E+00 0.0000E+00 0.0000E+00 0.0000E+00 0.0000E+00 0.0000E+00
 0.0000E+00 0.0000E+00 0.0000E+00 0.0000E+00 0.0000E+00 0.0000E+00 0.0000E+00
 0.0000E+00
Input Flux Spectrum
 140   0 1.000E+00 2.000E+01 5.000E-08
 0.0000E+00 0.0000E+00 0.0000E+00 0.0000E+00 0.0000E+00 0.0000E+00 0.0000E+00
 0.0000E+00 0.0000E+00 0.0000E+00 0.0000E+00 9.4380E-12 5.6870E-12 6.4190E-11
 7.0470E-11 6.0370E-11 1.2190E-10 1.0110E-09 1.4680E-09 1.1650E-09 1.3820E-09
 1.4080E-09 1.4110E-09 1.0410E-09 7.2010E-10 1.0810E-09 1.0320E-09 1.0200E-09
 9.6940E-10 1.0640E-09 1.2390E-09 9.8960E-10 1.5010E-09 1.1600E-09 1.1300E-09
 1.4310E-09 1.2400E-09 1.8010E-09 1.5570E-09 2.2140E-09 2.0290E-09 3.3380E-09
 3.6700E-09 3.5590E-09 6.5290E-09 6.4640E-09 7.1600E-09 1.3600E-08 1.9640E-08
 2.7210E-08 2.8190E-08 3.8280E-08 4.0250E-08 5.6630E-08 5.9410E-08 7.2000E-08
 7.7960E-08 6.4070E-08 1.0450E-07 1.0620E-07 1.2860E-07 1.3550E-07 1.4530E-07
 1.4900E-07 1.7500E-07 1.5070E-07 1.7880E-07 1.6440E-07 2.6870E-07 2.6010E-07
 6.5040E-07 5.9540E-07 5.7400E-07 6.2010E-07 5.4900E-07 9.2900E-07 1.0210E-06
 9.1200E-07 1.2520E-06 1.0570E-06 1.0680E-06 1.2780E-06 1.8780E-06 2.3810E-06
 3.0070E-06 4.7690E-06 4.9600E-06 6.7410E-06 7.0310E-06 8.3840E-06 7.8450E-06
 6.7370E-06 5.8830E-06 4.8010E-06 3.5430E-06 2.8820E-06 2.3930E-06 1.7170E-06
 1.6100E-06 9.8530E-07 7.8520E-07 7.0130E-07 6.8040E-07 7.1860E-07 5.5560E-07
 5.0720E-07 4.3890E-07 3.8710E-07 3.4820E-07 4.2880E-07 3.2650E-07 3.3370E-07
 3.7420E-07 2.2770E-07 7.7260E-08 0.0000E+00 0.0000E+00 0.0000E+00 0.0000E+00
 0.0000E+00 0.0000E+00 0.0000E+00 0.0000E+00 0.0000E+00 0.0000E+00 0.0000E+00
 0.0000E+00 0.0000E+00 0.0000E+00 0.0000E+00 0.0000E+00 0.0000E+00 0.0000E+00
 0.0000E+00 0.0000E+00 0.0000E+00 0.0000E+00 0.0000E+00 0.0000E+00 0.0000E+00
   10   13   28   11    8    5    8    7   10   40



                         ==============================
                               STAYSL PNNL OUTPUT
                         ==============================

 STAYSL PNNL, version 1.2.0, 2015-08-05


 SCENARIO TITLE: 88_Run
 -------------------------------------------------------------------------------
  NGROUP =   140    NRXN =     7    ACTIVITY NORM = 1.00000E+00

  COVARIANCE PARAMETERS (FCHN, FCVX, ACVX, FS)
    FLUXES:      WIDTH =  9.0000E+00   LONG RANGE COVAR. =  3.0000E-02
            ACTIVITIES =  5.0000E-03   X-SECT CROSS COR. =  1.0000E-03

    DETERM =   1.0409 × 10^  -5.00      ERROR =  -1.4066E-15

  INPUT NORMALIZATION DATA
    AK1   =     0.00000     VAK        =     0.00090
    NORML =           0     RENORM     = 9.76710E-01
    CHI²  =    28.74513     NORM. CHI² =     4.79086

  DOSIMETRY ACTIVITIES
     ———— INPUTS —————  -UNADJUSTED FLUX-  — ADJUSTED FLUX —    CHI²  90% ACTIVITIES RANGE
 RXN  MEASURED     ±%   ACTIVITY    %DIFF  ACTIVITY    %DIFF  CONTRIB --LOW E-- --HIGH E--   REACTION          CVR
  1  1.230E-30    1.51  1.213E-30   -1.34  1.224E-30   -0.50    0.107  1.30E+01  3.00E+01  NI58(N,2N)NI57          
  2  2.020E-29    0.82  1.985E-29   -1.71  1.990E-29   -1.48    0.402  2.30E+00  1.40E+01  IN115(N,N')IN115M       
  3  1.840E-30    1.90  1.606E-30  -12.74  1.631E-30  -11.38   18.047  4.50E-05  6.00E+00  IN115(N,G)IN116M        
  4  7.560E-29    1.08  7.540E-29   -0.27  7.503E-29   -0.76    0.086  9.00E+00  1.90E+01  AU197(N,2N)AU196        
  5  5.750E-30    0.86  5.801E-30    0.89  5.763E-30    0.23    0.032  6.00E+00  1.70E+01  AL27(N,P)MG27           
  6  5.320E-30    0.97  5.374E-30    1.02  5.337E-30    0.33    0.364  7.40E+00  1.70E+01  AL27(N,A)NA24           
  7  1.300E-30    1.26  1.379E-30    6.11  1.350E-30    3.81    9.706  4.25E-06  7.40E+00  AU197(N,G)AU198         

             % STD. DEV.  =          5.86               4.95

                              CHECK INPUT, IT IS RATHER UNLIKELY !
                                   *** BEWARE OF OUTPUT ! ***


  DIFFERENTIAL FLUXES (input is normalized by a factor of 9.7671E-01)
                  —————— DIFFERENTIAL FLUX —————   ———— STD. DEV. % ————   INTEGRAL
 GRP    ENERGY        NEW         OLD      RATIO    NEW     OLD    RATIO   FLUX > E     ± %
  12  8.4000E-07  1.9511E-05  2.1191E-05   0.921   20.26   21.01   0.965  9.5380E-05    1.05
  13  1.2750E-06  7.7082E-06  8.8873E-06   0.867   26.39   27.43   0.962  9.5380E-05    1.05
  14  1.9000E-06  6.5077E-05  6.9661E-05   0.934    7.99    8.85   0.903  9.5380E-05    1.05
  15  2.8000E-06  4.5288E-05  4.7468E-05   0.954    3.76    4.79   0.783  9.5380E-05    1.05
  16  4.2500E-06  2.7301E-05  2.8763E-05   0.949    3.61    4.72   0.766  9.5380E-05    1.05
  17  6.3000E-06  3.7927E-05  4.1055E-05   0.924    5.22    6.35   0.823  9.5380E-05    1.05
  18  9.2000E-06  2.0001E-04  2.2964E-04   0.871    8.62    9.92   0.868  9.5380E-05    1.05
  19  1.3500E-05  1.6653E-04  1.9117E-04   0.871    7.65    9.01   0.849  9.5379E-05    1.05
  20  2.1000E-05  1.1267E-04  1.2643E-04   0.891    5.72    7.06   0.810  9.5378E-05    1.05
  21  3.0000E-05  7.8739E-05  8.9988E-05   0.875    6.30    7.71   0.817  9.5377E-05    1.05
  22  4.5000E-05  5.0394E-05  5.7300E-05   0.879    5.77    7.18   0.804  9.5375E-05    1.05
  23  6.9000E-05  3.9327E-05  4.4456E-05   0.885    5.36    6.75   0.794  9.5374E-05    1.05
  24  1.0000E-04  2.5408E-05  2.9050E-05   0.875    5.87    7.27   0.808  9.5373E-05    1.05
  25  1.3500E-04  1.7539E-05  2.0095E-05   0.873    6.05    7.42   0.816  9.5372E-05    1.05
  26  1.7000E-04  1.8354E-05  2.1116E-05   0.869    6.44    7.77   0.829  9.5371E-05    1.05
  27  2.2000E-04  1.4638E-05  1.6799E-05   0.871    6.61    7.87   0.840  9.5371E-05    1.05
  28  2.8000E-04  1.0970E-05  1.2453E-05   0.881    6.40    7.58   0.845  9.5370E-05    1.05
  29  3.6000E-04  9.1216E-06  1.0520E-05   0.867    7.80    8.93   0.874  9.5369E-05    1.05
  30  4.5000E-04  7.3177E-06  8.3138E-06   0.880    7.49    8.52   0.879  9.5368E-05    1.05
  31  5.7500E-04  5.9413E-06  6.5413E-06   0.908    5.97    6.91   0.864  9.5367E-05    1.05
  32  7.6000E-04  4.4144E-06  4.8328E-06   0.913    6.13    7.00   0.875  9.5366E-05    1.05
  33  9.6000E-04  4.2609E-06  4.6541E-06   0.916    6.61    7.41   0.892  9.5365E-05    1.05
  34  1.2750E-03  3.2225E-06  3.4861E-06   0.924    6.43    7.18   0.896  9.5364E-05    1.05
  35  1.6000E-03  2.5862E-06  2.7592E-06   0.937    5.67    6.40   0.885  9.5363E-05    1.05
  36  2.0000E-03  1.8880E-06  1.9967E-06   0.946    5.26    5.98   0.879  9.5362E-05    1.05
  37  2.7000E-03  1.6446E-06  1.7302E-06   0.951    5.17    5.87   0.881  9.5360E-05    1.05
  38  3.4000E-03  1.5277E-06  1.5991E-06   0.955    4.99    5.68   0.878  9.5359E-05    1.05
  39  4.5000E-03  1.4537E-06  1.5207E-06   0.956    5.49    6.13   0.896  9.5358E-05    1.05
  40  5.5000E-03  1.2217E-06  1.2720E-06   0.960    5.10    5.75   0.886  9.5356E-05    1.05
  41  7.2000E-03  9.5720E-07  9.9087E-07   0.966    4.20    4.94   0.851  9.5354E-05    1.05
  42  9.2000E-03  1.1271E-06  1.1644E-06   0.968    3.97    4.73   0.839  9.5352E-05    1.05
  43  1.2000E-02  1.1587E-06  1.1948E-06   0.970    3.68    4.48   0.821  9.5349E-05    1.05
  44  1.5000E-02  8.4279E-07  8.6903E-07   0.970    3.70    4.51   0.822  9.5345E-05    1.05
  45  1.9000E-02  9.5284E-07  9.8107E-07   0.971    3.29    4.16   0.791  9.5342E-05    1.05
  46  2.5500E-02  9.4531E-07  9.7130E-07   0.973    2.73    3.71   0.735  9.5336E-05    1.05
  47  3.2000E-02  8.5201E-07  8.7416E-07   0.975    2.35    3.43   0.687  9.5330E-05    1.05
  48  4.0000E-02  1.0203E-06  1.0627E-06   0.960    5.44    6.15   0.885  9.5323E-05    1.05
  49  5.2500E-02  1.2907E-06  1.4209E-06   0.908   17.26   17.90   0.965  9.5310E-05    1.05
  50  6.6000E-02  1.1126E-06  1.2080E-06   0.921   13.15   13.82   0.951  9.5293E-05    1.05
  51  8.8000E-02  1.2216E-06  1.2515E-06   0.976    1.95    3.14   0.620  9.5268E-05    1.05
  52  1.1000E-01  1.4598E-06  1.4955E-06   0.976    1.92    3.13   0.614  9.5241E-05    1.05
  53  1.3500E-01  1.5327E-06  1.5725E-06   0.975    1.99    3.20   0.621  9.5205E-05    1.05
  54  1.6000E-01  1.7511E-06  1.8437E-06   0.950    5.45    6.38   0.854  9.5167E-05    1.05
  55  1.9000E-01  1.7872E-06  1.9342E-06   0.924    9.62   10.62   0.905  9.5114E-05    1.06
  56  2.2000E-01  1.8700E-06  2.0092E-06   0.931    8.46    9.52   0.889  9.5060E-05    1.06
  57  2.5500E-01  2.0496E-06  2.1756E-06   0.942    6.70    7.80   0.859  9.4995E-05    1.06
  58  2.9000E-01  1.9999E-06  2.0859E-06   0.959    4.13    5.29   0.781  9.4923E-05    1.06
  59  3.2000E-01  2.4399E-06  2.5517E-06   0.956    5.00    6.20   0.806  9.4863E-05    1.06
  60  3.6000E-01  2.4572E-06  2.5932E-06   0.948    7.85    9.22   0.851  9.4766E-05    1.06
  61  4.0000E-01  2.4095E-06  2.5121E-06   0.959    6.58    7.98   0.824  9.4667E-05    1.06
  62  4.5000E-01  2.5643E-06  2.6469E-06   0.969    5.70    7.15   0.797  9.4547E-05    1.06
  63  5.0000E-01  2.7715E-06  2.8383E-06   0.976    6.26    7.86   0.797  9.4419E-05    1.07
  64  5.5000E-01  2.8734E-06  2.9106E-06   0.987    6.70    8.47   0.791  9.4280E-05    1.07
  65  6.0000E-01  2.8457E-06  2.8487E-06   0.999    6.43    8.34   0.772  9.4136E-05    1.07
  66  6.6000E-01  2.4602E-06  2.4532E-06   1.003    4.54    6.37   0.713  9.3966E-05    1.07
  67  7.2000E-01  2.9450E-06  2.9106E-06   1.012    4.37    6.33   0.690  9.3818E-05    1.07
  68  7.8000E-01  2.7591E-06  2.6762E-06   1.031    5.29    7.59   0.696  9.3641E-05    1.08
  69  8.4000E-01  3.4224E-06  3.2805E-06   1.043    5.25    7.76   0.677  9.3476E-05    1.08
  70  9.2000E-01  3.3648E-06  3.1755E-06   1.060    5.55    8.33   0.666  9.3202E-05    1.08
  71  1.0000E+00  3.3515E-06  3.1763E-06   1.055    4.54    7.21   0.630  9.2933E-05    1.08
  72  1.2000E+00  3.0481E-06  2.9077E-06   1.048    3.72    6.25   0.596  9.2263E-05    1.09
  73  1.4000E+00  2.9601E-06  2.8032E-06   1.056    3.88    6.50   0.597  9.1653E-05    1.09
  74  1.6000E+00  3.2212E-06  3.0283E-06   1.064    4.16    6.85   0.607  9.1061E-05    1.10
  75  1.8000E+00  2.8672E-06  2.6811E-06   1.069    4.47    7.18   0.622  9.0417E-05    1.10
  76  2.0000E+00  3.2187E-06  3.0245E-06   1.064    4.34    6.91   0.629  8.9843E-05    1.10
  77  2.3000E+00  3.5119E-06  3.3241E-06   1.057    4.17    6.57   0.634  8.8878E-05    1.09
  78  2.6000E+00  3.1350E-06  2.9692E-06   1.056    4.45    6.80   0.655  8.7824E-05    1.09
  79  2.9000E+00  3.2048E-06  3.0571E-06   1.048    4.38    6.62   0.662  8.6884E-05    1.08
  80  3.3000E+00  2.6820E-06  2.5810E-06   1.039    4.18    6.33   0.661  8.5602E-05    1.07
  81  3.7000E+00  2.6940E-06  2.6078E-06   1.033    4.18    6.31   0.663  8.4529E-05    1.05
  82  4.1000E+00  3.1988E-06  3.1206E-06   1.025    3.97    6.09   0.651  8.3451E-05    1.04
  83  4.5000E+00  3.7268E-06  3.6685E-06   1.016    3.53    5.66   0.623  8.2172E-05    1.02
  84  5.0000E+00  4.6873E-06  4.6511E-06   1.008    3.04    5.21   0.583  8.0308E-05    1.00
  85  5.5000E+00  5.8862E-06  5.8739E-06   1.002    2.67    4.92   0.542  7.7965E-05    0.97
  86  6.0000E+00  6.6324E-06  6.6542E-06   0.997    2.20    4.52   0.486  7.5022E-05    0.95
  87  6.7000E+00  6.8750E-06  6.9207E-06   0.993    1.87    4.28   0.436  7.0379E-05    0.93
  88  7.4000E+00  8.1599E-06  8.2300E-06   0.991    1.63    4.18   0.390  6.5566E-05    0.92
  89  8.2000E+00  8.4986E-06  8.5841E-06   0.990    1.40    4.06   0.345  5.9038E-05    0.92
  90  9.0000E+00  8.1017E-06  8.1887E-06   0.989    1.22    4.00   0.305  5.2240E-05    0.96
  91  1.0000E+01  7.5801E-06  7.6623E-06   0.989    1.09    3.98   0.273  4.4138E-05    1.05
  92  1.1000E+01  6.5156E-06  6.5801E-06   0.990    1.03    4.11   0.252  3.6558E-05    1.19
  93  1.2000E+01  5.6971E-06  5.7460E-06   0.991    1.05    4.26   0.247  3.0042E-05    1.38
  94  1.3000E+01  4.6569E-06  4.6892E-06   0.993    1.15    4.42   0.260  2.4345E-05    1.64
  95  1.4000E+01  3.4453E-06  3.4605E-06   0.996    1.37    4.70   0.292  1.9688E-05    1.96
  96  1.5000E+01  2.8106E-06  2.8149E-06   0.998    1.67    5.02   0.333  1.6243E-05    2.30
  97  1.6000E+01  2.3398E-06  2.3373E-06   1.001    1.95    5.28   0.370  1.3432E-05    2.70
  98  1.7000E+01  1.6844E-06  1.6770E-06   1.004    2.30    5.67   0.406  1.1092E-05    3.18
  99  1.8000E+01  1.5837E-06  1.5725E-06   1.007    2.59    5.97   0.433  9.4079E-06    3.67
 100  1.9000E+01  9.7352E-07  9.6235E-07   1.012    3.06    6.63   0.462  7.8242E-06    4.31
 101  2.0000E+01  7.8052E-07  7.6691E-07   1.018    3.73    7.63   0.488  6.8507E-06    4.83
 102  2.1000E+01  6.9928E-07  6.8497E-07   1.021    4.14    8.22   0.504  6.0702E-06    5.32
 103  2.2000E+01  6.7891E-07  6.6455E-07   1.022    4.40    8.49   0.519  5.3709E-06    5.83
 104  2.3000E+01  7.1597E-07  7.0186E-07   1.020    4.54    8.45   0.538  4.6920E-06    6.39
 105  2.4000E+01  5.5376E-07  5.4266E-07   1.020    5.02    8.85   0.567  3.9760E-06    7.11
 106  2.5000E+01  5.0613E-07  4.9539E-07   1.022    5.77    9.56   0.604  3.4222E-06    7.76
 107  2.6000E+01  4.3786E-07  4.2868E-07   1.021    6.51   10.10   0.645  2.9161E-06    8.40
 108  2.7000E+01  3.8600E-07  3.7808E-07   1.021    7.39   10.72   0.689  2.4782E-06    9.00
 109  2.8000E+01  3.4682E-07  3.4009E-07   1.020    8.31   11.32   0.734  2.0922E-06    9.52
 110  2.9000E+01  4.2521E-07  4.1881E-07   1.015    8.58   11.08   0.775  1.7454E-06    9.95
 111  3.0000E+01  3.2276E-07  3.1890E-07   1.012    9.13   11.23   0.813  1.3202E-06   10.60
 112  3.1000E+01  3.2929E-07  3.2593E-07   1.010   10.10   11.88   0.850  9.9746E-07   11.22
 113  3.2000E+01  3.6779E-07  3.6548E-07   1.006   10.32   11.74   0.879  6.6817E-07   11.90
 114  3.3000E+01  2.2381E-07  2.2240E-07   1.006   12.22   13.46   0.908  3.0038E-07   13.98
 115  3.4000E+01  7.6575E-08  7.5461E-08   1.015   19.27   20.55   0.938  7.6575E-08   19.27
      3.5000E+01

  INTEGRALS OF SPECTRA
    OLD SPECTRUM   9.5200E-05   ±    3.951 %
    NEW SPECTRUM   9.5380E-05   ±    1.052 %

  SUMMARY OF BROAD-GROUP FLUXES, FLUENCES, AND UNCERTAINTIES

    IRRAD TIME [S] = 1.00000000E+00   ACT NORM =  1.00000000E+00

       ENERGY       FLUX       FLUENCE      STDEV %
      thermal    0.0000E+00  0.0000E+00  ±   0.00     (0.100 meV – 0.550  eV)
     epithermal  1.3864E-07  1.3864E-07  ±   5.73     (0.550  eV – 110.0 keV)
        fast     9.5241E-05  9.5241E-05  ±   0.99     (110.0 keV –  20.0 MeV)
        fast     9.2933E-05  9.2933E-05  ±   1.02     (  1.0 MeV –  20.0 MeV)
        high     6.8507E-06  6.8507E-06  ±   4.83     ( 20.0 MeV –  60.0 MeV)

    MINI-SPECTRUM

       ENERGY       FLUX       FLUENCE      STDEV %
     1.0000E-10  0.0000E+00  0.0000E+00  ±   0.00
     5.5000E-07  7.0363E-09  7.0363E-09  ±   6.12
     1.0000E-04  1.3161E-07  1.3161E-07  ±   6.05
     1.1000E-01  8.2272E-07  8.2272E-07  ±   5.49
     5.0000E-01  1.4858E-06  1.4858E-06  ±   4.97
     1.0000E+00  3.0896E-06  3.0896E-06  ±   3.95
     2.0000E+00  9.5349E-06  9.5349E-06  ±   3.78
     5.0000E+00  3.6170E-05  3.6170E-05  ±   1.66
     1.0000E+01  3.7287E-05  3.7287E-05  ±   1.01
     2.0000E+01  6.8507E-06  6.8507E-06  ±   4.83
     6.0000E+01

       TOTAL     9.5380E-05  9.5380E-05  ±   1.05

    RELATIVE COVARIANCES (10×10)
        0     0     0     0     0     0     0     0     0     0
     1000   -72  -223  -320  -330  -189   -15    44    12
     1000   335  -138  -199  -118    21    41    24
     1000   367  -251  -248   -16    54    16
     1000   444  -210  -104    75     1
     1000   395   -71    72     0
     1000   473   -52    35
     1000    81    78
     1000  -148
     1000

  SPECTRAL-AVERAGED REACTION RATES (for all cross section library reactions)

        REACTIONS        SIG-PHI      <SIG>          REACTIONS        SIG-PHI      <SIG>          REACTIONS        SIG-PHI      <SIG>  
   ------------------  ----------  ----------   ------------------  ----------  ----------   ------------------  ----------  ----------
   LI6(N,A)T           7.3376E-30  7.6930E-26   FE58(N,G)FE59       8.1901E-32  8.5868E-28   IN115(N,N')IN115M   1.9901E-29  2.0865E-25
   B10(N,A)LI7         1.1786E-29  1.2357E-25   CO59(N,2N)CO58      1.9525E-29  2.0471E-25   IN115(N,2N)IN114M   4.1575E-29  4.3589E-25
   F19(N,2N)F18        1.4087E-30  1.4770E-26   CO59(N,3N)CO57      1.1724E-30  1.2292E-26   IN115(N,G)IN116M    1.6305E-30  1.7095E-26
   NA23(N,2N)NA22      1.5074E-30  1.5804E-26   CO59(N,G)CO60       3.0599E-31  3.2081E-27   I127(N,2N)I126      4.6943E-29  4.9216E-25
   NA23(N,G)NA24       1.8643E-32  1.9546E-28   CO59(N,P)FE59       2.8762E-30  3.0155E-26   LA139(N,G)LA140     1.9243E-31  2.0175E-27
   MG24(N,P)NA24       9.0402E-30  9.4780E-26   CO59(N,A)MN56       1.2011E-30  1.2593E-26   PR141(N,2N)PR140    5.2175E-29  5.4702E-25
   AL27(N,P)MG27       5.7630E-30  6.0422E-26   NI58(N,2N)NI57      1.2238E-30  1.2831E-26   TM169(N,2N)TM168    7.5779E-29  7.9449E-25
   AL27(N,A)NA24       5.3373E-30  5.5959E-26   NI58(N,P)CO58       4.1641E-29  4.3658E-25   TM169(N,3N)TM167    1.1708E-29  1.2275E-25
   SI28(N,P)AL28       1.5775E-29  1.6539E-25   NI60(N,P)CO60       7.2584E-30  7.6099E-26   TA181(N,G)TA182     1.6972E-30  1.7794E-26
   P31(N,P)SI31        1.0161E-29  1.0653E-25   CU63(N,2N)CU62      1.4058E-29  1.4739E-25   W186(N,G)W187       1.9464E-30  2.0407E-26
   S32(N,P)P32         2.5057E-29  2.6271E-25   CU63(N,G)CU64       3.8470E-31  4.0334E-27   AU197(N,2N)AU196    7.5029E-29  7.8663E-25
   TI46(N,2N)TI45      2.9707E-30  3.1146E-26   CU63(N,A)CO60       2.0797E-30  2.1804E-26   AU197(N,G)AU198     1.3496E-30  1.4149E-26
   TI46(N,P)SC46       1.7794E-29  1.8656E-25   CU65(N,2N)CU64      2.5247E-29  2.6469E-25   HG199(N,N')HG199M   4.2612E-29  4.4676E-25
   TI47(N,P)SC47       8.9171E-30  9.3490E-26   ZN64(N,P)CU64       1.6835E-29  1.7650E-25   PB204(N,N')PB204M   1.2817E-29  1.3438E-25
   TI47(N,X)SC46       3.3953E-30  3.5598E-26   ZN67(N,P)CU67       1.6776E-30  1.7589E-26   BI209(N,3N)BI207    1.3781E-29  1.4449E-25
   TI48(N,P)SC48       2.5123E-30  2.6340E-26   AS75(N,2N)AS74      2.7417E-29  2.8745E-25   TH232(N,FISSION)    3.0792E-29  3.2283E-25
   TI48(N,X)SC47       1.7684E-30  1.8541E-26   Y89(N,2N)Y88        2.4861E-29  2.6065E-25   TH232(N,G)TH233     1.2591E-30  1.3201E-26
   TI49(N,X)SC48       1.1283E-30  1.1830E-26   ZR90(N,2N)ZR89      2.1021E-29  2.2039E-25   U235(N,FISSION)     1.6054E-28  1.6832E-24
   V51(N,A)SC48        5.6096E-31  5.8814E-27   NB93(N,G)NB94       3.0000E-31  3.1454E-27   U235(N,G)U236       1.3466E-30  1.4118E-26
   CR52(N,2N)CR51      1.0842E-29  1.1367E-25   NB93(N,N')NB93M     1.3956E-29  1.4632E-25   U238(N,2N)U237      7.1768E-29  7.5244E-25
   MN55(N,2N)MN54      2.0206E-29  2.1185E-25   NB93(N,2N)NB92M     1.5174E-29  1.5909E-25   U238(N,FISSION)     9.0524E-29  9.4909E-25
   MN55(N,G)MN56       9.6143E-32  1.0080E-27   MO92(N,P)NB92M      6.6577E-30  6.9802E-26   U238(N,G)U239       1.2723E-30  1.3339E-26
   FE54(N,2N)FE53      1.1117E-30  1.1655E-26   RH103(N,N')RH103M   7.7744E-29  8.1509E-25   NP237(N,FISSION)    1.8574E-28  1.9473E-24
   FE54(N,P)MN54       3.4691E-29  3.6371E-25   AG109(N,G)AG110M    1.3213E-31  1.3853E-27   PU239(N,FISSION)    2.0598E-28  2.1595E-24
   FE54(N,A)CR51       3.9388E-30  4.1296E-26   IN113(N,N')IN113M   1.6609E-29  1.7413E-25   AM241(N,FISSION)    2.1275E-28  2.2305E-24
   FE56(N,P)MN56       5.1872E-30  5.4384E-26   IN113(N,G)IN114M    2.3069E-30  2.4186E-26   SC45(N,G)SC46       1.1304E-31  1.1851E-27

  INPUT FLUX REL. CORRELATION MATRIX (by row from diagonal)
   1   1000  1000  1000  1000  1000  1000  1000  1000  1000  1000  1000   143   109   339   626   636   473   302   333   425
        389   418   445   413   404   386   381   396   336   352   434   428   405   418   469   502   511   528   489   522
        607   634   670   666   720   809   876   488   168   217   955   960   938   470   282   315   385   567   484   325
        376   420   382   354   360   471   474   395   387   360   416   480   461   438   418   434   457   441   453   474
        476   492   530   576   610   664   700   719   740   751   753   730   705   679   638   597   568   529   502   453
        393   365   353   355   339   314   297   280   265   271   267   252   255   223   146   228  1000  1000  1000  1000
       1000  1000  1000  1000  1000  1000  1000  1000  1000  1000  1000  1000  1000  1000  1000  1000  1000  1000  1000  1000

  OUTPUT FLUX REL. CORRELATION MATRIX (by row from diagonal)
   1   1000  1000  1000  1000  1000  1000  1000  1000  1000  1000  1000   -17   -55    86   336   339   159     4    19    92
         57    81   108    82    80    71    76    98    60    84   162   168   159   178   229   264   279   298   270   300
        380   406   443   437   497   613   722   249     7    30   886   897   847   184    24    38    83   247   153     5
         37    66    21   -14   -21    76    69   -28   -50   -92   -43    27    -4   -40   -68   -50   -25   -48   -39   -25
        -37   -35   -11    26    51   127   187   217   277   322   347   256   156    72   -31   -86   -80   -81   -49   -55
        -69   -36    14    74   100   108   117   120   121   137   141   134   140   120    72   129  1000  1000  1000  1000
       1000  1000  1000  1000  1000  1000  1000  1000  1000  1000  1000  1000  1000  1000  1000  1000  1000  1000  1000  1000
   2   1000  1000  1000  1000  1000  1000  1000  1000  1000  1000   -17   -55    86   336   339   159     4    19    92    57
         81   108    82    80    71    76    98    60    84   162   168   159   178   229   264   279   298   270   300   380
        406   443   437   497   613   722   249     7    30   886   897   847   184    24    38    83   247   153     5    37
         66    21   -14   -21    76    69   -28   -50   -92   -43    27    -4   -40   -68   -50   -25   -48   -39   -25   -37
        -35   -11    26    51   127   187   217   277   322   347   256   156    72   -31   -86   -80   -81   -49   -55   -69
        -36    14    74   100   108   117   120   121   137   141   134   140   120    72   129  1000  1000  1000  1000  1000
       1000  1000  1000  1000  1000  1000  1000  1000  1000  1000  1000  1000  1000  1000  1000  1000  1000  1000  1000
   3   1000  1000  1000  1000  1000  1000  1000  1000  1000   -17   -55    86   336   339   159     4    19    92    57    81
        108    82    80    71    76    98    60    84   162   168   159   178   229   264   279   298   270   300   380   406
        443   437   497   613   722   249     7    30   886   897   847   184    24    38    83   247   153     5    37    66
         21   -14   -21    76    69   -28   -50   -92   -43    27    -4   -40   -68   -50   -25   -48   -39   -25   -37   -35
        -11    26    51   127   187   217   277   322   347   256   156    72   -31   -86   -80   -81   -49   -55   -69   -36
         14    74   100   108   117   120   121   137   141   134   140   120    72   129  1000  1000  1000  1000  1000  1000
       1000  1000  1000  1000  1000  1000  1000  1000  1000  1000  1000  1000  1000  1000  1000  1000  1000  1000
   4   1000  1000  1000  1000  1000  1000  1000  1000   -17   -55    86   336   339   159     4    19    92    57    81   108
         82    80    71    76    98    60    84   162   168   159   178   229   264   279   298   270   300   380   406   443
        437   497   613   722   249     7    30   886   897   847   184    24    38    83   247   153     5    37    66    21
        -14   -21    76    69   -28   -50   -92   -43    27    -4   -40   -68   -50   -25   -48   -39   -25   -37   -35   -11
         26    51   127   187   217   277   322   347   256   156    72   -31   -86   -80   -81   -49   -55   -69   -36    14
         74   100   108   117   120   121   137   141   134   140   120    72   129  1000  1000  1000  1000  1000  1000  1000
       1000  1000  1000  1000  1000  1000  1000  1000  1000  1000  1000  1000  1000  1000  1000  1000  1000
   5   1000  1000  1000  1000  1000  1000  1000   -17   -55    86   336   339   159     4    19    92    57    81   108    82
         80    71    76    98    60    84   162   168   159   178   229   264   279   298   270   300   380   406   443   437
        497   613   722   249     7    30   886   897   847   184    24    38    83   247   153     5    37    66    21   -14
        -21    76    69   -28   -50   -92   -43    27    -4   -40   -68   -50   -25   -48   -39   -25   -37   -35   -11    26
         51   127   187   217   277   322   347   256   156    72   -31   -86   -80   -81   -49   -55   -69   -36    14    74
        100   108   117   120   121   137   141   134   140   120    72   129  1000  1000  1000  1000  1000  1000  1000  1000
       1000  1000  1000  1000  1000  1000  1000  1000  1000  1000  1000  1000  1000  1000  1000  1000
   6   1000  1000  1000  1000  1000  1000   -17   -55    86   336   339   159     4    19    92    57    81   108    82    80
         71    76    98    60    84   162   168   159   178   229   264   279   298   270   300   380   406   443   437   497
        613   722   249     7    30   886   897   847   184    24    38    83   247   153     5    37    66    21   -14   -21
         76    69   -28   -50   -92   -43    27    -4   -40   -68   -50   -25   -48   -39   -25   -37   -35   -11    26    51
        127   187   217   277   322   347   256   156    72   -31   -86   -80   -81   -49   -55   -69   -36    14    74   100
        108   117   120   121   137   141   134   140   120    72   129  1000  1000  1000  1000  1000  1000  1000  1000  1000
       1000  1000  1000  1000  1000  1000  1000  1000  1000  1000  1000  1000  1000  1000  1000
   7   1000  1000  1000  1000  1000   -17   -55    86   336   339   159     4    19    92    57    81   108    82    80    71
         76    98    60    84   162   168   159   178   229   264   279   298   270   300   380   406   443   437   497   613
        722   249     7    30   886   897   847   184    24    38    83   247   153     5    37    66    21   -14   -21    76
         69   -28   -50   -92   -43    27    -4   -40   -68   -50   -25   -48   -39   -25   -37   -35   -11    26    51   127
        187   217   277   322   347   256   156    72   -31   -86   -80   -81   -49   -55   -69   -36    14    74   100   108
        117   120   121   137   141   134   140   120    72   129  1000  1000  1000  1000  1000  1000  1000  1000  1000  1000
       1000  1000  1000  1000  1000  1000  1000  1000  1000  1000  1000  1000  1000  1000
   8   1000  1000  1000  1000   -17   -55    86   336   339   159     4    19    92    57    81   108    82    80    71    76
         98    60    84   162   168   159   178   229   264   279   298   270   300   380   406   443   437   497   613   722
        249     7    30   886   897   847   184    24    38    83   247   153     5    37    66    21   -14   -21    76    69
        -28   -50   -92   -43    27    -4   -40   -68   -50   -25   -48   -39   -25   -37   -35   -11    26    51   127   187
        217   277   322   347   256   156    72   -31   -86   -80   -81   -49   -55   -69   -36    14    74   100   108   117
        120   121   137   141   134   140   120    72   129  1000  1000  1000  1000  1000  1000  1000  1000  1000  1000  1000
       1000  1000  1000  1000  1000  1000  1000  1000  1000  1000  1000  1000  1000
   9   1000  1000  1000   -17   -55    86   336   339   159     4    19    92    57    81   108    82    80    71    76    98
         60    84   162   168   159   178   229   264   279   298   270   300   380   406   443   437   497   613   722   249
          7    30   886   897   847   184    24    38    83   247   153     5    37    66    21   -14   -21    76    69   -28
        -50   -92   -43    27    -4   -40   -68   -50   -25   -48   -39   -25   -37   -35   -11    26    51   127   187   217
        277   322   347   256   156    72   -31   -86   -80   -81   -49   -55   -69   -36    14    74   100   108   117   120
        121   137   141   134   140   120    72   129  1000  1000  1000  1000  1000  1000  1000  1000  1000  1000  1000  1000
       1000  1000  1000  1000  1000  1000  1000  1000  1000  1000  1000  1000
  10   1000  1000   -17   -55    86   336   339   159     4    19    92    57    81   108    82    80    71    76    98    60
         84   162   168   159   178   229   264   279   298   270   300   380   406   443   437   497   613   722   249     7
         30   886   897   847   184    24    38    83   247   153     5    37    66    21   -14   -21    76    69   -28   -50
        -92   -43    27    -4   -40   -68   -50   -25   -48   -39   -25   -37   -35   -11    26    51   127   187   217   277
        322   347   256   156    72   -31   -86   -80   -81   -49   -55   -69   -36    14    74   100   108   117   120   121
        137   141   134   140   120    72   129  1000  1000  1000  1000  1000  1000  1000  1000  1000  1000  1000  1000  1000
       1000  1000  1000  1000  1000  1000  1000  1000  1000  1000  1000
  11   1000   -17   -55    86   336   339   159     4    19    92    57    81   108    82    80    71    76    98    60    84
        162   168   159   178   229   264   279   298   270   300   380   406   443   437   497   613   722   249     7    30
        886   897   847   184    24    38    83   247   153     5    37    66    21   -14   -21    76    69   -28   -50   -92
        -43    27    -4   -40   -68   -50   -25   -48   -39   -25   -37   -35   -11    26    51   127   187   217   277   322
        347   256   156    72   -31   -86   -80   -81   -49   -55   -69   -36    14    74   100   108   117   120   121   137
        141   134   140   120    72   129  1000  1000  1000  1000  1000  1000  1000  1000  1000  1000  1000  1000  1000  1000
       1000  1000  1000  1000  1000  1000  1000  1000  1000  1000
  12   1000   987   946   835   761   712   623   518   410   314   225   148    86    37     0   -24   -42   -51   -56   -57
        -56   -53   -50   -46   -43   -39   -37   -34   -33   -33   -33   -34   -35   -37   -39   -40   -46   -47   -52   -42
        -44   -51   -76   -80   -86   -93   -99  -106  -110  -117  -125  -131  -139  -147  -158  -168  -176  -185  -192  -200
       -204  -202  -195  -184  -170  -154  -137  -120  -103   -87   -72   -58   -46   -34   -25   -16    -8    -1     4     9
         15    19    19    17    15    11     9     6     5     4     3     2     0     0     0     0     0     0     0     0
          0    -1     0     0    -1   -17   -17   -17   -17   -17   -17   -17   -17   -17   -17   -17   -17   -17   -17   -17
        -17   -17   -17   -17   -17   -17   -17   -17   -17
  13   1000   977   875   818   791   716   612   497   395   293   202   128    67    20   -15   -40   -53   -62   -69   -70
        -67   -64   -62   -60   -56   -54   -50   -49   -52   -53   -55   -56   -61   -67   -72   -62   -55   -62   -80   -82
        -89   -95   -94  -101  -110  -123  -127  -127  -135  -144  -150  -156  -165  -180  -190  -195  -204  -210  -220  -227
       -223  -214  -200  -185  -169  -149  -131  -113   -95   -78   -64   -52   -40   -33   -25   -17   -12    -6    -2     8
         15    18    21    20    16    13     9     8     7     5     1    -1    -3    -3    -4    -4    -4    -5    -6    -5
         -6    -5    -2    -6   -55   -55   -55   -55   -55   -55   -55   -55   -55   -55   -55   -55   -55   -55   -55   -55
        -55   -55   -55   -55   -55   -55   -55   -55
  14   1000   955   919   887   804   708   606   494   387   289   198   123    63    17   -13   -38   -50   -49   -51   -51
        -46   -37   -29   -23   -17   -17   -12    -3     0     2     0     4    15    26   -34   -62   -66    41    40    24
        -80  -103  -110  -113  -103  -120  -142  -147  -152  -164  -176  -186  -187  -199  -219  -231  -243  -246  -243  -243
       -238  -227  -209  -187  -169  -148  -127  -109   -91   -72   -53   -37   -17     0    12    27    39    48    46    40
         31    18     9     6     3     3     1    -1     0     4     9    11    11    12    12    12    13    13    13    13
         11     7    12    86    86    86    86    86    86    86    86    86    86    86    86    86    86    86    86    86
         86    86    86    86    86    86    86
  15   1000   988   935   835   760   688   574   475   380   277   193   121    68    34    -8   -19    -4    -7   -12    -3
         17    33    43    53    46    59    89    98   111   107   126   166   204    24   -65   -63   260   262   233   -40
       -104  -107   -99   -48   -89  -148  -145  -142  -166  -187  -198  -174  -187  -231  -249  -271  -262  -240  -248  -252
       -247  -224  -197  -183  -160  -135  -120  -102   -77   -48   -25    12    45    66    96   120   136   111    80    50
         12   -10   -12   -16    -8   -12   -18    -8     8    27    36    38    41    42    42    47    49    46    48    41
         25    44   336   336   336   336   336   336   336   336   336   336   336   336   336   336   336   336   336   336
        336   336   336   336   336   336
  16   1000   970   892   835   775   668   570   470   359   264   179   113    67    15    -4     4    -4   -12    -5    14
         30    39    49    42    56    86    95   108   104   123   163   202    19   -72   -71   259   261   230   -51  -116
       -119  -112   -60  -103  -163  -159  -157  -181  -202  -213  -189  -202  -247  -265  -287  -277  -255  -263  -265  -260
       -236  -207  -193  -169  -143  -127  -107   -82   -52   -28    10    44    66    96   121   138   114    83    53    13
         -9   -11   -15    -7   -11   -18    -7     8    28    36    39    42    43    43    48    49    47    49    42    25
         44   339   339   339   339   339   339   339   339   339   339   339   339   339   339   339   339   339   339   339
        339   339   339   339   339
  17   1000   974   935   876   785   684   574   458   349   250   167   101    41     4   -10   -27   -39   -40   -31   -23
        -17   -10   -12    -4    11    16    22    18    27    46    65   -35   -84   -89    93    93    69  -100  -138  -145
       -147  -125  -151  -186  -189  -192  -208  -223  -234  -228  -240  -268  -282  -297  -296  -287  -288  -283  -271  -248
       -222  -202  -177  -152  -132  -111   -88   -64   -43   -15     7    25    46    64    77    70    58    43    22     8
          5     1     2     0    -4     0     6    15    19    20    21    21    21    23    24    23    23    20    12    21
        159   159   159   159   159   159   159   159   159   159   159   159   159   159   159   159   159   159   159   159
        159   159   159   159
  18   1000   985   939   872   779   671   558   443   335   237   153    85    31    -7   -34   -51   -61   -65   -65   -63
        -60   -58   -55   -51   -50   -50   -53   -54   -53   -50   -81   -93  -102   -47   -49   -66  -140  -154  -164  -173
       -177  -190  -201  -209  -217  -227  -236  -246  -255  -266  -278  -289  -297  -304  -305  -300  -289  -272  -251  -228
       -203  -179  -155  -132  -111   -90   -71   -54   -37   -22    -8     3    15    24    32    36    34    29    24    19
         14    11     9     7     5     4     4     3     3     3     3     2     2     2     2     2     2     1     1     4
          4     4     4     4     4     4     4     4     4     4     4     4     4     4     4     4     4     4     4     4
          4     4     4
  19   1000   982   940   868   774   668   554   440   333   237   155    88    37     0   -27   -44   -52   -56   -57   -55
        -55   -52   -48   -47   -47   -50   -50   -47   -42   -82   -98  -108   -37   -39   -58  -146  -162  -173  -181  -183
       -197  -211  -219  -227  -236  -246  -256  -263  -274  -287  -298  -306  -312  -311  -307  -296  -278  -257  -233  -208
       -183  -159  -136  -114   -93   -73   -55   -37   -20    -6     7    20    30    37    39    37    30    23    18    14
         11     9     6     5     5     5     5     5     5     4     4     4     4     4     4     3     2     3    19    19
         19    19    19    19    19    19    19    19    19    19    19    19    19    19    19    19    19    19    19    19
         19    19
  20   1000   984   940   868   775   669   555   444   340   244   166   107    57    18    -6   -19   -25   -30   -30   -34
        -31   -21   -19   -16   -20   -16    -4     7   -67  -102  -110    24    23     0  -138  -166  -176  -182  -171  -193
       -218  -223  -228  -241  -253  -262  -262  -273  -293  -305  -316  -317  -311  -308  -300  -284  -261  -235  -212  -187
       -161  -139  -117   -95   -72   -52   -28    -8     8    27    43    56    56    51    43    29    18    13     9     8
          5     1     3     6    11    13    13    13    13    13    14    14    14    14    12     7    13    92    92    92
         92    92    92    92    92    92    92    92    92    92    92    92    92    92    92    92    92    92    92    92
         92
  21   1000   984   938   866   774   668   556   447   342   251   175   111    60    23     0   -16   -27   -33   -39   -39
        -34   -34   -33   -37   -35   -28   -19   -78  -105  -114    -8   -10   -32  -149  -172  -182  -190  -185  -203  -223
       -229  -235  -246  -256  -265  -268  -278  -294  -304  -313  -316  -312  -308  -298  -281  -259  -234  -210  -185  -160
       -138  -116   -95   -74   -54   -34   -15     0    17    31    43    47    46    41    30    22    17    12    11     7
          4     5     6     8     9     9     9     9     9     9     9     9     9     8     5     8    57    57    57    57
         57    57    57    57    57    57    57    57    57    57    57    57    57    57    57    57    57    57    57    57
  22   1000   984   939   867   776   672   563   454   354   267   190   126    77    42    17     0   -11   -22   -25   -21
        -21   -21   -25   -23   -13    -2   -73  -106  -114    12    11   -11  -145  -173  -183  -189  -180  -200  -223  -229
       -233  -245  -256  -264  -264  -274  -292  -302  -311  -312  -306  -303  -293  -278  -255  -230  -207  -183  -158  -137
       -116   -94   -72   -53   -30   -10     5    23    39    51    53    50    42    30    20    15    11    10     6     3
          4     7    10    12    12    12    12    12    13    13    12    12    11     7    11    81    81    81    81    81
         81    81    81    81    81    81    81    81    81    81    81    81    81    81    81    81    81    81    81
  23   1000   984   939   868   779   678   570   466   371   283   207   145    99    63    36    18     0    -6    -4    -6
         -6   -12    -9     3    17   -66  -105  -113    36    35    11  -139  -171  -180  -185  -171  -194  -221  -225  -228
       -241  -252  -260  -257  -266  -286  -296  -306  -305  -297  -294  -286  -271  -249  -224  -203  -178  -154  -134  -114
        -92   -70   -50   -26    -5    11    30    47    60    59    53    44    28    17    13     8     8     5     1     3
          7    12    14    15    15    15    15    16    17    16    16    14     8    15   108   108   108   108   108   108
        108   108   108   108   108   108   108   108   108   108   108   108   108   108   108   108   108   108
  24   1000   985   940   871   784   683   579   477   381   293   217   156   107    68    40    15     1    -2    -9   -12
        -19   -19   -10     0   -70  -103  -112    14    13    -9  -142  -168  -178  -184  -174  -194  -216  -221  -225  -236
       -245  -253  -251  -260  -276  -285  -294  -293  -287  -283  -274  -260  -239  -215  -194  -171  -148  -129  -109   -89
        -68   -50   -28    -9     6    23    38    50    51    48    41    28    19    15    10     9     6     3     4     7
         10    12    12    12    12    12    13    13    12    12    11     7    11    82    82    82    82    82    82    82
         82    82    82    82    82    82    82    82    82    82    82    82    82    82    82    82    82
  25   1000   985   941   874   788   691   589   488   393   306   232   170   119    79    46    24    13     2    -4   -14
        -15    -7     1   -67   -99  -108    14    13    -8  -137  -163  -172  -177  -168  -187  -209  -213  -216  -227  -236
       -243  -241  -249  -264  -272  -280  -280  -273  -270  -261  -247  -227  -205  -185  -163  -141  -123  -104   -85   -65
        -48   -27    -9     6    22    37    48    50    46    39    27    18    14    10     9     6     3     4     6    10
         11    11    12    12    11    12    12    12    12    10     6    11    80    80    80    80    80    80    80    80
         80    80    80    80    80    80    80    80    80    80    80    80    80    80    80    80
  26   1000   985   943   877   794   697   597   498   403   317   242   179   127    84    52    32    15     3    -8   -12
         -8     0   -64   -94  -103     9     8   -12  -132  -156  -165  -170  -162  -179  -199  -203  -207  -216  -224  -230
       -229  -236  -250  -258  -265  -264  -258  -255  -246  -233  -214  -193  -174  -154  -133  -116   -98   -80   -62   -45
        -26    -9     4    20    33    44    46    43    37    26    18    14    10     9     6     3     4     6     9    10
         10    11    10    10    11    11    11    11     9     6    10    71    71    71    71    71    71    71    71    71
         71    71    71    71    71    71    71    71    71    71    71    71    71    71    71
  27   1000   985   944   880   797   705   607   508   414   328   253   190   135    93    64    40    22     6     0     1
          7   -56   -88   -96    17    15    -4  -123  -147  -155  -160  -150  -168  -188  -191  -194  -203  -211  -217  -214
       -221  -235  -242  -249  -248  -241  -238  -230  -218  -200  -180  -163  -144  -125  -108   -92   -75   -58   -42   -23
         -7     6    21    34    45    45    42    36    24    16    12     9     8     5     2     3     6     9    11    11
         11    11    11    12    12    11    11    10     6    10    76    76    76    76    76    76    76    76    76    76
         76    76    76    76    76    76    76    76    76    76    76    76    76    76
  28   1000   985   946   883   804   713   617   519   427   342   268   202   149   111    78    55    33    23    24    30
        -43   -79   -87    40    39    19  -109  -136  -144  -147  -133  -152  -175  -177  -179  -188  -197  -202  -197  -203
       -219  -226  -233  -231  -223  -221  -214  -204  -187  -168  -152  -134  -116  -101   -86   -70   -53   -38   -18    -1
         11    27    40    51    49    43    35    22    13     9     6     6     3     0     2     6    11    13    13    13
         13    13    15    15    14    15    12     8    13    98    98    98    98    98    98    98    98    98    98    98
         98    98    98    98    98    98    98    98    98    98    98    98    98
  29   1000   986   942   881   804   713   615   516   424   339   264   198   144   101    67    39    21    13    11   -42
        -71   -80    10     9    -8  -107  -127  -134  -139  -132  -146  -162  -165  -168  -175  -182  -187  -185  -190  -202
       -207  -213  -212  -207  -204  -197  -186  -171  -154  -139  -123  -107   -93   -79   -64   -49   -36   -21    -7     4
         16    27    37    38    35    30    21    14    11     8     7     5     2     3     5     8     9     9     9     9
          9     9     9     9     9     8     5     8    60    60    60    60    60    60    60    60    60    60    60    60
         60    60    60    60    60    60    60    60    60    60    60    60
  30   1000   984   945   887   809   718   621   526   434   351   275   210   157   114    78    55    44    40   -23   -59
        -69    36    35    17   -92  -116  -122  -125  -113  -130  -149  -151  -152  -160  -167  -172  -167  -172  -185  -191
       -197  -195  -188  -187  -181  -173  -158  -142  -129  -114   -98   -86   -73   -59   -44   -32   -15    -1    10    23
         35    44    42    37    30    19    11     8     5     5     3     0     2     5     9    11    11    12    11    11
         12    13    12    12    11     6    11    84    84    84    84    84    84    84    84    84    84    84    84    84
         84    84    84    84    84    84    84    84    84    84    84
  31   1000   987   950   892   817   731   640   547   457   374   304   242   193   148   121   111   110    11   -45   -54
        111   109    89   -67  -102  -107  -105   -81  -104  -134  -133  -132  -143  -152  -157  -144  -150  -170  -177  -186
       -180  -168  -169  -167  -162  -147  -130  -120  -106   -91   -81   -69   -54   -38   -24    -3    15    28    45    59
         69    60    47    33    14     2     0    -2     0    -1    -5    -1     6    15    19    19    21    21    21    23
         24    22    23    20    12    21   162   162   162   162   162   162   162   162   162   162   162   162   162   162
        162   162   162   162   162   162   162   162   162   162
  32   1000   987   951   893   819   734   643   551   461   381   309   249   195   159   140   132    32   -28   -40   121
        119    99   -55   -91   -95   -94   -68   -91  -121  -120  -118  -129  -138  -143  -129  -134  -155  -162  -171  -164
       -152  -153  -153  -148  -135  -119  -110   -97   -83   -74   -63   -49   -34   -21     0    17    29    46    60    70
         60    46    32    12     0     0    -3     0    -2    -6    -1     6    15    19    20    21    21    21    24    24
         23    24    21    12    22   168   168   168   168   168   168   168   168   168   168   168   168   168   168   168
        168   168   168   168   168   168   168   168   168
  33   1000   987   950   891   818   733   643   551   461   380   308   245   197   166   147    55    -8   -24   119   116
         97   -47   -81   -85   -83   -60   -81  -110  -108  -106  -117  -125  -129  -117  -121  -141  -147  -156  -150  -138
       -139  -139  -135  -123  -108  -101   -88   -76   -67   -58   -45   -30   -18     0    17    28    44    57    66    56
         43    29    11     0    -1    -3     0    -2    -6    -1     5    14    18    19    20    20    20    22    23    22
         23    19    12    21   159   159   159   159   159   159   159   159   159   159   159   159   159   159   159   159
        159   159   159   159   159   159   159   159
  34   1000   987   949   893   820   738   648   555   468   388   317   258   217   189    91    17    -3   145   140   121
        -31   -69   -74   -71   -44   -67   -98   -95   -93  -104  -113  -117  -102  -107  -128  -135  -144  -137  -123  -126
       -127  -125  -113   -99   -93   -81   -69   -62   -53   -41   -26   -15     5    22    33    49    62    72    59    44
         29     9    -3    -4    -6    -2    -4    -8    -2     5    15    20    21    22    22    22    25    26    24    25
         22    13    23   178   178   178   178   178   178   178   178   178   178   178   178   178   178   178   178   178
        178   178   178   178   178   178   178
  35   1000   988   953   898   828   746   657   570   486   407   342   294   259   141    49    23   199   193   171   -10
        -56   -60   -56   -21   -48   -86   -82   -78   -91  -102  -106   -86   -91  -116  -124  -136  -126  -109  -114  -117
       -117  -105   -91   -87   -76   -64   -58   -50   -37   -22    -9    13    32    45    63    78    88    71    50    31
          5    -8    -9   -11    -5    -7   -12    -5     6    19    24    26    28    28    28    32    33    31    32    28
         17    30   229   229   229   229   229   229   229   229   229   229   229   229   229   229   229   229   229   229
        229   229   229   229   229   229
  36   1000   988   954   901   831   751   666   581   498   425   368   324   196    88    56   242   234   210    10   -43
        -48   -42    -2   -33   -76   -71   -66   -80   -92   -97   -73   -78  -107  -115  -128  -116   -97  -104  -109  -110
        -98   -84   -81   -71   -59   -55   -47   -34   -18    -5    19    40    53    73    89   100    79    54    32     3
        -12   -13   -14    -7   -10   -14    -6     6    21    28    30    32    33    33    37    38    36    37    32    19
         34   264   264   264   264   264   264   264   264   264   264   264   264   264   264   264   264   264   264   264
        264   264   264   264   264
  37   1000   988   955   902   832   753   669   585   506   437   381   255   136    95   269   258   233    28   -30   -36
        -31     9   -22   -68   -62   -56   -72   -84   -89   -64   -68   -98  -107  -121  -108   -88   -95  -101  -104   -92
        -78   -77   -67   -55   -52   -45   -32   -16    -3    22    44    57    77    94   104    82    55    32     1   -15
        -15   -16    -9   -11   -16    -7     6    22    29    31    34    34    34    39    40    38    39    34    20    36
        279   279   279   279   279   279   279   279   279   279   279   279   279   279   279   279   279   279   279   279
        279   279   279   279
  38   1000   988   955   902   834   756   675   592   515   447   324   193   142   304   289   262    50   -14   -23   -19
         23   -11   -60   -54   -48   -64   -78   -82   -55   -60   -92  -101  -116  -103   -81   -89   -96   -99   -88   -74
        -73   -64   -53   -50   -43   -30   -13    -1    26    48    61    83   100   110    86    57    32     0   -17   -17
        -18   -10   -13   -18    -8     6    23    31    33    36    37    37    41    42    40    42    36    22    39   298
        298   298   298   298   298   298   298   298   298   298   298   298   298   298   298   298   298   298   298   298
        298   298   298
  39   1000   988   950   895   825   750   664   573   488   395   262   200   301   280   254    68     2   -10   -11    24
         -8   -54   -50   -45   -61   -73   -78   -54   -58   -88   -96  -110   -98   -79   -86   -92   -95   -84   -71   -70
        -61   -50   -47   -41   -29   -13    -1    23    43    55    75    90   100    78    52    30     0   -15   -15   -16
         -9   -11   -16    -7     5    21    28    30    32    33    33    37    38    37    38    33    20    35   270   270
        270   270   270   270   270   270   270   270   270   270   270   270   270   270   270   270   270   270   270   270
        270   270
  40   1000   985   951   897   833   753   661   570   482   337   267   354   328   300   103    26     7     4    41     3
        -48   -43   -39   -56   -70   -75   -48   -53   -86   -95  -110   -97   -76   -84   -91   -95   -84   -70   -70   -61
        -50   -47   -41   -28   -12     0    27    49    62    83   100   110    86    57    31     0   -18   -18   -19   -11
        -13   -18    -9     6    23    31    33    36    37    37    41    43    41    42    36    22    39   300   300   300
        300   300   300   300   300   300   300   300   300   300   300   300   300   300   300   300   300   300   300   300
        300
  41   1000   989   957   909   845   766   680   575   410   336   452   422   390   151    55    32    27    73    25   -40
        -34   -28   -50   -67   -73   -39   -45   -85   -97  -115   -98   -71   -82   -93   -99   -86   -71   -72   -63   -51
        -49   -43   -28    -9     5    38    64    80   106   126   138   106    69    37    -3   -25   -24   -26   -15   -18
        -24   -12     7    29    39    42    45    46    47    52    54    51    54    46    27    49   380   380   380   380
        380   380   380   380   380   380   380   380   380   380   380   380   380   380   380   380   380   380   380   380
  42   1000   989   959   910   839   754   662   492   414   508   473   440   198    90    59    49    94    39   -32   -28
        -23   -47   -66   -73   -36   -43   -86   -99  -118  -100   -72   -84   -95  -102   -89   -73   -75   -65   -52   -51
        -44   -29    -8     6    41    69    86   113   134   147   113    73    38    -4   -28   -27   -28   -16   -19   -26
        -13     7    31    42    44    48    49    50    56    57    55    57    49    29    52   406   406   406   406   406
        406   406   406   406   406   406   406   406   406   406   406   406   406   406   406   406   406   406   406
  43   1000   990   960   904   827   743   571   493   575   535   502   254   131    93    77   121    58   -23   -21   -17
        -44   -66   -74   -35   -42   -89  -103  -124  -105   -74   -87  -100  -107   -93   -76   -79   -68   -55   -53   -47
        -30    -8     7    45    76    94   123   146   160   122    79    41    -5   -31   -30   -31   -18   -22   -28   -14
          7    34    45    48    53    54    54    61    63    60    62    54    32    57   443   443   443   443   443   443
        443   443   443   443   443   443   443   443   443   443   443   443   443   443   443   443   443   443
  44   1000   988   944   871   821   658   582   609   566   536   314   183   134   108   143    74   -12   -14   -14   -44
        -67   -76   -39   -47   -94  -108  -130  -111   -81   -94  -106  -113   -99   -81   -83   -72   -58   -56   -49   -32
        -10     6    44    75    92   122   145   159   121    79    41    -4   -30   -29   -31   -18   -21   -28   -14     7
         33    45    48    52    53    54    60    62    59    62    53    32    56   437   437   437   437   437   437   437
        437   437   437   437   437   437   437   437   437   437   437   437   437   437   437   437   437
  45   1000   982   930   874   712   646   694   650   621   384   238   181   150   185   105     3    -1    -3   -38   -66
        -78   -35   -45   -99  -115  -140  -118   -84   -99  -113  -121  -106   -86   -89   -77   -62   -60   -53   -34    -9
          8    51    86   105   139   164   180   137    88    46    -6   -35   -34   -35   -21   -24   -32   -16     8    38
         51    54    59    60    61    68    70    67    70    60    36    64   497   497   497   497   497   497   497   497
        497   497   497   497   497   497   497   497   497   497   497   497   497   497   497   497
  46   1000   983   880   709   663   810   770   742   448   282   225   194   242   147    23    17    14   -28   -62   -76
        -24   -35  -101  -120  -150  -123   -81   -99  -118  -130  -112   -89   -95   -82   -65   -65   -57   -35    -6    14
         66   107   131   171   202   220   167   107    55   -10   -45   -43   -45   -27   -31   -40   -20    10    46    62
         67    73    74    75    84    87    83    86    74    44    79   613   613   613   613   613   613   613   613   613
        613   613   613   613   613   613   613   613   613   613   613   613   613   613   613
  47   1000   842   663   639   901   869   842   491   313   258   232   295   186    44    37    35   -15   -55   -72   -10
        -23  -100  -122  -157  -124   -74   -97  -119  -134  -115   -90   -98   -84   -66   -68   -60   -36    -2    21    80
        128   154   201   237   258   194   123    62   -14   -55   -52   -54   -32   -37   -48   -24    11    54    73    78
         85    87    88    99   102    97   102    87    52    93   722   722   722   722   722   722   722   722   722   722
        722   722   722   722   722   722   722   722   722   722   722   722   722   722
  48   1000   958   927   621   572   584   640   512   418   337   288   197    99    55    20   -24   -60   -83   -75   -91
       -128  -143  -161  -154  -139  -146  -150  -149  -135  -117  -111   -96   -81   -72   -61   -45   -27   -12    14    36
         50    71    87    98    78    55    33     5   -10   -11   -13    -7   -10   -14    -6     5    20    26    28    30
         31    31    35    36    34    36    31    18    32   249   249   249   249   249   249   249   249   249   249   249
        249   249   249   249   249   249   249   249   249   249   249   249   249
  49   1000   987   446   399   438   710   621   517   415   312   231   156    90    35    -9   -45   -74   -97  -116  -133
       -146  -156  -163  -166  -165  -160  -151  -140  -127  -113   -99   -85   -72   -60   -49   -38   -28   -18   -10    -2
          4    10    15    18    19    18    14    11     8     6     5     4     2     2     2     2     2     2     2     2
          2     2     2     2     2     1     1     1     7     7     7     7     7     7     7     7     7     7     7     7
          7     7     7     7     7     7     7     7     7     7     7     7
  50   1000   483   446   499   802   718   617   512   403   312   222   145    79    21   -25   -63   -91  -116  -140  -157
       -171  -179  -181  -182  -178  -169  -156  -141  -126  -111   -95   -81   -68   -54   -41   -30   -18    -7     1    10
         18    24    26    25    21    15    10     8     5     4     3     1     1     2     4     5     5     5     5     5
          5     5     5     5     4     3     4    30    30    30    30    30    30    30    30    30    30    30    30    30
         30    30    30    30    30    30    30    30    30    30    30
  51   1000   997   984   568   395   364   356   445   319   144   130   119    48   -10   -39    29     7   -91  -121  -166
       -127   -68   -96  -126  -145  -124   -95  -106   -91   -71   -74   -66   -38     1    29   101   159   190   246   290
        315   237   149    74   -19   -69   -65   -67   -41   -46   -60   -31    14    67    90    96   105   107   108   122
        125   119   125   107    64   114   886   886   886   886   886   886   886   886   886   886   886   886   886   886
        886   886   886   886   886   886   886   886   886   886
  52   1000   992   577   413   389   387   481   355   177   161   147    71     7   -25    40    15   -87  -120  -167  -130
        -70  -100  -130  -150  -128   -98  -110   -95   -73   -76   -68   -39     0    29   102   160   192   249   293   319
        240   151    75   -19   -70   -66   -68   -41   -47   -60   -31    14    67    91    97   106   109   110   123   127
        121   126   108    64   116   897   897   897   897   897   897   897   897   897   897   897   897   897   897   897
        897   897   897   897   897   897   897   897   897
  53   1000   672   524   503   496   573   445   265   234   204   116    41    -3    46    11   -94  -133  -183  -153   -99
       -129  -157  -175  -152  -121  -129  -112   -89   -89   -78   -48    -8    20    91   149   180   236   279   304   230
        147    75   -15   -63   -60   -63   -38   -43   -56   -29    13    64    86    92   100   103   104   116   120   114
        119   102    61   109   847   847   847   847   847   847   847   847   847   847   847   847   847   847   847   847
        847   847   847   847   847   847   847   847
  54   1000   974   937   881   808   710   584   480   377   266   164    77    20   -45  -118  -168  -211  -230  -234  -248
       -252  -247  -229  -205  -188  -165  -141  -122  -103   -80   -56   -36    -8    15    32    54    71    84    73    57
         40    17     2     0    -3     0    -3    -7    -2     5    16    21    22    23    24    24    27    27    26    27
         23    14    24   184   184   184   184   184   184   184   184   184   184   184   184   184   184   184   184   184
        184   184   184   184   184   184   184
  55   1000   986   945   860   791   697   587   474   361   252   152    64   -15   -86  -145  -193  -229  -252  -265  -267
       -259  -243  -222  -199  -175  -152  -129  -108   -87   -67   -50   -32   -16    -2    10    21    30    35    35    32
         25    18    14    10     8     5     3     3     3     4     5     5     5     5     5     5     5     5     5     4
          3     4    24    24    24    24    24    24    24    24    24    24    24    24    24    24    24    24    24    24
         24    24    24    24    24    24
  56   1000   985   925   875   793   692   581   464   348   236   136    42   -44  -117  -179  -224  -255  -276  -282  -277
       -262  -240  -217  -191  -165  -141  -118   -95   -73   -54   -33   -16     0    14    26    37    41    40    35    26
         18    14     9     8     5     3     3     4     6     6     6     6     6     6     7     7     6     7     6     4
          6    38    38    38    38    38    38    38    38    38    38    38    38    38    38    38    38    38    38    38
         38    38    38    38    38
  57   1000   973   943   875   790   688   572   451   332   225   117    11   -77  -155  -211  -250  -280  -295  -295  -281
       -259  -236  -208  -180  -155  -130  -104   -79   -57   -31    -9     7    26    42    54    55    50    41    27    16
         11     7     6     3     0     1     5     9    11    11    12    12    12    13    13    13    13    11     7    12
         83    83    83    83    83    83    83    83    83    83    83    83    83    83    83    83    83    83    83    83
         83    83    83    83
  58   1000   982   916   857   777   665   543   423   327   210    77   -28  -125  -187  -226  -272  -300  -310  -297  -273
       -254  -225  -194  -170  -143  -112   -80   -52   -14    18    42    71    95   112    98    77    54    23     3     0
         -5    -1    -5   -11    -4     7    21    27    29    31    32    32    36    36    35    36    31    19    33   247
        247   247   247   247   247   247   247   247   247   247   247   247   247   247   247   247   247   247   247   247
        247   247   247
  59   1000   975   937   872   777   664   545   434   307   169    49   -62  -146  -208  -265  -302  -317  -311  -291  -271
       -242  -211  -183  -154  -123   -92   -65   -31    -2    20    45    66    82    77    66    51    29    14     8     3
          4     0    -3     0     6    14    18    19    20    21    21    23    23    22    23    20    12    21   153   153
        153   153   153   153   153   153   153   153   153   153   153   153   153   153   153   153   153   153   153   153
        153   153
  60   1000   985   940   871   778   667   542   411   278   147    24   -84  -175  -245  -290  -312  -316  -304  -283  -256
       -226  -195  -164  -134  -106   -80   -56   -34   -14     3    19    32    42    47    44    37    29    23    17    13
          9     7     5     4     4     3     3     3     3     3     3     2     2     2     2     1     2     5     5     5
          5     5     5     5     5     5     5     5     5     5     5     5     5     5     5     5     5     5     5     5
          5
  61   1000   985   941   868   772   659   530   391   250   111   -12  -119  -208  -271  -307  -320  -315  -298  -273  -242
       -211  -179  -147  -116   -87   -58   -32   -10    10    29    44    53    55    50    39    29    22    16    12     8
          5     4     5     6     6     6     7     6     6     7     7     6     7     6     4     6    37    37    37    37
         37    37    37    37    37    37    37    37    37    37    37    37    37    37    37    37    37    37    37    37
  62   1000   984   936   862   768   649   509   363   214    76   -46  -154  -237  -291  -316  -319  -309  -287  -258  -227
       -194  -160  -126   -95   -62   -32    -7    17    38    56    63    63    56    42    30    22    15    12     8     4
          4     5     8     9     9    10    10    10    11    11    10    11     9     6     9    66    66    66    66    66
         66    66    66    66    66    66    66    66    66    66    66    66    66    66    66    66    66    66    66
  63   1000   984   937   860   758   632   489   335   185    42   -84  -185  -256  -298  -315  -313  -297  -271  -241  -208
       -174  -141  -108   -77   -48   -22     2    23    41    54    60    57    47    37    29    22    17    12     8     6
          5     5     5     4     4     4     4     4     4     4     4     4     2     3    21    21    21    21    21    21
         21    21    21    21    21    21    21    21    21    21    21    21    21    21    21    21    21    21
  64   1000   984   931   852   747   615   464   306   148     4  -115  -206  -267  -300  -308  -301  -281  -253  -222  -188
       -155  -122   -91   -62   -35   -11    10    30    47    58    59    53    44    35    28    21    16    12     8     5
          3     1     0     0     0     0     0     0     0     0     0     0     0   -14   -14   -14   -14   -14   -14   -14
        -14   -14   -14   -14   -14   -14   -14   -14   -14   -14   -14   -14   -14   -14   -14   -14   -14
  65   1000   978   928   848   733   592   435   269   111   -27  -139  -220  -271  -294  -298  -286  -263  -234  -202  -169
       -136  -104   -73   -44   -18     5    27    48    61    63    59    50    40    32    24    18    14    10     6     2
          0     0    -1    -1    -1    -2    -2    -2    -2    -1     0    -2   -21   -21   -21   -21   -21   -21   -21   -21
        -21   -21   -21   -21   -21   -21   -21   -21   -21   -21   -21   -21   -21   -21   -21   -21
  66   1000   982   923   831   704   562   403   234    75   -58  -159  -227  -270  -287  -284  -271  -247  -215  -180  -143
       -103   -65   -31     2    33    60    75    81    76    62    47    37    28    23    16     9     7     8    10    10
          9     9     9     9    10    10    10    11     9     5    10    76    76    76    76    76    76    76    76    76
         76    76    76    76    76    76    76    76    76    76    76    76    76    76    76
  67   1000   976   917   816   692   541   370   201    50   -70  -160  -223  -257  -269  -266  -249  -223  -191  -156  -117
        -78   -43    -7    26    56    74    84    82    68    54    44    34    28    20    12    10     9    10     9     8
          8     7     7     8     8     8     9     7     4     8    69    69    69    69    69    69    69    69    69    69
         69    69    69    69    69    69    69    69    69    69    69    69    69    69
  68   1000   980   916   815   676   516   347   186    45   -68  -150  -204  -235  -244  -239  -224  -200  -172  -141  -108
        -75   -43   -11    18    49    72    81    79    70    59    48    38    30    23    16     9     3     0    -2    -4
         -5    -5    -5    -5    -5    -5    -4    -3    -4   -28   -28   -28   -28   -28   -28   -28   -28   -28   -28   -28
        -28   -28   -28   -28   -28   -28   -28   -28   -28   -28   -28   -28   -28
  69   1000   977   912   800   659   498   334   180    48   -54  -130  -180  -207  -216  -213  -199  -177  -152  -123   -91
        -59   -27     5    42    71    84    87    80    68    57    45    36    28    19    10     2    -2    -5    -8    -9
         -9   -10   -10   -10    -9    -8    -5    -8   -50   -50   -50   -50   -50   -50   -50   -50   -50   -50   -50   -50
        -50   -50   -50   -50   -50   -50   -50   -50   -50   -50   -50   -50
  70   1000   976   899   790   649   492   334   188    68   -27   -99  -146  -173  -186  -186  -175  -160  -138  -110   -82
        -50   -16    26    64    85    95    91    80    68    54    44    36    24    12     0    -6   -11   -14   -15   -16
        -18   -18   -17   -17   -14    -9   -14   -92   -92   -92   -92   -92   -92   -92   -92   -92   -92   -92   -92   -92
        -92   -92   -92   -92   -92   -92   -92   -92   -92   -92   -92
  71   1000   973   902   789   648   495   346   212    97     5   -62  -110  -140  -155  -156  -147  -130  -106   -78   -45
         -9    32    69    90    98    94    84    72    59    48    38    27    15     5    -1    -6    -9   -11   -12   -13
        -13   -12   -12   -10    -7    -9   -43   -43   -43   -43   -43   -43   -43   -43   -43   -43   -43   -43   -43   -43
        -43   -43   -43   -43   -43   -43   -43   -43   -43   -43
  72   1000   974   899   786   653   511   371   244   136    47   -21   -70  -101  -117  -119  -109   -92   -65   -33     3
         40    73    93    98    93    85    74    63    51    39    29    20    12     6     1    -2    -4    -5    -5    -5
         -4    -3    -3    -3    -1    27    27    27    27    27    27    27    27    27    27    27    27    27    27    27
         27    27    27    27    27    27    27    27    27
  73   1000   974   902   798   673   539   409   289   183    95    24   -28   -64   -86   -94   -90   -75   -51   -19    18
         56    83    96    97    91    81    71    59    46    34    23    12     4    -1    -6    -9   -10   -11   -11   -10
         -9    -8    -7    -6    -4    -4    -4    -4    -4    -4    -4    -4    -4    -4    -4    -4    -4    -4    -4    -4
         -4    -4    -4    -4    -4    -4    -4    -4
  74   1000   976   910   812   697   573   450   335   231   141    66     8   -35   -63   -77   -78   -66   -43    -6    34
         67    88    96    93    87    76    65    54    40    26    13     3    -4   -10   -13   -15   -16   -17   -16   -15
        -13   -10   -11   -40   -40   -40   -40   -40   -40   -40   -40   -40   -40   -40   -40   -40   -40   -40   -40   -40
        -40   -40   -40   -40   -40   -40   -40
  75   1000   978   916   828   721   604   488   376   272   179   101    34   -15   -48   -68   -72   -61   -31     8    45
         74    88    90    87    78    70    60    46    30    15     3    -5   -11   -15   -18   -20   -20   -20   -19   -17
        -13   -15   -68   -68   -68   -68   -68   -68   -68   -68   -68   -68   -68   -68   -68   -68   -68   -68   -68   -68
        -68   -68   -68   -68   -68   -68
  76   1000   979   924   842   742   633   521   410   304   210   125    56     4   -33   -55   -59   -43   -12    22    52
         70    78    79    75    69    61    49    35    21     9     0    -6   -10   -13   -16   -17   -16   -16   -14   -11
        -13   -50   -50   -50   -50   -50   -50   -50   -50   -50   -50   -50   -50   -50   -50   -50   -50   -50   -50   -50
        -50   -50   -50   -50   -50
  77   1000   981   931   855   761   656   545   435   329   230   144    72    15   -25   -48   -50   -34    -6    23    45
         58    65    67    65    59    51    40    28    17     8     1    -3    -6    -9   -10   -10   -11   -10    -8    -8
        -25   -25   -25   -25   -25   -25   -25   -25   -25   -25   -25   -25   -25   -25   -25   -25   -25   -25   -25   -25
        -25   -25   -25   -25
  78   1000   983   936   864   774   672   561   450   337   234   143    63     0   -45   -65   -63   -41    -9    17    36
         50    56    59    59    53    43    32    22    13     6     0    -3    -7    -9   -10   -10    -9    -7    -9   -48
        -48   -48   -48   -48   -48   -48   -48   -48   -48   -48   -48   -48   -48   -48   -48   -48   -48   -48   -48   -48
        -48   -48   -48
  79   1000   984   940   871   783   681   571   453   338   233   133    48   -21   -66   -85   -76   -48   -18     5    25
         38    48    53    52    47    39    31    23    15    10     5     1    -1    -3    -4    -4    -3    -5   -39   -39
        -39   -39   -39   -39   -39   -39   -39   -39   -39   -39   -39   -39   -39   -39   -39   -39   -39   -39   -39   -39
        -39   -39
  80   1000   985   942   875   788   686   570   450   333   217   110    16   -56  -102  -111   -92   -62   -32    -5    15
         31    43    49    50    46    41    35    28    22    17    12     8     6     3     2     2     0   -25   -25   -25
        -25   -25   -25   -25   -25   -25   -25   -25   -25   -25   -25   -25   -25   -25   -25   -25   -25   -25   -25   -25
        -25
  81   1000   986   943   876   787   678   557   434   304   177    57   -43  -116  -146  -137  -108   -75   -42   -13    10
         30    43    50    51    49    45    40    34    28    22    17    14    10     8     8     3   -37   -37   -37   -37
        -37   -37   -37   -37   -37   -37   -37   -37   -37   -37   -37   -37   -37   -37   -37   -37   -37   -37   -37   -37
  82   1000   985   942   874   778   664   541   402   259   116   -12  -118  -175  -182  -159  -124   -86   -50   -16    12
         33    48    56    59    58    55    49    43    36    30    25    20    17    15    10   -35   -35   -35   -35   -35
        -35   -35   -35   -35   -35   -35   -35   -35   -35   -35   -35   -35   -35   -35   -35   -35   -35   -35   -35
  83   1000   985   942   867   768   652   512   359   197    37  -104  -195  -225  -213  -180  -138   -95   -52   -14    17
         43    60    70    74    73    69    63    55    48    42    36    30    26    21   -11   -11   -11   -11   -11   -11
        -11   -11   -11   -11   -11   -11   -11   -11   -11   -11   -11   -11   -11   -11   -11   -11   -11   -11
  84   1000   985   938   860   759   627   471   295   108   -72  -201  -261  -266  -238  -196  -146   -96   -48    -4    32
         62    80    90    93    90    85    78    70    62    54    47    39    34    26    26    26    26    26    26    26
         26    26    26    26    26    26    26    26    26    26    26    26    26    26    26    26    26
  85   1000   982   931   851   733   582   399   193   -22  -191  -285  -311  -294  -254  -202  -145   -89   -33    16    57
         85   102   110   110   106    99    91    81    72    62    52    47    51    51    51    51    51    51    51    51
         51    51    51    51    51    51    51    51    51    51    51    51    51    51    51    51
  86   1000   983   931   839   706   528   306    57  -153  -289  -345  -344  -313  -260  -201  -139   -72    -7    49    89
        114   128   132   130   125   117   106    97    84    68    66   127   127   127   127   127   127   127   127   127
        127   127   127   127   127   127   127   127   127   127   127   127   127   127   127
  87   1000   982   923   816   654   430   159   -89  -267  -357  -378  -361  -314  -257  -193  -117   -40    30    82   117
        138   148   149   146   139   127   117   102    82    82   187   187   187   187   187   187   187   187   187   187
        187   187   187   187   187   187   187   187   187   187   187   187   187   187
  88   1000   978   905   771   562   283     6  -211  -337  -386  -391  -357  -308  -247  -167   -82     0    61   105   135
        151   157   158   152   141   131   115    93    93   217   217   217   217   217   217   217   217   217   217   217
        217   217   217   217   217   217   217   217   217   217   217   217   217
  89   1000   973   882   704   435   142  -110  -276  -358  -391  -378  -347  -297  -220  -132   -42    29    82   121   144
        155   161   159   150   141   125   100   104   277   277   277   277   277   277   277   277   277   277   277   277
        277   277   277   277   277   277   277   277   277   277   277   277
  90   1000   966   840   605   317    41  -159  -277  -346  -363  -358  -330  -267  -185   -95   -20    38    84   115   134
        147   150   144   139   124    99   107   322   322   322   322   322   322   322   322   322   322   322   322   322
        322   322   322   322   322   322   322   322   322   322   322
  91   1000   949   779   526   249    24  -127  -235  -291  -324  -330  -295  -234  -156   -87   -28    22    59    85   107
        117   117   118   107    84    97   347   347   347   347   347   347   347   347   347   347   347   347   347   347
        347   347   347   347   347   347   347   347   347   347
  92   1000   936   758   516   289   109   -37  -141  -222  -275  -287  -268  -225  -176  -128   -80   -39    -6    22    40
         50    58    56    45    58   256   256   256   256   256   256   256   256   256   256   256   256   256   256   256
        256   256   256   256   256   256   256   256   256
  93   1000   937   776   584   403   236    94   -32  -137  -208  -248  -258  -249  -226  -193  -158  -124   -91   -64   -44
        -26   -17   -15     1   156   156   156   156   156   156   156   156   156   156   156   156   156   156   156   156
        156   156   156   156   156   156   156   156
  94   1000   946   823   676   518   363   208    63   -60  -160  -230  -272  -288  -282  -262  -235  -204  -173  -145  -119
        -99   -83   -62    72    72    72    72    72    72    72    72    72    72    72    72    72    72    72    72    72
         72    72    72    72    72    72    72
  95   1000   961   871   747   603   446   283   122   -26  -151  -243  -301  -329  -333  -320  -297  -268  -237  -206  -177
       -149  -125   -31   -31   -31   -31   -31   -31   -31   -31   -31   -31   -31   -31   -31   -31   -31   -31   -31   -31
        -31   -31   -31   -31   -31   -31
  96   1000   971   895   782   643   483   308   130   -33  -166  -263  -325  -355  -362  -352  -330  -301  -269  -235  -200
       -173   -86   -86   -86   -86   -86   -86   -86   -86   -86   -86   -86   -86   -86   -86   -86   -86   -86   -86   -86
        -86   -86   -86   -86   -86
  97   1000   975   904   796   653   483   295   109   -53  -183  -277  -335  -364  -370  -359  -336  -307  -273  -236  -206
        -80   -80   -80   -80   -80   -80   -80   -80   -80   -80   -80   -80   -80   -80   -80   -80   -80   -80   -80   -80
        -80   -80   -80   -80
  98   1000   976   907   795   643   461   265    82   -74  -196  -282  -335  -360  -364  -351  -329  -298  -262  -231   -81
        -81   -81   -81   -81   -81   -81   -81   -81   -81   -81   -81   -81   -81   -81   -81   -81   -81   -81   -81   -81
        -81   -81   -81
  99   1000   976   903   783   622   433   241    66   -80  -192  -270  -317  -339  -341  -328  -305  -275  -243   -49   -49
        -49   -49   -49   -49   -49   -49   -49   -49   -49   -49   -49   -49   -49   -49   -49   -49   -49   -49   -49   -49
        -49   -49
 100   1000   974   897   767   597   410   226    62   -72  -174  -245  -288  -308  -309  -297  -274  -248   -55   -55   -55
        -55   -55   -55   -55   -55   -55   -55   -55   -55   -55   -55   -55   -55   -55   -55   -55   -55   -55   -55   -55
        -55
 101   1000   972   886   748   580   401   229    78   -44  -139  -205  -245  -265  -267  -255  -239   -69   -69   -69   -69
        -69   -69   -69   -69   -69   -69   -69   -69   -69   -69   -69   -69   -69   -69   -69   -69   -69   -69   -69   -69
 102   1000   970   879   745   586   419   260   122     7   -80  -143  -183  -205  -210  -205   -36   -36   -36   -36   -36
        -36   -36   -36   -36   -36   -36   -36   -36   -36   -36   -36   -36   -36   -36   -36   -36   -36   -36   -36
 103   1000   969   883   757   609   456   312   184    78    -5   -67  -110  -136  -145    14    14    14    14    14    14
         14    14    14    14    14    14    14    14    14    14    14    14    14    14    14    14    14    14
 104   1000   971   892   777   644   507   376   258   157    76    12   -36   -61    74    74    74    74    74    74    74
         74    74    74    74    74    74    74    74    74    74    74    74    74    74    74    74    74
 105   1000   974   902   800   681   558   438   328   232   150    82    38   100   100   100   100   100   100   100   100
        100   100   100   100   100   100   100   100   100   100   100   100   100   100   100   100
 106   1000   976   913   823   717   605   494   391   296   212   150   108   108   108   108   108   108   108   108   108
        108   108   108   108   108   108   108   108   108   108   108   108   108   108   108
 107   1000   979   924   844   748   645   542   442   346   271   117   117   117   117   117   117   117   117   117   117
        117   117   117   117   117   117   117   117   117   117   117   117   117   117
 108   1000   982   933   861   773   678   579   479   393   120   120   120   120   120   120   120   120   120   120   120
        120   120   120   120   120   120   120   120   120   120   120   120   120
 109   1000   984   939   874   792   701   603   513   121   121   121   121   121   121   121   121   121   121   121   121
        121   121   121   121   121   121   121   121   121   121   121   121
 110   1000   985   945   883   806   715   627   137   137   137   137   137   137   137   137   137   137   137   137   137
        137   137   137   137   137   137   137   137   137   137   137
 111   1000   986   949   890   812   731   141   141   141   141   141   141   141   141   141   141   141   141   141   141
        141   141   141   141   141   141   141   141   141   141
 112   1000   987   951   892   822   134   134   134   134   134   134   134   134   134   134   134   134   134   134   134
        134   134   134   134   134   134   134   134   134
 113   1000   988   950   897   140   140   140   140   140   140   140   140   140   140   140   140   140   140   140   140
        140   140   140   140   140   140   140   140
 114   1000   987   953   120   120   120   120   120   120   120   120   120   120   120   120   120   120   120   120   120
        120   120   120   120   120   120   120
 115   1000   987    72    72    72    72    72    72    72    72    72    72    72    72    72    72    72    72    72    72
         72    72    72    72    72    72
 116   1000   129   129   129   129   129   129   129   129   129   129   129   129   129   129   129   129   129   129   129
        129   129   129   129   129
 117   1000  1000  1000  1000  1000  1000  1000  1000  1000  1000  1000  1000  1000  1000  1000  1000  1000  1000  1000  1000
       1000  1000  1000  1000
 118   1000  1000  1000  1000  1000  1000  1000  1000  1000  1000  1000  1000  1000  1000  1000  1000  1000  1000  1000  1000
       1000  1000  1000
 119   1000  1000  1000  1000  1000  1000  1000  1000  1000  1000  1000  1000  1000  1000  1000  1000  1000  1000  1000  1000
       1000  1000
 120   1000  1000  1000  1000  1000  1000  1000  1000  1000  1000  1000  1000  1000  1000  1000  1000  1000  1000  1000  1000
       1000
 121   1000  1000  1000  1000  1000  1000  1000  1000  1000  1000  1000  1000  1000  1000  1000  1000  1000  1000  1000  1000
 122   1000  1000  1000  1000  1000  1000  1000  1000  1000  1000  1000  1000  1000  1000  1000  1000  1000  1000  1000
 123   1000  1000  1000  1000  1000  1000  1000  1000  1000  1000  1000  1000  1000  1000  1000  1000  1000  1000
 124   1000  1000  1000  1000  1000  1000  1000  1000  1000  1000  1000  1000  1000  1000  1000  1000  1000
 125   1000  1000  1000  1000  1000  1000  1000  1000  1000  1000  1000  1000  1000  1000  1000  1000
 126   1000  1000  1000  1000  1000  1000  1000  1000  1000  1000  1000  1000  1000  1000  1000
 127   1000  1000  1000  1000  1000  1000  1000  1000  1000  1000  1000  1000  1000  1000
 128   1000  1000  1000  1000  1000  1000  1000  1000  1000  1000  1000  1000  1000
 129   1000  1000  1000  1000  1000  1000  1000  1000  1000  1000  1000  1000
 130   1000  1000  1000  1000  1000  1000  1000  1000  1000  1000  1000
 131   1000  1000  1000  1000  1000  1000  1000  1000  1000  1000
 132   1000  1000  1000  1000  1000  1000  1000  1000  1000
 133   1000  1000  1000  1000  1000  1000  1000  1000
 134   1000  1000  1000  1000  1000  1000  1000
 135   1000  1000  1000  1000  1000  1000
 136   1000  1000  1000  1000  1000
 137   1000  1000  1000  1000
 138   1000  1000  1000
 139   1000  1000
 140   1000

 Finished!
