88" 33MeV Deuteron breakup on Ta, Clean Beam
  140    6    1    0    1
   0.00500  10.00000   0.00500   0.00100
   1.0000000   0   0 7.86600000E+03   1.0000000
AL27P    2.221E-20 0.021       0.00       0.00        (    )
AL27A    1.920E-20 0.013       0.00       0.00        (    )
NI582    3.394E-21 0.014       0.00       0.00        (    )
IN115N   8.200E-20 0.008       0.00       0.00        (    )
AU197G   8.062E-20 0.018       0.00 AUNG  3.70 BFX    (BEAM)
IN115G   9.024E-20 0.011       0.00 INNG 40.20 BFX    (BEAM)
Flux Uncertainty From MCNP Calculations
 140
 9.8000E-03 8.9000E-03 8.5000E-03 8.2000E-03 8.1000E-03 8.0000E-03 8.0000E-03
 8.1000E-03 8.3000E-03 8.5000E-03 8.9000E-03 9.4000E-03 1.0000E-02 1.1100E-02
 1.2200E-02 1.3500E-02 1.5100E-02 1.7100E-02 1.9700E-02 2.5900E-02 3.1500E-02
 4.5900E-02 6.2600E-02 1.2120E-01 1.4380E-01 1.7700E-01 1.6310E-01 1.7360E-01
 1.6880E-01 1.6680E-01 1.6830E-01 1.8870E-01 1.2290E-01 1.1580E-01 1.1930E-01
 9.3500E-02 8.9700E-02 6.4900E-02 7.3900E-02 5.5400E-02 4.7500E-02 4.3500E-02
 4.1200E-02 4.0100E-02 3.5600E-02 3.5000E-02 3.2900E-02 3.0100E-02 2.9500E-02
 2.7600E-02 2.6100E-02 2.5800E-02 2.5600E-02 2.5000E-02 2.5000E-02 2.4700E-02
 2.4500E-02 2.4700E-02 2.4200E-02 2.4100E-02 2.3700E-02 2.3500E-02 2.3100E-02
 2.2800E-02 2.2400E-02 2.2100E-02 2.1700E-02 2.1300E-02 2.1000E-02 2.0600E-02
 2.0200E-02 1.9800E-02 1.9300E-02 1.8700E-02 1.8100E-02 1.7300E-02 1.6400E-02
 1.5400E-02 1.4400E-02 1.3400E-02 1.2300E-02 1.1300E-02 1.0400E-02 9.6000E-03
 8.9000E-03 8.4000E-03 8.0000E-03 7.7000E-03 7.4000E-03 7.2000E-03 7.1000E-03
 7.0000E-03 7.1000E-03 7.2000E-03 7.3000E-03 7.6000E-03 7.9000E-03 8.3000E-03
 8.7000E-03 9.2000E-03 9.8000E-03 1.0500E-02 1.1200E-02 1.2100E-02 1.3000E-02
 1.4200E-02 1.5500E-02 1.7100E-02 1.8900E-02 2.1600E-02 2.5500E-02 3.0900E-02
 4.1200E-02 5.6100E-02 8.5000E-02 1.1140E-01 1.3130E-01 1.6250E-01 3.1360E-01
 0.0000E+00 0.0000E+00 0.0000E+00 0.0000E+00 0.0000E+00 0.0000E+00 0.0000E+00
 0.0000E+00 0.0000E+00 0.0000E+00 0.0000E+00 0.0000E+00 0.0000E+00 0.0000E+00
 0.0000E+00 0.0000E+00 0.0000E+00 0.0000E+00 0.0000E+00 0.0000E+00 0.0000E+00
Input Flux Spectrum from MCNP Simulation
 140   0 4.060E+09 2.000E+01 5.000E-08
 1.1606E-08 1.6554E-09 8.2662E-09 1.9262E-08 1.4475E-08 1.3792E-08 2.1075E-08
 8.3233E-09 8.5902E-09 1.3667E-08 8.6914E-09 1.2737E-08 7.5805E-09 5.1473E-09
 5.2789E-09 3.1866E-09 1.4462E-09 6.2812E-10 7.2379E-10 1.4739E-10 2.0100E-10
 2.5189E-10 1.8251E-10 1.8111E-11 1.2012E-11 1.1853E-11 7.8035E-11 6.0061E-11
 1.5536E-10 2.3215E-10 4.7467E-10 3.1895E-10 1.4689E-09 1.6224E-09 1.8479E-09
 4.5969E-09 5.4540E-09 1.0399E-08 9.6813E-09 1.6507E-08 1.6935E-08 2.9946E-08
 4.5639E-08 5.1949E-08 8.6693E-08 7.8825E-08 9.7748E-08 1.4011E-07 1.6461E-07
 2.7084E-07 2.6232E-07 3.0700E-07 3.2278E-07 3.8682E-07 3.8872E-07 4.5706E-07
 4.4715E-07 3.6948E-07 5.3027E-07 5.1192E-07 6.4568E-07 6.2813E-07 6.1440E-07
 5.9128E-07 7.0825E-07 6.6897E-07 6.5391E-07 6.2601E-07 7.8770E-07 7.2841E-07
 1.7713E-06 1.6542E-06 1.2074E-06 8.7310E-07 8.2281E-07 1.1676E-06 1.0700E-06
 9.3384E-07 1.2645E-06 1.3409E-06 1.4592E-06 1.5347E-06 2.3453E-06 2.5099E-06
 3.1398E-06 4.7836E-06 5.3071E-06 6.4546E-06 6.7167E-06 8.1606E-06 7.2044E-06
 5.9894E-06 4.8054E-06 3.6571E-06 2.8239E-06 2.1855E-06 1.5780E-06 1.2033E-06
 1.0547E-06 8.2921E-07 7.0562E-07 6.2549E-07 4.8741E-07 4.0498E-07 3.5177E-07
 2.7751E-07 2.2504E-07 2.1044E-07 1.9333E-07 1.2810E-07 6.8773E-08 3.2522E-08
 1.9606E-08 1.2897E-08 7.5544E-09 5.2901E-09 4.2195E-09 2.9768E-09 1.0876E-09
 0.0000E+00 0.0000E+00 0.0000E+00 0.0000E+00 0.0000E+00 0.0000E+00 0.0000E+00
 0.0000E+00 0.0000E+00 0.0000E+00 0.0000E+00 0.0000E+00 0.0000E+00 0.0000E+00
 0.0000E+00 0.0000E+00 0.0000E+00 0.0000E+00 0.0000E+00 0.0000E+00 0.0000E+00
   17   15    9    9    9   10    7   14   14   36



                         ==============================
                               STAYSL PNNL OUTPUT
                         ==============================

 STAYSL PNNL, version 1.2.0, 2015-08-05


 SCENARIO TITLE: 88" 33MeV Deuteron breakup on Ta, Clean Beam
 -------------------------------------------------------------------------------
  NGROUP =   140    NRXN =     6    ACTIVITY NORM = 1.00000E+00

  COVARIANCE PARAMETERS (FCHN, FCVX, ACVX, FS)
    FLUXES:      WIDTH =  1.0000E+01   LONG RANGE COVAR. =  5.0000E-03
            ACTIVITIES =  5.0000E-03   X-SECT CROSS COR. =  1.0000E-03

    DETERM =   1.9207 × 10^   4.00      ERROR =   0.0000E+00

  INPUT NORMALIZATION DATA
    AK1   =     1.00000     VAK        =     0.00003
    NORML =           0     RENORM     = 1.00000E+00
    CHI²  =     4.29816     NORM. CHI² =     0.85963

  DOSIMETRY ACTIVITIES
     ———— INPUTS —————  -UNADJUSTED FLUX-  — ADJUSTED FLUX —    CHI²  90% ACTIVITIES RANGE
 RXN  MEASURED     ±%   ACTIVITY    %DIFF  ACTIVITY    %DIFF  CONTRIB --LOW E-- --HIGH E--   REACTION          CVR
  1  2.221E-20    2.10  2.171E-20   -2.24  2.171E-20   -2.24    0.586  5.50E+00  1.60E+01  AL27(N,P)MG27           
  2  1.920E-20    1.30  1.916E-20   -0.20  1.916E-20   -0.19    0.022  7.40E+00  1.70E+01  AL27(N,A)NA24           
  3  3.394E-21    1.40  3.410E-21    0.48  3.410E-21    0.47    0.042  1.30E+01  2.60E+01  NI58(N,2N)NI57          
  4  8.200E-20    0.80  8.362E-20    1.97  8.360E-20    1.95    0.634  1.80E+00  1.20E+01  IN115(N,N')IN115M       
  5  8.062E-20    1.80  8.288E-20    2.80  8.286E-20    2.78    1.968  1.00E-10  7.20E-01  AU197(N,G)AU198         
  6  9.024E-20    1.10  8.904E-20   -1.33  8.905E-20   -1.32    1.047  1.00E-10  1.20E+00  IN115(N,G)IN116M        

             % STD. DEV.  =          1.94               1.93

  DIFFERENTIAL FLUXES (input is normalized by a factor of 1.0000E+00)
                  —————— DIFFERENTIAL FLUX —————   ———— STD. DEV. % ————   INTEGRAL
 GRP    ENERGY        NEW         OLD      RATIO    NEW     OLD    RATIO   FLUX > E     ± %
   1  1.0000E-10  5.2327E+10  5.2356E+10   0.999    0.98    1.10   0.888  4.1186E+05    0.68
   2  1.0000E-09  7.4648E+08  7.4677E+08   1.000    0.89    1.02   0.875  4.1181E+05    0.68
   3  1.0000E-08  2.5810E+09  2.5816E+09   1.000    0.85    0.99   0.865  4.1180E+05    0.68
   4  2.3000E-08  2.8961E+09  2.8964E+09   1.000    0.82    0.96   0.857  4.1177E+05    0.68
   5  5.0000E-08  2.2604E+09  2.2603E+09   1.000    0.81    0.95   0.852  4.1169E+05    0.68
   6  7.6000E-08  1.4360E+09  1.4358E+09   1.000    0.80    0.94   0.849  4.1163E+05    0.68
   7  1.1500E-07  1.5561E+09  1.5557E+09   1.000    0.80    0.94   0.849  4.1158E+05    0.68
   8  1.7000E-07  3.9770E+08  3.9756E+08   1.000    0.81    0.95   0.851  4.1149E+05    0.68
   9  2.5500E-07  2.7913E+08  2.7901E+08   1.000    0.83    0.97   0.856  4.1146E+05    0.68
  10  3.8000E-07  3.2656E+08  3.2640E+08   1.000    0.85    0.99   0.863  4.1142E+05    0.68
  11  5.5000E-07  1.2174E+08  1.2168E+08   1.001    0.89    1.02   0.872  4.1137E+05    0.68
  12  8.4000E-07  1.1894E+08  1.1888E+08   1.001    0.94    1.06   0.883  4.1133E+05    0.68
  13  1.2750E-06  4.9267E+07  4.9243E+07   1.000    1.00    1.12   0.895  4.1128E+05    0.68
  14  1.9000E-06  2.3230E+07  2.3220E+07   1.000    1.11    1.22   0.908  4.1125E+05    0.68
  15  2.8000E-06  1.4786E+07  1.4781E+07   1.000    1.22    1.32   0.922  4.1123E+05    0.68
  16  4.2500E-06  6.3125E+06  6.3110E+06   1.000    1.35    1.44   0.934  4.1121E+05    0.68
  17  6.3000E-06  2.0249E+06  2.0247E+06   1.000    1.51    1.59   0.946  4.1119E+05    0.68
  18  9.2000E-06  5.9302E+05  5.9306E+05   1.000    1.71    1.78   0.957  4.1119E+05    0.68
  19  1.3500E-05  3.9170E+05  3.9181E+05   1.000    1.97    2.03   0.967  4.1119E+05    0.68
  20  2.1000E-05  6.6451E+04  6.6489E+04   0.999    2.58    2.64   0.977  4.1118E+05    0.68
  21  3.0000E-05  5.4355E+04  5.4404E+04   0.999    3.14    3.19   0.983  4.1118E+05    0.68
  22  4.5000E-05  4.2547E+04  4.2611E+04   0.998    4.57    4.62   0.989  4.1118E+05    0.68
  23  6.9000E-05  2.3850E+04  2.3903E+04   0.998    6.23    6.28   0.992  4.1118E+05    0.68
  24  1.0000E-04  2.0915E+03  2.1009E+03   0.996   12.07   12.13   0.995  4.1118E+05    0.68
  25  1.3500E-04  1.3860E+03  1.3934E+03   0.995   14.34   14.39   0.997  4.1118E+05    0.68
  26  1.7000E-04  9.5630E+02  9.6246E+02   0.994   17.66   17.71   0.998  4.1118E+05    0.68
  27  2.2000E-04  5.2502E+03  5.2804E+03   0.994   16.28   16.32   0.998  4.1118E+05    0.68
  28  2.8000E-04  3.0303E+03  3.0481E+03   0.994   17.34   17.37   0.998  4.1118E+05    0.68
  29  3.6000E-04  6.9705E+03  7.0085E+03   0.995   16.86   16.89   0.998  4.1118E+05    0.68
  30  4.5000E-04  7.5018E+03  7.5402E+03   0.995   16.66   16.69   0.999  4.1118E+05    0.68
  31  5.7500E-04  1.0366E+04  1.0417E+04   0.995   16.81   16.84   0.999  4.1118E+05    0.68
  32  7.6000E-04  6.4408E+03  6.4747E+03   0.995   18.85   18.88   0.999  4.1118E+05    0.68
  33  9.6000E-04  1.8871E+04  1.8932E+04   0.997   12.28   12.30   0.998  4.1117E+05    0.68
  34  1.2750E-03  2.0208E+04  2.0268E+04   0.997   11.57   11.59   0.998  4.1117E+05    0.68
  35  1.6000E-03  1.8703E+04  1.8756E+04   0.997   11.91   11.94   0.998  4.1116E+05    0.68
  36  2.0000E-03  2.6606E+04  2.6662E+04   0.998    9.34    9.36   0.997  4.1115E+05    0.68
  37  2.7000E-03  3.1574E+04  3.1633E+04   0.998    8.96    8.98   0.997  4.1114E+05    0.68
  38  3.4000E-03  3.8333E+04  3.8382E+04   0.999    6.48    6.51   0.996  4.1111E+05    0.68
  39  4.5000E-03  3.9254E+04  3.9306E+04   0.999    7.38    7.41   0.996  4.1107E+05    0.68
  40  5.5000E-03  3.9387E+04  3.9423E+04   0.999    5.53    5.56   0.995  4.1103E+05    0.68
  41  7.2000E-03  3.4354E+04  3.4378E+04   0.999    4.75    4.78   0.994  4.1097E+05    0.68
  42  9.2000E-03  4.3398E+04  4.3422E+04   0.999    4.35    4.38   0.993  4.1090E+05    0.68
  43  1.2000E-02  6.1736E+04  6.1765E+04   1.000    4.12    4.15   0.992  4.1078E+05    0.68
  44  1.5000E-02  5.2708E+04  5.2728E+04   1.000    4.00    4.04   0.991  4.1059E+05    0.68
  45  1.9000E-02  5.4134E+04  5.4150E+04   1.000    3.56    3.59   0.990  4.1038E+05    0.68
  46  2.5500E-02  4.9223E+04  4.9235E+04   1.000    3.50    3.54   0.989  4.1003E+05    0.68
  47  3.2000E-02  4.9597E+04  4.9607E+04   1.000    3.29    3.33   0.988  4.0971E+05    0.68
  48  4.0000E-02  4.5500E+04  4.5508E+04   1.000    3.01    3.05   0.987  4.0931E+05    0.68
  49  5.2500E-02  4.9498E+04  4.9505E+04   1.000    2.95    2.99   0.986  4.0874E+05    0.68
  50  6.6000E-02  4.9977E+04  4.9982E+04   1.000    2.76    2.80   0.985  4.0807E+05    0.68
  51  8.8000E-02  4.8406E+04  4.8410E+04   1.000    2.61    2.66   0.984  4.0697E+05    0.68
  52  1.1000E-01  4.9854E+04  4.9857E+04   1.000    2.58    2.63   0.983  4.0591E+05    0.69
  53  1.3500E-01  5.2417E+04  5.2419E+04   1.000    2.56    2.61   0.983  4.0466E+05    0.69
  54  1.6000E-01  5.2349E+04  5.2350E+04   1.000    2.50    2.55   0.983  4.0335E+05    0.69
  55  1.9000E-01  5.2608E+04  5.2607E+04   1.000    2.50    2.55   0.982  4.0178E+05    0.69
  56  2.2000E-01  5.3022E+04  5.3019E+04   1.000    2.47    2.52   0.982  4.0020E+05    0.69
  57  2.5500E-01  5.1875E+04  5.1869E+04   1.000    2.45    2.50   0.982  3.9835E+05    0.69
  58  2.9000E-01  5.0011E+04  5.0003E+04   1.000    2.47    2.52   0.982  3.9653E+05    0.69
  59  3.2000E-01  5.3834E+04  5.3822E+04   1.000    2.42    2.47   0.981  3.9503E+05    0.69
  60  3.6000E-01  5.1974E+04  5.1960E+04   1.000    2.41    2.46   0.981  3.9288E+05    0.69
  61  4.0000E-01  5.2446E+04  5.2429E+04   1.000    2.37    2.42   0.980  3.9080E+05    0.69
  62  4.5000E-01  5.1023E+04  5.1004E+04   1.000    2.35    2.40   0.980  3.8818E+05    0.69
  63  5.0000E-01  4.9910E+04  4.9889E+04   1.000    2.31    2.36   0.979  3.8563E+05    0.69
  64  5.5000E-01  4.8032E+04  4.8012E+04   1.000    2.28    2.33   0.979  3.8313E+05    0.69
  65  6.0000E-01  4.7946E+04  4.7925E+04   1.000    2.24    2.30   0.978  3.8073E+05    0.69
  66  6.6000E-01  4.5286E+04  4.5267E+04   1.000    2.21    2.27   0.977  3.7785E+05    0.69
  67  7.2000E-01  4.4264E+04  4.4248E+04   1.000    2.17    2.23   0.977  3.7514E+05    0.69
  68  7.8000E-01  4.2373E+04  4.2360E+04   1.000    2.13    2.19   0.976  3.7248E+05    0.69
  69  8.4000E-01  3.9985E+04  3.9976E+04   1.000    2.10    2.16   0.975  3.6994E+05    0.68
  70  9.2000E-01  3.6971E+04  3.6967E+04   1.000    2.06    2.12   0.974  3.6674E+05    0.68
  71  1.0000E+00  3.5957E+04  3.5957E+04   1.000    2.02    2.08   0.973  3.6378E+05    0.68
  72  1.2000E+00  3.3575E+04  3.3580E+04   1.000    1.98    2.04   0.972  3.5659E+05    0.68
  73  1.4000E+00  2.4503E+04  2.4510E+04   1.000    1.93    1.99   0.970  3.4987E+05    0.68
  74  1.6000E+00  1.7716E+04  1.7724E+04   1.000    1.87    1.94   0.969  3.4497E+05    0.68
  75  1.8000E+00  1.6694E+04  1.6703E+04   0.999    1.81    1.88   0.966  3.4143E+05    0.68
  76  2.0000E+00  1.5791E+04  1.5802E+04   0.999    1.73    1.80   0.963  3.3809E+05    0.68
  77  2.3000E+00  1.4470E+04  1.4481E+04   0.999    1.64    1.71   0.959  3.3335E+05    0.68
  78  2.6000E+00  1.2628E+04  1.2638E+04   0.999    1.54    1.62   0.954  3.2901E+05    0.68
  79  2.9000E+00  1.2824E+04  1.2835E+04   0.999    1.44    1.52   0.948  3.2522E+05    0.68
  80  3.3000E+00  1.3600E+04  1.3610E+04   0.999    1.34    1.43   0.940  3.2010E+05    0.67
  81  3.7000E+00  1.4800E+04  1.4811E+04   0.999    1.23    1.33   0.930  3.1466E+05    0.67
  82  4.1000E+00  1.5567E+04  1.5577E+04   0.999    1.13    1.24   0.918  3.0874E+05    0.67
  83  4.5000E+00  1.9034E+04  1.9044E+04   0.999    1.04    1.15   0.906  3.0251E+05    0.67
  84  5.0000E+00  2.0372E+04  2.0380E+04   1.000    0.96    1.08   0.891  2.9299E+05    0.67
  85  5.5000E+00  2.5487E+04  2.5495E+04   1.000    0.89    1.02   0.877  2.8281E+05    0.67
  86  6.0000E+00  2.7738E+04  2.7745E+04   1.000    0.84    0.98   0.862  2.7006E+05    0.67
  87  6.7000E+00  3.0776E+04  3.0781E+04   1.000    0.80    0.94   0.849  2.5065E+05    0.67
  88  7.4000E+00  3.2755E+04  3.2757E+04   1.000    0.77    0.92   0.837  2.2910E+05    0.67
  89  8.2000E+00  3.4087E+04  3.4087E+04   1.000    0.74    0.89   0.826  2.0290E+05    0.67
  90  9.0000E+00  3.3134E+04  3.3132E+04   1.000    0.72    0.88   0.818  1.7563E+05    0.67
  91  1.0000E+01  2.9252E+04  2.9250E+04   1.000    0.71    0.87   0.813  1.4250E+05    0.68
  92  1.1000E+01  2.4320E+04  2.4317E+04   1.000    0.70    0.86   0.811  1.1324E+05    0.70
  93  1.2000E+01  1.9513E+04  1.9510E+04   1.000    0.71    0.87   0.812  8.8923E+04    0.73
  94  1.3000E+01  1.4850E+04  1.4848E+04   1.000    0.72    0.88   0.816  6.9411E+04    0.76
  95  1.4000E+01  1.1467E+04  1.1465E+04   1.000    0.73    0.88   0.822  5.4561E+04    0.81
  96  1.5000E+01  8.8741E+03  8.8731E+03   1.000    0.76    0.91   0.831  4.3094E+04    0.86
  97  1.6000E+01  6.4072E+03  6.4067E+03   1.000    0.79    0.93   0.841  3.4220E+04    0.93
  98  1.7000E+01  4.8856E+03  4.8854E+03   1.000    0.83    0.97   0.852  2.7813E+04    0.99
  99  1.8000E+01  4.2820E+03  4.2821E+03   1.000    0.87    1.00   0.863  2.2927E+04    1.06
 100  1.9000E+01  3.3663E+03  3.3666E+03   1.000    0.92    1.05   0.875  1.8645E+04    1.14
 101  2.0000E+01  2.8644E+03  2.8648E+03   1.000    0.98    1.10   0.888  1.5279E+04    1.23
 102  2.1000E+01  2.5390E+03  2.5395E+03   1.000    1.05    1.16   0.900  1.2415E+04    1.33
 103  2.2000E+01  1.9783E+03  1.9789E+03   1.000    1.12    1.23   0.911  9.8756E+03    1.45
 104  2.3000E+01  1.6437E+03  1.6442E+03   1.000    1.21    1.31   0.922  7.8972E+03    1.57
 105  2.4000E+01  1.4276E+03  1.4282E+03   1.000    1.30    1.39   0.933  6.2536E+03    1.71
 106  2.5000E+01  1.1262E+03  1.1267E+03   1.000    1.42    1.51   0.943  4.8260E+03    1.88
 107  2.6000E+01  9.1320E+02  9.1366E+02   0.999    1.55    1.63   0.952  3.6998E+03    2.07
 108  2.7000E+01  8.5392E+02  8.5439E+02   0.999    1.71    1.78   0.960  2.7866E+03    2.28
 109  2.8000E+01  7.8446E+02  7.8492E+02   0.999    1.89    1.95   0.968  1.9327E+03    2.60
 110  2.9000E+01  5.1976E+02  5.2009E+02   0.999    2.16    2.22   0.975  1.1482E+03    3.18
 111  3.0000E+01  2.7903E+02  2.7922E+02   0.999    2.55    2.60   0.981  6.2846E+02    4.19
 112  3.1000E+01  1.3194E+02  1.3204E+02   0.999    3.09    3.13   0.986  3.4943E+02    5.69
 113  3.2000E+01  7.9530E+01  7.9600E+01   0.999    4.11    4.15   0.990  2.1749E+02    7.44
 114  3.3000E+01  5.2307E+01  5.2362E+01   0.999    5.59    5.63   0.993  1.3796E+02    9.53
 115  3.4000E+01  3.0629E+01  3.0671E+01   0.999    8.48    8.51   0.996  8.5652E+01   12.11
 116  3.5000E+01  2.1445E+01  2.1478E+01   0.998   11.12   11.15   0.997  5.5023E+01   14.32
 117  3.6000E+01  1.7105E+01  1.7131E+01   0.998   13.11   13.14   0.998  3.3578E+01   16.52
 118  3.7000E+01  1.2067E+01  1.2086E+01   0.998   16.24   16.26   0.999  1.6472E+01   20.23
 119  3.8000E+01  4.4050E+00  4.4157E+00   0.998   31.34   31.36   0.999  4.4050E+00   31.34
      3.9000E+01

  INTEGRALS OF SPECTRA
    OLD SPECTRUM   4.1190E+05   ±    0.819 %
    NEW SPECTRUM   4.1186E+05   ±    0.682 %

  SUMMARY OF BROAD-GROUP FLUXES, FLUENCES, AND UNCERTAINTIES

    IRRAD TIME [S] = 7.86600000E+03   ACT NORM =  1.00000000E+00

       ENERGY       FLUX       FLUENCE      STDEV %
      thermal    4.9013E+02  3.8554E+06  ±   0.78     (0.100 meV – 0.550  eV)
     epithermal  5.4585E+03  4.2937E+07  ±   2.81     (0.550  eV – 110.0 keV)
        fast     4.0591E+05  3.1929E+09  ±   0.67     (110.0 keV –  20.0 MeV)
        fast     3.6378E+05  2.8615E+09  ±   0.67     (  1.0 MeV –  20.0 MeV)
        high     1.5279E+04  1.2018E+08  ±   1.23     ( 20.0 MeV –  60.0 MeV)

    MINI-SPECTRUM

       ENERGY       FLUX       FLUENCE      STDEV %
     1.0000E-10  6.6913E+02  5.2634E+06  ±   0.77
     9.2000E-06  1.4160E+01  1.1138E+05  ±   7.32
     9.6000E-04  2.7781E+02  2.1852E+06  ±   6.43
     9.2000E-03  3.9226E+03  3.0855E+07  ±   3.02
     8.8000E-02  1.4096E+04  1.1088E+08  ±   2.36
     3.6000E-01  2.6140E+04  2.0562E+08  ±   2.10
     9.2000E-01  3.3384E+04  2.6260E+08  ±   1.87
     2.3000E+00  1.9086E+05  1.5013E+09  ±   0.80
     1.0000E+01  1.3624E+05  1.0717E+09  ±   0.69
     2.4000E+01  6.2536E+03  4.9191E+07  ±   1.71
     6.0000E+01

       TOTAL     4.1186E+05  3.2397E+09  ±   0.68

    RELATIVE COVARIANCES (10×10)
     1000    87    -7     0     6    11    35   209   260   110
     1000   527    75     0    -3     0    20    26    10
     1000   518    89     2     2    24    30    12
     1000   591    98    13    53    66    28
     1000   528    93    70    85    36
     1000   594   124    91    40
     1000   361   102    44
     1000   630    88
     1000   289
     1000

  SPECTRAL-AVERAGED REACTION RATES (for all cross section library reactions)

        REACTIONS        SIG-PHI      <SIG>          REACTIONS        SIG-PHI      <SIG>          REACTIONS        SIG-PHI      <SIG>  
   ------------------  ----------  ----------   ------------------  ----------  ----------   ------------------  ----------  ----------
   LI6(N,A)T           6.7528E-19  1.6396E-24   FE58(N,G)FE59       1.3740E-21  3.3360E-27   IN115(N,N')IN115M   8.3601E-20  2.0299E-25
   B10(N,A)LI7         2.5760E-18  6.2545E-24   CO59(N,2N)CO58      6.0155E-20  1.4606E-25   IN115(N,2N)IN114M   1.3438E-19  3.2628E-25
   F19(N,2N)F18        4.1037E-21  9.9638E-27   CO59(N,3N)CO57      1.7960E-21  4.3608E-27   IN115(N,G)IN116M    3.0888E-19  7.4997E-25
   NA23(N,2N)NA22      4.1806E-21  1.0151E-26   CO59(N,G)CO60       2.5045E-20  6.0810E-26   I127(N,2N)I126      1.5455E-19  3.7525E-25
   NA23(N,G)NA24       4.3942E-22  1.0669E-27   CO59(N,P)FE59       1.0411E-20  2.5277E-26   LA139(N,G)LA140     7.0818E-21  1.7195E-26
   MG24(N,P)NA24       3.2577E-20  7.9099E-26   CO59(N,A)MN56       4.2160E-21  1.0237E-26   PR141(N,2N)PR140    1.6875E-19  4.0972E-25
   AL27(N,P)MG27       2.1713E-20  5.2720E-26   NI58(N,2N)NI57      3.4099E-21  8.2794E-27   TM169(N,2N)TM168    2.6047E-19  6.3244E-25
   AL27(N,A)NA24       1.9163E-20  4.6527E-26   NI58(N,P)CO58       1.6468E-19  3.9984E-25   TM169(N,3N)TM167    2.9762E-20  7.2262E-26
   SI28(N,P)AL28       5.8616E-20  1.4232E-25   NI60(N,P)CO60       2.6447E-20  6.4214E-26   TA181(N,G)TA182     4.2937E-20  1.0425E-25
   P31(N,P)SI31        3.9853E-20  9.6764E-26   CU63(N,2N)CU62      4.2235E-20  1.0255E-25   W186(N,G)W187       3.3178E-20  8.0557E-26
   S32(N,P)P32         9.8034E-20  2.3803E-25   CU63(N,G)CU64       5.4308E-21  1.3186E-26   AU197(N,2N)AU196    2.5466E-19  6.1831E-25
   TI46(N,2N)TI45      8.1311E-21  1.9742E-26   CU63(N,A)CO60       7.5323E-21  1.8289E-26   AU197(N,G)AU198     1.2420E-19  3.0156E-25
   TI46(N,P)SC46       6.6823E-20  1.6225E-25   CU65(N,2N)CU64      7.9834E-20  1.9384E-25   HG199(N,N')HG199M   1.7741E-19  4.3076E-25
   TI47(N,P)SC47       3.3546E-20  8.1451E-26   ZN64(N,P)CU64       6.5484E-20  1.5900E-25   PB204(N,N')PB204M   5.0576E-20  1.2280E-25
   TI47(N,X)SC46       9.0258E-21  2.1915E-26   ZN67(N,P)CU67       5.7452E-21  1.3949E-26   BI209(N,3N)BI207    3.5376E-20  8.5895E-26
   TI48(N,P)SC48       8.6559E-21  2.1017E-26   AS75(N,2N)AS74      8.5008E-20  2.0640E-25   TH232(N,FISSION)    1.0893E-19  2.6447E-25
   TI48(N,X)SC47       4.2576E-21  1.0338E-26   Y89(N,2N)Y88        7.4650E-20  1.8125E-25   TH232(N,G)TH233     1.7891E-20  4.3439E-26
   TI49(N,X)SC48       2.6606E-21  6.4600E-27   ZR90(N,2N)ZR89      6.1450E-20  1.4920E-25   U235(N,FISSION)     1.0272E-18  2.4941E-24
   V51(N,A)SC48        1.8333E-21  4.4512E-27   NB93(N,G)NB94       5.1201E-21  1.2432E-26   U235(N,G)U236       8.4664E-20  2.0557E-25
   CR52(N,2N)CR51      3.1168E-20  7.5677E-26   NB93(N,N')NB93M     5.9905E-20  1.4545E-25   U238(N,2N)U237      2.6816E-19  6.5110E-25
   MN55(N,2N)MN54      6.2170E-20  1.5095E-25   NB93(N,2N)NB92M     5.0479E-20  1.2256E-25   U238(N,FISSION)     3.2755E-19  7.9529E-25
   MN55(N,G)MN56       9.2104E-21  2.2363E-26   MO92(N,P)NB92M      2.5429E-20  6.1742E-26   U238(N,G)U239       1.4155E-20  3.4369E-26
   FE54(N,2N)FE53      2.9175E-21  7.0838E-27   RH103(N,N')RH103M   3.3317E-19  8.0894E-25   NP237(N,FISSION)    7.4105E-19  1.7993E-24
   FE54(N,P)MN54       1.3605E-19  3.3034E-25   AG109(N,G)AG110M    6.3490E-21  1.5416E-26   PU239(N,FISSION)    1.4525E-18  3.5266E-24
   FE54(N,A)CR51       1.3922E-20  3.3803E-26   IN113(N,N')IN113M   6.9646E-20  1.6910E-25   AM241(N,FISSION)    8.2777E-19  2.0098E-24
   FE56(N,P)MN56       1.8498E-20  4.4914E-26   IN113(N,G)IN114M    3.7428E-20  9.0875E-26   SC45(N,G)SC46       1.8709E-20  4.5427E-26

  INPUT FLUX REL. CORRELATION MATRIX (by row from diagonal)
   1   1000   991   968   932   885   829   768   703   637   572   508   448   392   337   288   246   208   175   146   110
         87    60    43    23    19    15    15    14    14    14    14    12    18    20    19    24    25    35    31    41
         48    52    55    56    63    64    68    74    76    81    86    86    87    89    89    90    91    90    92    92
         94    95    96    97    99   100   102   104   105   107   109   111   114   117   121   126   133   140   149   159
        171   184   197   210   223   232   241   248   254   259   262   264   262   259   257   250   243   235   226   217
        207   195   185   174   163   151   140   128   116   102    87    73    55    40    27    20    17    14     7   454
        454   454   454   454   454   454   454   454   454   454   454   454   454   454   454   454   454   454   454   454

  OUTPUT FLUX REL. CORRELATION MATRIX (by row from diagonal)
   1   1000   990   960   913   852   779   698   613   527   446   368   298   237   181   136   100    72    50    33    13
          4    -8   -13   -21   -19   -17   -14   -12   -10   -10   -10   -11    -8    -8   -11    -9   -10    -6   -11    -6
         -4    -3    -3    -5    -2    -3    -2     0     0     2     4     4     4     4     4     4     4     3     4     4
          5     5     6     7     8     9    11    13    14    17    20    23    28    33    38    45    53    62    72    82
         95   108   122   135   149   161   171   179   188   194   198   201   199   197   194   187   180   172   164   156
        147   138   130   121   113   104    95    87    79    69    59    48    36    26    17    13    11     9     4   359
        359   359   359   359   359   359   359   359   359   359   359   359   359   359   359   359   359   359   359   359
   2   1000   990   961   915   854   781   700   616   531   449   372   302   237   183   139   103    74    52    26    13
         -2    -9   -19   -18   -17   -13   -12   -10   -10   -10   -12    -8    -8   -11    -9   -10    -5   -11    -6    -3
         -2    -2    -3     0    -1     0     2     2     4     7     7     6     7     6     7     7     6     7     7     8
          8     9    10    11    12    14    16    18    20    24    27    32    37    43    50    59    69    79    91   105
        119   134   149   164   177   188   197   207   213   217   221   219   216   213   205   198   189   181   171   161
        151   142   132   124   114   105    95    87    76    64    53    40    29    18    14    12    10     5   396   396
        396   396   396   396   396   396   396   396   396   396   396   396   396   396   396   396   396   396   396
   3   1000   990   961   915   854   781   700   616   530   448   371   297   235   182   138   102    73    42    25     5
         -4   -16   -16   -16   -13   -12   -10   -10   -10   -12    -8    -9   -11    -9   -11    -6   -12    -6    -3    -2
         -2    -4     0    -2     0     2     2     4     7     7     6     7     6     7     7     6     7     7     8     8
          9    10    11    12    14    16    18    21    24    28    33    38    45    52    61    72    83    95   110   125
        140   156   172   185   196   206   216   223   228   231   229   226   223   215   207   198   189   179   169   158
        149   139   130   119   110   100    91    80    67    56    41    30    19    15    12    10     5   414   414   414
        414   414   414   414   414   414   414   414   414   414   414   414   414   414   414   414   414   414
   4   1000   990   961   915   853   780   700   615   529   447   366   295   234   181   137   101    63    41    16     3
        -11   -13   -14   -11   -11   -10    -9   -10   -12    -8    -9   -12   -10   -11    -6   -12    -6    -3    -2    -3
         -4     0    -2     0     2     2     5     7     7     6     7     7     7     7     6     7     7     8     8     9
         10    11    12    14    16    18    21    25    28    33    39    46    54    63    74    86    98   113   129   145
        161   178   191   204   214   224   232   236   240   237   234   231   223   215   205   196   186   175   164   155
        144   134   124   114   103    94    82    70    58    43    31    20    15    13    10     5   429   429   429   429
        429   429   429   429   429   429   429   429   429   429   429   429   429   429   429   429   429
   5   1000   990   961   914   853   780   698   613   528   442   364   294   232   180   136    91    62    32    15    -3
         -7   -10    -9    -9    -9    -9   -10   -12    -8    -9   -12   -10   -12    -6   -13    -7    -4    -3    -3    -5
         -1    -2    -1     1     1     4     7     6     6     7     6     6     6     5     6     6     7     7     8     9
         10    11    13    15    17    20    24    28    33    39    45    54    63    74    86    99   114   130   147   163
        180   194   206   217   227   235   239   243   241   238   234   226   218   208   199   188   178   166   157   146
        136   125   115   105    95    83    71    58    43    32    20    15    13    11     5   434   434   434   434   434
        434   434   434   434   434   434   434   434   434   434   434   434   434   434   434   434
   6   1000   990   961   914   853   779   698   613   525   441   364   294   232   179   126    90    54    31     8     1
         -4    -5    -6    -7    -8    -9   -12    -8    -9   -12   -10   -12    -6   -13    -7    -4    -3    -3    -5    -1
         -2    -1     2     1     4     7     6     6     7     6     6     6     5     6     6     7     7     8     9    10
         11    13    15    17    20    24    28    33    39    46    54    64    75    87   100   116   132   148   165   182
        196   209   219   230   238   242   246   244   241   237   229   220   210   201   191   180   168   159   147   138
        127   117   106    96    85    72    59    44    32    21    16    13    11     5   440   440   440   440   440   440
        440   440   440   440   440   440   440   440   440   440   440   440   440   440   440
   7   1000   990   961   914   852   779   698   610   524   441   363   294   232   170   126    82    53    25    13     4
          1    -2    -4    -6    -8   -11    -7    -9   -12   -10   -11    -6   -13    -7    -4    -3    -3    -5    -1    -2
         -1     2     1     4     7     6     6     7     6     6     6     5     6     6     6     7     8     8     9    11
         12    14    17    20    23    27    32    39    45    54    63    75    87   100   115   132   148   165   182   196
        209   219   230   238   242   246   244   241   237   229   220   210   201   191   180   168   159   147   138   127
        117   106    96    85    72    59    44    32    21    16    13    11     5   440   440   440   440   440   440   440
        440   440   440   440   440   440   440   440   440   440   440   440   440   440
   8   1000   990   961   914   852   779   695   609   523   441   364   293   223   170   118    81    47    30    17    10
          3     0    -3    -6    -9    -6    -8   -11    -9   -11    -6   -13    -7    -4    -3    -3    -5    -1    -2    -1
          1     1     4     6     6     6     6     6     6     6     5     6     5     6     6     7     8     9    10    12
         14    16    19    23    27    32    38    44    53    62    73    85    98   114   130   146   163   180   194   206
        217   227   235   239   243   241   238   235   226   218   208   199   189   178   166   157   146   136   125   115
        105    95    84    71    58    43    32    20    15    13    11     5   434   434   434   434   434   434   434   434
        434   434   434   434   434   434   434   434   434   434   434   434   434
   9   1000   990   961   914   852   777   695   609   524   441   364   285   223   163   118    76    52    34    22    13
          6     1    -2    -7    -5    -7   -10    -9   -11    -6   -12    -7    -4    -3    -3    -5    -1    -2    -1     1
          1     3     6     6     5     6     5     5     5     4     5     5     6     6     7     7     8     9    11    13
         15    18    22    26    30    36    43    51    61    71    83    96   111   127   143   159   176   189   201   211
        222   229   234   237   235   232   229   221   213   203   194   184   173   163   153   142   133   122   112   102
         93    82    69    57    42    31    20    15    13    10     5   424   424   424   424   424   424   424   424   424
        424   424   424   424   424   424   424   424   424   424   424   424
  10   1000   990   961   914   850   776   695   609   524   441   356   285   216   162   112    81    56    39    25    15
          8     1    -4    -3    -5    -9    -8   -10    -5   -11    -6    -3    -2    -3    -4    -1    -2    -1     2     1
          4     6     6     6     6     6     6     6     5     6     5     6     6     7     8     9    10    11    13    15
         18    21    25    30    36    42    50    59    70    81    94   108   124   139   155   171   185   196   206   216
        224   228   232   229   227   223   215   207   198   189   180   169   159   149   139   130   119   110   100    91
         80    67    56    41    30    19    15    12    10     5   414   414   414   414   414   414   414   414   414   414
        414   414   414   414   414   414   414   414   414   414   414
  11   1000   990   961   913   850   776   695   610   524   434   356   279   216   158   118    85    62    42    28    17
          8     0     0    -3    -7    -7    -9    -4   -11    -6    -3    -2    -3    -4    -1    -2    -1     1     1     4
          6     6     5     6     5     5     5     4     5     5     6     6     6     7     8     9    10    12    14    17
         20    24    28    34    40    48    56    67    77    89   103   118   133   148   164   176   188   197   207   214
        218   221   219   216   214   206   198   189   181   172   162   152   143   133   124   114   105    95    87    76
         64    53    40    29    18    14    12    10     5   395   395   395   395   395   395   395   395   395   395   395
        395   395   395   395   395   395   395   395   395   395
  12   1000   990   960   913   850   777   695   610   517   434   350   279   212   163   122    91    65    45    29    17
          7     4     0    -5    -5    -8    -4   -10    -5    -3    -2    -3    -4    -1    -2    -1     1     1     3     6
          5     5     6     5     5     5     4     5     4     5     5     6     6     7     8    10    12    13    16    19
         23    27    32    38    45    53    63    73    85    98   112   126   141   155   167   178   187   196   202   206
        210   207   205   202   195   188   179   171   162   153   144   135   126   117   108    99    90    82    72    61
         50    37    27    18    13    11     9     4   374   374   374   374   374   374   374   374   374   374   374   374
        374   374   374   374   374   374   374   374   374
  13   1000   990   960   913   850   777   695   604   517   428   350   275   217   167   127    94    67    46    30    16
         11     4    -1    -2    -6    -3    -9    -4    -2    -2    -2    -3     0    -2    -1     1     1     3     5     5
          5     5     5     5     5     4     5     4     5     5     6     6     7     8     9    11    13    15    18    21
         25    30    36    43    50    59    69    80    92   105   119   132   146   157   167   175   184   190   194   197
        195   193   190   183   176   168   161   153   144   135   127   118   110   101    93    85    77    68    57    47
         35    26    16    12    11     9     4   352   352   352   352   352   352   352   352   352   352   352   352   352
        352   352   352   352   352   352   352   352
  14   1000   990   960   913   851   778   691   605   514   430   347   281   221   172   130    96    69    47    29    20
         11     2     0    -4    -2    -8    -4    -3    -2    -3    -4    -2    -3    -2     0     0     1     3     3     3
          3     3     3     3     2     3     2     3     3     4     4     5     6     7     8    10    12    15    18    22
         26    31    37    44    53    61    71    82    94   106   119   131   141   150   158   166   171   175   178   176
        174   171   165   159   152   145   138   130   121   114   106    99    91    84    76    69    61    52    43    32
         23    15    11    10     8     4   316   316   316   316   316   316   316   316   316   316   316   316   316   316
        316   316   316   316   316   316   316
  15   1000   990   961   914   851   774   692   601   514   427   352   284   226   175   133    98    69    46    33    20
          9     4     0     0    -6    -3    -2    -2    -3    -4    -2    -3    -2     0     0     1     3     2     2     2
          2     2     2     1     2     2     2     2     3     3     4     5     6     7     9    11    13    16    19    24
         28    34    40    48    56    64    75    86    97   108   119   128   137   144   151   156   159   161   160   158
        156   150   145   138   132   125   118   110   104    97    90    83    76    69    63    55    47    39    29    21
         13    10     9     7     3   287   287   287   287   287   287   287   287   287   287   287   287   287   287   287
        287   287   287   287   287   287
  16   1000   990   961   914   848   774   688   601   512   431   356   289   228   177   134    98    69    50    33    19
         11     4     3    -3    -2    -1    -1    -2    -3    -1    -2    -2     0     0     1     2     2     2     2     2
          2     2     1     2     1     2     2     2     3     4     4     5     7     8    10    12    14    18    21    25
         30    36    43    50    58    68    77    87    97   107   116   123   130   136   141   143   146   144   143   141
        135   131   125   119   113   106   100    94    87    81    75    69    63    57    50    42    35    26    19    12
          9     8     6     3   259   259   259   259   259   259   259   259   259   259   259   259   259   259   259   259
        259   259   259   259   259
  17   1000   990   961   911   848   771   688   599   515   434   359   291   230   178   135    98    72    50    32    21
         11     7     0     0     0     0    -1    -3    -1    -2    -2     0     0     0     2     1     1     2     1     1
          1     1     1     1     2     2     2     3     3     4     5     6     7     9    11    13    16    19    23    27
         33    39    45    52    60    69    78    87    96   104   110   116   121   126   128   130   129   127   126   121
        117   111   106   101    95    89    84    78    73    67    62    56    51    45    38    31    23    17    11     8
          7     6     3   231   231   231   231   231   231   231   231   231   231   231   231   231   231   231   231   231
        231   231   231   231
  18   1000   990   959   911   846   771   686   603   518   438   361   293   232   179   134   101    72    49    33    20
         14     5     3     2     0     0    -2    -1    -2    -1     0     0     0     1     1     1     1     1     1     1
          1     1     1     1     1     2     2     3     3     4     5     6     8    10    12    14    17    20    24    29
         34    40    46    53    61    69    77    85    91    97   102   107   111   113   115   114   112   111   107   103
         98    94    89    84    79    74    69    64    59    54    49    45    39    33    27    20    15    10     7     6
          5     2   204   204   204   204   204   204   204   204   204   204   204   204   204   204   204   204   204   204
        204   204   204
  19   1000   989   959   910   846   770   689   605   521   439   363   294   232   179   137   101    71    50    33    23
         12     8     5     2     0    -1     0    -1    -1     0     0     0     1     1     0     1     1     1     1     0
          1     1     1     1     1     2     2     3     4     4     5     7     8    10    12    15    17    21    25    30
         34    40    46    53    60    67    73    79    84    89    93    96    98   100    99    97    96    93    89    85
         81    77    73    68    64    60    56    51    47    43    39    34    29    24    18    13     8     6     5     4
          2   176   176   176   176   176   176   176   176   176   176   176   176   176   176   176   176   176   176   176
        176   176
  20   1000   990   959   912   847   774   693   609   524   442   365   295   233   181   137   100    72    50    35    20
         13     8     3     0    -1    -1    -3    -3    -2    -3    -2    -2    -2    -2    -2    -2    -2    -2    -2    -2
         -2    -2    -2    -1    -1    -1     0     0     0     1     2     3     5     6     8    11    13    17    20    24
         28    33    39    44    49    54    59    63    66    69    72    73    75    74    73    72    69    67    64    61
         58    54    51    48    44    41    38    35    32    29    25    21    18    13    10     6     5     4     3     2
        129   129   129   129   129   129   129   129   129   129   129   129   129   129   129   129   129   129   129   129
        129
  21   1000   989   959   911   849   776   695   610   525   443   365   295   234   181   136   101    72    51    33    22
         14     8     3     0     0    -2    -3    -2    -3    -2    -2    -2    -2    -2    -2    -2    -2    -3    -2    -2
         -2    -2    -2    -2    -1    -1     0     0     0     1     2     3     5     6     8    10    13    16    19    23
         27    31    36    40    44    48    51    54    57    59    60    61    60    60    59    57    55    52    50    47
         44    42    39    36    34    31    28    26    23    21    17    14    11     8     5     4     3     3     1   104
        104   104   104   104   104   104   104   104   104   104   104   104   104   104   104   104   104   104   104   104
  22   1000   990   960   913   851   778   697   612   526   443   365   296   234   181   137   101    73    50    34    22
         13     6     2     0    -2    -4    -4    -5    -5    -5    -5    -5    -5    -5    -5    -5    -6    -5    -5    -5
         -5    -5    -5    -4    -4    -4    -3    -3    -2    -1     0     0     1     3     4     6     9    11    13    16
         19    22    26    29    31    34    35    37    39    40    40    40    40    39    38    36    34    33    31    29
         27    26    24    22    20    19    17    15    13    11     9     7     5     3     3     2     2     1    65    65
         65    65    65    65    65    65    65    65    65    65    65    65    65    65    65    65    65    65    65
  23   1000   990   960   914   852   778   697   612   526   443   366   296   234   181   137   101    72    50    34    22
         12     6     2    -1    -3    -4    -5    -5    -5    -5    -6    -6    -6    -6    -6    -6    -6    -6    -6    -6
         -6    -5    -5    -5    -5    -4    -4    -3    -3    -2    -1     0     0     2     3     5     7     9    11    13
         15    18    20    22    24    25    26    28    28    29    28    28    28    27    26    25    23    22    21    19
         18    17    15    14    13    12    11     9     8     6     5     4     2     2     2     1     1    44    44    44
         44    44    44    44    44    44    44    44    44    44    44    44    44    44    44    44    44    44
  24   1000   990   961   914   852   779   697   612   526   443   365   295   233   180   136   100    72    49    33    20
         11     5     0    -2    -4    -6    -6    -7    -7    -8    -8    -8    -8    -8    -8    -8    -8    -8    -8    -8
         -8    -8    -8    -7    -7    -7    -7    -6    -5    -5    -4    -3    -2    -1     0     0     1     3     4     5
          6     8     9    10    11    11    12    12    13    13    13    12    12    11    11    10    10     9     8     8
          7     6     6     5     5     4     4     3     3     2     1     1     1     1     1     0    14    14    14    14
         14    14    14    14    14    14    14    14    14    14    14    14    14    14    14    14    14
  25   1000   990   961   914   852   778   697   612   526   443   365   295   234   181   136   101    72    50    33    21
         12     5     1    -1    -3    -4    -5    -6    -6    -6    -7    -7    -7    -7    -7    -7    -7    -7    -7    -7
         -6    -6    -6    -6    -6    -5    -5    -4    -4    -3    -2    -2    -1     0     0     1     2     3     4     5
          6     7     8     9    10    10    10    11    11    11    10    10    10     9     9     8     8     7     6     6
          5     5     4     4     3     3     3     2     2     1     1     1     1     0     0    12    12    12    12    12
         12    12    12    12    12    12    12    12    12    12    12    12    12    12    12    12
  26   1000   990   961   914   852   778   697   611   526   443   366   295   234   181   137   101    73    51    34    21
         12     6     2     0    -2    -4    -4    -5    -5    -6    -6    -6    -6    -6    -6    -6    -6    -6    -6    -5
         -5    -5    -5    -5    -4    -4    -4    -3    -3    -2    -1    -1     0     0     1     2     2     3     4     5
          6     6     7     8     8     8     8     8     8     8     8     8     7     7     6     6     5     5     5     4
          4     3     3     3     2     2     2     1     1     1     1     0     0     0     9     9     9     9     9     9
          9     9     9     9     9     9     9     9     9     9     9     9     9     9     9
  27   1000   990   961   914   852   778   697   612   526   443   366   296   234   181   137   102    73    51    35    23
         14     7     3     0    -1    -2    -3    -3    -4    -4    -4    -4    -4    -4    -4    -4    -4    -4    -4    -4
         -3    -3    -3    -3    -2    -2    -2    -1    -1     0     0     0     1     2     3     4     5     6     7     7
          8     9     9    10    10    10    10    10    10     9     9     9     8     8     7     7     6     6     5     5
          4     4     3     3     3     2     2     1     1     1     1     0     0    13    13    13    13    13    13    13
         13    13    13    13    13    13    13    13    13    13    13    13    13    13
  28   1000   990   961   914   852   778   697   612   526   443   366   296   234   182   138   102    74    52    35    23
         14     8     4     1     0    -1    -2    -3    -3    -3    -3    -3    -3    -3    -3    -3    -3    -3    -3    -3
         -3    -2    -2    -2    -1    -1    -1     0     0     0     1     1     2     3     4     5     6     6     7     8
          8     9     9     9    10    10     9     9     9     9     8     8     7     7     6     6     5     5     5     4
          4     3     3     2     2     2     1     1     1     1     0     0    13    13    13    13    13    13    13    13
         13    13    13    13    13    13    13    13    13    13    13    13    13
  29   1000   990   961   914   852   778   697   612   526   443   366   296   235   182   138   102    74    52    36    24
         15     9     4     1     0    -1    -2    -2    -2    -3    -3    -3    -3    -3    -2    -2    -2    -2    -2    -2
         -2    -1    -1    -1     0     0     0     0     1     1     2     3     4     4     5     6     7     8     8     9
          9    10    10    10    10    10    10     9     9     9     8     8     7     7     6     6     5     5     4     4
          4     3     3     2     2     1     1     1     1     0     0    15    15    15    15    15    15    15    15    15
         15    15    15    15    15    15    15    15    15    15    15    15
  30   1000   990   961   914   852   778   697   612   526   443   366   296   235   182   138   103    74    52    36    24
         15     9     5     2     0     0    -1    -2    -2    -2    -2    -2    -2    -2    -2    -2    -2    -2    -1    -1
         -1    -1     0     0     0     0     0     1     2     2     3     4     5     5     6     7     8     9     9    10
         10    10    10    10    10    10    10     9     9     8     8     7     7     7     6     6     5     5     4     4
          3     3     2     2     1     1     1     1     0     0    15    15    15    15    15    15    15    15    15    15
         15    15    15    15    15    15    15    15    15    15    15
  31   1000   990   961   914   852   778   697   612   526   443   366   296   235   182   138   102    74    52    36    24
         15     9     5     2     0     0    -1    -2    -2    -2    -2    -2    -2    -2    -2    -2    -2    -2    -1    -1
         -1    -1     0     0     0     0     1     1     2     3     4     5     5     6     7     8     8     9     9    10
         10    10    10    10    10    10     9     9     8     8     7     7     6     6     6     5     5     4     4     3
          3     2     2     1     1     1     1     0     0    15    15    15    15    15    15    15    15    15    15    15
         15    15    15    15    15    15    15    15    15    15
  32   1000   990   961   914   852   778   697   612   526   443   365   296   234   181   138   102    74    52    35    23
         14     8     4     1     0    -1    -2    -2    -3    -3    -3    -3    -3    -3    -3    -2    -2    -2    -2    -2
         -1    -1     0     0     0     0     1     1     2     3     4     4     5     6     6     7     8     8     8     9
          9     9     9     9     8     8     8     7     7     6     6     5     5     5     4     4     3     3     3     2
          2     1     1     1     1     0     0     0    12    12    12    12    12    12    12    12    12    12    12    12
         12    12    12    12    12    12    12    12    12
  33   1000   990   961   914   852   778   697   612   526   443   366   296   235   182   138   103    75    53    37    25
         16    10     5     2     1     0     0    -1    -1    -1    -1    -1    -1    -1    -1    -1     0     0     0     0
          0     1     1     2     2     3     4     5     6     7     8     9    11    12    12    13    14    14    15    15
         15    15    14    14    13    13    12    11    11    10     9     9     8     7     7     6     6     5     4     3
          3     2     1     1     1     1     0    24    24    24    24    24    24    24    24    24    24    24    24    24
         24    24    24    24    24    24    24    24
  34   1000   990   961   914   852   778   697   611   526   443   366   296   235   182   138   103    75    53    36    24
         16     9     5     2     0     0    -1    -1    -1    -1    -1    -1    -1    -1    -1    -1     0     0     0     0
          0     1     2     2     3     4     5     6     8     9    10    11    12    13    14    15    15    16    16    16
         16    15    15    14    14    13    12    11    11    10     9     9     8     7     7     6     5     4     4     3
          2     1     1     1     1     0    25    25    25    25    25    25    25    25    25    25    25    25    25    25
         25    25    25    25    25    25    25
  35   1000   990   961   913   852   778   696   611   525   443   365   295   234   181   137   102    74    52    36    23
         15     9     4     1     0    -1    -1    -2    -2    -2    -2    -2    -2    -2    -1    -1    -1     0     0     0
          0     1     2     3     4     5     6     7     8     9    10    11    12    13    14    14    15    15    15    15
         15    14    13    13    12    12    11    10     9     9     8     7     7     6     6     5     4     3     3     2
          1     1     1     1     0    23    23    23    23    23    23    23    23    23    23    23    23    23    23    23
         23    23    23    23    23    23
  36   1000   990   961   914   852   778   696   611   526   443   366   296   234   182   138   103    74    53    36    24
         15     9     5     2     0     0    -1    -1    -1    -1    -1    -1    -1    -1     0     0     0     0     1     2
          2     3     4     6     7     8    10    11    13    14    15    16    17    18    19    19    20    20    19    19
         18    18    17    16    15    14    13    13    12    11    10     9     8     7     7     6     5     3     3     2
          1     1     1     0    32    32    32    32    32    32    32    32    32    32    32    32    32    32    32    32
         32    32    32    32    32
  37   1000   990   961   913   851   778   696   611   525   442   365   295   234   181   138   102    74    52    36    24
         15     9     5     2     0     0    -1    -1    -2    -2    -1    -1    -1    -1     0     0     0     1     1     2
          3     4     6     7     8    10    11    13    15    16    17    18    19    20    20    20    20    20    20    19
         18    18    17    16    15    14    13    12    11    10     9     9     8     7     6     5     4     3     2     1
          1     1     0    33    33    33    33    33    33    33    33    33    33    33    33    33    33    33    33    33
         33    33    33    33
  38   1000   990   961   914   852   778   697   612   526   443   366   297   235   183   139   104    76    54    38    26
         17    11     6     4     2     1     0     0     0     0     0     0     1     1     2     2     3     4     5     7
          8    10    11    13    15    17    19    22    23    25    26    27    28    29    30    29    29    28    27    26
         25    24    23    21    20    19    18    16    15    14    13    11    10     8     7     5     4     2     2     2
          1     1    51    51    51    51    51    51    51    51    51    51    51    51    51    51    51    51    51    51
         51    51    51
  39   1000   990   960   913   851   777   696   610   525   442   365   295   234   181   137   102    74    52    36    23
         15     9     4     2     0     0    -1    -1    -1    -1    -1    -1     0     0     0     1     2     3     4     5
          7     9    10    12    14    16    18    19    21    22    23    24    25    25    25    25    24    23    22    21
         20    19    18    17    16    15    14    13    12    10     9     8     7     6     4     3     2     2     1     1
          1    41    41    41    41    41    41    41    41    41    41    41    41    41    41    41    41    41    41    41
         41    41
  40   1000   990   961   914   852   778   697   611   526   443   366   297   235   183   139   104    76    54    37    25
         17    11     6     4     2     1     0     0     0     1     1     1     2     3     4     5     6     8     9    11
         13    16    18    20    23    25    27    29    31    32    33    34    35    34    34    33    32    31    30    28
         27    25    24    22    21    19    18    16    15    13    12    10     8     6     4     3     2     2     2     1
         60    60    60    60    60    60    60    60    60    60    60    60    60    60    60    60    60    60    60    60
         60
  41   1000   990   961   914   852   778   697   612   526   444   367   297   236   184   140   105    77    55    39    26
         18    12     8     5     3     2     2     2     2     2     3     4     4     6     7     8    10    12    14    16
         19    22    24    27    30    32    35    36    38    39    40    41    41    40    39    38    37    35    33    32
         30    28    26    24    23    21    19    18    16    14    12    10     7     5     3     3     2     2     1    72
         72    72    72    72    72    72    72    72    72    72    72    72    72    72    72    72    72    72    72    72
  42   1000   990   961   914   852   778   697   612   527   444   367   298   237   184   141   105    77    55    39    27
         18    12     8     6     4     3     3     3     3     4     4     5     6     8     9    11    13    15    18    21
         24    27    30    33    36    38    40    42    43    44    45    44    44    43    42    40    38    37    35    33
         31    29    27    25    23    21    19    17    15    13    11     8     6     4     3     2     2     1    79    79
         79    79    79    79    79    79    79    79    79    79    79    79    79    79    79    79    79    79    79
  43   1000   990   961   914   852   778   697   612   527   444   367   298   236   184   141   105    77    55    39    27
         19    13     9     6     4     4     3     3     4     5     6     7     8    10    12    14    16    19    22    25
         28    32    35    38    40    42    44    46    47    47    47    46    46    44    42    40    39    37    35    32
         30    28    26    24    22    20    18    16    14    11     8     6     4     3     3     2     1    83    83    83
         83    83    83    83    83    83    83    83    83    83    83    83    83    83    83    83    83    83
  44   1000   990   961   914   852   778   697   612   526   444   367   297   236   184   140   105    77    55    39    27
         18    12     8     6     4     4     4     4     4     5     7     8    10    12    14    16    19    22    25    29
         32    36    38    41    43    45    47    48    48    48    47    47    45    43    41    40    38    35    33    31
         29    27    25    23    21    19    17    14    12     9     6     4     3     3     2     1    85    85    85    85
         85    85    85    85    85    85    85    85    85    85    85    85    85    85    85    85    85
  45   1000   990   961   914   852   779   698   613   527   445   368   298   237   185   141   106    78    56    40    28
         20    14    10     8     6     6     6     6     7     9    10    12    14    17    19    22    26    29    33    37
         41    44    47    49    51    53    54    55    55    54    53    51    49    47    45    43    40    38    35    33
         31    28    26    24    22    19    16    13    10     7     5     3     3     2     1    98    98    98    98    98
         98    98    98    98    98    98    98    98    98    98    98    98    98    98    98    98
  46   1000   990   961   914   852   778   697   612   527   445   368   298   237   185   141   106    78    56    40    28
         20    14    10     8     7     6     7     7     9    10    12    14    16    19    22    26    30    33    37    41
         44    47    50    52    54    55    56    55    55    54    52    50    48    46    43    41    38    36    33    31
         29    26    24    22    19    16    13    10     7     5     4     3     2     1    99    99    99    99    99    99
         99    99    99    99    99    99    99    99    99    99    99    99    99    99    99
  47   1000   990   961   914   852   779   698   613   527   445   368   298   237   185   142   106    78    57    41    29
         21    15    11     9     8     8     9    10    11    13    15    18    21    24    28    32    36    40    44    47
         50    53    56    58    59    60    59    58    57    55    53    51    49    46    44    41    38    36    33    31
         28    26    23    20    17    14    11     8     5     4     3     3     1   106   106   106   106   106   106   106
        106   106   106   106   106   106   106   106   106   106   106   106   106   106
  48   1000   990   961   914   852   779   698   613   528   446   369   300   238   186   143   108    80    58    42    31
         23    17    14    12    11    11    12    13    15    18    20    23    27    31    35    40    44    49    52    56
         58    61    63    64    65    65    64    63    61    59    56    54    51    48    45    42    39    37    34    31
         28    26    23    19    16    12     9     5     4     4     3     1   117   117   117   117   117   117   117   117
        117   117   117   117   117   117   117   117   117   117   117   117   117
  49   1000   990   961   914   852   779   698   613   528   446   369   299   238   186   143   108    80    59    43    31
         23    18    15    13    12    13    14    16    18    21    24    27    31    36    40    45    49    53    57    59
         62    64    66    67    66    65    64    62    60    57    55    52    49    46    43    40    37    34    32    29
         26    23    19    16    12     9     6     4     4     3     1   120   120   120   120   120   120   120   120   120
        120   120   120   120   120   120   120   120   120   120   120   120
  50   1000   990   961   914   853   779   698   614   528   446   370   300   239   187   144   109    81    60    45    33
         25    20    17    16    15    16    18    20    23    26    30    34    39    43    48    53    57    61    64    67
         69    70    72    71    70    69    67    64    61    59    56    52    49    46    43    40    37    34    31    28
         25    21    17    13     9     6     5     4     3     1   129   129   129   129   129   129   129   129   129   129
        129   129   129   129   129   129   129   129   129   129   129
  51   1000   990   961   914   853   780   699   614   529   447   370   301   240   188   145   110    83    62    46    35
         27    22    20    19    19    20    22    25    28    32    36    41    46    51    56    61    65    68    71    73
         75    76    75    74    73    71    68    65    62    59    56    52    49    46    43    39    36    33    30    26
         22    18    14    10     6     5     4     3     2   138   138   138   138   138   138   138   138   138   138   138
        138   138   138   138   138   138   138   138   138   138
  52   1000   990   961   914   853   780   699   614   529   447   370   301   241   189   146   111    83    62    47    36
         28    24    21    21    21    23    25    29    32    37    42    47    52    57    61    65    68    72    74    75
         77    76    75    74    71    69    66    63    60    56    53    50    46    43    40    37    33    30    27    22
         19    14    10     6     5     4     3     2   139   139   139   139   139   139   139   139   139   139   139   139
        139   139   139   139   139   139   139   139   139
  53   1000   990   961   914   853   780   699   614   529   447   371   301   241   189   146   111    84    63    48    37
         30    26    23    23    24    26    29    33    37    42    47    52    57    62    65    69    72    74    76    77
         76    75    74    72    69    66    63    60    57    53    50    46    43    40    37    33    30    27    23    19
         14    10     6     5     4     3     2   140   140   140   140   140   140   140   140   140   140   140   140   140
        140   140   140   140   140   140   140   140
  54   1000   990   961   914   853   780   699   614   529   448   371   302   241   190   147   112    85    65    49    39
         32    28    26    26    28    30    34    38    43    48    53    59    63    67    70    74    76    78    79    78
         77    76    73    71    68    65    61    58    54    51    48    45    41    38    34    31    27    23    19    14
         10     7     5     4     3     2   143   143   143   143   143   143   143   143   143   143   143   143   143   143
        143   143   143   143   143   143   143
  55   1000   990   961   914   853   780   699   614   529   448   371   302   242   190   147   113    86    65    51    40
         34    30    29    29    31    34    38    43    48    53    58    63    67    70    73    76    77    79    78    77
         76    73    71    67    65    61    58    54    51    48    44    41    38    34    31    27    23    19    14    10
          7     5     4     3     2   143   143   143   143   143   143   143   143   143   143   143   143   143   143   143
        143   143   143   143   143   143
  56   1000   990   961   914   853   780   699   614   530   448   372   303   242   191   148   114    87    67    52    42
         36    33    32    33    36    39    44    49    54    59    63    67    71    74    77    78    79    79    78    77
         74    71    68    65    62    58    55    52    48    45    41    38    35    32    28    23    19    14    10     7
          5     4     3     2   145   145   145   145   145   145   145   145   145   145   145   145   145   145   145   145
        145   145   145   145   145
  57   1000   990   961   914   853   780   699   615   530   448   372   303   243   191   149   115    88    69    54    45
         39    37    36    37    40    44    49    54    59    64    68    71    74    77    78    80    79    78    77    75
         72    69    66    62    59    55    52    48    45    42    38    35    32    28    24    19    14    11     7     5
          4     4     2   146   146   146   146   146   146   146   146   146   146   146   146   146   146   146   146   146
        146   146   146   146
  58   1000   990   961   914   853   780   699   615   530   448   372   303   243   192   150   116    90    70    56    47
         42    39    39    41    45    49    53    58    63    66    70    73    76    77    79    78    77    76    74    71
         68    65    62    58    55    51    48    45    41    38    35    31    28    23    19    14    10     7     5     4
          3     2   144   144   144   144   144   144   144   144   144   144   144   144   144   144   144   144   144   144
        144   144   144
  59   1000   990   961   914   853   780   699   615   530   449   373   304   244   193   151   118    92    73    59    51
         46    44    45    47    50    55    60    64    68    71    74    77    79    80    79    79    78    75    72    69
         66    63    59    56    53    49    46    42    39    35    32    28    24    20    15    11     7     5     4     4
          2   147   147   147   147   147   147   147   147   147   147   147   147   147   147   147   147   147   147   147
        147   147
  60   1000   990   961   914   853   780   699   615   531   449   373   305   245   194   152   119    94    75    62    54
         49    48    49    52    55    60    64    67    71    74    77    78    80    79    78    78    75    72    69    66
         63    59    56    53    49    46    42    39    35    32    28    24    20    15    11     7     5     4     4     2
        147   147   147   147   147   147   147   147   147   147   147   147   147   147   147   147   147   147   147   147
        147
  61   1000   990   961   914   853   780   700   615   531   450   374   306   246   196   154   121    96    78    66    58
         54    53    55    57    61    65    68    71    75    77    79    81    80    79    79    76    73    70    67    64
         60    57    53    50    47    43    39    36    33    29    24    20    15    11     7     5     4     4     2   150
        150   150   150   150   150   150   150   150   150   150   150   150   150   150   150   150   150   150   150   150
  62   1000   990   961   914   853   780   700   616   531   450   375   307   247   197   156   124    99    81    69    62
         59    58    60    62    65    68    71    75    77    79    81    80    79    79    76    73    70    68    64    61
         57    54    50    47    43    40    36    33    29    24    20    15    11     7     5     5     4     2   151   151
        151   151   151   151   151   151   151   151   151   151   151   151   151   151   151   151   151   151   151
  63   1000   990   961   915   853   781   700   616   532   451   376   308   249   199   159   127   103    85    74    67
         64    64    65    67    70    72    75    78    80    81    81    80    79    77    74    71    68    65    62    58
         55    51    48    44    40    37    33    29    25    21    15    11     7     5     5     4     2   153   153   153
        153   153   153   153   153   153   153   153   153   153   153   153   153   153   153   153   153   153
  64   1000   990   961   915   853   781   700   617   533   452   377   309   251   201   161   130   106    89    78    72
         69    69    69    71    73    76    78    80    81    81    80    80    77    75    72    69    66    62    58    55
         51    48    44    41    37    34    30    25    21    15    11     7     5     5     4     2   155   155   155   155
        155   155   155   155   155   155   155   155   155   155   155   155   155   155   155   155   155
  65   1000   990   961   915   853   781   701   617   533   453   378   311   253   204   164   133   110    94    83    77
         74    73    74    75    77    79    80    82    81    81    80    78    75    72    70    66    63    59    56    52
         49    45    42    38    34    30    26    21    16    11     7     6     5     4     2   157   157   157   157   157
        157   157   157   157   157   157   157   157   157   157   157   157   157   157   157   157
  66   1000   990   961   915   854   781   701   618   534   454   379   313   255   206   167   137   114    98    88    82
         78    77    77    78    80    81    82    81    81    80    78    76    73    70    67    63    60    56    53    49
         46    42    38    35    31    26    21    16    12     7     6     5     4     2   159   159   159   159   159   159
        159   159   159   159   159   159   159   159   159   159   159   159   159   159   159
  67   1000   990   961   915   854   781   702   618   535   455   381   315   258   209   171   141   119   103    93    86
         82    80    80    81    81    83    82    81    81    78    76    73    71    68    64    60    57    53    50    46
         43    39    35    31    26    22    16    12     8     6     5     4     2   162   162   162   162   162   162   162
        162   162   162   162   162   162   162   162   162   162   162   162   162   162
  68   1000   990   961   915   854   782   702   619   536   457   383   317   260   213   175   145   123   108    97    90
         85    84    83    83    83    82    82    81    79    77    74    71    68    65    61    58    54    51    47    43
         40    36    32    27    22    17    12     8     6     5     4     2   165   165   165   165   165   165   165   165
        165   165   165   165   165   165   165   165   165   165   165   165   165
  69   1000   990   961   915   854   782   703   620   537   458   385   320   263   216   179   149   127   111   100    92
         88    86    84    84    82    81    81    79    76    74    71    68    65    61    58    55    51    47    44    40
         36    32    27    22    17    12     8     6     5     4     2   167   167   167   167   167   167   167   167   167
        167   167   167   167   167   167   167   167   167   167   167   167
  70   1000   990   961   915   855   783   704   621   539   460   387   322   267   220   182   153   131   114   102    95
         90    87    86    83    82    81    79    77    74    72    69    65    62    59    55    52    48    44    41    37
         33    28    23    17    12     8     6     5     4     2   170   170   170   170   170   170   170   170   170   170
        170   170   170   170   170   170   170   170   170   170   170
  71   1000   990   961   915   855   783   704   622   540   462   390   325   270   223   186   156   133   116   105    97
         91    88    85    82    81    79    76    74    72    69    66    62    59    56    53    49    45    41    38    33
         28    23    17    13     8     6     5     4     2   174   174   174   174   174   174   174   174   174   174   174
        174   174   174   174   174   174   174   174   174   174
  72   1000   990   961   916   855   784   705   623   542   464   392   328   273   226   188   158   135   118   106    97
         92    87    83    82    78    76    74    71    69    66    63    60    56    53    49    46    42    38    34    29
         24    18    13     8     6     5     4     2   177   177   177   177   177   177   177   177   177   177   177   177
        177   177   177   177   177   177   177   177   177
  73   1000   990   962   916   856   785   706   625   544   466   394   331   275   229   190   160   137   120   107    98
         90    86    83    79    76    73    71    69    66    63    60    57    54    50    46    43    39    34    29    24
         18    13     8     6     5     4     2   182   182   182   182   182   182   182   182   182   182   182   182   182
        182   182   182   182   182   182   182   182
  74   1000   990   962   916   856   785   707   626   545   468   397   333   277   231   192   162   138   120   107    96
         89    85    80    77    74    71    69    66    63    61    57    55    51    47    44    40    35    30    25    19
         13     9     7     6     5     2   187   187   187   187   187   187   187   187   187   187   187   187   187   187
        187   187   187   187   187   187   187
  75   1000   990   962   916   856   786   708   627   547   470   398   334   278   231   193   162   137   120   105    95
         88    82    78    74    71    69    66    63    61    58    55    52    48    44    41    36    31    25    19    14
          9     7     6     5     2   193   193   193   193   193   193   193   193   193   193   193   193   193   193   193
        193   193   193   193   193   193
  76   1000   990   962   917   857   787   709   628   548   471   400   335   279   232   193   161   138   118   104    94
         86    80    75    72    70    67    64    62    59    56    53    49    46    42    37    32    26    20    14     9
          7     6     5     2   202   202   202   202   202   202   202   202   202   202   202   202   202   202   202   202
        202   202   202   202   202
  77   1000   990   962   917   857   787   710   630   549   472   401   336   280   232   193   161   136   117   103    92
         84    78    74    71    68    65    63    60    58    55    51    47    44    39    33    28    21    15    10     7
          6     5     2   213   213   213   213   213   213   213   213   213   213   213   213   213   213   213   213   213
        213   213   213   213
  78   1000   990   962   917   858   788   711   630   550   473   401   337   280   232   193   160   135   116   101    91
         83    78    74    70    67    65    62    60    57    53    49    46    41    35    29    22    16    10     8     7
          5     3   227   227   227   227   227   227   227   227   227   227   227   227   227   227   227   227   227   227
        227   227   227
  79   1000   990   962   917   858   788   711   631   551   473   401   336   279   231   191   159   134   114   100    89
         83    77    73    70    67    64    62    59    56    52    48    43    37    30    23    16    11     8     7     6
          3   242   242   242   242   242   242   242   242   242   242   242   242   242   242   242   242   242   242   242
        242   242
  80   1000   990   962   917   858   788   712   631   551   473   400   335   279   229   189   158   132   114    99    90
         83    77    73    70    67    65    61    58    54    50    45    39    32    24    17    11     8     7     6     3
        260   260   260   260   260   260   260   260   260   260   260   260   260   260   260   260   260   260   260   260
        260
  81   1000   990   962   918   859   789   712   632   551   473   400   336   278   229   191   158   133   114   101    92
         84    79    75    71    69    65    62    58    54    48    41    34    25    18    12     9     8     6     3   283
        283   283   283   283   283   283   283   283   283   283   283   283   283   283   283   283   283   283   283   283
  82   1000   990   962   918   859   790   713   632   551   473   401   335   278   231   190   159   134   117   104    94
         86    81    77    73    69    66    61    57    51    44    37    27    19    12     9     8     7     3   308   308
        308   308   308   308   308   308   308   308   308   308   308   308   308   308   308   308   308   308   308
  83   1000   990   963   918   860   790   713   632   551   473   400   335   279   231   192   160   137   119   106    96
         89    83    79    74    70    65    61    54    47    39    29    20    13    10     8     7     3   334   334   334
        334   334   334   334   334   334   334   334   334   334   334   334   334   334   334   334   334   334
  84   1000   990   963   918   860   790   713   632   551   472   400   337   279   232   193   164   140   122   108    99
         91    85    79    74    69    64    57    49    41    30    21    13    10     9     7     3   361   361   361   361
        361   361   361   361   361   361   361   361   361   361   361   361   361   361   361   361   361
  85   1000   991   963   919   860   790   712   632   550   473   402   337   282   234   197   167   143   125   112   101
         93    86    80    74    68    61    52    43    31    22    13    10     9     7     3   389   389   389   389   389
        389   389   389   389   389   389   389   389   389   389   389   389   389   389   389   389
  86   1000   991   963   918   859   789   711   630   549   473   401   337   282   236   199   168   144   126   112   101
         92    84    77    71    63    53    44    32    23    13    10     9     7     3   411   411   411   411   411   411
        411   411   411   411   411   411   411   411   411   411   411   411   411   411   411
  87   1000   991   962   917   858   788   710   629   550   472   401   338   284   238   200   169   145   126   112    99
         90    81    74    65    55    45    32    23    13    10     8     7     2   431   431   431   431   431   431   431
        431   431   431   431   431   431   431   431   431   431   431   431   431   431
  88   1000   990   962   917   857   787   709   630   549   472   401   339   285   238   200   170   144   126   109    97
         86    77    67    56    46    32    22    12     9     8     7     2   447   447   447   447   447   447   447   447
        447   447   447   447   447   447   447   447   447   447   447   447   447
  89   1000   990   962   917   857   787   711   630   551   474   405   342   287   240   202   170   145   124   107    93
         82    70    58    47    33    22    12     8     7     6     1   464   464   464   464   464   464   464   464   464
        464   464   464   464   464   464   464   464   464   464   464   464
  90   1000   990   962   917   858   789   711   632   552   477   407   343   288   241   201   169   142   121   103    89
         75    61    48    33    22    11     8     7     6     1   477   477   477   477   477   477   477   477   477   477
        477   477   477   477   477   477   477   477   477   477   477
  91   1000   990   962   917   859   789   712   633   554   478   407   343   288   239   200   165   138   115    97    80
         64    50    34    22    11     7     6     5     0   483   483   483   483   483   483   483   483   483   483   483
        483   483   483   483   483   483   483   483   483   483
  92   1000   990   962   918   859   790   714   635   556   479   408   344   287   238   196   162   133   110    89    70
         54    36    23    11     7     6     4     0   490   490   490   490   490   490   490   490   490   490   490   490
        490   490   490   490   490   490   490   490   490
  93   1000   990   963   918   860   790   714   635   555   478   406   340   283   233   190   155   126   100    77    58
         38    24    11     7     5     4     0   483   483   483   483   483   483   483   483   483   483   483   483   483
        483   483   483   483   483   483   483   483
  94   1000   991   963   918   860   791   715   635   554   477   403   338   279   228   184   149   117    89    66    44
         27    13     8     6     4     0   477   477   477   477   477   477   477   477   477   477   477   477   477   477
        477   477   477   477   477   477   477
  95   1000   990   963   918   860   791   714   633   553   474   401   334   274   222   179   140   107    79    53    34
         17    10     7     4     0   471   471   471   471   471   471   471   471   471   471   471   471   471   471   471
        471   471   471   471   471   471
  96   1000   991   963   919   860   790   713   632   550   471   396   328   268   216   170   130    96    66    43    24
         14    10     6     0   453   453   453   453   453   453   453   453   453   453   453   453   453   453   453   453
        453   453   453   453   453
  97   1000   991   963   918   859   789   712   629   547   467   392   323   263   208   160   120    84    56    34    21
         14     9     2   438   438   438   438   438   438   438   438   438   438   438   438   438   438   438   438   438
        438   438   438   438
  98   1000   991   963   918   858   788   709   627   544   463   387   318   256   200   152   109    76    48    32    22
         14     5   419   419   419   419   419   419   419   419   419   419   419   419   419   419   419   419   419   419
        419   419   419
  99   1000   991   962   917   858   786   708   624   541   460   384   313   249   193   142   102    69    47    33    22
         11   402   402   402   402   402   402   402   402   402   402   402   402   402   402   402   402   402   402   402
        402   402
 100   1000   990   962   917   857   785   706   622   538   457   379   307   242   184   136    96    68    48    33    19
        383   383   383   383   383   383   383   383   383   383   383   383   383   383   383   383   383   383   383   383
        383
 101   1000   990   962   916   856   784   704   620   536   453   374   301   235   178   131    96    70    49    31   363
        363   363   363   363   363   363   363   363   363   363   363   363   363   363   363   363   363   363   363   363
 102   1000   990   962   916   855   783   703   619   533   449   370   295   230   174   131    97    71    48   341   341
        341   341   341   341   341   341   341   341   341   341   341   341   341   341   341   341   341   341   341
 103   1000   990   962   915   854   782   702   617   530   445   364   291   226   174   133    99    69   323   323   323
        323   323   323   323   323   323   323   323   323   323   323   323   323   323   323   323   323   323
 104   1000   990   961   915   854   782   700   614   527   441   361   288   227   177   134    98   302   302   302   302
        302   302   302   302   302   302   302   302   302   302   302   302   302   302   302   302   302
 105   1000   990   961   915   854   780   698   612   523   438   358   289   229   178   133   285   285   285   285   285
        285   285   285   285   285   285   285   285   285   285   285   285   285   285   285   285
 106   1000   990   961   915   853   779   697   609   521   436   359   291   231   178   263   263   263   263   263   263
        263   263   263   263   263   263   263   263   263   263   263   263   263   263   263
 107   1000   990   961   914   852   778   694   607   519   437   361   293   230   243   243   243   243   243   243   243
        243   243   243   243   243   243   243   243   243   243   243   243   243   243
 108   1000   990   961   914   851   775   692   605   520   439   363   292   222   222   222   222   222   222   222   222
        222   222   222   222   222   222   222   222   222   222   222   222   222
 109   1000   990   960   913   849   774   691   606   522   440   362   203   203   203   203   203   203   203   203   203
        203   203   203   203   203   203   203   203   203   203   203   203
 110   1000   990   960   912   848   773   692   608   523   440   179   179   179   179   179   179   179   179   179   179
        179   179   179   179   179   179   179   179   179   179   179
 111   1000   990   960   912   848   775   694   609   524   151   151   151   151   151   151   151   151   151   151   151
        151   151   151   151   151   151   151   151   151   151
 112   1000   990   960   911   849   776   696   610   125   125   125   125   125   125   125   125   125   125   125   125
        125   125   125   125   125   125   125   125   125
 113   1000   990   960   913   851   778   696    92    92    92    92    92    92    92    92    92    92    92    92    92
         92    92    92    92    92    92    92    92
 114   1000   990   960   914   852   778    66    66    66    66    66    66    66    66    66    66    66    66    66    66
         66    66    66    66    66    66    66
 115   1000   990   961   914   852    41    41    41    41    41    41    41    41    41    41    41    41    41    41    41
         41    41    41    41    41    41
 116   1000   990   961   914    31    31    31    31    31    31    31    31    31    31    31    31    31    31    31    31
         31    31    31    31    31
 117   1000   990   961    26    26    26    26    26    26    26    26    26    26    26    26    26    26    26    26    26
         26    26    26    26
 118   1000   990    21    21    21    21    21    21    21    21    21    21    21    21    21    21    21    21    21    21
         21    21    21
 119   1000     9     9     9     9     9     9     9     9     9     9     9     9     9     9     9     9     9     9     9
          9     9
 120   1000  1000  1000  1000  1000  1000  1000  1000  1000  1000  1000  1000  1000  1000  1000  1000  1000  1000  1000  1000
       1000
 121   1000  1000  1000  1000  1000  1000  1000  1000  1000  1000  1000  1000  1000  1000  1000  1000  1000  1000  1000  1000
 122   1000  1000  1000  1000  1000  1000  1000  1000  1000  1000  1000  1000  1000  1000  1000  1000  1000  1000  1000
 123   1000  1000  1000  1000  1000  1000  1000  1000  1000  1000  1000  1000  1000  1000  1000  1000  1000  1000
 124   1000  1000  1000  1000  1000  1000  1000  1000  1000  1000  1000  1000  1000  1000  1000  1000  1000
 125   1000  1000  1000  1000  1000  1000  1000  1000  1000  1000  1000  1000  1000  1000  1000  1000
 126   1000  1000  1000  1000  1000  1000  1000  1000  1000  1000  1000  1000  1000  1000  1000
 127   1000  1000  1000  1000  1000  1000  1000  1000  1000  1000  1000  1000  1000  1000
 128   1000  1000  1000  1000  1000  1000  1000  1000  1000  1000  1000  1000  1000
 129   1000  1000  1000  1000  1000  1000  1000  1000  1000  1000  1000  1000
 130   1000  1000  1000  1000  1000  1000  1000  1000  1000  1000  1000
 131   1000  1000  1000  1000  1000  1000  1000  1000  1000  1000
 132   1000  1000  1000  1000  1000  1000  1000  1000  1000
 133   1000  1000  1000  1000  1000  1000  1000  1000
 134   1000  1000  1000  1000  1000  1000  1000
 135   1000  1000  1000  1000  1000  1000
 136   1000  1000  1000  1000  1000
 137   1000  1000  1000  1000
 138   1000  1000  1000
 139   1000  1000
 140   1000

 Finished!
