88" 33MeV Deuteron breakup on Ta, Clean Beam
  140    5    1    0    1
   0.00500  10.00000   0.00500   0.00100
   1.0000000   0   0 7.86600000E+03   1.0000000
AL27A    1.925E-20 0.010       0.00       0.00        (    )
NI582    3.677E-21 0.015       0.00       0.00        (    )
IN115N   8.670E-20 0.005       0.00       0.00        (    )
AU1972   3.093E-19 0.012       0.00       0.00        (    )
AU197G   8.478E-20 0.017       0.00 AUNG  3.70 BFX    (BEAM)
Flux Uncertainty From MCNP Calculations
 140
 1.3400E-02 1.2500E-02 1.1800E-02 1.1500E-02 1.1300E-02 1.1200E-02 1.1200E-02
 1.1200E-02 1.1200E-02 1.1200E-02 1.1300E-02 1.1400E-02 1.1600E-02 1.1900E-02
 1.2300E-02 1.2800E-02 1.3400E-02 1.4200E-02 1.5200E-02 1.6500E-02 1.8300E-02
 2.0500E-02 2.2700E-02 2.7100E-02 3.1500E-02 3.6900E-02 4.3500E-02 4.7700E-02
 6.5600E-02 9.1900E-02 8.5900E-02 1.0080E-01 9.7100E-02 1.6320E-01 1.8200E-01
 2.0430E-01 1.7860E-01 2.5710E-01 2.1100E-01 2.6530E-01 2.4700E-01 2.7540E-01
 3.4370E-01 2.0870E-01 1.6930E-01 3.2360E-01 2.9660E-01 2.3640E-01 1.9750E-01
 1.5410E-01 1.4460E-01 1.4160E-01 2.3700E-01 1.3350E-01 1.4260E-01 1.2120E-01
 2.2450E-01 9.3000E-02 8.3400E-02 1.2550E-01 7.6600E-02 6.6500E-02 9.9700E-02
 6.3700E-02 4.9200E-02 3.5900E-02 3.1600E-02 2.7900E-02 2.4900E-02 2.2300E-02
 2.0300E-02 1.8700E-02 1.7300E-02 1.6300E-02 1.5400E-02 1.4700E-02 1.4100E-02
 1.3600E-02 1.2900E-02 1.2500E-02 1.1800E-02 1.1000E-02 1.0000E-02 9.3000E-03
 8.6000E-03 8.0000E-03 7.5000E-03 7.0000E-03 6.7000E-03 6.4000E-03 6.2000E-03
 6.2000E-03 6.1000E-03 6.1000E-03 6.2000E-03 6.4000E-03 6.7000E-03 7.1000E-03
 7.6000E-03 8.1000E-03 8.9000E-03 9.6000E-03 1.0500E-02 1.1500E-02 1.2600E-02
 1.3800E-02 1.5200E-02 1.7000E-02 1.9000E-02 2.1400E-02 2.4000E-02 2.7100E-02
 3.0600E-02 3.4600E-02 3.9300E-02 4.4800E-02 5.1200E-02 7.5400E-02 0.0000E+00
 0.0000E+00 0.0000E+00 0.0000E+00 0.0000E+00 0.0000E+00 0.0000E+00 0.0000E+00
 0.0000E+00 0.0000E+00 0.0000E+00 0.0000E+00 0.0000E+00 0.0000E+00 0.0000E+00
 0.0000E+00 0.0000E+00 0.0000E+00 0.0000E+00 0.0000E+00 0.0000E+00 0.0000E+00
Input Flux Spectrum from MCNP Simulation
 140   0 4.060E+09 2.000E+01 5.000E-08
 7.9940E-09 8.1443E-09 8.2838E-09 8.3747E-09 8.4538E-09 8.4764E-09 8.4960E-09
 8.5010E-09 8.5022E-09 8.4590E-09 8.4443E-09 8.3871E-09 8.3143E-09 8.2259E-09
 8.1068E-09 8.0101E-09 7.8071E-09 1.1423E-09 7.4643E-09 7.2787E-09 7.0847E-09
 3.3278E-10 1.5079E-09 3.5597E-09 1.6262E-09 6.2437E-09 9.7877E-10 4.3947E-10
 1.2777E-09 4.1998E-11 1.9608E-09 5.5212E-10 4.6160E-10 5.3246E-09 2.2719E-10
 5.1962E-09 5.4710E-09 3.5130E-10 5.6929E-09 1.8471E-09 1.2865E-09 2.7971E-10
 2.4243E-09 7.1017E-10 9.4922E-09 3.6394E-09 6.5019E-09 8.9375E-09 1.2595E-08
 8.1205E-09 8.1552E-09 3.0557E-08 4.4812E-08 3.3980E-08 2.2876E-08 4.9222E-08
 9.5310E-08 3.7162E-08 3.0477E-08 9.2199E-08 8.8091E-08 9.6112E-08 3.4362E-07
 2.7207E-07 3.6414E-07 1.8140E-07 2.1853E-07 1.6584E-07 2.7785E-07 2.9917E-07
 7.1690E-07 1.4257E-06 7.0695E-06 1.8492E-06 6.0389E-06 4.1218E-06 9.7131E-07
 1.1096E-06 4.6397E-07 1.6500E-06 1.6878E-06 1.7426E-06 1.8219E-06 1.7743E-06
 2.2075E-06 3.4902E-06 3.8655E-06 4.8717E-06 5.4885E-06 6.9574E-06 6.7441E-06
 6.3057E-06 5.3776E-06 4.4773E-06 3.6222E-06 2.9397E-06 2.2288E-06 1.6394E-06
 1.2249E-06 8.0103E-07 6.1581E-07 4.6692E-07 3.6571E-07 2.7603E-07 2.2229E-07
 1.8787E-07 1.6507E-07 1.4619E-07 1.3082E-07 1.1714E-07 1.1693E-07 1.0660E-07
 9.0313E-08 7.9815E-08 6.1461E-08 4.2355E-08 2.1503E-08 1.9099E-09 0.0000E+00
 0.0000E+00 0.0000E+00 0.0000E+00 0.0000E+00 0.0000E+00 0.0000E+00 0.0000E+00
 0.0000E+00 0.0000E+00 0.0000E+00 0.0000E+00 0.0000E+00 0.0000E+00 0.0000E+00
 0.0000E+00 0.0000E+00 0.0000E+00 0.0000E+00 0.0000E+00 0.0000E+00 0.0000E+00
   17   15    9    9    9   10    7   14   14   36



                         ==============================
                               STAYSL PNNL OUTPUT
                         ==============================

 STAYSL PNNL, version 1.2.0, 2015-08-05


 SCENARIO TITLE: 88" 33MeV Deuteron breakup on Ta, Clean Beam
 -------------------------------------------------------------------------------
  NGROUP =   140    NRXN =     5    ACTIVITY NORM = 1.00000E+00

  COVARIANCE PARAMETERS (FCHN, FCVX, ACVX, FS)
    FLUXES:      WIDTH =  1.0000E+01   LONG RANGE COVAR. =  5.0000E-03
            ACTIVITIES =  5.0000E-03   X-SECT CROSS COR. =  1.0000E-03

    DETERM =   4.5966 × 10^   3.00      ERROR =   1.6809E-16

  INPUT NORMALIZATION DATA
    AK1   =     1.00000     VAK        =     0.00003
    NORML =           0     RENORM     = 1.00000E+00
    CHI²  =    38.68288     NORM. CHI² =     9.67072

  DOSIMETRY ACTIVITIES
     ———— INPUTS —————  -UNADJUSTED FLUX-  — ADJUSTED FLUX —    CHI²  90% ACTIVITIES RANGE
 RXN  MEASURED     ±%   ACTIVITY    %DIFF  ACTIVITY    %DIFF  CONTRIB --LOW E-- --HIGH E--   REACTION          CVR
  1  1.925E-20    1.00  1.978E-20    2.75  1.978E-20    2.75    7.695  7.40E+00  1.70E+01  AL27(N,A)NA24           
  2  3.677E-21    1.50  3.761E-21    2.27  3.761E-21    2.27    1.154  1.30E+01  2.70E+01  NI58(N,2N)NI57          
  3  8.670E-20    0.50  8.605E-20   -0.75  8.605E-20   -0.75    0.120  1.40E+00  1.30E+01  IN115(N,N')IN115M       
  4  3.093E-19    1.20  2.833E-19   -8.41  2.833E-19   -8.41   29.715  9.00E+00  1.80E+01  AU197(N,2N)AU196        
  5  8.478E-20    1.70  8.472E-20   -0.07  8.472E-20   -0.07   -0.001  1.00E-10  1.40E+00  AU197(N,G)AU198         

             % STD. DEV.  =          4.59               4.58

                              CHECK INPUT, IT IS RATHER UNLIKELY !
                                   *** BEWARE OF OUTPUT ! ***


  DIFFERENTIAL FLUXES (input is normalized by a factor of 1.0000E+00)
                  —————— DIFFERENTIAL FLUX —————   ———— STD. DEV. % ————   INTEGRAL
 GRP    ENERGY        NEW         OLD      RATIO    NEW     OLD    RATIO   FLUX > E     ± %
   1  1.0000E-10  3.6059E+10  3.6062E+10   1.000    1.34    1.43   0.935  4.0974E+05    0.70
   2  1.0000E-09  3.6737E+09  3.6740E+09   1.000    1.25    1.35   0.929  4.0971E+05    0.70
   3  1.0000E-08  2.5869E+09  2.5871E+09   1.000    1.18    1.28   0.923  4.0968E+05    0.70
   4  2.3000E-08  1.2592E+09  1.2593E+09   1.000    1.15    1.25   0.920  4.0965E+05    0.70
   5  5.0000E-08  1.3200E+09  1.3201E+09   1.000    1.13    1.24   0.917  4.0961E+05    0.70
   6  7.6000E-08  8.8235E+08  8.8241E+08   1.000    1.12    1.23   0.916  4.0958E+05    0.70
   7  1.1500E-07  6.2712E+08  6.2716E+08   1.000    1.12    1.23   0.915  4.0954E+05    0.70
   8  1.7000E-07  4.0602E+08  4.0605E+08   1.000    1.12    1.23   0.915  4.0951E+05    0.70
   9  2.5500E-07  2.7613E+08  2.7615E+08   1.000    1.12    1.23   0.916  4.0947E+05    0.70
  10  3.8000E-07  2.0201E+08  2.0202E+08   1.000    1.12    1.23   0.916  4.0944E+05    0.70
  11  5.5000E-07  1.1821E+08  1.1822E+08   1.000    1.13    1.24   0.918  4.0940E+05    0.70
  12  8.4000E-07  7.8274E+07  7.8280E+07   1.000    1.14    1.24   0.919  4.0937E+05    0.70
  13  1.2750E-06  5.4006E+07  5.4010E+07   1.000    1.16    1.26   0.922  4.0934E+05    0.70
  14  1.9000E-06  3.7105E+07  3.7108E+07   1.000    1.19    1.29   0.925  4.0930E+05    0.70
  15  2.8000E-06  2.2697E+07  2.2699E+07   1.000    1.23    1.33   0.929  4.0927E+05    0.70
  16  4.2500E-06  1.5863E+07  1.5864E+07   1.000    1.28    1.37   0.934  4.0924E+05    0.70
  17  6.3000E-06  1.0929E+07  1.0930E+07   1.000    1.34    1.43   0.940  4.0920E+05    0.70
  18  9.2000E-06  1.0785E+06  1.0785E+06   1.000    1.42    1.51   0.946  4.0917E+05    0.70
  19  1.3500E-05  4.0404E+06  4.0407E+06   1.000    1.52    1.60   0.953  4.0917E+05    0.70
  20  2.1000E-05  3.2833E+06  3.2835E+06   1.000    1.65    1.72   0.959  4.0914E+05    0.70
  21  3.0000E-05  1.9175E+06  1.9176E+06   1.000    1.83    1.90   0.966  4.0911E+05    0.70
  22  4.5000E-05  5.6291E+04  5.6295E+04   1.000    2.05    2.11   0.972  4.0908E+05    0.70
  23  6.9000E-05  1.9747E+05  1.9749E+05   1.000    2.27    2.32   0.978  4.0908E+05    0.70
  24  1.0000E-04  4.1290E+05  4.1293E+05   1.000    2.71    2.76   0.983  4.0907E+05    0.70
  25  1.3500E-04  1.8863E+05  1.8864E+05   1.000    3.15    3.19   0.987  4.0906E+05    0.70
  26  1.7000E-04  5.0695E+05  5.0699E+05   1.000    3.69    3.72   0.990  4.0905E+05    0.70
  27  2.2000E-04  6.6225E+04  6.6230E+04   1.000    4.34    4.38   0.992  4.0902E+05    0.70
  28  2.8000E-04  2.2301E+04  2.2303E+04   1.000    4.77    4.80   0.994  4.0902E+05    0.70
  29  3.6000E-04  5.7633E+04  5.7638E+04   1.000    6.55    6.58   0.996  4.0902E+05    0.70
  30  4.5000E-04  1.3639E+03  1.3641E+03   1.000    9.17    9.20   0.997  4.0901E+05    0.70
  31  5.7500E-04  4.3027E+04  4.3032E+04   1.000    8.58    8.60   0.997  4.0901E+05    0.70
  32  7.6000E-04  1.1207E+04  1.1208E+04   1.000   10.07   10.09   0.997  4.0901E+05    0.70
  33  9.6000E-04  5.9489E+03  5.9495E+03   1.000    9.70    9.72   0.998  4.0900E+05    0.70
  34  1.2750E-03  6.6506E+04  6.6517E+04   1.000   16.30   16.33   0.998  4.0900E+05    0.70
  35  1.6000E-03  2.3056E+03  2.3060E+03   1.000   18.18   18.21   0.998  4.0898E+05    0.70
  36  2.0000E-03  3.0132E+04  3.0138E+04   1.000   20.40   20.44   0.998  4.0898E+05    0.70
  37  2.7000E-03  3.1727E+04  3.1732E+04   1.000   17.84   17.87   0.998  4.0896E+05    0.70
  38  3.4000E-03  1.2963E+03  1.2966E+03   1.000   25.68   25.71   0.999  4.0894E+05    0.70
  39  4.5000E-03  2.3109E+04  2.3113E+04   1.000   21.08   21.11   0.999  4.0893E+05    0.70
  40  5.5000E-03  4.4104E+03  4.4113E+03   1.000   26.50   26.53   0.999  4.0891E+05    0.71
  41  7.2000E-03  2.6111E+03  2.6116E+03   1.000   24.67   24.70   0.999  4.0890E+05    0.71
  42  9.2000E-03  4.0550E+02  4.0558E+02   1.000   27.51   27.54   0.999  4.0890E+05    0.71
  43  1.2000E-02  3.2801E+03  3.2809E+03   1.000   34.34   34.37   0.999  4.0890E+05    0.71
  44  1.5000E-02  7.2071E+02  7.2082E+02   1.000   20.85   20.88   0.999  4.0889E+05    0.70
  45  1.9000E-02  5.9282E+03  5.9290E+03   1.000   16.92   16.94   0.999  4.0888E+05    0.70
  46  2.5500E-02  2.2727E+03  2.2732E+03   1.000   32.33   32.36   0.999  4.0885E+05    0.70
  47  3.2000E-02  3.2991E+03  3.2997E+03   1.000   29.63   29.66   0.999  4.0883E+05    0.70
  48  4.0000E-02  2.9025E+03  2.9029E+03   1.000   23.62   23.64   0.999  4.0881E+05    0.70
  49  5.2500E-02  3.7874E+03  3.7878E+03   1.000   19.73   19.76   0.999  4.0877E+05    0.70
  50  6.6000E-02  1.4985E+03  1.4986E+03   1.000   15.40   15.42   0.999  4.0872E+05    0.70
  51  8.8000E-02  1.5049E+03  1.5050E+03   1.000   14.45   14.47   0.998  4.0868E+05    0.70
  52  1.1000E-01  4.9623E+03  4.9625E+03   1.000   14.15   14.17   0.998  4.0865E+05    0.70
  53  1.3500E-01  7.2775E+03  7.2775E+03   1.000   23.67   23.70   0.998  4.0853E+05    0.70
  54  1.6000E-01  4.5988E+03  4.5986E+03   1.000   13.33   13.36   0.998  4.0835E+05    0.70
  55  1.9000E-01  3.0963E+03  3.0959E+03   1.000   14.24   14.27   0.998  4.0821E+05    0.70
  56  2.2000E-01  5.7109E+03  5.7098E+03   1.000   12.10   12.13   0.998  4.0811E+05    0.70
  57  2.5500E-01  1.1062E+04  1.1056E+04   1.001   22.41   22.46   0.998  4.0791E+05    0.70
  58  2.9000E-01  5.0310E+03  5.0293E+03   1.000    9.29    9.31   0.997  4.0753E+05    0.70
  59  3.2000E-01  3.0948E+03  3.0934E+03   1.000    8.33    8.35   0.997  4.0738E+05    0.70
  60  3.6000E-01  9.3671E+03  9.3582E+03   1.001   12.53   12.56   0.997  4.0725E+05    0.70
  61  4.0000E-01  7.1585E+03  7.1530E+03   1.001    7.65    7.68   0.996  4.0688E+05    0.70
  62  4.5000E-01  7.8111E+03  7.8043E+03   1.001    6.64    6.67   0.996  4.0652E+05    0.70
  63  5.0000E-01  2.7949E+04  2.7902E+04   1.002    9.94    9.98   0.996  4.0613E+05    0.69
  64  5.5000E-01  2.2121E+04  2.2092E+04   1.001    6.35    6.39   0.994  4.0473E+05    0.69
  65  6.0000E-01  2.4671E+04  2.4640E+04   1.001    4.91    4.95   0.992  4.0363E+05    0.68
  66  6.6000E-01  1.2288E+04  1.2275E+04   1.001    3.59    3.62   0.989  4.0215E+05    0.68
  67  7.2000E-01  1.4804E+04  1.4787E+04   1.001    3.16    3.20   0.986  4.0141E+05    0.68
  68  7.8000E-01  1.1234E+04  1.1222E+04   1.001    2.79    2.83   0.983  4.0052E+05    0.68
  69  8.4000E-01  1.4117E+04  1.4101E+04   1.001    2.48    2.54   0.978  3.9985E+05    0.68
  70  9.2000E-01  1.5199E+04  1.5183E+04   1.001    2.23    2.29   0.974  3.9872E+05    0.68
  71  1.0000E+00  1.4568E+04  1.4553E+04   1.001    2.03    2.09   0.969  3.9750E+05    0.67
  72  1.2000E+00  2.8971E+04  2.8942E+04   1.001    1.87    1.94   0.964  3.9459E+05    0.67
  73  1.4000E+00  1.4364E+05  1.4351E+05   1.001    1.73    1.80   0.958  3.8879E+05    0.66
  74  1.6000E+00  3.7571E+04  3.7539E+04   1.001    1.63    1.70   0.953  3.6006E+05    0.63
  75  1.8000E+00  1.2268E+05  1.2259E+05   1.001    1.54    1.62   0.948  3.5255E+05    0.62
  76  2.0000E+00  5.5816E+04  5.5782E+04   1.001    1.47    1.55   0.944  3.2801E+05    0.61
  77  2.3000E+00  1.3151E+04  1.3145E+04   1.000    1.41    1.50   0.939  3.1127E+05    0.60
  78  2.6000E+00  1.5021E+04  1.5017E+04   1.000    1.36    1.45   0.935  3.0732E+05    0.60
  79  2.9000E+00  4.7099E+03  4.7093E+03   1.000    1.29    1.38   0.930  3.0282E+05    0.60
  80  3.3000E+00  1.6747E+04  1.6747E+04   1.000    1.25    1.35   0.925  3.0093E+05    0.60
  81  3.7000E+00  1.7128E+04  1.7131E+04   1.000    1.18    1.28   0.918  2.9424E+05    0.60
  82  4.1000E+00  1.7682E+04  1.7687E+04   1.000    1.10    1.21   0.909  2.8738E+05    0.60
  83  4.5000E+00  1.4788E+04  1.4794E+04   1.000    1.00    1.12   0.897  2.8031E+05    0.59
  84  5.0000E+00  1.4401E+04  1.4407E+04   1.000    0.93    1.06   0.884  2.7292E+05    0.59
  85  5.5000E+00  1.7916E+04  1.7925E+04   1.000    0.86    0.99   0.868  2.6572E+05    0.59
  86  6.0000E+00  2.0234E+04  2.0243E+04   1.000    0.80    0.94   0.852  2.5676E+05    0.59
  87  6.7000E+00  2.2410E+04  2.2420E+04   1.000    0.75    0.90   0.835  2.4260E+05    0.59
  88  7.4000E+00  2.4715E+04  2.4724E+04   1.000    0.70    0.86   0.818  2.2691E+05    0.59
  89  8.2000E+00  2.7846E+04  2.7854E+04   1.000    0.67    0.84   0.802  2.0714E+05    0.59
  90  9.0000E+00  2.8242E+04  2.8247E+04   1.000    0.64    0.81   0.789  1.8486E+05    0.59
  91  1.0000E+01  2.7378E+04  2.7381E+04   1.000    0.62    0.80   0.779  1.5662E+05    0.60
  92  1.1000E+01  2.5601E+04  2.5601E+04   1.000    0.62    0.80   0.773  1.2924E+05    0.61
  93  1.2000E+01  2.1834E+04  2.1833E+04   1.000    0.61    0.79   0.770  1.0364E+05    0.63
  94  1.3000E+01  1.8180E+04  1.8178E+04   1.000    0.61    0.79   0.771  8.1804E+04    0.65
  95  1.4000E+01  1.4709E+04  1.4706E+04   1.000    0.62    0.80   0.776  6.3624E+04    0.69
  96  1.5000E+01  1.1938E+04  1.1935E+04   1.000    0.64    0.81   0.785  4.8916E+04    0.74
  97  1.6000E+01  9.0510E+03  9.0489E+03   1.000    0.67    0.84   0.798  3.6978E+04    0.81
  98  1.7000E+01  6.6574E+03  6.6560E+03   1.000    0.71    0.87   0.813  2.7927E+04    0.90
  99  1.8000E+01  4.9740E+03  4.9731E+03   1.000    0.76    0.91   0.830  2.1269E+04    1.00
 100  1.9000E+01  3.2526E+03  3.2522E+03   1.000    0.81    0.95   0.848  1.6295E+04    1.14
 101  2.0000E+01  2.5003E+03  2.5002E+03   1.000    0.89    1.02   0.867  1.3043E+04    1.28
 102  2.1000E+01  1.8955E+03  1.8957E+03   1.000    0.96    1.08   0.885  1.0543E+04    1.43
 103  2.2000E+01  1.4844E+03  1.4848E+03   1.000    1.05    1.16   0.902  8.6471E+03    1.60
 104  2.3000E+01  1.1202E+03  1.1207E+03   1.000    1.15    1.25   0.917  7.1627E+03    1.77
 105  2.4000E+01  9.0196E+02  9.0250E+02   0.999    1.26    1.36   0.931  6.0424E+03    1.94
 106  2.5000E+01  7.6215E+02  7.6275E+02   0.999    1.38    1.47   0.943  5.1405E+03    2.12
 107  2.6000E+01  6.6953E+02  6.7018E+02   0.999    1.52    1.60   0.953  4.3783E+03    2.30
 108  2.7000E+01  5.9283E+02  5.9353E+02   0.999    1.70    1.77   0.962  3.7088E+03    2.49
 109  2.8000E+01  5.3040E+02  5.3113E+02   0.999    1.91    1.96   0.970  3.1160E+03    2.69
 110  2.9000E+01  4.7485E+02  4.7559E+02   0.998    2.14    2.20   0.976  2.5856E+03    2.90
 111  3.0000E+01  4.7392E+02  4.7474E+02   0.998    2.40    2.45   0.981  2.1107E+03    3.12
 112  3.1000E+01  4.3200E+02  4.3280E+02   0.998    2.71    2.76   0.985  1.6368E+03    3.38
 113  3.2000E+01  3.6595E+02  3.6667E+02   0.998    3.06    3.10   0.989  1.2048E+03    3.67
 114  3.3000E+01  3.2339E+02  3.2405E+02   0.998    3.47    3.50   0.991  8.3886E+02    3.98
 115  3.4000E+01  2.4901E+02  2.4953E+02   0.998    3.94    3.96   0.993  5.1547E+02    4.34
 116  3.5000E+01  1.7160E+02  1.7196E+02   0.998    4.49    4.51   0.995  2.6645E+02    4.77
 117  3.6000E+01  8.7119E+01  8.7302E+01   0.998    5.13    5.14   0.996  9.4853E+01    5.32
 118  3.7000E+01  7.7337E+00  7.7542E+00   0.997    7.54    7.56   0.998  7.7337E+00    7.54
      3.8000E+01

  INTEGRALS OF SPECTRA
    OLD SPECTRUM   4.0970E+05   ±    0.843 %
    NEW SPECTRUM   4.0974E+05   ±    0.704 %

  SUMMARY OF BROAD-GROUP FLUXES, FLUENCES, AND UNCERTAINTIES

    IRRAD TIME [S] = 7.86600000E+03   ACT NORM =  1.00000000E+00

       ENERGY       FLUX       FLUENCE      STDEV %
      thermal    3.3974E+02  2.6724E+06  ±   1.08     (0.100 meV – 0.550  eV)
     epithermal  7.5305E+02  5.9235E+06  ±   8.14     (0.550  eV – 110.0 keV)
        fast     4.0865E+05  3.2145E+09  ±   0.70     (110.0 keV –  20.0 MeV)
        fast     3.9750E+05  3.1267E+09  ±   0.66     (  1.0 MeV –  20.0 MeV)
        high     1.3043E+04  1.0259E+08  ±   1.28     ( 20.0 MeV –  60.0 MeV)

    MINI-SPECTRUM

       ENERGY       FLUX       FLUENCE      STDEV %
     1.0000E-10  5.7234E+02  4.5020E+06  ±   0.99
     9.2000E-06  1.6844E+02  1.3250E+06  ±   2.45
     9.6000E-04  1.0497E+02  8.2567E+05  ±  18.83
     9.2000E-03  2.1393E+02  1.6828E+06  ±  21.21
     8.8000E-02  1.4317E+03  1.1262E+07  ±  15.56
     3.6000E-01  8.5358E+03  6.7143E+07  ±   5.38
     9.2000E-01  8.7448E+04  6.8786E+08  ±   1.60
     2.3000E+00  1.5465E+05  1.2165E+09  ±   0.75
     1.0000E+01  1.5057E+05  1.1844E+09  ±   0.60
     2.4000E+01  6.0424E+03  4.7530E+07  ±   1.94
     6.0000E+01

       TOTAL     4.0974E+05  3.2230E+09  ±   0.70

    RELATIVE COVARIANCES (10×10)
     1000   263    -9   -12   -14     0    72   181   232    79
     1000   358    27    -4     0    28    73    93    31
     1000   430    59     0     1     8    11     4
     1000   559    92     2     7    10     3
     1000   553    49    10    13     4
     1000   417    59    34    13
     1000   437   130    46
     1000   614    73
     1000   219
     1000

  SPECTRAL-AVERAGED REACTION RATES (for all cross section library reactions)

        REACTIONS        SIG-PHI      <SIG>          REACTIONS        SIG-PHI      <SIG>          REACTIONS        SIG-PHI      <SIG>  
   ------------------  ----------  ----------   ------------------  ----------  ----------   ------------------  ----------  ----------
   LI6(N,A)T           5.3031E-19  1.2943E-24   FE58(N,G)FE59       1.0611E-21  2.5895E-27   IN115(N,N')IN115M   8.6049E-20  2.1001E-25
   B10(N,A)LI7         2.0452E-18  4.9913E-24   CO59(N,2N)CO58      7.0621E-20  1.7235E-25   IN115(N,2N)IN114M   1.5487E-19  3.7796E-25
   F19(N,2N)F18        4.7034E-21  1.1479E-26   CO59(N,3N)CO57      1.8315E-21  4.4699E-27   IN115(N,G)IN116M    2.9770E-19  7.2656E-25
   NA23(N,2N)NA22      4.5987E-21  1.1223E-26   CO59(N,G)CO60       2.2621E-20  5.5207E-26   I127(N,2N)I126      1.7768E-19  4.3363E-25
   NA23(N,G)NA24       3.5672E-22  8.7059E-28   CO59(N,P)FE59       1.0286E-20  2.5105E-26   LA139(N,G)LA140     5.9298E-21  1.4472E-26
   MG24(N,P)NA24       3.2979E-20  8.0488E-26   CO59(N,A)MN56       4.4538E-21  1.0870E-26   PR141(N,2N)PR140    1.9431E-19  4.7421E-25
   AL27(N,P)MG27       2.0480E-20  4.9982E-26   NI58(N,2N)NI57      3.7606E-21  9.1780E-27   TM169(N,2N)TM168    2.8567E-19  6.9720E-25
   AL27(N,A)NA24       1.9780E-20  4.8274E-26   NI58(N,P)CO58       1.4926E-19  3.6428E-25   TM169(N,3N)TM167    2.6845E-20  6.5516E-26
   SI28(N,P)AL28       5.6546E-20  1.3800E-25   NI60(N,P)CO60       2.6391E-20  6.4407E-26   TA181(N,G)TA182     6.1211E-20  1.4939E-25
   P31(N,P)SI31        3.6845E-20  8.9923E-26   CU63(N,2N)CU62      4.9249E-20  1.2019E-25   W186(N,G)W187       5.8796E-20  1.4349E-25
   S32(N,P)P32         9.0501E-20  2.2087E-25   CU63(N,G)CU64       4.3240E-21  1.0553E-26   AU197(N,2N)AU196    2.8330E-19  6.9140E-25
   TI46(N,2N)TI45      8.6179E-21  2.1032E-26   CU63(N,A)CO60       7.6320E-21  1.8626E-26   AU197(N,G)AU198     1.7364E-19  4.2379E-25
   TI46(N,P)SC46       6.3378E-20  1.5468E-25   CU65(N,2N)CU64      9.3852E-20  2.2905E-25   HG199(N,N')HG199M   1.6847E-19  4.1116E-25
   TI47(N,P)SC47       3.2608E-20  7.9582E-26   ZN64(N,P)CU64       6.0312E-20  1.4719E-25   PB204(N,N')PB204M   4.4620E-20  1.0890E-25
   TI47(N,X)SC46       9.6709E-21  2.3602E-26   ZN67(N,P)CU67       5.9394E-21  1.4495E-26   BI209(N,3N)BI207    3.1966E-20  7.8014E-26
   TI48(N,P)SC48       9.1422E-21  2.2312E-26   AS75(N,2N)AS74      9.9655E-20  2.4321E-25   TH232(N,FISSION)    1.0964E-19  2.6759E-25
   TI48(N,X)SC47       4.2479E-21  1.0367E-26   Y89(N,2N)Y88        8.6658E-20  2.1149E-25   TH232(N,G)TH233     1.8472E-20  4.5082E-26
   TI49(N,X)SC48       2.6602E-21  6.4924E-27   ZR90(N,2N)ZR89      7.0345E-20  1.7168E-25   U235(N,FISSION)     9.5430E-19  2.3290E-24
   V51(N,A)SC48        2.0441E-21  4.9888E-27   NB93(N,G)NB94       3.0148E-21  7.3578E-27   U235(N,G)U236       7.0358E-20  1.7171E-25
   CR52(N,2N)CR51      3.5579E-20  8.6833E-26   NB93(N,N')NB93M     6.0784E-20  1.4835E-25   U238(N,2N)U237      2.5760E-19  6.2869E-25
   MN55(N,2N)MN54      7.2337E-20  1.7654E-25   NB93(N,2N)NB92M     5.7362E-20  1.3999E-25   U238(N,FISSION)     3.4011E-19  8.3005E-25
   MN55(N,G)MN56       7.3217E-21  1.7869E-26   MO92(N,P)NB92M      2.3555E-20  5.7488E-26   U238(N,G)U239       2.7826E-20  6.7911E-26
   FE54(N,2N)FE53      3.0583E-21  7.4640E-27   RH103(N,N')RH103M   3.3120E-19  8.0832E-25   NP237(N,FISSION)    7.7627E-19  1.8945E-24
   FE54(N,P)MN54       1.2361E-19  3.0167E-25   AG109(N,G)AG110M    8.4430E-21  2.0605E-26   PU239(N,FISSION)    1.3501E-18  3.2949E-24
   FE54(N,A)CR51       1.4364E-20  3.5057E-26   IN113(N,N')IN113M   7.1275E-20  1.7395E-25   AM241(N,FISSION)    8.8300E-19  2.1550E-24
   FE56(N,P)MN56       1.8811E-20  4.5910E-26   IN113(N,G)IN114M    4.4585E-20  1.0881E-25   SC45(N,G)SC46       1.4573E-20  3.5567E-26

  INPUT FLUX REL. CORRELATION MATRIX (by row from diagonal)
   1   1000   991   965   925   872   809   739   667   594   523   457   396   342   295   254   219   190   165   144   126
        109    94    82    68    58    49    41    37    27    19    20    17    18    11    10     9    10     7     8     7
          7     6     5     8    10     5     6     7     9    11    12    12     7    13    12    14     8    19    21    14
         23    26    18    27    35    48    55    62    69    76    84    90    97   103   108   113   117   121   126   130
        136   145   156   166   176   185   194   203   209   215   219   219   222   222   219   215   209   201   192   184
        171   161   150   139   129   119   109    99    89    80    71    63    56    50    44    39    34    23   350   350
        350   350   350   350   350   350   350   350   350   350   350   350   350   350   350   350   350   350   350   350

  OUTPUT FLUX REL. CORRELATION MATRIX (by row from diagonal)
   1   1000   990   960   913   852   778   697   612   527   445   368   299   238   185   141   106    78    57    41    28
         19    12     9     3     0    -1    -2    -1    -6    -9    -7    -7    -6   -10   -10   -11    -9   -11   -10   -10
        -10   -10   -10    -8    -6   -10   -10    -9    -8    -7    -7    -7   -11    -8    -9    -8   -14    -6    -5   -11
         -4    -2    -9    -3     2    11    15    20    25    31    36    41    47    51    56    60    64    67    73    76
         81    88    98   107   116   126   134   145   152   159   165   165   168   168   166   161   154   146   137   129
        118   110   101    93    86    79    72    65    59    53    48    42    38    34    30    26    23    15   288   288
        288   288   288   288   288   288   288   288   288   288   288   288   288   288   288   288   288   288   288   288
   2   1000   990   961   914   852   779   698   613   529   447   370   301   240   187   144   109    81    59    42    29
         20    14     7     3     0    -1     0    -6    -9    -6    -7    -6   -11   -11   -11   -10   -12   -10   -11   -10
        -10   -11    -8    -6   -10   -10    -9    -9    -7    -7    -7   -12    -8    -9    -8   -14    -6    -5   -11    -4
         -2   -10    -2     3    12    17    22    27    33    39    45    51    55    60    65    69    73    78    81    87
         95   106   114   124   134   144   155   162   170   176   177   180   180   178   172   165   156   146   138   126
        117   108    99    92    85    78    70    63    57    51    45    41    36    32    28    25    17   309   309   309
        309   309   309   309   309   309   309   309   309   309   309   309   309   309   309   309   309   309   309
   3   1000   990   961   914   853   780   699   615   530   449   372   303   242   189   146   111    83    61    43    30
         22    12     7     3     0     0    -5    -9    -6    -7    -6   -11   -11   -11   -10   -12   -10   -11   -10   -10
        -11    -8    -7   -11   -10   -10    -9    -7    -7    -7   -12    -8   -10    -8   -15    -6    -5   -11    -4    -2
        -10    -2     3    14    18    24    30    36    42    48    54    59    64    69    73    77    83    86    92   100
        112   121   132   142   152   164   172   180   186   187   190   191   188   182   174   165   155   146   133   124
        114   105    97    89    82    74    67    60    54    48    43    38    34    30    26    18   328   328   328   328
        328   328   328   328   328   328   328   328   328   328   328   328   328   328   328   328   328   328
   4   1000   990   961   914   853   780   700   615   531   449   372   303   242   190   146   111    83    60    42    31
         18    11     6     2     1    -4    -9    -6    -7    -6   -11   -11   -12   -10   -12   -10   -11   -11   -11   -12
         -9    -7   -11   -11   -10    -9    -7    -7    -8   -13    -8   -10    -9   -15    -6    -5   -11    -4    -2   -10
         -2     3    14    19    25    30    37    43    49    55    61    66    71    75    79    85    89    95   103   115
        124   135   146   156   168   176   185   191   192   195   195   193   187   179   169   159   149   137   127   117
        108    99    92    84    76    69    62    55    49    44    39    35    31    27    18   336   336   336   336   336
        336   336   336   336   336   336   336   336   336   336   336   336   336   336   336   336   336
   5   1000   990   961   914   853   780   700   615   531   449   372   303   242   190   146   111    81    59    43    27
         17    10     5     3    -3    -8    -6    -7    -6   -11   -12   -12   -10   -12   -11   -12   -11   -11   -12    -9
         -7   -11   -11   -10    -9    -7    -7    -8   -13    -9   -10    -9   -15    -6    -5   -12    -4    -2   -10    -2
          3    14    19    25    31    38    44    50    56    62    67    72    77    81    87    90    97   105   117   126
        138   149   159   171   179   188   195   195   199   199   196   190   182   172   161   152   139   130   119   110
        101    93    86    77    70    63    56    50    45    40    35    31    27    18   342   342   342   342   342   342
        342   342   342   342   342   342   342   342   342   342   342   342   342   342   342   342
   6   1000   990   961   914   853   780   700   615   531   448   372   303   242   190   146   109    80    59    39    26
         16     9     6    -1    -7    -5    -7    -5   -11   -12   -12   -10   -13   -11   -12   -11   -11   -12    -9    -7
        -11   -11   -10    -9    -8    -8    -8   -13    -9   -10    -9   -15    -6    -5   -12    -4    -2   -10    -2     3
         14    19    25    31    38    44    50    57    62    68    73    77    81    87    91    97   106   118   128   139
        150   161   173   181   190   196   197   200   201   198   192   184   174   163   153   140   131   120   111   102
         94    86    78    71    63    57    51    45    40    36    31    28    18   345   345   345   345   345   345   345
        345   345   345   345   345   345   345   345   345   345   345   345   345   345   345
   7   1000   990   961   914   853   780   700   615   530   448   372   302   241   189   144   108    81    55    38    25
         15    10     0    -5    -4    -6    -5   -11   -12   -12   -10   -13   -11   -12   -11   -11   -12    -9    -7   -11
        -11   -10    -9    -8    -8    -8   -13    -9   -10    -9   -15    -6    -5   -12    -5    -2   -10    -2     3    14
         19    25    31    38    44    50    57    62    68    73    77    81    87    91    97   106   118   128   139   150
        161   173   181   190   196   197   201   201   198   192   184   174   163   153   140   131   120   111   102    94
         87    78    71    63    57    51    45    40    36    31    28    18   345   345   345   345   345   345   345   345
        345   345   345   345   345   345   345   345   345   345   345   345   345   345
   8   1000   990   961   914   853   780   700   615   530   448   372   302   241   188   143   108    77    54    37    23
         16     5    -3    -2    -5    -4   -11   -11   -12   -10   -13   -11   -12   -11   -11   -12    -9    -7   -11   -11
        -10    -9    -8    -8    -8   -13    -9   -10    -9   -16    -6    -5   -12    -5    -2   -10    -2     3    14    19
         25    31    38    44    50    57    62    68    73    77    81    87    91    97   106   118   128   139   150   161
        173   181   190   196   197   201   201   198   192   184   174   163   153   140   131   120   111   102    94    87
         78    71    63    57    51    45    40    36    31    28    18   345   345   345   345   345   345   345   345   345
        345   345   345   345   345   345   345   345   345   345   345   345   345
   9   1000   990   961   915   853   780   700   615   530   448   372   302   240   187   144   105    76    53    36    25
         11     1     0    -3    -3   -10   -11   -11   -10   -12   -11   -12   -11   -11   -12    -9    -7   -11   -11   -10
         -9    -8    -8    -8   -13    -9   -10    -9   -15    -6    -5   -12    -4    -2   -10    -2     3    14    19    25
         31    38    44    50    57    62    68    73    77    81    87    91    97   106   118   128   139   150   161   173
        181   190   196   197   201   201   198   192   184   174   163   153   140   131   120   111   102    94    87    78
         71    63    57    51    45    40    36    31    28    18   345   345   345   345   345   345   345   345   345   345
        345   345   345   345   345   345   345   345   345   345   345   345
  10   1000   990   961   915   853   780   700   615   530   448   372   301   239   188   141   104    75    52    37    20
          7     4     0    -1    -8   -10   -11   -10   -12   -10   -12   -11   -11   -12    -9    -7   -11   -11   -10    -9
         -7    -7    -8   -13    -9   -10    -9   -15    -6    -5   -12    -4    -2   -10    -2     3    14    19    25    31
         38    44    51    57    62    68    73    77    81    87    91    97   106   118   128   139   150   160   172   181
        190   196   197   200   201   198   192   184   174   163   153   140   131   120   111   102    94    86    78    71
         63    57    51    45    40    36    31    28    18   345   345   345   345   345   345   345   345   345   345   345
        345   345   345   345   345   345   345   345   345   345   345
  11   1000   990   961   915   853   780   700   615   530   448   371   300   240   184   140   103    74    53    32    16
         10     3     1    -6    -8   -10    -9   -12   -10   -11   -11   -11   -12    -9    -7   -11   -11   -10    -9    -7
         -7    -8   -13    -9   -10    -9   -15    -6    -5   -12    -4    -2   -10    -2     3    14    19    25    31    38
         44    50    56    62    67    72    77    81    87    90    97   105   117   126   138   149   159   171   179   188
        195   195   199   199   196   190   182   172   161   152   139   130   119   110   101    93    86    77    70    63
         56    50    45    40    35    31    27    18   342   342   342   342   342   342   342   342   342   342   342   342
        342   342   342   342   342   342   342   342   342   342
  12   1000   990   961   915   853   780   700   615   530   447   370   301   237   183   139   102    75    48    28    19
         10     5    -3    -6    -9    -8   -11   -10   -11   -10   -11   -12    -8    -7   -11   -11   -10    -9    -7    -7
         -8   -13    -8   -10    -9   -15    -6    -5   -11    -4    -2   -10    -2     3    14    19    25    31    37    44
         50    56    61    67    72    76    80    86    89    96   104   116   125   136   147   158   169   178   186   193
        194   197   197   194   188   180   171   160   151   138   128   118   109   100    93    85    77    69    62    56
         50    44    40    35    31    27    18   339   339   339   339   339   339   339   339   339   339   339   339   339
        339   339   339   339   339   339   339   339   339
  13   1000   990   961   914   853   780   700   615   529   447   370   298   236   182   138   103    70    45    32    19
         12     0    -3    -6    -7   -10    -9   -10   -10   -10   -11    -8    -7   -11   -11   -10    -9    -7    -7    -7
        -12    -8   -10    -8   -15    -6    -5   -11    -4    -2   -10    -2     3    14    19    25    30    37    43    49
         55    60    66    70    75    79    84    88    94   102   114   123   134   145   155   167   175   183   189   190
        193   194   191   185   177   168   157   148   135   126   116   107    99    91    83    75    68    61    55    49
         44    39    34    30    27    18   333   333   333   333   333   333   333   333   333   333   333   333   333   333
        333   333   333   333   333   333   333   333
  14   1000   990   961   914   853   780   699   614   529   447   367   297   235   181   139    98    67    48    31    20
          7     0    -3    -5    -8    -8   -10    -9   -10   -11    -8    -6   -11   -10    -9    -9    -7    -7    -7   -12
         -8    -9    -8   -14    -6    -4   -11    -4    -2    -9    -2     3    14    18    24    30    36    42    48    54
         59    64    69    73    77    82    86    92   100   111   120   131   141   151   162   170   179   185   185   189
        189   186   181   173   164   153   144   132   123   113   104    96    89    81    73    66    59    53    48    43
         38    34    30    26    17   325   325   325   325   325   325   325   325   325   325   325   325   325   325   325
        325   325   325   325   325   325   325
  15   1000   990   961   914   853   780   699   614   529   444   366   296   234   182   134    95    70    47    33    16
          7     0    -1    -6    -6    -9    -9    -9   -10    -8    -6   -10   -10    -9    -8    -7    -7    -7   -12    -8
         -9    -8   -14    -5    -4   -10    -4    -2    -9    -2     3    13    18    23    29    35    40    46    52    57
         62    66    71    74    80    83    89    96   107   116   126   137   146   157   165   173   179   179   183   183
        180   175   167   158   148   140   128   119   110   101    93    86    79    71    64    58    52    46    41    37
         32    29    25    17   314   314   314   314   314   314   314   314   314   314   314   314   314   314   314   314
        314   314   314   314   314   314
  16   1000   990   961   914   853   780   698   614   526   443   365   295   235   178   131    98    69    49    28    16
          7     2    -3    -4    -7    -7    -8   -10    -7    -6   -10   -10    -9    -8    -6    -6    -7   -11    -7    -9
         -8   -13    -5    -4   -10    -4    -1    -9    -2     3    13    17    22    27    33    39    44    50    55    60
         64    68    71    77    80    85    93   103   112   122   131   141   151   158   166   172   173   175   176   173
        168   161   152   143   134   123   114   105    97    89    83    76    68    62    55    50    44    40    35    31
         28    24    16   302   302   302   302   302   302   302   302   302   302   302   302   302   302   302   302   302
        302   302   302   302   302
  17   1000   990   961   914   853   779   698   612   526   442   365   296   231   175   134    98    71    45    29    16
          9     1    -1    -4    -6    -7    -9    -6    -5    -9    -9    -8    -7    -6    -6    -6   -11    -7    -8    -7
        -13    -5    -4    -9    -3    -1    -8    -1     3    12    16    21    26    32    37    42    48    52    57    61
         65    68    73    76    82    89    99   107   116   125   134   144   151   159   164   165   168   168   165   160
        154   145   136   128   117   109   101    93    85    79    72    65    59    53    48    42    38    34    30    26
         23    15   289   289   289   289   289   289   289   289   289   289   289   289   289   289   289   289   289   289
        289   289   289   289
  18   1000   990   961   914   852   779   697   611   525   442   366   292   228   178   134   100    67    46    29    18
          8     3    -1    -3    -5    -7    -5    -4    -8    -8    -7    -7    -6    -6    -6   -10    -6    -8    -7   -12
         -5    -3    -9    -3    -1    -8    -1     3    12    16    20    25    30    35    40    45    49    54    58    61
         64    69    72    77    84    93   101   110   118   127   136   143   150   155   156   158   158   156   151   145
        137   129   121   111   103    95    87    81    74    68    62    56    50    45    40    36    32    28    25    22
         15   273   273   273   273   273   273   273   273   273   273   273   273   273   273   273   273   273   273   273
        273   273   273
  19   1000   990   961   914   852   778   696   610   524   443   362   290   231   178   136    96    68    46    31    17
         10     3     0    -3    -5    -4    -4    -7    -7    -7    -6    -5    -5    -5    -9    -6    -7    -6   -11    -4
         -3    -8    -3    -1    -7    -1     3    11    15    19    23    28    33    38    42    46    50    54    57    60
         65    67    72    78    87    94   102   111   118   127   133   140   145   145   148   148   146   142   136   128
        120   113   103    96    89    82    75    70    64    58    52    47    42    37    33    30    26    23    20    14
        255   255   255   255   255   255   255   255   255   255   255   255   255   255   255   255   255   255   255   255
        255   255
  20   1000   990   961   914   851   777   696   610   525   440   360   293   231   180   132    97    69    48    30    19
         10     4     0    -3    -2    -2    -6    -6    -6    -6    -4    -5    -5    -8    -5    -6    -5   -10    -4    -3
         -7    -2    -1    -6    -1     3    10    14    17    22    26    30    35    39    43    46    50    53    56    60
         62    66    72    80    87    94   102   109   117   123   129   133   134   136   136   134   130   125   118   111
        104    95    89    82    75    69    64    59    53    48    43    39    34    31    27    24    21    19    13   235
        235   235   235   235   235   235   235   235   235   235   235   235   235   235   235   235   235   235   235   235
        235
  21   1000   990   961   913   851   777   696   611   523   438   363   293   233   177   133    97    70    47    32    19
         11     5     0     0    -1    -5    -5    -5    -5    -4    -4    -4    -8    -5    -6    -5    -9    -3    -3    -7
         -2    -1    -6    -1     2     9    12    16    19    23    27    31    35    38    42    45    48    50    54    56
         60    65    72    78    85    92    98   106   111   116   120   121   123   123   121   118   113   107   100    94
         86    80    74    68    63    58    53    48    43    39    35    31    28    25    22    19    17    11   212   212
        212   212   212   212   212   212   212   212   212   212   212   212   212   212   212   212   212   212   212   212
  22   1000   990   960   913   851   777   696   609   522   441   363   294   230   178   134    99    70    49    32    21
         12     5     3     1    -3    -4    -4    -4    -3    -3    -4    -7    -4    -5    -4    -8    -3    -2    -6    -2
         -1    -5    -1     2     8    11    14    17    21    24    28    31    34    37    40    42    45    48    50    53
         58    65    70    76    82    88    94    99   104   107   108   110   110   108   105   101    95    89    84    77
         72    66    61    56    52    47    43    39    35    31    28    25    22    20    17    15    10   189   189   189
        189   189   189   189   189   189   189   189   189   189   189   189   189   189   189   189   189   189   189
  23   1000   990   960   913   851   778   694   608   524   441   364   292   231   178   135    99    72    49    33    21
         12     7     4     0    -2    -2    -3    -2    -3    -3    -6    -4    -4    -4    -7    -2    -2    -5    -2     0
         -4     0     2     7    10    13    16    19    22    25    28    31    34    36    38    40    43    45    48    52
         58    63    69    74    79    85    89    94    97    97    99    99    98    95    91    86    81    76    69    65
         60    55    51    47    43    39    35    31    28    25    22    20    18    16    14     9   171   171   171   171
        171   171   171   171   171   171   171   171   171   171   171   171   171   171   171   171   171   171
  24   1000   990   961   913   852   777   694   610   524   442   363   293   232   180   135   100    72    50    34    21
         14     9     3     0    -1    -2    -2    -2    -3    -5    -3    -4    -3    -6    -2    -2    -5    -2    -1    -4
         -1     1     5     8    10    12    15    18    20    23    25    28    30    32    33    36    37    40    44    49
         53    57    62    66    71    75    79    81    82    83    83    82    79    76    72    67    63    58    54    50
         46    42    39    36    32    29    26    23    21    19    17    15    13    11     8   142   142   142   142   142
        142   142   142   142   142   142   142   142   142   142   142   142   142   142   142   142   142
  25   1000   990   961   914   851   776   696   610   525   441   364   294   233   180   137   101    73    51    34    23
         15     7     3     1     0    -1    -1    -2    -4    -3    -3    -3    -5    -2    -2    -4    -2    -1    -4    -1
          1     4     6     8    10    13    15    17    20    22    24    25    27    28    31    32    34    37    42    45
         49    53    57    61    64    68    70    70    71    71    70    68    65    62    58    55    50    46    43    39
         36    33    31    28    25    22    20    18    16    14    13    11    10     7   122   122   122   122   122   122
        122   122   122   122   122   122   122   122   122   122   122   122   122   122   122   122
  26   1000   990   961   913   850   777   696   611   524   441   364   295   233   181   137   101    73    51    36    24
         14     8     4     1     0     0    -1    -3    -2    -3    -3    -5    -2    -2    -4    -1    -1    -3    -1     0
          4     5     7     9    11    13    14    16    18    20    21    23    24    26    27    29    32    35    38    42
         45    49    52    55    58    60    60    61    61    60    58    56    53    49    47    43    40    36    34    31
         29    26    24    21    19    17    15    14    12    11     9     8     6   103   103   103   103   103   103   103
        103   103   103   103   103   103   103   103   103   103   103   103   103   103   103
  27   1000   990   960   913   851   778   697   610   525   442   365   295   234   181   137   102    74    53    37    23
         15     9     5     2     0     0    -2    -2    -2    -2    -4    -2    -1    -3    -1    -1    -3    -1     0     3
          4     5     7     9    10    12    14    15    16    18    19    20    22    23    25    27    30    32    35    38
         41    44    46    49    50    51    52    52    51    49    47    45    42    39    36    34    31    28    26    24
         22    20    18    16    14    13    12    10     9     8     7     5    87    87    87    87    87    87    87    87
         87    87    87    87    87    87    87    87    87    87    87    87    87    87
  28   1000   990   960   913   851   778   696   610   525   443   365   296   234   182   138   102    75    53    36    24
         15     9     5     3     1    -1    -1    -1    -2    -3    -1    -1    -3    -1     0    -2     0     0     3     4
          5     7     8    10    11    13    14    15    16    18    19    20    21    22    24    27    30    32    35    38
         40    42    44    46    46    47    47    46    45    43    41    38    36    33    31    28    26    24    22    20
         18    16    15    13    12    11     9     8     7     6     4    80    80    80    80    80    80    80    80    80
         80    80    80    80    80    80    80    80    80    80    80    80    80
  29   1000   990   961   914   852   778   696   611   526   443   366   296   234   182   138   103    75    53    36    24
         16    10     5     2     0     0    -1    -1    -3    -1    -1    -3    -1    -1    -2    -1     0     1     2     3
          4     5     6     7     8     9    10    11    12    12    14    14    16    17    19    21    23    25    27    29
         30    32    33    33    34    34    33    32    31    29    27    26    24    22    20    19    17    16    14    13
         12    10     9     8     7     7     6     5     5     3    56    56    56    56    56    56    56    56    56    56
         56    56    56    56    56    56    56    56    56    56    56    56
  30   1000   990   961   914   852   778   697   611   526   443   366   296   235   182   139   103    75    53    36    24
         16    10     5     2     0     0    -1    -2    -2    -2    -2    -2    -2    -2    -2    -1     0     0     1     1
          2     3     3     4     5     6     6     7     8     9     9    10    11    13    14    16    17    19    20    21
         22    23    23    24    24    23    23    22    21    19    18    17    15    14    13    12    11    10     9     8
          7     6     6     5     5     4     4     3     2    37    37    37    37    37    37    37    37    37    37    37
         37    37    37    37    37    37    37    37    37    37    37
  31   1000   990   961   913   851   778   697   611   526   443   366   296   235   183   139   103    75    53    37    25
         16    10     5     2     0     0    -1    -1    -1    -2    -1    -1    -2    -1     0     0     1     1     2     3
          4     5     5     6     7     8     8     9    10    11    12    13    14    16    17    19    20    22    23    24
         25    25    26    26    25    25    24    22    21    20    18    17    15    14    13    12    11    10     9     8
          7     6     6     5     4     4     3     2    42    42    42    42    42    42    42    42    42    42    42    42
         42    42    42    42    42    42    42    42    42    42
  32   1000   990   961   914   852   778   697   612   526   443   366   296   235   183   139   103    75    53    37    25
         16     9     5     2     1     0     0    -1    -2    -1    -1    -2    -1     0     0     0     1     1     2     3
          3     4     5     5     6     7     7     8     9    10    11    12    13    15    16    17    19    20    21    21
         21    22    22    21    21    20    19    18    17    15    14    13    12    11    10     9     8     7     7     6
          5     5     4     4     3     3     2    35    35    35    35    35    35    35    35    35    35    35    35    35
         35    35    35    35    35    35    35    35    35
  33   1000   990   960   913   852   778   697   611   526   443   366   297   235   183   139   103    75    54    37    25
         16    10     5     3     0     0     0    -1    -1    -1    -2    -1     0     0     1     1     2     3     3     4
          5     5     6     7     7     8     9     9    10    11    13    14    15    17    18    19    20    21    22    22
         23    23    22    22    21    20    18    17    16    15    14    12    11    11    10     9     8     7     6     6
          5     4     4     3     3     2    37    37    37    37    37    37    37    37    37    37    37    37    37    37
         37    37    37    37    37    37    37    37
  34   1000   990   961   914   852   778   697   612   526   444   367   297   235   183   139   103    75    53    37    24
         16     9     5     2     0     0    -1    -1    -1    -2    -1    -1    -1     0     0     0     0     0     1     1
          1     2     2     3     3     4     4     5     6     7     7     8     9    10    11    12    12    13    13    13
         13    13    12    12    11    11    10     9     8     8     7     6     6     5     5     4     4     3     3     3
          2     2     2     2     1    19    19    19    19    19    19    19    19    19    19    19    19    19    19    19
         19    19    19    19    19    19    19
  35   1000   990   961   914   852   778   697   612   526   444   367   297   235   183   139   103    75    53    37    25
         16    10     5     2     1     0    -1    -1    -2    -1    -1    -1    -1     0     0     0     0     0     1     1
          1     2     2     3     3     4     4     5     6     7     7     8     9    10    10    11    11    11    12    12
         11    11    11    10     9     9     8     7     7     6     6     5     5     4     4     3     3     3     2     2
          2     2     1     1    16    16    16    16    16    16    16    16    16    16    16    16    16    16    16    16
         16    16    16    16    16    16
  36   1000   990   961   914   852   778   697   612   526   444   366   297   235   183   139   103    75    53    37    24
         16     9     5     2     0     0     0    -1    -1    -1    -1    -1     0     0     0     0     0     0     0     1
          1     2     2     3     3     4     4     5     6     6     7     8     8     9    10    10    10    10    10    10
         10     9     9     8     8     7     7     6     5     5     4     4     4     3     3     3     2     2     2     2
          1     1     1    14    14    14    14    14    14    14    14    14    14    14    14    14    14    14    14    14
         14    14    14    14    14
  37   1000   990   961   914   852   778   697   612   526   444   367   297   235   183   139   103    75    53    37    25
         16    10     6     2     1     0    -1    -1    -1     0     0     0     0     0     0     1     1     1     2     2
          3     3     4     4     5     5     6     7     8     8     9    10    11    11    12    12    12    12    12    11
         11    10    10     9     8     8     7     6     6     5     5     4     4     3     3     3     2     2     2     2
          1     1    17    17    17    17    17    17    17    17    17    17    17    17    17    17    17    17    17    17
         17    17    17    17
  38   1000   990   961   914   852   778   697   612   526   444   367   297   235   183   139   103    75    53    37    24
         16    10     5     2     1     0     0    -1    -1    -1    -1    -1     0     0     0     0     0     0     0     1
          1     1     2     2     3     4     4     5     5     6     7     7     7     8     8     8     8     8     8     7
          7     6     6     5     5     5     4     4     3     3     3     2     2     2     2     1     1     1     1     1
          1    10    10    10    10    10    10    10    10    10    10    10    10    10    10    10    10    10    10    10
         10    10    10
  39   1000   990   961   914   852   778   697   612   526   444   367   297   235   183   139   103    75    53    37    25
         16    10     6     3     0     0     0     0     0     0     0     0     0     0     0     1     1     1     2     2
          3     3     4     4     5     6     6     7     8     8     9     9    10    10    10    10    10    10     9     9
          8     8     7     6     6     5     5     4     4     4     3     3     3     2     2     2     2     1     1     1
         14    14    14    14    14    14    14    14    14    14    14    14    14    14    14    14    14    14    14    14
         14    14
  40   1000   990   961   914   852   778   697   612   526   444   367   297   235   183   139   103    75    53    37    25
         16    10     5     2     1     0     0     0     0     0     0     0     0     0     0     0     0     1     1     2
          2     2     3     4     4     5     5     6     6     7     7     7     8     8     8     8     7     7     7     6
          6     5     5     4     4     4     3     3     3     2     2     2     2     1     1     1     1     1     1     9
          9     9     9     9     9     9     9     9     9     9     9     9     9     9     9     9     9     9     9     9
          9
  41   1000   990   961   914   852   778   697   612   526   444   367   297   235   183   139   103    75    53    37    25
         16    10     5     3     1     0     0     0     0     0     0     0     0     0     0     1     1     1     2     2
          3     3     4     5     5     6     6     7     7     8     8     8     8     8     8     8     8     7     7     6
          6     5     5     4     4     4     3     3     3     2     2     2     2     1     1     1     1     1    11    11
         11    11    11    11    11    11    11    11    11    11    11    11    11    11    11    11    11    11    11    11
  42   1000   990   961   914   852   778   697   612   526   444   367   297   235   183   139   103    75    53    37    25
         16    10     6     3     1     0     0     0     0     0     0     0     0     0     0     1     1     1     2     2
          3     3     4     4     5     6     6     7     7     7     7     7     7     7     7     7     6     6     6     5
          5     4     4     4     3     3     3     2     2     2     2     1     1     1     1     1     1     9     9     9
          9     9     9     9     9     9     9     9     9     9     9     9     9     9     9     9     9     9     9
  43   1000   990   961   914   852   778   697   612   526   444   366   297   235   183   139   103    75    53    37    25
         16    10     6     3     1     0     0     0     0     0     0     0     0     0     0     0     1     1     1     2
          2     3     3     4     4     5     5     5     6     6     6     6     6     6     5     5     5     4     4     4
          3     3     3     2     2     2     2     1     1     1     1     1     1     1     1     0     6     6     6     6
          6     6     6     6     6     6     6     6     6     6     6     6     6     6     6     6     6     6
  44   1000   990   961   914   852   778   697   612   526   444   367   297   235   183   139   104    75    54    37    25
         16    10     7     4     2     1     1     1     1     1     1     1     2     2     3     3     3     4     4     5
          6     7     7     8     9     9    10    10    10    10    10    10    10     9     9     8     8     7     7     6
          5     5     5     4     4     3     3     3     2     2     2     2     1     1     1    15    15    15    15    15
         15    15    15    15    15    15    15    15    15    15    15    15    15    15    15    15    15
  45   1000   990   961   914   852   778   697   612   526   444   367   297   235   183   139   103    76    54    37    25
         17    11     7     5     3     3     2     2     2     2     3     3     3     4     4     5     5     6     7     8
          8     9    10    11    11    12    12    13    13    13    13    12    12    11    10    10     9     8     8     7
          6     6     5     5     4     4     3     3     3     2     2     2     2     1    20    20    20    20    20    20
         20    20    20    20    20    20    20    20    20    20    20    20    20    20    20    20
  46   1000   990   961   914   852   778   697   612   526   444   366   296   235   183   139   103    75    53    37    25
         16    10     6     3     2     1     0     0     0     0     0     0     0     1     1     2     2     3     3     4
          4     5     5     5     6     6     6     6     6     6     6     6     5     5     5     4     4     4     3     3
          3     2     2     2     2     1     1     1     1     1     1     1     0     7     7     7     7     7     7     7
          7     7     7     7     7     7     7     7     7     7     7     7     7     7     7
  47   1000   990   961   914   852   778   697   612   526   444   366   296   235   183   139   103    75    53    37    25
         17    10     6     4     2     1     0     0     0     0     1     1     1     2     2     2     3     4     4     5
          5     6     6     6     7     7     7     7     7     7     6     6     6     5     5     4     4     4     3     3
          3     2     2     2     2     1     1     1     1     1     1     1     8     8     8     8     8     8     8     8
          8     8     8     8     8     8     8     8     8     8     8     8     8     8
  48   1000   990   961   914   852   778   697   612   526   444   366   297   235   183   139   103    75    54    38    26
         17    11     7     5     3     2     2     1     1     2     2     2     2     3     4     4     5     5     6     7
          7     8     8     9     9     9     9     9     8     8     8     7     7     6     6     5     5     4     4     4
          3     3     2     2     2     2     2     1     1     1     1    12    12    12    12    12    12    12    12    12
         12    12    12    12    12    12    12    12    12    12    12    12    12
  49   1000   990   961   914   852   778   697   612   526   444   366   297   235   183   139   104    76    54    38    26
         18    12     8     5     4     3     3     2     3     3     3     3     4     5     5     6     7     7     8     9
          9    10    10    11    11    11    11    10    10     9     9     8     7     7     6     6     5     5     4     4
          3     3     3     2     2     2     2     1     1     1    15    15    15    15    15    15    15    15    15    15
         15    15    15    15    15    15    15    15    15    15    15    15
  50   1000   990   961   914   852   778   697   612   526   444   366   297   236   183   139   104    77    55    39    27
         19    13     9     7     6     5     4     4     4     5     5     6     6     7     8     9    10    11    12    12
         13    14    14    14    14    14    13    13    12    11    11    10     9     8     8     7     6     6     5     5
          4     4     3     3     3     2     2     2     1    21    21    21    21    21    21    21    21    21    21    21
         21    21    21    21    21    21    21    21    21    21    21
  51   1000   990   961   914   852   778   697   612   526   444   367   297   235   183   140   105    77    56    40    28
         20    14    10     8     6     5     5     5     5     6     6     7     8     9    10    11    11    12    13    14
         14    15    15    15    15    14    14    13    12    11    10    10     9     8     7     7     6     6     5     4
          4     4     3     3     2     2     2     1    23    23    23    23    23    23    23    23    23    23    23    23
         23    23    23    23    23    23    23    23    23    23
  52   1000   990   961   914   852   778   697   612   526   444   367   297   236   184   140   105    77    56    40    28
         20    14    10     8     7     6     5     6     6     6     7     8     9    10    11    12    13    13    14    15
         15    15    15    15    15    14    13    12    12    11    10     9     8     8     7     6     6     5     5     4
          4     3     3     3     2     2     1    23    23    23    23    23    23    23    23    23    23    23    23    23
         23    23    23    23    23    23    23    23    23
  53   1000   990   961   914   852   778   697   612   526   443   366   296   235   183   139   104    76    54    38    26
         17    11     7     5     3     2     2     2     2     3     3     4     5     5     6     7     7     8     8     8
          8     8     8     8     8     7     7     6     6     5     5     4     4     4     3     3     3     2     2     2
          2     1     1     1     1     1    10    10    10    10    10    10    10    10    10    10    10    10    10    10
         10    10    10    10    10    10    10    10
  54   1000   990   961   914   852   778   697   612   526   444   367   297   236   184   141   106    78    56    40    29
         20    15    11     9     7     6     6     6     7     8     9    10    11    12    13    14    15    15    15    16
         16    16    15    15    14    13    12    11    10    10     9     8     7     7     6     5     5     4     4     3
          3     3     2     2     1    25    25    25    25    25    25    25    25    25    25    25    25    25    25    25
         25    25    25    25    25    25    25
  55   1000   990   961   914   852   778   697   612   526   444   367   297   236   184   140   105    77    56    40    28
         20    14    10     8     7     6     6     6     7     8     9    10    10    12    12    13    14    14    14    14
         14    14    13    13    12    11    10    10     9     8     7     7     6     6     5     4     4     3     3     3
          2     2     2     1    22    22    22    22    22    22    22    22    22    22    22    22    22    22    22    22
         22    22    22    22    22    22
  56   1000   990   961   914   852   778   697   612   527   444   367   298   237   185   141   106    78    57    41    29
         21    15    11     9     8     7     8     8     9    10    11    12    14    15    15    16    17    17    17    17
         17    16    15    14    13    12    11    10    10     9     8     7     7     6     5     5     4     4     3     3
          3     2     2    27    27    27    27    27    27    27    27    27    27    27    27    27    27    27    27    27
         27    27    27    27    27
  57   1000   990   960   914   851   778   697   612   526   443   365   295   234   182   138   102    74    53    36    24
         16    10     6     4     3     2     2     3     3     4     4     5     6     6     7     7     8     8     8     8
          8     7     7     6     6     5     5     4     4     4     3     3     3     2     2     2     2     1     1     1
          1     1    10    10    10    10    10    10    10    10    10    10    10    10    10    10    10    10    10    10
         10    10    10    10
  58   1000   990   961   914   852   779   698   613   527   445   368   299   238   186   143   107    80    58    43    31
         23    17    14    12    11    11    12    13    14    16    17    18    20    21    21    22    22    22    22    21
         20    19    18    16    15    14    13    12    11    10     9     8     7     6     6     5     4     4     3     3
          2    37    37    37    37    37    37    37    37    37    37    37    37    37    37    37    37    37    37    37
         37    37    37
  59   1000   990   961   914   852   779   698   613   528   445   369   299   238   186   143   108    80    59    43    31
         23    18    15    13    13    13    14    16    17    19    20    22    23    23    24    24    24    24    23    22
         21    20    18    17    15    14    13    12    11    10     9     8     7     6     6     5     4     4     3     2
         42    42    42    42    42    42    42    42    42    42    42    42    42    42    42    42    42    42    42    42
         42    42
  60   1000   990   960   914   852   778   696   611   525   442   365   295   234   181   138   102    74    53    37    25
         17    12     9     7     6     7     7     8     9    10    11    12    13    14    14    14    14    14    13    13
         12    11    10    10     9     8     7     7     6     5     5     4     4     3     3     3     2     2     1    23
         23    23    23    23    23    23    23    23    23    23    23    23    23    23    23    23    23    23    23    23
         23
  61   1000   990   961   914   852   779   697   612   527   445   368   298   237   185   141   106    78    57    41    30
         22    18    15    14    14    15    17    18    20    21    23    23    25    25    25    25    24    23    22    21
         19    18    17    15    14    13    12    11    10     9     8     7     6     5     5     4     4     2    45    45
         45    45    45    45    45    45    45    45    45    45    45    45    45    45    45    45    45    45    45    45
  62   1000   990   961   914   852   779   697   612   527   445   368   298   237   185   141   106    78    58    42    31
         24    20    18    17    18    19    21    22    24    26    27    28    29    29    28    28    27    25    24    22
         21    19    18    16    15    14    12    11    10     9     8     7     6     6     5     4     3    52    52    52
         52    52    52    52    52    52    52    52    52    52    52    52    52    52    52    52    52    52    52
  63   1000   990   960   912   849   775   694   608   522   439   361   291   229   177   133    98    70    49    33    22
         15    11     9     8     8     9    10    11    13    14    15    16    16    16    16    16    15    14    13    13
         12    11    10     9     8     8     7     6     5     5     4     4     3     3     2     2    29    29    29    29
         29    29    29    29    29    29    29    29    29    29    29    29    29    29    29    29    29    29
  64   1000   990   960   913   850   777   695   609   524   441   363   293   232   180   136   101    74    53    39    29
         23    19    18    18    19    20    22    24    25    26    27    28    28    27    26    25    24    22    21    20
         18    17    15    14    13    11    10     9     8     7     6     6     5     4     3    52    52    52    52    52
         52    52    52    52    52    52    52    52    52    52    52    52    52    52    52    52    52
  65   1000   990   960   913   851   777   695   610   524   442   364   295   233   181   138   104    77    57    44    35
         29    27    26    27    28    30    32    33    35    36    37    37    36    35    33    32    29    28    26    24
         22    20    19    17    15    14    12    11    10     9     8     7     6     4    71    71    71    71    71    71
         71    71    71    71    71    71    71    71    71    71    71    71    71    71    71    71
  66   1000   990   961   914   852   779   698   613   527   445   368   299   238   186   144   110    85    67    54    46
         42    40    41    42    45    47    48    51    52    52    52    51    49    47    44    41    39    36    33    31
         29    26    24    21    19    17    15    14    12    11     9     8     6   103   103   103   103   103   103   103
        103   103   103   103   103   103   103   103   103   103   103   103   103   103   103
  67   1000   990   961   914   852   779   697   612   527   445   368   299   238   187   145   113    89    72    60    53
         49    49    49    52    54    55    57    59    59    59    57    55    53    50    47    44    41    38    35    32
         30    27    24    22    20    18    16    14    12    11    10     6   117   117   117   117   117   117   117   117
        117   117   117   117   117   117   117   117   117   117   117   117   117   117
  68   1000   990   961   914   852   779   697   612   527   445   368   299   239   189   149   118    95    78    68    62
         59    58    60    62    62    65    66    67    66    65    62    59    57    53    50    46    43    40    37    34
         31    28    25    22    20    18    16    14    12    11     7   134   134   134   134   134   134   134   134   134
        134   134   134   134   134   134   134   134   134   134   134   134   134
  69   1000   990   961   914   852   778   697   612   527   445   369   301   242   193   154   124   102    87    77    72
         69    69    70    70    73    74    75    74    72    69    66    63    59    55    52    48    44    41    38    34
         31    28    25    22    20    18    16    14    12     8   150   150   150   150   150   150   150   150   150   150
        150   150   150   150   150   150   150   150   150   150   150   150
  70   1000   990   961   914   852   778   697   612   528   446   370   303   246   199   161   132   111    97    89    83
         81    81    80    82    83    83    82    80    77    73    70    65    62    57    53    49    46    42    38    35
         31    28    25    22    20    18    15    14     9   169   169   169   169   169   169   169   169   169   169   169
        169   169   169   169   169   169   169   169   169   169   169
  71   1000   990   961   914   852   779   698   613   529   448   373   307   252   206   169   142   121   108    99    95
         93    90    91    91    91    90    87    84    80    77    71    67    62    58    54    50    46    42    38    34
         31    27    24    22    19    17    15    10   186   186   186   186   186   186   186   186   186   186   186   186
        186   186   186   186   186   186   186   186   186   186
  72   1000   990   961   914   852   779   698   614   530   450   377   314   259   214   179   152   133   119   111   106
        101   100   100    99    97    94    90    86    82    76    72    67    63    58    54    50    45    41    37    33
         30    27    24    21    18    16    11   201   201   201   201   201   201   201   201   201   201   201   201   201
        201   201   201   201   201   201   201   201   201
  73   1000   990   961   914   852   779   699   616   533   455   384   321   268   224   189   164   144   131   122   114
        111   109   107   104   100    96    91    87    81    77    72    67    62    58    54    49    44    40    36    32
         29    25    23    20    18    12   217   217   217   217   217   217   217   217   217   217   217   217   217   217
        217   217   217   217   217   217   217   217
  74   1000   990   961   914   853   780   700   618   537   460   390   328   276   233   199   173   154   140   128   122
        117   113   109   105   100    95    91    84    80    75    70    65    61    56    51    46    42    38    34    30
         27    24    21    18    12   230   230   230   230   230   230   230   230   230   230   230   230   230   230   230
        230   230   230   230   230   230   230
  75   1000   990   961   914   853   781   703   621   542   466   397   337   285   243   208   182   162   145   135   127
        121   115   110   104    98    94    87    82    77    72    67    63    58    53    48    44    39    35    32    28
         25    22    19    13   242   242   242   242   242   242   242   242   242   242   242   242   242   242   242   242
        242   242   242   242   242   242
  76   1000   990   961   915   854   783   706   626   547   473   404   344   293   250   215   188   165   150   138   129
        121   113   106   100    95    88    83    78    73    69    64    60    55    50    45    41    37    33    29    26
         23    20    13   251   251   251   251   251   251   251   251   251   251   251   251   251   251   251   251   251
        251   251   251   251   251
  77   1000   990   961   915   856   785   709   630   552   478   410   351   298   255   220   189   168   151   138   126
        117   108   101    96    88    84    78    74    69    65    61    55    51    46    42    37    34    30    27    24
         21    14   259   259   259   259   259   259   259   259   259   259   259   259   259   259   259   259   259   259
        259   259   259   259
  78   1000   990   962   916   857   788   712   634   556   482   415   354   302   257   219   190   167   148   133   121
        110   101    95    87    83    77    73    69    65    61    56    51    46    42    38    34    30    27    24    21
         14   265   265   265   265   265   265   265   265   265   265   265   265   265   265   265   265   265   265   265
        265   265   265
  79   1000   990   962   917   859   790   715   638   560   487   419   358   304   257   220   189   165   145   128   115
        104    97    88    83    77    73    69    65    61    56    52    47    43    39    35    31    28    25    22    15
        275   275   275   275   275   275   275   275   275   275   275   275   275   275   275   275   275   275   275   275
        275   275
  80   1000   990   962   918   859   791   716   638   561   486   417   355   299   253   214   182   156   135   118   105
         96    86    80    75    71    67    63    60    55    51    47    43    39    35    31    28    25    22    15   279
        279   279   279   279   279   279   279   279   279   279   279   279   279   279   279   279   279   279   279   279
        279
  81   1000   990   962   918   860   792   718   640   562   486   416   352   296   249   209   176   150   128   111    99
         87    81    75    70    67    64    60    56    52    47    44    39    36    32    29    26    23    15   290   290
        290   290   290   290   290   290   290   290   290   290   290   290   290   290   290   290   290   290   290   290
  82   1000   990   963   919   861   793   718   640   562   486   414   350   294   245   205   171   143   122   107    92
         84    77    72    68    65    61    57    53    49    45    41    37    34    30    27    24    16   307   307   307
        307   307   307   307   307   307   307   307   307   307   307   307   307   307   307   307   307   307   307
  83   1000   991   964   920   863   795   721   642   563   486   415   351   294   245   203   169   141   122   103    93
         84    77    72    69    65    60    56    52    48    44    40    36    32    29    26    17   334   334   334   334
        334   334   334   334   334   334   334   334   334   334   334   334   334   334   334   334   334   334
  84   1000   991   964   920   863   795   720   640   560   483   411   346   289   239   197   163   138   115   101    90
         81    75    71    67    62    58    53    49    45    41    37    34    30    27    18   355   355   355   355   355
        355   355   355   355   355   355   355   355   355   355   355   355   355   355   355   355   355
  85   1000   991   964   920   863   794   719   638   558   481   409   343   285   235   193   161   133   115   100    89
         81    76    71    65    60    56    51    47    43    39    35    31    28    18   380   380   380   380   380   380
        380   380   380   380   380   380   380   380   380   380   380   380   380   380   380   380
  86   1000   991   963   920   862   793   716   636   555   478   405   339   280   230   191   156   133   113    99    89
         81    75    69    63    58    54    49    45    41    37    33    29    19   405   405   405   405   405   405   405
        405   405   405   405   405   405   405   405   405   405   405   405   405   405   405
  87   1000   991   963   919   861   791   714   633   553   474   401   334   276   229   187   156   131   113    99    89
         81    73    67    61    56    51    46    42    38    34    30    20   430   430   430   430   430   430   430   430
        430   430   430   430   430   430   430   430   430   430   430   430   430   430
  88   1000   991   963   919   860   791   714   633   552   473   399   333   278   227   189   158   133   115   101    90
         80    72    65    59    53    48    44    40    35    32    20   459   459   459   459   459   459   459   459   459
        459   459   459   459   459   459   459   459   459   459   459   459   459
  89   1000   991   963   918   859   789   711   630   548   469   396   333   273   227   188   157   133   115   100    87
         77    68    61    55    50    45    40    36    32    20   478   478   478   478   478   478   478   478   478   478
        478   478   478   478   478   478   478   478   478   478   478   478
  90   1000   991   963   918   859   788   711   629   547   468   398   330   276   228   190   159   135   115    98    85
         74    65    58    52    46    41    37    33    21   500   500   500   500   500   500   500   500   500   500   500
        500   500   500   500   500   500   500   500   500   500   500
  91   1000   990   962   917   858   788   710   628   546   470   395   333   277   229   191   160   135   113    96    81
         70    61    54    48    42    37    33    21   516   516   516   516   516   516   516   516   516   516   516   516
        516   516   516   516   516   516   516   516   516   516
  92   1000   990   962   917   857   786   708   626   546   466   396   331   275   228   189   157   129   107    89    76
         64    55    48    42    37    32    20   515   515   515   515   515   515   515   515   515   515   515   515   515
        515   515   515   515   515   515   515   515   515
  93   1000   990   962   917   857   786   708   628   545   469   397   333   277   230   190   155   127   104    86    71
         60    51    44    38    33    20   524   524   524   524   524   524   524   524   524   524   524   524   524   524
        524   524   524   524   524   524   524   524
  94   1000   990   962   917   857   786   710   627   547   470   398   334   278   229   186   151   122    99    81    66
         55    46    39    33    20   525   525   525   525   525   525   525   525   525   525   525   525   525   525   525
        525   525   525   525   525   525   525
  95   1000   990   962   917   857   787   708   628   548   471   399   334   277   225   182   146   117    94    75    61
         50    41    34    20   517   517   517   517   517   517   517   517   517   517   517   517   517   517   517   517
        517   517   517   517   517   517
  96   1000   990   962   916   858   786   709   629   548   471   398   333   273   221   177   141   111    88    70    56
         45    36    21   502   502   502   502   502   502   502   502   502   502   502   502   502   502   502   502   502
        502   502   502   502   502
  97   1000   990   962   917   857   787   710   629   548   470   397   328   268   216   172   135   106    83    64    50
         40    24   481   481   481   481   481   481   481   481   481   481   481   481   481   481   481   481   481   481
        481   481   481   481
  98   1000   990   962   916   858   787   710   629   547   468   393   324   263   211   166   130   101    77    59    46
         28   455   455   455   455   455   455   455   455   455   455   455   455   455   455   455   455   455   455   455
        455   455   455
  99   1000   991   962   917   858   787   710   628   546   465   389   320   259   206   162   125    96    73    55    35
        427   427   427   427   427   427   427   427   427   427   427   427   427   427   427   427   427   427   427   427
        427   427
 100   1000   990   962   917   857   787   709   627   543   462   386   316   255   202   158   121    92    70    45   404
        404   404   404   404   404   404   404   404   404   404   404   404   404   404   404   404   404   404   404   404
        404
 101   1000   991   962   917   858   787   708   625   541   459   382   313   251   198   154   118    89    60   369   369
        369   369   369   369   369   369   369   369   369   369   369   369   369   369   369   369   369   369   369   369
 102   1000   990   962   917   857   786   706   623   538   456   379   310   248   196   151   115    81   346   346   346
        346   346   346   346   346   346   346   346   346   346   346   346   346   346   346   346   346   346   346
 103   1000   990   962   917   857   785   705   621   536   454   377   307   246   193   149   108   320   320   320   320
        320   320   320   320   320   320   320   320   320   320   320   320   320   320   320   320   320   320
 104   1000   990   962   916   856   784   703   619   534   452   375   305   244   191   143   296   296   296   296   296
        296   296   296   296   296   296   296   296   296   296   296   296   296   296   296   296   296
 105   1000   990   962   916   855   782   702   617   532   450   374   304   243   186   274   274   274   274   274   274
        274   274   274   274   274   274   274   274   274   274   274   274   274   274   274   274
 106   1000   990   962   915   854   781   701   616   531   449   372   303   237   255   255   255   255   255   255   255
        255   255   255   255   255   255   255   255   255   255   255   255   255   255   255
 107   1000   990   961   915   854   781   700   615   530   448   371   298   235   235   235   235   235   235   235   235
        235   235   235   235   235   235   235   235   235   235   235   235   235   235
 108   1000   990   961   915   853   780   700   615   530   448   368   213   213   213   213   213   213   213   213   213
        213   213   213   213   213   213   213   213   213   213   213   213   213
 109   1000   990   961   914   853   780   699   614   529   444   193   193   193   193   193   193   193   193   193   193
        193   193   193   193   193   193   193   193   193   193   193   193
 110   1000   990   961   914   853   780   699   614   527   174   174   174   174   174   174   174   174   174   174   174
        174   174   174   174   174   174   174   174   174   174   174
 111   1000   990   961   914   853   780   699   612   157   157   157   157   157   157   157   157   157   157   157   157
        157   157   157   157   157   157   157   157   157   157
 112   1000   990   961   914   853   780   697   140   140   140   140   140   140   140   140   140   140   140   140   140
        140   140   140   140   140   140   140   140   140
 113   1000   990   961   914   853   778   126   126   126   126   126   126   126   126   126   126   126   126   126   126
        126   126   126   126   126   126   126   126
 114   1000   990   961   914   851   112   112   112   112   112   112   112   112   112   112   112   112   112   112   112
        112   112   112   112   112   112   112
 115   1000   990   961   913   100   100   100   100   100   100   100   100   100   100   100   100   100   100   100   100
        100   100   100   100   100   100
 116   1000   990   960    88    88    88    88    88    88    88    88    88    88    88    88    88    88    88    88    88
         88    88    88    88    88
 117   1000   990    78    78    78    78    78    78    78    78    78    78    78    78    78    78    78    78    78    78
         78    78    78    78
 118   1000    51    51    51    51    51    51    51    51    51    51    51    51    51    51    51    51    51    51    51
         51    51    51
 119   1000  1000  1000  1000  1000  1000  1000  1000  1000  1000  1000  1000  1000  1000  1000  1000  1000  1000  1000  1000
       1000  1000
 120   1000  1000  1000  1000  1000  1000  1000  1000  1000  1000  1000  1000  1000  1000  1000  1000  1000  1000  1000  1000
       1000
 121   1000  1000  1000  1000  1000  1000  1000  1000  1000  1000  1000  1000  1000  1000  1000  1000  1000  1000  1000  1000
 122   1000  1000  1000  1000  1000  1000  1000  1000  1000  1000  1000  1000  1000  1000  1000  1000  1000  1000  1000
 123   1000  1000  1000  1000  1000  1000  1000  1000  1000  1000  1000  1000  1000  1000  1000  1000  1000  1000
 124   1000  1000  1000  1000  1000  1000  1000  1000  1000  1000  1000  1000  1000  1000  1000  1000  1000
 125   1000  1000  1000  1000  1000  1000  1000  1000  1000  1000  1000  1000  1000  1000  1000  1000
 126   1000  1000  1000  1000  1000  1000  1000  1000  1000  1000  1000  1000  1000  1000  1000
 127   1000  1000  1000  1000  1000  1000  1000  1000  1000  1000  1000  1000  1000  1000
 128   1000  1000  1000  1000  1000  1000  1000  1000  1000  1000  1000  1000  1000
 129   1000  1000  1000  1000  1000  1000  1000  1000  1000  1000  1000  1000
 130   1000  1000  1000  1000  1000  1000  1000  1000  1000  1000  1000
 131   1000  1000  1000  1000  1000  1000  1000  1000  1000  1000
 132   1000  1000  1000  1000  1000  1000  1000  1000  1000
 133   1000  1000  1000  1000  1000  1000  1000  1000
 134   1000  1000  1000  1000  1000  1000  1000
 135   1000  1000  1000  1000  1000  1000
 136   1000  1000  1000  1000  1000
 137   1000  1000  1000  1000
 138   1000  1000  1000
 139   1000  1000
 140   1000

 Finished!
