SC45G   IFX  1.000E+01 140SCNG   4.00530E+22
 6.8145904E-01 8.5220215E-01 9.2396613E-01 9.4431162E-01 9.5652620E-01 9.6472828E-01
 9.6818839E-01 9.7310324E-01 9.7714780E-01 9.8061657E-01 9.8349295E-01 9.8618675E-01
 9.8843619E-01 9.9026237E-01 9.9186837E-01 9.9322507E-01 9.9430659E-01 9.9522833E-01
 9.9613730E-01 9.9686085E-01 9.9749134E-01 9.9807020E-01 9.9854719E-01 9.9888075E-01
 9.9911786E-01 9.9930564E-01 9.9959592E-01 1.0000000E+00 1.0000000E+00 9.8912110E-01
 1.0000000E+00 1.0000000E+00 9.9236025E-01 1.0000000E+00 1.0000000E+00 1.0000000E+00
 9.9173807E-01 9.9316176E-01 9.9931280E-01 9.9755683E-01 9.9822806E-01 9.9424935E-01
 9.9933923E-01 9.9928289E-01 9.9916463E-01 1.0000000E+00 9.9955945E-01 9.9978473E-01
 1.0000000E+00 1.0000000E+00 1.0000000E+00 1.0000000E+00 1.0000000E+00 1.0000000E+00
 1.0000000E+00 1.0000000E+00 1.0000000E+00 1.0000000E+00 1.0000000E+00 1.0000000E+00
 1.0000000E+00 1.0000000E+00 1.0000000E+00 1.0000000E+00 1.0000000E+00 1.0000000E+00
 1.0000000E+00 1.0000000E+00 1.0000000E+00 1.0000000E+00 1.0000000E+00 1.0000000E+00
 1.0000000E+00 1.0000000E+00 1.0000000E+00 1.0000000E+00 1.0000000E+00 1.0000000E+00
 1.0000000E+00 1.0000000E+00 1.0000000E+00 1.0000000E+00 1.0000000E+00 1.0000000E+00
 1.0000000E+00 1.0000000E+00 1.0000000E+00 1.0000000E+00 1.0000000E+00 1.0000000E+00
 1.0000000E+00 1.0000000E+00 1.0000000E+00 1.0000000E+00 1.0000000E+00 1.0000000E+00
 1.0000000E+00 1.0000000E+00 1.0000000E+00 1.0000000E+00 1.0000000E+00 1.0000000E+00
 1.0000000E+00 1.0000000E+00 1.0000000E+00 1.0000000E+00 1.0000000E+00 1.0000000E+00
 1.0000000E+00 1.0000000E+00 1.0000000E+00 1.0000000E+00 1.0000000E+00 1.0000000E+00
 1.0000000E+00 1.0000000E+00 1.0000000E+00 1.0000000E+00 1.0000000E+00 1.0000000E+00
 1.0000000E+00 1.0000000E+00 1.0000000E+00 1.0000000E+00 1.0000000E+00 1.0000000E+00
 1.0000000E+00 1.0000000E+00 1.0000000E+00 1.0000000E+00 1.0000000E+00 1.0000000E+00
 1.0000000E+00 1.0000000E+00 1.0000000E+00 1.0000000E+00 1.0000000E+00 1.0000000E+00
 1.0000000E+00 1.0000000E+00
FE58G   BFX  2.000E+01 140FE2B   8.48675E+22
 9.7128784E-01 9.9096882E-01 9.9635620E-01 9.9755683E-01 9.9821287E-01 9.9862110E-01
 9.9878526E-01 9.9901004E-01 9.9918732E-01 9.9933297E-01 9.9944896E-01 9.9955343E-01
 9.9963708E-01 9.9970236E-01 9.9975742E-01 9.9980225E-01 9.9983630E-01 9.9986423E-01
 9.9989044E-01 9.9991019E-01 9.9992655E-01 9.9994078E-01 9.9998518E-01 1.0000000E+00
 1.0000000E+00 1.0000000E+00 9.7025642E-01 9.0345228E-01 9.8365118E-01 1.0000000E+00
 1.0000000E+00 1.0000000E+00 9.9746915E-01 1.0000000E+00 1.0000000E+00 1.0000000E+00
 1.0000000E+00 1.0000000E+00 1.0000000E+00 9.9126671E-01 1.0000000E+00 9.9911218E-01
 1.0000000E+00 9.9990190E-01 9.9988479E-01 9.9993432E-01 1.0000000E+00 9.9993454E-01
 1.0000000E+00 9.9992950E-01 1.0000000E+00 1.0000000E+00 1.0000000E+00 1.0000000E+00
 1.0000000E+00 1.0000000E+00 1.0000000E+00 1.0000000E+00 1.0000000E+00 1.0000000E+00
 1.0000000E+00 1.0000000E+00 1.0000000E+00 1.0000000E+00 1.0000000E+00 1.0000000E+00
 1.0000000E+00 1.0000000E+00 1.0000000E+00 1.0000000E+00 1.0000000E+00 1.0000000E+00
 1.0000000E+00 1.0000000E+00 1.0000000E+00 1.0000000E+00 1.0000000E+00 1.0000000E+00
 1.0000000E+00 1.0000000E+00 1.0000000E+00 1.0000000E+00 1.0000000E+00 1.0000000E+00
 1.0000000E+00 1.0000000E+00 1.0000000E+00 1.0000000E+00 1.0000000E+00 1.0000000E+00
 1.0000000E+00 1.0000000E+00 1.0000000E+00 1.0000000E+00 1.0000000E+00 1.0000000E+00
 1.0000000E+00 1.0000000E+00 1.0000000E+00 1.0000000E+00 1.0000000E+00 1.0000000E+00
 1.0000000E+00 1.0000000E+00 1.0000000E+00 1.0000000E+00 1.0000000E+00 1.0000000E+00
 1.0000000E+00 1.0000000E+00 1.0000000E+00 1.0000000E+00 1.0000000E+00 1.0000000E+00
 1.0000000E+00 1.0000000E+00 1.0000000E+00 1.0000000E+00 1.0000000E+00 1.0000000E+00
 1.0000000E+00 1.0000000E+00 1.0000000E+00 1.0000000E+00 1.0000000E+00 1.0000000E+00
 1.0000000E+00 1.0000000E+00 1.0000000E+00 1.0000000E+00 1.0000000E+00 1.0000000E+00
 1.0000000E+00 1.0000000E+00 1.0000000E+00 1.0000000E+00 1.0000000E+00 1.0000000E+00
 1.0000000E+00 1.0000000E+00
FE58G   BWX  2.000E+01 140FE2A   8.48675E+22
 9.7556481E-01 9.9231827E-01 9.9688369E-01 9.9789232E-01 9.9843752E-01 9.9877084E-01
 9.9890212E-01 9.9907781E-01 9.9921041E-01 9.9931234E-01 9.9938512E-01 9.9943942E-01
 9.9946859E-01 9.9947506E-01 9.9945987E-01 9.9942230E-01 9.9936595E-01 9.9928787E-01
 9.9916630E-01 9.9902172E-01 9.9883384E-01 9.9857989E-01 9.9953517E-01 1.0000000E+00
 1.0000000E+00 1.0000000E+00 9.7466281E-01 9.1729906E-01 9.8603124E-01 1.0000000E+00
 1.0000000E+00 1.0000000E+00 9.9780623E-01 1.0000000E+00 1.0000000E+00 1.0000000E+00
 1.0000000E+00 1.0000000E+00 1.0000000E+00 9.9256477E-01 1.0000000E+00 9.9905421E-01
 1.0000000E+00 9.9930061E-01 9.9934025E-01 9.9880632E-01 1.0000000E+00 9.9939032E-01
 1.0000000E+00 9.9945977E-01 1.0000000E+00 1.0000000E+00 1.0000000E+00 1.0000000E+00
 1.0000000E+00 1.0000000E+00 1.0000000E+00 1.0000000E+00 1.0000000E+00 1.0000000E+00
 1.0000000E+00 1.0000000E+00 1.0000000E+00 1.0000000E+00 1.0000000E+00 1.0000000E+00
 1.0000000E+00 1.0000000E+00 1.0000000E+00 1.0000000E+00 1.0000000E+00 1.0000000E+00
 1.0000000E+00 1.0000000E+00 1.0000000E+00 1.0000000E+00 1.0000000E+00 1.0000000E+00
 1.0000000E+00 1.0000000E+00 1.0000000E+00 1.0000000E+00 1.0000000E+00 1.0000000E+00
 1.0000000E+00 1.0000000E+00 1.0000000E+00 1.0000000E+00 1.0000000E+00 1.0000000E+00
 1.0000000E+00 1.0000000E+00 1.0000000E+00 1.0000000E+00 1.0000000E+00 1.0000000E+00
 1.0000000E+00 1.0000000E+00 1.0000000E+00 1.0000000E+00 1.0000000E+00 1.0000000E+00
 1.0000000E+00 1.0000000E+00 1.0000000E+00 1.0000000E+00 1.0000000E+00 1.0000000E+00
 1.0000000E+00 1.0000000E+00 1.0000000E+00 1.0000000E+00 1.0000000E+00 1.0000000E+00
 1.0000000E+00 1.0000000E+00 1.0000000E+00 1.0000000E+00 1.0000000E+00 1.0000000E+00
 1.0000000E+00 1.0000000E+00 1.0000000E+00 1.0000000E+00 1.0000000E+00 1.0000000E+00
 1.0000000E+00 1.0000000E+00 1.0000000E+00 1.0000000E+00 1.0000000E+00 1.0000000E+00
 1.0000000E+00 1.0000000E+00 1.0000000E+00 1.0000000E+00 1.0000000E+00 1.0000000E+00
 1.0000000E+00 1.0000000E+00
FE58G   IFX  2.000E+01 140FEN1   8.48675E+22
 8.9061815E-01 9.5556643E-01 9.7867932E-01 9.8473516E-01 9.8827097E-01 9.9059307E-01
 9.9156133E-01 9.9292120E-01 9.9402918E-01 9.9496780E-01 9.9573804E-01 9.9645237E-01
 9.9704176E-01 9.9751493E-01 9.9792511E-01 9.9826815E-01 9.9853546E-01 9.9875997E-01
 9.9897589E-01 9.9914260E-01 9.9928402E-01 9.9941002E-01 9.9985023E-01 1.0000000E+00
 1.0000000E+00 1.0000000E+00 8.9007319E-01 7.4236400E-01 9.3422181E-01 1.0000000E+00
 1.0000000E+00 1.0000000E+00 9.8493685E-01 1.0000000E+00 1.0000000E+00 1.0000000E+00
 1.0000000E+00 1.0000000E+00 1.0000000E+00 9.5786497E-01 1.0000000E+00 9.9373457E-01
 1.0000000E+00 9.9908622E-01 9.9894138E-01 9.9935689E-01 1.0000000E+00 9.9938201E-01
 1.0000000E+00 9.9934541E-01 1.0000000E+00 1.0000000E+00 1.0000000E+00 1.0000000E+00
 1.0000000E+00 1.0000000E+00 1.0000000E+00 1.0000000E+00 1.0000000E+00 1.0000000E+00
 1.0000000E+00 1.0000000E+00 1.0000000E+00 1.0000000E+00 1.0000000E+00 1.0000000E+00
 1.0000000E+00 1.0000000E+00 1.0000000E+00 1.0000000E+00 1.0000000E+00 1.0000000E+00
 1.0000000E+00 1.0000000E+00 1.0000000E+00 1.0000000E+00 1.0000000E+00 1.0000000E+00
 1.0000000E+00 1.0000000E+00 1.0000000E+00 1.0000000E+00 1.0000000E+00 1.0000000E+00
 1.0000000E+00 1.0000000E+00 1.0000000E+00 1.0000000E+00 1.0000000E+00 1.0000000E+00
 1.0000000E+00 1.0000000E+00 1.0000000E+00 1.0000000E+00 1.0000000E+00 1.0000000E+00
 1.0000000E+00 1.0000000E+00 1.0000000E+00 1.0000000E+00 1.0000000E+00 1.0000000E+00
 1.0000000E+00 1.0000000E+00 1.0000000E+00 1.0000000E+00 1.0000000E+00 1.0000000E+00
 1.0000000E+00 1.0000000E+00 1.0000000E+00 1.0000000E+00 1.0000000E+00 1.0000000E+00
 1.0000000E+00 1.0000000E+00 1.0000000E+00 1.0000000E+00 1.0000000E+00 1.0000000E+00
 1.0000000E+00 1.0000000E+00 1.0000000E+00 1.0000000E+00 1.0000000E+00 1.0000000E+00
 1.0000000E+00 1.0000000E+00 1.0000000E+00 1.0000000E+00 1.0000000E+00 1.0000000E+00
 1.0000000E+00 1.0000000E+00 1.0000000E+00 1.0000000E+00 1.0000000E+00 1.0000000E+00
 1.0000000E+00 1.0000000E+00
FE58G   IFX  3.100E+01 140FE31   8.48675E+22
 8.4985732E-01 9.3725248E-01 9.6942661E-01 9.7799843E-01 9.8303362E-01 9.8635572E-01
 9.8774506E-01 9.8970021E-01 9.9129721E-01 9.9265314E-01 9.9376825E-01 9.9480450E-01
 9.9566124E-01 9.9635031E-01 9.9694870E-01 9.9744996E-01 9.9784115E-01 9.9817017E-01
 9.9848706E-01 9.9873204E-01 9.9894013E-01 9.9912576E-01 9.9927607E-01 9.9938076E-01
 9.9945515E-01 9.9972585E-01 8.4969229E-01 6.6499659E-01 9.0908859E-01 1.0000000E+00
 1.0000000E+00 1.0000000E+00 9.7836854E-01 1.0000000E+00 1.0000000E+00 1.0000000E+00
 1.0000000E+00 1.0000000E+00 1.0000000E+00 9.4061073E-01 1.0000000E+00 9.9087581E-01
 1.0000000E+00 9.9865028E-01 9.9843739E-01 9.9904780E-01 9.9944158E-01 9.9908658E-01
 1.0000000E+00 9.9893713E-01 1.0000000E+00 9.9981177E-01 1.0000000E+00 9.9979623E-01
 1.0000000E+00 1.0000000E+00 1.0000000E+00 1.0000000E+00 1.0000000E+00 1.0000000E+00
 1.0000000E+00 1.0000000E+00 1.0000000E+00 1.0000000E+00 1.0000000E+00 1.0000000E+00
 1.0000000E+00 1.0000000E+00 1.0000000E+00 1.0000000E+00 1.0000000E+00 1.0000000E+00
 1.0000000E+00 1.0000000E+00 1.0000000E+00 1.0000000E+00 1.0000000E+00 1.0000000E+00
 1.0000000E+00 1.0000000E+00 1.0000000E+00 1.0000000E+00 1.0000000E+00 1.0000000E+00
 1.0000000E+00 1.0000000E+00 1.0000000E+00 1.0000000E+00 1.0000000E+00 1.0000000E+00
 1.0000000E+00 1.0000000E+00 1.0000000E+00 1.0000000E+00 1.0000000E+00 1.0000000E+00
 1.0000000E+00 1.0000000E+00 1.0000000E+00 1.0000000E+00 1.0000000E+00 1.0000000E+00
 1.0000000E+00 1.0000000E+00 1.0000000E+00 1.0000000E+00 1.0000000E+00 1.0000000E+00
 1.0000000E+00 1.0000000E+00 1.0000000E+00 1.0000000E+00 1.0000000E+00 1.0000000E+00
 1.0000000E+00 1.0000000E+00 1.0000000E+00 1.0000000E+00 1.0000000E+00 1.0000000E+00
 1.0000000E+00 1.0000000E+00 1.0000000E+00 1.0000000E+00 1.0000000E+00 1.0000000E+00
 1.0000000E+00 1.0000000E+00 1.0000000E+00 1.0000000E+00 1.0000000E+00 1.0000000E+00
 1.0000000E+00 1.0000000E+00 1.0000000E+00 1.0000000E+00 1.0000000E+00 1.0000000E+00
 1.0000000E+00 1.0000000E+00
FE58G   IWX  2.000E+01 140FENG   8.48675E+22
 9.0372489E-01 9.6120776E-01 9.8146868E-01 9.8675200E-01 9.8983139E-01 9.9185104E-01
 9.9269247E-01 9.9387351E-01 9.9483510E-01 9.9564915E-01 9.9631676E-01 9.9693554E-01
 9.9744578E-01 9.9785519E-01 9.9820992E-01 9.9850643E-01 9.9873738E-01 9.9893127E-01
 9.9911767E-01 9.9926153E-01 9.9938352E-01 9.9949216E-01 9.9987111E-01 1.0000000E+00
 1.0000000E+00 1.0000000E+00 9.0313734E-01 7.6967151E-01 9.4221440E-01 1.0000000E+00
 1.0000000E+00 1.0000000E+00 9.8691272E-01 1.0000000E+00 1.0000000E+00 1.0000000E+00
 1.0000000E+00 1.0000000E+00 1.0000000E+00 9.6319415E-01 1.0000000E+00 9.9457608E-01
 1.0000000E+00 9.9921269E-01 9.9908770E-01 9.9944630E-01 1.0000000E+00 9.9946764E-01
 1.0000000E+00 9.9943598E-01 1.0000000E+00 1.0000000E+00 1.0000000E+00 1.0000000E+00
 1.0000000E+00 1.0000000E+00 1.0000000E+00 1.0000000E+00 1.0000000E+00 1.0000000E+00
 1.0000000E+00 1.0000000E+00 1.0000000E+00 1.0000000E+00 1.0000000E+00 1.0000000E+00
 1.0000000E+00 1.0000000E+00 1.0000000E+00 1.0000000E+00 1.0000000E+00 1.0000000E+00
 1.0000000E+00 1.0000000E+00 1.0000000E+00 1.0000000E+00 1.0000000E+00 1.0000000E+00
 1.0000000E+00 1.0000000E+00 1.0000000E+00 1.0000000E+00 1.0000000E+00 1.0000000E+00
 1.0000000E+00 1.0000000E+00 1.0000000E+00 1.0000000E+00 1.0000000E+00 1.0000000E+00
 1.0000000E+00 1.0000000E+00 1.0000000E+00 1.0000000E+00 1.0000000E+00 1.0000000E+00
 1.0000000E+00 1.0000000E+00 1.0000000E+00 1.0000000E+00 1.0000000E+00 1.0000000E+00
 1.0000000E+00 1.0000000E+00 1.0000000E+00 1.0000000E+00 1.0000000E+00 1.0000000E+00
 1.0000000E+00 1.0000000E+00 1.0000000E+00 1.0000000E+00 1.0000000E+00 1.0000000E+00
 1.0000000E+00 1.0000000E+00 1.0000000E+00 1.0000000E+00 1.0000000E+00 1.0000000E+00
 1.0000000E+00 1.0000000E+00 1.0000000E+00 1.0000000E+00 1.0000000E+00 1.0000000E+00
 1.0000000E+00 1.0000000E+00 1.0000000E+00 1.0000000E+00 1.0000000E+00 1.0000000E+00
 1.0000000E+00 1.0000000E+00 1.0000000E+00 1.0000000E+00 1.0000000E+00 1.0000000E+00
 1.0000000E+00 1.0000000E+00
FE58G   IWX  2.420E+01 140FE24   8.48675E+22
 8.8913167E-01 9.5482984E-01 9.7829054E-01 9.8444827E-01 9.8804588E-01 9.9040973E-01
 9.9139572E-01 9.9278077E-01 9.9390958E-01 9.9486607E-01 9.9565117E-01 9.9637943E-01
 9.9698045E-01 9.9746305E-01 9.9788149E-01 9.9823150E-01 9.9850428E-01 9.9873342E-01
 9.9895383E-01 9.9912403E-01 9.9926844E-01 9.9939711E-01 9.9950119E-01 9.9984976E-01
 1.0000000E+00 9.9997356E-01 8.8862263E-01 7.4024541E-01 9.3327867E-01 1.0000000E+00
 1.0000000E+00 1.0000000E+00 9.8465992E-01 1.0000000E+00 1.0000000E+00 1.0000000E+00
 1.0000000E+00 1.0000000E+00 1.0000000E+00 9.5717459E-01 1.0000000E+00 9.9360539E-01
 1.0000000E+00 9.9906656E-01 9.9891868E-01 9.9934288E-01 9.9985522E-01 9.9936866E-01
 1.0000000E+00 9.9926510E-01 1.0000000E+00 1.0000000E+00 1.0000000E+00 1.0000000E+00
 1.0000000E+00 1.0000000E+00 1.0000000E+00 1.0000000E+00 1.0000000E+00 1.0000000E+00
 1.0000000E+00 1.0000000E+00 1.0000000E+00 1.0000000E+00 1.0000000E+00 1.0000000E+00
 1.0000000E+00 1.0000000E+00 1.0000000E+00 1.0000000E+00 1.0000000E+00 1.0000000E+00
 1.0000000E+00 1.0000000E+00 1.0000000E+00 1.0000000E+00 1.0000000E+00 1.0000000E+00
 1.0000000E+00 1.0000000E+00 1.0000000E+00 1.0000000E+00 1.0000000E+00 1.0000000E+00
 1.0000000E+00 1.0000000E+00 1.0000000E+00 1.0000000E+00 1.0000000E+00 1.0000000E+00
 1.0000000E+00 1.0000000E+00 1.0000000E+00 1.0000000E+00 1.0000000E+00 1.0000000E+00
 1.0000000E+00 1.0000000E+00 1.0000000E+00 1.0000000E+00 1.0000000E+00 1.0000000E+00
 1.0000000E+00 1.0000000E+00 1.0000000E+00 1.0000000E+00 1.0000000E+00 1.0000000E+00
 1.0000000E+00 1.0000000E+00 1.0000000E+00 1.0000000E+00 1.0000000E+00 1.0000000E+00
 1.0000000E+00 1.0000000E+00 1.0000000E+00 1.0000000E+00 1.0000000E+00 1.0000000E+00
 1.0000000E+00 1.0000000E+00 1.0000000E+00 1.0000000E+00 1.0000000E+00 1.0000000E+00
 1.0000000E+00 1.0000000E+00 1.0000000E+00 1.0000000E+00 1.0000000E+00 1.0000000E+00
 1.0000000E+00 1.0000000E+00 1.0000000E+00 1.0000000E+00 1.0000000E+00 1.0000000E+00
 1.0000000E+00 1.0000000E+00
FE58G   IWX  6.200E+01 140FE62   8.48675E+22
 7.8588996E-01 9.0651793E-01 9.5338385E-01 9.6619715E-01 9.7379375E-01 9.7884098E-01
 9.8096120E-01 9.8395387E-01 9.8640743E-01 9.8849764E-01 9.9022209E-01 9.9182939E-01
 9.9316221E-01 9.9423707E-01 9.9517285E-01 9.9595862E-01 9.9657319E-01 9.9709111E-01
 9.9759095E-01 9.9797811E-01 9.9830758E-01 9.9860200E-01 9.9884083E-01 9.9900741E-01
 9.9912592E-01 9.9915725E-01 7.8692798E-01 5.6031760E-01 8.6894977E-01 9.9961384E-01
 1.0000000E+00 1.0000000E+00 9.6694551E-01 1.0000000E+00 1.0000000E+00 1.0000000E+00
 1.0000000E+00 1.0000000E+00 1.0000000E+00 9.1177592E-01 9.9972505E-01 9.8579974E-01
 1.0000000E+00 9.9785137E-01 9.9751486E-01 9.9847905E-01 9.9910499E-01 9.9839489E-01
 9.9953037E-01 9.9819571E-01 9.9960848E-01 9.9941353E-01 9.9952578E-01 9.9967300E-01
 9.9989761E-01 9.9987617E-01 1.0000000E+00 9.9953773E-01 1.0000000E+00 1.0000000E+00
 1.0000000E+00 1.0000000E+00 1.0000000E+00 1.0000000E+00 1.0000000E+00 1.0000000E+00
 1.0000000E+00 1.0000000E+00 1.0000000E+00 1.0000000E+00 1.0000000E+00 1.0000000E+00
 1.0000000E+00 1.0000000E+00 1.0000000E+00 1.0000000E+00 1.0000000E+00 1.0000000E+00
 1.0000000E+00 1.0000000E+00 1.0000000E+00 1.0000000E+00 1.0000000E+00 1.0000000E+00
 1.0000000E+00 1.0000000E+00 1.0000000E+00 1.0000000E+00 1.0000000E+00 1.0000000E+00
 1.0000000E+00 1.0000000E+00 1.0000000E+00 1.0000000E+00 1.0000000E+00 1.0000000E+00
 1.0000000E+00 1.0000000E+00 1.0000000E+00 1.0000000E+00 1.0000000E+00 1.0000000E+00
 1.0000000E+00 1.0000000E+00 1.0000000E+00 1.0000000E+00 1.0000000E+00 1.0000000E+00
 1.0000000E+00 1.0000000E+00 1.0000000E+00 1.0000000E+00 1.0000000E+00 1.0000000E+00
 1.0000000E+00 1.0000000E+00 1.0000000E+00 1.0000000E+00 1.0000000E+00 1.0000000E+00
 1.0000000E+00 1.0000000E+00 1.0000000E+00 1.0000000E+00 1.0000000E+00 1.0000000E+00
 1.0000000E+00 1.0000000E+00 1.0000000E+00 1.0000000E+00 1.0000000E+00 1.0000000E+00
 1.0000000E+00 1.0000000E+00 1.0000000E+00 1.0000000E+00 1.0000000E+00 1.0000000E+00
 1.0000000E+00 1.0000000E+00
CO59G   BFX  2.000E+00 140COB2   9.05367E+22
 9.1693318E-01 9.7310428E-01 9.8905802E-01 9.9265042E-01 9.9461664E-01 9.9584196E-01
 9.9633464E-01 9.9701013E-01 9.9754143E-01 9.9797818E-01 9.9832533E-01 9.9863666E-01
 9.9888474E-01 9.9907663E-01 9.9923664E-01 9.9936371E-01 9.9945682E-01 9.9952836E-01
 9.9958633E-01 9.9961607E-01 9.9961088E-01 9.9951177E-01 9.9887160E-01 8.9293815E-01
 9.6386030E-01 9.9946500E-01 9.9988016E-01 9.9997890E-01 1.0000000E+00 1.0000000E+00
 1.0000000E+00 1.0000000E+00 1.0000000E+00 9.9979356E-01 1.0000000E+00 9.9978330E-01
 9.9846440E-01 9.9972688E-01 9.9992236E-01 9.9926722E-01 9.9975988E-01 9.9906791E-01
 1.0000000E+00 1.0000000E+00 1.0000000E+00 1.0000000E+00 1.0000000E+00 1.0000000E+00
 1.0000000E+00 1.0000000E+00 1.0000000E+00 1.0000000E+00 1.0000000E+00 1.0000000E+00
 1.0000000E+00 1.0000000E+00 1.0000000E+00 1.0000000E+00 1.0000000E+00 1.0000000E+00
 1.0000000E+00 1.0000000E+00 1.0000000E+00 1.0000000E+00 1.0000000E+00 1.0000000E+00
 1.0000000E+00 1.0000000E+00 1.0000000E+00 1.0000000E+00 1.0000000E+00 1.0000000E+00
 1.0000000E+00 1.0000000E+00 1.0000000E+00 1.0000000E+00 1.0000000E+00 1.0000000E+00
 1.0000000E+00 1.0000000E+00 1.0000000E+00 1.0000000E+00 1.0000000E+00 1.0000000E+00
 1.0000000E+00 1.0000000E+00 1.0000000E+00 1.0000000E+00 1.0000000E+00 1.0000000E+00
 1.0000000E+00 1.0000000E+00 1.0000000E+00 1.0000000E+00 1.0000000E+00 1.0000000E+00
 1.0000000E+00 1.0000000E+00 1.0000000E+00 1.0000000E+00 1.0000000E+00 1.0000000E+00
 1.0000000E+00 1.0000000E+00 1.0000000E+00 1.0000000E+00 1.0000000E+00 1.0000000E+00
 1.0000000E+00 1.0000000E+00 1.0000000E+00 1.0000000E+00 1.0000000E+00 1.0000000E+00
 1.0000000E+00 1.0000000E+00 1.0000000E+00 1.0000000E+00 1.0000000E+00 1.0000000E+00
 1.0000000E+00 1.0000000E+00 1.0000000E+00 1.0000000E+00 1.0000000E+00 1.0000000E+00
 1.0000000E+00 1.0000000E+00 1.0000000E+00 1.0000000E+00 1.0000000E+00 1.0000000E+00
 1.0000000E+00 1.0000000E+00 1.0000000E+00 1.0000000E+00 1.0000000E+00 1.0000000E+00
 1.0000000E+00 1.0000000E+00
CO59G   IFX  5.000E-01 140CO05   9.05367E+22
 9.1135435E-01 9.6455420E-01 9.8313940E-01 9.8796243E-01 9.9076643E-01 9.9260287E-01
 9.9336655E-01 9.9443865E-01 9.9530800E-01 9.9604339E-01 9.9664462E-01 9.9719869E-01
 9.9765272E-01 9.9801316E-01 9.9832130E-01 9.9857183E-01 9.9875938E-01 9.9890612E-01
 9.9902703E-01 9.9908978E-01 9.9907880E-01 9.9887253E-01 9.9764268E-01 8.9407586E-01
 9.5659869E-01 9.9880952E-01 1.0000000E+00 1.0000000E+00 1.0000000E+00 1.0000000E+00
 1.0000000E+00 1.0000000E+00 1.0000000E+00 9.9954013E-01 1.0000000E+00 9.9951596E-01
 9.9704476E-01 9.9946268E-01 1.0000000E+00 9.9851984E-01 9.9950278E-01 9.9808093E-01
 1.0000000E+00 1.0000000E+00 1.0000000E+00 1.0000000E+00 1.0000000E+00 1.0000000E+00
 1.0000000E+00 1.0000000E+00 1.0000000E+00 1.0000000E+00 1.0000000E+00 1.0000000E+00
 1.0000000E+00 1.0000000E+00 1.0000000E+00 1.0000000E+00 1.0000000E+00 1.0000000E+00
 1.0000000E+00 1.0000000E+00 1.0000000E+00 1.0000000E+00 1.0000000E+00 1.0000000E+00
 1.0000000E+00 1.0000000E+00 1.0000000E+00 1.0000000E+00 1.0000000E+00 1.0000000E+00
 1.0000000E+00 1.0000000E+00 1.0000000E+00 1.0000000E+00 1.0000000E+00 1.0000000E+00
 1.0000000E+00 1.0000000E+00 1.0000000E+00 1.0000000E+00 1.0000000E+00 1.0000000E+00
 1.0000000E+00 1.0000000E+00 1.0000000E+00 1.0000000E+00 1.0000000E+00 1.0000000E+00
 1.0000000E+00 1.0000000E+00 1.0000000E+00 1.0000000E+00 1.0000000E+00 1.0000000E+00
 1.0000000E+00 1.0000000E+00 1.0000000E+00 1.0000000E+00 1.0000000E+00 1.0000000E+00
 1.0000000E+00 1.0000000E+00 1.0000000E+00 1.0000000E+00 1.0000000E+00 1.0000000E+00
 1.0000000E+00 1.0000000E+00 1.0000000E+00 1.0000000E+00 1.0000000E+00 1.0000000E+00
 1.0000000E+00 1.0000000E+00 1.0000000E+00 1.0000000E+00 1.0000000E+00 1.0000000E+00
 1.0000000E+00 1.0000000E+00 1.0000000E+00 1.0000000E+00 1.0000000E+00 1.0000000E+00
 1.0000000E+00 1.0000000E+00 1.0000000E+00 1.0000000E+00 1.0000000E+00 1.0000000E+00
 1.0000000E+00 1.0000000E+00 1.0000000E+00 1.0000000E+00 1.0000000E+00 1.0000000E+00
 1.0000000E+00 1.0000000E+00
CO59G   IFX  1.000E+01 140CO10   9.05367E+22
 4.3295916E-01 6.8952010E-01 8.2598459E-01 8.6901882E-01 8.9579535E-01 9.1423867E-01
 9.2215470E-01 9.3350497E-01 9.4295065E-01 9.5112807E-01 9.5796028E-01 9.6438406E-01
 9.6975221E-01 9.7408919E-01 9.7785677E-01 9.8096500E-01 9.8332188E-01 9.8518570E-01
 9.8673579E-01 9.8754555E-01 9.8740359E-01 9.8476225E-01 9.6974740E-01 4.1584546E-01
 6.6283919E-01 9.8380179E-01 9.9544072E-01 9.9801910E-01 9.9885567E-01 9.9923888E-01
 9.9955476E-01 1.0000000E+00 1.0000000E+00 9.9332585E-01 1.0000000E+00 9.9313917E-01
 9.6352283E-01 9.9125761E-01 9.9676472E-01 9.8095543E-01 9.9210890E-01 9.7517917E-01
 9.9891690E-01 9.9927528E-01 9.9955766E-01 9.9910810E-01 1.0000000E+00 1.0000000E+00
 1.0000000E+00 9.9900620E-01 1.0000000E+00 1.0000000E+00 1.0000000E+00 1.0000000E+00
 1.0000000E+00 1.0000000E+00 1.0000000E+00 1.0000000E+00 1.0000000E+00 1.0000000E+00
 1.0000000E+00 1.0000000E+00 1.0000000E+00 1.0000000E+00 1.0000000E+00 1.0000000E+00
 1.0000000E+00 1.0000000E+00 1.0000000E+00 1.0000000E+00 1.0000000E+00 1.0000000E+00
 1.0000000E+00 1.0000000E+00 1.0000000E+00 1.0000000E+00 1.0000000E+00 1.0000000E+00
 1.0000000E+00 1.0000000E+00 1.0000000E+00 1.0000000E+00 1.0000000E+00 1.0000000E+00
 1.0000000E+00 1.0000000E+00 1.0000000E+00 1.0000000E+00 1.0000000E+00 1.0000000E+00
 1.0000000E+00 1.0000000E+00 1.0000000E+00 1.0000000E+00 1.0000000E+00 1.0000000E+00
 1.0000000E+00 1.0000000E+00 1.0000000E+00 1.0000000E+00 1.0000000E+00 1.0000000E+00
 1.0000000E+00 1.0000000E+00 1.0000000E+00 1.0000000E+00 1.0000000E+00 1.0000000E+00
 1.0000000E+00 1.0000000E+00 1.0000000E+00 1.0000000E+00 1.0000000E+00 1.0000000E+00
 1.0000000E+00 1.0000000E+00 1.0000000E+00 1.0000000E+00 1.0000000E+00 1.0000000E+00
 1.0000000E+00 1.0000000E+00 1.0000000E+00 1.0000000E+00 1.0000000E+00 1.0000000E+00
 1.0000000E+00 1.0000000E+00 1.0000000E+00 1.0000000E+00 1.0000000E+00 1.0000000E+00
 1.0000000E+00 1.0000000E+00 1.0000000E+00 1.0000000E+00 1.0000000E+00 1.0000000E+00
 1.0000000E+00 1.0000000E+00
CO59G   IWX  1.720E+01 140CO.1   1.05023E+20
 9.9448939E-01 9.9801954E-01 9.9911529E-01 9.9938210E-01 9.9960530E-01 1.0000000E+00
 1.0000000E+00 1.0000000E+00 1.0000000E+00 1.0000000E+00 1.0000000E+00 1.0000000E+00
 1.0000000E+00 1.0000000E+00 1.0000000E+00 1.0000000E+00 1.0000000E+00 1.0000000E+00
 1.0000000E+00 1.0000000E+00 1.0000000E+00 1.0000000E+00 1.0000000E+00 9.9308562E-01
 9.9749037E-01 1.0000000E+00 1.0000000E+00 1.0000000E+00 1.0000000E+00 1.0000000E+00
 1.0000000E+00 1.0000000E+00 1.0000000E+00 1.0000000E+00 1.0000000E+00 1.0000000E+00
 1.0000000E+00 1.0000000E+00 1.0000000E+00 1.0000000E+00 1.0000000E+00 1.0000000E+00
 1.0000000E+00 1.0000000E+00 1.0000000E+00 1.0000000E+00 1.0000000E+00 1.0000000E+00
 1.0000000E+00 1.0000000E+00 1.0000000E+00 1.0000000E+00 1.0000000E+00 1.0000000E+00
 1.0000000E+00 1.0000000E+00 1.0000000E+00 1.0000000E+00 1.0000000E+00 1.0000000E+00
 1.0000000E+00 1.0000000E+00 1.0000000E+00 1.0000000E+00 1.0000000E+00 1.0000000E+00
 1.0000000E+00 1.0000000E+00 1.0000000E+00 1.0000000E+00 1.0000000E+00 1.0000000E+00
 1.0000000E+00 1.0000000E+00 1.0000000E+00 1.0000000E+00 1.0000000E+00 1.0000000E+00
 1.0000000E+00 1.0000000E+00 1.0000000E+00 1.0000000E+00 1.0000000E+00 1.0000000E+00
 1.0000000E+00 1.0000000E+00 1.0000000E+00 1.0000000E+00 1.0000000E+00 1.0000000E+00
 1.0000000E+00 1.0000000E+00 1.0000000E+00 1.0000000E+00 1.0000000E+00 1.0000000E+00
 1.0000000E+00 1.0000000E+00 1.0000000E+00 1.0000000E+00 1.0000000E+00 1.0000000E+00
 1.0000000E+00 1.0000000E+00 1.0000000E+00 1.0000000E+00 1.0000000E+00 1.0000000E+00
 1.0000000E+00 1.0000000E+00 1.0000000E+00 1.0000000E+00 1.0000000E+00 1.0000000E+00
 1.0000000E+00 1.0000000E+00 1.0000000E+00 1.0000000E+00 1.0000000E+00 1.0000000E+00
 1.0000000E+00 1.0000000E+00 1.0000000E+00 1.0000000E+00 1.0000000E+00 1.0000000E+00
 1.0000000E+00 1.0000000E+00 1.0000000E+00 1.0000000E+00 1.0000000E+00 1.0000000E+00
 1.0000000E+00 1.0000000E+00 1.0000000E+00 1.0000000E+00 1.0000000E+00 1.0000000E+00
 1.0000000E+00 1.0000000E+00
CO59G   IWX  2.000E+01 140CONG   9.05367E+22
 3.1835760E-01 5.8566732E-01 7.5375199E-01 8.1114069E-01 8.4783245E-01 8.7360586E-01
 8.8480190E-01 9.0098281E-01 9.1457785E-01 9.2644649E-01 9.3643946E-01 9.4590109E-01
 9.5386134E-01 9.6033063E-01 9.6598062E-01 9.7066421E-01 9.7423036E-01 9.7706007E-01
 9.7942043E-01 9.8065597E-01 9.8043927E-01 9.7641871E-01 9.5391190E-01 3.2197408E-01
 5.6650839E-01 9.7500583E-01 9.9282211E-01 9.9685377E-01 9.9817390E-01 9.9878174E-01
 9.9911374E-01 9.9931639E-01 9.9943468E-01 9.8943302E-01 9.9982957E-01 9.8930127E-01
 9.4510485E-01 9.8643238E-01 9.9488670E-01 9.7106531E-01 9.8772373E-01 9.6221396E-01
 9.9815306E-01 9.9875682E-01 9.9900133E-01 9.9840595E-01 9.9950752E-01 9.9956736E-01
 9.9981656E-01 9.9821825E-01 1.0000000E+00 1.0000000E+00 1.0000000E+00 1.0000000E+00
 1.0000000E+00 1.0000000E+00 1.0000000E+00 1.0000000E+00 1.0000000E+00 1.0000000E+00
 1.0000000E+00 1.0000000E+00 1.0000000E+00 1.0000000E+00 1.0000000E+00 1.0000000E+00
 1.0000000E+00 1.0000000E+00 1.0000000E+00 1.0000000E+00 1.0000000E+00 1.0000000E+00
 1.0000000E+00 1.0000000E+00 1.0000000E+00 1.0000000E+00 1.0000000E+00 1.0000000E+00
 1.0000000E+00 1.0000000E+00 1.0000000E+00 1.0000000E+00 1.0000000E+00 1.0000000E+00
 1.0000000E+00 1.0000000E+00 1.0000000E+00 1.0000000E+00 1.0000000E+00 1.0000000E+00
 1.0000000E+00 1.0000000E+00 1.0000000E+00 1.0000000E+00 1.0000000E+00 1.0000000E+00
 1.0000000E+00 1.0000000E+00 1.0000000E+00 1.0000000E+00 1.0000000E+00 1.0000000E+00
 1.0000000E+00 1.0000000E+00 1.0000000E+00 1.0000000E+00 1.0000000E+00 1.0000000E+00
 1.0000000E+00 1.0000000E+00 1.0000000E+00 1.0000000E+00 1.0000000E+00 1.0000000E+00
 1.0000000E+00 1.0000000E+00 1.0000000E+00 1.0000000E+00 1.0000000E+00 1.0000000E+00
 1.0000000E+00 1.0000000E+00 1.0000000E+00 1.0000000E+00 1.0000000E+00 1.0000000E+00
 1.0000000E+00 1.0000000E+00 1.0000000E+00 1.0000000E+00 1.0000000E+00 1.0000000E+00
 1.0000000E+00 1.0000000E+00 1.0000000E+00 1.0000000E+00 1.0000000E+00 1.0000000E+00
 1.0000000E+00 1.0000000E+00
CU63G   IWX  2.000E+01 140CUNG   8.49123E+22
 7.7234600E-01 8.9975923E-01 9.4980094E-01 9.6355128E-01 9.7171824E-01 9.7715228E-01
 9.7943709E-01 9.8266550E-01 9.8531374E-01 9.8757693E-01 9.8944345E-01 9.9118986E-01
 9.9263853E-01 9.9381399E-01 9.9484173E-01 9.9571189E-01 9.9639879E-01 9.9698454E-01
 9.9755984E-01 9.9801426E-01 9.9840785E-01 9.9876548E-01 9.9905603E-01 9.9925470E-01
 9.9939235E-01 9.9949761E-01 9.9985297E-01 1.0000000E+00 9.9653649E-01 9.4812987E-01
 5.0702436E-01 9.7831898E-01 9.5172835E-01 1.0000000E+00 9.9313020E-01 9.1412246E-01
 9.9249650E-01 9.4425291E-01 9.7037431E-01 9.5760851E-01 9.8149666E-01 9.8905277E-01
 9.9737409E-01 9.9816780E-01 9.9772906E-01 9.9906722E-01 9.9821078E-01 9.9914231E-01
 9.9925760E-01 9.9941085E-01 9.9943866E-01 9.9946487E-01 9.9948350E-01 9.9950304E-01
 9.9952554E-01 9.9973901E-01 1.0000000E+00 1.0000000E+00 1.0000000E+00 1.0000000E+00
 1.0000000E+00 1.0000000E+00 1.0000000E+00 1.0000000E+00 1.0000000E+00 1.0000000E+00
 1.0000000E+00 1.0000000E+00 1.0000000E+00 1.0000000E+00 1.0000000E+00 1.0000000E+00
 1.0000000E+00 1.0000000E+00 1.0000000E+00 1.0000000E+00 1.0000000E+00 1.0000000E+00
 1.0000000E+00 1.0000000E+00 1.0000000E+00 1.0000000E+00 1.0000000E+00 1.0000000E+00
 1.0000000E+00 1.0000000E+00 1.0000000E+00 1.0000000E+00 1.0000000E+00 1.0000000E+00
 1.0000000E+00 1.0000000E+00 1.0000000E+00 1.0000000E+00 1.0000000E+00 1.0000000E+00
 1.0000000E+00 1.0000000E+00 1.0000000E+00 1.0000000E+00 1.0000000E+00 1.0000000E+00
 1.0000000E+00 1.0000000E+00 1.0000000E+00 1.0000000E+00 1.0000000E+00 1.0000000E+00
 1.0000000E+00 1.0000000E+00 1.0000000E+00 1.0000000E+00 1.0000000E+00 1.0000000E+00
 1.0000000E+00 1.0000000E+00 1.0000000E+00 1.0000000E+00 1.0000000E+00 1.0000000E+00
 1.0000000E+00 1.0000000E+00 1.0000000E+00 1.0000000E+00 1.0000000E+00 1.0000000E+00
 1.0000000E+00 1.0000000E+00 1.0000000E+00 1.0000000E+00 1.0000000E+00 1.0000000E+00
 1.0000000E+00 1.0000000E+00 1.0000000E+00 1.0000000E+00 1.0000000E+00 1.0000000E+00
 1.0000000E+00 1.0000000E+00
NB93G   IWX  2.000E+01 140NBNG   5.55503E+22
 9.3705385E-01 9.7534183E-01 9.8840415E-01 9.9175631E-01 9.9369829E-01 9.9496662E-01
 9.9549349E-01 9.9623217E-01 9.9683210E-01 9.9734031E-01 9.9775631E-01 9.9814294E-01
 9.9846207E-01 9.9871955E-01 9.9894415E-01 9.9913380E-01 9.9928355E-01 9.9941039E-01
 9.9962603E-01 1.0000000E+00 9.6322510E-01 9.9969025E-01 9.7074483E-01 8.6187450E-01
 1.0000000E+00 6.7443083E-01 9.5836376E-01 8.8608681E-01 7.5229765E-01 9.4860404E-01
 8.8268062E-01 8.3985562E-01 8.8808188E-01 9.0872485E-01 9.0223792E-01 9.3837494E-01
 9.6430032E-01 9.6615029E-01 9.7383793E-01 9.8104831E-01 9.9319136E-01 9.9477229E-01
 9.9566082E-01 9.9608123E-01 9.9676768E-01 9.9721422E-01 9.9764499E-01 9.9799904E-01
 9.9833388E-01 9.9860165E-01 9.9883370E-01 9.9896222E-01 9.9908574E-01 9.9917169E-01
 9.9923070E-01 9.9927926E-01 9.9931586E-01 9.9933436E-01 9.9935721E-01 9.9936974E-01
 9.9937873E-01 9.9938452E-01 9.9938757E-01 9.9939032E-01 9.9939600E-01 9.9940781E-01
 9.9942481E-01 9.9945160E-01 9.9950124E-01 9.9969277E-01 1.0000000E+00 1.0000000E+00
 1.0000000E+00 1.0000000E+00 1.0000000E+00 1.0000000E+00 1.0000000E+00 1.0000000E+00
 1.0000000E+00 1.0000000E+00 1.0000000E+00 1.0000000E+00 1.0000000E+00 1.0000000E+00
 1.0000000E+00 1.0000000E+00 1.0000000E+00 1.0000000E+00 1.0000000E+00 1.0000000E+00
 1.0000000E+00 1.0000000E+00 1.0000000E+00 1.0000000E+00 1.0000000E+00 1.0000000E+00
 1.0000000E+00 1.0000000E+00 1.0000000E+00 1.0000000E+00 1.0000000E+00 1.0000000E+00
 1.0000000E+00 1.0000000E+00 1.0000000E+00 1.0000000E+00 1.0000000E+00 1.0000000E+00
 1.0000000E+00 1.0000000E+00 1.0000000E+00 1.0000000E+00 1.0000000E+00 1.0000000E+00
 1.0000000E+00 1.0000000E+00 1.0000000E+00 1.0000000E+00 1.0000000E+00 1.0000000E+00
 1.0000000E+00 1.0000000E+00 1.0000000E+00 1.0000000E+00 1.0000000E+00 1.0000000E+00
 1.0000000E+00 1.0000000E+00 1.0000000E+00 1.0000000E+00 1.0000000E+00 1.0000000E+00
 1.0000000E+00 1.0000000E+00 1.0000000E+00 1.0000000E+00 1.0000000E+00 1.0000000E+00
 1.0000000E+00 1.0000000E+00
IN115G  BFX  2.000E+00 140IN14   3.83406E+22
 8.6061083E-01 9.5330340E-01 9.8048364E-01 9.8653104E-01 9.8970916E-01 9.9154021E-01
 9.9219487E-01 9.9290857E-01 9.9310395E-01 9.9247566E-01 9.8939152E-01 9.4733725E-01
 3.9467105E-01 9.9101965E-01 9.6036084E-01 9.9944223E-01 9.2599631E-01 9.8961443E-01
 1.0000000E+00 9.8677174E-01 9.7641326E-01 9.9789584E-01 9.9033978E-01 9.9622339E-01
 9.9160491E-01 9.8942951E-01 9.9126230E-01 9.9395952E-01 9.9653977E-01 9.9739761E-01
 9.9846433E-01 9.9850104E-01 9.9876541E-01 9.9946683E-01 9.9892340E-01 9.9977461E-01
 9.9980817E-01 9.9983486E-01 9.9985562E-01 9.9987150E-01 9.9988681E-01 9.9989617E-01
 9.9991177E-01 9.9991868E-01 9.9992980E-01 9.9993726E-01 9.9994490E-01 9.9998182E-01
 1.0000000E+00 1.0000000E+00 1.0000000E+00 1.0000000E+00 1.0000000E+00 1.0000000E+00
 1.0000000E+00 1.0000000E+00 1.0000000E+00 1.0000000E+00 1.0000000E+00 1.0000000E+00
 1.0000000E+00 1.0000000E+00 1.0000000E+00 1.0000000E+00 1.0000000E+00 1.0000000E+00
 1.0000000E+00 1.0000000E+00 1.0000000E+00 1.0000000E+00 1.0000000E+00 1.0000000E+00
 1.0000000E+00 1.0000000E+00 1.0000000E+00 1.0000000E+00 1.0000000E+00 1.0000000E+00
 1.0000000E+00 1.0000000E+00 1.0000000E+00 1.0000000E+00 1.0000000E+00 1.0000000E+00
 1.0000000E+00 1.0000000E+00 1.0000000E+00 1.0000000E+00 1.0000000E+00 1.0000000E+00
 1.0000000E+00 1.0000000E+00 1.0000000E+00 1.0000000E+00 1.0000000E+00 1.0000000E+00
 1.0000000E+00 1.0000000E+00 1.0000000E+00 1.0000000E+00 1.0000000E+00 1.0000000E+00
 1.0000000E+00 1.0000000E+00 1.0000000E+00 1.0000000E+00 1.0000000E+00 1.0000000E+00
 1.0000000E+00 1.0000000E+00 1.0000000E+00 1.0000000E+00 1.0000000E+00 1.0000000E+00
 1.0000000E+00 1.0000000E+00 1.0000000E+00 1.0000000E+00 1.0000000E+00 1.0000000E+00
 1.0000000E+00 1.0000000E+00 1.0000000E+00 1.0000000E+00 1.0000000E+00 1.0000000E+00
 1.0000000E+00 1.0000000E+00 1.0000000E+00 1.0000000E+00 1.0000000E+00 1.0000000E+00
 1.0000000E+00 1.0000000E+00 1.0000000E+00 1.0000000E+00 1.0000000E+00 1.0000000E+00
 1.0000000E+00 1.0000000E+00
IN115G  IFX  5.000E+00 140INNG   3.83406E+22
 4.6355321E-01 7.1237903E-01 8.3868149E-01 8.7668106E-01 8.9899244E-01 9.1292082E-01
 9.1813485E-01 9.2395470E-01 9.2557639E-01 9.2041693E-01 8.9696195E-01 7.0317143E-01
 1.2313688E-01 9.1197217E-01 7.5720134E-01 9.9076977E-01 6.3283947E-01 9.1014888E-01
 9.9957983E-01 8.8339089E-01 8.2371649E-01 9.7214738E-01 9.1047153E-01 9.5556290E-01
 9.1955666E-01 9.0226318E-01 9.1527872E-01 9.3703210E-01 9.5920521E-01 9.6737937E-01
 9.7942032E-01 9.7919642E-01 9.8220343E-01 9.9118689E-01 9.8427422E-01 9.9565504E-01
 9.9622448E-01 9.9668805E-01 9.9705576E-01 9.9734232E-01 9.9762307E-01 9.9779718E-01
 9.9809225E-01 9.9822510E-01 9.9844213E-01 9.9859009E-01 9.9874372E-01 9.9888082E-01
 9.9901810E-01 9.9913866E-01 9.9925137E-01 9.9932549E-01 9.9939340E-01 9.9944315E-01
 9.9947883E-01 1.0000000E+00 1.0000000E+00 1.0000000E+00 1.0000000E+00 1.0000000E+00
 1.0000000E+00 1.0000000E+00 1.0000000E+00 1.0000000E+00 1.0000000E+00 1.0000000E+00
 1.0000000E+00 1.0000000E+00 1.0000000E+00 1.0000000E+00 1.0000000E+00 1.0000000E+00
 1.0000000E+00 1.0000000E+00 1.0000000E+00 1.0000000E+00 1.0000000E+00 1.0000000E+00
 1.0000000E+00 1.0000000E+00 1.0000000E+00 1.0000000E+00 1.0000000E+00 1.0000000E+00
 1.0000000E+00 1.0000000E+00 1.0000000E+00 1.0000000E+00 1.0000000E+00 1.0000000E+00
 1.0000000E+00 1.0000000E+00 1.0000000E+00 1.0000000E+00 1.0000000E+00 1.0000000E+00
 1.0000000E+00 1.0000000E+00 1.0000000E+00 1.0000000E+00 1.0000000E+00 1.0000000E+00
 1.0000000E+00 1.0000000E+00 1.0000000E+00 1.0000000E+00 1.0000000E+00 1.0000000E+00
 1.0000000E+00 1.0000000E+00 1.0000000E+00 1.0000000E+00 1.0000000E+00 1.0000000E+00
 1.0000000E+00 1.0000000E+00 1.0000000E+00 1.0000000E+00 1.0000000E+00 1.0000000E+00
 1.0000000E+00 1.0000000E+00 1.0000000E+00 1.0000000E+00 1.0000000E+00 1.0000000E+00
 1.0000000E+00 1.0000000E+00 1.0000000E+00 1.0000000E+00 1.0000000E+00 1.0000000E+00
 1.0000000E+00 1.0000000E+00 1.0000000E+00 1.0000000E+00 1.0000000E+00 1.0000000E+00
 1.0000000E+00 1.0000000E+00
AU197G  BFX  1.000E+00 140AUB1   5.90087E+22
 9.2821096E-01 9.7688121E-01 9.9056267E-01 9.9361953E-01 9.9527529E-01 9.9629062E-01
 9.9669180E-01 9.9722700E-01 9.9762747E-01 9.9792623E-01 9.9811558E-01 9.9819184E-01
 9.9802891E-01 9.9720614E-01 9.8607818E-01 4.7842454E-01 9.9735846E-01 9.9970315E-01
 9.9993847E-01 1.0000000E+00 1.0000000E+00 8.9168594E-01 9.7957620E-01 9.8913897E-01
 9.8523502E-01 9.8625368E-01 9.8403899E-01 9.8305192E-01 9.9097781E-01 9.9171660E-01
 9.9313100E-01 9.9487540E-01 9.9631144E-01 9.9786712E-01 9.9841124E-01 9.9877836E-01
 9.9922060E-01 9.9940736E-01 9.9977603E-01 9.9986828E-01 9.9989473E-01 9.9990879E-01
 9.9993043E-01 9.9993948E-01 9.9998333E-01 1.0000000E+00 1.0000000E+00 1.0000000E+00
 1.0000000E+00 1.0000000E+00 1.0000000E+00 1.0000000E+00 1.0000000E+00 1.0000000E+00
 1.0000000E+00 1.0000000E+00 1.0000000E+00 1.0000000E+00 1.0000000E+00 1.0000000E+00
 1.0000000E+00 1.0000000E+00 1.0000000E+00 1.0000000E+00 1.0000000E+00 1.0000000E+00
 1.0000000E+00 1.0000000E+00 1.0000000E+00 1.0000000E+00 1.0000000E+00 1.0000000E+00
 1.0000000E+00 1.0000000E+00 1.0000000E+00 1.0000000E+00 1.0000000E+00 1.0000000E+00
 1.0000000E+00 1.0000000E+00 1.0000000E+00 1.0000000E+00 1.0000000E+00 1.0000000E+00
 1.0000000E+00 1.0000000E+00 1.0000000E+00 1.0000000E+00 1.0000000E+00 1.0000000E+00
 1.0000000E+00 1.0000000E+00 1.0000000E+00 1.0000000E+00 1.0000000E+00 1.0000000E+00
 1.0000000E+00 1.0000000E+00 1.0000000E+00 1.0000000E+00 1.0000000E+00 1.0000000E+00
 1.0000000E+00 1.0000000E+00 1.0000000E+00 1.0000000E+00 1.0000000E+00 1.0000000E+00
 1.0000000E+00 1.0000000E+00 1.0000000E+00 1.0000000E+00 1.0000000E+00 1.0000000E+00
 1.0000000E+00 1.0000000E+00 1.0000000E+00 1.0000000E+00 1.0000000E+00 1.0000000E+00
 1.0000000E+00 1.0000000E+00 1.0000000E+00 1.0000000E+00 1.0000000E+00 1.0000000E+00
 1.0000000E+00 1.0000000E+00 1.0000000E+00 1.0000000E+00 1.0000000E+00 1.0000000E+00
 1.0000000E+00 1.0000000E+00 1.0000000E+00 1.0000000E+00 1.0000000E+00 1.0000000E+00
 1.0000000E+00 1.0000000E+00
AU197G  BFX  2.000E+00 140AUB2   5.90087E+22
 8.6380653E-01 9.5453760E-01 9.8124562E-01 9.8729395E-01 9.9058040E-01 9.9259959E-01
 9.9339822E-01 9.9446428E-01 9.9526245E-01 9.9585819E-01 9.9623589E-01 9.9638804E-01
 9.9606301E-01 9.9442294E-01 9.7249480E-01 3.2902168E-01 9.9472875E-01 9.9940643E-01
 9.9985667E-01 9.9995936E-01 9.9999084E-01 8.0389275E-01 9.5986024E-01 9.7848244E-01
 9.7086554E-01 9.7282218E-01 9.6853497E-01 9.6666833E-01 9.8210212E-01 9.8357951E-01
 9.8634708E-01 9.8979848E-01 9.9264711E-01 9.9574157E-01 9.9682541E-01 9.9755847E-01
 9.9844139E-01 9.9881335E-01 9.9955153E-01 9.9973659E-01 9.9978948E-01 9.9981760E-01
 9.9986086E-01 9.9987896E-01 9.9990148E-01 9.9991041E-01 9.9992161E-01 9.9993137E-01
 9.9993954E-01 9.9995519E-01 1.0000000E+00 1.0000000E+00 1.0000000E+00 1.0000000E+00
 1.0000000E+00 1.0000000E+00 1.0000000E+00 1.0000000E+00 1.0000000E+00 1.0000000E+00
 1.0000000E+00 1.0000000E+00 1.0000000E+00 1.0000000E+00 1.0000000E+00 1.0000000E+00
 1.0000000E+00 1.0000000E+00 1.0000000E+00 1.0000000E+00 1.0000000E+00 1.0000000E+00
 1.0000000E+00 1.0000000E+00 1.0000000E+00 1.0000000E+00 1.0000000E+00 1.0000000E+00
 1.0000000E+00 1.0000000E+00 1.0000000E+00 1.0000000E+00 1.0000000E+00 1.0000000E+00
 1.0000000E+00 1.0000000E+00 1.0000000E+00 1.0000000E+00 1.0000000E+00 1.0000000E+00
 1.0000000E+00 1.0000000E+00 1.0000000E+00 1.0000000E+00 1.0000000E+00 1.0000000E+00
 1.0000000E+00 1.0000000E+00 1.0000000E+00 1.0000000E+00 1.0000000E+00 1.0000000E+00
 1.0000000E+00 1.0000000E+00 1.0000000E+00 1.0000000E+00 1.0000000E+00 1.0000000E+00
 1.0000000E+00 1.0000000E+00 1.0000000E+00 1.0000000E+00 1.0000000E+00 1.0000000E+00
 1.0000000E+00 1.0000000E+00 1.0000000E+00 1.0000000E+00 1.0000000E+00 1.0000000E+00
 1.0000000E+00 1.0000000E+00 1.0000000E+00 1.0000000E+00 1.0000000E+00 1.0000000E+00
 1.0000000E+00 1.0000000E+00 1.0000000E+00 1.0000000E+00 1.0000000E+00 1.0000000E+00
 1.0000000E+00 1.0000000E+00 1.0000000E+00 1.0000000E+00 1.0000000E+00 1.0000000E+00
 1.0000000E+00 1.0000000E+00
AU197G  BWX  2.500E+01 140AU14   5.90087E+22
 3.2820666E-01 6.4384813E-01 8.2415493E-01 8.7609561E-01 9.0609626E-01 9.2523594E-01
 9.3295915E-01 9.4338757E-01 9.5129330E-01 9.5724851E-01 9.6104895E-01 9.6258516E-01
 9.5930893E-01 9.4302502E-01 7.6623086E-01 7.1673078E-02 9.4648716E-01 9.9371743E-01
 9.9843033E-01 9.9928881E-01 9.9938276E-01 3.2638429E-01 6.8851529E-01 8.0902580E-01
 7.5804338E-01 7.6727554E-01 7.4311772E-01 7.3625306E-01 8.3728278E-01 8.5232224E-01
 8.7141756E-01 9.0120668E-01 9.2698764E-01 9.5649272E-01 9.6723166E-01 9.7463509E-01
 9.8366150E-01 9.8751695E-01 9.9523876E-01 9.9718541E-01 9.9773865E-01 9.9803156E-01
 9.9847852E-01 9.9866306E-01 9.9888965E-01 9.9897774E-01 9.9908613E-01 9.9917777E-01
 9.9925173E-01 9.9931363E-01 9.9936049E-01 9.9938538E-01 9.9940547E-01 9.9941884E-01
 9.9943002E-01 9.9943990E-01 9.9945426E-01 9.9946778E-01 9.9947437E-01 9.9947617E-01
 9.9947418E-01 9.9946813E-01 9.9945713E-01 9.9944187E-01 9.9941421E-01 9.9939813E-01
 9.9938794E-01 9.9936735E-01 9.9935696E-01 9.9934831E-01 9.9931658E-01 9.9928743E-01
 9.9926374E-01 9.9920846E-01 9.9913064E-01 9.9895825E-01 9.9871918E-01 9.9932510E-01
 1.0000000E+00 1.0000000E+00 1.0000000E+00 1.0000000E+00 1.0000000E+00 1.0000000E+00
 1.0000000E+00 1.0000000E+00 1.0000000E+00 1.0000000E+00 1.0000000E+00 1.0000000E+00
 1.0000000E+00 1.0000000E+00 1.0000000E+00 1.0000000E+00 1.0000000E+00 1.0000000E+00
 1.0000000E+00 1.0000000E+00 1.0000000E+00 1.0000000E+00 1.0000000E+00 1.0000000E+00
 1.0000000E+00 1.0000000E+00 1.0000000E+00 1.0000000E+00 1.0000000E+00 1.0000000E+00
 1.0000000E+00 1.0000000E+00 1.0000000E+00 1.0000000E+00 1.0000000E+00 1.0000000E+00
 1.0000000E+00 1.0000000E+00 1.0000000E+00 1.0000000E+00 1.0000000E+00 1.0000000E+00
 1.0000000E+00 1.0000000E+00 1.0000000E+00 1.0000000E+00 1.0000000E+00 1.0000000E+00
 1.0000000E+00 1.0000000E+00 1.0000000E+00 1.0000000E+00 1.0000000E+00 1.0000000E+00
 1.0000000E+00 1.0000000E+00 1.0000000E+00 1.0000000E+00 1.0000000E+00 1.0000000E+00
 1.0000000E+00 1.0000000E+00
AU197G  IFX  1.000E+00 140AUF1   5.90087E+22
 7.8675960E-01 9.0716034E-01 9.5359907E-01 9.6617780E-01 9.7353749E-01 9.7833463E-01
 9.8030666E-01 9.8300787E-01 9.8509471E-01 9.8669392E-01 9.8772923E-01 9.8815119E-01
 9.8725487E-01 9.8293058E-01 9.3875904E-01 3.0635691E-01 9.8406021E-01 9.9754003E-01
 9.9940766E-01 1.0000000E+00 1.0000000E+00 7.3390128E-01 9.1833081E-01 9.5015472E-01
 9.3673052E-01 9.3960599E-01 9.3297606E-01 9.3027647E-01 9.5705693E-01 9.6069762E-01
 9.6543856E-01 9.7284995E-01 9.7924417E-01 9.8680682E-01 9.8970545E-01 9.9176381E-01
 9.9439536E-01 9.9559331E-01 9.9811349E-01 9.9879296E-01 9.9901185E-01 9.9913062E-01
 9.9931801E-01 9.9939839E-01 9.9983160E-01 1.0000000E+00 1.0000000E+00 1.0000000E+00
 1.0000000E+00 1.0000000E+00 1.0000000E+00 1.0000000E+00 1.0000000E+00 1.0000000E+00
 1.0000000E+00 1.0000000E+00 1.0000000E+00 1.0000000E+00 1.0000000E+00 1.0000000E+00
 1.0000000E+00 1.0000000E+00 1.0000000E+00 1.0000000E+00 1.0000000E+00 1.0000000E+00
 1.0000000E+00 1.0000000E+00 1.0000000E+00 1.0000000E+00 1.0000000E+00 1.0000000E+00
 1.0000000E+00 1.0000000E+00 1.0000000E+00 1.0000000E+00 1.0000000E+00 1.0000000E+00
 1.0000000E+00 1.0000000E+00 1.0000000E+00 1.0000000E+00 1.0000000E+00 1.0000000E+00
 1.0000000E+00 1.0000000E+00 1.0000000E+00 1.0000000E+00 1.0000000E+00 1.0000000E+00
 1.0000000E+00 1.0000000E+00 1.0000000E+00 1.0000000E+00 1.0000000E+00 1.0000000E+00
 1.0000000E+00 1.0000000E+00 1.0000000E+00 1.0000000E+00 1.0000000E+00 1.0000000E+00
 1.0000000E+00 1.0000000E+00 1.0000000E+00 1.0000000E+00 1.0000000E+00 1.0000000E+00
 1.0000000E+00 1.0000000E+00 1.0000000E+00 1.0000000E+00 1.0000000E+00 1.0000000E+00
 1.0000000E+00 1.0000000E+00 1.0000000E+00 1.0000000E+00 1.0000000E+00 1.0000000E+00
 1.0000000E+00 1.0000000E+00 1.0000000E+00 1.0000000E+00 1.0000000E+00 1.0000000E+00
 1.0000000E+00 1.0000000E+00 1.0000000E+00 1.0000000E+00 1.0000000E+00 1.0000000E+00
 1.0000000E+00 1.0000000E+00 1.0000000E+00 1.0000000E+00 1.0000000E+00 1.0000000E+00
 1.0000000E+00 1.0000000E+00
AU197G  IFX  2.000E+00 140AUF2   5.90087E+22
 6.7073763E-01 8.4613106E-01 9.2024408E-01 9.4118394E-01 9.5361566E-01 9.6180592E-01
 9.6519497E-01 9.6985678E-01 9.7347615E-01 9.7626094E-01 9.7806937E-01 9.7880769E-01
 9.7724066E-01 9.6973100E-01 8.9671356E-01 2.0314139E-01 9.7177874E-01 9.9549154E-01
 9.9870593E-01 9.9959632E-01 9.9990824E-01 6.1146468E-01 8.6474547E-01 9.1529761E-01
 8.9380469E-01 8.9816676E-01 8.8792883E-01 8.8386918E-01 9.2657242E-01 9.3282692E-01
 9.4037008E-01 9.5278427E-01 9.6358669E-01 9.7655944E-01 9.8159678E-01 9.8521111E-01
 9.8986215E-01 9.9198826E-01 9.9653111E-01 9.9776850E-01 9.9816963E-01 9.9838768E-01
 9.9873246E-01 9.9888068E-01 9.9906850E-01 9.9914443E-01 9.9924094E-01 9.9932637E-01
 9.9939883E-01 9.9954940E-01 1.0000000E+00 1.0000000E+00 1.0000000E+00 1.0000000E+00
 1.0000000E+00 1.0000000E+00 1.0000000E+00 1.0000000E+00 1.0000000E+00 1.0000000E+00
 1.0000000E+00 1.0000000E+00 1.0000000E+00 1.0000000E+00 1.0000000E+00 1.0000000E+00
 1.0000000E+00 1.0000000E+00 1.0000000E+00 1.0000000E+00 1.0000000E+00 1.0000000E+00
 1.0000000E+00 1.0000000E+00 1.0000000E+00 1.0000000E+00 1.0000000E+00 1.0000000E+00
 1.0000000E+00 1.0000000E+00 1.0000000E+00 1.0000000E+00 1.0000000E+00 1.0000000E+00
 1.0000000E+00 1.0000000E+00 1.0000000E+00 1.0000000E+00 1.0000000E+00 1.0000000E+00
 1.0000000E+00 1.0000000E+00 1.0000000E+00 1.0000000E+00 1.0000000E+00 1.0000000E+00
 1.0000000E+00 1.0000000E+00 1.0000000E+00 1.0000000E+00 1.0000000E+00 1.0000000E+00
 1.0000000E+00 1.0000000E+00 1.0000000E+00 1.0000000E+00 1.0000000E+00 1.0000000E+00
 1.0000000E+00 1.0000000E+00 1.0000000E+00 1.0000000E+00 1.0000000E+00 1.0000000E+00
 1.0000000E+00 1.0000000E+00 1.0000000E+00 1.0000000E+00 1.0000000E+00 1.0000000E+00
 1.0000000E+00 1.0000000E+00 1.0000000E+00 1.0000000E+00 1.0000000E+00 1.0000000E+00
 1.0000000E+00 1.0000000E+00 1.0000000E+00 1.0000000E+00 1.0000000E+00 1.0000000E+00
 1.0000000E+00 1.0000000E+00 1.0000000E+00 1.0000000E+00 1.0000000E+00 1.0000000E+00
 1.0000000E+00 1.0000000E+00
AU197G  IWX  2.000E+01 140AUAL   7.96617E+19
 9.8868520E-01 9.9585896E-01 9.9812117E-01 9.9867443E-01 9.9898628E-01 9.9918390E-01
 9.9926372E-01 9.9937179E-01 9.9945414E-01 9.9951654E-01 9.9967782E-01 1.0000000E+00
 9.9957501E-01 9.9936821E-01 9.9738831E-01 9.0808926E-01 9.9949777E-01 1.0000000E+00
 1.0000000E+00 1.0000000E+00 1.0000000E+00 9.8382911E-01 9.9635890E-01 9.9794678E-01
 9.9728052E-01 9.9743797E-01 9.9709558E-01 9.9694005E-01 9.9825501E-01 9.9840851E-01
 9.9864087E-01 9.9897364E-01 9.9926516E-01 9.9961820E-01 9.9977504E-01 9.9990664E-01
 1.0000000E+00 1.0000000E+00 1.0000000E+00 1.0000000E+00 1.0000000E+00 1.0000000E+00
 1.0000000E+00 1.0000000E+00 1.0000000E+00 1.0000000E+00 1.0000000E+00 1.0000000E+00
 1.0000000E+00 1.0000000E+00 1.0000000E+00 1.0000000E+00 1.0000000E+00 1.0000000E+00
 1.0000000E+00 1.0000000E+00 1.0000000E+00 1.0000000E+00 1.0000000E+00 1.0000000E+00
 1.0000000E+00 1.0000000E+00 1.0000000E+00 1.0000000E+00 1.0000000E+00 1.0000000E+00
 1.0000000E+00 1.0000000E+00 1.0000000E+00 1.0000000E+00 1.0000000E+00 1.0000000E+00
 1.0000000E+00 1.0000000E+00 1.0000000E+00 1.0000000E+00 1.0000000E+00 1.0000000E+00
 1.0000000E+00 1.0000000E+00 1.0000000E+00 1.0000000E+00 1.0000000E+00 1.0000000E+00
 1.0000000E+00 1.0000000E+00 1.0000000E+00 1.0000000E+00 1.0000000E+00 1.0000000E+00
 1.0000000E+00 1.0000000E+00 1.0000000E+00 1.0000000E+00 1.0000000E+00 1.0000000E+00
 1.0000000E+00 1.0000000E+00 1.0000000E+00 1.0000000E+00 1.0000000E+00 1.0000000E+00
 1.0000000E+00 1.0000000E+00 1.0000000E+00 1.0000000E+00 1.0000000E+00 1.0000000E+00
 1.0000000E+00 1.0000000E+00 1.0000000E+00 1.0000000E+00 1.0000000E+00 1.0000000E+00
 1.0000000E+00 1.0000000E+00 1.0000000E+00 1.0000000E+00 1.0000000E+00 1.0000000E+00
 1.0000000E+00 1.0000000E+00 1.0000000E+00 1.0000000E+00 1.0000000E+00 1.0000000E+00
 1.0000000E+00 1.0000000E+00 1.0000000E+00 1.0000000E+00 1.0000000E+00 1.0000000E+00
 1.0000000E+00 1.0000000E+00 1.0000000E+00 1.0000000E+00 1.0000000E+00 1.0000000E+00
 1.0000000E+00 1.0000000E+00
AU197G  IWX  4.000E+01 140AUNG   5.90087E+22
 1.1431935E-01 3.0462572E-01 5.0369518E-01 5.9327940E-01 6.5582752E-01 7.0204697E-01
 7.2252655E-01 7.5194028E-01 7.7593527E-01 7.9513902E-01 8.0798680E-01 8.1331729E-01
 8.0209090E-01 7.5164039E-01 4.4882315E-01 2.6870533E-02 7.7109260E-01 9.5217483E-01
 9.8497594E-01 9.9321167E-01 9.9445352E-01 1.6672778E-01 3.8907354E-01 5.2145708E-01
 4.5764137E-01 4.6349736E-01 4.4845643E-01 4.3905997E-01 5.6030346E-01 5.9606546E-01
 6.1326691E-01 6.7196051E-01 7.2712158E-01 8.0472352E-01 8.3933208E-01 8.6596414E-01
 9.0282200E-01 9.2106525E-01 9.6276323E-01 9.7487572E-01 9.7912506E-01 9.8146541E-01
 9.8522374E-01 9.8686344E-01 9.8896095E-01 9.8981729E-01 9.9091286E-01 9.9189025E-01
 9.9272469E-01 9.9348043E-01 9.9409606E-01 9.9445440E-01 9.9476471E-01 9.9498734E-01
 9.9518721E-01 9.9537859E-01 9.9570621E-01 9.9608920E-01 9.9640606E-01 9.9663902E-01
 9.9688820E-01 9.9712581E-01 9.9735622E-01 9.9755510E-01 9.9780719E-01 9.9791755E-01
 9.9797735E-01 9.9808402E-01 9.9813236E-01 9.9816797E-01 9.9828911E-01 9.9838280E-01
 9.9844916E-01 9.9857937E-01 9.9872405E-01 9.9894437E-01 9.9914181E-01 9.9934227E-01
 9.9943351E-01 9.9984547E-01 1.0000000E+00 1.0000000E+00 1.0000000E+00 1.0000000E+00
 1.0000000E+00 1.0000000E+00 1.0000000E+00 1.0000000E+00 1.0000000E+00 1.0000000E+00
 1.0000000E+00 1.0000000E+00 1.0000000E+00 1.0000000E+00 1.0000000E+00 1.0000000E+00
 1.0000000E+00 1.0000000E+00 1.0000000E+00 1.0000000E+00 1.0000000E+00 1.0000000E+00
 1.0000000E+00 1.0000000E+00 1.0000000E+00 1.0000000E+00 1.0000000E+00 1.0000000E+00
 1.0000000E+00 1.0000000E+00 1.0000000E+00 1.0000000E+00 1.0000000E+00 1.0000000E+00
 1.0000000E+00 1.0000000E+00 1.0000000E+00 1.0000000E+00 1.0000000E+00 1.0000000E+00
 1.0000000E+00 1.0000000E+00 1.0000000E+00 1.0000000E+00 1.0000000E+00 1.0000000E+00
 1.0000000E+00 1.0000000E+00 1.0000000E+00 1.0000000E+00 1.0000000E+00 1.0000000E+00
 1.0000000E+00 1.0000000E+00 1.0000000E+00 1.0000000E+00 1.0000000E+00 1.0000000E+00
 1.0000000E+00 1.0000000E+00
U235F   IFX  4.400E+00 140U5I4   4.83231E+22
 1.5599769E-01 3.8786514E-01 5.9983616E-01 6.8918378E-01 7.5450161E-01 8.0458510E-01
 8.2508949E-01 8.4131334E-01 8.4297722E-01 8.9811007E-01 9.2779716E-01 9.1591120E-01
 9.7385437E-01 9.7785163E-01 9.4819554E-01 9.6468797E-01 7.9185331E-01 9.0537690E-01
 8.5760170E-01 9.2358269E-01 8.7842978E-01 9.1492180E-01 9.4341881E-01 9.5419086E-01
 9.5814704E-01 9.5756402E-01 9.5202193E-01 9.7056677E-01 9.7395229E-01 9.7063362E-01
 9.7610124E-01 9.8103167E-01 9.8287722E-01 9.8523377E-01 9.8683621E-01 9.8957647E-01
 9.9064481E-01 9.9145259E-01 9.9228940E-01 9.9325373E-01 9.9384868E-01 9.9392591E-01
 9.9475243E-01 9.9503627E-01 9.9544355E-01 9.9565872E-01 9.9587341E-01 9.9608757E-01
 9.9622860E-01 9.9645415E-01 9.9661866E-01 9.9675543E-01 9.9687842E-01 9.9698467E-01
 9.9705997E-01 9.9715114E-01 9.9723921E-01 9.9726143E-01 9.9727140E-01 9.9730107E-01
 9.9735242E-01 9.9743447E-01 9.9746406E-01 9.9748061E-01 9.9749308E-01 9.9748666E-01
 9.9748601E-01 9.9748978E-01 9.9742835E-01 9.9732759E-01 9.9732709E-01 9.9728519E-01
 9.9723299E-01 9.9719376E-01 9.9716367E-01 9.9717044E-01 9.9719804E-01 9.9725065E-01
 9.9731730E-01 9.9738894E-01 9.9744676E-01 9.9748075E-01 9.9754560E-01 9.9761772E-01
 9.9760199E-01 9.9716876E-01 9.9661285E-01 9.9626600E-01 9.9620438E-01 9.9623965E-01
 9.9628164E-01 9.9633556E-01 9.9614525E-01 9.9580303E-01 9.9562827E-01 9.9555415E-01
 9.9559568E-01 9.9567556E-01 9.9573511E-01 9.9576972E-01 9.9569802E-01 9.9562121E-01
 9.9557173E-01 9.9561602E-01 9.9560802E-01 9.9558397E-01 9.9560496E-01 9.9558920E-01
 9.9560514E-01 9.9556776E-01 9.9554985E-01 9.9556885E-01 9.9558917E-01 9.9561115E-01
 9.9566606E-01 9.9573681E-01 9.9579336E-01 9.9584165E-01 9.9584585E-01 9.9582934E-01
 9.9583721E-01 9.9585668E-01 9.9586778E-01 9.9587494E-01 9.9588621E-01 9.9589980E-01
 9.9592402E-01 9.9595324E-01 9.9597572E-01 9.9599446E-01 9.9599804E-01 9.9599505E-01
 9.9601732E-01 9.9605086E-01 9.9604880E-01 9.9603019E-01 9.9603552E-01 9.9605276E-01
 9.9607965E-01 9.9610815E-01
U235F   IFX  1.000E+01 140U235   4.83231E+22
 7.0655750E-02 2.1371962E-01 4.0642167E-01 5.1213369E-01 5.9807877E-01 6.6948261E-01
 7.0016576E-01 7.2492520E-01 7.2766558E-01 8.1620564E-01 8.6647737E-01 8.4635463E-01
 9.4928445E-01 9.5683673E-01 9.0306979E-01 9.3296509E-01 6.6306180E-01 8.3389740E-01
 7.6263365E-01 8.6075209E-01 7.8989106E-01 8.4687183E-01 8.9507095E-01 9.1390168E-01
 9.2098196E-01 9.2009906E-01 9.0988686E-01 9.4350990E-01 9.4967476E-01 9.4354931E-01
 9.5367822E-01 9.6294759E-01 9.6643390E-01 9.7089560E-01 9.7395639E-01 9.7922837E-01
 9.8129321E-01 9.8287334E-01 9.8451493E-01 9.8641373E-01 9.8758842E-01 9.8774113E-01
 9.8937937E-01 9.8994336E-01 9.9075417E-01 9.9118316E-01 9.9161173E-01 9.9203976E-01
 9.9232192E-01 9.9277373E-01 9.9310356E-01 9.9337812E-01 9.9362518E-01 9.9383879E-01
 9.9399028E-01 9.9417379E-01 9.9435118E-01 9.9439596E-01 9.9441604E-01 9.9447584E-01
 9.9457938E-01 9.9474488E-01 9.9480459E-01 9.9483801E-01 9.9486317E-01 9.9485022E-01
 9.9484890E-01 9.9485650E-01 9.9473254E-01 9.9452931E-01 9.9452830E-01 9.9444384E-01
 9.9433865E-01 9.9425963E-01 9.9419903E-01 9.9421266E-01 9.9426826E-01 9.9437424E-01
 9.9450856E-01 9.9465304E-01 9.9476969E-01 9.9483828E-01 9.9496921E-01 9.9511491E-01
 9.9508314E-01 9.9420957E-01 9.9309202E-01 9.9239681E-01 9.9227343E-01 9.9234403E-01
 9.9242810E-01 9.9253607E-01 9.9215515E-01 9.9147120E-01 9.9112239E-01 9.9097456E-01
 9.9105738E-01 9.9121673E-01 9.9133556E-01 9.9140465E-01 9.9126155E-01 9.9110830E-01
 9.9100962E-01 9.9109794E-01 9.9108200E-01 9.9103403E-01 9.9107588E-01 9.9104445E-01
 9.9107625E-01 9.9100170E-01 9.9096599E-01 9.9100387E-01 9.9104440E-01 9.9108822E-01
 9.9119778E-01 9.9133896E-01 9.9145184E-01 9.9154828E-01 9.9155666E-01 9.9152369E-01
 9.9153941E-01 9.9157830E-01 9.9160046E-01 9.9161477E-01 9.9163728E-01 9.9166442E-01
 9.9171281E-01 9.9177120E-01 9.9181612E-01 9.9185357E-01 9.9186075E-01 9.9185475E-01
 9.9189929E-01 9.9196633E-01 9.9196221E-01 9.9192502E-01 9.9193567E-01 9.9197012E-01
 9.9202392E-01 9.9208090E-01
U238G   IFX  4.500E+00 140U238   4.83231E+22
 9.6134397E-01 9.8524535E-01 9.9315305E-01 9.9514549E-01 9.9628743E-01 9.9702480E-01
 9.9732778E-01 9.9774747E-01 9.9808080E-01 9.9835305E-01 9.9856302E-01 9.9873371E-01
 9.9883064E-01 9.9881442E-01 9.9843617E-01 9.8449020E-01 2.9460469E-01 9.9727725E-01
 2.6934306E-01 6.2550679E-01 3.5365245E-01 5.5081413E-01 8.9411827E-01 6.5402406E-01
 9.3719705E-01 7.8999789E-01 8.5925988E-01 8.9327460E-01 9.4540602E-01 9.4072825E-01
 9.4488581E-01 9.6233690E-01 9.7206684E-01 9.8157723E-01 9.8208259E-01 9.8859174E-01
 9.9292114E-01 9.9428913E-01 9.9598850E-01 9.9613354E-01 9.9732948E-01 9.9737284E-01
 9.9843214E-01 9.9868971E-01 9.9878745E-01 9.9887569E-01 9.9897084E-01 9.9909988E-01
 9.9928535E-01 9.9941977E-01 9.9991318E-01 1.0000000E+00 1.0000000E+00 1.0000000E+00
 1.0000000E+00 1.0000000E+00 1.0000000E+00 1.0000000E+00 1.0000000E+00 1.0000000E+00
 1.0000000E+00 1.0000000E+00 1.0000000E+00 1.0000000E+00 1.0000000E+00 1.0000000E+00
 1.0000000E+00 1.0000000E+00 1.0000000E+00 1.0000000E+00 1.0000000E+00 1.0000000E+00
 1.0000000E+00 1.0000000E+00 1.0000000E+00 1.0000000E+00 1.0000000E+00 1.0000000E+00
 1.0000000E+00 1.0000000E+00 1.0000000E+00 1.0000000E+00 1.0000000E+00 1.0000000E+00
 1.0000000E+00 1.0000000E+00 1.0000000E+00 1.0000000E+00 1.0000000E+00 1.0000000E+00
 1.0000000E+00 1.0000000E+00 1.0000000E+00 1.0000000E+00 1.0000000E+00 1.0000000E+00
 1.0000000E+00 1.0000000E+00 1.0000000E+00 1.0000000E+00 1.0000000E+00 1.0000000E+00
 1.0000000E+00 1.0000000E+00 1.0000000E+00 1.0000000E+00 1.0000000E+00 1.0000000E+00
 1.0000000E+00 1.0000000E+00 1.0000000E+00 1.0000000E+00 1.0000000E+00 1.0000000E+00
 1.0000000E+00 1.0000000E+00 1.0000000E+00 1.0000000E+00 1.0000000E+00 1.0000000E+00
 1.0000000E+00 1.0000000E+00 1.0000000E+00 1.0000000E+00 1.0000000E+00 1.0000000E+00
 1.0000000E+00 1.0000000E+00 1.0000000E+00 1.0000000E+00 1.0000000E+00 1.0000000E+00
 1.0000000E+00 1.0000000E+00 1.0000000E+00 1.0000000E+00 1.0000000E+00 1.0000000E+00
 1.0000000E+00 1.0000000E+00
