88" 33MeV Deuteron breakup on Ta, Clean Beam
  140    7    1    0    1
   0.00500  10.00000   0.00500   0.00100
   1.0000000   0   0 7.86600000E+03   1.0000000
AL27P    1.694E-20 0.039       0.00       0.00        (    )
AL27A    1.983E-20 0.017       0.00       0.00        (    )
NI582    3.627E-21 0.020       0.00       0.00        (    )
IN115N   8.790E-20 0.013       0.00       0.00        (    )
AU1972   2.831E-19 0.054       0.00       0.00        (    )
AU197G   7.770E-20 0.025       0.00 AUNG  3.70 BFX    (BEAM)
IN115G   9.390E-20 0.015       0.00 INNG 40.20 BFX    (BEAM)
Flux Uncertainty From MCNP Calculations
 140
 3.0100E-02 1.9400E-02 1.3300E-02 1.0100E-02 8.7000E-03 8.3000E-03 8.4000E-03
 9.1000E-03 1.1200E-02 1.5800E-02 2.4400E-02 3.8300E-02 5.8400E-02 8.4500E-02
 1.1590E-01 1.5240E-01 1.9340E-01 2.3980E-01 2.9230E-01 3.5210E-01 4.1960E-01
 4.9360E-01 5.7160E-01 6.4970E-01 7.2320E-01 7.8850E-01 8.4350E-01 8.8680E-01
 9.1970E-01 9.4360E-01 9.6020E-01 9.7140E-01 9.7880E-01 9.8340E-01 9.8600E-01
 9.8730E-01 9.8760E-01 9.8680E-01 9.8560E-01 9.8320E-01 9.8020E-01 9.7580E-01
 9.7010E-01 9.6300E-01 9.5390E-01 9.4280E-01 9.2860E-01 9.1150E-01 8.9060E-01
 8.6600E-01 8.3690E-01 8.0320E-01 7.6470E-01 7.2180E-01 6.7440E-01 6.2350E-01
 5.6960E-01 5.1370E-01 4.5750E-01 4.0190E-01 3.4850E-01 2.9820E-01 2.5230E-01
 2.1080E-01 1.7450E-01 1.4300E-01 1.1590E-01 9.3100E-02 7.3900E-02 5.7700E-02
 4.4500E-02 3.3700E-02 2.5200E-02 1.8900E-02 1.4700E-02 1.2000E-02 1.0700E-02
 1.0800E-02 1.1900E-02 1.3500E-02 1.5200E-02 1.6200E-02 1.6600E-02 1.6100E-02
 1.5200E-02 1.3700E-02 1.2200E-02 1.0700E-02 9.3000E-03 8.2000E-03 7.5000E-03
 7.3000E-03 7.1000E-03 7.2000E-03 7.3000E-03 7.6000E-03 8.1000E-03 8.6000E-03
 9.5000E-03 1.1300E-02 1.4200E-02 1.8900E-02 2.6300E-02 3.8900E-02 5.9600E-02
 9.0300E-02 1.3230E-01 1.8480E-01 2.4650E-01 3.1520E-01 3.8790E-01 4.6230E-01
 5.3590E-01 6.0670E-01 6.7300E-01 7.3330E-01 7.8710E-01 8.3410E-01 0.0000E+00
 0.0000E+00 0.0000E+00 0.0000E+00 0.0000E+00 0.0000E+00 0.0000E+00 0.0000E+00
 0.0000E+00 0.0000E+00 0.0000E+00 0.0000E+00 0.0000E+00 0.0000E+00 0.0000E+00
 0.0000E+00 0.0000E+00 0.0000E+00 0.0000E+00 0.0000E+00 0.0000E+00 0.0000E+00
Input Flux Spectrum from MCNP Simulation
 140   0 4.060E+09 2.000E+01 5.000E-08
 8.9206E-09 1.5686E-09 1.1724E-08 3.2512E-08 2.8916E-08 2.2582E-08 1.8735E-08
 1.4692E-08 1.2325E-08 7.7279E-09 4.4415E-09 3.8035E-09 3.4686E-09 3.2797E-09
 2.3624E-09 1.3285E-09 1.0969E-09 2.2080E-10 6.2775E-11 6.4481E-11 7.1690E-11
 3.2103E-11 6.1995E-11 4.2097E-11 2.1208E-11 2.6616E-11 3.5707E-11 9.2562E-11
 1.2408E-10 1.0315E-10 1.4263E-10 4.7810E-10 3.7536E-10 2.7672E-10 2.7974E-10
 8.8064E-10 6.6060E-10 9.0531E-10 1.7394E-09 1.0426E-09 1.4628E-09 2.5574E-09
 1.9442E-09 4.1473E-09 5.7893E-09 4.0843E-09 3.4333E-09 1.0547E-08 1.1948E-08
 2.3435E-08 3.0020E-08 3.4062E-08 3.8672E-08 5.2827E-08 6.4551E-08 8.2979E-08
 1.0906E-07 8.8988E-08 1.4358E-07 1.9930E-07 3.3390E-07 3.8834E-07 4.7183E-07
 5.7122E-07 7.4106E-07 8.5445E-07 1.0042E-06 1.0086E-06 1.3957E-06 1.4479E-06
 3.7018E-06 3.5898E-06 3.2377E-06 2.8748E-06 2.5875E-06 3.4583E-06 3.1029E-06
 2.7299E-06 3.2503E-06 2.9395E-06 2.4044E-06 2.1208E-06 2.3922E-06 2.3054E-06
 2.1600E-06 2.9528E-06 2.8543E-06 3.3322E-06 3.7078E-06 5.2200E-06 5.6456E-06
 5.9421E-06 5.7135E-06 5.3300E-06 4.4379E-06 3.6207E-06 2.6916E-06 1.9238E-06
 1.2549E-06 7.3389E-07 4.8153E-07 2.9485E-07 1.6255E-07 7.2709E-08 5.0783E-08
 3.7520E-08 2.9682E-08 2.4335E-08 2.0425E-08 1.8859E-08 1.7799E-08 1.7056E-08
 1.7058E-08 1.5669E-08 1.3421E-08 1.3493E-08 1.1400E-08 3.8520E-09 0.0000E+00
 0.0000E+00 0.0000E+00 0.0000E+00 0.0000E+00 0.0000E+00 0.0000E+00 0.0000E+00
 0.0000E+00 0.0000E+00 0.0000E+00 0.0000E+00 0.0000E+00 0.0000E+00 0.0000E+00
 0.0000E+00 0.0000E+00 0.0000E+00 0.0000E+00 0.0000E+00 0.0000E+00 0.0000E+00
   17   15    9    9    9   10    7   14   14   36



                         ==============================
                               STAYSL PNNL OUTPUT
                         ==============================

 STAYSL PNNL, version 1.2.0, 2015-08-05


 SCENARIO TITLE: 88" 33MeV Deuteron breakup on Ta, Clean Beam
 -------------------------------------------------------------------------------
  NGROUP =   140    NRXN =     7    ACTIVITY NORM = 1.00000E+00

  COVARIANCE PARAMETERS (FCHN, FCVX, ACVX, FS)
    FLUXES:      WIDTH =  1.0000E+01   LONG RANGE COVAR. =  5.0000E-03
            ACTIVITIES =  5.0000E-03   X-SECT CROSS COR. =  1.0000E-03

    DETERM =   3.6480 × 10^   6.00      ERROR =   2.6434E-18

  INPUT NORMALIZATION DATA
    AK1   =     1.00000     VAK        =     0.00003
    NORML =           0     RENORM     = 1.00000E+00
    CHI²  =     9.74795     NORM. CHI² =     1.62466

  DOSIMETRY ACTIVITIES
     ———— INPUTS —————  -UNADJUSTED FLUX-  — ADJUSTED FLUX —    CHI²  90% ACTIVITIES RANGE
 RXN  MEASURED     ±%   ACTIVITY    %DIFF  ACTIVITY    %DIFF  CONTRIB --LOW E-- --HIGH E--   REACTION          CVR
  1  1.694E-20    3.90  1.879E-20   10.92  1.879E-20   10.94    6.475  5.50E+00  1.60E+01  AL27(N,P)MG27           
  2  1.983E-20    1.70  1.928E-20   -2.79  1.928E-20   -2.76    2.649  8.20E+00  1.70E+01  AL27(N,A)NA24           
  3  3.627E-21    2.00  3.646E-21    0.52  3.646E-21    0.53    0.052  1.30E+01  2.10E+01  NI58(N,2N)NI57          
  4  8.790E-20    1.30  8.770E-20   -0.23  8.770E-20   -0.23    0.010  1.40E+00  1.30E+01  IN115(N,N')IN115M       
  5  2.831E-19    5.40  2.947E-19    4.09  2.948E-19    4.13    0.563  9.00E+00  1.70E+01  AU197(N,2N)AU196        
  6  7.770E-20    2.50  7.770E-20    0.00  7.770E-20    0.00    0.000  1.00E-10  1.60E+00  AU197(N,G)AU198         
  7  9.390E-20    1.50  9.385E-20   -0.05  9.386E-20   -0.04    0.000  1.00E-10  2.00E+00  IN115(N,G)IN116M        

             % STD. DEV.  =          4.90               4.91

  DIFFERENTIAL FLUXES (input is normalized by a factor of 1.0000E+00)
                  —————— DIFFERENTIAL FLUX —————   ———— STD. DEV. % ————   INTEGRAL
 GRP    ENERGY        NEW         OLD      RATIO    NEW     OLD    RATIO   FLUX > E     ± %
   1  1.0000E-10  4.0239E+10  4.0242E+10   1.000    2.70    3.05   0.886  4.4193E+05    1.45
   2  1.0000E-09  7.0761E+08  7.0761E+08   1.000    1.74    2.00   0.868  4.4189E+05    1.45
   3  1.0000E-08  3.6617E+09  3.6615E+09   1.000    1.21    1.42   0.853  4.4189E+05    1.45
   4  2.3000E-08  4.8892E+09  4.8888E+09   1.000    0.95    1.13   0.843  4.4184E+05    1.45
   5  5.0000E-08  4.5157E+09  4.5153E+09   1.000    0.84    1.00   0.837  4.4171E+05    1.45
   6  7.6000E-08  2.3510E+09  2.3508E+09   1.000    0.81    0.97   0.834  4.4159E+05    1.46
   7  1.1500E-07  1.3831E+09  1.3830E+09   1.000    0.81    0.98   0.831  4.4150E+05    1.46
   8  1.7000E-07  7.0181E+08  7.0176E+08   1.000    0.86    1.04   0.830  4.4142E+05    1.46
   9  2.5500E-07  4.0034E+08  4.0032E+08   1.000    1.02    1.23   0.831  4.4136E+05    1.46
  10  3.8000E-07  1.8456E+08  1.8456E+08   1.000    1.39    1.66   0.836  4.4131E+05    1.46
  11  5.5000E-07  6.2178E+07  6.2181E+07   1.000    2.11    2.49   0.846  4.4128E+05    1.46
  12  8.4000E-07  3.5493E+07  3.5499E+07   1.000    3.31    3.86   0.858  4.4126E+05    1.46
  13  1.2750E-06  2.2525E+07  2.2532E+07   1.000    5.10    5.86   0.870  4.4125E+05    1.46
  14  1.9000E-06  1.4787E+07  1.4795E+07   0.999    7.46    8.46   0.882  4.4123E+05    1.46
  15  2.8000E-06  6.6097E+06  6.6147E+06   0.999   10.36   11.60   0.893  4.4122E+05    1.46
  16  4.2500E-06  2.6284E+06  2.6311E+06   0.999   13.80   15.25   0.905  4.4121E+05    1.46
  17  6.3000E-06  1.5337E+06  1.5357E+06   0.999   17.74   19.35   0.917  4.4120E+05    1.46
  18  9.2000E-06  2.0817E+05  2.0848E+05   0.999   22.28   23.98   0.929  4.4120E+05    1.46
  19  1.3500E-05  3.3924E+04  3.3982E+04   0.998   27.48   29.23   0.940  4.4120E+05    1.46
  20  2.1000E-05  2.9032E+04  2.9088E+04   0.998   33.48   35.21   0.951  4.4120E+05    1.46
  21  3.0000E-05  1.9364E+04  1.9404E+04   0.998   40.29   41.96   0.960  4.4120E+05    1.46
  22  4.5000E-05  5.4188E+03  5.4308E+03   0.998   47.82   49.36   0.969  4.4120E+05    1.46
  23  6.9000E-05  8.1009E+03  8.1193E+03   0.998   55.78   57.16   0.976  4.4120E+05    1.46
  24  1.0000E-04  4.8722E+03  4.8833E+03   0.998   63.78   64.97   0.982  4.4120E+05    1.46
  25  1.3500E-04  2.4548E+03  2.4601E+03   0.998   71.33   72.32   0.986  4.4120E+05    1.46
  26  1.7000E-04  2.1568E+03  2.1612E+03   0.998   78.05   78.85   0.990  4.4120E+05    1.46
  27  2.2000E-04  2.4117E+03  2.4162E+03   0.998   83.72   84.35   0.992  4.4120E+05    1.46
  28  2.8000E-04  4.6896E+03  4.6975E+03   0.998   88.18   88.68   0.994  4.4120E+05    1.46
  29  3.6000E-04  5.5889E+03  5.5974E+03   0.998   91.58   91.97   0.996  4.4120E+05    1.46
  30  4.5000E-04  3.3458E+03  3.3503E+03   0.999   94.04   94.36   0.997  4.4120E+05    1.46
  31  5.7500E-04  3.1263E+03  3.1302E+03   0.999   95.75   96.02   0.997  4.4120E+05    1.46
  32  7.6000E-04  9.6943E+03  9.7054E+03   0.999   96.90   97.14   0.998  4.4120E+05    1.46
  33  9.6000E-04  4.8327E+03  4.8380E+03   0.999   97.66   97.88   0.998  4.4119E+05    1.46
  34  1.2750E-03  3.4532E+03  3.4569E+03   0.999   98.12   98.34   0.998  4.4119E+05    1.46
  35  1.6000E-03  2.8364E+03  2.8394E+03   0.999   98.38   98.60   0.998  4.4119E+05    1.46
  36  2.0000E-03  5.1023E+03  5.1077E+03   0.999   98.49   98.73   0.998  4.4119E+05    1.46
  37  2.7000E-03  3.8273E+03  3.8315E+03   0.999   98.49   98.76   0.997  4.4119E+05    1.46
  38  3.4000E-03  3.3376E+03  3.3414E+03   0.999   98.37   98.68   0.997  4.4118E+05    1.46
  39  4.5000E-03  7.0535E+03  7.0620E+03   0.999   98.20   98.56   0.996  4.4118E+05    1.46
  40  5.5000E-03  2.4868E+03  2.4900E+03   0.999   97.90   98.32   0.996  4.4117E+05    1.46
  41  7.2000E-03  2.9654E+03  2.9695E+03   0.999   97.52   98.02   0.995  4.4117E+05    1.46
  42  9.2000E-03  3.7028E+03  3.7082E+03   0.999   96.98   97.58   0.994  4.4116E+05    1.46
  43  1.2000E-02  2.6270E+03  2.6312E+03   0.998   96.29   97.01   0.993  4.4115E+05    1.46
  44  1.5000E-02  4.2023E+03  4.2095E+03   0.998   95.43   96.30   0.991  4.4114E+05    1.46
  45  1.9000E-02  3.6094E+03  3.6161E+03   0.998   94.34   95.39   0.989  4.4113E+05    1.46
  46  2.5500E-02  2.5461E+03  2.5511E+03   0.998   93.02   94.28   0.987  4.4110E+05    1.46
  47  3.2000E-02  1.7387E+03  1.7424E+03   0.998   91.36   92.86   0.984  4.4109E+05    1.46
  48  4.0000E-02  3.4180E+03  3.4257E+03   0.998   89.38   91.15   0.981  4.4107E+05    1.46
  49  5.2500E-02  3.5849E+03  3.5933E+03   0.998   86.98   89.06   0.977  4.4103E+05    1.46
  50  6.6000E-02  4.3145E+03  4.3248E+03   0.998   84.20   86.60   0.972  4.4098E+05    1.45
  51  8.8000E-02  5.5267E+03  5.5401E+03   0.998   80.94   83.69   0.967  4.4089E+05    1.45
  52  1.1000E-01  5.5186E+03  5.5317E+03   0.998   77.23   80.32   0.961  4.4077E+05    1.45
  53  1.3500E-01  6.2662E+03  6.2803E+03   0.998   73.04   76.47   0.955  4.4063E+05    1.44
  54  1.6000E-01  7.1345E+03  7.1493E+03   0.998   68.45   72.18   0.948  4.4047E+05    1.44
  55  1.9000E-01  8.7200E+03  8.7359E+03   0.998   63.47   67.44   0.941  4.4026E+05    1.43
  56  2.2000E-01  9.6112E+03  9.6256E+03   0.999   58.20   62.35   0.933  4.4000E+05    1.42
  57  2.5500E-01  1.2637E+04  1.2651E+04   0.999   52.72   56.96   0.926  4.3966E+05    1.40
  58  2.9000E-01  1.2035E+04  1.2043E+04   0.999   47.15   51.37   0.918  4.3922E+05    1.38
  59  3.2000E-01  1.4569E+04  1.4573E+04   1.000   41.64   45.75   0.910  4.3886E+05    1.37
  60  3.6000E-01  2.0231E+04  2.0229E+04   1.000   36.29   40.19   0.903  4.3827E+05    1.34
  61  4.0000E-01  2.7126E+04  2.7113E+04   1.000   31.24   34.85   0.896  4.3746E+05    1.31
  62  4.5000E-01  3.1558E+04  3.1533E+04   1.001   26.56   29.82   0.891  4.3611E+05    1.27
  63  5.0000E-01  3.8351E+04  3.8313E+04   1.001   22.36   25.23   0.886  4.3453E+05    1.22
  64  5.5000E-01  4.6435E+04  4.6383E+04   1.001   18.61   21.09   0.883  4.3261E+05    1.17
  65  6.0000E-01  5.0203E+04  5.0145E+04   1.001   15.37   17.46   0.881  4.3029E+05    1.12
  66  6.6000E-01  5.7883E+04  5.7818E+04   1.001   12.59   14.31   0.880  4.2728E+05    1.06
  67  7.2000E-01  6.8021E+04  6.7951E+04   1.001   10.21   11.60   0.880  4.2381E+05    1.01
  68  7.8000E-01  6.8310E+04  6.8249E+04   1.001    8.22    9.32   0.882  4.1972E+05    0.97
  69  8.4000E-01  7.0884E+04  7.0832E+04   1.001    6.55    7.41   0.884  4.1563E+05    0.93
  70  9.2000E-01  7.3522E+04  7.3481E+04   1.001    5.13    5.79   0.886  4.0995E+05    0.89
  71  1.0000E+00  7.5177E+04  7.5147E+04   1.000    3.98    4.48   0.889  4.0407E+05    0.86
  72  1.2000E+00  7.2892E+04  7.2873E+04   1.000    3.03    3.41   0.890  3.8904E+05    0.80
  73  1.4000E+00  6.5735E+04  6.5725E+04   1.000    2.29    2.57   0.891  3.7446E+05    0.78
  74  1.6000E+00  5.8363E+04  5.8358E+04   1.000    1.74    1.95   0.891  3.6131E+05    0.77
  75  1.8000E+00  5.2527E+04  5.2526E+04   1.000    1.38    1.55   0.890  3.4964E+05    0.76
  76  2.0000E+00  4.6802E+04  4.6802E+04   1.000    1.16    1.30   0.889  3.3913E+05    0.76
  77  2.3000E+00  4.1990E+04  4.1993E+04   1.000    1.05    1.18   0.889  3.2509E+05    0.77
  78  2.6000E+00  3.6940E+04  3.6945E+04   1.000    1.06    1.19   0.891  3.1250E+05    0.78
  79  2.9000E+00  3.2984E+04  3.2991E+04   1.000    1.16    1.29   0.895  3.0141E+05    0.78
  80  3.3000E+00  2.9827E+04  2.9836E+04   1.000    1.29    1.44   0.898  2.8822E+05    0.79
  81  3.7000E+00  2.4395E+04  2.4405E+04   1.000    1.44    1.60   0.901  2.7629E+05    0.79
  82  4.1000E+00  2.1516E+04  2.1526E+04   1.000    1.53    1.70   0.901  2.6653E+05    0.79
  83  4.5000E+00  1.9415E+04  1.9425E+04   1.000    1.56    1.73   0.900  2.5793E+05    0.78
  84  5.0000E+00  1.8712E+04  1.8720E+04   1.000    1.51    1.69   0.896  2.4822E+05    0.77
  85  5.5000E+00  1.7534E+04  1.7539E+04   1.000    1.43    1.60   0.891  2.3886E+05    0.77
  86  6.0000E+00  1.7123E+04  1.7126E+04   1.000    1.29    1.46   0.883  2.3010E+05    0.76
  87  6.7000E+00  1.6554E+04  1.6555E+04   1.000    1.15    1.32   0.874  2.1811E+05    0.75
  88  7.4000E+00  1.6912E+04  1.6911E+04   1.000    1.02    1.18   0.863  2.0652E+05    0.75
  89  8.2000E+00  1.8820E+04  1.8817E+04   1.000    0.90    1.06   0.853  1.9299E+05    0.74
  90  9.0000E+00  2.1198E+04  2.1193E+04   1.000    0.81    0.96   0.844  1.7794E+05    0.75
  91  1.0000E+01  2.2928E+04  2.2921E+04   1.000    0.75    0.90   0.837  1.5674E+05    0.76
  92  1.1000E+01  2.4133E+04  2.4125E+04   1.000    0.74    0.88   0.833  1.3381E+05    0.78
  93  1.2000E+01  2.3205E+04  2.3197E+04   1.000    0.72    0.87   0.830  1.0968E+05    0.82
  94  1.3000E+01  2.1648E+04  2.1640E+04   1.000    0.73    0.88   0.830  8.6470E+04    0.88
  95  1.4000E+01  1.8025E+04  1.8018E+04   1.000    0.74    0.88   0.831  6.4822E+04    0.98
  96  1.5000E+01  1.4706E+04  1.4700E+04   1.000    0.76    0.91   0.835  4.6797E+04    1.15
  97  1.6000E+01  1.0932E+04  1.0928E+04   1.000    0.80    0.95   0.841  3.2091E+04    1.45
  98  1.7000E+01  7.8132E+03  7.8106E+03   1.000    0.84    0.99   0.849  2.1159E+04    1.96
  99  1.8000E+01  5.0962E+03  5.0949E+03   1.000    0.92    1.07   0.859  1.3346E+04    2.86
 100  1.9000E+01  2.9801E+03  2.9796E+03   1.000    1.08    1.24   0.872  8.2495E+03    4.37
 101  2.0000E+01  1.9551E+03  1.9550E+03   1.000    1.34    1.51   0.887  5.2694E+03    6.58
 102  2.1000E+01  1.1969E+03  1.1971E+03   1.000    1.76    1.95   0.903  3.3143E+03   10.13
 103  2.2000E+01  6.5961E+02  6.5995E+02   0.999    2.45    2.68   0.917  2.1174E+03   15.40
 104  2.3000E+01  2.9485E+02  2.9520E+02   0.999    3.64    3.92   0.929  1.4578E+03   21.84
 105  2.4000E+01  2.0570E+02  2.0618E+02   0.998    5.62    5.98   0.939  1.1629E+03   26.88
 106  2.5000E+01  1.5169E+02  1.5233E+02   0.996    8.57    9.04   0.947  9.5721E+02   31.95
 107  2.6000E+01  1.1967E+02  1.2051E+02   0.993   12.62   13.24   0.954  8.0552E+02   36.92
 108  2.7000E+01  9.7767E+01  9.8800E+01   0.990   17.73   18.49   0.959  6.8585E+02   41.82
 109  2.8000E+01  8.1710E+01  8.2925E+01   0.985   23.76   24.65   0.964  5.8808E+02   46.56
 110  2.9000E+01  7.5093E+01  7.6568E+01   0.981   30.51   31.52   0.968  5.0637E+02   50.99
 111  3.0000E+01  7.0539E+01  7.2264E+01   0.976   37.69   38.79   0.972  4.3128E+02   55.38
 112  3.1000E+01  6.7297E+01  6.9247E+01   0.972   45.09   46.23   0.975  3.6074E+02   59.68
 113  3.2000E+01  6.7052E+01  6.9255E+01   0.968   52.44   53.59   0.978  2.9344E+02   63.89
 114  3.3000E+01  6.1417E+01  6.3616E+01   0.965   59.55   60.67   0.982  2.2639E+02   68.16
 115  3.4000E+01  5.2513E+01  5.4489E+01   0.964   66.25   67.30   0.984  1.6497E+02   72.18
 116  3.5000E+01  5.2763E+01  5.4782E+01   0.963   72.38   73.33   0.987  1.1246E+02   75.57
 117  3.6000E+01  4.4601E+01  4.6284E+01   0.964   77.88   78.71   0.989  5.9694E+01   78.95
 118  3.7000E+01  1.5093E+01  1.5639E+01   0.965   82.71   83.41   0.992  1.5093E+01   82.71
      3.8000E+01

  INTEGRALS OF SPECTRA
    OLD SPECTRUM   4.4188E+05   ±    1.785 %
    NEW SPECTRUM   4.4193E+05   ±    1.454 %

  SUMMARY OF BROAD-GROUP FLUXES, FLUENCES, AND UNCERTAINTIES

    IRRAD TIME [S] = 7.86600000E+03   ACT NORM =  1.00000000E+00

       ENERGY       FLUX       FLUENCE      STDEV %
      thermal    6.4843E+02  5.1006E+06  ±   0.95     (0.100 meV – 0.550  eV)
     epithermal  5.1420E+02  4.0447E+06  ±  65.33     (0.550  eV – 110.0 keV)
        fast     4.4077E+05  3.4671E+09  ±   1.44     (110.0 keV –  20.0 MeV)
        fast     4.0407E+05  3.1784E+09  ±   0.85     (  1.0 MeV –  20.0 MeV)
        high     5.2694E+03  4.1449E+07  ±   6.58     ( 20.0 MeV –  60.0 MeV)

    MINI-SPECTRUM

       ENERGY       FLUX       FLUENCE      STDEV %
     1.0000E-10  7.2871E+02  5.7320E+06  ±   1.23
     9.2000E-06  6.4051E+00  5.0382E+04  ±  64.74
     9.6000E-04  3.0913E+01  2.4316E+05  ±  93.58
     9.2000E-03  2.7502E+02  2.1633E+06  ±  84.11
     8.8000E-02  2.6143E+03  2.0564E+07  ±  53.00
     3.6000E-01  2.8318E+04  2.2275E+08  ±  13.05
     9.2000E-01  8.4861E+04  6.6752E+08  ±   2.44
     2.3000E+00  1.6836E+05  1.3243E+09  ±   1.03
     1.0000E+01  1.5557E+05  1.2237E+09  ±   0.73
     2.4000E+01  1.1629E+03  9.1474E+06  ±  26.88
     6.0000E+01

       TOTAL     4.4193E+05  3.4762E+09  ±   1.45

    RELATIVE COVARIANCES (10×10)
     1000    72   -58  -152  -286  -361  -191    68   162     0
     1000   554    54   -37   -48   -28    -4     0     1
     1000   472    55   -37   -26    -4     0     1
     1000   574    15   -69   -16    -4     2
     1000   465   -37   -38   -13     5
     1000   527    -1   -28     8
     1000   350    32     4
     1000   482   -17
     1000    35
     1000

  SPECTRAL-AVERAGED REACTION RATES (for all cross section library reactions)

        REACTIONS        SIG-PHI      <SIG>          REACTIONS        SIG-PHI      <SIG>          REACTIONS        SIG-PHI      <SIG>  
   ------------------  ----------  ----------   ------------------  ----------  ----------   ------------------  ----------  ----------
   LI6(N,A)T           6.9146E-19  1.5647E-24   FE58(N,G)FE59       1.3743E-21  3.1098E-27   IN115(N,N')IN115M   8.7696E-20  1.9844E-25
   B10(N,A)LI7         2.6659E-18  6.0324E-24   CO59(N,2N)CO58      7.6660E-20  1.7347E-25   IN115(N,2N)IN114M   1.6598E-19  3.7558E-25
   F19(N,2N)F18        4.8681E-21  1.1016E-26   CO59(N,3N)CO57      4.2785E-22  9.6814E-28   IN115(N,G)IN116M    2.1578E-19  4.8826E-25
   NA23(N,2N)NA22      4.4095E-21  9.9778E-27   CO59(N,G)CO60       2.5993E-20  5.8817E-26   I127(N,2N)I126      1.9074E-19  4.3161E-25
   NA23(N,G)NA24       4.4503E-22  1.0070E-27   CO59(N,P)FE59       9.7703E-21  2.2108E-26   LA139(N,G)LA140     7.5321E-21  1.7044E-26
   MG24(N,P)NA24       3.1530E-20  7.1347E-26   CO59(N,A)MN56       4.4530E-21  1.0076E-26   PR141(N,2N)PR140    2.0821E-19  4.7114E-25
   AL27(N,P)MG27       1.8794E-20  4.2527E-26   NI58(N,2N)NI57      3.6461E-21  8.2504E-27   TM169(N,2N)TM168    2.9313E-19  6.6330E-25
   AL27(N,A)NA24       1.9284E-20  4.3635E-26   NI58(N,P)CO58       1.4114E-19  3.1937E-25   TM169(N,3N)TM167    1.7471E-20  3.9534E-26
   SI28(N,P)AL28       5.2324E-20  1.1840E-25   NI60(N,P)CO60       2.5172E-20  5.6959E-26   TA181(N,G)TA182     3.3741E-20  7.6349E-26
   P31(N,P)SI31        3.6453E-20  8.2486E-26   CU63(N,2N)CU62      5.2755E-20  1.1938E-25   W186(N,G)W187       3.2023E-20  7.2463E-26
   S32(N,P)P32         8.7815E-20  1.9871E-25   CU63(N,G)CU64       5.4893E-21  1.2421E-26   AU197(N,2N)AU196    2.9478E-19  6.6703E-25
   TI46(N,2N)TI45      7.8292E-21  1.7716E-26   CU63(N,A)CO60       7.3865E-21  1.6714E-26   AU197(N,G)AU198     9.8242E-20  2.2230E-25
   TI46(N,P)SC46       5.8453E-20  1.3227E-25   CU65(N,2N)CU64      1.0282E-19  2.3266E-25   HG199(N,N')HG199M   1.6492E-19  3.7319E-25
   TI47(N,P)SC47       3.1742E-20  7.1825E-26   ZN64(N,P)CU64       5.7911E-20  1.3104E-25   PB204(N,N')PB204M   3.9172E-20  8.8638E-26
   TI47(N,X)SC46       8.6763E-21  1.9633E-26   ZN67(N,P)CU67       5.8467E-21  1.3230E-26   BI209(N,3N)BI207    2.1249E-20  4.8083E-26
   TI48(N,P)SC48       9.0665E-21  2.0516E-26   AS75(N,2N)AS74      1.0817E-19  2.4477E-25   TH232(N,FISSION)    1.0130E-19  2.2921E-25
   TI48(N,X)SC47       3.0836E-21  6.9776E-27   Y89(N,2N)Y88        9.2749E-20  2.0987E-25   TH232(N,G)TH233     2.0619E-20  4.6657E-26
   TI49(N,X)SC48       1.8880E-21  4.2722E-27   ZR90(N,2N)ZR89      7.3223E-20  1.6569E-25   U235(N,FISSION)     1.0616E-18  2.4022E-24
   V51(N,A)SC48        2.1204E-21  4.7980E-27   NB93(N,G)NB94       4.3627E-21  9.8720E-27   U235(N,G)U236       8.4162E-20  1.9044E-25
   CR52(N,2N)CR51      3.6509E-20  8.2613E-26   NB93(N,N')NB93M     6.2644E-20  1.4175E-25   U238(N,2N)U237      2.3139E-19  5.2360E-25
   MN55(N,2N)MN54      7.7986E-20  1.7647E-25   NB93(N,2N)NB92M     6.0893E-20  1.3779E-25   U238(N,FISSION)     3.2315E-19  7.3123E-25
   MN55(N,G)MN56       9.4631E-21  2.1413E-26   MO92(N,P)NB92M      2.1519E-20  4.8693E-26   U238(N,G)U239       1.4937E-20  3.3801E-26
   FE54(N,2N)FE53      2.6274E-21  5.9454E-27   RH103(N,N')RH103M   3.3884E-19  7.6674E-25   NP237(N,FISSION)    8.0301E-19  1.8171E-24
   FE54(N,P)MN54       1.1717E-19  2.6514E-25   AG109(N,G)AG110M    5.2037E-21  1.1775E-26   PU239(N,FISSION)    1.5886E-18  3.5946E-24
   FE54(N,A)CR51       1.4102E-20  3.1911E-26   IN113(N,N')IN113M   7.2975E-20  1.6513E-25   AM241(N,FISSION)    8.9524E-19  2.0258E-24
   FE56(N,P)MN56       1.8145E-20  4.1060E-26   IN113(N,G)IN114M    4.1233E-20  9.3302E-26   SC45(N,G)SC46       1.9099E-20  4.3218E-26

  INPUT FLUX REL. CORRELATION MATRIX (by row from diagonal)
   1   1000   987   945   881   810   743   675   609   542   468   388   313   247   191   146   109    80    58    41    29
         20    14     9     6     4     3     2     2     1     1     1     1     1     1     1     1     1     1     1     1
          1     1     1     1     1     1     1     1     1     1     1     1     1     1     1     1     1     2     2     2
          2     3     3     4     5     6     7     9    11    14    18    24    32    42    53    63    69    69    63    57
         51    48    47    49    51    56    62    69    78    85    91    93    94    93    93    90    86    82    76    66
         54    42    31    21    14     9     6     4     3     3     2     2     2     1     1     1     1     1   164   164
        164   164   164   164   164   164   164   164   164   164   164   164   164   164   164   164   164   164   164   164

  OUTPUT FLUX REL. CORRELATION MATRIX (by row from diagonal)
   1   1000   984   932   850   758   667   575   483   389   290   189    99    24   -33   -75  -105  -122  -130  -131  -126
       -118  -107   -96   -84   -73   -62   -54   -47   -41   -37   -34   -32   -31   -32   -33   -34   -36   -39   -42   -46
        -51   -56   -61   -68   -75   -83   -91  -100  -110  -121  -132  -143  -155  -167  -179  -190  -201  -212  -221  -229
       -235  -239  -241  -240  -237  -231  -223  -212  -199  -184  -166  -147  -126  -102   -78   -54   -35   -22   -15    -9
         -3     3    10    18    25    32    40    47    55    61    66    68    69    68    67    65    61    58    53    45
         37    28    20    14     9     6     4     3     2     2     2     1     1     1     1     1     1     1    98    98
         98    98    98    98    98    98    98    98    98    98    98    98    98    98    98    98    98    98    98    98
   2   1000   981   928   858   781   697   608   511   400   283   177    88    17   -37   -76  -103  -118  -124  -123  -117
       -108   -97   -86   -75   -65   -56   -49   -43   -39   -36   -34   -33   -34   -35   -37   -39   -42   -46   -50   -55
        -60   -67   -73   -81   -90   -99  -109  -120  -131  -143  -156  -168  -181  -194  -207  -219  -231  -241  -250  -257
       -261  -264  -263  -260  -253  -244  -232  -216  -198  -178  -154  -126   -96   -64   -33    -8     4     9    12    15
         20    27    35    43    54    65    77    90   102   110   113   116   115   113   109   103    97    88    75    59
         43    30    19    11     6     3     1     0     0     0     0     0     0     0     0     0     0   188   188   188
        188   188   188   188   188   188   188   188   188   188   188   188   188   188   188   188   188   188   188
   3   1000   982   939   883   813   732   634   515   385   265   162    79    13   -36   -71   -94  -107  -111  -109  -103
        -95   -85   -75   -65   -57   -50   -44   -40   -37   -35   -34   -35   -36   -38   -41   -44   -48   -52   -58   -63
        -70   -77   -86   -95  -105  -115  -127  -139  -152  -165  -179  -192  -206  -220  -233  -245  -257  -266  -274  -279
       -281  -281  -277  -270  -260  -246  -229  -208  -184  -155  -121   -82   -41    -1    27    40    42    40    39    42
         48    57    67    81    96   114   134   152   165   169   174   172   169   163   154   146   132   111    87    62
         41    24    12     5     0    -1    -2    -2    -2    -2    -2    -2    -2    -1    -1    -1   302   302   302   302
        302   302   302   302   302   302   302   302   302   302   302   302   302   302   302   302   302   302
   4   1000   987   953   902   833   741   619   482   354   243   150    74    15   -29   -60   -80   -91   -94   -93   -87
        -80   -71   -63   -55   -49   -43   -39   -37   -35   -35   -35   -36   -39   -41   -45   -49   -53   -59   -65   -72
        -79   -88   -97  -107  -118  -130  -143  -156  -170  -184  -198  -213  -227  -241  -254  -265  -275  -283  -289  -291
       -291  -287  -280  -269  -254  -235  -212  -185  -152  -112   -66   -17    29    63    76    73    67    61    63    67
         77    89   106   125   148   173   197   215   221   227   224   221   213   201   190   172   144   112    80    52
         29    13     3    -1    -3    -5    -5    -5    -5    -4    -4    -3    -3    -2    -2   408   408   408   408   408
        408   408   408   408   408   408   408   408   408   408   408   408   408   408   408   408   408
   5   1000   989   958   906   825   709   574   443   328   229   145    77    23   -17   -45   -63   -73   -77   -75   -71
        -65   -59   -52   -47   -42   -38   -36   -35   -34   -35   -36   -39   -42   -45   -49   -54   -59   -66   -73   -80
        -89   -99  -109  -120  -132  -145  -158  -172  -187  -202  -216  -231  -245  -258  -270  -280  -288  -294  -297  -297
       -293  -285  -274  -258  -238  -214  -185  -150  -107   -56    -3    48    85    98    93    83    75    75    79    89
        102   121   143   168   198   225   245   252   259   256   253   244   230   217   197   164   127    90    58    32
         13     3    -2    -5    -6    -7    -7    -6    -6    -5    -5    -4    -3    -3   472   472   472   472   472   472
        472   472   472   472   472   472   472   472   472   472   472   472   472   472   472   472
   6   1000   989   956   893   791   665   538   422   319   228   151    87    37     0   -27   -45   -55   -59   -59   -57
        -53   -48   -44   -40   -37   -35   -34   -34   -35   -37   -39   -42   -45   -50   -55   -60   -66   -73   -81   -90
       -100  -110  -122  -134  -147  -160  -175  -189  -204  -219  -234  -248  -262  -274  -284  -293  -299  -301  -301  -297
       -289  -278  -262  -242  -217  -187  -151  -107   -55     0    53    92   104    99    88    80    79    83    93   106
        126   149   175   206   235   256   263   270   267   264   254   240   226   205   171   133    94    60    33    14
          2    -3    -6    -7    -7    -7    -7    -6    -6    -5    -4    -4    -3   493   493   493   493   493   493   493
        493   493   493   493   493   493   493   493   493   493   493   493   493   493   493
   7   1000   988   947   865   753   635   523   418   323   238   165   104    55    18    -8   -26   -37   -43   -45   -44
        -43   -40   -38   -36   -35   -34   -34   -35   -37   -39   -42   -46   -50   -55   -61   -67   -74   -82   -91  -101
       -112  -123  -135  -148  -162  -177  -192  -207  -222  -237  -251  -265  -277  -288  -296  -302  -305  -305  -301  -293
       -281  -265  -245  -220  -190  -154  -110   -57    -2    50    89   102    96    86    78    78    82    92   105   125
        148   174   204   233   254   261   268   265   262   252   238   225   204   170   132    93    60    33    14     3
         -2    -5    -7    -7    -7    -7    -6    -6    -5    -4    -4    -3   488   488   488   488   488   488   488   488
        488   488   488   488   488   488   488   488   488   488   488   488   488   488
   8   1000   984   928   838   736   631   529   432   341   259   187   127    78    40    12    -7   -20   -28   -32   -34
        -34   -34   -34   -33   -33   -34   -35   -37   -40   -43   -47   -51   -56   -62   -68   -75   -83   -92  -102  -113
       -124  -137  -150  -164  -179  -194  -209  -224  -239  -254  -267  -280  -290  -299  -305  -308  -307  -304  -296  -284
       -268  -248  -224  -195  -159  -116   -66   -13    38    75    88    85    77    70    71    75    85    98   117   138
        163   192   218   238   245   251   248   245   236   223   210   191   160   124    88    57    31    14     3    -2
         -4    -6    -6    -6    -6    -5    -5    -4    -4    -3    -2   454   454   454   454   454   454   454   454   454
        454   454   454   454   454   454   454   454   454   454   454   454   454
   9   1000   979   921   841   750   655   558   463   372   290   217   155   105    65    34    11    -3   -14   -21   -25
        -28   -30   -31   -32   -34   -35   -38   -40   -44   -47   -52   -57   -63   -69   -76   -85   -94  -103  -114  -126
       -138  -152  -166  -180  -195  -211  -226  -241  -256  -269  -282  -292  -301  -307  -310  -309  -305  -298  -286  -271
       -252  -229  -201  -168  -129   -84   -37     8    42    57    57    53    50    53    59    69    81    97   116   137
        160   182   198   203   208   206   204   196   185   175   159   133   104    74    49    28    13     4     0    -2
         -3    -4    -4    -4    -3    -3    -3    -2    -2    -1   368   368   368   368   368   368   368   368   368   368
        368   368   368   368   368   368   368   368   368   368   368   368
  10   1000   980   931   862   780   689   594   499   408   324   250   186   132    89    56    30    11    -2   -11   -18
        -23   -27   -29   -32   -35   -37   -40   -44   -48   -52   -57   -63   -69   -76   -84   -93  -103  -114  -125  -138
       -151  -165  -179  -194  -209  -224  -239  -253  -266  -278  -289  -297  -302  -305  -305  -301  -294  -283  -269  -251
       -230  -205  -177  -144  -107   -68   -30    -1    13    18    20    23    28    36    45    56    69    83    98   114
        129   140   144   147   146   144   139   131   124   112    95    75    54    37    23    12     6     2     0     0
          0     0     0     0     0     0     0     0     0   245   245   245   245   245   245   245   245   245   245   245
        245   245   245   245   245   245   245   245   245   245   245
  11   1000   984   942   880   803   715   622   528   437   353   277   211   156   111    74    46    24     8    -3   -12
        -19   -24   -28   -32   -35   -39   -42   -46   -51   -56   -61   -67   -74   -82   -90  -100  -110  -121  -133  -146
       -159  -173  -187  -202  -216  -230  -244  -256  -268  -277  -285  -290  -293  -292  -289  -282  -272  -259  -243  -224
       -203  -179  -152  -123   -92   -63   -39   -24   -15    -8    -1     6    14    23    32    42    51    61    71    80
         86    88    90    89    88    84    80    75    69    59    47    36    26    17    11     7     5     3     3     2
          2     1     1     1     1     1     1     1   131   131   131   131   131   131   131   131   131   131   131   131
        131   131   131   131   131   131   131   131   131   131
  12   1000   986   948   890   815   730   639   547   457   374   298   231   175   127    89    58    34    16     2    -8
        -16   -22   -28   -32   -36   -40   -44   -48   -53   -58   -64   -71   -78   -86   -95  -105  -115  -127  -139  -151
       -164  -178  -191  -205  -218  -231  -243  -253  -262  -269  -274  -276  -276  -272  -266  -256  -244  -230  -213  -195
       -174  -153  -129  -105   -82   -62   -47   -36   -26   -17    -7     0     9    16    23    30    36    41    46    49
         50    50    50    49    47    45    42    38    34    28    23    18    13    10     8     6     5     4     4     3
          3     3     2     2     2     2     2    54    54    54    54    54    54    54    54    54    54    54    54    54
         54    54    54    54    54    54    54    54    54
  13   1000   987   951   895   823   741   652   561   473   390   314   247   189   140   100    67    41    21     6    -5
        -14   -21   -27   -32   -37   -41   -45   -50   -55   -61   -67   -74   -82   -90   -99  -109  -120  -131  -143  -155
       -168  -180  -193  -205  -217  -228  -237  -246  -252  -256  -258  -257  -254  -248  -239  -228  -215  -200  -183  -166
       -147  -128  -108   -89   -72   -58   -46   -35   -24   -15    -6     0     7    13    17    21    23    25    26    27
         27    26    26    25    24    22    20    19    17    15    13    11     9     8     7     6     5     5     4     4
          3     3     3     2     2     2     9     9     9     9     9     9     9     9     9     9     9     9     9     9
          9     9     9     9     9     9     9     9
  14   1000   988   953   899   829   749   662   573   486   403   327   259   200   150   108    74    47    26     9    -3
        -13   -21   -27   -32   -37   -42   -47   -52   -57   -63   -69   -77   -84   -93  -102  -112  -123  -134  -145  -157
       -168  -180  -191  -202  -212  -221  -228  -234  -238  -239  -238  -235  -229  -221  -211  -198  -185  -170  -154  -138
       -122  -105   -89   -75   -61   -49   -38   -27   -18   -10    -3     2     6    10    12    13    13    13    14    13
         13    13    12    12    11    10    10    10    10    10     9     8     8     7     6     6     5     5     4     4
          3     3     3     2     2   -14   -14   -14   -14   -14   -14   -14   -14   -14   -14   -14   -14   -14   -14   -14
        -14   -14   -14   -14   -14   -14   -14
  15   1000   988   955   902   834   756   671   583   497   414   338   269   209   158   115    79    51    28    11    -2
        -12   -20   -27   -33   -38   -43   -48   -53   -58   -64   -71   -78   -86   -95  -104  -114  -124  -135  -145  -156
       -167  -177  -187  -196  -204  -211  -216  -219  -220  -219  -215  -210  -202  -193  -181  -169  -156  -142  -127  -113
        -99   -85   -72   -60   -49   -38   -27   -19   -11    -5     0     3     6     7     7     7     6     6     6     6
          5     5     5     5     5     5     6     7     8     8     8     7     7     6     6     5     5     4     4     3
          3     3     2     2   -26   -26   -26   -26   -26   -26   -26   -26   -26   -26   -26   -26   -26   -26   -26   -26
        -26   -26   -26   -26   -26   -26
  16   1000   989   956   905   839   762   678   592   506   423   346   277   216   163   119    83    54    31    12    -1
        -11   -20   -27   -33   -38   -43   -48   -53   -59   -65   -72   -80   -87   -96  -105  -114  -124  -134  -143  -153
       -163  -171  -180  -187  -192  -197  -199  -200  -199  -196  -190  -183  -174  -164  -153  -141  -128  -116  -103   -91
        -79   -68   -57   -46   -36   -26   -18   -11    -5    -1     1     3     4     4     3     2     2     1     1     1
          1     1     1     1     3     4     5     6     7     7     7     6     6     5     5     4     4     4     3     3
          3     2     2   -31   -31   -31   -31   -31   -31   -31   -31   -31   -31   -31   -31   -31   -31   -31   -31   -31
        -31   -31   -31   -31   -31
  17   1000   989   957   907   843   767   684   598   513   430   353   283   221   167   122    85    56    32    14     0
        -11   -19   -26   -32   -38   -43   -48   -54   -59   -66   -72   -80   -87   -95  -104  -113  -121  -130  -139  -148
       -155  -163  -169  -174  -178  -180  -180  -179  -176  -171  -164  -156  -147  -136  -126  -114  -103   -92   -82   -71
        -61   -52   -42   -33   -24   -16   -10    -5    -1     0     2     2     2     1     0     0     0     0     0     0
          0     0     0     1     2     4     5     6     6     6     6     5     5     5     4     4     3     3     3     2
          2     2   -32   -32   -32   -32   -32   -32   -32   -32   -32   -32   -32   -32   -32   -32   -32   -32   -32   -32
        -32   -32   -32   -32
  18   1000   989   958   909   846   771   689   604   518   435   357   286   224   170   124    87    57    33    15     0
        -10   -19   -26   -32   -37   -43   -48   -53   -59   -65   -72   -79   -86   -94  -101  -109  -117  -125  -132  -139
       -146  -151  -156  -159  -160  -161  -159  -156  -151  -145  -138  -129  -120  -111  -101   -91   -82   -72   -63   -55
        -46   -37   -29   -21   -15    -9    -5    -2     0     1     1     1     0     0    -1    -1    -1    -1    -1    -1
         -1     0     0     2     3     4     5     6     6     5     5     5     4     4     3     3     3     3     2     2
          2   -31   -31   -31   -31   -31   -31   -31   -31   -31   -31   -31   -31   -31   -31   -31   -31   -31   -31   -31
        -31   -31   -31
  19   1000   990   959   911   848   774   693   607   521   438   360   289   226   172   126    88    58    34    16     1
         -9   -18   -25   -31   -37   -42   -47   -52   -58   -64   -70   -77   -83   -90   -97  -104  -111  -118  -124  -129
       -134  -138  -140  -141  -141  -140  -137  -133  -127  -121  -113  -105   -96   -88   -79   -71   -63   -55   -48   -40
        -33   -25   -19   -13    -8    -4    -1     0     0     1     0     0    -1    -1    -2    -2    -2    -2    -2    -2
         -1     0     1     3     4     5     5     5     5     4     4     4     3     3     3     2     2     2     2     2
        -29   -29   -29   -29   -29   -29   -29   -29   -29   -29   -29   -29   -29   -29   -29   -29   -29   -29   -29   -29
        -29   -29
  20   1000   990   960   912   850   777   695   610   524   440   362   290   227   173   127    89    59    35    17     2
         -8   -17   -24   -30   -35   -40   -45   -51   -56   -62   -67   -73   -79   -86   -92   -98  -103  -109  -113  -117
       -120  -122  -123  -123  -122  -119  -115  -110  -104   -97   -90   -83   -75   -68   -61   -54   -48   -41   -35   -28
        -22   -16   -11    -7    -4    -1     0     0     0     0     0    -1    -2    -2    -2    -2    -2    -2    -2    -1
          0     1     2     3     4     4     4     4     4     4     3     3     3     2     2     2     2     2     1   -27
        -27   -27   -27   -27   -27   -27   -27   -27   -27   -27   -27   -27   -27   -27   -27   -27   -27   -27   -27   -27
        -27
  21   1000   990   960   913   851   778   697   611   525   441   362   291   228   173   128    90    60    36    18     3
         -7   -15   -22   -28   -34   -39   -44   -48   -53   -59   -64   -69   -74   -80   -85   -90   -94   -98  -102  -104
       -106  -106  -106  -105  -102   -99   -94   -89   -83   -77   -71   -64   -58   -52   -46   -41   -35   -30   -24   -18
        -13    -9    -6    -3    -1     0     0     0     0    -1    -1    -2    -2    -2    -2    -2    -2    -2    -1     0
          0     2     3     3     4     4     4     3     3     3     3     2     2     2     2     2     1     1   -23   -23
        -23   -23   -23   -23   -23   -23   -23   -23   -23   -23   -23   -23   -23   -23   -23   -23   -23   -23   -23   -23
  22   1000   990   961   914   852   779   697   611   525   441   363   291   228   174   128    91    61    37    19     5
         -5   -14   -21   -27   -32   -37   -41   -46   -50   -55   -59   -64   -69   -73   -77   -81   -84   -87   -89   -91
        -91   -91   -89   -87   -84   -80   -75   -70   -65   -59   -54   -49   -43   -39   -34   -30   -25   -20   -15   -11
         -7    -5    -2    -1     0     0     0     0     0    -1    -1    -2    -2    -2    -2    -1    -1    -1     0     0
          1     2     3     3     3     3     3     3     2     2     2     2     2     1     1     1     1   -20   -20   -20
        -20   -20   -20   -20   -20   -20   -20   -20   -20   -20   -20   -20   -20   -20   -20   -20   -20   -20   -20
  23   1000   990   961   914   852   779   697   611   525   441   363   292   229   175   129    92    62    39    20     6
         -4   -12   -19   -25   -30   -34   -38   -43   -47   -51   -55   -59   -62   -66   -69   -72   -74   -76   -77   -77
        -77   -75   -73   -71   -67   -63   -59   -54   -50   -45   -40   -36   -32   -28   -24   -21   -16   -13    -9    -6
         -4    -2     0     0     0     0     0     0    -1    -1    -1    -1    -1    -1    -1    -1    -1     0     0     1
          2     2     3     3     3     2     2     2     2     2     2     1     1     1     1     1   -17   -17   -17   -17
        -17   -17   -17   -17   -17   -17   -17   -17   -17   -17   -17   -17   -17   -17   -17   -17   -17   -17
  24   1000   990   961   914   852   779   697   611   525   441   363   292   229   175   130    93    63    40    22     8
         -2   -11   -17   -23   -27   -32   -35   -39   -43   -46   -50   -53   -56   -58   -61   -63   -64   -65   -65   -64
        -63   -62   -59   -56   -53   -49   -45   -41   -37   -33   -30   -26   -23   -20   -17   -13   -10    -7    -5    -3
         -1     0     0     0     0     0     0     0    -1    -1    -1    -1    -1    -1    -1     0     0     0     1     2
          2     2     2     2     2     2     2     2     1     1     1     1     1     1     1   -14   -14   -14   -14   -14
        -14   -14   -14   -14   -14   -14   -14   -14   -14   -14   -14   -14   -14   -14   -14   -14   -14
  25   1000   990   961   914   852   779   697   611   525   441   363   292   229   176   131    94    64    41    23     9
         -1    -9   -15   -21   -25   -29   -32   -36   -39   -42   -44   -47   -49   -51   -53   -54   -54   -55   -54   -53
        -51   -49   -47   -44   -41   -37   -34   -31   -28   -25   -22   -19   -16   -14   -11    -8    -6    -4    -2    -1
          0     0     0     0     0     0     0     0     0     0     0     0     0     0     0     0     0     1     1     2
          2     2     2     2     2     1     1     1     1     1     1     1     1     1   -11   -11   -11   -11   -11   -11
        -11   -11   -11   -11   -11   -11   -11   -11   -11   -11   -11   -11   -11   -11   -11   -11
  26   1000   990   961   914   852   778   697   611   525   441   363   292   230   176   131    95    65    42    24    10
          0    -7   -14   -19   -23   -26   -30   -32   -35   -37   -40   -42   -43   -44   -45   -46   -46   -45   -45   -43
        -41   -39   -37   -34   -31   -28   -26   -23   -20   -18   -15   -13   -11    -9    -6    -4    -3    -1     0     0
          0     0     0     0     0     0     0     0     0     0     0     0     0     0     0     0     1     1     2     2
          2     2     1     1     1     1     1     1     1     1     1     1     1    -9    -9    -9    -9    -9    -9    -9
         -9    -9    -9    -9    -9    -9    -9    -9    -9    -9    -9    -9    -9    -9    -9
  27   1000   990   961   914   852   778   696   611   525   441   363   293   230   177   132    95    66    43    25    11
          1    -6   -12   -17   -21   -24   -27   -29   -31   -33   -35   -37   -38   -38   -39   -39   -38   -38   -36   -35
        -33   -31   -29   -26   -24   -21   -19   -17   -15   -13   -11    -9    -7    -5    -3    -2    -1     0     0     0
          0     0     0     0     0     0     0     0     0     0     0     0     0     0     0     1     1     1     1     1
          1     1     1     1     1     1     1     1     1     1     1     0    -7    -7    -7    -7    -7    -7    -7    -7
         -7    -7    -7    -7    -7    -7    -7    -7    -7    -7    -7    -7    -7    -7
  28   1000   990   961   914   852   778   696   611   525   441   364   293   231   177   133    96    67    44    26    12
          2    -5   -11   -15   -19   -22   -25   -27   -28   -30   -31   -32   -33   -33   -33   -33   -32   -31   -30   -28
        -27   -25   -23   -20   -18   -16   -14   -12   -11    -9    -7    -6    -4    -3    -2    -1     0     0     0     0
          0     0     0     0     0     0     0     0     0     0     0     0     0     0     1     1     1     1     1     1
          1     1     1     1     1     1     1     1     0     0     0    -5    -5    -5    -5    -5    -5    -5    -5    -5
         -5    -5    -5    -5    -5    -5    -5    -5    -5    -5    -5    -5    -5
  29   1000   990   961   914   852   778   696   611   525   442   364   293   231   178   133    96    67    44    26    13
          3    -4   -10   -14   -18   -21   -23   -25   -26   -27   -28   -29   -29   -29   -29   -29   -28   -26   -25   -23
        -22   -20   -18   -16   -14   -13   -11    -9    -8    -6    -5    -4    -2    -1     0     0     0     0     1     1
          0     0     0     0     0     0     0     0     0     0     0     0     1     1     1     1     1     1     1     1
          1     1     1     1     1     1     0     0     0     0    -4    -4    -4    -4    -4    -4    -4    -4    -4    -4
         -4    -4    -4    -4    -4    -4    -4    -4    -4    -4    -4    -4
  30   1000   990   961   914   852   778   696   611   525   442   364   294   231   178   133    97    67    44    27    13
          3    -4    -9   -14   -17   -20   -22   -23   -25   -25   -26   -27   -27   -26   -26   -25   -24   -23   -21   -20
        -18   -16   -15   -13   -11   -10    -8    -7    -6    -4    -3    -2    -1     0     0     0     0     1     1     1
          0     0     0     0     0     0     0     0     0     0     0     1     1     1     1     1     1     1     1     1
          1     1     1     1     0     0     0     0     0    -3    -3    -3    -3    -3    -3    -3    -3    -3    -3    -3
         -3    -3    -3    -3    -3    -3    -3    -3    -3    -3    -3
  31   1000   990   961   914   852   778   696   611   525   442   364   294   231   178   133    97    67    44    27    13
          3    -4    -9   -14   -17   -19   -21   -23   -24   -24   -25   -25   -25   -24   -24   -23   -22   -20   -19   -17
        -16   -14   -12   -11    -9    -8    -7    -5    -4    -3    -2    -1     0     0     0     0     1     1     1     0
          0     0     0     0     0     0     0     0     0     0     1     1     1     1     1     1     1     1     1     1
          1     1     0     0     0     0     0     0    -3    -3    -3    -3    -3    -3    -3    -3    -3    -3    -3    -3
         -3    -3    -3    -3    -3    -3    -3    -3    -3    -3
  32   1000   990   961   914   852   778   696   611   525   442   364   294   231   178   133    97    67    44    26    13
          2    -4   -10   -14   -17   -20   -21   -23   -23   -24   -24   -24   -24   -23   -22   -21   -20   -19   -17   -16
        -14   -12   -11    -9    -8    -7    -5    -4    -3    -2    -1     0     0     0     0     1     1     1     1     0
          0     0     0     0     0     0     0     0     0     1     1     1     1     1     1     1     1     1     1     1
          1     0     0     0     0     0     0    -3    -3    -3    -3    -3    -3    -3    -3    -3    -3    -3    -3    -3
         -3    -3    -3    -3    -3    -3    -3    -3    -3
  33   1000   990   961   914   852   778   696   611   525   442   364   293   231   178   133    96    66    43    25    12
          1    -5   -11   -15   -18   -20   -22   -23   -24   -24   -24   -24   -24   -23   -22   -21   -19   -18   -16   -15
        -13   -11   -10    -8    -7    -6    -4    -3    -2    -1     0     0     0     0     1     1     1     1     0     0
          0     0     0     0     0     0     0     0     1     1     1     1     1     1     1     1     1     1     1     1
          0     0     0     0     0     0    -3    -3    -3    -3    -3    -3    -3    -3    -3    -3    -3    -3    -3    -3
         -3    -3    -3    -3    -3    -3    -3    -3
  34   1000   990   961   914   852   778   696   611   525   442   364   293   231   177   132    95    65    42    24    10
          0    -7   -13   -17   -20   -22   -24   -25   -25   -25   -25   -25   -24   -23   -22   -20   -19   -17   -16   -14
        -12   -11    -9    -8    -6    -5    -4    -2    -1     0     0     0     0     0     1     1     0     0     0     0
          0     0     0     0     0     0     0     1     1     1     1     1     1     1     1     1     1     1     1     0
          0     0     0     0     0    -3    -3    -3    -3    -3    -3    -3    -3    -3    -3    -3    -3    -3    -3    -3
         -3    -3    -3    -3    -3    -3    -3
  35   1000   990   961   914   852   778   696   611   525   441   363   293   230   176   131    94    64    40    22     8
         -1    -9   -15   -19   -22   -24   -26   -26   -27   -27   -26   -26   -25   -23   -22   -20   -19   -17   -15   -13
        -12   -10    -9    -7    -5    -4    -3    -2    -1     0     0     0     0     1     1     0     0     0     0     0
          0     0     0     0     0     0     1     1     1     1     1     1     1     1     1     1     1     1     1     0
          0     0     0     0    -3    -3    -3    -3    -3    -3    -3    -3    -3    -3    -3    -3    -3    -3    -3    -3
         -3    -3    -3    -3    -3    -3
  36   1000   990   961   914   852   778   696   610   524   441   363   292   229   175   129    92    62    38    20     6
         -4   -12   -18   -22   -25   -27   -28   -29   -29   -28   -28   -27   -26   -24   -22   -21   -19   -17   -15   -13
        -11   -10    -8    -6    -5    -3    -2    -1     0     0     0     0     0     0     0     0     0     0     0     0
          0     0     0     0     0     1     1     1     1     1     1     1     1     1     1     1     1     1     0     0
          0     0     0    -4    -4    -4    -4    -4    -4    -4    -4    -4    -4    -4    -4    -4    -4    -4    -4    -4
         -4    -4    -4    -4    -4
  37   1000   990   961   914   851   778   696   610   524   440   362   291   228   173   127    90    59    35    17     3
         -7   -15   -21   -25   -28   -30   -31   -31   -31   -30   -29   -28   -27   -25   -23   -21   -19   -17   -15   -13
        -11    -9    -7    -5    -4    -2    -1     0     0     0     0     0     0     0     0     0     0     0     0     0
          0     0     0     0     0     1     1     1     1     1     1     1     1     1     1     1     1     1     0     0
          0     0    -5    -5    -5    -5    -5    -5    -5    -5    -5    -5    -5    -5    -5    -5    -5    -5    -5    -5
         -5    -5    -5    -5
  38   1000   990   961   914   851   778   696   610   523   440   361   289   226   171   125    87    56    32    13     0
        -11   -19   -25   -29   -31   -33   -34   -34   -33   -33   -31   -30   -28   -25   -23   -21   -19   -17   -14   -12
        -10    -8    -6    -4    -3    -2    -1     0     0     0     0     0     0     0     0     0     0     0     0     0
          0     0     0     0     1     1     1     1     1     1     1     1     1     1     1     1     1     1     0     0
          0    -6    -6    -6    -6    -6    -6    -6    -6    -6    -6    -6    -6    -6    -6    -6    -6    -6    -6    -6
         -6    -6    -6
  39   1000   990   961   913   851   777   695   609   523   439   360   288   224   169   122    84    53    28     9    -5
        -15   -23   -29   -33   -35   -37   -37   -37   -36   -35   -33   -31   -28   -26   -24   -21   -19   -16   -14   -12
        -10    -7    -5    -4    -2    -1     0     0     0     0     0     0     0     0     0     0     0     0     0     0
          0     0     0     1     1     1     1     1     1     1     1     1     1     1     1     1     1     1     0     0
         -7    -7    -7    -7    -7    -7    -7    -7    -7    -7    -7    -7    -7    -7    -7    -7    -7    -7    -7    -7
         -7    -7
  40   1000   990   961   913   851   777   695   609   522   437   358   286   221   166   119    80    49    24     4    -9
        -20   -28   -34   -37   -40   -41   -40   -40   -38   -36   -34   -32   -29   -27   -24   -21   -19   -16   -14   -11
         -8    -6    -4    -2    -1     0     0     0     0     0     0     0     0     0     0     0     0     0     0     0
          0     0     1     1     1     2     2     1     1     1     1     1     1     1     1     1     1     1     0    -8
         -8    -8    -8    -8    -8    -8    -8    -8    -8    -8    -8    -8    -8    -8    -8    -8    -8    -8    -8    -8
         -8
  41   1000   990   961   913   851   777   694   608   520   436   356   283   218   162   115    75    43    18     0   -15
        -26   -34   -39   -42   -44   -44   -44   -42   -40   -38   -35   -33   -30   -27   -24   -21   -18   -15   -13   -10
         -7    -5    -3    -2     0     0     0     0     0     0     0     0     0     0     0     0     0     0     0     0
          0     1     1     1     2     2     2     1     1     1     1     1     1     1     1     1     1     1   -10   -10
        -10   -10   -10   -10   -10   -10   -10   -10   -10   -10   -10   -10   -10   -10   -10   -10   -10   -10   -10   -10
  42   1000   990   960   913   851   776   694   607   519   434   353   280   214   158   110    70    38    12    -6   -21
        -32   -39   -44   -47   -48   -48   -47   -45   -42   -40   -36   -33   -30   -27   -24   -21   -18   -14   -11    -8
         -6    -4    -2    -1     0     0     0     0     0     0     0    -1    -1    -1    -1     0     0     0     0     0
          1     1     2     2     2     2     2     2     1     1     1     1     1     1     1     1     1   -11   -11   -11
        -11   -11   -11   -11   -11   -11   -11   -11   -11   -11   -11   -11   -11   -11   -11   -11   -11   -11   -11
  43   1000   990   960   913   850   776   693   605   517   431   350   276   210   153   104    64    31     6   -13   -28
        -38   -45   -50   -52   -52   -51   -50   -47   -44   -41   -37   -34   -30   -27   -23   -20   -16   -13    -9    -7
         -4    -2    -1     0     0     0     0     0    -1    -1    -1    -1    -1    -1    -1    -1     0     0     0     1
          1     2     2     2     2     2     2     2     1     1     1     1     1     1     1     1   -13   -13   -13   -13
        -13   -13   -13   -13   -13   -13   -13   -13   -13   -13   -13   -13   -13   -13   -13   -13   -13   -13
  44   1000   990   960   913   850   775   692   604   515   428   346   271   205   147    97    57    24    -1   -20   -35
        -45   -51   -55   -56   -56   -55   -52   -49   -45   -42   -38   -34   -30   -26   -22   -18   -14   -11    -8    -5
         -3    -1     0     0     0     0    -1    -1    -1    -1    -1    -1    -1    -1    -1    -1     0     0     1     1
          2     2     2     2     2     2     2     2     1     1     1     1     1     1     1   -15   -15   -15   -15   -15
        -15   -15   -15   -15   -15   -15   -15   -15   -15   -15   -15   -15   -15   -15   -15   -15   -15
  45   1000   990   960   913   849   774   690   602   512   425   342   266   198   140    90    49    16    -9   -28   -42
        -51   -57   -60   -61   -60   -57   -54   -50   -46   -42   -38   -34   -30   -25   -21   -16   -12    -9    -6    -4
         -2    -1     0     0     0    -1    -2    -2    -2    -2    -2    -2    -2    -2    -1     0     0     1     2     2
          2     3     2     2     2     2     2     2     1     1     1     1     1     1   -18   -18   -18   -18   -18   -18
        -18   -18   -18   -18   -18   -18   -18   -18   -18   -18   -18   -18   -18   -18   -18   -18
  46   1000   990   960   912   849   773   688   599   509   420   337   260   191   132    82    40     7   -17   -36   -49
        -58   -63   -65   -64   -62   -59   -55   -51   -47   -42   -38   -33   -28   -23   -18   -14   -10    -7    -4    -2
         -1     0     0    -1    -1    -2    -2    -3    -2    -3    -2    -2    -2    -2    -1     0     1     2     2     3
          3     3     3     2     2     2     2     2     1     1     1     1     1   -20   -20   -20   -20   -20   -20   -20
        -20   -20   -20   -20   -20   -20   -20   -20   -20   -20   -20   -20   -20   -20   -20
  47   1000   990   960   912   848   771   686   596   504   415   330   253   183   123    72    31    -1   -26   -44   -56
        -64   -68   -69   -67   -65   -61   -57   -52   -47   -42   -37   -32   -26   -21   -16   -11    -8    -5    -3    -2
         -1    -1    -1    -2    -3    -3    -3    -3    -3    -3    -3    -3    -2    -1     0     1     2     3     3     3
          3     3     3     2     2     2     2     2     1     1     1     1   -23   -23   -23   -23   -23   -23   -23   -23
        -23   -23   -23   -23   -23   -23   -23   -23   -23   -23   -23   -23   -23   -23
  48   1000   990   960   911   847   770   683   592   500   409   323   244   174   114    63    22   -10   -34   -51   -63
        -69   -72   -72   -70   -66   -62   -57   -52   -47   -41   -35   -29   -23   -18   -13    -9    -6    -4    -2    -1
         -1    -2    -3    -3    -4    -4    -4    -4    -4    -3    -3    -3    -1     0     1     2     3     3     3     3
          3     3     3     2     2     2     2     2     1     1     1   -26   -26   -26   -26   -26   -26   -26   -26   -26
        -26   -26   -26   -26   -26   -26   -26   -26   -26   -26   -26   -26   -26
  49   1000   990   959   910   845   767   680   588   494   402   315   236   165   104    53    12   -19   -42   -58   -68
        -74   -76   -75   -72   -68   -63   -57   -52   -46   -39   -33   -26   -20   -15   -10    -7    -4    -3    -2    -2
         -2    -3    -4    -4    -5    -5    -5    -4    -4    -4    -3    -2     0     1     2     3     4     4     4     3
          3     3     3     2     2     2     2     2     1     1   -29   -29   -29   -29   -29   -29   -29   -29   -29   -29
        -29   -29   -29   -29   -29   -29   -29   -29   -29   -29   -29   -29
  50   1000   990   959   910   844   765   677   583   488   395   307   226   155    94    43     3   -27   -49   -64   -73
        -78   -78   -76   -73   -68   -63   -57   -51   -44   -36   -29   -22   -17   -12    -8    -5    -3    -2    -2    -3
         -4    -5    -5    -6    -5    -5    -5    -5    -4    -4    -2     0     1     2     3     4     4     4     4     4
          3     3     3     2     2     2     2     2     1   -32   -32   -32   -32   -32   -32   -32   -32   -32   -32   -32
        -32   -32   -32   -32   -32   -32   -32   -32   -32   -32   -32
  51   1000   990   959   909   842   762   672   577   481   386   297   216   145    84    34    -5   -35   -56   -69   -77
        -80   -80   -78   -73   -68   -62   -56   -48   -40   -32   -25   -19   -13    -9    -6    -4    -3    -3    -4    -5
         -6    -6    -6    -6    -6    -6    -6    -5    -4    -2     0     1     2     4     4     5     4     4     4     4
          3     3     3     2     2     2     2     2   -36   -36   -36   -36   -36   -36   -36   -36   -36   -36   -36   -36
        -36   -36   -36   -36   -36   -36   -36   -36   -36   -36
  52   1000   989   958   907   840   759   668   571   473   378   288   206   134    74    25   -13   -41   -61   -73   -80
        -82   -81   -78   -73   -68   -61   -53   -45   -36   -28   -21   -15   -11    -7    -5    -4    -4    -5    -6    -7
         -7    -8    -7    -7    -7    -6    -6    -5    -3    -1     1     3     4     5     5     5     5     4     4     4
          3     3     3     2     2     2     2   -39   -39   -39   -39   -39   -39   -39   -39   -39   -39   -39   -39   -39
        -39   -39   -39   -39   -39   -39   -39   -39   -39
  53   1000   989   958   906   837   755   663   565   465   369   278   196   125    65    17   -19   -46   -65   -76   -82
        -83   -82   -78   -73   -66   -58   -49   -40   -31   -24   -18   -13    -9    -6    -5    -5    -6    -7    -8    -8
         -9    -8    -8    -8    -7    -7    -6    -3    -1     1     3     4     5     5     5     5     5     4     4     4
          3     3     3     2     2     2   -43   -43   -43   -43   -43   -43   -43   -43   -43   -43   -43   -43   -43   -43
        -43   -43   -43   -43   -43   -43   -43   -43
  54   1000   989   957   905   835   751   657   558   457   360   269   187   116    57    10   -24   -50   -67   -78   -83
        -84   -82   -77   -71   -63   -54   -44   -35   -27   -20   -15   -11    -8    -6    -6    -7    -8   -10   -10   -10
        -10   -10    -9    -8    -8    -6    -4    -1     1     3     5     6     6     6     6     5     5     4     4     4
          3     3     3     2     2   -47   -47   -47   -47   -47   -47   -47   -47   -47   -47   -47   -47   -47   -47   -47
        -47   -47   -47   -47   -47   -47   -47
  55   1000   989   956   903   832   747   652   551   449   351   260   179   109    51     5   -28   -53   -69   -79   -83
        -84   -81   -75   -67   -58   -48   -38   -30   -23   -17   -13   -10    -8    -8    -9   -10   -11   -11   -12   -11
        -11   -10    -9    -9    -7    -5    -1     1     3     5     6     6     6     6     6     5     5     4     4     3
          3     3     2     2   -51   -51   -51   -51   -51   -51   -51   -51   -51   -51   -51   -51   -51   -51   -51   -51
        -51   -51   -51   -51   -51   -51
  56   1000   989   955   901   829   743   646   544   442   343   253   172   103    46     2   -30   -54   -70   -79   -83
        -82   -79   -71   -62   -52   -42   -33   -26   -20   -15   -12   -10   -10   -10   -12   -13   -13   -13   -13   -12
        -12   -10   -10    -8    -5    -2     1     3     5     7     7     7     6     6     5     5     5     4     4     3
          3     3     2   -55   -55   -55   -55   -55   -55   -55   -55   -55   -55   -55   -55   -55   -55   -55   -55   -55
        -55   -55   -55   -55   -55
  57   1000   989   955   900   826   738   641   538   435   337   247   167    99    44     0   -31   -55   -70   -79   -82
        -80   -74   -66   -56   -46   -37   -29   -23   -18   -14   -12   -12   -12   -14   -15   -15   -15   -14   -14   -13
        -12   -11    -9    -6    -2     1     4     6     7     7     7     7     6     6     5     5     4     4     4     3
          3     2   -59   -59   -59   -59   -59   -59   -59   -59   -59   -59   -59   -59   -59   -59   -59   -59   -59   -59
        -59   -59   -59   -59
  58   1000   988   954   898   823   734   636   533   430   332   242   163    97    42     0   -32   -55   -70   -77   -79
        -76   -68   -59   -50   -41   -33   -26   -21   -17   -15   -14   -15   -16   -17   -17   -17   -16   -16   -14   -13
        -12   -10    -6    -2     1     4     6     7     8     8     7     7     6     6     5     5     4     4     3     3
          3   -63   -63   -63   -63   -63   -63   -63   -63   -63   -63   -63   -63   -63   -63   -63   -63   -63   -63   -63
        -63   -63   -63
  59   1000   988   953   896   821   731   632   528   426   328   240   162    96    42     0   -32   -54   -68   -74   -74
        -69   -61   -52   -44   -36   -30   -24   -21   -18   -17   -18   -19   -20   -19   -19   -18   -17   -16   -14   -13
        -11    -7    -3     1     4     6     8     8     8     8     7     7     6     6     5     5     4     4     3     3
        -67   -67   -67   -67   -67   -67   -67   -67   -67   -67   -67   -67   -67   -67   -67   -67   -67   -67   -67   -67
        -67   -67
  60   1000   988   952   895   819   728   629   525   423   327   239   162    96    42     0   -31   -53   -65   -69   -67
        -62   -54   -47   -40   -33   -28   -24   -22   -20   -21   -22   -23   -22   -21   -20   -19   -18   -16   -14   -12
         -8    -3     1     4     7     8     9     9     8     8     7     6     6     5     5     4     4     3     3   -70
        -70   -70   -70   -70   -70   -70   -70   -70   -70   -70   -70   -70   -70   -70   -70   -70   -70   -70   -70   -70
        -70
  61   1000   988   952   894   817   726   627   524   423   327   239   163    97    43     0   -30   -49   -59   -61   -59
        -54   -48   -42   -37   -32   -28   -25   -24   -24   -25   -25   -24   -24   -22   -21   -19   -17   -15   -13    -8
         -3     0     4     7     9     9     9     9     8     7     7     6     6     5     5     4     4     3   -73   -73
        -73   -73   -73   -73   -73   -73   -73   -73   -73   -73   -73   -73   -73   -73   -73   -73   -73   -73   -73   -73
  62   1000   988   951   893   816   725   626   524   423   328   241   164    98    43     2   -26   -43   -51   -53   -51
        -48   -44   -39   -35   -32   -29   -28   -28   -28   -28   -27   -26   -24   -23   -21   -18   -16   -13    -9    -3
          0     4     7     9    10    10     9     8     8     7     6     6     5     5     4     4     3   -75   -75   -75
        -75   -75   -75   -75   -75   -75   -75   -75   -75   -75   -75   -75   -75   -75   -75   -75   -75   -75   -75
  63   1000   988   951   892   816   725   627   525   425   330   242   164    98    45     5   -19   -33   -41   -45   -45
        -43   -41   -38   -35   -33   -32   -32   -32   -31   -30   -28   -26   -24   -22   -19   -17   -14    -9    -4     1
          5     8     9    10    10     9     9     8     7     7     6     6     5     4     4     3   -75   -75   -75   -75
        -75   -75   -75   -75   -75   -75   -75   -75   -75   -75   -75   -75   -75   -75   -75   -75   -75   -75
  64   1000   988   951   892   816   726   628   527   427   331   243   164    99    48    14    -8   -24   -33   -38   -40
        -40   -39   -38   -36   -35   -35   -35   -34   -32   -30   -28   -25   -23   -20   -17   -14    -9    -4     1     5
          8    10    10    10    10     9     8     8     7     6     6     5     5     4     4   -75   -75   -75   -75   -75
        -75   -75   -75   -75   -75   -75   -75   -75   -75   -75   -75   -75   -75   -75   -75   -75   -75
  65   1000   988   951   893   817   728   630   529   428   331   242   164   102    57    25     1   -14   -26   -33   -37
        -39   -39   -39   -38   -38   -38   -37   -34   -32   -29   -26   -23   -20   -17   -14    -9    -3     1     5     8
         10    10    10    10     9     8     8     7     6     6     5     5     4     4   -72   -72   -72   -72   -72   -72
        -72   -72   -72   -72   -72   -72   -72   -72   -72   -72   -72   -72   -72   -72   -72   -72
  66   1000   988   951   893   818   729   632   530   427   329   241   167   112    69    36    11    -7   -21   -30   -35
        -38   -39   -40   -40   -39   -38   -35   -33   -29   -26   -23   -20   -17   -13    -8    -3     1     5     8    10
         10    10    10     9     8     8     7     6     6     5     5     4     4   -68   -68   -68   -68   -68   -68   -68
        -68   -68   -68   -68   -68   -68   -68   -68   -68   -68   -68   -68   -68   -68   -68
  67   1000   988   952   894   819   730   632   528   424   327   243   177   125    82    46    18    -2   -17   -27   -34
        -37   -39   -40   -40   -38   -35   -33   -29   -26   -22   -18   -15   -12    -7    -2     2     6     8    10    10
         10    10     9     8     8     7     6     6     5     5     4     4   -61   -61   -61   -61   -61   -61   -61   -61
        -61   -61   -61   -61   -61   -61   -61   -61   -61   -61   -61   -61   -61   -61
  68   1000   988   952   895   819   730   629   524   421   329   254   192   138    92    54    25     2   -13   -25   -32
        -36   -38   -38   -37   -34   -31   -27   -24   -20   -16   -13    -9    -5     0     3     6     8    10    10    10
          9     9     8     7     7     6     6     5     4     4     3   -51   -51   -51   -51   -51   -51   -51   -51   -51
        -51   -51   -51   -51   -51   -51   -51   -51   -51   -51   -51   -51   -51
  69   1000   988   952   895   818   726   624   519   422   340   270   206   150   101    61    30     6   -10   -22   -29
        -32   -34   -33   -30   -27   -23   -20   -16   -12    -9    -6    -2     1     4     7     8     9    10     9     9
          8     8     7     6     6     5     5     4     4     3   -36   -36   -36   -36   -36   -36   -36   -36   -36   -36
        -36   -36   -36   -36   -36   -36   -36   -36   -36   -36   -36   -36
  70   1000   988   952   893   815   721   619   521   435   358   285   218   159   108    67    35    11    -5   -16   -22
        -25   -25   -23   -20   -16   -13    -9    -6    -3     0     2     4     6     8     9     9     9     9     8     8
          7     6     6     5     5     4     4     3     3   -16   -16   -16   -16   -16   -16   -16   -16   -16   -16   -16
        -16   -16   -16   -16   -16   -16   -16   -16   -16   -16   -16
  71   1000   988   951   890   810   716   621   535   454   374   298   228   167   116    74    42    19     3    -5   -10
        -11   -10    -8    -5    -2     0     3     5     7     9     9    10     9     9     9     8     8     7     7     6
          6     5     5     4     4     3     3     3    10    10    10    10    10    10    10    10    10    10    10    10
         10    10    10    10    10    10    10    10    10    10
  72   1000   987   949   887   806   720   637   556   472   389   309   238   176   125    85    54    33    19    12     9
          8     9    10    13    15    17    19    19    19    17    14    12    10     8     7     6     6     5     5     4
          4     4     3     3     3     2     2    48    48    48    48    48    48    48    48    48    48    48    48    48
         48    48    48    48    48    48    48    48    48
  73   1000   987   947   886   813   738   659   575   487   400   320   249   188   139   101    73    56    46    40    36
         36    35    37    37    38    38    37    33    27    21    16    11     8     6     5     4     3     3     3     3
          2     2     2     2     2     2   100   100   100   100   100   100   100   100   100   100   100   100   100   100
        100   100   100   100   100   100   100   100
  74   1000   987   948   893   830   759   677   588   497   411   332   263   206   160   126   104    91    82    75    72
         69    69    67    65    64    60    51    41    30    20    12     7     4     2     1     1     1     1     1     1
          1     1     1     1     1   167   167   167   167   167   167   167   167   167   167   167   167   167   167   167
        167   167   167   167   167   167   167
  75   1000   987   953   907   846   771   684   594   504   421   345   281   229   189   162   144   132   121   115   109
        105   101    96    92    85    71    55    39    25    14     6     2     0     0    -1    -1    -1     0     0     0
          0     0     0     0   239   239   239   239   239   239   239   239   239   239   239   239   239   239   239   239
        239   239   239   239   239   239
  76   1000   989   960   914   849   770   684   595   510   431   362   303   258   225   203   186   169   159   149   142
        134   126   119   109    90    69    48    30    15     5     0    -2    -3    -3    -3    -3    -3    -2    -2    -1
         -1    -1     0   308   308   308   308   308   308   308   308   308   308   308   308   308   308   308   308   308
        308   308   308   308   308
  77   1000   990   960   910   842   764   681   597   516   443   378   326   286   257   233   210   195   179   168   157
        145   136   123   101    77    52    32    15     3    -2    -4    -6    -6    -5    -5    -4    -4    -3    -3    -2
         -2    -1   351   351   351   351   351   351   351   351   351   351   351   351   351   351   351   351   351   351
        351   351   351   351
  78   1000   989   957   905   839   763   683   601   524   452   391   340   300   267   235   213   191   175   160   145
        134   120    98    73    49    28    12     1    -4    -6    -7    -7    -6    -5    -5    -4    -3    -3    -2    -2
         -1   347   347   347   347   347   347   347   347   347   347   347   347   347   347   347   347   347   347   347
        347   347   347
  79   1000   989   956   905   841   767   687   607   529   457   394   341   295   253   221   192   170   151   133   120
        105    84    61    40    22     7    -1    -5    -7    -7    -7    -6    -5    -5    -4    -3    -3    -2    -2    -1
        309   309   309   309   309   309   309   309   309   309   309   309   309   309   309   309   309   309   309   309
        309   309
  80   1000   989   957   908   844   770   690   608   528   454   387   329   276   233   196   167   142   120   105    89
         69    48    29    14     2    -4    -8    -9    -8    -8    -7    -6    -5    -4    -3    -3    -2    -2    -1   263
        263   263   263   263   263   263   263   263   263   263   263   263   263   263   263   263   263   263   263   263
        263
  81   1000   989   958   910   846   771   690   605   522   444   374   311   257   211   173   142   115    95    77    57
         37    20     7    -2    -8   -10   -11   -10    -9    -7    -6    -5    -4    -4    -3    -2    -2    -1   222   222
        222   222   222   222   222   222   222   222   222   222   222   222   222   222   222   222   222   222   222   222
  82   1000   989   959   910   846   770   686   599   514   434   362   298   243   196   157   123    98    76    53    33
         15     2    -7   -12   -14   -14   -12   -11    -9    -8    -7    -6    -5    -4    -3    -3    -2   200   200   200
        200   200   200   200   200   200   200   200   200   200   200   200   200   200   200   200   200   200   200
  83   1000   990   959   909   844   766   680   591   505   426   353   289   233   185   144   111    83    57    33    14
          0   -10   -15   -17   -17   -16   -14   -12   -10    -9    -7    -6    -5    -4    -4    -3   189   189   189   189
        189   189   189   189   189   189   189   189   189   189   189   189   189   189   189   189   189   189
  84   1000   989   958   908   841   761   673   585   502   423   350   285   228   178   138   103    70    41    17     0
        -11   -18   -21   -21   -19   -18   -15   -14   -12   -10    -9    -8    -6    -5    -5   193   193   193   193   193
        193   193   193   193   193   193   193   193   193   193   193   193   193   193   193   193   193
  85   1000   989   957   905   836   755   669   585   501   423   350   284   225   176   132    92    56    26     4   -10
        -19   -24   -25   -24   -22   -20   -17   -15   -14   -12   -10    -9    -8    -7   206   206   206   206   206   206
        206   206   206   206   206   206   206   206   206   206   206   206   206   206   206   206
  86   1000   989   956   903   833   754   674   590   508   429   356   288   229   176   126    81    43    14    -6   -19
        -25   -28   -28   -26   -24   -22   -20   -18   -16   -14   -12   -11    -9   235   235   235   235   235   235   235
        235   235   235   235   235   235   235   235   235   235   235   235   235   235   235
  87   1000   989   955   901   834   761   681   599   517   438   362   294   231   171   115    68    30     2   -15   -25
        -30   -32   -31   -29   -27   -25   -22   -20   -18   -16   -14   -12   272   272   272   272   272   272   272   272
        272   272   272   272   272   272   272   272   272   272   272   272   272   272
  88   1000   988   954   903   842   770   692   611   528   447   371   299   227   160   101    54    17    -7   -22   -30
        -34   -35   -34   -32   -30   -28   -25   -22   -20   -18   -15   319   319   319   319   319   319   319   319   319
        319   319   319   319   319   319   319   319   319   319   319   319   319
  89   1000   989   957   911   851   782   705   623   539   458   377   295   216   144    85    39     6   -15   -27   -34
        -37   -38   -37   -35   -33   -30   -27   -24   -22   -19   376   376   376   376   376   376   376   376   376   376
        376   376   376   376   376   376   376   376   376   376   376   376
  90   1000   990   962   917   860   791   714   630   546   460   369   279   196   125    67    25    -2   -20   -31   -37
        -40   -40   -39   -37   -35   -32   -29   -26   -22   432   432   432   432   432   432   432   432   432   432   432
        432   432   432   432   432   432   432   432   432   432   432
  91   1000   991   964   921   863   794   715   632   543   446   347   253   171   103    52    16    -7   -23   -33   -39
        -41   -41   -40   -38   -36   -33   -29   -26   474   474   474   474   474   474   474   474   474   474   474   474
        474   474   474   474   474   474   474   474   474   474
  92   1000   991   964   921   862   791   711   623   524   419   317   226   149    88    43    12    -9   -24   -34   -39
        -42   -42   -41   -39   -36   -33   -29   487   487   487   487   487   487   487   487   487   487   487   487   487
        487   487   487   487   487   487   487   487   487
  93   1000   991   964   920   859   788   703   605   498   390   290   204   133    80    39    10   -10   -24   -34   -39
        -42   -42   -41   -38   -35   -32   501   501   501   501   501   501   501   501   501   501   501   501   501   501
        501   501   501   501   501   501   501   501
  94   1000   991   963   917   856   780   686   580   470   365   270   190   127    78    40    11    -9   -23   -33   -38
        -41   -41   -40   -37   -34   496   496   496   496   496   496   496   496   496   496   496   496   496   496   496
        496   496   496   496   496   496   496
  95   1000   990   962   915   851   766   665   555   446   345   257   185   126    79    42    13    -7   -21   -31   -37
        -39   -39   -38   -35   491   491   491   491   491   491   491   491   491   491   491   491   491   491   491   491
        491   491   491   491   491   491
  96   1000   990   961   911   839   748   643   535   430   336   255   186   129    83    46    17    -3   -18   -28   -34
        -37   -37   -35   473   473   473   473   473   473   473   473   473   473   473   473   473   473   473   473   473
        473   473   473   473   473
  97   1000   990   959   904   826   731   627   523   424   336   259   192   136    89    51    22     0   -14   -25   -30
        -33   -33   446   446   446   446   446   446   446   446   446   446   446   446   446   446   446   446   446   446
        446   446   446   446
  98   1000   989   954   894   812   717   616   518   425   341   266   199   142    95    57    27     5   -10   -20   -26
        -29   421   421   421   421   421   421   421   421   421   421   421   421   421   421   421   421   421   421   421
        421   421   421
  99   1000   987   948   885   804   711   616   523   434   351   276   209   151   103    64    34    11    -4   -14   -21
        381   381   381   381   381   381   381   381   381   381   381   381   381   381   381   381   381   381   381   381
        381   381
 100   1000   986   946   884   806   719   629   538   450   366   290   221   162   113    73    42    18     2    -8   315
        315   315   315   315   315   315   315   315   315   315   315   315   315   315   315   315   315   315   315   315
        315
 101   1000   986   947   888   814   732   644   554   466   381   303   233   173   123    82    50    26     9   239   239
        239   239   239   239   239   239   239   239   239   239   239   239   239   239   239   239   239   239   239   239
 102   1000   987   950   895   825   745   658   568   479   393   314   244   183   132    91    58    34   163   163   163
        163   163   163   163   163   163   163   163   163   163   163   163   163   163   163   163   163   163   163
 103   1000   988   953   901   833   754   668   578   488   402   323   253   191   140    99    66    98    98    98    98
         98    98    98    98    98    98    98    98    98    98    98    98    98    98    98    98    98    98
 104   1000   989   956   905   838   760   674   584   495   409   330   260   199   147   106    45    45    45    45    45
         45    45    45    45    45    45    45    45    45    45    45    45    45    45    45    45    45
 105   1000   989   957   907   841   763   677   588   499   414   336   266   205   154     9     9     9     9     9     9
          9     9     9     9     9     9     9     9     9     9     9     9     9     9     9     9
 106   1000   989   958   908   842   765   680   591   503   419   341   271   210   -11   -11   -11   -11   -11   -11   -11
        -11   -11   -11   -11   -11   -11   -11   -11   -11   -11   -11   -11   -11   -11   -11
 107   1000   989   958   909   844   767   682   594   507   423   345   275   -21   -21   -21   -21   -21   -21   -21   -21
        -21   -21   -21   -21   -21   -21   -21   -21   -21   -21   -21   -21   -21   -21
 108   1000   989   959   909   845   768   684   597   510   426   349   -26   -26   -26   -26   -26   -26   -26   -26   -26
        -26   -26   -26   -26   -26   -26   -26   -26   -26   -26   -26   -26   -26
 109   1000   990   959   910   846   770   686   600   513   430   -27   -27   -27   -27   -27   -27   -27   -27   -27   -27
        -27   -27   -27   -27   -27   -27   -27   -27   -27   -27   -27   -27
 110   1000   990   959   910   847   771   688   602   516   -26   -26   -26   -26   -26   -26   -26   -26   -26   -26   -26
        -26   -26   -26   -26   -26   -26   -26   -26   -26   -26   -26
 111   1000   990   959   911   848   773   690   604   -25   -25   -25   -25   -25   -25   -25   -25   -25   -25   -25   -25
        -25   -25   -25   -25   -25   -25   -25   -25   -25   -25
 112   1000   990   960   912   848   774   692   -23   -23   -23   -23   -23   -23   -23   -23   -23   -23   -23   -23   -23
        -23   -23   -23   -23   -23   -23   -23   -23   -23
 113   1000   990   960   912   849   775   -21   -21   -21   -21   -21   -21   -21   -21   -21   -21   -21   -21   -21   -21
        -21   -21   -21   -21   -21   -21   -21   -21
 114   1000   990   960   913   850   -19   -19   -19   -19   -19   -19   -19   -19   -19   -19   -19   -19   -19   -19   -19
        -19   -19   -19   -19   -19   -19   -19
 115   1000   990   960   913   -17   -17   -17   -17   -17   -17   -17   -17   -17   -17   -17   -17   -17   -17   -17   -17
        -17   -17   -17   -17   -17   -17
 116   1000   990   960   -15   -15   -15   -15   -15   -15   -15   -15   -15   -15   -15   -15   -15   -15   -15   -15   -15
        -15   -15   -15   -15   -15
 117   1000   990   -13   -13   -13   -13   -13   -13   -13   -13   -13   -13   -13   -13   -13   -13   -13   -13   -13   -13
        -13   -13   -13   -13
 118   1000   -11   -11   -11   -11   -11   -11   -11   -11   -11   -11   -11   -11   -11   -11   -11   -11   -11   -11   -11
        -11   -11   -11
 119   1000  1000  1000  1000  1000  1000  1000  1000  1000  1000  1000  1000  1000  1000  1000  1000  1000  1000  1000  1000
       1000  1000
 120   1000  1000  1000  1000  1000  1000  1000  1000  1000  1000  1000  1000  1000  1000  1000  1000  1000  1000  1000  1000
       1000
 121   1000  1000  1000  1000  1000  1000  1000  1000  1000  1000  1000  1000  1000  1000  1000  1000  1000  1000  1000  1000
 122   1000  1000  1000  1000  1000  1000  1000  1000  1000  1000  1000  1000  1000  1000  1000  1000  1000  1000  1000
 123   1000  1000  1000  1000  1000  1000  1000  1000  1000  1000  1000  1000  1000  1000  1000  1000  1000  1000
 124   1000  1000  1000  1000  1000  1000  1000  1000  1000  1000  1000  1000  1000  1000  1000  1000  1000
 125   1000  1000  1000  1000  1000  1000  1000  1000  1000  1000  1000  1000  1000  1000  1000  1000
 126   1000  1000  1000  1000  1000  1000  1000  1000  1000  1000  1000  1000  1000  1000  1000
 127   1000  1000  1000  1000  1000  1000  1000  1000  1000  1000  1000  1000  1000  1000
 128   1000  1000  1000  1000  1000  1000  1000  1000  1000  1000  1000  1000  1000
 129   1000  1000  1000  1000  1000  1000  1000  1000  1000  1000  1000  1000
 130   1000  1000  1000  1000  1000  1000  1000  1000  1000  1000  1000
 131   1000  1000  1000  1000  1000  1000  1000  1000  1000  1000
 132   1000  1000  1000  1000  1000  1000  1000  1000  1000
 133   1000  1000  1000  1000  1000  1000  1000  1000
 134   1000  1000  1000  1000  1000  1000  1000
 135   1000  1000  1000  1000  1000  1000
 136   1000  1000  1000  1000  1000
 137   1000  1000  1000  1000
 138   1000  1000  1000
 139   1000  1000
 140   1000

 Finished!
