88" 33MeV Deuteron breakup on Ta, Clean Beam
  140    7    1    0    1
   0.00500  10.00000   0.00500   0.00100
   1.0000000   0   0 7.86600000E+03   1.0000000
AL27P    2.293E-20 0.030       0.00       0.00        (    )
AL27A    1.983E-20 0.017       0.00       0.00        (    )
NI582    3.740E-21 0.014       0.00       0.00        (    )
IN115N   8.790E-20 0.013       0.00       0.00        (    )
AU1972   2.814E-19 0.019       0.00       0.00        (    )
AU197G   5.114E-20 0.028       0.00 AUNG  3.70 BFX    (BEAM)
IN115G   9.318E-20 0.013       0.00 INNG 40.20 BFX    (BEAM)
Flux Uncertainty From MCNP Calculations
 140
 9.4900E-02 6.7000E-02 4.4800E-02 2.7400E-02 1.5400E-02 9.2000E-03 7.5000E-03
 7.2000E-03 7.5000E-03 8.4000E-03 1.0700E-02 1.5900E-02 2.4600E-02 3.6700E-02
 5.0700E-02 6.5300E-02 7.8700E-02 9.1300E-02 1.0490E-01 1.2250E-01 1.4700E-01
 1.7960E-01 2.1900E-01 2.6350E-01 3.1110E-01 3.6030E-01 4.1030E-01 4.6000E-01
 5.0880E-01 5.5640E-01 6.0220E-01 6.4560E-01 6.8590E-01 7.2240E-01 7.5420E-01
 7.8040E-01 8.0110E-01 8.1550E-01 8.2420E-01 8.2750E-01 8.2620E-01 8.2070E-01
 8.1210E-01 8.0110E-01 7.8830E-01 7.7430E-01 7.5850E-01 7.4170E-01 7.2320E-01
 7.0320E-01 6.8070E-01 6.5550E-01 6.2790E-01 5.9690E-01 5.6270E-01 5.2560E-01
 4.8580E-01 4.4430E-01 4.0200E-01 3.6040E-01 3.2060E-01 2.8380E-01 2.5130E-01
 2.2330E-01 2.0030E-01 1.8160E-01 1.6700E-01 1.5500E-01 1.4460E-01 1.3460E-01
 1.2370E-01 1.1090E-01 9.6200E-02 7.9900E-02 6.3400E-02 4.8100E-02 3.5400E-02
 2.6000E-02 2.0200E-02 1.7200E-02 1.5400E-02 1.4500E-02 1.3700E-02 1.2800E-02
 1.2100E-02 1.1100E-02 9.9000E-03 9.0000E-03 8.1000E-03 7.4000E-03 7.0000E-03
 6.8000E-03 6.7000E-03 6.8000E-03 6.8000E-03 7.0000E-03 7.2000E-03 7.3000E-03
 7.5000E-03 7.8000E-03 9.2000E-03 1.4200E-02 2.5400E-02 4.3400E-02 6.8600E-02
 1.0250E-01 1.4550E-01 1.9870E-01 2.6180E-01 3.3320E-01 4.0940E-01 4.8590E-01
 5.5890E-01 6.2460E-01 6.8160E-01 7.3020E-01 7.7010E-01 8.0280E-01 8.2960E-01
 8.5130E-01 8.6910E-01 8.8370E-01 8.9550E-01 9.0570E-01 9.1350E-01 9.2040E-01
 9.2590E-01 9.3060E-01 9.3470E-01 9.3790E-01 9.4120E-01 9.4420E-01 9.4750E-01
 9.5090E-01 9.5460E-01 9.5850E-01 9.6280E-01 9.6710E-01 9.7150E-01 9.7610E-01
 Input Flux Spectrum from MCNP Simulation
 140   0 4.060E+09 2.000E+01 5.000E-08
 9.3234E-10 1.8369E-09 5.6060E-09 1.0807E-08 1.5422E-08 1.8375E-08 1.9586E-08
 1.9919E-08 2.0308E-08 2.0631E-08 2.0095E-08 1.7780E-08 1.3569E-08 8.6327E-09
 4.5571E-09 2.0447E-09 1.3260E-09 1.0047E-09 8.2685E-10 6.9424E-10 5.6398E-10
 4.4101E-10 3.4189E-10 2.7246E-10 2.3713E-10 2.7549E-10 3.0828E-10 3.4353E-10
 3.8558E-10 4.3778E-10 5.0264E-10 5.8463E-10 6.8834E-10 8.2235E-10 9.9754E-10
 1.2285E-09 1.5311E-09 1.9247E-09 2.4250E-09 3.0428E-09 5.0892E-09 7.9717E-09
 1.0876E-08 1.3700E-08 1.6357E-08 1.8791E-08 2.1011E-08 2.3005E-08 2.4929E-08
 2.6953E-08 2.9329E-08 3.2398E-08 3.6586E-08 4.2537E-08 5.1109E-08 6.3615E-08
 8.1884E-08 1.0855E-07 1.4705E-07 2.0164E-07 2.7660E-07 3.7533E-07 4.9799E-07
 6.3925E-07 7.8669E-07 9.2156E-07 1.0224E-06 1.0715E-06 1.0625E-06 1.0039E-06
 9.1576E-07 8.2438E-07 7.5389E-07 7.2286E-07 7.4335E-07 8.2308E-07 9.6717E-07
 1.1775E-06 1.4542E-06 1.7950E-06 2.2014E-06 2.6784E-06 3.2294E-06 3.8467E-06
 4.5047E-06 5.1545E-06 5.7284E-06 6.1563E-06 6.3791E-06 6.3685E-06 6.1308E-06
 5.7042E-06 5.1443E-06 4.5012E-06 3.8187E-06 3.1320E-06 2.4741E-06 1.8801E-06
 1.3787E-06 9.8539E-07 6.9643E-07 4.9352E-07 3.4975E-07 2.3855E-07 1.4126E-07
 4.9049E-08 4.0433E-09 1.0473E-09 3.7017E-10 1.7472E-10 1.0699E-10 8.1993E-11
 7.5663E-11 8.0818E-11 9.6291E-11 1.2384E-10 1.6713E-10 2.3148E-10 3.2310E-10
 4.4887E-10 6.1485E-10 8.2589E-10 1.0847E-09 1.3916E-09 1.7457E-09 2.1445E-09
 2.5867E-09 3.0707E-09 3.5988E-09 4.1759E-09 4.8101E-09 5.5123E-09 6.2975E-09
 7.1828E-09 8.1879E-09 9.3320E-09 1.0636E-08 1.2115E-08 1.3782E-08 1.5639E-08
   17   15    9    9    9   10    7   14   14   36



                         ==============================
                               STAYSL PNNL OUTPUT
                         ==============================

 STAYSL PNNL, version 1.2.0, 2015-08-05


 SCENARIO TITLE: 88" 33MeV Deuteron breakup on Ta, Clean Beam
 -------------------------------------------------------------------------------
  NGROUP =   140    NRXN =     7    ACTIVITY NORM = 1.00000E+00

  COVARIANCE PARAMETERS (FCHN, FCVX, ACVX, FS)
    FLUXES:      WIDTH =  1.0000E+01   LONG RANGE COVAR. =  5.0000E-03
            ACTIVITIES =  5.0000E-03   X-SECT CROSS COR. =  1.0000E-03

    DETERM =   4.4328 × 10^   6.00      ERROR =  -2.6434E-17

  INPUT NORMALIZATION DATA
    AK1   =     1.00000     VAK        =     0.00003
    NORML =           0     RENORM     = 1.00000E+00
    CHI²  =     1.76009     NORM. CHI² =     0.29335

  DOSIMETRY ACTIVITIES
     ———— INPUTS —————  -UNADJUSTED FLUX-  — ADJUSTED FLUX —    CHI²  90% ACTIVITIES RANGE
 RXN  MEASURED     ±%   ACTIVITY    %DIFF  ACTIVITY    %DIFF  CONTRIB --LOW E-- --HIGH E--   REACTION          CVR
  1  2.293E-20    3.00  2.219E-20   -3.23  2.219E-20   -3.23    0.875  5.50E+00  1.60E+01  AL27(N,P)MG27           
  2  1.983E-20    1.70  1.989E-20    0.30  1.989E-20    0.31    0.035  7.40E+00  1.70E+01  AL27(N,A)NA24           
  3  3.740E-21    1.40  3.743E-21    0.09  3.744E-21    0.10    0.003  1.30E+01  2.20E+01  NI58(N,2N)NI57          
  4  8.790E-20    1.30  8.876E-20    0.98  8.876E-20    0.98    0.155  2.00E+00  1.30E+01  IN115(N,N')IN115M       
  5  2.814E-19    1.90  2.813E-19   -0.05  2.813E-19   -0.04    0.000  9.00E+00  1.80E+01  AU197(N,2N)AU196        
  6  5.114E-20    2.80  5.209E-20    1.85  5.205E-20    1.78    0.402  1.00E-09  1.00E+00  AU197(N,G)AU198         
  7  9.318E-20    1.30  9.237E-20   -0.87  9.239E-20   -0.85    0.290  1.00E-08  1.00E+00  IN115(N,G)IN116M        

             % STD. DEV.  =          1.62               1.60

                              CHECK INPUT, IT IS RATHER UNLIKELY !
                                   *** BEWARE OF OUTPUT ! ***


  DIFFERENTIAL FLUXES (input is normalized by a factor of 1.0000E+00)
                  —————— DIFFERENTIAL FLUX —————   ———— STD. DEV. % ————   INTEGRAL
 GRP    ENERGY        NEW         OLD      RATIO    NEW     OLD    RATIO   FLUX > E     ± %
   1  1.0000E-10  4.1972E+09  4.2059E+09   0.998    8.69    9.50   0.915  4.1630E+05    1.65
   2  1.0000E-09  8.2791E+08  8.2865E+08   0.999    6.04    6.72   0.899  4.1629E+05    1.65
   3  1.0000E-08  1.7506E+09  1.7508E+09   1.000    3.97    4.51   0.882  4.1628E+05    1.65
   4  2.3000E-08  1.6254E+09  1.6251E+09   1.000    2.40    2.79   0.863  4.1626E+05    1.65
   5  5.0000E-08  2.4090E+09  2.4082E+09   1.000    1.37    1.62   0.845  4.1622E+05    1.65
   6  7.6000E-08  1.9135E+09  1.9129E+09   1.000    0.87    1.05   0.834  4.1616E+05    1.65
   7  1.1500E-07  1.4463E+09  1.4458E+09   1.000    0.75    0.90   0.829  4.1608E+05    1.65
   8  1.7000E-07  9.5178E+08  9.5143E+08   1.000    0.72    0.88   0.825  4.1600E+05    1.65
   9  2.5500E-07  6.5985E+08  6.5960E+08   1.000    0.74    0.90   0.822  4.1592E+05    1.65
  10  3.8000E-07  4.9290E+08  4.9272E+08   1.000    0.80    0.98   0.820  4.1584E+05    1.65
  11  5.5000E-07  2.8143E+08  2.8133E+08   1.000    0.97    1.18   0.820  4.1575E+05    1.65
  12  8.4000E-07  1.6600E+08  1.6595E+08   1.000    1.38    1.67   0.828  4.1567E+05    1.65
  13  1.2750E-06  8.8153E+07  8.8144E+07   1.000    2.11    2.51   0.841  4.1560E+05    1.65
  14  1.9000E-06  3.8927E+07  3.8943E+07   1.000    3.17    3.70   0.857  4.1554E+05    1.65
  15  2.8000E-06  1.2743E+07  1.2760E+07   0.999    4.45    5.09   0.873  4.1551E+05    1.65
  16  4.2500E-06  4.0387E+06  4.0495E+06   0.997    5.82    6.55   0.889  4.1549E+05    1.65
  17  6.3000E-06  1.8486E+06  1.8564E+06   0.996    7.13    7.89   0.905  4.1548E+05    1.65
  18  9.2000E-06  9.4300E+05  9.4862E+05   0.994    8.41    9.14   0.919  4.1548E+05    1.66
  19  1.3500E-05  4.4412E+05  4.4760E+05   0.992    9.80   10.50   0.933  4.1547E+05    1.66
  20  2.1000E-05  3.1008E+05  3.1318E+05   0.990   11.58   12.26   0.945  4.1547E+05    1.66
  21  3.0000E-05  1.5074E+05  1.5265E+05   0.987   14.05   14.71   0.955  4.1547E+05    1.66
  22  4.5000E-05  7.3434E+04  7.4604E+04   0.984   17.32   17.97   0.964  4.1547E+05    1.66
  23  6.9000E-05  4.3919E+04  4.4777E+04   0.981   21.27   21.91   0.971  4.1546E+05    1.66
  24  1.0000E-04  3.0888E+04  3.1605E+04   0.977   25.75   26.35   0.977  4.1546E+05    1.66
  25  1.3500E-04  2.6792E+04  2.7507E+04   0.974   30.54   31.11   0.981  4.1546E+05    1.66
  26  1.7000E-04  2.1722E+04  2.2370E+04   0.971   35.49   36.03   0.985  4.1546E+05    1.66
  27  2.2000E-04  2.0202E+04  2.0860E+04   0.968   40.51   41.03   0.987  4.1546E+05    1.66
  28  2.8000E-04  1.6846E+04  1.7434E+04   0.966   45.50   46.00   0.989  4.1546E+05    1.66
  29  3.6000E-04  1.6774E+04  1.7394E+04   0.964   50.39   50.88   0.990  4.1546E+05    1.66
  30  4.5000E-04  1.3689E+04  1.4219E+04   0.963   55.14   55.64   0.991  4.1546E+05    1.66
  31  5.7500E-04  1.0604E+04  1.1031E+04   0.961   59.70   60.22   0.991  4.1545E+05    1.66
  32  7.6000E-04  1.1394E+04  1.1868E+04   0.960   64.00   64.56   0.991  4.1545E+05    1.66
  33  9.6000E-04  8.5080E+03  8.8719E+03   0.959   67.97   68.59   0.991  4.1545E+05    1.66
  34  1.2750E-03  9.8432E+03  1.0273E+04   0.958   71.55   72.24   0.990  4.1545E+05    1.66
  35  1.6000E-03  9.6960E+03  1.0125E+04   0.958   74.63   75.42   0.990  4.1544E+05    1.66
  36  2.0000E-03  6.8221E+03  7.1253E+03   0.957   77.14   78.04   0.988  4.1544E+05    1.66
  37  2.7000E-03  8.5039E+03  8.8804E+03   0.958   79.07   80.11   0.987  4.1543E+05    1.66
  38  3.4000E-03  6.8066E+03  7.1039E+03   0.958   80.36   81.55   0.985  4.1543E+05    1.66
  39  4.5000E-03  9.4419E+03  9.8455E+03   0.959   81.06   82.42   0.984  4.1542E+05    1.66
  40  5.5000E-03  6.9771E+03  7.2669E+03   0.960   81.22   82.75   0.981  4.1541E+05    1.66
  41  7.2000E-03  9.9325E+03  1.0331E+04   0.961   80.91   82.62   0.979  4.1540E+05    1.66
  42  9.2000E-03  1.1129E+04  1.1559E+04   0.963   80.18   82.07   0.977  4.1538E+05    1.66
  43  1.2000E-02  1.4193E+04  1.4719E+04   0.964   79.15   81.21   0.975  4.1535E+05    1.66
  44  1.5000E-02  1.3429E+04  1.3906E+04   0.966   77.89   80.11   0.972  4.1531E+05    1.66
  45  1.9000E-02  9.8804E+03  1.0217E+04   0.967   76.45   78.83   0.970  4.1525E+05    1.66
  46  2.5500E-02  1.1366E+04  1.1737E+04   0.968   74.90   77.43   0.967  4.1519E+05    1.66
  47  3.2000E-02  1.0339E+04  1.0663E+04   0.970   73.18   75.85   0.965  4.1511E+05    1.66
  48  4.0000E-02  7.2543E+03  7.4720E+03   0.971   71.37   74.17   0.962  4.1503E+05    1.66
  49  5.2500E-02  7.2885E+03  7.4972E+03   0.972   69.39   72.32   0.959  4.1494E+05    1.66
  50  6.6000E-02  4.8428E+03  4.9741E+03   0.974   67.25   70.32   0.956  4.1484E+05    1.66
  51  8.8000E-02  5.2787E+03  5.4125E+03   0.975   64.87   68.07   0.953  4.1474E+05    1.66
  52  1.1000E-01  5.1417E+03  5.2614E+03   0.977   62.21   65.55   0.949  4.1462E+05    1.66
  53  1.3500E-01  5.8200E+03  5.9416E+03   0.980   59.31   62.79   0.945  4.1449E+05    1.65
  54  1.6000E-01  5.6542E+03  5.7567E+03   0.982   56.07   59.69   0.939  4.1435E+05    1.65
  55  1.9000E-01  6.8144E+03  6.9168E+03   0.985   52.52   56.27   0.933  4.1418E+05    1.65
  56  2.2000E-01  7.2940E+03  7.3793E+03   0.988   48.70   52.56   0.926  4.1397E+05    1.64
  57  2.5500E-01  9.4205E+03  9.4985E+03   0.992   44.64   48.58   0.919  4.1372E+05    1.63
  58  2.9000E-01  1.4618E+04  1.4690E+04   0.995   40.46   44.43   0.911  4.1339E+05    1.62
  59  3.2000E-01  1.4898E+04  1.4926E+04   0.998   36.25   40.20   0.902  4.1295E+05    1.61
  60  3.6000E-01  2.0483E+04  2.0466E+04   1.001   32.17   36.04   0.893  4.1235E+05    1.59
  61  4.0000E-01  2.2527E+04  2.2460E+04   1.003   28.33   32.06   0.884  4.1153E+05    1.56
  62  4.5000E-01  3.0616E+04  3.0477E+04   1.005   24.84   28.38   0.875  4.1041E+05    1.52
  63  5.0000E-01  4.0666E+04  4.0437E+04   1.006   21.82   25.13   0.868  4.0888E+05    1.47
  64  5.5000E-01  5.2233E+04  5.1907E+04   1.006   19.26   22.34   0.862  4.0684E+05    1.42
  65  6.0000E-01  5.3579E+04  5.3233E+04   1.007   17.21   20.04   0.859  4.0423E+05    1.35
  66  6.6000E-01  6.2761E+04  6.2359E+04   1.006   15.58   18.17   0.857  4.0102E+05    1.27
  67  7.2000E-01  6.9608E+04  6.9182E+04   1.006   14.35   16.71   0.859  3.9725E+05    1.19
  68  7.8000E-01  7.2913E+04  7.2505E+04   1.006   13.38   15.51   0.863  3.9307E+05    1.11
  69  8.4000E-01  5.4187E+04  5.3922E+04   1.005   12.56   14.47   0.868  3.8870E+05    1.03
  70  9.2000E-01  5.1154E+04  5.0948E+04   1.004   11.79   13.47   0.876  3.8436E+05    0.96
  71  1.0000E+00  1.8646E+04  1.8590E+04   1.003   10.94   12.38   0.884  3.8027E+05    0.91
  72  1.2000E+00  1.6768E+04  1.6735E+04   1.002    9.91   11.10   0.892  3.7654E+05    0.86
  73  1.4000E+00  1.5319E+04  1.5304E+04   1.001    8.68    9.63   0.901  3.7319E+05    0.83
  74  1.6000E+00  1.4677E+04  1.4674E+04   1.000    7.27    8.01   0.908  3.7013E+05    0.81
  75  1.8000E+00  1.5085E+04  1.5090E+04   1.000    5.81    6.36   0.913  3.6719E+05    0.79
  76  2.0000E+00  1.1133E+04  1.1139E+04   0.999    4.43    4.84   0.917  3.6417E+05    0.78
  77  2.3000E+00  1.3081E+04  1.3089E+04   0.999    3.28    3.58   0.918  3.6083E+05    0.77
  78  2.6000E+00  1.5926E+04  1.5936E+04   0.999    2.43    2.65   0.916  3.5691E+05    0.76
  79  2.9000E+00  1.4753E+04  1.4760E+04   0.999    1.90    2.08   0.913  3.5213E+05    0.76
  80  3.3000E+00  1.8211E+04  1.8219E+04   1.000    1.63    1.79   0.909  3.4623E+05    0.75
  81  3.7000E+00  2.2335E+04  2.2344E+04   1.000    1.46    1.62   0.904  3.3895E+05    0.75
  82  4.1000E+00  2.7175E+04  2.7186E+04   1.000    1.38    1.53   0.899  3.3001E+05    0.74
  83  4.5000E+00  2.6214E+04  2.6223E+04   1.000    1.30    1.46   0.892  3.1914E+05    0.73
  84  5.0000E+00  3.1226E+04  3.1235E+04   1.000    1.22    1.37   0.885  3.0603E+05    0.73
  85  5.5000E+00  3.6570E+04  3.6578E+04   1.000    1.15    1.31   0.876  2.9042E+05    0.72
  86  6.0000E+00  2.9892E+04  2.9896E+04   1.000    1.05    1.22   0.866  2.7214E+05    0.71
  87  6.7000E+00  3.3222E+04  3.3225E+04   1.000    0.95    1.11   0.855  2.5121E+05    0.70
  88  7.4000E+00  3.1243E+04  3.1243E+04   1.000    0.87    1.03   0.844  2.2796E+05    0.69
  89  8.2000E+00  3.2375E+04  3.2374E+04   1.000    0.79    0.95   0.833  2.0296E+05    0.69
  90  9.0000E+00  2.5858E+04  2.5856E+04   1.000    0.74    0.89   0.824  1.7706E+05    0.70
  91  1.0000E+01  2.4893E+04  2.4891E+04   1.000    0.70    0.86   0.818  1.5120E+05    0.72
  92  1.1000E+01  2.3161E+04  2.3159E+04   1.000    0.69    0.84   0.813  1.2631E+05    0.75
  93  1.2000E+01  2.0888E+04  2.0886E+04   1.000    0.68    0.84   0.810  1.0315E+05    0.80
  94  1.3000E+01  1.8277E+04  1.8275E+04   1.000    0.68    0.84   0.809  8.2263E+04    0.87
  95  1.4000E+01  1.5506E+04  1.5504E+04   1.000    0.68    0.84   0.810  6.3986E+04    0.98
  96  1.5000E+01  1.2717E+04  1.2716E+04   1.000    0.70    0.86   0.813  4.8480E+04    1.15
  97  1.6000E+01  1.0046E+04  1.0045E+04   1.000    0.72    0.88   0.818  3.5763E+04    1.42
  98  1.7000E+01  7.6338E+03  7.6332E+03   1.000    0.73    0.88   0.825  2.5717E+04    1.83
  99  1.8000E+01  5.5979E+03  5.5975E+03   1.000    0.75    0.90   0.834  1.8084E+04    2.46
 100  1.9000E+01  4.0009E+03  4.0007E+03   1.000    0.78    0.93   0.844  1.2486E+04    3.43
 101  2.0000E+01  2.8276E+03  2.8275E+03   1.000    0.90    1.05   0.858  8.4848E+03    4.92
 102  2.1000E+01  2.0036E+03  2.0037E+03   1.000    1.33    1.51   0.882  5.6572E+03    7.24
 103  2.2000E+01  1.4196E+03  1.4200E+03   1.000    2.35    2.59   0.908  3.6536E+03   10.99
 104  2.3000E+01  9.6800E+02  9.6851E+02   0.999    4.05    4.37   0.926  2.2340E+03   17.59
 105  2.4000E+01  5.7300E+02  5.7352E+02   0.999    6.47    6.88   0.941  1.2660E+03   30.49
 106  2.5000E+01  1.9887E+02  1.9914E+02   0.999    9.77   10.26   0.952  6.9300E+02   55.24
 107  2.6000E+01  1.6386E+01  1.6416E+01   0.998   14.01   14.56   0.962  4.9413E+02   77.39
 108  2.7000E+01  4.2422E+00  4.2520E+00   0.998   19.29   19.88   0.970  4.7774E+02   80.04
 109  2.8000E+01  1.4988E+00  1.5029E+00   0.997   25.59   26.18   0.977  4.7350E+02   80.76
 110  2.9000E+01  7.0718E-01  7.0936E-01   0.997   32.76   33.32   0.983  4.7200E+02   81.02
 111  3.0000E+01  4.3295E-01  4.3438E-01   0.997   40.44   40.94   0.988  4.7129E+02   81.14
 112  3.1000E+01  3.3179E-01  3.3289E-01   0.997   48.17   48.59   0.991  4.7086E+02   81.21
 113  3.2000E+01  3.0621E-01  3.0719E-01   0.997   55.55   55.89   0.994  4.7053E+02   81.27
 114  3.3000E+01  3.2714E-01  3.2812E-01   0.997   62.20   62.46   0.996  4.7022E+02   81.32
 115  3.4000E+01  3.8989E-01  3.9094E-01   0.997   67.97   68.16   0.997  4.6990E+02   81.37
 116  3.5000E+01  5.0160E-01  5.0279E-01   0.998   72.88   73.02   0.998  4.6951E+02   81.44
 117  3.6000E+01  6.7714E-01  6.7855E-01   0.998   76.90   77.01   0.999  4.6900E+02   81.52
 118  3.7000E+01  9.3808E-01  9.3981E-01   0.998   80.20   80.28   0.999  4.6833E+02   81.62
 119  3.8000E+01  1.3096E+00  1.3118E+00   0.998   82.89   82.96   0.999  4.6739E+02   81.76
 120  3.9000E+01  1.8196E+00  1.8224E+00   0.998   85.07   85.13   0.999  4.6608E+02   81.95
 121  4.0000E+01  2.4924E+00  2.4963E+00   0.998   86.85   86.91   0.999  4.6426E+02   82.20
 122  4.1000E+01  3.3478E+00  3.3531E+00   0.998   88.31   88.37   0.999  4.6177E+02   82.53
 123  4.2000E+01  4.3965E+00  4.4039E+00   0.998   89.49   89.55   0.999  4.5842E+02   82.95
 124  4.3000E+01  5.6396E+00  5.6499E+00   0.998   90.50   90.57   0.999  4.5402E+02   83.47
 125  4.4000E+01  7.0734E+00  7.0875E+00   0.998   91.27   91.35   0.999  4.4838E+02   84.09
 126  4.5000E+01  8.6874E+00  8.7067E+00   0.998   91.94   92.04   0.999  4.4131E+02   84.82
 127  4.6000E+01  1.0476E+01  1.0502E+01   0.998   92.47   92.59   0.999  4.3262E+02   85.64
 128  4.7000E+01  1.2434E+01  1.2467E+01   0.997   92.92   93.06   0.998  4.2215E+02   86.55
 129  4.8000E+01  1.4569E+01  1.4611E+01   0.997   93.31   93.47   0.998  4.0971E+02   87.53
 130  4.9000E+01  1.6901E+01  1.6954E+01   0.997   93.60   93.79   0.998  3.9514E+02   88.57
 131  5.0000E+01  1.9464E+01  1.9529E+01   0.997   93.91   94.12   0.998  3.7824E+02   89.64
 132  5.1000E+01  2.2302E+01  2.2380E+01   0.996   94.19   94.42   0.998  3.5878E+02   90.72
 133  5.2000E+01  2.5475E+01  2.5568E+01   0.996   94.50   94.75   0.997  3.3648E+02   91.80
 134  5.3000E+01  2.9053E+01  2.9162E+01   0.996   94.83   95.09   0.997  3.1100E+02   92.85
 135  5.4000E+01  3.3117E+01  3.3243E+01   0.996   95.20   95.46   0.997  2.8195E+02   93.85
 136  5.5000E+01  3.7745E+01  3.7888E+01   0.996   95.59   95.85   0.997  2.4883E+02   94.78
 137  5.6000E+01  4.3022E+01  4.3182E+01   0.996   96.03   96.28   0.997  2.1109E+02   95.62
 138  5.7000E+01  4.9011E+01  4.9187E+01   0.996   96.47   96.71   0.998  1.6806E+02   96.35
 139  5.8000E+01  5.5764E+01  5.5955E+01   0.997   96.93   97.15   0.998  1.1905E+02   96.95
 140  5.9000E+01  6.3291E+01  6.3494E+01   0.997   97.42   97.61   0.998  6.3291E+01   97.42
      6.0000E+01

  INTEGRALS OF SPECTRA
    OLD SPECTRUM   4.1618E+05   ±    2.057 %
    NEW SPECTRUM   4.1630E+05   ±    1.651 %

  SUMMARY OF BROAD-GROUP FLUXES, FLUENCES, AND UNCERTAINTIES

    IRRAD TIME [S] = 7.86600000E+03   ACT NORM =  1.00000000E+00

       ENERGY       FLUX       FLUENCE      STDEV %
      thermal    5.4186E+02  4.2623E+06  ±   1.12     (0.100 meV – 0.550  eV)
     epithermal  1.1339E+03  8.9194E+06  ±  47.41     (0.550  eV – 110.0 keV)
        fast     4.1462E+05  3.2614E+09  ±   1.65     (110.0 keV –  20.0 MeV)
        fast     3.8027E+05  2.9912E+09  ±   0.89     (  1.0 MeV –  20.0 MeV)
        high     8.4848E+03  6.6741E+07  ±   4.92     ( 20.0 MeV –  60.0 MeV)

    MINI-SPECTRUM

       ENERGY       FLUX       FLUENCE      STDEV %
     1.0000E-10  8.1793E+02  6.4338E+06  ±   1.20
     9.2000E-06  2.8687E+01  2.2566E+05  ±  24.91
     9.6000E-04  6.9141E+01  5.4386E+05  ±  75.34
     9.2000E-03  6.4388E+02  5.0648E+06  ±  68.95
     8.8000E-02  2.3837E+03  1.8750E+07  ±  43.47
     3.6000E-01  2.7988E+04  2.2015E+08  ±  15.68
     9.2000E-01  2.3531E+04  1.8510E+08  ±   8.27
     2.3000E+00  2.0963E+05  1.6489E+09  ±   1.00
     1.0000E+01  1.4994E+05  1.1794E+09  ±   0.67
     2.4000E+01  1.2660E+03  9.9583E+06  ±  30.49
     6.0000E+01

       TOTAL     4.1630E+05  3.2746E+09  ±   1.65

    RELATIVE COVARIANCES (10×10)
     1000    83  -129  -209  -328  -447  -300    73   180     1
     1000   405    17   -81  -101   -62    -3     6     1
     1000   571    20   -94   -62    -8     0     1
     1000   454   -76  -100   -16    -2     2
     1000   406   -45   -33    -9     3
     1000   589     1   -25     5
     1000   272   -21     4
     1000   513    -7
     1000    20
     1000

  SPECTRAL-AVERAGED REACTION RATES (for all cross section library reactions)

        REACTIONS        SIG-PHI      <SIG>          REACTIONS        SIG-PHI      <SIG>          REACTIONS        SIG-PHI      <SIG>  
   ------------------  ----------  ----------   ------------------  ----------  ----------   ------------------  ----------  ----------
   LI6(N,A)T           3.6241E-19  8.7056E-25   FE58(N,G)FE59       8.7171E-22  2.0940E-27   IN115(N,N')IN115M   8.8759E-20  2.1321E-25
   B10(N,A)LI7         1.3598E-18  3.2664E-24   CO59(N,2N)CO58      7.2718E-20  1.7468E-25   IN115(N,2N)IN114M   1.5626E-19  3.7535E-25
   F19(N,2N)F18        4.8196E-21  1.1577E-26   CO59(N,3N)CO57      4.4548E-22  1.0701E-27   IN115(N,G)IN116M    3.9569E-19  9.5051E-25
   NA23(N,2N)NA22      4.6206E-21  1.1099E-26   CO59(N,G)CO60       1.3489E-20  3.2404E-26   I127(N,2N)I126      1.7963E-19  4.3150E-25
   NA23(N,G)NA24       2.6218E-22  6.2980E-28   CO59(N,P)FE59       1.0810E-20  2.5968E-26   LA139(N,G)LA140     4.0609E-21  9.7550E-27
   MG24(N,P)NA24       3.3559E-20  8.0613E-26   CO59(N,A)MN56       4.5174E-21  1.0851E-26   PR141(N,2N)PR140    1.9666E-19  4.7241E-25
   AL27(N,P)MG27       2.2190E-20  5.3304E-26   NI58(N,2N)NI57      3.7436E-21  8.9926E-27   TM169(N,2N)TM168    2.8192E-19  6.7721E-25
   AL27(N,A)NA24       1.9892E-20  4.7783E-26   NI58(N,P)CO58       1.7327E-19  4.1621E-25   TM169(N,3N)TM167    2.2918E-20  5.5052E-26
   SI28(N,P)AL28       6.0009E-20  1.4415E-25   NI60(N,P)CO60       2.7277E-20  6.5522E-26   TA181(N,G)TA182     2.7994E-20  6.7246E-26
   P31(N,P)SI31        4.2595E-20  1.0232E-25   CU63(N,2N)CU62      5.1252E-20  1.2311E-25   W186(N,G)W187       2.0526E-20  4.9307E-26
   S32(N,P)P32         1.0387E-19  2.4952E-25   CU63(N,G)CU64       3.5490E-21  8.5251E-27   AU197(N,2N)AU196    2.8128E-19  6.7566E-25
   TI46(N,2N)TI45      8.5513E-21  2.0542E-26   CU63(N,A)CO60       7.8518E-21  1.8861E-26   AU197(N,G)AU198     7.4389E-20  1.7869E-25
   TI46(N,P)SC46       6.8623E-20  1.6484E-25   CU65(N,2N)CU64      9.7062E-20  2.3316E-25   HG199(N,N')HG199M   1.8897E-19  4.5393E-25
   TI47(N,P)SC47       3.5426E-20  8.5098E-26   ZN64(N,P)CU64       6.9026E-20  1.6581E-25   PB204(N,N')PB204M   5.0706E-20  1.2180E-25
   TI47(N,X)SC46       9.2297E-21  2.2171E-26   ZN67(N,P)CU67       6.1788E-21  1.4842E-26   BI209(N,3N)BI207    2.7561E-20  6.6204E-26
   TI48(N,P)SC48       9.2034E-21  2.2108E-26   AS75(N,2N)AS74      1.0244E-19  2.4607E-25   TH232(N,FISSION)    1.1210E-19  2.6929E-25
   TI48(N,X)SC47       3.5671E-21  8.5686E-27   Y89(N,2N)Y88        8.9873E-20  2.1589E-25   TH232(N,G)TH233     1.1683E-20  2.8065E-26
   TI49(N,X)SC48       2.1833E-21  5.2445E-27   ZR90(N,2N)ZR89      7.2515E-20  1.7419E-25   U235(N,FISSION)     8.2778E-19  1.9884E-24
   V51(N,A)SC48        2.0693E-21  4.9708E-27   NB93(N,G)NB94       2.9206E-21  7.0157E-27   U235(N,G)U236       4.0988E-20  9.8460E-26
   CR52(N,2N)CR51      3.6456E-20  8.7573E-26   NB93(N,N')NB93M     6.4045E-20  1.5385E-25   U238(N,2N)U237      2.6087E-19  6.2666E-25
   MN55(N,2N)MN54      7.4246E-20  1.7835E-25   NB93(N,2N)NB92M     5.7380E-20  1.3783E-25   U238(N,FISSION)     3.4175E-19  8.2093E-25
   MN55(N,G)MN56       4.9110E-21  1.1797E-26   MO92(N,P)NB92M      2.5987E-20  6.2424E-26   U238(N,G)U239       1.0216E-20  2.4540E-26
   FE54(N,2N)FE53      2.9359E-21  7.0525E-27   RH103(N,N')RH103M   3.4755E-19  8.3486E-25   NP237(N,FISSION)    7.7749E-19  1.8676E-24
   FE54(N,P)MN54       1.4399E-19  3.4589E-25   AG109(N,G)AG110M    3.8167E-21  9.1683E-27   PU239(N,FISSION)    1.3757E-18  3.3045E-24
   FE54(N,A)CR51       1.4876E-20  3.5734E-26   IN113(N,N')IN113M   7.4100E-20  1.7800E-25   AM241(N,FISSION)    8.6537E-19  2.0787E-24
   FE56(N,P)MN56       1.9265E-20  4.6278E-26   IN113(N,G)IN114M    3.4831E-20  8.3669E-26   SC45(N,G)SC46       9.7954E-21  2.3530E-26

  INPUT FLUX REL. CORRELATION MATRIX (by row from diagonal)
   1   1000   990   959   907   826   708   609   533   467   409   355   300   242   190   145   109    80    58    42    29
         20    14     9     6     4     3     2     1     1     1     1     0     0     0     0     0     0     0     0     0
          0     0     0     0     0     0     0     0     0     0     0     0     0     0     0     1     1     1     1     1
          1     1     1     1     1     1     2     2     2     2     2     2     3     3     4     5     7    10    13    15
         16    17    18    19    20    22    24    26    28    29    31    31    31    31    31    31    30    30    29    28
         25    17    10     6     4     3     2     1     1     1     1     1     0     0     0     0     0     0     0     0
          0     0     0     0     0     0     0     0     0     0     0     0     0     0     0     0     0     0     0     0

  OUTPUT FLUX REL. CORRELATION MATRIX (by row from diagonal)
   1   1000   989   954   893   794   650   523   423   334   252   176   102    33   -22   -63   -92  -109  -117  -118  -114
       -107   -98   -89   -80   -71   -64   -57   -53   -50   -48   -48   -49   -51   -54   -57   -62   -66   -71   -77   -82
        -88   -93   -98  -103  -108  -113  -118  -123  -128  -133  -138  -145  -152  -159  -168  -177  -187  -197  -208  -218
       -227  -235  -241  -245  -245  -243  -237  -228  -216  -202  -186  -169  -151  -133  -115   -98   -82   -67   -53   -41
        -29   -20   -11    -4     1     6    10    12    14    16    16    17    17    17    16    15    15    13    12    11
         10    10    10     9     7     6     5     5     4     3     3     2     2     1     1     1     1     1     1     0
          0     0     0     1     1     1     1     1     1     1     1     1     1     1     1     1     1     1     1     1
   2   1000   988   948   867   733   611   513   423   338   257   173    93    24   -28   -67   -92  -107  -113  -113  -108
       -101   -92   -84   -75   -68   -61   -57   -54   -52   -52   -53   -55   -58   -62   -67   -72   -78   -84   -90   -96
       -102  -108  -114  -119  -125  -130  -135  -140  -146  -153  -160  -167  -176  -185  -196  -207  -219  -230  -242  -252
       -261  -268  -272  -273  -270  -264  -254  -241  -225  -208  -188  -169  -149  -129  -109   -91   -73   -57   -42   -29
        -18    -8     0     6    12    17    21    23    26    27    27    28    27    27    26    25    23    22    20    18
         15    12    10     8     7     6     5     4     3     3     2     2     1     1     1     1     1     1     1     1
          1     1     1     1     1     1     1     1     1     1     1     1     1     1     1     1     1     1     1
   3   1000   985   929   814   703   611   526   441   355   263   169    87    20   -29   -64   -87  -100  -105  -104  -100
        -93   -85   -78   -70   -64   -60   -57   -55   -55   -57   -59   -63   -67   -73   -78   -85   -91   -98  -105  -111
       -118  -124  -130  -136  -141  -147  -153  -160  -167  -174  -183  -192  -203  -214  -227  -239  -252  -265  -277  -287
       -295  -300  -301  -298  -291  -281  -266  -249  -229  -208  -186  -164  -142  -120   -98   -77   -58   -40   -25   -13
         -2     7    15    23    29    35    40    43    45    46    47    46    46    44    43    41    39    37    33    24
         16    11     8     6     5     4     3     3     2     2     1     1     1     1     1     1     1     1     1     1
          1     1     1     1     1     1     1     1     1     1     1     1     1     1     1     1     1     1
   4   1000   977   893   802   723   645   563   475   372   264   166    86    23   -23   -56   -77   -89   -94   -93   -89
        -84   -77   -71   -66   -62   -59   -58   -58   -60   -63   -67   -72   -78   -84   -91   -98  -105  -112  -120  -127
       -133  -140  -146  -153  -159  -165  -172  -180  -188  -198  -208  -220  -232  -246  -260  -274  -288  -301  -312  -321
       -327  -328  -325  -318  -307  -291  -272  -251  -228  -204  -179  -154  -128  -103   -77   -52   -31   -13     1    14
         25    35    45    55    63    71    78    82    84    85    84    83    81    78    76    74    71    61    41    23
         13     8     5     3     2     2     1     1     1     1     1     1     1     1     1     1     1     1     1     1
          1     1     1     1     1     1     0     0     0     0     0     0     0     0     0     0     0
   5   1000   967   909   850   784   708   616   498   373   259   165    90    31   -11   -42   -62   -73   -78   -79   -77
        -73   -69   -64   -61   -59   -59   -59   -61   -65   -69   -74   -81   -88   -95  -103  -110  -118  -126  -133  -141
       -148  -154  -161  -168  -175  -182  -190  -199  -209  -221  -233  -247  -261  -276  -292  -307  -321  -333  -343  -349
       -350  -348  -340  -328  -312  -292  -269  -244  -218  -190  -162  -132  -100   -66   -33    -6    16    33    48    63
         75    88   105   118   133   145   153   157   159   157   157   153   148   146   142   136   117    74    36    16
          6     2     0    -1    -1    -1    -1     0     0     0     0     0     0     0     0     1     1     1     0     0
          0     0     0     0     0     0     0     0     0     0     0     0     0     0     0     0
   6   1000   984   951   903   836   741   610   470   346   244   160    93    42     3   -23   -42   -54   -60   -62   -62
        -60   -58   -56   -55   -55   -57   -59   -63   -67   -73   -80   -87   -94  -102  -110  -118  -126  -133  -141  -148
       -155  -161  -168  -175  -183  -191  -200  -210  -222  -234  -248  -263  -279  -295  -310  -325  -337  -347  -353  -355
       -352  -345  -333  -316  -296  -273  -248  -220  -191  -159  -125   -86   -44    -1    32    59    79    96   114   128
        147   171   192   215   235   248   255   258   255   254   248   241   238   232   224   191   118    52    19     3
         -3    -6    -7    -6    -6    -4    -3    -2    -1    -1     0     0     0     0     0     0     0     0     0     0
          0     0     0     0     0     0    -1    -1    -1    -1    -1    -1    -1     0     0
   7   1000   990   960   908   822   693   554   428   322   234   161   102    55    19    -6   -25   -37   -44   -48   -50
        -50   -50   -51   -52   -54   -57   -61   -66   -72   -78   -85   -93  -101  -109  -117  -125  -132  -140  -147  -153
       -160  -167  -174  -182  -190  -199  -209  -221  -233  -247  -262  -278  -294  -310  -324  -337  -347  -353  -355  -352
       -345  -333  -317  -297  -274  -248  -220  -190  -157  -121   -80   -33    13    50    80   100   119   138   153   174
        202   226   253   277   292   300   304   300   300   292   285   281   275   265   226   138    60    20     2    -5
         -9    -9    -9    -8    -6    -5    -3    -2    -1     0     0     0     0     0     0     0     0     0     0     0
          0     0     0    -1    -1    -1    -1    -1    -2    -2    -1    -1    -1    -1
   8   1000   990   956   887   772   641   519   412   320   240   173   117    72    36     9   -10   -23   -32   -38   -42
        -45   -47   -49   -52   -56   -61   -66   -72   -79   -86   -94  -102  -110  -118  -126  -134  -141  -148  -155  -162
       -169  -176  -184  -192  -201  -212  -223  -236  -250  -265  -281  -298  -313  -328  -341  -351  -357  -360  -357  -350
       -337  -321  -301  -277  -251  -223  -192  -159  -122   -80   -32    15    53    84   105   123   143   159   180   209
        234   262   287   302   310   314   310   310   302   295   291   284   274   234   142    62    20     2    -6    -9
        -10    -9    -8    -7    -5    -4    -2    -1     0     0     0     0     0     0     0     0     0     0     0     0
          0     0    -1    -1    -1    -1    -2    -2    -2    -2    -1    -1    -1
   9   1000   988   941   848   732   618   514   419   334   258   193   137    91    54    25     3   -11   -22   -31   -37
        -42   -46   -51   -56   -61   -67   -73   -80   -88   -96  -104  -112  -120  -128  -136  -144  -151  -158  -165  -172
       -180  -187  -196  -205  -216  -228  -241  -255  -271  -287  -303  -319  -334  -348  -358  -364  -367  -364  -356  -344
       -327  -307  -283  -256  -227  -197  -163  -126   -84   -36    11    49    79   100   119   138   154   175   203   228
        255   279   294   302   306   302   302   294   287   283   277   267   228   139    60    20     2    -5    -8    -9
         -9    -8    -6    -5    -3    -2    -1     0     0     0     0     0     0     0     0     0     0     0     0     0
          0    -1    -1    -1    -1    -1    -1    -1    -1    -1    -1    -1
  10   1000   982   918   824   725   627   533   444   361   286   219   161   112    73    42    17     0   -15   -26   -34
        -42   -48   -54   -61   -67   -75   -82   -90   -98  -106  -115  -123  -132  -140  -147  -155  -162  -169  -176  -184
       -192  -200  -210  -221  -233  -246  -261  -277  -293  -310  -326  -341  -355  -365  -372  -374  -371  -363  -351  -333
       -312  -288  -261  -232  -201  -168  -131   -90   -44     1    37    67    88   106   125   140   161   187   209   235
        257   271   278   282   278   278   271   264   260   254   245   209   128    57    20     3    -4    -7    -8    -7
         -6    -5    -4    -3    -2    -1     0     0     0     0     0     0     0     0     0     0     0     0     0     0
          0    -1    -1    -1    -1    -1    -1    -1    -1    -1     0
  11   1000   976   915   837   752   663   573   484   400   322   251   189   137    94    59    30     8    -8   -22   -34
        -43   -52   -60   -68   -76   -84   -92  -101  -109  -118  -127  -135  -143  -151  -159  -166  -173  -181  -188  -196
       -205  -215  -226  -238  -252  -266  -282  -299  -316  -332  -348  -361  -371  -378  -380  -377  -369  -356  -339  -317
       -292  -265  -236  -205  -173  -138  -100   -58   -17    15    43    63    80    98   112   130   152   171   192   210
        221   227   230   227   227   221   215   212   206   199   170   105    48    19     5     0    -3    -4    -4    -4
         -3    -2    -1    -1     0     0     0     0     0     0     1     0     0     0     0     0     0     0     0     0
          0     0     0     0     0     0     0     0     0     0
  12   1000   980   933   868   790   705   616   526   439   357   283   218   161   114    74    42    16    -4   -20   -34
        -46   -56   -66   -75   -84   -93  -101  -110  -119  -127  -136  -144  -152  -159  -167  -174  -181  -189  -196  -205
       -215  -226  -238  -251  -266  -281  -297  -314  -330  -345  -358  -368  -375  -377  -374  -365  -352  -335  -313  -289
       -262  -234  -205  -174  -143  -109   -74   -40   -12    11    29    45    60    72    86   103   116   131   143   151
        155   157   155   154   150   146   143   139   134   115    73    36    17     7     3     0     0     0     0     0
          0     0     0     0     0     0     0     1     1     1     1     1     0     0     0     0     0     0     0     0
          0     0     0     0     0     0     0     0     0
  13   1000   985   945   887   814   731   643   553   465   382   306   238   179   128    86    51    22     0   -19   -35
        -48   -60   -70   -80   -89   -98  -107  -115  -124  -132  -139  -147  -154  -161  -168  -175  -182  -190  -198  -207
       -218  -229  -242  -255  -270  -286  -301  -316  -331  -343  -352  -358  -360  -357  -349  -336  -319  -298  -275  -250
       -223  -196  -168  -140  -112   -83   -55   -32   -12     3    17    30    41    52    63    72    82    89    94    96
         97    96    96    93    90    88    85    81    70    47    26    15     9     5     4     2     2     1     1     1
          1     1     1     1     1     1     1     1     1     1     1     1     1     1     1     1     1     0     0     0
          0     0     0     0     0     0     0     0
  14   1000   987   951   896   826   746   659   570   483   399   322   252   191   138    93    56    25     0   -19   -36
        -50   -62   -73   -83   -92  -101  -109  -117  -125  -132  -139  -146  -153  -159  -166  -172  -179  -187  -196  -205
       -216  -228  -241  -254  -269  -283  -297  -310  -321  -330  -335  -336  -333  -325  -313  -297  -278  -256  -232  -207
       -182  -157  -133  -108   -84   -61   -41   -24   -10     1    12    22    30    38    45    51    56    58    60    61
         60    59    57    55    54    51    49    43    31    19    13     9     7     5     4     3     3     2     2     1
          1     1     1     1     1     1     1     1     1     1     1     1     1     1     1     1     1     1     1     1
          1     1     1     1     1     1     1
  15   1000   988   954   901   834   755   670   582   495   411   332   261   198   144    98    59    27     1   -19   -37
        -51   -64   -75   -84   -93  -102  -109  -117  -124  -130  -137  -143  -149  -155  -161  -168  -175  -183  -192  -201
       -212  -224  -236  -249  -262  -275  -287  -297  -304  -309  -310  -307  -299  -288  -273  -255  -234  -213  -190  -167
       -145  -122  -101   -80   -61   -44   -29   -16    -5     4    12    19    25    30    34    37    39    40    40    40
         39    38    36    35    33    31    28    21    15    11     9     7     6     5     4     3     3     2     2     1
          1     1     1     1     1     1     1     1     1     1     1     1     1     1     1     1     1     1     1     1
          1     1     1     1     1     1
  16   1000   989   956   905   839   762   678   591   503   419   340   267   203   148   100    61    28     1   -20   -37
        -52   -65   -75   -85   -93  -101  -108  -115  -121  -127  -132  -138  -143  -149  -155  -162  -169  -177  -186  -196
       -206  -217  -229  -241  -252  -263  -272  -278  -282  -282  -279  -272  -262  -248  -231  -213  -193  -172  -151  -131
       -111   -92   -74   -57   -42   -29   -18    -8     0     6    12    18    21    24    27    28    29    29    28    28
         27    26    24    23    21    19    16    12    10     8     7     6     5     4     3     3     2     2     1     1
          1     1     1     1     1     1     1     1     1     1     1     1     1     1     1     1     1     1     1     1
          1     1     1     1     1
  17   1000   989   957   908   843   767   684   596   509   424   344   271   206   150   102    62    28     1   -20   -38
        -52   -64   -75   -84   -91   -98  -105  -111  -116  -121  -126  -132  -137  -142  -148  -155  -162  -170  -179  -188
       -198  -209  -219  -229  -238  -246  -252  -255  -255  -252  -245  -235  -222  -207  -190  -172  -154  -135  -117   -99
        -83   -67   -52   -39   -27   -17    -9    -1     4     9    14    17    19    21    22    22    22    22    22    21
         20    19    17    16    15    13    11     9     7     6     5     4     4     3     2     2     2     1     1     1
          1     1     1     0     0     0     0     1     1     1     1     1     1     1     1     1     1     1     1     1
          1     1     1     1
  18   1000   989   958   910   846   771   687   600   512   427   347   273   208   151   103    62    29     2   -19   -37
        -51   -63   -73   -81   -88   -95  -100  -105  -110  -115  -119  -124  -129  -134  -140  -147  -154  -161  -170  -179
       -188  -197  -206  -214  -220  -225  -228  -227  -224  -218  -209  -197  -184  -169  -153  -136  -120  -103   -88   -73
        -59   -46   -34   -24   -15    -8    -1     3     8    11    14    16    17    18    19    19    18    18    17    16
         15    14    13    12    11     9     8     7     6     5     4     3     3     2     2     1     1     1     1     1
          1     0     0     0     0     0     0     0     1     1     1     1     1     1     1     1     1     1     1     1
          1     1     1
  19   1000   990   959   911   848   773   690   603   514   429   348   274   209   152   103    62    29     2   -18   -36
        -49   -61   -70   -77   -84   -89   -94   -99  -103  -107  -112  -116  -121  -126  -132  -138  -145  -152  -160  -168
       -176  -183  -190  -196  -200  -201  -201  -198  -192  -184  -173  -161  -148  -134  -119  -104   -90   -76   -63   -51
        -40   -30   -21   -13    -7    -1     2     6    10    12    14    15    15    16    16    16    15    15    14    13
         12    11    10     9     8     7     6     5     4     3     3     2     2     2     1     1     1     1     1     0
          0     0     0     0     0     0     0     0     1     1     1     1     1     1     1     1     1     1     1     1
          1     1
  20   1000   990   960   912   849   774   691   604   515   430   349   275   209   152   104    63    30     4   -17   -33
        -47   -57   -66   -73   -78   -83   -88   -92   -96   -99  -103  -107  -112  -117  -122  -128  -135  -141  -148  -155
       -161  -167  -172  -175  -176  -176  -173  -167  -160  -151  -140  -128  -116  -103   -90   -78   -66   -54   -44   -34
        -26   -18   -12    -6    -1     2     5     8    10    11    12    13    13    13    13    13    12    12    11    10
          9     8     8     7     6     5     4     4     3     3     2     2     1     1     1     1     1     0     0     0
          0     0     0     0     0     0     0     0     0     1     1     1     1     1     1     1     1     1     1     1
          1
  21   1000   990   960   912   850   775   692   604   516   430   349   275   210   153   104    64    32     6   -14   -30
        -43   -53   -61   -67   -72   -77   -81   -84   -88   -91   -95   -99  -103  -108  -113  -118  -124  -130  -136  -141
       -146  -150  -152  -153  -152  -149  -145  -138  -130  -120  -110   -99   -88   -77   -66   -56   -46   -37   -29   -22
        -15   -10    -5    -1     1     4     6     8     9    10    10    11    11    10    10    10     9     9     8     7
          7     6     6     5     4     4     3     3     2     2     1     1     1     1     1     1     0     0     0     0
          0     0     0     0     0     0     0     0     0     0     1     1     1     1     1     1     1     1     1     0
  22   1000   990   960   913   850   775   692   604   516   430   349   275   210   153   106    66    34     8   -11   -27
        -39   -48   -56   -61   -66   -70   -73   -77   -80   -83   -87   -90   -94   -99  -103  -108  -113  -118  -122  -126
       -129  -131  -132  -131  -128  -124  -118  -111  -103   -94   -84   -75   -65   -56   -47   -39   -32   -25   -18   -13
         -8    -4    -1     1     3     5     6     7     8     8     8     8     8     8     8     7     7     6     5     5
          5     5     4     4     3     3     2     2     2     1     1     1     1     1     0     0     0     0     0     0
          0     0     0     0     0     0     0     0     0     0     0     0     0     1     0     0     0     0     0
  23   1000   990   960   913   850   775   692   604   516   430   349   276   211   155   107    68    36    11    -8   -23
        -34   -43   -50   -56   -60   -63   -67   -70   -72   -76   -79   -82   -86   -90   -94   -98  -102  -106  -109  -112
       -113  -113  -112  -110  -106  -101   -94   -87   -79   -71   -63   -55   -47   -40   -33   -26   -21   -15   -11    -7
         -4    -1     1     3     4     5     6     6     6     7     7     6     6     6     6     5     5     4     4     4
          4     4     3     3     2     2     2     1     1     1     1     1     0     0     0     0     0     0     0     0
          0     0     0     0     0     0     0     0     0     0     0     0     0     0     0     0     0     0
  24   1000   990   960   913   850   775   691   604   516   430   350   277   212   156   109    70    39    14    -4   -19
        -30   -39   -45   -50   -54   -57   -60   -63   -66   -69   -72   -75   -78   -82   -85   -88   -92   -94   -96   -97
        -97   -96   -94   -90   -86   -80   -74   -67   -60   -53   -46   -39   -33   -27   -22   -17   -13    -9    -6    -3
         -1     0     2     3     4     5     5     5     5     5     5     5     5     5     4     4     3     3     3     3
          3     3     2     2     2     1     1     1     1     1     0     0     0     0     0     0     0     0     0     0
          0     0     0     0     0     0     0     0     0     0     0     0     0     0     0     0     0
  25   1000   990   960   912   849   774   691   604   516   430   350   278   213   158   111    72    42    17    -1   -15
        -26   -34   -40   -45   -49   -52   -55   -57   -60   -63   -65   -68   -71   -74   -77   -79   -81   -83   -84   -84
        -83   -80   -77   -73   -68   -63   -57   -51   -45   -39   -33   -28   -23   -18   -14   -11    -7    -5    -2     0
          0     2     3     3     4     4     4     4     4     4     4     4     4     3     3     3     3     3     3     3
          2     2     2     1     1     1     1     1     1     0     0     0     0     0     0     0     0     0     0     0
          0     0     0     0     0     0     0     0     0     0     0     0     0     0     0     0
  26   1000   990   960   912   849   774   691   604   516   431   351   279   214   159   113    75    44    20     1   -12
        -22   -30   -36   -41   -44   -47   -50   -53   -55   -58   -60   -63   -65   -67   -70   -71   -72   -73   -73   -72
        -70   -67   -63   -59   -54   -49   -43   -38   -33   -28   -24   -19   -15   -12    -9    -6    -4    -2     0     0
          2     2     3     3     4     4     4     4     4     4     3     3     3     3     2     2     2     2     2     2
          2     1     1     1     1     1     1     0     0     0     0     0     0     0     0     0     0     0     0     0
          0     0     0     0     0     0     0     0     0     0     0     0     0     0     0
  27   1000   990   960   912   849   774   691   604   516   432   352   280   216   161   114    76    46    22     4    -9
        -19   -27   -33   -37   -41   -44   -46   -49   -51   -54   -56   -58   -60   -62   -63   -64   -65   -64   -63   -61
        -59   -55   -52   -47   -43   -38   -33   -29   -24   -20   -17   -13   -10    -7    -5    -3    -1     0     0     1
          2     3     3     3     3     3     3     3     3     3     3     3     2     2     2     2     2     2     2     1
          1     1     1     1     1     0     0     0     0     0     0     0     0     0     0     0     0     0     0     0
          0     0     0     0     0     0     0     0     0     0     0     0     0     0
  28   1000   990   960   912   849   774   692   604   517   432   353   280   217   162   116    78    48    24     6    -7
        -17   -25   -31   -35   -39   -42   -44   -46   -49   -51   -53   -55   -56   -58   -58   -59   -58   -57   -56   -53
        -50   -46   -42   -38   -34   -30   -26   -22   -18   -15   -12    -9    -7    -4    -3    -1     0     0     1     2
          2     3     3     3     3     3     3     3     3     2     2     2     2     2     2     2     2     2     1     1
          1     1     1     1     0     0     0     0     0     0     0     0     0     0     0     0     0     0     0     0
          0     0     0     0     0     0     0     0     0     0     0     0     0
  29   1000   990   960   912   849   775   692   605   517   433   353   281   217   162   116    79    49    25     7    -6
        -16   -24   -30   -34   -38   -40   -43   -45   -47   -49   -51   -53   -54   -55   -55   -54   -54   -52   -50   -47
        -43   -40   -36   -32   -28   -24   -20   -17   -14   -11    -8    -6    -4    -2    -1     0     0     1     2     2
          2     2     3     3     3     3     2     2     2     2     2     2     2     2     2     2     1     1     1     1
          1     1     1     0     0     0     0     0     0     0     0     0     0     0     0     0     0     0     0     0
          0     0     0     0     0     0     0     0     0     0     0     0
  30   1000   990   960   912   849   775   692   605   517   433   353   281   217   163   117    79    49    25     7    -6
        -16   -24   -30   -34   -38   -40   -43   -45   -47   -49   -51   -52   -53   -53   -53   -52   -50   -48   -45   -42
        -38   -34   -31   -27   -23   -20   -16   -13   -11    -8    -6    -4    -2    -1     0     0     1     1     2     2
          2     2     2     2     2     2     2     2     2     1     1     1     1     2     2     1     1     1     1     1
          1     1     0     0     0     0     0     0     0     0     0     0     0     0     0     0     0     0     0     0
          0     0     0     0     0     0     0     0     0     0     0
  31   1000   990   960   912   850   775   692   605   517   433   353   281   217   162   116    78    48    25     6    -6
        -17   -25   -31   -35   -39   -42   -44   -47   -49   -50   -52   -52   -53   -52   -52   -50   -48   -45   -42   -38
        -35   -31   -27   -23   -20   -16   -13   -11    -8    -6    -4    -3    -1     0     0     1     1     2     2     2
          2     2     2     2     2     2     2     1     1     1     1     1     2     2     1     1     1     1     1     1
          1     0     0     0     0     0     0     0     0     0     0     0     0     0     0     0     0     0     0     0
          0     0     0     0     0     0     0     0     0     0
  32   1000   990   960   912   850   775   692   605   517   432   353   280   216   161   115    77    47    23     5    -8
        -19   -27   -33   -37   -41   -44   -47   -49   -51   -53   -54   -54   -54   -53   -52   -49   -47   -43   -40   -36
        -32   -28   -24   -21   -17   -14   -11    -9    -7    -5    -3    -2     0     0     0     1     1     1     2     2
          2     2     2     1     1     1     1     1     1     1     1     2     2     1     1     1     1     1     1     1
          0     0     0     0     0     0     0     0     0     0     0     0     0     0     0     0     0     0     0     0
          0     0     0     0     0     0     0     0     0
  33   1000   990   960   912   849   775   692   604   517   431   352   279   215   160   113    75    45    21     2   -11
        -21   -30   -36   -41   -45   -48   -51   -53   -55   -56   -57   -57   -56   -54   -52   -49   -46   -42   -38   -34
        -30   -26   -22   -19   -15   -12   -10    -8    -5    -4    -2    -1     0     0     1     1     1     1     1     1
          1     1     1     1     1     1     0     0     0     1     2     2     2     1     1     1     1     1     1     1
          0     0     0     0     0     0     0     0     0     0     0     0     0     0     0     0     0     0     0     0
          0     0     0     0     0     0     0     0
  34   1000   990   960   912   849   774   691   604   516   430   350   277   213   157   111    73    42    18     0   -14
        -25   -34   -40   -46   -50   -53   -56   -58   -60   -60   -61   -60   -58   -56   -53   -50   -46   -41   -37   -33
        -28   -24   -20   -17   -14   -11    -9    -6    -4    -3    -1     0     0     0     1     1     1     1     1     1
          1     1     1     1     0     0     0     0     1     2     2     2     2     1     1     1     1     1     1     0
          0     0     0     0     0     0     0     0     0     0     0     0     0     0     0     0     0     0     0     0
          0     0     0     0     0     0     0
  35   1000   990   960   912   849   774   690   603   514   429   348   275   210   155   108    69    38    14    -4   -19
        -30   -39   -46   -52   -56   -59   -62   -64   -65   -65   -65   -63   -61   -58   -54   -50   -45   -41   -36   -31
        -27   -23   -19   -16   -12   -10    -7    -5    -3    -2     0     0     0     0     1     1     1     1     0     0
          0     0     0     0     0     0     0     1     2     2     2     2     2     1     1     1     1     1     1     0
          0     0     0     0     0     0     0     0     0     0     0     0     0     0     0     0     0     0     0     0
          0     0     0     0     0     0
  36   1000   990   960   912   849   773   690   601   513   427   346   272   207   151   104    65    34     9    -9   -25
        -36   -46   -53   -58   -63   -66   -69   -70   -71   -70   -69   -67   -63   -59   -55   -50   -45   -40   -35   -30
        -25   -21   -17   -14   -11    -8    -6    -4    -2    -1     0     0     0     0     0     0     0     0     0     0
          0     0     0     0     0     0     1     2     2     2     2     2     1     1     1     1     1     1     0     0
          0     0     0     0     0     0     0     0     0     0     0     0     0     0     0     0     0     0     0     0
          0     0     0     0     0
  37   1000   990   960   912   848   772   688   600   511   424   343   269   204   147   100    61    29     4   -15   -31
        -43   -53   -60   -66   -71   -74   -76   -77   -77   -75   -73   -69   -65   -60   -55   -49   -44   -38   -33   -28
        -24   -19   -16   -13   -10    -7    -5    -3    -1     0     0     0     0     0     0     0     0     0     0     0
          0     0     0     0     0     1     2     2     2     2     2     2     1     1     1     1     1     1     0     0
          0     0     0     0     0     0     0     0     0     0     0     0     0     0     0     0     0     0     0     0
          0     0     0     0
  38   1000   990   960   912   848   772   687   598   509   422   340   266   200   143    95    55    23    -2   -23   -39
        -51   -61   -69   -75   -79   -82   -83   -83   -82   -79   -76   -71   -66   -60   -54   -48   -42   -36   -31   -26
        -22   -18   -14   -11    -8    -5    -3    -2     0     0     0     0     0     0     0     0     0     0     0     0
          0    -1    -1     0     1     2     3     3     2     2     2     2     1     1     1     1     1     0     0     0
          0     0     0     0     0     0     0     0     0     0     0     0     0     0     0     0     0     0     0     0
          0     0     0
  39   1000   990   960   911   847   771   686   596   506   419   337   262   195   138    89    49    16    -9   -31   -47
        -60   -70   -78   -83   -87   -89   -90   -89   -86   -82   -78   -72   -66   -59   -53   -46   -40   -34   -29   -24
        -20   -16   -12    -9    -6    -4    -2    -1     0     0     0     0     0     0     0     0     0     0     0    -1
         -1    -1     0     1     2     3     3     3     2     2     2     1     1     1     1     1     0     0     0     0
          0     0     0     0     0     0     0     0     0     0     0     0     0     0     0     0     0     0     0     0
          0     0
  40   1000   990   959   911   846   769   684   594   504   416   333   258   191   133    83    42     9   -18   -39   -56
        -70   -80   -87   -92   -95   -96   -95   -93   -89   -84   -78   -72   -65   -57   -50   -44   -37   -32   -26   -22
        -17   -14   -10    -7    -5    -3    -1     0     0     0     0     0     0     0     0     0    -1    -1    -1    -1
         -2    -1     1     2     3     3     3     3     2     2     2     1     1     1     1     1     0     0     0     0
          0     0     0     0     0     0     0     0     0     0     0     0     0     0     0     0     0     0     0     0
          0
  41   1000   990   959   910   845   768   682   592   501   412   329   253   185   127    76    35     0   -26   -48   -66
        -79   -89   -96  -100  -102  -102  -100   -96   -90   -84   -77   -70   -62   -55   -47   -40   -34   -29   -24   -19
        -15   -11    -8    -5    -3    -2    -1     0     0     0     0    -1    -1    -1    -1    -1    -1    -1    -2    -2
         -1     0     3     3     3     3     3     2     2     2     1     1     1     1     1     0     0     0     0     0
          0     0     0     0     0     0     0     0     0     0     0     1     1     1     1     1     1     1     0     0
  42   1000   990   959   910   845   767   681   590   498   409   325   248   180   120    69    27    -7   -36   -58   -76
        -89   -98  -104  -107  -107  -106  -102   -97   -90   -83   -75   -67   -59   -51   -44   -37   -31   -26   -21   -16
        -12    -9    -6    -4    -2    -1     0     0    -1    -1    -1    -1    -1    -1    -1    -1    -2    -2    -2    -1
          0     3     4     4     3     3     3     2     2     2     1     1     1     1     0     0     0     0     0     0
          0     0     0     0     0     0     0     0     0     1     1     1     1     1     1     1     1     1     0
  43   1000   990   959   909   844   766   679   587   495   405   321   243   173   113    61    18   -17   -45   -68   -85
        -97  -106  -111  -112  -111  -108  -102   -96   -88   -80   -71   -63   -54   -47   -40   -33   -28   -22   -18   -13
        -10    -6    -4    -2    -1    -1    -1    -1    -1    -1    -1    -1    -1    -1    -2    -2    -2    -3    -2     0
          3     4     4     4     3     3     2     2     2     1     1     1     1     1     0     0     0     0     0     0
          0     0     0     0     0     0     0     1     1     1     1     1     1     1     1     1     1     1
  44   1000   990   959   909   843   764   677   585   492   401   316   237   167   106    53     9   -26   -55   -77   -94
       -105  -112  -116  -115  -113  -108  -101   -93   -84   -75   -66   -58   -50   -42   -35   -29   -24   -19   -14   -10
         -7    -4    -2    -1    -1    -1    -1    -1    -1    -1    -1    -2    -2    -2    -2    -3    -3    -2     0     3
          4     4     4     3     3     3     2     2     1     1     1     1     1     0     0     0     0     0     0     0
          0     0     0     0     0     1     1     1     1     1     1     1     1     1     1     1     1
  45   1000   989   958   908   842   763   675   582   489   397   311   231   160    98    44     0   -35   -64   -86  -101
       -111  -117  -118  -117  -112  -105   -98   -89   -79   -70   -61   -53   -45   -38   -31   -25   -20   -15   -11    -8
         -5    -3    -2    -1    -1    -1    -2    -2    -2    -2    -2    -2    -2    -3    -3    -3    -2     0     3     4
          4     4     4     3     3     2     2     1     1     1     1     1     0     0     0     0     0     0     0     0
          0     0     0     0     1     1     1     1     1     1     1     1     1     1     1     1
  46   1000   989   958   908   841   762   673   580   485   393   305   225   153    90    36    -8   -44   -72   -93  -107
       -116  -120  -119  -116  -109  -102   -93   -83   -74   -64   -55   -47   -40   -33   -27   -21   -16   -12    -8    -5
         -3    -2    -1    -1    -2    -2    -2    -2    -2    -2    -2    -2    -3    -3    -4    -2     0     3     4     5
          4     4     3     3     2     2     2     1     1     1     1     0     0     0     0     0     0     0     0     0
          0     0     1     1     1     1     1     1     1     1     1     1     1     1     1
  47   1000   989   958   907   840   760   671   577   482   388   300   218   145    81    27   -16   -52   -79   -99  -112
       -118  -120  -118  -113  -105   -96   -87   -77   -67   -58   -49   -42   -35   -28   -23   -17   -13    -9    -6    -3
         -2    -2    -2    -2    -2    -2    -2    -2    -3    -3    -3    -3    -4    -4    -3     0     3     5     5     4
          4     3     3     2     2     2     1     1     1     1     1     0     0     0     0     0     0     0     0     0
          0     1     1     1     1     1     1     1     1     1     1     1     1     1
  48   1000   989   958   907   839   759   669   574   478   383   294   211   138    73    19   -24   -59   -85  -103  -114
       -119  -118  -115  -108  -100   -90   -80   -70   -61   -52   -44   -37   -30   -24   -18   -13   -10    -6    -4    -3
         -2    -2    -2    -2    -2    -3    -2    -3    -3    -3    -4    -4    -4    -3     0     4     5     5     5     4
          4     3     3     2     2     1     1     1     1     1     0     0     0     0     0     0     0     0     0     1
          1     1     1     1     1     1     1     1     1     1     1     1     1
  49   1000   989   957   906   838   757   667   571   473   378   288   204   130    65    11   -32   -65   -90  -106  -114
       -117  -115  -110  -102   -93   -83   -73   -63   -54   -46   -39   -32   -25   -19   -14   -10    -7    -4    -3    -2
         -2    -3    -3    -3    -3    -3    -3    -3    -3    -4    -4    -5    -3     0     4     5     5     5     4     4
          3     3     2     2     1     1     1     1     1     0     0     0     0     0     0     0     0     0     1     1
          1     1     1     1     1     1     1     1     1     1     1     1
  50   1000   989   957   906   837   755   664   567   469   372   281   197   122    57     4   -38   -70   -92  -106  -113
       -114  -110  -104   -96   -86   -76   -66   -57   -48   -41   -33   -27   -21   -16   -11    -8    -5    -4    -3    -3
         -3    -3    -3    -3    -3    -3    -3    -4    -4    -5    -5    -3     0     4     5     5     5     5     4     3
          3     2     2     2     1     1     1     1     0     0     0     0     0     0     0     0     0     1     1     1
          1     1     1     1     1     1     1     1     1     1     1
  51   1000   989   957   905   836   754   661   563   464   366   274   189   114    50    -2   -43   -73   -94  -105  -110
       -109  -105   -97   -89   -79   -69   -60   -51   -43   -36   -29   -22   -17   -12    -8    -6    -4    -3    -3    -4
         -4    -4    -4    -4    -4    -4    -4    -5    -5    -5    -4     0     4     6     6     5     5     4     4     3
          2     2     2     1     1     1     1     1     0     0     0     0     0     0     0     1     1     1     1     1
          1     1     1     1     1     1     1     1     1     1
  52   1000   989   957   904   835   751   658   559   458   360   266   181   106    42    -8   -47   -75   -93  -103  -106
       -104   -99   -91   -82   -72   -63   -54   -46   -38   -31   -24   -18   -14   -10    -7    -5    -4    -4    -4    -4
         -4    -4    -4    -4    -4    -4    -5    -6    -6    -4     0     4     6     6     6     5     4     4     3     3
          2     2     1     1     1     1     1     0     0     0     0     0     0     0     1     1     1     1     1     1
          1     1     1     1     1     1     1     1     1
  53   1000   989   956   903   833   749   654   554   452   352   258   173    98    36   -13   -50   -76   -92  -100  -101
        -98   -92   -84   -75   -66   -57   -49   -41   -33   -26   -20   -15   -11    -8    -6    -5    -5    -5    -5    -5
         -5    -5    -5    -5    -5    -6    -6    -6    -4     0     5     6     6     6     5     5     4     3     3     2
          2     1     1     1     1     1     0     0     0     0     0     0     1     1     1     1     1     1     1     1
          1     1     1     1     1     1     1     1
  54   1000   989   956   902   831   746   650   548   445   344   250   165    91    30   -16   -51   -75   -89   -95   -96
        -92   -85   -77   -69   -60   -52   -44   -36   -29   -22   -17   -13    -9    -7    -6    -6    -6    -6    -6    -6
         -5    -6    -6    -6    -6    -7    -7    -5     0     5     7     7     7     6     5     4     4     3     2     2
          2     1     1     1     1     1     0     0     0     0     0     1     1     1     1     1     1     1     1     1
          1     1     1     1     1     1     1
  55   1000   989   955   901   829   743   645   542   438   336   241   157    85    26   -19   -51   -73   -85   -90   -90
        -86   -79   -71   -63   -55   -47   -39   -32   -25   -19   -14   -11    -9    -8    -7    -7    -7    -7    -7    -6
         -7    -6    -6    -7    -7    -8    -5     0     5     7     7     7     6     5     5     4     3     3     2     2
          1     1     1     1     1     0     0     0     0     1     1     1     1     1     1     1     1     1     1     1
          1     1     1     1     1     1
  56   1000   989   955   900   827   739   640   535   430   328   233   150    79    23   -19   -50   -69   -80   -84   -84
        -79   -73   -66   -59   -51   -43   -35   -28   -22   -17   -13   -11    -9    -9    -9    -9    -8    -8    -7    -8
         -7    -7    -8    -8    -8    -6     0     6     8     8     7     7     6     5     4     3     3     2     2     1
          1     1     1     1     1     0     0     1     1     1     1     1     1     1     1     1     1     1     1     1
          1     1     1     1     1
  57   1000   988   954   898   824   734   634   528   421   319   226   144    76    22   -18   -47   -65   -75   -78   -78
        -74   -68   -62   -54   -46   -38   -31   -25   -20   -16   -13   -12   -11   -11   -10   -10   -10    -9    -9    -8
         -8    -9    -9    -9    -6     0     6     8     9     8     7     6     5     5     4     3     2     2     2     1
          1     1     1     1     1     1     1     1     1     1     1     1     1     1     1     1     1     1     1     1
          1     1     1     1
  58   1000   988   953   896   821   729   628   521   414   312   220   140    74    22   -15   -42   -59   -69   -72   -72
        -69   -64   -57   -50   -42   -35   -29   -23   -19   -16   -14   -13   -13   -12   -12   -11   -10   -10    -9    -9
        -10   -10   -10    -7     0     6     9     9     9     8     7     6     5     4     3     3     2     2     1     1
          1     1     1     1     1     1     1     1     1     1     1     1     1     1     1     1     1     2     2     1
          1     1     1
  59   1000   988   952   894   817   724   621   514   407   307   217   139    75    25   -11   -37   -53   -62   -66   -67
        -64   -59   -53   -46   -39   -32   -26   -22   -19   -17   -16   -15   -15   -14   -13   -12   -11   -11   -10   -11
        -11   -11    -8     0     7     9    10     9     8     7     6     5     4     4     3     2     2     1     1     1
          1     1     1     1     1     1     1     1     1     1     1     1     1     2     2     2     2     2     2     2
          1     1
  60   1000   988   951   892   813   720   616   508   403   304   216   141    79    31    -4   -30   -46   -56   -61   -62
        -59   -55   -48   -42   -36   -30   -25   -22   -20   -19   -18   -17   -16   -15   -13   -13   -12   -11   -12   -12
        -12    -8     0     7    10    11    10     9     8     7     6     5     4     3     2     2     2     1     1     1
          1     1     1     1     1     1     1     1     1     1     1     2     2     2     2     2     2     2     2     2
          1
  61   1000   988   950   890   810   716   612   505   401   304   218   145    85    38     2   -22   -39   -50   -56   -57
        -55   -50   -45   -39   -34   -29   -26   -23   -22   -21   -20   -18   -17   -15   -15   -13   -12   -13   -13   -12
         -9     0     8    11    11    11    10     8     7     6     5     4     3     3     2     2     1     1     1     1
          1     1     1     1     1     1     1     1     1     2     2     2     2     2     2     2     2     2     2     2
  62   1000   987   949   888   808   713   610   504   402   307   224   152    93    47    11   -14   -33   -45   -51   -52
        -50   -46   -42   -37   -33   -30   -27   -25   -24   -23   -21   -19   -17   -16   -15   -13   -13   -13   -13    -9
          0     8    11    12    11    10     9     8     6     5     4     4     3     2     2     1     1     1     1     1
          1     1     1     1     1     1     1     1     2     2     2     2     2     2     2     2     2     2     2
  63   1000   987   949   887   806   712   610   506   406   314   232   161   103    56    20    -7   -27   -39   -45   -47
        -46   -43   -39   -36   -33   -31   -29   -28   -26   -24   -22   -19   -18   -16   -15   -14   -14   -14    -9     0
          9    12    13    12    11     9     8     7     6     5     4     3     2     2     1     1     1     1     1     1
          1     1     1     1     1     1     2     2     2     2     2     2     2     2     2     2     2     2
  64   1000   987   948   887   806   713   613   511   414   323   242   172   114    66    27     0   -20   -33   -39   -42
        -42   -41   -38   -36   -34   -33   -31   -29   -26   -24   -21   -19   -17   -15   -15   -14   -14    -9     0     9
         13    13    12    11    10     8     7     6     5     4     3     2     2     2     1     1     1     1     1     1
          1     1     1     1     1     2     2     2     2     2     2     2     2     2     2     2     2
  65   1000   987   948   887   808   716   618   519   423   334   254   184   124    74    35     6   -14   -27   -34   -39
        -40   -39   -39   -37   -36   -34   -32   -29   -26   -23   -21   -18   -16   -16   -15   -14    -9     1     9    13
         13    13    12    10     9     7     6     5     4     3     3     2     2     1     1     1     1     1     1     1
          1     1     1     2     2     2     2     2     2     2     2     2     2     2     2     2
  66   1000   987   949   888   811   721   626   528   434   346   265   194   133    82    42    13    -7   -21   -31   -35
        -38   -39   -39   -38   -37   -35   -32   -29   -25   -23   -20   -17   -16   -15   -14    -9     1    10    13    14
         13    12    10     9     8     6     5     4     3     3     2     2     1     1     1     1     1     1     1     1
          1     1     2     2     2     2     2     2     2     2     2     2     2     2     2
  67   1000   987   949   890   815   728   634   538   445   357   276   203   140    89    49    19    -2   -17   -27   -34
        -38   -40   -40   -39   -37   -34   -31   -27   -24   -21   -18   -17   -15   -14    -9     1    10    13    14    13
         12    11     9     8     6     5     4     3     3     2     2     1     1     1     1     1     1     1     1     1
          1     2     2     2     2     2     2     2     2     2     2     2     2     2
  68   1000   987   951   893   819   734   642   548   455   366   283   209   147    96    56    25     1   -14   -26   -34
        -38   -40   -40   -39   -36   -33   -29   -26   -22   -19   -17   -16   -14    -9     1     9    13    14    13    12
         10     9     8     6     5     4     3     3     2     2     1     1     1     1     1     1     1     1     1     1
          2     2     2     2     2     2     2     2     2     2     2     2     2
  69   1000   988   952   896   824   741   650   556   463   372   288   215   153   102    61    28     4   -13   -25   -33
        -38   -40   -40   -37   -34   -30   -27   -23   -20   -18   -16   -14    -9     1     9    12    13    13    12    10
          9     8     6     5     4     3     3     2     2     1     1     1     1     1     1     1     1     1     1     2
          2     2     2     2     2     2     2     2     2     2     2     2
  70   1000   988   953   899   829   746   656   562   467   376   293   220   158   106    64    31     6   -12   -25   -33
        -38   -39   -38   -35   -31   -28   -24   -21   -18   -16   -14    -9     0     9    12    13    12    11    10     9
          7     6     5     4     3     3     2     2     1     1     1     1     1     1     1     1     1     1     2     2
          2     2     2     2     2     2     2     2     2     2     2
  71   1000   988   954   901   832   750   660   564   468   378   296   224   162   109    67    33     6   -11   -24   -32
        -36   -36   -35   -31   -28   -24   -21   -18   -16   -13    -8     0     8    11    12    12    11    10     8     7
          6     5     4     3     3     2     2     1     1     1     1     1     1     1     1     1     1     2     2     2
          2     2     2     2     2     2     2     2     2     2
  72   1000   989   955   903   834   752   660   564   469   380   299   227   164   112    68    33     7   -10   -23   -29
        -32   -32   -30   -28   -24   -20   -18   -15   -12    -8     0     7    10    11    11    10     9     8     7     6
          5     4     3     2     2     2     1     1     1     1     1     1     1     1     1     1     1     2     2     2
          2     2     2     2     2     2     2     2     2
  73   1000   989   956   904   835   751   658   563   470   383   302   229   166   113    68    34     9    -8   -19   -25
        -27   -27   -25   -22   -19   -16   -13   -11    -6     0     6     9    10    10     9     8     7     6     5     4
          4     3     2     2     2     1     1     1     1     1     1     1     1     1     1     1     2     2     2     2
          2     2     2     2     2     2     2     2
  74   1000   989   956   904   833   748   657   563   472   385   304   231   168   114    70    37    13    -3   -13   -18
        -20   -20   -18   -16   -13   -10    -8    -4     1     5     8     8     8     8     7     6     6     5     4     3
          3     2     2     1     1     1     1     1     1     1     1     1     1     1     1     1     2     2     2     2
          2     2     2     2     2     2     2
  75   1000   989   956   902   830   746   657   566   475   387   307   234   170   117    75    43    20     5    -4    -9
        -11   -11    -9    -7    -5    -2     0     2     5     6     7     7     6     6     5     5     4     3     3     2
          2     2     1     1     1     1     1     1     1     1     1     1     1     1     1     1     2     2     2     2
          2     2     2     2     2     1
  76   1000   989   954   899   829   747   660   570   479   392   311   238   175   124    84    54    32    18     8     3
          1     0     2     4     5     6     5     4     4     4     5     4     4     4     4     3     3     2     2     2
          1     1     1     1     1     1     1     1     1     1     1     1     1     1     1     1     1     1     1     1
          1     1     1     1     1
  77   1000   988   953   900   831   753   666   576   486   399   318   247   187   138   100    71    50    35    26    21
         18    18    18    19    17    11     5     2     2     2     2     2     2     2     2     2     2     1     1     1
          1     1     1     1     1     1     1     1     1     1     1     1     1     1     1     1     1     1     1     1
          1     1     1     1
  78   1000   988   955   903   837   760   674   584   495   409   331   263   206   159   123    95    73    59    49    43
         40    39    39    33    18     6     0     0    -1     0     0     0     0     0     0     1     1     1     1     1
          1     1     1     1     1     1     1     1     1     1     1     1     1     1     1     1     1     1     1     1
          1     1     1
  79   1000   989   957   908   843   766   681   593   505   422   347   282   228   183   147   118    98    82    71    66
         62    60    50    27     7    -1    -4    -4    -4    -3    -2    -1    -1     0     0     0     0     0     0     0
          1     1     1     1     1     0     0     0     0     0     0     0     0     0     0     0     0     0     0     0
          0     0
  80   1000   989   959   910   846   770   686   599   513   433   360   297   243   199   162   134   112    96    87    81
         76    62    32     7    -4    -7    -8    -7    -6    -5    -3    -2    -1    -1     0     0     0     0     0     0
          0     0     0     0     0     0     0     0     0     0     0     0     0     0     0     0     0     0     0     0
          0
  81   1000   990   959   911   847   772   689   603   519   441   370   307   254   208   173   143   121   107    97    89
         71    36     6    -7   -11   -12   -11    -9    -7    -6    -4    -3    -2    -1     0     0     0     0     0     0
          0     0     0     0     0     0     0     0     0     0     0     0     0     0     0     0     0     0     0     0
  82   1000   990   959   911   847   772   689   604   520   443   372   310   255   211   173   144   124   109    98    77
         37     4   -10   -15   -15   -14   -12   -10    -8    -6    -4    -3    -2    -1     0     0     0     0     0     0
          0     0     0     0     0     0     0     0     0     0     0     0     0     0     0     0     0     0     0
  83   1000   990   959   911   846   771   688   603   521   444   374   311   257   211   173   146   125   109    84    40
          3   -13   -18   -19   -18   -15   -13   -10    -8    -6    -4    -3    -2    -1     0     0     0     0     0     0
          0     0     0     0     0     0     0    -1    -1    -1    -1    -1    -1    -1    -1    -1    -1    -1
  84   1000   990   959   910   845   769   687   604   523   447   376   314   258   212   177   149   127    96    46     4
        -14   -21   -23   -22   -19   -16   -13   -10    -8    -6    -4    -3    -2    -1     0     0     0     0     0     0
          0     0     0    -1    -1    -1    -1    -1    -2    -2    -2    -2    -2    -2    -2    -2    -1
  85   1000   990   958   908   843   767   686   605   524   448   377   313   258   214   178   149   112    55     8   -14
        -23   -26   -25   -23   -20   -16   -13   -10    -8    -6    -4    -3    -2    -1    -1     0     0     0     0     0
         -1    -1    -1    -2    -2    -2    -2    -3    -3    -3    -3    -3    -3    -3    -3    -2
  86   1000   989   958   907   842   769   691   610   530   454   382   319   265   221   184   138    72    17   -11   -24
        -28   -28   -26   -23   -20   -16   -13   -10    -8    -6    -4    -3    -2    -1    -1    -1    -1    -1    -1    -1
         -2    -2    -3    -3    -3    -4    -4    -4    -4    -4    -4    -4    -4    -4    -3
  87   1000   989   958   909   847   777   700   620   541   464   393   331   278   232   177    98    32    -4   -21   -29
        -31   -30   -27   -23   -19   -16   -12   -10    -7    -5    -4    -3    -2    -2    -1    -1    -2    -2    -2    -3
         -3    -4    -4    -5    -5    -6    -6    -6    -6    -6    -6    -6    -5    -5
  88   1000   989   958   912   852   783   707   628   549   472   403   341   287   222   131    52     8   -14   -26   -31
        -31   -29   -26   -22   -18   -15   -12    -9    -7    -5    -4    -3    -2    -2    -2    -2    -3    -3    -4    -4
         -5    -6    -6    -7    -7    -8    -8    -8    -8    -8    -7    -7    -6
  89   1000   990   961   917   859   791   716   637   558   484   415   353   278   173    81    26    -3   -20   -28   -31
        -30   -28   -25   -21   -17   -14   -11    -8    -6    -5    -4    -3    -3    -3    -3    -4    -4    -5    -6    -7
         -7    -8    -9    -9   -10   -10   -10   -10   -10    -9    -9    -8
  90   1000   990   963   920   864   797   722   644   567   493   424   340   223   117    52    14    -8   -21   -27   -29
        -28   -26   -22   -19   -15   -12   -10    -8    -6    -5    -4    -4    -4    -4    -5    -6    -6    -7    -8    -9
        -10   -11   -11   -12   -12   -12   -12   -12   -12   -11   -10
  91   1000   991   964   922   866   798   724   647   571   496   406   279   162    86    39     9    -8   -19   -24   -25
        -25   -22   -20   -16   -13   -11    -9    -7    -6    -5    -5    -5    -5    -6    -7    -8    -9   -10   -11   -12
        -13   -14   -14   -14   -15   -15   -14   -14   -13   -12
  92   1000   991   964   922   865   798   725   648   570   475   342   215   130    74    36    11    -5   -14   -19   -21
        -21   -19   -17   -14   -12   -10    -8    -7    -6    -6    -6    -7    -7    -8    -9   -10   -12   -13   -14   -15
        -16   -16   -17   -17   -17   -17   -16   -15   -14
  93   1000   991   964   921   864   798   724   646   550   413   278   184   118    71    38    15     0    -9   -14   -16
        -16   -15   -14   -12   -10    -9    -8    -7    -7    -7    -8    -8    -9   -11   -12   -13   -15   -16   -17   -18
        -19   -19   -19   -19   -19   -18   -17   -16
  94   1000   991   964   920   864   796   721   627   490   352   249   174   118    76    45    22     7    -2    -8   -11
        -12   -12   -11   -10    -9    -8    -8    -8    -8    -9   -10   -11   -12   -14   -15   -16   -18   -19   -20   -21
        -21   -22   -22   -21   -20   -19   -18
  95   1000   991   963   920   863   795   706   573   432   323   239   174   123    83    53    30    15     4    -2    -6
         -8    -8    -8    -8    -8    -8    -8    -9   -10   -11   -12   -13   -15   -17   -18   -20   -21   -22   -23   -24
        -24   -24   -23   -22   -21   -20
  96   1000   991   963   920   862   782   658   519   406   316   243   182   133    93    63    40    23    11     3    -1
         -4    -6    -7    -7    -8    -8    -9   -10   -12   -13   -15   -16   -18   -20   -21   -23   -24   -25   -26   -26
        -26   -25   -24   -23   -21
  97   1000   991   963   919   853   741   608   495   401   320   251   193   144   104    73    49    31    18     9     3
          0    -3    -5    -7    -8    -9   -11   -12   -14   -16   -17   -19   -21   -23   -24   -26   -27   -27   -27   -27
        -27   -26   -24   -23
  98   1000   991   963   912   815   692   582   487   403   328   261   204   155   115    83    58    39    24    14     6
          1    -2    -4    -7    -9   -11   -12   -14   -16   -18   -20   -22   -24   -25   -27   -28   -28   -29   -28   -28
        -27   -25   -24
  99   1000   991   958   880   770   668   576   491   412   339   273   216   167   126    92    66    45    30    18     9
          3    -1    -4    -7   -10   -12   -14   -16   -18   -20   -22   -24   -26   -27   -28   -29   -29   -29   -29   -28
        -26   -24
 100   1000   988   931   838   749   664   582   501   424   352   287   229   178   136   101    73    51    34    21    12
          4     0    -5    -8   -11   -14   -16   -18   -21   -23   -25   -26   -28   -29   -29   -30   -30   -29   -28   -26
        -25
 101   1000   976   911   840   766   689   610   530   451   377   309   248   195   150   112    82    58    39    24    13
          5     0    -5    -9   -13   -16   -18   -21   -23   -25   -26   -28   -29   -30   -30   -30   -29   -28   -27   -25
 102   1000   979   935   879   812   737   656   573   490   411   339   273   215   166   125    91    65    44    27    15
          6    -1    -6   -11   -14   -17   -20   -22   -24   -26   -27   -29   -29   -30   -29   -29   -28   -26   -25
 103   1000   987   953   902   838   763   681   596   512   431   355   287   227   175   132    97    68    46    29    16
          6    -1    -7   -11   -15   -18   -21   -23   -24   -26   -27   -28   -28   -28   -27   -26   -25   -23
 104   1000   989   958   909   846   771   690   605   520   438   362   293   231   179   135    99    70    47    29    16
          5    -1    -7   -12   -15   -18   -21   -22   -24   -25   -26   -26   -26   -25   -24   -23   -22
 105   1000   990   959   911   849   775   694   610   525   442   366   296   234   181   136   100    70    47    29    16
          5    -2    -7   -12   -15   -18   -20   -21   -23   -23   -24   -24   -23   -22   -21   -20
 106   1000   990   960   913   851   778   697   612   527   445   367   297   235   182   137   100    70    47    29    15
          5    -2    -7   -12   -15   -17   -19   -20   -21   -21   -21   -21   -20   -19   -18
 107   1000   990   961   914   852   779   699   614   528   446   368   298   235   182   137   100    70    47    29    15
          5    -1    -7   -11   -14   -16   -17   -18   -19   -19   -19   -18   -17   -16
 108   1000   990   961   914   853   780   699   614   529   446   368   298   235   182   137   100    70    47    29    16
          6    -1    -6   -10   -13   -14   -16   -16   -16   -16   -16   -15   -14
 109   1000   990   961   915   853   780   700   614   529   446   368   297   235   181   136   100    70    47    29    16
          6     0    -5    -9   -11   -13   -13   -14   -14   -14   -13   -12
 110   1000   990   961   915   853   780   699   614   528   445   368   297   235   181   136    99    70    47    30    17
          7     0    -4    -7    -9   -11   -11   -11   -11   -11   -10
 111   1000   990   961   915   853   780   699   614   528   445   367   296   234   181   136   100    70    48    31    18
          8     2    -2    -5    -7    -8    -9    -9    -9    -8
 112   1000   990   961   915   853   780   699   613   527   444   367   296   234   181   136   100    71    48    31    19
          9     3    -1    -4    -5    -7    -7    -7    -7
 113   1000   990   961   914   853   779   698   613   527   444   366   296   234   181   136   100    71    49    32    20
         11     4     0    -2    -4    -5    -5    -5
 114   1000   990   961   914   852   779   698   612   527   444   366   296   234   181   137   101    72    50    33    21
         12     5     1    -1    -2    -3    -4
 115   1000   990   961   914   852   779   697   612   526   443   366   296   234   181   137   101    73    51    34    22
         13     7     3     0    -1    -2
 116   1000   990   961   914   852   779   697   612   526   443   366   296   234   182   137   102    73    51    35    23
         14     8     4     1     0
 117   1000   990   961   914   852   778   697   612   526   444   366   296   235   182   138   102    74    52    35    23
         15     9     4     2
 118   1000   990   961   914   852   778   697   612   526   444   366   296   235   182   138   103    74    52    36    24
         15     9     5
 119   1000   990   961   914   852   778   697   612   526   444   366   297   235   182   138   103    75    53    36    24
         16    10
 120   1000   990   961   914   852   778   697   612   526   444   367   297   235   182   139   103    75    53    37    25
         16
 121   1000   990   961   914   852   778   697   612   526   444   367   297   235   183   139   103    75    53    37    25
 122   1000   990   961   914   852   778   697   612   526   444   367   297   235   182   139   103    75    53    37
 123   1000   990   961   914   852   778   697   612   526   444   366   296   235   182   139   103    75    53
 124   1000   990   961   914   852   778   697   612   526   444   366   296   235   182   139   103    75
 125   1000   990   961   914   852   778   697   612   526   443   366   296   235   182   138   103
 126   1000   990   961   914   852   778   697   612   526   443   366   296   235   182   138
 127   1000   990   961   914   852   778   697   611   526   443   366   296   234   182
 128   1000   990   961   914   852   778   697   611   525   443   365   296   234
 129   1000   990   961   914   852   778   696   611   525   443   365   296
 130   1000   990   961   914   852   778   696   611   525   443   365
 131   1000   990   961   914   851   778   696   611   525   443
 132   1000   990   961   913   851   778   696   611   525
 133   1000   990   961   913   851   778   696   611
 134   1000   990   961   913   851   778   696
 135   1000   990   961   913   851   778
 136   1000   990   961   914   852
 137   1000   990   961   914
 138   1000   990   961
 139   1000   990
 140   1000

 Finished!
