NIF_RUN
  100    9    1    0    1
   0.00500   9.00000   0.03000   0.03000
   0.0000000   0   0 1.00000000E+00   1.0000000
ZR902    3.975E-14 0.030       0.00       0.00        (    )
NI582    5.906E-15 0.030       0.00       0.00        (    )
NI58P    2.607E-14 0.030       0.00       0.00        (    )
IN115N   2.785E-15 0.030       0.00       0.00        (    )
IN115G   6.428E-14 0.030       0.00       0.00        (    )
AU197G   6.092E-14 0.030       0.00       0.00        (    )
AU1972   2.436E-13 0.030       0.00       0.00        (    )
AL27A    5.396E-15 0.030       0.00       0.00        (    )
TA181G   4.566E-13 0.030       0.00       0.00        (    )
Flux Uncertainty
   4
 9.9000E-08 1.0000E-02 1.5000E+00 2.0100E+01
 1.0000E-09 1.0000E-05 1.0000E-09 1.0000E-09
Flux Data
  45   0 1.000E+00 2.000E+01 5.000E-08
 4.1417E-07 1.1300E-06 3.0067E-06 1.0700E-05 2.9000E-05 1.0100E-04 2.7499E-04
 5.8291E-04 1.2300E-03 3.3500E-03 1.0300E-02 2.2000E-02 2.5000E-02 3.4000E-02
 5.2500E-02 1.1000E-01 1.6000E-01 2.5000E-01 3.6000E-01 5.5000E-01 6.3000E-01
 7.4000E-01 8.0000E-01 9.6000E-01 1.1000E+00 1.4000E+00 1.8000E+00 2.3000E+00
 2.4000E+00 3.0000E+00 4.1000E+00 4.7000E+00 5.0000E+00 6.4000E+00 7.4000E+00
 8.2000E+00 9.1000E+00 1.0000E+01 1.1100E+01 1.2200E+01 1.2500E+01 1.3800E+01
 1.4200E+01 1.4900E+01 1.6900E+01 1.9600E+01
 2.0500E-06 2.0500E-06 2.0500E-06 2.0500E-06 2.0500E-06 5.4800E-06 5.1800E-05
 7.2600E-05 1.3600E-04 3.3800E-04 1.4300E-03 3.6800E-03 1.0500E-03 4.8200E-03
 6.7900E-03 3.1400E-02 2.9000E-02 4.9300E-02 6.8000E-02 9.0300E-02 4.1000E-02
 4.5200E-02 3.1200E-02 5.1900E-02 4.6500E-02 7.5700E-02 7.1800E-02 5.7600E-02
 7.4800E-03 4.3000E-02 3.7400E-02 1.3700E-02 3.8500E-03 1.6500E-02 8.5600E-03
 5.0700E-03 5.0200E-03 5.6300E-03 6.6100E-03 6.4800E-03 1.9900E-03 2.4200E-02
 1.0300E-01 4.2900E-03 2.9800E-05
    4    4    4    5    5    5    5    5    4    4

  Warning:  The mini-spectrum for summary output does not include  55 energy
              groups at the high energy end.  Adjust your mini-spectrum
              groupings if you want to include all groups.




                         ==============================
                               STAYSL PNNL OUTPUT
                         ==============================

 STAYSL PNNL, version 1.0.2, 2013-Jan-07  


 SCENARIO TITLE: NIF_RUN
 -------------------------------------------------------------------------------
  NGROUP =   100    NRXN =     9    ACTIVITY NORM = 1.00000E+00

  COVARIANCE PARAMETERS (FCHN, FCVX, ACVX, FS)
    FLUXES:      WIDTH =  9.0000E+00   LONG RANGE COVAR. =  3.0000E-02
            ACTIVITIES =  5.0000E-03   X-SECT CROSS COR. =  3.0000E-02

    DETERM =   2.3593 × 10^  10.00      ERROR =   6.1679E-18

  INPUT NORMALIZATION DATA
    AK1   =     0.00000     VAK        =     0.00090
    NORML =           0     RENORM     = ***********
    CHI²  =  7125.98127     NORM. CHI² =   890.74766

  DOSIMETRY ACTIVITIES
     ———— INPUTS —————  -UNADJUSTED FLUX-  — ADJUSTED FLUX —    CHI²  90% ACTIVITIES RANGE
 RXN  MEASURED     ±%   ACTIVITY    %DIFF  ACTIVITY    %DIFF  CONTRIB --LOW E-- --HIGH E--   REACTION          CVR
  1  3.975E+10    3.00  1.621E+09  -95.92  1.305E+09  -96.72  880.956  1.30E+01  1.50E+01  ZR90(N,2N)ZR89          
  2  5.906E+09    3.00  7.185E+07  -98.78  5.783E+07  -99.02  925.614  1.30E+01  1.50E+01  NI58(N,2N)NI57          
  3  2.607E+10    3.00  2.885E+09  -88.93  2.322E+09  -91.09  780.192  2.00E+00  1.40E+01  NI58(N,P)CO58           
  4  2.785E+09    3.00  3.511E+09   26.06  2.826E+09    1.47  110.499  1.00E+00  1.20E+01  IN115(N,N')IN115M       
  5  6.428E+10    3.00  3.366E+09  -94.76  2.709E+09  -95.79  860.171  1.50E-02  2.30E+00  IN115(N,G)IN116M        
  6  6.092E+10    3.00  2.356E+09  -96.13  1.896E+09  -96.89  884.261  2.70E-03  2.00E+00  AU197(N,G)AU198         
  7  2.436E+11    3.00  6.017E+09  -97.53  4.843E+09  -98.01  905.785  1.10E+01  1.50E+01  AU197(N,2N)AU196        
  8  5.396E+09    3.00  3.617E+08  -93.30  2.912E+08  -94.60  842.263  8.20E+00  1.50E+01  AL27(N,A)NA24           
  9  4.566E+11    3.00  2.544E+09  -99.44  2.048E+09  -99.55  936.239  1.50E-02  2.00E+00  TA181(N,G)TA182         

             % STD. DEV.  =         96.10              96.49

                              CHECK INPUT, IT IS RATHER UNLIKELY !
                                   *** BEWARE OF OUTPUT ! ***


  DIFFERENTIAL FLUXES (input is normalized by a factor of 2.4164E+10)
                  —————— DIFFERENTIAL FLUX —————   ———— STD. DEV. % ————   INTEGRAL
 GRP    ENERGY        NEW         OLD      RATIO    NEW     OLD    RATIO   FLUX > E     ± %
  11  5.5000E-07  2.5646E+10  3.1862E+10   0.805    2.07    3.00   0.692  2.0642E+10    2.07
  12  8.4000E-07  4.2698E+10  5.3047E+10   0.805    2.07    3.00   0.692  2.0642E+10    2.07
  13  1.2750E-06  2.8594E+10  3.5525E+10   0.805    2.07    3.00   0.692  2.0642E+10    2.07
  14  1.9000E-06  1.8979E+10  2.3579E+10   0.805    2.07    3.00   0.692  2.0642E+10    2.07
  15  2.8000E-06  1.1985E+10  1.4890E+10   0.805    2.07    3.00   0.692  2.0642E+10    2.07
  16  4.2500E-06  7.4105E+09  9.2066E+09   0.805    2.07    3.00   0.692  2.0642E+10    2.07
  17  6.3000E-06  4.9001E+09  6.0877E+09   0.805    2.07    3.00   0.692  2.0642E+10    2.07
  18  9.2000E-06  3.5301E+09  4.3857E+09   0.805    2.07    3.00   0.692  2.0642E+10    2.07
  19  1.3500E-05  2.5123E+09  3.1212E+09   0.805    2.07    3.00   0.692  2.0642E+10    2.07
  20  2.1000E-05  1.6970E+09  2.1083E+09   0.805    2.07    3.00   0.692  2.0642E+10    2.07
  21  3.0000E-05  1.0996E+09  1.3661E+09   0.805    2.07    3.00   0.692  2.0642E+10    2.07
  22  4.5000E-05  7.0185E+08  8.7196E+08   0.805    2.07    3.00   0.692  2.0642E+10    2.07
  23  6.9000E-05  5.6694E+08  7.0435E+08   0.805    2.07    3.00   0.692  2.0642E+10    2.07
  24  1.0000E-04  5.8528E+08  7.2714E+08   0.805    2.07    3.00   0.692  2.0642E+10    2.07
  25  1.3500E-04  6.0020E+08  7.4567E+08   0.805    2.07    3.00   0.692  2.0642E+10    2.07
  26  1.7000E-04  7.2491E+08  9.0061E+08   0.805    2.07    3.00   0.692  2.0642E+10    2.07
  27  2.2000E-04  1.1094E+09  1.3783E+09   0.805    2.07    3.00   0.692  2.0642E+10    2.07
  28  2.8000E-04  1.8340E+09  2.2785E+09   0.805    2.07    3.00   0.692  2.0642E+10    2.07
  29  3.6000E-04  2.7402E+09  3.4044E+09   0.805    2.07    3.00   0.692  2.0642E+10    2.07
  30  4.5000E-04  2.9901E+09  3.7149E+09   0.805    2.07    3.00   0.692  2.0642E+10    2.07
  31  5.7500E-04  2.5963E+09  3.2256E+09   0.805    2.07    3.00   0.692  2.0641E+10    2.07
  32  7.6000E-04  2.2543E+09  2.8007E+09   0.805    2.07    3.00   0.692  2.0641E+10    2.07
  33  9.6000E-04  1.9421E+09  2.4129E+09   0.805    2.07    3.00   0.692  2.0640E+10    2.07
  34  1.2750E-03  1.6627E+09  2.0657E+09   0.805    2.07    3.00   0.692  2.0640E+10    2.07
  35  1.6000E-03  1.4515E+09  1.8033E+09   0.805    2.07    3.00   0.692  2.0639E+10    2.07
  36  2.0000E-03  1.2753E+09  1.5844E+09   0.805    2.07    3.00   0.692  2.0639E+10    2.07
  37  2.7000E-03  1.1627E+09  1.4445E+09   0.805    2.07    3.00   0.692  2.0638E+10    2.07
  38  3.4000E-03  1.0900E+09  1.3542E+09   0.805    2.07    3.00   0.692  2.0637E+10    2.07
  39  4.5000E-03  1.0252E+09  1.2737E+09   0.805    2.07    3.00   0.692  2.0636E+10    2.07
  40  5.5000E-03  1.0004E+09  1.2429E+09   0.805    2.07    3.00   0.692  2.0635E+10    2.07
  41  7.2000E-03  1.1518E+09  1.4310E+09   0.805    2.07    3.00   0.692  2.0633E+10    2.07
  42  9.2000E-03  1.5160E+09  1.8835E+09   0.805    2.07    3.00   0.692  2.0631E+10    2.07
  43  1.2000E-02  1.9633E+09  2.4392E+09   0.805    2.07    3.00   0.692  2.0626E+10    2.07
  44  1.5000E-02  4.3269E+09  5.3757E+09   0.805    2.07    3.00   0.692  2.0621E+10    2.07
  45  1.9000E-02  8.3525E+09  1.0377E+10   0.805    2.07    3.00   0.692  2.0603E+10    2.07
  46  2.5500E-02  6.4698E+09  8.0379E+09   0.805    2.07    3.00   0.692  2.0549E+10    2.07
  47  3.2000E-02  3.4964E+09  4.3438E+09   0.805    2.07    3.00   0.692  2.0507E+10    2.07
  48  4.0000E-02  4.1371E+09  5.1399E+09   0.805    2.07    3.00   0.692  2.0479E+10    2.07
  49  5.2500E-02  3.4774E+09  4.3203E+09   0.805    2.07    3.00   0.692  2.0427E+10    2.07
  50  6.6000E-02  2.9841E+09  3.7074E+09   0.805    2.07    3.00   0.692  2.0380E+10    2.07
  51  8.8000E-02  4.6060E+09  5.7224E+09   0.805    2.07    3.00   0.692  2.0315E+10    2.07
  52  1.1000E-01  9.2199E+09  1.1455E+10   0.805    2.07    3.00   0.692  2.0213E+10    2.07
  53  1.3500E-01  1.0763E+10  1.3372E+10   0.805    2.07    3.00   0.692  1.9983E+10    2.07
  54  1.6000E-01  8.1937E+09  1.0180E+10   0.805    2.07    3.00   0.692  1.9714E+10    2.07
  55  1.9000E-01  6.8610E+09  8.5239E+09   0.805    2.07    3.00   0.692  1.9468E+10    2.07
  56  2.2000E-01  7.0793E+09  8.7951E+09   0.805    2.07    3.00   0.692  1.9262E+10    2.07
  57  2.5500E-01  7.9362E+09  9.8597E+09   0.805    2.07    3.00   0.692  1.9014E+10    2.07
  58  2.9000E-01  8.4223E+09  1.0464E+10   0.805    2.07    3.00   0.692  1.8736E+10    2.07
  59  3.2000E-01  8.2130E+09  1.0204E+10   0.805    2.07    3.00   0.692  1.8484E+10    2.07
  60  3.6000E-01  7.7127E+09  9.5820E+09   0.805    2.07    3.00   0.692  1.8155E+10    2.07
  61  4.0000E-01  7.2444E+09  9.0002E+09   0.805    2.07    3.00   0.692  1.7847E+10    2.07
  62  4.5000E-01  8.7833E+09  1.0912E+10   0.805    2.07    3.00   0.692  1.7485E+10    2.07
  63  5.0000E-01  1.3329E+10  1.6560E+10   0.805    2.07    3.00   0.692  1.7045E+10    2.07
  64  5.5000E-01  1.7738E+10  2.2038E+10   0.805    2.07    3.00   0.692  1.6379E+10    2.07
  65  6.0000E-01  1.4466E+10  1.7973E+10   0.805    2.07    3.00   0.692  1.5492E+10    2.07
  66  6.6000E-01  9.6685E+09  1.2012E+10   0.805    2.07    3.00   0.692  1.4624E+10    2.07
  67  7.2000E-01  1.1321E+10  1.4065E+10   0.805    2.07    3.00   0.692  1.4044E+10    2.07
  68  7.8000E-01  9.4660E+09  1.1760E+10   0.805    2.07    3.00   0.692  1.3365E+10    2.07
  69  8.4000E-01  5.3104E+09  6.5976E+09   0.805    2.07    3.00   0.692  1.2797E+10    2.07
  70  9.2000E-01  5.4691E+09  6.7947E+09   0.805    2.07    3.00   0.692  1.2372E+10    2.07
  71  1.0000E+00  5.0072E+09  6.2208E+09   0.805    2.07    3.00   0.692  1.1934E+10    2.07
  72  1.2000E+00  3.4638E+09  4.3033E+09   0.805    2.07    3.00   0.692  1.0933E+10    2.07
  73  1.4000E+00  3.4925E+09  4.3391E+09   0.805    2.07    3.00   0.692  1.0240E+10    2.07
  74  1.6000E+00  3.4547E+09  4.2920E+09   0.805    2.07    3.00   0.692  9.5417E+09    2.07
  75  1.8000E+00  3.0497E+09  3.7888E+09   0.805    2.07    3.00   0.692  8.8507E+09    2.07
  76  2.0000E+00  5.9366E+09  7.3755E+09   0.805    2.07    3.00   0.692  8.2408E+09    2.07
  77  2.3000E+00  4.8448E+09  6.0191E+09   0.805    2.07    3.00   0.692  6.4598E+09    2.07
  78  2.6000E+00  5.0707E+08  6.2997E+08   0.805    2.07    3.00   0.692  5.0064E+09    2.07
  79  2.9000E+00  4.4364E+08  5.5117E+08   0.805    2.07    3.00   0.692  4.8543E+09    2.07
  80  3.3000E+00  6.9620E+08  8.6494E+08   0.805    2.07    3.00   0.692  4.6768E+09    2.07
  81  3.7000E+00  9.3588E+08  1.1627E+09   0.805    2.07    3.00   0.692  4.3983E+09    2.07
  82  4.1000E+00  1.0841E+09  1.3469E+09   0.805    2.07    3.00   0.692  4.0240E+09    2.07
  83  4.5000E+00  8.2561E+08  1.0257E+09   0.805    2.07    3.00   0.692  3.5903E+09    2.07
  84  5.0000E+00  3.1120E+08  3.8663E+08   0.805    2.07    3.00   0.692  3.1775E+09    2.07
  85  5.5000E+00  9.3053E+07  1.1561E+08   0.805    2.07    3.00   0.692  3.0219E+09    2.07
  86  6.0000E+00  1.6505E+08  2.0505E+08   0.805    2.07    3.00   0.692  2.9754E+09    2.07
  87  6.7000E+00  2.4711E+08  3.0700E+08   0.805    2.07    3.00   0.692  2.8599E+09    2.07
  88  7.4000E+00  2.0163E+08  2.5051E+08   0.805    2.07    3.00   0.692  2.6869E+09    2.07
  89  8.2000E+00  1.3087E+08  1.6260E+08   0.805    2.07    3.00   0.692  2.5256E+09    2.07
  90  9.0000E+00  1.0670E+08  1.3256E+08   0.805    2.07    3.00   0.692  2.4209E+09    2.07
  91  1.0000E+01  1.0538E+08  1.3093E+08   0.805    2.07    3.00   0.692  2.3142E+09    2.07
  92  1.1000E+01  1.6509E+08  2.0510E+08   0.805    2.07    3.00   0.692  2.2088E+09    2.07
  93  1.2000E+01  1.3598E+08  1.6894E+08   0.805    2.07    3.00   0.692  2.0437E+09    2.07
  94  1.3000E+01  6.1252E+08  7.6098E+08   0.805    2.07    3.00   0.692  1.9077E+09    2.07
  95  1.4000E+01  9.2353E+08  1.1474E+09   0.805    2.07    3.00   0.692  1.2952E+09    2.07
  96  1.5000E+01  3.5157E+08  4.3679E+08   0.805    2.07    3.00   0.692  3.7168E+08    2.07
  97  1.6000E+01  1.8032E+07  2.2402E+07   0.805    2.07    3.00   0.692  2.0108E+07    2.07
  98  1.7000E+01  1.7989E+06  2.2349E+06   0.805    2.07    3.00   0.692  2.0762E+06    2.07
  99  1.8000E+01  2.2957E+05  2.8521E+05   0.805    2.07    3.00   0.692  2.7727E+05    2.07
 100  1.9000E+01  4.7705E+04  5.9267E+04   0.805    2.07    3.00   0.692  4.7705E+04    2.07
      2.0000E+01

  INTEGRALS OF SPECTRA
    OLD SPECTRUM   2.5646E+10   ±    3.000 %
    NEW SPECTRUM   2.0642E+10   ±    2.075 %

  SUMMARY OF BROAD-GROUP FLUXES, FLUENCES, AND UNCERTAINTIES

    IRRAD TIME [S] = 1.00000000E+00   ACT NORM =  1.00000000E+00

       ENERGY       FLUX       FLUENCE      STDEV %
      thermal    0.0000E+00  0.0000E+00  ±    NaN     (1E-4 eV – 0.55 eV)
     epithermal  4.2912E+08  4.2912E+08  ±   2.07     (0.55 eV – 110 keV)
        fast     2.0213E+10  2.0213E+10  ±   2.07     (110 keV –  20 MeV)
        fast     1.1934E+10  1.1934E+10  ±   2.07     (  1 MeV –  20 MeV)

    MINI-SPECTRUM

       ENERGY       FLUX       FLUENCE      STDEV %
     1.0000E-10  1.0000E+00  1.0000E+00  ± 100.00
     5.0000E-08  1.0000E+00  1.0000E+00  ± 100.00
     2.5500E-07  2.6011E+04  2.6011E+04  ±   2.07
     1.2750E-06  8.1733E+04  8.1733E+04  ±   2.07
     9.2000E-06  8.2633E+04  8.2633E+04  ±   2.07
     6.9000E-05  1.6188E+05  1.6188E+05  ±   2.07
     2.8000E-04  1.6983E+06  1.6983E+06  ±   2.07
     9.6000E-04  3.4394E+06  3.4394E+06  ±   2.07
     3.4000E-03  6.2285E+06  6.2285E+06  ±   2.07
     9.2000E-03  8.1734E+07  8.1734E+07  ±   2.07
     2.5500E-02

       TOTAL     2.0642E+10  2.0642E+10  ±   2.07

    RELATIVE COVARIANCES (10×10)
     1000     0     0     0     0     0     0     0     0     0
     1000     0     0     0     0     0     0     0     0
     1000  1000  1000  1000  1000  1000  1000  1000
     1000  1000  1000  1000  1000  1000  1000
     1000  1000  1000  1000  1000  1000
     1000  1000  1000  1000  1000
     1000  1000  1000  1000
     1000  1000  1000
     1000  1000
     1000

  SPECTRAL-AVERAGED REACTION RATES (for all cross section library reactions)

        REACTIONS        SIG-PHI      <SIG>          REACTIONS        SIG-PHI      <SIG>          REACTIONS        SIG-PHI      <SIG>  
   ------------------  ----------  ----------   ------------------  ----------  ----------   ------------------  ----------  ----------
   LI6(N,A)T           7.4190E-15  3.5941E-25   FE54(N,A)CR51       2.1605E-16  1.0466E-26   IN115(N,N')IN115M   2.8259E-15  1.3690E-25
   B10(N,A)LI7         1.0396E-14  5.0362E-25   FE56(N,P)MN56       2.7439E-16  1.3293E-26   IN115(N,2N)IN114M   2.7192E-15  1.3173E-25
   F19(N,2N)F18        7.8679E-17  3.8115E-27   FE58(N,G)FE59       4.5669E-17  2.2124E-27   IN115(N,G)IN116M    2.7089E-15  1.3123E-25
   NA23(N,2N)NA22      5.4979E-17  2.6634E-27   CO59(N,2N)CO58      1.4417E-15  6.9840E-26   I127(N,2N)I126      3.5604E-15  1.7248E-25
   NA23(N,G)NA24       6.6578E-18  3.2253E-28   CO59(N,G)CO60       1.1780E-16  5.7066E-27   LA139(N,G)LA140     1.3822E-16  6.6957E-27
   MG24(N,P)NA24       4.7832E-16  2.3172E-26   CO59(N,A)MN56       7.2180E-17  3.4967E-27   PR141(N,2N)PR140    3.5372E-15  1.7135E-25
   AL27(N,P)MG27       2.5242E-16  1.2228E-26   NI58(N,2N)NI57      5.7834E-17  2.8017E-27   TM169(N,2N)TM168    4.5970E-15  2.2270E-25
   AL27(N,A)NA24       2.9117E-16  1.4106E-26   NI58(N,P)CO58       2.3223E-15  1.1250E-25   TA181(N,G)TA182     2.0477E-15  9.9199E-26
   P31(N,P)SI31        5.9481E-16  2.8815E-26   NI60(N,P)CO60       3.5662E-16  1.7276E-26   W186(N,G)W187       7.4128E-16  3.5911E-26
   S32(N,P)P32         1.4737E-15  7.1390E-26   CU63(N,2N)CU62      9.5814E-16  4.6416E-26   AU197(N,2N)AU196    4.8428E-15  2.3460E-25
   TI46(N,2N)TI45      6.5522E-17  3.1741E-27   CU63(N,G)CU64       2.4354E-16  1.1798E-26   AU197(N,G)AU198     1.8960E-15  9.1852E-26
   TI46(N,P)SC46       8.0409E-16  3.8953E-26   CU63(N,A)CO60       1.1172E-16  5.4122E-27   HG199(N,N')HG199M   3.7000E-15  1.7924E-25
   TI47(N,P)SC47       5.1522E-16  2.4959E-26   CU65(N,2N)CU64      1.8870E-15  9.1414E-26   PB204(N,N')PB204M   4.8273E-16  2.3386E-26
   TI47(N,X)SC46       1.0017E-16  4.8527E-27   ZN64(N,P)CU64       9.2697E-16  4.4906E-26   TH232(N,FISSION)    1.9413E-15  9.4043E-26
   TI48(N,P)SC48       1.4379E-16  6.9657E-27   AS75(N,2N)AS74      1.9853E-15  9.6178E-26   TH232(N,G)TH233     2.0771E-15  1.0062E-25
   TI48(N,X)SC47       1.9748E-17  9.5665E-28   Y89(N,2N)Y88        1.7339E-15  8.3998E-26   U235(N,FISSION)     2.7246E-14  1.3199E-24
   TI49(N,X)SC48       1.1580E-17  5.6098E-28   ZR90(N,2N)ZR89      1.3048E-15  6.3212E-26   U238(N,FISSION)     7.0626E-15  3.4214E-25
   V51(N,A)SC48        3.4229E-17  1.6582E-27   NB93(N,G)NB94       6.8586E-16  3.3226E-26   U238(N,G)U239       1.5847E-15  7.6767E-26
   CR52(N,2N)CR51      6.0378E-16  2.9250E-26   NB93(N,N')NB93M     2.1243E-15  1.0291E-25   NP237(N,FISSION)    2.6491E-14  1.2833E-24
   MN55(N,G)MN56       7.3285E-17  3.5502E-27   NB93(N,2N)NB92M     1.0050E-15  4.8684E-26   PU239(N,FISSION)    3.7618E-14  1.8223E-24
   FE54(N,2N)FE53      1.4375E-17  6.9638E-28   RH103(N,N')RH103M   1.1622E-14  5.6302E-25   AM241(N,FISSION)    2.6120E-14  1.2653E-24
   FE54(N,P)MN54       1.8517E-15  8.9702E-26   AG109(N,G)AG110M    2.3346E-16  1.1310E-26   SC45(N,G)SC46       1.2839E-16  6.2199E-27

  INPUT FLUX REL. CORRELATION MATRIX (by row from diagonal)
   1   1000  1000  1000  1000  1000  1000  1000  1000  1000  1000  1000  1000  1000  1000  1000  1000  1000  1000  1000  1000
       1000  1000  1000  1000  1000  1000  1000  1000  1000  1000  1000  1000  1000  1000  1000  1000  1000  1000  1000  1000
       1000  1000  1000  1000  1000  1000  1000  1000  1000  1000  1000  1000  1000  1000  1000  1000  1000  1000  1000  1000
       1000  1000  1000  1000  1000  1000  1000  1000  1000  1000  1000  1000  1000  1000  1000  1000  1000  1000  1000  1000
       1000  1000  1000  1000  1000  1000  1000  1000  1000  1000  1000  1000  1000  1000  1000  1000  1000  1000  1000  1000

  OUTPUT FLUX REL. CORRELATION MATRIX (by row from diagonal)
   1   1000  1000  1000  1000  1000  1000  1000  1000  1000  1000  1000  1000  1000  1000  1000  1000  1000  1000  1000  1000
       1000  1000  1000  1000  1000  1000  1000  1000  1000  1000  1000  1000  1000  1000  1000  1000  1000  1000  1000  1000
       1000  1000  1000  1000  1000  1000  1000  1000  1000  1000  1000  1000  1000  1000  1000  1000  1000  1000  1000  1000
       1000  1000  1000  1000  1000  1000  1000  1000  1000  1000  1000  1000  1000  1000  1000  1000  1000  1000  1000  1000
       1000  1000  1000  1000  1000  1000  1000  1000  1000  1000  1000  1000  1000  1000  1000  1000  1000  1000  1000  1000
   2   1000  1000  1000  1000  1000  1000  1000  1000  1000  1000  1000  1000  1000  1000  1000  1000  1000  1000  1000  1000
       1000  1000  1000  1000  1000  1000  1000  1000  1000  1000  1000  1000  1000  1000  1000  1000  1000  1000  1000  1000
       1000  1000  1000  1000  1000  1000  1000  1000  1000  1000  1000  1000  1000  1000  1000  1000  1000  1000  1000  1000
       1000  1000  1000  1000  1000  1000  1000  1000  1000  1000  1000  1000  1000  1000  1000  1000  1000  1000  1000  1000
       1000  1000  1000  1000  1000  1000  1000  1000  1000  1000  1000  1000  1000  1000  1000  1000  1000  1000  1000
   3   1000  1000  1000  1000  1000  1000  1000  1000  1000  1000  1000  1000  1000  1000  1000  1000  1000  1000  1000  1000
       1000  1000  1000  1000  1000  1000  1000  1000  1000  1000  1000  1000  1000  1000  1000  1000  1000  1000  1000  1000
       1000  1000  1000  1000  1000  1000  1000  1000  1000  1000  1000  1000  1000  1000  1000  1000  1000  1000  1000  1000
       1000  1000  1000  1000  1000  1000  1000  1000  1000  1000  1000  1000  1000  1000  1000  1000  1000  1000  1000  1000
       1000  1000  1000  1000  1000  1000  1000  1000  1000  1000  1000  1000  1000  1000  1000  1000  1000  1000
   4   1000  1000  1000  1000  1000  1000  1000  1000  1000  1000  1000  1000  1000  1000  1000  1000  1000  1000  1000  1000
       1000  1000  1000  1000  1000  1000  1000  1000  1000  1000  1000  1000  1000  1000  1000  1000  1000  1000  1000  1000
       1000  1000  1000  1000  1000  1000  1000  1000  1000  1000  1000  1000  1000  1000  1000  1000  1000  1000  1000  1000
       1000  1000  1000  1000  1000  1000  1000  1000  1000  1000  1000  1000  1000  1000  1000  1000  1000  1000  1000  1000
       1000  1000  1000  1000  1000  1000  1000  1000  1000  1000  1000  1000  1000  1000  1000  1000  1000
   5   1000  1000  1000  1000  1000  1000  1000  1000  1000  1000  1000  1000  1000  1000  1000  1000  1000  1000  1000  1000
       1000  1000  1000  1000  1000  1000  1000  1000  1000  1000  1000  1000  1000  1000  1000  1000  1000  1000  1000  1000
       1000  1000  1000  1000  1000  1000  1000  1000  1000  1000  1000  1000  1000  1000  1000  1000  1000  1000  1000  1000
       1000  1000  1000  1000  1000  1000  1000  1000  1000  1000  1000  1000  1000  1000  1000  1000  1000  1000  1000  1000
       1000  1000  1000  1000  1000  1000  1000  1000  1000  1000  1000  1000  1000  1000  1000  1000
   6   1000  1000  1000  1000  1000  1000  1000  1000  1000  1000  1000  1000  1000  1000  1000  1000  1000  1000  1000  1000
       1000  1000  1000  1000  1000  1000  1000  1000  1000  1000  1000  1000  1000  1000  1000  1000  1000  1000  1000  1000
       1000  1000  1000  1000  1000  1000  1000  1000  1000  1000  1000  1000  1000  1000  1000  1000  1000  1000  1000  1000
       1000  1000  1000  1000  1000  1000  1000  1000  1000  1000  1000  1000  1000  1000  1000  1000  1000  1000  1000  1000
       1000  1000  1000  1000  1000  1000  1000  1000  1000  1000  1000  1000  1000  1000  1000
   7   1000  1000  1000  1000  1000  1000  1000  1000  1000  1000  1000  1000  1000  1000  1000  1000  1000  1000  1000  1000
       1000  1000  1000  1000  1000  1000  1000  1000  1000  1000  1000  1000  1000  1000  1000  1000  1000  1000  1000  1000
       1000  1000  1000  1000  1000  1000  1000  1000  1000  1000  1000  1000  1000  1000  1000  1000  1000  1000  1000  1000
       1000  1000  1000  1000  1000  1000  1000  1000  1000  1000  1000  1000  1000  1000  1000  1000  1000  1000  1000  1000
       1000  1000  1000  1000  1000  1000  1000  1000  1000  1000  1000  1000  1000  1000
   8   1000  1000  1000  1000  1000  1000  1000  1000  1000  1000  1000  1000  1000  1000  1000  1000  1000  1000  1000  1000
       1000  1000  1000  1000  1000  1000  1000  1000  1000  1000  1000  1000  1000  1000  1000  1000  1000  1000  1000  1000
       1000  1000  1000  1000  1000  1000  1000  1000  1000  1000  1000  1000  1000  1000  1000  1000  1000  1000  1000  1000
       1000  1000  1000  1000  1000  1000  1000  1000  1000  1000  1000  1000  1000  1000  1000  1000  1000  1000  1000  1000
       1000  1000  1000  1000  1000  1000  1000  1000  1000  1000  1000  1000  1000
   9   1000  1000  1000  1000  1000  1000  1000  1000  1000  1000  1000  1000  1000  1000  1000  1000  1000  1000  1000  1000
       1000  1000  1000  1000  1000  1000  1000  1000  1000  1000  1000  1000  1000  1000  1000  1000  1000  1000  1000  1000
       1000  1000  1000  1000  1000  1000  1000  1000  1000  1000  1000  1000  1000  1000  1000  1000  1000  1000  1000  1000
       1000  1000  1000  1000  1000  1000  1000  1000  1000  1000  1000  1000  1000  1000  1000  1000  1000  1000  1000  1000
       1000  1000  1000  1000  1000  1000  1000  1000  1000  1000  1000  1000
  10   1000  1000  1000  1000  1000  1000  1000  1000  1000  1000  1000  1000  1000  1000  1000  1000  1000  1000  1000  1000
       1000  1000  1000  1000  1000  1000  1000  1000  1000  1000  1000  1000  1000  1000  1000  1000  1000  1000  1000  1000
       1000  1000  1000  1000  1000  1000  1000  1000  1000  1000  1000  1000  1000  1000  1000  1000  1000  1000  1000  1000
       1000  1000  1000  1000  1000  1000  1000  1000  1000  1000  1000  1000  1000  1000  1000  1000  1000  1000  1000  1000
       1000  1000  1000  1000  1000  1000  1000  1000  1000  1000  1000
  11   1000  1000  1000  1000  1000  1000  1000  1000  1000  1000  1000  1000  1000  1000  1000  1000  1000  1000  1000  1000
       1000  1000  1000  1000  1000  1000  1000  1000  1000  1000  1000  1000  1000  1000  1000  1000  1000  1000  1000  1000
       1000  1000  1000  1000  1000  1000  1000  1000  1000  1000  1000  1000  1000  1000  1000  1000  1000  1000  1000  1000
       1000  1000  1000  1000  1000  1000  1000  1000  1000  1000  1000  1000  1000  1000  1000  1000  1000  1000  1000  1000
       1000  1000  1000  1000  1000  1000  1000  1000  1000  1000
  12   1000  1000  1000  1000  1000  1000  1000  1000  1000  1000  1000  1000  1000  1000  1000  1000  1000  1000  1000  1000
       1000  1000  1000  1000  1000  1000  1000  1000  1000  1000  1000  1000  1000  1000  1000  1000  1000  1000  1000  1000
       1000  1000  1000  1000  1000  1000  1000  1000  1000  1000  1000  1000  1000  1000  1000  1000  1000  1000  1000  1000
       1000  1000  1000  1000  1000  1000  1000  1000  1000  1000  1000  1000  1000  1000  1000  1000  1000  1000  1000  1000
       1000  1000  1000  1000  1000  1000  1000  1000  1000
  13   1000  1000  1000  1000  1000  1000  1000  1000  1000  1000  1000  1000  1000  1000  1000  1000  1000  1000  1000  1000
       1000  1000  1000  1000  1000  1000  1000  1000  1000  1000  1000  1000  1000  1000  1000  1000  1000  1000  1000  1000
       1000  1000  1000  1000  1000  1000  1000  1000  1000  1000  1000  1000  1000  1000  1000  1000  1000  1000  1000  1000
       1000  1000  1000  1000  1000  1000  1000  1000  1000  1000  1000  1000  1000  1000  1000  1000  1000  1000  1000  1000
       1000  1000  1000  1000  1000  1000  1000  1000
  14   1000  1000  1000  1000  1000  1000  1000  1000  1000  1000  1000  1000  1000  1000  1000  1000  1000  1000  1000  1000
       1000  1000  1000  1000  1000  1000  1000  1000  1000  1000  1000  1000  1000  1000  1000  1000  1000  1000  1000  1000
       1000  1000  1000  1000  1000  1000  1000  1000  1000  1000  1000  1000  1000  1000  1000  1000  1000  1000  1000  1000
       1000  1000  1000  1000  1000  1000  1000  1000  1000  1000  1000  1000  1000  1000  1000  1000  1000  1000  1000  1000
       1000  1000  1000  1000  1000  1000  1000
  15   1000  1000  1000  1000  1000  1000  1000  1000  1000  1000  1000  1000  1000  1000  1000  1000  1000  1000  1000  1000
       1000  1000  1000  1000  1000  1000  1000  1000  1000  1000  1000  1000  1000  1000  1000  1000  1000  1000  1000  1000
       1000  1000  1000  1000  1000  1000  1000  1000  1000  1000  1000  1000  1000  1000  1000  1000  1000  1000  1000  1000
       1000  1000  1000  1000  1000  1000  1000  1000  1000  1000  1000  1000  1000  1000  1000  1000  1000  1000  1000  1000
       1000  1000  1000  1000  1000  1000
  16   1000  1000  1000  1000  1000  1000  1000  1000  1000  1000  1000  1000  1000  1000  1000  1000  1000  1000  1000  1000
       1000  1000  1000  1000  1000  1000  1000  1000  1000  1000  1000  1000  1000  1000  1000  1000  1000  1000  1000  1000
       1000  1000  1000  1000  1000  1000  1000  1000  1000  1000  1000  1000  1000  1000  1000  1000  1000  1000  1000  1000
       1000  1000  1000  1000  1000  1000  1000  1000  1000  1000  1000  1000  1000  1000  1000  1000  1000  1000  1000  1000
       1000  1000  1000  1000  1000
  17   1000  1000  1000  1000  1000  1000  1000  1000  1000  1000  1000  1000  1000  1000  1000  1000  1000  1000  1000  1000
       1000  1000  1000  1000  1000  1000  1000  1000  1000  1000  1000  1000  1000  1000  1000  1000  1000  1000  1000  1000
       1000  1000  1000  1000  1000  1000  1000  1000  1000  1000  1000  1000  1000  1000  1000  1000  1000  1000  1000  1000
       1000  1000  1000  1000  1000  1000  1000  1000  1000  1000  1000  1000  1000  1000  1000  1000  1000  1000  1000  1000
       1000  1000  1000  1000
  18   1000  1000  1000  1000  1000  1000  1000  1000  1000  1000  1000  1000  1000  1000  1000  1000  1000  1000  1000  1000
       1000  1000  1000  1000  1000  1000  1000  1000  1000  1000  1000  1000  1000  1000  1000  1000  1000  1000  1000  1000
       1000  1000  1000  1000  1000  1000  1000  1000  1000  1000  1000  1000  1000  1000  1000  1000  1000  1000  1000  1000
       1000  1000  1000  1000  1000  1000  1000  1000  1000  1000  1000  1000  1000  1000  1000  1000  1000  1000  1000  1000
       1000  1000  1000
  19   1000  1000  1000  1000  1000  1000  1000  1000  1000  1000  1000  1000  1000  1000  1000  1000  1000  1000  1000  1000
       1000  1000  1000  1000  1000  1000  1000  1000  1000  1000  1000  1000  1000  1000  1000  1000  1000  1000  1000  1000
       1000  1000  1000  1000  1000  1000  1000  1000  1000  1000  1000  1000  1000  1000  1000  1000  1000  1000  1000  1000
       1000  1000  1000  1000  1000  1000  1000  1000  1000  1000  1000  1000  1000  1000  1000  1000  1000  1000  1000  1000
       1000  1000
  20   1000  1000  1000  1000  1000  1000  1000  1000  1000  1000  1000  1000  1000  1000  1000  1000  1000  1000  1000  1000
       1000  1000  1000  1000  1000  1000  1000  1000  1000  1000  1000  1000  1000  1000  1000  1000  1000  1000  1000  1000
       1000  1000  1000  1000  1000  1000  1000  1000  1000  1000  1000  1000  1000  1000  1000  1000  1000  1000  1000  1000
       1000  1000  1000  1000  1000  1000  1000  1000  1000  1000  1000  1000  1000  1000  1000  1000  1000  1000  1000  1000
       1000
  21   1000  1000  1000  1000  1000  1000  1000  1000  1000  1000  1000  1000  1000  1000  1000  1000  1000  1000  1000  1000
       1000  1000  1000  1000  1000  1000  1000  1000  1000  1000  1000  1000  1000  1000  1000  1000  1000  1000  1000  1000
       1000  1000  1000  1000  1000  1000  1000  1000  1000  1000  1000  1000  1000  1000  1000  1000  1000  1000  1000  1000
       1000  1000  1000  1000  1000  1000  1000  1000  1000  1000  1000  1000  1000  1000  1000  1000  1000  1000  1000  1000
  22   1000  1000  1000  1000  1000  1000  1000  1000  1000  1000  1000  1000  1000  1000  1000  1000  1000  1000  1000  1000
       1000  1000  1000  1000  1000  1000  1000  1000  1000  1000  1000  1000  1000  1000  1000  1000  1000  1000  1000  1000
       1000  1000  1000  1000  1000  1000  1000  1000  1000  1000  1000  1000  1000  1000  1000  1000  1000  1000  1000  1000
       1000  1000  1000  1000  1000  1000  1000  1000  1000  1000  1000  1000  1000  1000  1000  1000  1000  1000  1000
  23   1000  1000  1000  1000  1000  1000  1000  1000  1000  1000  1000  1000  1000  1000  1000  1000  1000  1000  1000  1000
       1000  1000  1000  1000  1000  1000  1000  1000  1000  1000  1000  1000  1000  1000  1000  1000  1000  1000  1000  1000
       1000  1000  1000  1000  1000  1000  1000  1000  1000  1000  1000  1000  1000  1000  1000  1000  1000  1000  1000  1000
       1000  1000  1000  1000  1000  1000  1000  1000  1000  1000  1000  1000  1000  1000  1000  1000  1000  1000
  24   1000  1000  1000  1000  1000  1000  1000  1000  1000  1000  1000  1000  1000  1000  1000  1000  1000  1000  1000  1000
       1000  1000  1000  1000  1000  1000  1000  1000  1000  1000  1000  1000  1000  1000  1000  1000  1000  1000  1000  1000
       1000  1000  1000  1000  1000  1000  1000  1000  1000  1000  1000  1000  1000  1000  1000  1000  1000  1000  1000  1000
       1000  1000  1000  1000  1000  1000  1000  1000  1000  1000  1000  1000  1000  1000  1000  1000  1000
  25   1000  1000  1000  1000  1000  1000  1000  1000  1000  1000  1000  1000  1000  1000  1000  1000  1000  1000  1000  1000
       1000  1000  1000  1000  1000  1000  1000  1000  1000  1000  1000  1000  1000  1000  1000  1000  1000  1000  1000  1000
       1000  1000  1000  1000  1000  1000  1000  1000  1000  1000  1000  1000  1000  1000  1000  1000  1000  1000  1000  1000
       1000  1000  1000  1000  1000  1000  1000  1000  1000  1000  1000  1000  1000  1000  1000  1000
  26   1000  1000  1000  1000  1000  1000  1000  1000  1000  1000  1000  1000  1000  1000  1000  1000  1000  1000  1000  1000
       1000  1000  1000  1000  1000  1000  1000  1000  1000  1000  1000  1000  1000  1000  1000  1000  1000  1000  1000  1000
       1000  1000  1000  1000  1000  1000  1000  1000  1000  1000  1000  1000  1000  1000  1000  1000  1000  1000  1000  1000
       1000  1000  1000  1000  1000  1000  1000  1000  1000  1000  1000  1000  1000  1000  1000
  27   1000  1000  1000  1000  1000  1000  1000  1000  1000  1000  1000  1000  1000  1000  1000  1000  1000  1000  1000  1000
       1000  1000  1000  1000  1000  1000  1000  1000  1000  1000  1000  1000  1000  1000  1000  1000  1000  1000  1000  1000
       1000  1000  1000  1000  1000  1000  1000  1000  1000  1000  1000  1000  1000  1000  1000  1000  1000  1000  1000  1000
       1000  1000  1000  1000  1000  1000  1000  1000  1000  1000  1000  1000  1000  1000
  28   1000  1000  1000  1000  1000  1000  1000  1000  1000  1000  1000  1000  1000  1000  1000  1000  1000  1000  1000  1000
       1000  1000  1000  1000  1000  1000  1000  1000  1000  1000  1000  1000  1000  1000  1000  1000  1000  1000  1000  1000
       1000  1000  1000  1000  1000  1000  1000  1000  1000  1000  1000  1000  1000  1000  1000  1000  1000  1000  1000  1000
       1000  1000  1000  1000  1000  1000  1000  1000  1000  1000  1000  1000  1000
  29   1000  1000  1000  1000  1000  1000  1000  1000  1000  1000  1000  1000  1000  1000  1000  1000  1000  1000  1000  1000
       1000  1000  1000  1000  1000  1000  1000  1000  1000  1000  1000  1000  1000  1000  1000  1000  1000  1000  1000  1000
       1000  1000  1000  1000  1000  1000  1000  1000  1000  1000  1000  1000  1000  1000  1000  1000  1000  1000  1000  1000
       1000  1000  1000  1000  1000  1000  1000  1000  1000  1000  1000  1000
  30   1000  1000  1000  1000  1000  1000  1000  1000  1000  1000  1000  1000  1000  1000  1000  1000  1000  1000  1000  1000
       1000  1000  1000  1000  1000  1000  1000  1000  1000  1000  1000  1000  1000  1000  1000  1000  1000  1000  1000  1000
       1000  1000  1000  1000  1000  1000  1000  1000  1000  1000  1000  1000  1000  1000  1000  1000  1000  1000  1000  1000
       1000  1000  1000  1000  1000  1000  1000  1000  1000  1000  1000
  31   1000  1000  1000  1000  1000  1000  1000  1000  1000  1000  1000  1000  1000  1000  1000  1000  1000  1000  1000  1000
       1000  1000  1000  1000  1000  1000  1000  1000  1000  1000  1000  1000  1000  1000  1000  1000  1000  1000  1000  1000
       1000  1000  1000  1000  1000  1000  1000  1000  1000  1000  1000  1000  1000  1000  1000  1000  1000  1000  1000  1000
       1000  1000  1000  1000  1000  1000  1000  1000  1000  1000
  32   1000  1000  1000  1000  1000  1000  1000  1000  1000  1000  1000  1000  1000  1000  1000  1000  1000  1000  1000  1000
       1000  1000  1000  1000  1000  1000  1000  1000  1000  1000  1000  1000  1000  1000  1000  1000  1000  1000  1000  1000
       1000  1000  1000  1000  1000  1000  1000  1000  1000  1000  1000  1000  1000  1000  1000  1000  1000  1000  1000  1000
       1000  1000  1000  1000  1000  1000  1000  1000  1000
  33   1000  1000  1000  1000  1000  1000  1000  1000  1000  1000  1000  1000  1000  1000  1000  1000  1000  1000  1000  1000
       1000  1000  1000  1000  1000  1000  1000  1000  1000  1000  1000  1000  1000  1000  1000  1000  1000  1000  1000  1000
       1000  1000  1000  1000  1000  1000  1000  1000  1000  1000  1000  1000  1000  1000  1000  1000  1000  1000  1000  1000
       1000  1000  1000  1000  1000  1000  1000  1000
  34   1000  1000  1000  1000  1000  1000  1000  1000  1000  1000  1000  1000  1000  1000  1000  1000  1000  1000  1000  1000
       1000  1000  1000  1000  1000  1000  1000  1000  1000  1000  1000  1000  1000  1000  1000  1000  1000  1000  1000  1000
       1000  1000  1000  1000  1000  1000  1000  1000  1000  1000  1000  1000  1000  1000  1000  1000  1000  1000  1000  1000
       1000  1000  1000  1000  1000  1000  1000
  35   1000  1000  1000  1000  1000  1000  1000  1000  1000  1000  1000  1000  1000  1000  1000  1000  1000  1000  1000  1000
       1000  1000  1000  1000  1000  1000  1000  1000  1000  1000  1000  1000  1000  1000  1000  1000  1000  1000  1000  1000
       1000  1000  1000  1000  1000  1000  1000  1000  1000  1000  1000  1000  1000  1000  1000  1000  1000  1000  1000  1000
       1000  1000  1000  1000  1000  1000
  36   1000  1000  1000  1000  1000  1000  1000  1000  1000  1000  1000  1000  1000  1000  1000  1000  1000  1000  1000  1000
       1000  1000  1000  1000  1000  1000  1000  1000  1000  1000  1000  1000  1000  1000  1000  1000  1000  1000  1000  1000
       1000  1000  1000  1000  1000  1000  1000  1000  1000  1000  1000  1000  1000  1000  1000  1000  1000  1000  1000  1000
       1000  1000  1000  1000  1000
  37   1000  1000  1000  1000  1000  1000  1000  1000  1000  1000  1000  1000  1000  1000  1000  1000  1000  1000  1000  1000
       1000  1000  1000  1000  1000  1000  1000  1000  1000  1000  1000  1000  1000  1000  1000  1000  1000  1000  1000  1000
       1000  1000  1000  1000  1000  1000  1000  1000  1000  1000  1000  1000  1000  1000  1000  1000  1000  1000  1000  1000
       1000  1000  1000  1000
  38   1000  1000  1000  1000  1000  1000  1000  1000  1000  1000  1000  1000  1000  1000  1000  1000  1000  1000  1000  1000
       1000  1000  1000  1000  1000  1000  1000  1000  1000  1000  1000  1000  1000  1000  1000  1000  1000  1000  1000  1000
       1000  1000  1000  1000  1000  1000  1000  1000  1000  1000  1000  1000  1000  1000  1000  1000  1000  1000  1000  1000
       1000  1000  1000
  39   1000  1000  1000  1000  1000  1000  1000  1000  1000  1000  1000  1000  1000  1000  1000  1000  1000  1000  1000  1000
       1000  1000  1000  1000  1000  1000  1000  1000  1000  1000  1000  1000  1000  1000  1000  1000  1000  1000  1000  1000
       1000  1000  1000  1000  1000  1000  1000  1000  1000  1000  1000  1000  1000  1000  1000  1000  1000  1000  1000  1000
       1000  1000
  40   1000  1000  1000  1000  1000  1000  1000  1000  1000  1000  1000  1000  1000  1000  1000  1000  1000  1000  1000  1000
       1000  1000  1000  1000  1000  1000  1000  1000  1000  1000  1000  1000  1000  1000  1000  1000  1000  1000  1000  1000
       1000  1000  1000  1000  1000  1000  1000  1000  1000  1000  1000  1000  1000  1000  1000  1000  1000  1000  1000  1000
       1000
  41   1000  1000  1000  1000  1000  1000  1000  1000  1000  1000  1000  1000  1000  1000  1000  1000  1000  1000  1000  1000
       1000  1000  1000  1000  1000  1000  1000  1000  1000  1000  1000  1000  1000  1000  1000  1000  1000  1000  1000  1000
       1000  1000  1000  1000  1000  1000  1000  1000  1000  1000  1000  1000  1000  1000  1000  1000  1000  1000  1000  1000
  42   1000  1000  1000  1000  1000  1000  1000  1000  1000  1000  1000  1000  1000  1000  1000  1000  1000  1000  1000  1000
       1000  1000  1000  1000  1000  1000  1000  1000  1000  1000  1000  1000  1000  1000  1000  1000  1000  1000  1000  1000
       1000  1000  1000  1000  1000  1000  1000  1000  1000  1000  1000  1000  1000  1000  1000  1000  1000  1000  1000
  43   1000  1000  1000  1000  1000  1000  1000  1000  1000  1000  1000  1000  1000  1000  1000  1000  1000  1000  1000  1000
       1000  1000  1000  1000  1000  1000  1000  1000  1000  1000  1000  1000  1000  1000  1000  1000  1000  1000  1000  1000
       1000  1000  1000  1000  1000  1000  1000  1000  1000  1000  1000  1000  1000  1000  1000  1000  1000  1000
  44   1000  1000  1000  1000  1000  1000  1000  1000  1000  1000  1000  1000  1000  1000  1000  1000  1000  1000  1000  1000
       1000  1000  1000  1000  1000  1000  1000  1000  1000  1000  1000  1000  1000  1000  1000  1000  1000  1000  1000  1000
       1000  1000  1000  1000  1000  1000  1000  1000  1000  1000  1000  1000  1000  1000  1000  1000  1000
  45   1000  1000  1000  1000  1000  1000  1000  1000  1000  1000  1000  1000  1000  1000  1000  1000  1000  1000  1000  1000
       1000  1000  1000  1000  1000  1000  1000  1000  1000  1000  1000  1000  1000  1000  1000  1000  1000  1000  1000  1000
       1000  1000  1000  1000  1000  1000  1000  1000  1000  1000  1000  1000  1000  1000  1000  1000
  46   1000  1000  1000  1000  1000  1000  1000  1000  1000  1000  1000  1000  1000  1000  1000  1000  1000  1000  1000  1000
       1000  1000  1000  1000  1000  1000  1000  1000  1000  1000  1000  1000  1000  1000  1000  1000  1000  1000  1000  1000
       1000  1000  1000  1000  1000  1000  1000  1000  1000  1000  1000  1000  1000  1000  1000
  47   1000  1000  1000  1000  1000  1000  1000  1000  1000  1000  1000  1000  1000  1000  1000  1000  1000  1000  1000  1000
       1000  1000  1000  1000  1000  1000  1000  1000  1000  1000  1000  1000  1000  1000  1000  1000  1000  1000  1000  1000
       1000  1000  1000  1000  1000  1000  1000  1000  1000  1000  1000  1000  1000  1000
  48   1000  1000  1000  1000  1000  1000  1000  1000  1000  1000  1000  1000  1000  1000  1000  1000  1000  1000  1000  1000
       1000  1000  1000  1000  1000  1000  1000  1000  1000  1000  1000  1000  1000  1000  1000  1000  1000  1000  1000  1000
       1000  1000  1000  1000  1000  1000  1000  1000  1000  1000  1000  1000  1000
  49   1000  1000  1000  1000  1000  1000  1000  1000  1000  1000  1000  1000  1000  1000  1000  1000  1000  1000  1000  1000
       1000  1000  1000  1000  1000  1000  1000  1000  1000  1000  1000  1000  1000  1000  1000  1000  1000  1000  1000  1000
       1000  1000  1000  1000  1000  1000  1000  1000  1000  1000  1000  1000
  50   1000  1000  1000  1000  1000  1000  1000  1000  1000  1000  1000  1000  1000  1000  1000  1000  1000  1000  1000  1000
       1000  1000  1000  1000  1000  1000  1000  1000  1000  1000  1000  1000  1000  1000  1000  1000  1000  1000  1000  1000
       1000  1000  1000  1000  1000  1000  1000  1000  1000  1000  1000
  51   1000  1000  1000  1000  1000  1000  1000  1000  1000  1000  1000  1000  1000  1000  1000  1000  1000  1000  1000  1000
       1000  1000  1000  1000  1000  1000  1000  1000  1000  1000  1000  1000  1000  1000  1000  1000  1000  1000  1000  1000
       1000  1000  1000  1000  1000  1000  1000  1000  1000  1000
  52   1000  1000  1000  1000  1000  1000  1000  1000  1000  1000  1000  1000  1000  1000  1000  1000  1000  1000  1000  1000
       1000  1000  1000  1000  1000  1000  1000  1000  1000  1000  1000  1000  1000  1000  1000  1000  1000  1000  1000  1000
       1000  1000  1000  1000  1000  1000  1000  1000  1000
  53   1000  1000  1000  1000  1000  1000  1000  1000  1000  1000  1000  1000  1000  1000  1000  1000  1000  1000  1000  1000
       1000  1000  1000  1000  1000  1000  1000  1000  1000  1000  1000  1000  1000  1000  1000  1000  1000  1000  1000  1000
       1000  1000  1000  1000  1000  1000  1000  1000
  54   1000  1000  1000  1000  1000  1000  1000  1000  1000  1000  1000  1000  1000  1000  1000  1000  1000  1000  1000  1000
       1000  1000  1000  1000  1000  1000  1000  1000  1000  1000  1000  1000  1000  1000  1000  1000  1000  1000  1000  1000
       1000  1000  1000  1000  1000  1000  1000
  55   1000  1000  1000  1000  1000  1000  1000  1000  1000  1000  1000  1000  1000  1000  1000  1000  1000  1000  1000  1000
       1000  1000  1000  1000  1000  1000  1000  1000  1000  1000  1000  1000  1000  1000  1000  1000  1000  1000  1000  1000
       1000  1000  1000  1000  1000  1000
  56   1000  1000  1000  1000  1000  1000  1000  1000  1000  1000  1000  1000  1000  1000  1000  1000  1000  1000  1000  1000
       1000  1000  1000  1000  1000  1000  1000  1000  1000  1000  1000  1000  1000  1000  1000  1000  1000  1000  1000  1000
       1000  1000  1000  1000  1000
  57   1000  1000  1000  1000  1000  1000  1000  1000  1000  1000  1000  1000  1000  1000  1000  1000  1000  1000  1000  1000
       1000  1000  1000  1000  1000  1000  1000  1000  1000  1000  1000  1000  1000  1000  1000  1000  1000  1000  1000  1000
       1000  1000  1000  1000
  58   1000  1000  1000  1000  1000  1000  1000  1000  1000  1000  1000  1000  1000  1000  1000  1000  1000  1000  1000  1000
       1000  1000  1000  1000  1000  1000  1000  1000  1000  1000  1000  1000  1000  1000  1000  1000  1000  1000  1000  1000
       1000  1000  1000
  59   1000  1000  1000  1000  1000  1000  1000  1000  1000  1000  1000  1000  1000  1000  1000  1000  1000  1000  1000  1000
       1000  1000  1000  1000  1000  1000  1000  1000  1000  1000  1000  1000  1000  1000  1000  1000  1000  1000  1000  1000
       1000  1000
  60   1000  1000  1000  1000  1000  1000  1000  1000  1000  1000  1000  1000  1000  1000  1000  1000  1000  1000  1000  1000
       1000  1000  1000  1000  1000  1000  1000  1000  1000  1000  1000  1000  1000  1000  1000  1000  1000  1000  1000  1000
       1000
  61   1000  1000  1000  1000  1000  1000  1000  1000  1000  1000  1000  1000  1000  1000  1000  1000  1000  1000  1000  1000
       1000  1000  1000  1000  1000  1000  1000  1000  1000  1000  1000  1000  1000  1000  1000  1000  1000  1000  1000  1000
  62   1000  1000  1000  1000  1000  1000  1000  1000  1000  1000  1000  1000  1000  1000  1000  1000  1000  1000  1000  1000
       1000  1000  1000  1000  1000  1000  1000  1000  1000  1000  1000  1000  1000  1000  1000  1000  1000  1000  1000
  63   1000  1000  1000  1000  1000  1000  1000  1000  1000  1000  1000  1000  1000  1000  1000  1000  1000  1000  1000  1000
       1000  1000  1000  1000  1000  1000  1000  1000  1000  1000  1000  1000  1000  1000  1000  1000  1000  1000
  64   1000  1000  1000  1000  1000  1000  1000  1000  1000  1000  1000  1000  1000  1000  1000  1000  1000  1000  1000  1000
       1000  1000  1000  1000  1000  1000  1000  1000  1000  1000  1000  1000  1000  1000  1000  1000  1000
  65   1000  1000  1000  1000  1000  1000  1000  1000  1000  1000  1000  1000  1000  1000  1000  1000  1000  1000  1000  1000
       1000  1000  1000  1000  1000  1000  1000  1000  1000  1000  1000  1000  1000  1000  1000  1000
  66   1000  1000  1000  1000  1000  1000  1000  1000  1000  1000  1000  1000  1000  1000  1000  1000  1000  1000  1000  1000
       1000  1000  1000  1000  1000  1000  1000  1000  1000  1000  1000  1000  1000  1000  1000
  67   1000  1000  1000  1000  1000  1000  1000  1000  1000  1000  1000  1000  1000  1000  1000  1000  1000  1000  1000  1000
       1000  1000  1000  1000  1000  1000  1000  1000  1000  1000  1000  1000  1000  1000
  68   1000  1000  1000  1000  1000  1000  1000  1000  1000  1000  1000  1000  1000  1000  1000  1000  1000  1000  1000  1000
       1000  1000  1000  1000  1000  1000  1000  1000  1000  1000  1000  1000  1000
  69   1000  1000  1000  1000  1000  1000  1000  1000  1000  1000  1000  1000  1000  1000  1000  1000  1000  1000  1000  1000
       1000  1000  1000  1000  1000  1000  1000  1000  1000  1000  1000  1000
  70   1000  1000  1000  1000  1000  1000  1000  1000  1000  1000  1000  1000  1000  1000  1000  1000  1000  1000  1000  1000
       1000  1000  1000  1000  1000  1000  1000  1000  1000  1000  1000
  71   1000  1000  1000  1000  1000  1000  1000  1000  1000  1000  1000  1000  1000  1000  1000  1000  1000  1000  1000  1000
       1000  1000  1000  1000  1000  1000  1000  1000  1000  1000
  72   1000  1000  1000  1000  1000  1000  1000  1000  1000  1000  1000  1000  1000  1000  1000  1000  1000  1000  1000  1000
       1000  1000  1000  1000  1000  1000  1000  1000  1000
  73   1000  1000  1000  1000  1000  1000  1000  1000  1000  1000  1000  1000  1000  1000  1000  1000  1000  1000  1000  1000
       1000  1000  1000  1000  1000  1000  1000  1000
  74   1000  1000  1000  1000  1000  1000  1000  1000  1000  1000  1000  1000  1000  1000  1000  1000  1000  1000  1000  1000
       1000  1000  1000  1000  1000  1000  1000
  75   1000  1000  1000  1000  1000  1000  1000  1000  1000  1000  1000  1000  1000  1000  1000  1000  1000  1000  1000  1000
       1000  1000  1000  1000  1000  1000
  76   1000  1000  1000  1000  1000  1000  1000  1000  1000  1000  1000  1000  1000  1000  1000  1000  1000  1000  1000  1000
       1000  1000  1000  1000  1000
  77   1000  1000  1000  1000  1000  1000  1000  1000  1000  1000  1000  1000  1000  1000  1000  1000  1000  1000  1000  1000
       1000  1000  1000  1000
  78   1000  1000  1000  1000  1000  1000  1000  1000  1000  1000  1000  1000  1000  1000  1000  1000  1000  1000  1000  1000
       1000  1000  1000
  79   1000  1000  1000  1000  1000  1000  1000  1000  1000  1000  1000  1000  1000  1000  1000  1000  1000  1000  1000  1000
       1000  1000
  80   1000  1000  1000  1000  1000  1000  1000  1000  1000  1000  1000  1000  1000  1000  1000  1000  1000  1000  1000  1000
       1000
  81   1000  1000  1000  1000  1000  1000  1000  1000  1000  1000  1000  1000  1000  1000  1000  1000  1000  1000  1000  1000
  82   1000  1000  1000  1000  1000  1000  1000  1000  1000  1000  1000  1000  1000  1000  1000  1000  1000  1000  1000
  83   1000  1000  1000  1000  1000  1000  1000  1000  1000  1000  1000  1000  1000  1000  1000  1000  1000  1000
  84   1000  1000  1000  1000  1000  1000  1000  1000  1000  1000  1000  1000  1000  1000  1000  1000  1000
  85   1000  1000  1000  1000  1000  1000  1000  1000  1000  1000  1000  1000  1000  1000  1000  1000
  86   1000  1000  1000  1000  1000  1000  1000  1000  1000  1000  1000  1000  1000  1000  1000
  87   1000  1000  1000  1000  1000  1000  1000  1000  1000  1000  1000  1000  1000  1000
  88   1000  1000  1000  1000  1000  1000  1000  1000  1000  1000  1000  1000  1000
  89   1000  1000  1000  1000  1000  1000  1000  1000  1000  1000  1000  1000
  90   1000  1000  1000  1000  1000  1000  1000  1000  1000  1000  1000
  91   1000  1000  1000  1000  1000  1000  1000  1000  1000  1000
  92   1000  1000  1000  1000  1000  1000  1000  1000  1000
  93   1000  1000  1000  1000  1000  1000  1000  1000
  94   1000  1000  1000  1000  1000  1000  1000
  95   1000  1000  1000  1000  1000  1000
  96   1000  1000  1000  1000  1000
  97   1000  1000  1000  1000
  98   1000  1000  1000
  99   1000  1000
 100   1000

 Finished!
