88" 33MeV Deuteron breakup on Ta, ETA
  140    7    1    0    1
   0.00500  10.00000   0.00500   0.00100
   0.0000000   0   0 7.04179000E+04   1.0000000
AL27P    4.309E-21 0.053       0.00       0.00        (    )
AL27A    5.643E-21 0.019       0.00       0.00        (    )
NI582    1.158E-21 0.021       0.00       0.00        (    )
IN115N   4.490E-20 0.015       0.00       0.00        (    )
AU1972   8.798E-20 0.055       0.00       0.00        (    )
AU197G   6.832E-20 0.025       0.00 AUNG  3.94 IFX    (ISTP)
IN115G   8.749E-20 0.020       0.00 INNG 40.39 IFX    (ISTP)
Flux Uncertainty From MCNP Calculations
 140
 3.0650E-01 1.5650E-01 9.0500E-02 6.1800E-02 6.8600E-02 9.4200E-02 1.1050E-01
 1.0710E-01 1.0870E-01 1.3390E-01 1.2890E-01 1.8400E-01 1.2640E-01 1.6350E-01
 1.3770E-01 1.3480E-01 1.8250E-01 1.2550E-01 1.5640E-01 1.5780E-01 1.0450E-01
 1.2880E-01 1.1770E-01 1.2110E-01 1.2750E-01 1.3010E-01 1.3270E-01 1.3320E-01
 1.1580E-01 1.1920E-01 1.0260E-01 1.0550E-01 8.8800E-02 9.0200E-02 1.1710E-01
 7.0700E-02 7.3000E-02 5.7400E-02 5.6200E-02 4.6900E-02 3.7400E-02 3.0100E-02
 3.3900E-02 2.9000E-02 2.0400E-02 1.7500E-02 2.0000E-02 1.3700E-02 1.2900E-02
 9.6000E-03 1.0300E-02 8.3000E-03 9.2000E-03 8.0000E-03 8.3000E-03 7.6000E-03
 7.7000E-03 8.2000E-03 7.1000E-03 7.0000E-03 6.7000E-03 6.5000E-03 6.3000E-03
 6.2000E-03 5.7000E-03 5.4000E-03 5.2000E-03 5.3000E-03 4.6000E-03 4.6000E-03
 3.3000E-03 3.7000E-03 3.9000E-03 4.3000E-03 4.7000E-03 4.5000E-03 5.2000E-03
 6.0000E-03 6.2000E-03 7.0000E-03 8.1000E-03 8.7000E-03 8.7000E-03 9.3000E-03
 9.4000E-03 7.5000E-03 7.0000E-03 5.9000E-03 5.4000E-03 4.2000E-03 4.1000E-03
 4.0000E-03 3.9000E-03 3.8000E-03 4.2000E-03 4.5000E-03 5.2000E-03 6.3000E-03
 7.1000E-03 9.5000E-03 1.2200E-02 1.3400E-02 1.7000E-02 2.1000E-02 2.6100E-02
 3.0900E-02 3.7100E-02 4.5000E-02 5.7600E-02 6.0000E-02 1.1330E-01 7.1900E-02
 8.6000E-02 1.0070E-01 1.2780E-01 1.3760E-01 1.8580E-01 3.8310E-01 0.0000E+00
 0.0000E+00 0.0000E+00 0.0000E+00 0.0000E+00 0.0000E+00 0.0000E+00 0.0000E+00
 0.0000E+00 0.0000E+00 0.0000E+00 0.0000E+00 0.0000E+00 0.0000E+00 0.0000E+00
 0.0000E+00 0.0000E+00 0.0000E+00 0.0000E+00 0.0000E+00 0.0000E+00 0.0000E+00
Input Flux Spectrum from MCNP Simulation
 140   0 1.200E+10 2.000E+01 5.000E-08
 8.9625E-12 6.7336E-10 2.3440E-09 7.0791E-09 4.6653E-09 4.1980E-09 2.4827E-09
 2.6444E-09 1.9601E-09 1.5473E-09 1.6797E-09 1.9314E-09 1.5202E-09 1.8902E-09
 1.2395E-09 1.2806E-09 1.2817E-09 1.3973E-09 2.2202E-09 1.5918E-09 2.1406E-09
 2.3895E-09 2.2756E-09 1.7151E-09 1.0737E-09 1.8636E-09 1.4453E-09 1.7041E-09
 1.6808E-09 2.2972E-09 3.7841E-09 2.2190E-09 2.8108E-09 2.7217E-09 4.0752E-09
 5.8117E-09 4.8034E-09 9.6896E-09 8.1826E-09 1.2169E-08 1.4342E-08 2.7003E-08
 2.6464E-08 3.5474E-08 6.4412E-08 9.4647E-08 7.4403E-08 1.4855E-07 1.8122E-07
 3.5261E-07 2.9520E-07 4.3374E-07 3.6442E-07 4.6672E-07 4.3757E-07 5.1644E-07
 5.5059E-07 4.3525E-07 6.1286E-07 5.9083E-07 6.9720E-07 7.3380E-07 7.2786E-07
 7.4773E-07 8.9376E-07 9.5933E-07 1.0261E-06 9.3899E-07 1.2943E-06 1.2179E-06
 2.4697E-06 2.0325E-06 1.7326E-06 1.4108E-06 1.1312E-06 1.2529E-06 9.3829E-07
 6.7152E-07 6.4487E-07 4.7630E-07 3.4929E-07 2.7774E-07 2.8113E-07 2.4260E-07
 2.2501E-07 3.1234E-07 3.2056E-07 3.9445E-07 4.5271E-07 6.3345E-07 6.8319E-07
 7.0209E-07 7.0323E-07 6.8363E-07 5.7444E-07 4.7476E-07 3.5110E-07 2.6197E-07
 1.8081E-07 1.0542E-07 7.0425E-08 4.7211E-08 2.9942E-08 1.9190E-08 1.2507E-08
 8.6906E-09 6.1070E-09 4.2988E-09 3.4526E-09 2.2862E-09 2.0612E-09 1.6021E-09
 1.1265E-09 8.7568E-10 4.9617E-10 4.4084E-10 2.3702E-10 7.6696E-11 0.0000E+00
 0.0000E+00 0.0000E+00 0.0000E+00 0.0000E+00 0.0000E+00 0.0000E+00 0.0000E+00
 0.0000E+00 0.0000E+00 0.0000E+00 0.0000E+00 0.0000E+00 0.0000E+00 0.0000E+00
 0.0000E+00 0.0000E+00 0.0000E+00 0.0000E+00 0.0000E+00 0.0000E+00 0.0000E+00
   17   15    9    9    9   10    7   14   14   36



                         ==============================
                               STAYSL PNNL OUTPUT
                         ==============================

 STAYSL PNNL, version 1.2.0, 2015-08-05


 SCENARIO TITLE: 88" 33MeV Deuteron breakup on Ta, ETA
 -------------------------------------------------------------------------------
  NGROUP =   140    NRXN =     7    ACTIVITY NORM = 1.00000E+00

  COVARIANCE PARAMETERS (FCHN, FCVX, ACVX, FS)
    FLUXES:      WIDTH =  1.0000E+01   LONG RANGE COVAR. =  5.0000E-03
            ACTIVITIES =  5.0000E-03   X-SECT CROSS COR. =  1.0000E-03

    DETERM =   6.6907 × 10^   8.00      ERROR =  -1.7446E-16

  INPUT NORMALIZATION DATA
    AK1   =     0.00000     VAK        =     0.00003
    NORML =           0     RENORM     = 8.26510E-01
    CHI²  =    54.41620     NORM. CHI² =     9.06937

  DOSIMETRY ACTIVITIES
     ———— INPUTS —————  -UNADJUSTED FLUX-  — ADJUSTED FLUX —    CHI²  90% ACTIVITIES RANGE
 RXN  MEASURED     ±%   ACTIVITY    %DIFF  ACTIVITY    %DIFF  CONTRIB --LOW E-- --HIGH E--   REACTION          CVR
  1  4.309E-21    5.30  5.635E-21   30.77  5.584E-21   29.58   27.507  5.50E+00  1.60E+01  AL27(N,P)MG27           
  2  5.643E-21    1.90  5.892E-21    4.41  5.838E-21    3.45    3.860  8.20E+00  1.70E+01  AL27(N,A)NA24           
  3  1.158E-21    2.10  1.223E-21    5.60  1.209E-21    4.41    3.548  1.30E+01  2.20E+01  NI58(N,2N)NI57          
  4  4.490E-20    1.50  4.486E-20   -0.09  4.461E-20   -0.64    0.018  1.00E+00  1.20E+01  IN115(N,N')IN115M       
  5  8.798E-20    5.50  9.148E-20    3.98  9.062E-20    3.00    0.343  9.00E+00  1.80E+01  AU197(N,2N)AU196        
  6  6.832E-20    2.50  6.372E-20   -6.73  6.973E-20    2.07   -1.904  1.00E-08  1.40E+00  AU197(N,G)AU198         
  7  8.749E-20    2.00  7.459E-20  -14.75  8.084E-20   -7.60   21.045  2.30E-08  1.80E+00  IN115(N,G)IN116M        

             % STD. DEV.  =         14.58              12.77

                              CHECK INPUT, IT IS RATHER UNLIKELY !
                                   *** BEWARE OF OUTPUT ! ***


  DIFFERENTIAL FLUXES (input is normalized by a factor of 8.2651E-01)
                  —————— DIFFERENTIAL FLUX —————   ———— STD. DEV. % ————   INTEGRAL
 GRP    ENERGY        NEW         OLD      RATIO    NEW     OLD    RATIO   FLUX > E     ± %
   1  1.0000E-10  1.5537E+08  9.8768E+07   1.573   25.78   30.65   0.841  3.5809E+05    0.55
   2  1.0000E-09  9.8145E+08  7.4205E+08   1.323   12.57   15.66   0.803  3.5809E+05    0.55
   3  1.0000E-08  2.1497E+09  1.7883E+09   1.202    6.90    9.06   0.762  3.5808E+05    0.55
   4  2.3000E-08  2.9831E+09  2.6004E+09   1.147    4.46    6.20   0.719  3.5805E+05    0.55
   5  5.0000E-08  2.0886E+09  1.7797E+09   1.174    4.68    6.88   0.681  3.5797E+05    0.55
   6  7.6000E-08  1.3346E+09  1.0676E+09   1.250    6.10    9.43   0.647  3.5792E+05    0.55
   7  1.1500E-07  5.8284E+08  4.4770E+08   1.302    6.85   11.06   0.619  3.5786E+05    0.55
   8  1.7000E-07  3.9972E+08  3.0856E+08   1.295    6.43   10.72   0.600  3.5783E+05    0.55
   9  2.5500E-07  2.0191E+08  1.5552E+08   1.298    6.45   10.88   0.592  3.5780E+05    0.55
  10  3.8000E-07  1.2283E+08  9.0272E+07   1.361    8.00   13.40   0.597  3.5777E+05    0.55
  11  5.5000E-07  7.6654E+07  5.7446E+07   1.334    7.88   12.90   0.611  3.5775E+05    0.55
  12  8.4000E-07  6.4044E+07  4.4036E+07   1.454   11.66   18.41   0.634  3.5773E+05    0.55
  13  1.2750E-06  3.1119E+07  2.4124E+07   1.290    8.36   12.65   0.661  3.5770E+05    0.55
  14  1.9000E-06  2.8025E+07  2.0830E+07   1.345   11.33   16.36   0.692  3.5768E+05    0.55
  15  2.8000E-06  1.0699E+07  8.4783E+06   1.262    9.98   13.78   0.725  3.5766E+05    0.55
  16  4.2500E-06  7.6052E+06  6.1957E+06   1.228   10.21   13.49   0.757  3.5764E+05    0.55
  17  6.3000E-06  5.5677E+06  4.3835E+06   1.270   14.40   18.26   0.789  3.5763E+05    0.55
  18  9.2000E-06  3.7324E+06  3.2229E+06   1.158   10.26   12.56   0.817  3.5761E+05    0.55
  19  1.3500E-05  3.4258E+06  2.9360E+06   1.167   13.21   15.65   0.844  3.5759E+05    0.55
  20  2.1000E-05  1.9986E+06  1.7542E+06   1.139   13.71   15.79   0.869  3.5757E+05    0.55
  21  3.0000E-05  1.5195E+06  1.4154E+06   1.074    9.31   10.46   0.890  3.5755E+05    0.55
  22  4.5000E-05  1.0596E+06  9.8747E+05   1.073   11.71   12.89   0.909  3.5753E+05    0.55
  23  6.9000E-05  7.6576E+05  7.2805E+05   1.052   10.89   11.78   0.925  3.5750E+05    0.55
  24  1.0000E-04  5.0591E+05  4.8602E+05   1.041   11.37   12.12   0.938  3.5748E+05    0.55
  25  1.3500E-04  3.1420E+05  3.0426E+05   1.033   12.12   12.76   0.950  3.5746E+05    0.55
  26  1.7000E-04  3.7885E+05  3.6967E+05   1.025   12.49   13.02   0.959  3.5745E+05    0.55
  27  2.2000E-04  2.4339E+05  2.3891E+05   1.019   12.84   13.28   0.967  3.5743E+05    0.55
  28  2.8000E-04  2.1420E+05  2.1127E+05   1.014   12.97   13.33   0.973  3.5742E+05    0.55
  29  3.6000E-04  1.8680E+05  1.8523E+05   1.009   11.34   11.59   0.978  3.5740E+05    0.55
  30  4.5000E-04  1.8352E+05  1.8227E+05   1.007   11.72   11.93   0.982  3.5738E+05    0.55
  31  5.7500E-04  2.0374E+05  2.0287E+05   1.004   10.12   10.27   0.985  3.5736E+05    0.55
  32  7.6000E-04  1.1049E+05  1.1004E+05   1.004   10.43   10.56   0.988  3.5732E+05    0.55
  33  9.6000E-04  8.8749E+04  8.8501E+04   1.003    8.80    8.89   0.990  3.5730E+05    0.55
  34  1.2750E-03  8.3325E+04  8.3059E+04   1.003    8.95    9.03   0.991  3.5727E+05    0.55
  35  1.6000E-03  1.0166E+05  1.0105E+05   1.006   11.64   11.72   0.993  3.5724E+05    0.55
  36  2.0000E-03  8.2552E+04  8.2345E+04   1.003    7.04    7.09   0.993  3.5720E+05    0.55
  37  2.7000E-03  6.8286E+04  6.8058E+04   1.003    7.28    7.32   0.994  3.5715E+05    0.55
  38  3.4000E-03  8.7563E+04  8.7366E+04   1.002    5.73    5.76   0.995  3.5710E+05    0.55
  39  4.5000E-03  8.1370E+04  8.1156E+04   1.003    5.62    5.64   0.995  3.5700E+05    0.55
  40  5.5000E-03  7.1133E+04  7.0996E+04   1.002    4.69    4.72   0.995  3.5692E+05    0.55
  41  7.2000E-03  7.1196E+04  7.1123E+04   1.001    3.76    3.77   0.995  3.5680E+05    0.55
  42  9.2000E-03  9.5674E+04  9.5650E+04   1.000    3.04    3.05   0.995  3.5666E+05    0.55
  43  1.2000E-02  8.7585E+04  8.7491E+04   1.001    3.41    3.43   0.995  3.5639E+05    0.55
  44  1.5000E-02  8.8004E+04  8.7959E+04   1.001    2.93    2.94   0.995  3.5613E+05    0.55
  45  1.9000E-02  9.8209E+04  9.8284E+04   0.999    2.09    2.10   0.993  3.5577E+05    0.55
  46  2.5500E-02  1.4425E+05  1.4442E+05   0.999    1.80    1.82   0.991  3.5514E+05    0.55
  47  3.2000E-02  9.2182E+04  9.2242E+04   0.999    2.05    2.06   0.993  3.5420E+05    0.55
  48  4.0000E-02  1.1766E+05  1.1787E+05   0.998    1.44    1.46   0.988  3.5346E+05    0.55
  49  5.2500E-02  1.3289E+05  1.3314E+05   0.998    1.37    1.38   0.987  3.5199E+05    0.55
  50  6.6000E-02  1.5858E+05  1.5897E+05   0.998    1.06    1.08   0.981  3.5020E+05    0.55
  51  8.8000E-02  1.3278E+05  1.3308E+05   0.998    1.13    1.14   0.983  3.4671E+05    0.55
  52  1.1000E-01  1.7162E+05  1.7208E+05   0.997    0.95    0.97   0.978  3.4379E+05    0.55
  53  1.3500E-01  1.4421E+05  1.4457E+05   0.998    1.03    1.05   0.980  3.3950E+05    0.55
  54  1.6000E-01  1.5388E+05  1.5430E+05   0.997    0.92    0.94   0.977  3.3589E+05    0.55
  55  1.9000E-01  1.4428E+05  1.4466E+05   0.997    0.95    0.97   0.978  3.3127E+05    0.55
  56  2.2000E-01  1.4594E+05  1.4635E+05   0.997    0.89    0.91   0.975  3.2695E+05    0.55
  57  2.5500E-01  1.5559E+05  1.5602E+05   0.997    0.90    0.92   0.975  3.2184E+05    0.55
  58  2.9000E-01  1.4351E+05  1.4390E+05   0.997    0.94    0.96   0.977  3.1639E+05    0.55
  59  3.2000E-01  1.5153E+05  1.5196E+05   0.997    0.84    0.87   0.972  3.1209E+05    0.55
  60  3.6000E-01  1.4608E+05  1.4650E+05   0.997    0.84    0.86   0.972  3.0603E+05    0.55
  61  4.0000E-01  1.3790E+05  1.3830E+05   0.997    0.81    0.84   0.970  3.0018E+05    0.55
  62  4.5000E-01  1.4514E+05  1.4556E+05   0.997    0.79    0.82   0.968  2.9329E+05    0.55
  63  5.0000E-01  1.4396E+05  1.4438E+05   0.997    0.78    0.80   0.966  2.8603E+05    0.55
  64  5.5000E-01  1.4789E+05  1.4832E+05   0.997    0.77    0.80   0.965  2.7883E+05    0.55
  65  6.0000E-01  1.4730E+05  1.4774E+05   0.997    0.73    0.76   0.961  2.7144E+05    0.55
  66  6.6000E-01  1.5810E+05  1.5858E+05   0.997    0.71    0.74   0.958  2.6260E+05    0.55
  67  7.2000E-01  1.6910E+05  1.6962E+05   0.997    0.69    0.72   0.956  2.5311E+05    0.55
  68  7.8000E-01  1.5475E+05  1.5522E+05   0.997    0.70    0.73   0.955  2.4297E+05    0.55
  69  8.4000E-01  1.5995E+05  1.6046E+05   0.997    0.64    0.68   0.949  2.3368E+05    0.55
  70  9.2000E-01  1.5051E+05  1.5099E+05   0.997    0.64    0.68   0.947  2.2089E+05    0.55
  71  1.0000E+00  1.2204E+05  1.2247E+05   0.996    0.56    0.60   0.936  2.0884E+05    0.55
  72  1.2000E+00  1.0044E+05  1.0079E+05   0.997    0.58    0.62   0.938  1.8444E+05    0.56
  73  1.4000E+00  8.5620E+04  8.5921E+04   0.996    0.59    0.63   0.938  1.6435E+05    0.56
  74  1.6000E+00  6.9715E+04  6.9962E+04   0.996    0.62    0.66   0.939  1.4722E+05    0.57
  75  1.8000E+00  5.5894E+04  5.6097E+04   0.996    0.65    0.69   0.940  1.3328E+05    0.58
  76  2.0000E+00  4.1264E+04  4.1421E+04   0.996    0.63    0.67   0.937  1.2210E+05    0.58
  77  2.3000E+00  3.0897E+04  3.1020E+04   0.996    0.68    0.72   0.940  1.0972E+05    0.59
  78  2.6000E+00  2.2106E+04  2.2201E+04   0.996    0.74    0.78   0.943  1.0045E+05    0.60
  79  2.9000E+00  1.5916E+04  1.5990E+04   0.995    0.75    0.80   0.943  9.3821E+04    0.60
  80  3.3000E+00  1.1749E+04  1.1810E+04   0.995    0.81    0.86   0.946  8.7455E+04    0.60
  81  3.7000E+00  8.6094E+03  8.6608E+03   0.994    0.90    0.95   0.949  8.2756E+04    0.60
  82  4.1000E+00  6.8400E+03  6.8867E+03   0.993    0.95    1.00   0.950  7.9312E+04    0.60
  83  4.5000E+00  5.5345E+03  5.5766E+03   0.992    0.95    1.00   0.948  7.6576E+04    0.60
  84  5.0000E+00  4.7707E+03  4.8123E+03   0.991    1.00    1.06   0.948  7.3809E+04    0.60
  85  5.5000E+00  4.4206E+03  4.4634E+03   0.990    1.01    1.06   0.946  7.1423E+04    0.60
  86  6.0000E+00  4.3847E+03  4.4255E+03   0.991    0.84    0.90   0.934  6.9213E+04    0.59
  87  6.7000E+00  4.4986E+03  4.5419E+03   0.990    0.80    0.86   0.928  6.6144E+04    0.59
  88  7.4000E+00  4.8451E+03  4.8903E+03   0.991    0.71    0.77   0.918  6.2995E+04    0.59
  89  8.2000E+00  5.5605E+03  5.6125E+03   0.991    0.67    0.74   0.912  5.9119E+04    0.59
  90  9.0000E+00  6.2295E+03  6.2826E+03   0.992    0.59    0.65   0.903  5.4670E+04    0.59
  91  1.0000E+01  6.7175E+03  6.7760E+03   0.991    0.58    0.65   0.899  4.8441E+04    0.60
  92  1.1000E+01  6.9027E+03  6.9634E+03   0.991    0.57    0.64   0.896  4.1723E+04    0.61
  93  1.2000E+01  6.9137E+03  6.9747E+03   0.991    0.57    0.63   0.894  3.4821E+04    0.62
  94  1.3000E+01  6.7213E+03  6.7803E+03   0.991    0.56    0.63   0.892  2.7907E+04    0.65
  95  1.4000E+01  5.6449E+03  5.6974E+03   0.991    0.58    0.65   0.892  2.1186E+04    0.70
  96  1.5000E+01  4.6640E+03  4.7087E+03   0.990    0.60    0.67   0.892  1.5541E+04    0.76
  97  1.6000E+01  3.4468E+03  3.4823E+03   0.990    0.65    0.72   0.896  1.0877E+04    0.86
  98  1.7000E+01  2.5692E+03  2.5983E+03   0.989    0.73    0.80   0.902  7.4300E+03    1.00
  99  1.8000E+01  1.7723E+03  1.7933E+03   0.988    0.79    0.87   0.908  4.8608E+03    1.20
 100  1.9000E+01  1.0313E+03  1.0456E+03   0.986    0.99    1.07   0.921  3.0885E+03    1.51
 101  2.0000E+01  6.8773E+02  6.9848E+02   0.985    1.23    1.32   0.933  2.0571E+03    1.84
 102  2.1000E+01  4.6100E+02  4.6824E+02   0.985    1.35    1.43   0.941  1.3694E+03    2.24
 103  2.2000E+01  2.9188E+02  2.9697E+02   0.983    1.69    1.77   0.952  9.0841E+02    2.81
 104  2.3000E+01  1.8681E+02  1.9033E+02   0.981    2.07    2.16   0.961  6.1653E+02    3.47
 105  2.4000E+01  1.2157E+02  1.2405E+02   0.980    2.58    2.66   0.969  4.2973E+02    4.22
 106  2.5000E+01  8.4425E+01  8.6194E+01   0.979    3.05    3.13   0.975  3.0816E+02    5.03
 107  2.6000E+01  5.9286E+01  6.0570E+01   0.979    3.67    3.74   0.981  2.2373E+02    5.94
 108  2.7000E+01  4.1703E+01  4.2636E+01   0.978    4.46    4.53   0.985  1.6445E+02    6.93
 109  2.8000E+01  3.3440E+01  3.4243E+01   0.977    5.72    5.78   0.989  1.2274E+02    7.94
 110  2.9000E+01  2.2196E+01  2.2675E+01   0.979    5.97    6.02   0.992  8.9303E+01    8.97
 111  3.0000E+01  1.9812E+01  2.0443E+01   0.969   11.28   11.34   0.994  6.7106E+01   10.11
 112  3.1000E+01  1.5600E+01  1.5890E+01   0.982    7.17    7.21   0.995  4.7294E+01    9.91
 113  3.2000E+01  1.0972E+01  1.1173E+01   0.982    8.59    8.61   0.997  3.1694E+01   11.46
 114  3.3000E+01  8.5340E+00  8.6851E+00   0.983   10.06   10.08   0.998  2.0723E+01   13.19
 115  3.4000E+01  4.8335E+00  4.9211E+00   0.982   12.77   12.79   0.998  1.2189E+01   15.60
 116  3.5000E+01  4.3024E+00  4.3723E+00   0.984   13.75   13.77   0.999  7.3550E+00   17.63
 117  3.6000E+01  2.3110E+00  2.3508E+00   0.983   18.57   18.59   0.999  3.0526E+00   23.31
 118  3.7000E+01  7.4162E-01  7.6068E-01   0.975   38.30   38.31   1.000  7.4162E-01   38.30
      3.8000E+01

  INTEGRALS OF SPECTRA
    OLD SPECTRUM   3.5963E+05   ±    0.599 %
    NEW SPECTRUM   3.5809E+05   ±    0.549 %

  SUMMARY OF BROAD-GROUP FLUXES, FLUENCES, AND UNCERTAINTIES

    IRRAD TIME [S] = 7.04179000E+04   ACT NORM =  1.00000000E+00

       ENERGY       FLUX       FLUENCE      STDEV %
      thermal    3.3597E+02  2.3658E+07  ±   5.37     (0.100 meV – 0.550  eV)
     epithermal  1.3966E+04  9.8344E+08  ±   1.43     (0.550  eV – 110.0 keV)
        fast     3.4379E+05  2.4209E+10  ±   0.55     (110.0 keV –  20.0 MeV)
        fast     2.0884E+05  1.4706E+10  ±   0.54     (  1.0 MeV –  20.0 MeV)
        high     2.0571E+03  1.4486E+08  ±   1.84     ( 20.0 MeV –  60.0 MeV)

    MINI-SPECTRUM

       ENERGY       FLUX       FLUENCE      STDEV %
     1.0000E-10  4.7798E+02  3.3658E+07  ±   4.99
     9.2000E-06  3.1062E+02  2.1873E+07  ±   9.72
     9.6000E-04  6.4229E+02  4.5229E+07  ±   5.64
     9.2000E-03  9.9497E+03  7.0064E+08  ±   1.48
     8.8000E-02  4.0682E+04  2.8647E+09  ±   0.89
     3.6000E-01  8.5140E+04  5.9954E+09  ±   0.70
     9.2000E-01  1.1116E+05  7.8279E+09  ±   0.59
     2.3000E+00  6.1281E+04  4.3153E+09  ±   0.70
     1.0000E+01  4.8011E+04  3.3808E+09  ±   0.59
     2.4000E+01  4.2973E+02  3.0261E+07  ±   4.22
     6.0000E+01

       TOTAL     3.5809E+05  2.5216E+10  ±   0.55

    RELATIVE COVARIANCES (10×10)
     1000   -43  -134  -118  -112   -97   -78   -42   -26     3
     1000   345    20    -9    -1     6     9    13     3
     1000   478   106    48    56    46    54     6
     1000   646   264   236   189   219    24
     1000   661   434   318   366    40
     1000   787   469   462    50
     1000   734   547    59
     1000   629    48
     1000   233
     1000

  SPECTRAL-AVERAGED REACTION RATES (for all cross section library reactions)

        REACTIONS        SIG-PHI      <SIG>          REACTIONS        SIG-PHI      <SIG>          REACTIONS        SIG-PHI      <SIG>  
   ------------------  ----------  ----------   ------------------  ----------  ----------   ------------------  ----------  ----------
   LI6(N,A)T           3.7177E-19  1.0382E-24   FE58(N,G)FE59       1.3024E-21  3.6372E-27   IN115(N,N')IN115M   4.4611E-20  1.2458E-25
   B10(N,A)LI7         1.1388E-18  3.1801E-24   CO59(N,2N)CO58      2.4411E-20  6.8171E-26   IN115(N,2N)IN114M   5.1812E-20  1.4469E-25
   F19(N,2N)F18        1.5860E-21  4.4290E-27   CO59(N,3N)CO57      1.5424E-22  4.3075E-28   IN115(N,G)IN116M    2.0873E-19  5.8290E-25
   NA23(N,2N)NA22      1.4708E-21  4.1075E-27   CO59(N,G)CO60       1.4908E-20  4.1632E-26   I127(N,2N)I126      5.9293E-20  1.6558E-25
   NA23(N,G)NA24       2.6027E-22  7.2683E-28   CO59(N,P)FE59       2.9440E-21  8.2214E-27   LA139(N,G)LA140     5.2330E-21  1.4614E-26
   MG24(N,P)NA24       9.5377E-21  2.6635E-26   CO59(N,A)MN56       1.3585E-21  3.7939E-27   PR141(N,2N)PR140    6.5084E-20  1.8175E-25
   AL27(N,P)MG27       5.5837E-21  1.5593E-26   NI58(N,2N)NI57      1.2091E-21  3.3765E-27   TM169(N,2N)TM168    8.9748E-20  2.5063E-25
   AL27(N,A)NA24       5.8379E-21  1.6303E-26   NI58(N,P)CO58       4.4440E-20  1.2410E-25   TM169(N,3N)TM167    6.3769E-21  1.7808E-26
   SI28(N,P)AL28       1.5638E-20  4.3672E-26   NI60(N,P)CO60       7.5546E-21  2.1097E-26   TA181(N,G)TA182     7.2078E-20  2.0129E-25
   P31(N,P)SI31        1.2068E-20  3.3702E-26   CU63(N,2N)CU62      1.7049E-20  4.7613E-26   W186(N,G)W187       5.2659E-20  1.4706E-25
   S32(N,P)P32         2.7743E-20  7.7476E-26   CU63(N,G)CU64       5.8609E-21  1.6367E-26   AU197(N,2N)AU196    9.0621E-20  2.5307E-25
   TI46(N,2N)TI45      2.6505E-21  7.4017E-27   CU63(N,A)CO60       2.2249E-21  6.2134E-27   AU197(N,G)AU198     1.1853E-19  3.3101E-25
   TI46(N,P)SC46       1.7375E-20  4.8522E-26   CU65(N,2N)CU64      3.2533E-20  9.0852E-26   HG199(N,N')HG199M   7.1363E-20  1.9929E-25
   TI47(N,P)SC47       1.0273E-20  2.8688E-26   ZN64(N,P)CU64       1.7955E-20  5.0142E-26   PB204(N,N')PB204M   1.1591E-20  3.2369E-26
   TI47(N,X)SC46       2.9072E-21  8.1188E-27   ZN67(N,P)CU67       1.8247E-21  5.0955E-27   BI209(N,3N)BI207    7.7301E-21  2.1587E-26
   TI48(N,P)SC48       2.7751E-21  7.7498E-27   AS75(N,2N)AS74      3.4358E-20  9.5950E-26   TH232(N,FISSION)    3.6613E-20  1.0225E-25
   TI48(N,X)SC47       1.0687E-21  2.9843E-27   Y89(N,2N)Y88        2.9998E-20  8.3772E-26   TH232(N,G)TH233     4.4473E-20  1.2419E-25
   TI49(N,X)SC48       6.5446E-22  1.8277E-27   ZR90(N,2N)ZR89      2.3928E-20  6.6821E-26   U235(N,FISSION)     6.2503E-19  1.7455E-24
   V51(N,A)SC48        6.6349E-22  1.8529E-27   NB93(N,G)NB94       1.2929E-20  3.6106E-26   U235(N,G)U236       7.0391E-20  1.9657E-25
   CR52(N,2N)CR51      1.1975E-20  3.3440E-26   NB93(N,N')NB93M     3.3816E-20  9.4434E-26   U238(N,2N)U237      6.8916E-20  1.9245E-25
   MN55(N,2N)MN54      2.4877E-20  6.9472E-26   NB93(N,2N)NB92M     1.8828E-20  5.2579E-26   U238(N,FISSION)     1.2424E-19  3.4694E-25
   MN55(N,G)MN56       5.1621E-21  1.4416E-26   MO92(N,P)NB92M      6.3978E-21  1.7867E-26   U238(N,G)U239       4.3687E-20  1.2200E-25
   FE54(N,2N)FE53      8.9588E-22  2.5018E-27   RH103(N,N')RH103M   2.0065E-19  5.6034E-25   NP237(N,FISSION)    4.6530E-19  1.2994E-24
   FE54(N,P)MN54       3.5997E-20  1.0053E-25   AG109(N,G)AG110M    7.9525E-21  2.2208E-26   PU239(N,FISSION)    9.3919E-19  2.6228E-24
   FE54(N,A)CR51       4.2988E-21  1.2005E-26   IN113(N,N')IN113M   3.6118E-20  1.0086E-25   AM241(N,FISSION)    4.6527E-19  1.2993E-24
   FE56(N,P)MN56       5.4920E-21  1.5337E-26   IN113(N,G)IN114M    8.0423E-20  2.2459E-25   SC45(N,G)SC46       9.2337E-21  2.5786E-26

  INPUT FLUX REL. CORRELATION MATRIX (by row from diagonal)
   1   1000   990   960   912   851   778   698   613   527   445   368   298   237   185   141   106    78    56    40    28
         19    13     9     6     4     3     2     1     1     1     1     1     1     1     1     1     1     1     1     2
          2     3     2     3     4     4     4     6     6     8     7     8     8     9     8     9     9     8     9     9
         10    10    10    10    11    11    11    11    12    12    14    13    13    12    12    12    11    10    10     9
          9     8     8     8     8     9     9    11    11    12    13    13    13    13    12    12    11    10     9     8
          6     6     5     4     3     3     2     2     1     1     1     1     1     1     1     1     0     0    16    16
         16    16    16    16    16    16    16    16    16    16    16    16    16    16    16    16    16    16    16    16

  OUTPUT FLUX REL. CORRELATION MATRIX (by row from diagonal)
   1   1000   988   952   887   795   673   524   357   184    23  -115  -221  -297  -342  -365  -369  -359  -342  -317  -290
       -262  -233  -207  -182  -160  -140  -123  -109   -97   -87   -79   -72   -67   -62   -58   -55   -53   -51   -49   -48
        -48   -48   -46   -46   -48   -49   -47   -50   -50   -53   -52   -54   -52   -53   -52   -52   -52   -51   -51   -51
        -51   -50   -50   -50   -50   -49   -49   -48   -48   -48   -49   -47   -46   -44   -42   -41   -37   -34   -32   -28
        -24   -21   -19   -17   -15   -18   -18   -21   -22   -26   -26   -26   -27   -27   -25   -24   -21   -17   -14    -9
         -5    -5    -2    -1     0     0     0     0     0     0     1     0     0     0     0     0     0     0   -44   -44
        -44   -44   -44   -44   -44   -44   -44   -44   -44   -44   -44   -44   -44   -44   -44   -44   -44   -44   -44   -44
   2   1000   987   945   872   766   626   459   280   104   -51  -177  -271  -333  -369  -383  -381  -367  -345  -319  -290
       -260  -232  -205  -180  -159  -140  -124  -110   -99   -90   -82   -76   -70   -65   -62   -59   -57   -55   -54   -53
        -53   -51   -51   -52   -52   -51   -53   -53   -54   -53   -54   -53   -53   -52   -52   -52   -51   -51   -50   -49
        -49   -48   -48   -47   -47   -46   -45   -45   -44   -43   -42   -41   -39   -37   -36   -33   -29   -27   -24   -20
        -17   -15   -13   -11   -13   -13   -14   -15   -19   -19   -19   -19   -19   -17   -16   -14   -10    -9    -4    -1
         -1     0     0     1     1     1     1     1     1     1     0     0     0     0     0     0     0   -35   -35   -35
        -35   -35   -35   -35   -35   -35   -35   -35   -35   -35   -35   -35   -35   -35   -35   -35   -35   -35   -35
   3   1000   985   938   853   729   571   391   207    35  -109  -222  -303  -355  -383  -390  -384  -367  -343  -315  -285
       -256  -227  -201  -178  -157  -139  -124  -111  -101   -92   -85   -79   -73   -70   -66   -63   -61   -59   -57   -56
        -55   -54   -54   -54   -53   -53   -52   -51   -51   -50   -50   -48   -48   -47   -46   -46   -44   -43   -43   -42
        -41   -40   -39   -37   -36   -35   -34   -32   -29   -29   -28   -26   -25   -23   -21   -19   -17   -14   -11    -9
         -7    -4    -3    -3    -2    -2    -2    -3    -3    -3    -3    -3    -2    -1     0     1     2     4     5     5
          5     5     4     4     4     3     3     2     2     1     1     1     1     1     0     0   -15   -15   -15   -15
        -15   -15   -15   -15   -15   -15   -15   -15   -15   -15   -15   -15   -15   -15   -15   -15   -15   -15
   4   1000   983   926   827   688   516   330   148   -13  -145  -246  -317  -360  -382  -386  -377  -359  -334  -306  -277
       -248  -221  -196  -174  -154  -138  -124  -112  -102   -94   -87   -82   -77   -73   -69   -67   -64   -62   -60   -59
        -57   -55   -54   -54   -51   -50   -46   -46   -43   -44   -41   -41   -39   -38   -38   -35   -34   -32   -31   -30
        -29   -26   -25   -23   -22   -19   -17   -10   -11   -10   -10    -9    -6    -6    -5    -3    -1     0     1     3
          5     7    10    11    13    14    15    16    17    17    17    17    17    17    17    16    15    14    13    11
         10     9     8     7     6     5     4     3     3     2     2     2     1     1     1    10    10    10    10    10
         10    10    10    10    10    10    10    10    10    10    10    10    10    10    10    10    10
   5   1000   979   914   803   651   473   288   115   -34  -154  -246  -309  -348  -367  -369  -360  -342  -318  -292  -265
       -238  -213  -190  -170  -153  -138  -125  -114  -105   -98   -92   -87   -82   -79   -76   -73   -71   -69   -68   -67
        -65   -64   -64   -62   -61   -59   -59   -56   -56   -54   -54   -52   -51   -51   -49   -47   -46   -45   -43   -42
        -40   -39   -37   -36   -33   -31   -26   -26   -24   -23   -22   -19   -18   -16   -13   -11    -8    -5    -3     0
          1     2     4     5     5     5     5     6     6     6     7     8     8     9    10    10    10    10     9     8
          8     7     6     5     4     4     3     2     2     2     1     1     1     1    -5    -5    -5    -5    -5    -5
         -5    -5    -5    -5    -5    -5    -5    -5    -5    -5    -5    -5    -5    -5    -5    -5
   6   1000   977   904   783   625   448   272   110   -27  -139  -223  -281  -319  -337  -341  -334  -318  -297  -274  -250
       -226  -204  -184  -166  -151  -138  -126  -117  -109  -102   -97   -93   -89   -86   -84   -82   -81   -79   -78   -79
        -79   -78   -79   -78   -79   -78   -78   -77   -76   -75   -74   -73   -72   -71   -70   -69   -68   -67   -66   -65
        -64   -62   -61   -59   -58   -55   -54   -52   -50   -47   -45   -41   -37   -34   -29   -24   -20   -17   -14   -11
        -12   -12   -13   -14   -18   -17   -17   -17   -17   -15   -14   -11    -7    -5     0     2     2     3     4     4
          4     3     3     3     2     3     1     1     1     1     0     0     1   -38   -38   -38   -38   -38   -38   -38
        -38   -38   -38   -38   -38   -38   -38   -38   -38   -38   -38   -38   -38   -38   -38
   7   1000   974   895   770   614   446   280   131     2  -101  -180  -238  -275  -295  -303  -298  -287  -271  -252  -231
       -212  -193  -176  -161  -148  -136  -127  -118  -111  -106  -101   -98   -94   -92   -90   -90   -87   -87   -88   -89
        -87   -89   -89   -91   -90   -91   -89   -89   -88   -87   -86   -85   -85   -83   -83   -82   -81   -80   -79   -78
        -76   -75   -74   -72   -71   -69   -67   -64   -61   -58   -54   -48   -45   -39   -33   -28   -25   -20   -17   -20
        -20   -23   -24   -29   -29   -29   -29   -30   -27   -25   -21   -16   -13    -6    -2    -1     0     2     2     3
          2     2     2     2     3     0     0     0     0     0     0     0   -56   -56   -56   -56   -56   -56   -56   -56
        -56   -56   -56   -56   -56   -56   -56   -56   -56   -56   -56   -56   -56   -56
   8   1000   972   892   769   621   464   312   173    52   -45  -124  -181  -220  -245  -256  -257  -251  -240  -226  -210
       -195  -180  -166  -154  -143  -133  -125  -117  -112  -107  -103   -99   -97   -95   -94   -92   -91   -93   -93   -91
        -94   -94   -95   -94   -95   -93   -93   -92   -91   -90   -89   -88   -87   -86   -85   -84   -83   -82   -81   -80
        -78   -77   -75   -73   -72   -69   -66   -63   -60   -56   -50   -46   -40   -34   -29   -26   -21   -18   -21   -20
        -23   -24   -30   -30   -30   -30   -30   -27   -25   -21   -16   -13    -6    -2    -1     0     2     3     3     3
          3     3     2     3     1     0     0     0     0     0     0   -57   -57   -57   -57   -57   -57   -57   -57   -57
        -57   -57   -57   -57   -57   -57   -57   -57   -57   -57   -57   -57   -57
   9   1000   972   894   779   643   500   359   230   118    21   -55  -114  -159  -187  -204  -211  -211  -206  -197  -187
       -176  -165  -155  -145  -136  -128  -120  -115  -110  -106  -102  -100   -98   -97   -94   -94   -95   -96   -94   -96
        -96   -98   -97   -98   -96   -96   -95   -94   -93   -91   -91   -90   -89   -88   -87   -85   -84   -83   -82   -80
        -79   -77   -76   -74   -71   -68   -65   -62   -58   -52   -48   -42   -35   -30   -27   -22   -19   -22   -22   -25
        -26   -32   -32   -32   -32   -32   -29   -27   -23   -17   -14    -7    -2    -2     0     2     3     3     3     2
          3     2     3     0     0     0     0     0     0     0   -60   -60   -60   -60   -60   -60   -60   -60   -60   -60
        -60   -60   -60   -60   -60   -60   -60   -60   -60   -60   -60   -60
  10   1000   974   902   797   675   544   415   295   186    93    15   -47   -94  -128  -151  -165  -171  -172  -169  -164
       -157  -150  -142  -135  -128  -120  -116  -111  -107  -103  -101   -99   -99   -96   -95   -98   -98   -96  -100  -100
       -103  -101  -103  -101  -102  -100  -100   -99   -96   -97   -96   -95   -94   -93   -92   -91   -91   -89   -88   -87
        -85   -85   -83   -80   -77   -73   -71   -65   -59   -55   -48   -41   -35   -32   -27   -24   -28   -28   -32   -33
        -41   -41   -41   -41   -42   -38   -36   -31   -24   -21   -12    -6    -5    -2     0     1     1     1     2     2
          1     2     0     0     0     0     0     0     0   -72   -72   -72   -72   -72   -72   -72   -72   -72   -72   -72
        -72   -72   -72   -72   -72   -72   -72   -72   -72   -72   -72
  11   1000   976   912   819   708   589   471   357   253   161    81    17   -34   -74  -102  -121  -133  -140  -142  -140
       -138  -133  -128  -123  -116  -113  -108  -104  -100   -98   -96   -96   -93   -92   -94   -94   -92   -95   -95   -98
        -96   -98   -96   -96   -95   -95   -93   -91   -92   -90   -90   -89   -88   -86   -86   -85   -84   -82   -81   -79
        -79   -77   -74   -71   -68   -65   -60   -54   -50   -44   -37   -32   -29   -25   -22   -25   -25   -29   -30   -37
        -37   -37   -37   -38   -35   -32   -28   -22   -18   -10    -5    -4    -1     0     1     1     2     2     2     1
          2     0     0     0     0     0     0     0   -67   -67   -67   -67   -67   -67   -67   -67   -67   -67   -67   -67
        -67   -67   -67   -67   -67   -67   -67   -67   -67   -67
  12   1000   979   922   838   738   631   519   412   311   219   140    72    17   -26   -59   -83  -100  -111  -117  -120
       -119  -118  -114  -110  -107  -103  -100   -97   -95   -93   -93   -90   -90   -92   -93   -90   -95   -95   -99   -97
       -100   -97   -98   -97   -97   -96   -93   -94   -93   -93   -92   -91   -90   -90   -89   -88   -86   -87   -85   -86
        -84   -81   -78   -74   -72   -66   -60   -56   -49   -42   -37   -34   -29   -26   -31   -32   -36   -38   -46   -46
        -46   -47   -47   -44   -41   -36   -29   -25   -16    -9    -8    -4    -2     0     0     0     0     1     0     2
          0     0     0     0     0     0     0   -78   -78   -78   -78   -78   -78   -78   -78   -78   -78   -78   -78   -78
        -78   -78   -78   -78   -78   -78   -78   -78   -78
  13   1000   981   931   856   765   664   560   457   358   268   188   118    60    13   -23   -51   -72   -86   -95  -100
       -102  -102   -99   -98   -95   -92   -89   -87   -85   -84   -81   -81   -82   -82   -80   -82   -82   -84   -82   -83
        -82   -82   -80   -80   -79   -77   -77   -76   -75   -74   -73   -72   -71   -70   -69   -67   -66   -65   -64   -62
        -60   -57   -54   -53   -48   -43   -40   -35   -30   -26   -23   -19   -17   -20   -19   -22   -23   -29   -29   -29
        -29   -29   -27   -25   -21   -16   -14    -7    -3    -2     0     1     2     2     2     2     2     1     2     0
          0     0     0     0     0     0   -53   -53   -53   -53   -53   -53   -53   -53   -53   -53   -53   -53   -53   -53
        -53   -53   -53   -53   -53   -53   -53   -53
  14   1000   983   938   870   785   691   592   492   396   307   226   155    95    45     5   -26   -49   -66   -77   -84
        -87   -88   -88   -87   -85   -83   -81   -80   -79   -76   -76   -77   -78   -75   -78   -78   -81   -79   -81   -79
        -79   -78   -78   -77   -75   -75   -74   -73   -72   -71   -70   -70   -69   -68   -67   -66   -65   -66   -63   -61
        -59   -56   -54   -50   -45   -42   -37   -31   -27   -25   -21   -19   -22   -22   -26   -27   -33   -33   -33   -33
        -34   -31   -29   -25   -20   -17   -10    -5    -5    -2     0     0     0     1     1     1     0     2     0     0
          0     0     0     0     0   -58   -58   -58   -58   -58   -58   -58   -58   -58   -58   -58   -58   -58   -58   -58
        -58   -58   -58   -58   -58   -58   -58
  15   1000   985   943   880   802   712   616   520   426   337   256   184   122    70    28    -4   -30   -48   -61   -69
        -73   -76   -76   -76   -74   -73   -72   -71   -68   -68   -68   -68   -66   -68   -68   -69   -68   -68   -67   -67
        -66   -65   -64   -63   -62   -61   -61   -60   -59   -57   -57   -56   -55   -53   -53   -51   -51   -49   -48   -45
        -43   -41   -38   -34   -32   -28   -23   -20   -18   -15   -13   -15   -15   -17   -18   -23   -23   -23   -23   -23
        -21   -20   -17   -13   -11    -5    -2    -2     0     1     1     1     1     1     2     1     2     0     0     0
          0     0     0     0   -42   -42   -42   -42   -42   -42   -42   -42   -42   -42   -42   -42   -42   -42   -42   -42
        -42   -42   -42   -42   -42   -42
  16   1000   986   948   889   814   728   636   541   448   360   278   206   143    90    46    12   -13   -33   -47   -55
        -61   -64   -66   -65   -65   -64   -63   -61   -61   -61   -61   -59   -60   -60   -60   -59   -59   -58   -58   -57
        -56   -55   -54   -54   -53   -52   -51   -50   -49   -48   -47   -46   -44   -44   -42   -42   -40   -39   -37   -35
        -34   -31   -28   -25   -22   -18   -16   -14   -11   -10   -12   -11   -13   -14   -17   -17   -17   -17   -18   -16
        -15   -12    -9    -7    -3     0     0     0     1     2     2     2     2     2     1     2     0     0     0     0
          0     0     0   -34   -34   -34   -34   -34   -34   -34   -34   -34   -34   -34   -34   -34   -34   -34   -34   -34
        -34   -34   -34   -34   -34
  17   1000   987   951   895   822   740   649   557   465   377   296   223   159   105    61    26    -1   -21   -34   -45
        -51   -55   -56   -57   -58   -58   -56   -55   -56   -56   -55   -56   -56   -57   -56   -57   -56   -56   -55   -54
        -53   -52   -52   -51   -50   -49   -49   -48   -47   -46   -45   -44   -44   -43   -43   -42   -40   -38   -36   -35
        -32   -29   -27   -24   -20   -17   -16   -13   -12   -14   -14   -16   -17   -21   -21   -21   -22   -22   -20   -19
        -16   -13   -11    -6    -3    -2    -1     0     0     1     1     1     1     0     1     0     0     0     0     0
          0     0   -38   -38   -38   -38   -38   -38   -38   -38   -38   -38   -38   -38   -38   -38   -38   -38   -38   -38
        -38   -38   -38   -38
  18   1000   988   953   899   830   749   661   569   478   391   309   236   172   118    74    38    11    -9   -24   -34
        -41   -44   -47   -48   -48   -47   -47   -46   -46   -45   -45   -44   -44   -43   -42   -42   -41   -40   -39   -39
        -38   -37   -36   -35   -34   -33   -32   -31   -30   -29   -28   -26   -25   -24   -23   -22   -21   -20   -19   -17
        -15   -14   -11    -9    -7    -6    -5    -3    -4    -4    -4    -5    -7    -6    -6    -6    -6    -5    -5    -3
         -2    -1     0     2     2     2     2     2     2     2     2     2     1     1     1     1     0     0     0     0
          0   -17   -17   -17   -17   -17   -17   -17   -17   -17   -17   -17   -17   -17   -17   -17   -17   -17   -17   -17
        -17   -17   -17
  19   1000   988   955   903   835   756   669   578   488   401   319   246   182   128    83    48    20     0   -15   -25
        -32   -37   -40   -41   -41   -41   -42   -42   -41   -41   -41   -41   -40   -40   -39   -38   -38   -37   -36   -35
        -35   -34   -33   -32   -31   -30   -29   -29   -28   -27   -26   -25   -24   -23   -22   -21   -20   -19   -17   -15
        -14   -12   -10    -8    -7    -6    -5    -6    -5    -6    -7    -9    -9    -9    -9    -9    -8    -7    -6    -4
         -3    -1     0     0     1     1     2     1     1     1     1     1     1     0     0     0     0     0     0     0
        -19   -19   -19   -19   -19   -19   -19   -19   -19   -19   -19   -19   -19   -19   -19   -19   -19   -19   -19   -19
        -19   -19
  20   1000   989   956   905   839   761   675   585   495   408   328   255   191   137    92    57    29     8    -7   -17
        -25   -30   -33   -34   -35   -35   -35   -35   -35   -35   -34   -34   -33   -33   -32   -31   -31   -30   -29   -29
        -28   -27   -26   -25   -24   -23   -23   -22   -21   -20   -19   -18   -18   -17   -16   -15   -14   -13   -11   -10
         -9    -7    -5    -5    -3    -2    -3    -3    -4    -4    -5    -5    -5    -5    -5    -5    -4    -3    -2    -1
          0     1     1     1     2     2     2     1     1     1     1     1     0     0     0     0     0     0     0   -13
        -13   -13   -13   -13   -13   -13   -13   -13   -13   -13   -13   -13   -13   -13   -13   -13   -13   -13   -13   -13
        -13
  21   1000   989   958   907   842   765   680   590   501   415   335   262   199   145   101    65    37    16     1    -9
        -16   -20   -24   -25   -25   -25   -26   -24   -23   -21   -21   -19   -19   -18   -18   -16   -16   -16   -14   -13
        -12   -11   -10    -9    -7    -6    -5    -4    -3    -2     0     0     0     0     1     2     2     2     2     3
          3     3     4     5     5     6     7     8     9     9     9    10    10    10    10    10    10     9     9     8
          7     6     6     5     4     4     3     3     2     2     1     1     1     1     1     1     1     0     8     8
          8     8     8     8     8     8     8     8     8     8     8     8     8     8     8     8     8     8     8     8
  22   1000   989   958   909   844   767   683   594   505   420   340   268   205   151   107    71    43    22     7    -3
        -11   -16   -19   -21   -21   -22   -21   -21   -20   -20   -18   -19   -17   -17   -16   -15   -15   -14   -13   -12
        -11   -10    -9    -8    -7    -6    -6    -4    -4    -2    -2    -1    -1    -1     0     0     0     0     1     1
          2     2     3     3     4     4     5     5     5     6     6     6     6     6     6     6     6     6     5     5
          5     4     4     3     3     2     2     2     1     1     1     1     1     1     0     0     0     3     3     3
          3     3     3     3     3     3     3     3     3     3     3     3     3     3     3     3     3     3     3
  23   1000   989   959   910   846   770   685   597   509   424   345   273   210   157   113    77    49    28    13     2
         -5   -10   -13   -14   -16   -15   -15   -13   -14   -12   -12   -11   -11   -10    -9    -9    -7    -7    -6    -5
         -4    -3    -2    -1     0     0     1     2     5     4     5     5     5     5     5     5     5     5     5     5
          6     6     6     7     8     9    10    11    11    11    11    11    11    11    10    10     9     8     7     6
          5     4     4     3     3     2     2     2     1     1     1     1     1     1     0     0    11    11    11    11
         11    11    11    11    11    11    11    11    11    11    11    11    11    11    11    11    11    11
  24   1000   990   959   911   847   771   688   600   512   427   348   277   215   162   118    82    54    33    18     6
          0    -5    -8   -11   -11   -11    -9   -10    -8    -9    -7    -7    -6    -6    -6    -4    -3    -2    -2    -1
          0     0     1     2     3     4     5     7     7     7     7     7     8     7     7     7     7     6     6     7
          7     7     8     9    10    11    12    12    12    13    13    12    12    12    11    10     8     7     6     5
          4     4     3     3     2     2     2     1     1     1     1     1     1     0     0    13    13    13    13    13
         13    13    13    13    13    13    13    13    13    13    13    13    13    13    13    13    13
  25   1000   990   959   911   848   772   689   602   514   430   352   281   218   166   122    86    59    38    22    10
          3    -1    -5    -6    -7    -6    -7    -5    -6    -5    -5    -4    -3    -4    -2    -1     0     0     0     1
          2     3     4     4     6     6     9     9     9     8     8     9     8     8     8     7     7     7     7     7
          7     9     9    10    11    13    13    13    13    13    13    13    12    11    10     8     7     6     5     4
          4     3     3     2     2     2     1     1     1     1     1     1     0     0    15    15    15    15    15    15
         15    15    15    15    15    15    15    15    15    15    15    15    15    15    15    15
  26   1000   990   960   912   848   773   690   603   516   433   354   284   222   169   125    90    62    41    25    14
          7     1    -1    -3    -2    -3    -2    -3    -2    -2    -1    -1    -1     0     0     1     2     3     3     4
          5     6     6     8     8    11    11    11    10    10    11    10     9     9     9     8     8     8     8     8
          9    10    11    12    14    14    14    14    15    14    14    13    12    11     9     7     7     5     4     4
          3     3     2     2     2     1     1     1     1     1     1     0     0    17    17    17    17    17    17    17
         17    17    17    17    17    17    17    17    17    17    17    17    17    17    17
  27   1000   990   960   912   849   774   691   605   518   435   357   286   224   172   128    93    65    44    29    18
          9     5     1     1     0     0    -1     0     0     0     0     0     2     2     3     4     5     5     6     7
          8     8    10    10    13    12    12    12    11    12    11    10    10    10     9     8     9     8     8    10
         11    12    13    15    15    15    15    16    15    15    14    12    11     9     7     7     5     4     4     3
          3     2     2     2     1     1     1     1     1     1     0     0    18    18    18    18    18    18    18    18
         18    18    18    18    18    18    18    18    18    18    18    18    18    18
  28   1000   990   960   912   849   775   692   606   520   436   359   288   227   174   131    95    68    47    32    20
         13     7     6     3     3     1     2     2     2     2     2     4     4     5     6     6     7     8     9    10
         10    11    12    15    14    14    13    13    13    12    12    11    11    10     9     9     9     9    11    12
         13    14    16    16    16    17    17    16    16    15    13    12    10     8     7     6     5     4     3     3
          2     2     2     1     1     1     1     1     1     1     0    20    20    20    20    20    20    20    20    20
         20    20    20    20    20    20    20    20    20    20    20    20    20
  29   1000   990   960   913   850   776   693   607   521   438   361   291   229   177   133    98    71    51    34    25
         17    14     9     9     7     7     6     7     7     6     8     9    10    10    11    12    13    14    15    15
         17    17    20    20    19    19    18    19    17    16    16    14    13    12    12    12    12    14    15    17
         18    21    21    21    22    22    21    20    19    17    15    12    10     9     7     6     4     4     3     3
          2     2     1     2     1     1     1     1     1     0    27    27    27    27    27    27    27    27    27    27
         27    27    27    27    27    27    27    27    27    27    27    27
  30   1000   990   960   913   850   776   694   608   522   439   362   292   230   178   135   100    73    52    37    26
         20    14    13     9     9     8     9     8     7     9    10    10    11    12    12    14    14    15    15    17
         17    21    20    20    19    18    19    17    16    16    14    13    12    12    12    12    14    15    17    18
         21    21    21    22    22    21    20    19    17    15    12    10     9     7     6     4     4     3     3     2
          2     1     2     1     1     1     1     1     0    27    27    27    27    27    27    27    27    27    27    27
         27    27    27    27    27    27    27    27    27    27    27
  31   1000   990   960   913   851   777   695   609   523   441   363   294   233   181   138   103    76    56    41    32
         24    21    16    15    13    14    13    12    14    14    15    16    17    17    19    20    20    20    23    23
         27    26    25    24    23    24    22    20    20    18    16    16    16    15    15    18    19    21    23    26
         26    27    27    27    26    25    23    21    19    15    12    11     8     7     5     4     4     3     2     2
          1     2     2     1     1     1     1     0    35    35    35    35    35    35    35    35    35    35    35    35
         35    35    35    35    35    35    35    35    35    35
  32   1000   990   960   913   851   777   695   610   524   441   364   294   233   181   139   104    78    57    44    32
         27    20    18    15    15    14    13    15    15    15    16    17    17    19    20    20    20    22    23    27
         26    25    24    23    24    22    20    20    18    16    15    15    14    14    17    18    21    22    26    26
         26    27    27    26    25    23    20    19    15    11    10     8     7     5     4     4     3     2     2     1
          2     2     1     1     1     1     0    34    34    34    34    34    34    34    34    34    34    34    34    34
         34    34    34    34    34    34    34    34    34
  33   1000   990   960   913   851   777   696   611   525   442   366   296   235   184   141   108    82    63    48    39
         30    27    23    22    20    18    20    20    21    22    22    23    24    26    26    26    29    29    34    33
         32    31    29    30    28    26    25    23    20    19    19    18    18    22    23    26    28    32    33    33
         33    34    32    31    29    25    23    18    14    13    10     8     6     5     4     4     3     3     1     2
          2     2     1     1     1     0    43    43    43    43    43    43    43    43    43    43    43    43    43    43
         43    43    43    43    43    43    43    43
  34   1000   990   960   913   851   778   696   610   524   443   366   296   235   184   142   109    83    63    50    38
         33    27    25    22    19    21    21    21    22    22    23    24    26    26    26    29    29    34    33    32
         31    29    30    28    25    25    23    20    19    19    18    18    22    23    26    28    32    32    33    33
         34    32    31    29    25    23    18    14    13    10     8     6     5     4     3     3     3     1     2     2
          2     1     1     1     0    43    43    43    43    43    43    43    43    43    43    43    43    43    43    43
         43    43    43    43    43    43    43
  35   1000   990   960   913   851   777   694   608   524   441   362   293   234   181   139   104    79    59    45    35
         27    23    19    16    16    15    16    16    16    16    18    18    19    19    21    21    25    24    23    22
         21    22    20    19    18    17    15    14    14    13    13    16    17    19    20    24    24    24    25    25
         24    23    21    19    17    13    10    10     7     6     5     4     3     3     2     2     1     2     1     1
          1     1     1     0    32    32    32    32    32    32    32    32    32    32    32    32    32    32    32    32
         32    32    32    32    32    32
  36   1000   990   961   914   852   778   696   612   527   443   367   300   239   189   148   116    92    71    59    48
         42    36    32    32    31    31    32    32    32    34    36    37    36    40    40    46    44    43    42    40
         41    38    34    34    31    27    26    26    24    24    29    31    35    37    43    43    44    44    45    43
         42    38    34    31    24    18    17    13    10     8     7     6     5     3     3     1     3     3     2     2
          2     1     0    58    58    58    58    58    58    58    58    58    58    58    58    58    58    58    58    58
         58    58    58    58    58
  37   1000   990   961   913   851   776   697   611   524   441   368   297   238   187   148   116    90    72    58    49
         41    35    34    32    31    31    31    32    33    35    35    35    38    38    45    43    42    40    39    40
         36    33    33    30    26    25    25    23    23    28    30    34    36    41    42    43    43    44    42    40
         37    32    30    23    18    16    13    10     8     7     5     4     3     3     1     3     2     2     2     2
          1     0    56    56    56    56    56    56    56    56    56    56    56    56    56    56    56    56    56    56
         56    56    56    56
  38   1000   990   961   913   851   779   698   611   525   447   369   302   242   195   155   124   100    81    68    58
         49    47    44    43    42    42    42    45    46    47    47    51    51    59    57    55    53    51    52    48
         44    43    39    35    32    32    30    30    37    39    44    47    54    55    56    56    57    54    53    48
         42    39    30    23    21    16    13    10     8     7     6     4     4     2     4     3     3     2     2     1
          1    74    74    74    74    74    74    74    74    74    74    74    74    74    74    74    74    74    74    74
         74    74    74
  39   1000   990   960   912   852   778   694   609   528   443   369   298   244   195   156   126   101    83    69    57
         54    49    47    45    45    44    46    48    49    48    52    52    61    58    57    54    52    53    49    45
         44    40    36    33    33    31    31    38    40    45    48    56    56    57    58    58    56    54    49    43
         40    30    24    22    17    13    10     9     7     6     4     4     2     4     3     3     2     2     2     1
         76    76    76    76    76    76    76    76    76    76    76    76    76    76    76    76    76    76    76    76
         76    76
  40   1000   990   960   914   852   776   694   614   525   446   368   306   248   203   165   133   111    92    76    70
         63    59    57    56    55    57    59    60    59    64    64    74    71    69    66    63    65    60    55    53
         49    43    40    40    38    37    46    48    55    58    67    68    69    70    71    68    65    60    53    48
         37    29    26    20    16    12    10     9     7     5     5     2     5     4     3     3     3     2     1    92
         92    92    92    92    92    92    92    92    92    92    92    92    92    92    92    92    92    92    92    92
         92
  41   1000   990   961   915   851   777   700   613   531   447   379   313   260   215   176   147   123   102    94    84
         79    75    73    71    74    75    76    75    81    81    94    90    88    84    81    83    76    69    68    62
         55    51    51    48    47    58    61    69    74    85    87    88    89    90    86    83    76    67    61    47
         36    33    25    20    16    13    11     9     7     7     3     6     5     4     3     3     2     1   117   117
        117   117   117   117   117   117   117   117   117   117   117   117   117   117   117   117   117   117   117   117
  42   1000   990   962   914   852   783   700   619   532   460   387   327   274   228   193   162   136   123   110   102
         97    94    91    94    95    96    95   102   102   118   113   111   106   101   103    95    87    85    78    69
         64    64    60    59    72    76    87    92   107   108   110   111   112   107   103    95    83    76    58    45
         41    32    25    20    16    13    11     8     8     3     7     6     5     4     4     3     1   147   147   147
        147   147   147   147   147   147   147   147   147   147   147   147   147   147   147   147   147   147   147
  43   1000   990   958   909   852   773   694   603   529   447   382   319   266   221   184   152   132   115   103    94
         89    85    85    86    86    84    91    91   105   100    98    94    89    92    84    77    75    69    61    57
         57    53    52    64    67    77    82    95    96    97    98   100    95    92    84    74    67    52    40    37
         28    22    17    14    12    10     7     7     3     6     5     5     4     4     3     1   130   130   130   130
        130   130   130   130   130   130   130   130   130   130   130   130   130   130   130   130   130   130
  44   1000   988   957   914   847   776   687   614   528   460   389   330   277   232   193   168   145   129   117   109
        103   103   103   103   100   107   107   123   118   115   110   105   107    99    90    88    81    71    67    67
         62    61    75    79    90    96   111   112   114   115   117   111   108    99    86    79    60    47    43    33
         26    20    17    14    11     8     8     3     8     6     5     4     4     3     1   152   152   152   152   152
        152   152   152   152   152   152   152   152   152   152   152   152   152   152   152   152   152
  45   1000   990   963   915   856   779   709   627   556   483   417   359   308   261   231   203   182   167   156   148
        148   147   147   143   153   152   175   168   164   157   150   153   141   129   126   115   101    95    95    88
         87   106   112   128   136   157   159   162   164   166   158   152   140   122   111    86    66    60    47    37
         29    24    19    16    12    12     5    11     9     8     6     6     4     2   217   217   217   217   217   217
        217   217   217   217   217   217   217   217   217   217   217   217   217   217   217   217
  46   1000   990   962   917   852   790   712   642   566   497   433   375   321   284   250   224   204   189   178   176
        174   173   168   179   178   204   195   191   182   174   178   164   149   146   133   118   110   110   103   101
        123   130   148   157   183   185   187   190   192   183   177   162   142   129    99    77    70    54    42    33
         28    22    18    14    14     6    12    10     9     7     7     5     2   251   251   251   251   251   251   251
        251   251   251   251   251   251   251   251   251   251   251   251   251   251   251
  47   1000   986   957   899   849   771   707   627   556   484   420   360   312   270   236   209   189   173   166   161
        157   151   160   158   180   172   168   160   153   156   144   131   128   117   103    97    96    90    89   108
        114   130   138   161   163   165   167   169   161   155   143   125   114    87    68    62    47    37    29    24
         20    16    12    12     5    11     9     8     6     6     4     2   221   221   221   221   221   221   221   221
        221   221   221   221   221   221   221   221   221   221   221   221   221   221
  48   1000   991   959   920   860   802   731   661   590   523   457   408   360   321   290   265   245   237   231   226
        218   230   227   259   247   241   230   219   224   206   188   183   167   148   139   138   129   127   155   164
        186   198   230   233   236   239   242   230   222   204   178   162   125    96    88    68    53    42    35    28
         23    17    17     7    15    13    11     9     8     6     2   316   316   316   316   316   316   316   316   316
        316   316   316   316   316   316   316   316   316   316   316   316   316
  49   1000   986   963   915   867   802   736   666   597   528   471   417   371   333   302   276   264   254   247   236
        246   242   275   262   255   243   232   237   218   199   194   177   156   146   146   136   134   164   173   197
        209   243   246   249   252   255   243   235   215   188   171   132   102    93    71    56    44    36    30    24
         18    18     7    16    14    12     9     9     6     3   334   334   334   334   334   334   334   334   334   334
        334   334   334   334   334   334   334   334   334   334   334   334
  50   1000   991   967   930   881   823   761   695   625   570   513   464   422   387   357   343   330   321   307   320
        314   356   339   330   315   300   306   282   257   251   229   202   189   188   176   173   211   223   254   270
        313   317   321   325   329   314   303   278   243   221   170   131   120    92    73    56    47    38    31    23
         24     9    21    18    15    12    12     8     3   431   431   431   431   431   431   431   431   431   431   431
        431   431   431   431   431   431   431   431   431   431   431
  51   1000   988   967   926   878   819   755   686   624   562   506   456   413   376   353   335   320   302   311   303
        339   322   313   298   284   289   266   242   236   216   191   178   177   166   163   199   210   239   254   295
        299   303   307   311   296   286   262   229   209   160   124   113    87    68    53    44    36    29    22    22
          9    20    17    14    11    11     8     3   407   407   407   407   407   407   407   407   407   407   407   407
        407   407   407   407   407   407   407   407   407   407
  52   1000   991   970   934   888   833   769   712   650   594   541   495   453   428   406   388   366   375   364   406
        386   375   356   339   345   318   289   282   257   227   212   211   197   194   237   250   285   303   352   356
        361   365   370   353   340   312   273   248   190   147   134   103    81    63    53    43    35    26    26    11
         24    20    17    13    13     9     4   485   485   485   485   485   485   485   485   485   485   485   485   485
        485   485   485   485   485   485   485   485   485
  53   1000   991   968   931   883   826   766   702   641   582   528   479   444   413   388   361   363   349   382   362
        349   331   314   319   294   267   260   237   209   196   195   182   179   218   231   263   279   324   328   332
        337   341   325   314   288   251   229   176   136   124    95    75    58    49    40    32    24    24    10    22
         18    16    12    12     9     3   447   447   447   447   447   447   447   447   447   447   447   447   447   447
        447   447   447   447   447   447   447   447
  54   1000   992   971   936   888   837   779   719   660   604   551   512   478   448   416   415   397   432   408   393
        372   353   358   328   298   290   265   234   218   217   203   199   244   257   293   311   361   366   371   375
        380   363   350   321   280   255   196   151   138   106    84    65    54    44    36    27    27    11    24    20
         18    14    13    10     4   498   498   498   498   498   498   498   498   498   498   498   498   498   498   498
        498   498   498   498   498   498   498
  55   1000   992   970   934   889   835   777   717   657   600   553   511   474   437   428   405   432   406   390   367
        347   350   321   291   283   258   227   212   211   197   194   237   250   285   302   351   356   360   365   370
        352   340   312   273   248   190   147   134   103    81    63    53    43    35    26    26    11    24    20    17
         13    13     9     4   484   484   484   484   484   484   484   484   484   484   484   484   484   484   484   484
        484   484   484   484   484   484
  56   1000   993   970   938   893   842   786   728   670   620   574   532   490   476   449   472   443   424   398   375
        377   345   313   304   276   243   227   226   211   207   253   267   304   323   375   380   385   390   395   377
        363   333   291   265   203   157   144   110    87    68    56    46    37    28    28    11    25    21    18    14
         14    10     4   518   518   518   518   518   518   518   518   518   518   518   518   518   518   518   518   518
        518   518   518   518   518
  57   1000   992   971   937   893   842   786   727   673   622   575   528   505   472   486   454   432   404   379   379
        346   313   302   274   242   225   223   208   205   250   264   301   320   371   376   381   386   391   373   360
        330   288   262   201   156   142   109    86    67    56    45    37    28    28    11    25    21    18    14    14
         10     4   512   512   512   512   512   512   512   512   512   512   512   512   512   512   512   512   512   512
        512   512   512   512
  58   1000   991   969   934   889   837   779   722   666   613   561   528   490   490   456   430   400   372   369   336
        302   291   263   232   215   213   199   195   238   251   287   304   354   358   363   368   372   355   343   314
        275   250   192   148   135   104    82    64    53    43    35    26    27    11    24    20    17    13    13     9
          4   488   488   488   488   488   488   488   488   488   488   488   488   488   488   488   488   488   488   488
        488   488   488
  59   1000   993   972   940   898   848   797   743   691   637   601   559   556   519   489   454   422   417   379   340
        327   295   259   240   238   221   217   265   280   319   339   393   398   403   409   414   395   381   350   305
        278   213   165   151   116    91    71    59    48    39    29    30    12    26    22    19    15    15    11     4
        543   543   543   543   543   543   543   543   543   543   543   543   543   543   543   543   543   543   543   543
        543   543
  60   1000   993   973   941   899   851   799   746   691   650   604   590   550   516   478   442   433   392   351   335
        302   264   244   241   224   219   267   282   321   342   397   402   407   412   418   399   384   353   308   281
        215   166   152   117    92    72    60    49    39    29    30    12    27    22    19    15    15    11     4   548
        548   548   548   548   548   548   548   548   548   548   548   548   548   548   548   548   548   548   548   548
        548
  61   1000   993   973   942   902   855   805   751   706   658   635   593   555   514   474   460   416   371   352   316
        276   254   250   231   226   276   291   331   352   409   414   419   425   430   410   396   363   317   289   222
        172   157   120    95    74    61    50    41    30    31    12    27    23    20    16    15    11     4   565   565
        565   565   565   565   565   565   565   565   565   565   565   565   565   565   565   565   565   565   565   565
  62   1000   993   974   943   904   858   808   761   711   679   636   595   550   507   488   440   391   369   330   287
        263   257   238   232   282   297   338   359   417   422   428   433   439   419   404   371   324   295   226   175
        160   123    97    75    63    51    41    31    31    13    28    24    20    16    15    11     4   576   576   576
        576   576   576   576   576   576   576   576   576   576   576   576   576   576   576   576   576   576   576
  63   1000   993   974   944   906   861   814   765   726   683   639   591   544   520   468   416   389   346   300   274
        266   245   238   288   303   345   366   425   430   436   442   448   427   412   378   330   301   231   178   163
        125    99    77    64    52    42    32    32    13    29    24    21    16    16    11     5   588   588   588   588
        588   588   588   588   588   588   588   588   588   588   588   588   588   588   588   588   588   588
  64   1000   993   974   944   907   863   816   769   727   683   633   583   553   497   441   410   363   313   284   274
        251   242   292   307   348   369   429   434   440   446   452   431   416   382   333   304   233   180   164   126
        100    78    64    53    43    32    32    13    29    24    21    16    16    12     5   593   593   593   593   593
        593   593   593   593   593   593   593   593   593   593   593   593   593   593   593   593   593
  65   1000   994   976   948   912   872   825   786   742   691   639   605   546   485   449   397   342   308   295   269
        259   310   324   368   390   452   458   464   470   476   454   438   402   351   320   245   190   173   133   105
         82    68    56    45    34    34    14    30    26    22    17    17    12     5   626   626   626   626   626   626
        626   626   626   626   626   626   626   626   626   626   626   626   626   626   626   626
  66   1000   994   977   950   916   871   836   794   744   691   653   591   526   485   428   368   331   314   285   272
        323   337   381   403   467   473   479   485   492   469   452   415   363   330   253   196   179   138   108    84
         70    57    46    35    35    14    31    26    23    18    17    13     5   646   646   646   646   646   646   646
        646   646   646   646   646   646   646   646   646   646   646   646   646   646   646
  67   1000   994   977   952   909   880   841   794   741   701   637   569   523   462   397   354   334   301   285   335
        347   391   413   478   483   489   496   502   479   462   424   370   337   259   200   183   140   111    86    72
         59    47    35    36    14    32    27    23    18    18    13     5   660   660   660   660   660   660   660   660
        660   660   660   660   660   660   660   660   660   660   660   660   660   660
  68   1000   992   976   934   913   878   836   785   742   678   608   558   492   423   375   349   312   293   339   348
        390   410   473   478   484   490   496   473   456   419   366   333   255   198   180   139   109    85    71    58
         47    35    36    14    32    27    23    18    17    13     5   652   652   652   652   652   652   652   652   652
        652   652   652   652   652   652   652   652   652   652   652   652   652
  69   1000   995   970   955   928   891   844   804   741   669   617   547   472   420   390   348   325   373   381   424
        445   513   518   523   530   536   511   493   452   395   360   276   213   195   150   118    92    76    63    51
         38    39    15    34    29    25    19    19    14     5   704   704   704   704   704   704   704   704   704   704
        704   704   704   704   704   704   704   704   704   704   704   704
  70   1000   982   976   956   926   885   847   787   716   661   589   511   453   417   370   343   385   391   431   450
        515   519   524   530   536   511   493   452   395   360   276   213   195   150   118    92    76    63    51    38
         39    15    34    29    25    19    19    14     5   704   704   704   704   704   704   704   704   704   704   704
        704   704   704   704   704   704   704   704   704   704   704
  71   1000   995   981   956   921   895   837   768   719   646   565   507   472   423   394   445   452   498   520   596
        600   605   612   619   590   569   522   455   415   318   246   224   172   136   106    88    72    58    44    44
         18    40    33    29    22    22    16     6   812   812   812   812   812   812   812   812   812   812   812   812
        812   812   812   812   812   812   812   812   812   812
  72   1000   996   980   953   928   877   813   762   689   606   543   501   446   410   451   452   491   508   576   578
        582   588   594   565   545   500   436   397   304   235   215   165   130   101    84    69    56    42    42    17
         38    32    28    21    21    15     6   778   778   778   778   778   778   778   778   778   778   778   778   778
        778   778   778   778   778   778   778   778   778
  73   1000   994   977   957   915   857   808   736   654   587   540   480   438   470   464   496   508   572   571   573
        577   582   554   533   489   427   388   298   230   210   161   127    99    82    67    54    41    42    17    37
         31    27    21    20    15     6   761   761   761   761   761   761   761   761   761   761   761   761   761   761
        761   761   761   761   761   761   761   761
  74   1000   994   980   949   901   855   788   708   638   585   520   471   490   477   499   504   558   555   554   556
        559   531   511   468   408   371   284   220   201   154   121    94    79    64    52    39    40    16    35    30
         26    20    19    14     6   727   727   727   727   727   727   727   727   727   727   727   727   727   727   727
        727   727   727   727   727   727   727
  75   1000   995   977   941   901   840   765   696   638   569   513   520   497   509   506   550   542   538   537   538
        510   490   448   390   355   271   210   191   147   116    90    75    61    50    37    38    15    34    28    25
         19    19    13     5   694   694   694   694   694   694   694   694   694   694   694   694   694   694   694   694
        694   694   694   694   694   694
  76   1000   992   966   935   883   815   749   693   623   565   567   540   546   539   578   566   559   556   555   525
        503   460   400   363   278   214   195   150   118    92    76    62    50    38    39    15    34    29    25    20
         19    14     5   710   710   710   710   710   710   710   710   710   710   710   710   710   710   710   710   710
        710   710   710   710   710
  77   1000   991   971   932   874   813   756   685   622   608   570   561   543   565   547   534   526   521   491   469
        427   371   336   256   197   180   138   108    84    70    57    46    35    35    14    32    27    23    18    17
         13     5   654   654   654   654   654   654   654   654   654   654   654   654   654   654   654   654   654   654
        654   654   654   654
  78   1000   993   970   926   874   820   751   685   656   608   584   553   558   533   513   499   489   458   435   394
        341   308   235   180   164   125    98    76    63    52    42    31    32    13    29    24    21    16    16    11
          5   596   596   596   596   596   596   596   596   596   596   596   596   596   596   596   596   596   596   596
        596   596   596
  79   1000   991   963   922   876   813   749   715   663   630   592   584   552   527   507   493   459   433   392   338
        304   231   177   160   122    95    74    61    50    40    30    31    12    28    23    20    16    15    11     4
        582   582   582   582   582   582   582   582   582   582   582   582   582   582   582   582   582   582   582   582
        582   582
  80   1000   990   964   927   874   815   772   715   669   621   594   555   522   496   475   439   411   369   317   282
        214   163   146   111    86    66    55    45    36    27    28    10    25    21    18    14    14    10     4   531
        531   531   531   531   531   531   531   531   531   531   531   531   531   531   531   531   531   531   531   531
        531
  81   1000   991   968   927   876   827   767   710   653   606   560   519   484   455   418   386   344   293   259   195
        148   131    99    76    58    48    39    31    23    24     9    22    18    16    12    12     9     3   469   469
        469   469   469   469   469   469   469   469   469   469   469   469   469   469   469   469   469   469   469   469
  82   1000   992   967   927   881   824   762   700   640   588   541   499   464   423   387   343   291   254   191   143
        126    94    71    54    44    35    28    20    21     7    20    16    14    11    11     8     3   439   439   439
        439   439   439   439   439   439   439   439   439   439   439   439   439   439   439   439   439   439   439
  83   1000   991   967   930   881   821   760   692   638   586   539   497   453   412   364   308   267   201   150   130
         96    72    54    43    34    27    20    20     7    19    16    14    11    11     8     3   436   436   436   436
        436   436   436   436   436   436   436   436   436   436   436   436   436   436   436   436   436   436
  84   1000   992   964   924   868   808   731   675   619   566   519   471   426   375   318   273   206   153   130    95
         70    52    41    32    24    17    18     5    17    14    12    10    10     7     2   407   407   407   407   407
        407   407   407   407   407   407   407   407   407   407   407   407   407   407   407   407   407
  85   1000   987   960   912   858   779   724   667   612   559   510   461   406   345   295   224   167   139   101    74
         54    41    31    24    16    17     4    16    13    12     9     9     6     2   400   400   400   400   400   400
        400   400   400   400   400   400   400   400   400   400   400   400   400   400   400   400
  86   1000   992   965   927   865   817   766   713   662   610   557   496   425   366   281   212   177   130    96    70
         54    41    31    21    22     6    20    16    14    11    11     8     2   489   489   489   489   489   489   489
        489   489   489   489   489   489   489   489   489   489   489   489   489   489   489
  87   1000   989   965   912   872   826   776   725   674   619   555   480   415   322   245   204   150   111    80    61
         46    34    23    23     6    20    17    15    11    11     8     2   516   516   516   516   516   516   516   516
        516   516   516   516   516   516   516   516   516   516   516   516   516   516
  88   1000   992   961   932   895   852   806   758   703   637   556   484   381   293   245   183   136    99    76    57
         42    29    28     8    24    20    17    13    13     9     3   588   588   588   588   588   588   588   588   588
        588   588   588   588   588   588   588   588   588   588   588   588   588
  89   1000   985   967   940   905   864   820   767   701   618   543   433   338   283   213   160   118    89    67    49
         34    32    10    26    21    18    14    14    10     3   624   624   624   624   624   624   624   624   624   624
        624   624   624   624   624   624   624   624   624   624   624   624
  90   1000   995   981   958   929   889   842   777   691   614   494   390   332   253   192   143   111    84    62    43
         40    14    32    26    22    17    16    12     3   725   725   725   725   725   725   725   725   725   725   725
        725   725   725   725   725   725   725   725   725   725   725
  91   1000   995   981   959   926   885   824   742   665   544   436   372   287   221   166   128    97    72    50    45
         17    35    28    23    17    17    12     3   734   734   734   734   734   734   734   734   734   734   734   734
        734   734   734   734   734   734   734   734   734   734
  92   1000   995   981   957   922   869   791   716   596   486   417   327   255   195   151   115    86    60    52    22
         38    30    24    18    17    12     3   743   743   743   743   743   743   743   743   743   743   743   743   743
        743   743   743   743   743   743   743   743   743
  93   1000   995   980   954   908   837   766   649   538   467   372   295   228   179   138   104    74    63    29    43
         34    27    20    18    13     4   753   753   753   753   753   753   753   753   753   753   753   753   753   753
        753   753   753   753   753   753   753   753
  94   1000   994   976   940   878   813   700   591   519   421   339   268   213   166   126    92    76    39    51    39
         31    22    20    14     4   762   762   762   762   762   762   762   762   762   762   762   762   762   762   762
        762   762   762   762   762   762   762
  95   1000   994   971   923   867   766   662   587   488   401   323   260   205   158   117    96    55    61    46    35
         25    22    15     5   727   727   727   727   727   727   727   727   727   727   727   727   727   727   727   727
        727   727   727   727   727   727
  96   1000   991   959   914   826   730   657   558   468   385   316   253   199   151   122    76    77    57    43    31
         25    17     7   701   701   701   701   701   701   701   701   701   701   701   701   701   701   701   701   701
        701   701   701   701   701
  97   1000   988   959   891   809   739   644   553   465   389   318   255   198   160   107    99    74    56    39    31
         21    10   643   643   643   643   643   643   643   643   643   643   643   643   643   643   643   643   643   643
        643   643   643   643
  98   1000   991   949   886   825   738   649   560   477   399   326   260   211   150   131    99    74    53    40    27
         15   562   562   562   562   562   562   562   562   562   562   562   562   562   562   562   562   562   562   562
        562   562   562
  99   1000   983   940   892   817   735   649   565   482   403   328   270   202   171   131    99    72    54    38    22
        511   511   511   511   511   511   511   511   511   511   511   511   511   511   511   511   511   511   511   511
        511   511
 100   1000   986   956   901   832   753   670   584   499   417   347   271   226   176   135   100    75    53    34   392
        392   392   392   392   392   392   392   392   392   392   392   392   392   392   392   392   392   392   392   392
        392
 101   1000   990   957   906   839   763   681   595   508   430   348   290   230   179   136   103    75    51   303   303
        303   303   303   303   303   303   303   303   303   303   303   303   303   303   303   303   303   303   303   303
 102   1000   988   955   904   840   765   682   596   514   427   360   291   232   180   138   103    73   276   276   276
        276   276   276   276   276   276   276   276   276   276   276   276   276   276   276   276   276   276   276
 103   1000   989   957   909   845   770   688   605   515   440   363   295   233   182   139   102   212   212   212   212
        212   212   212   212   212   212   212   212   212   212   212   212   212   212   212   212   212   212
 104   1000   989   959   911   848   773   693   605   525   442   366   296   236   183   138   167   167   167   167   167
        167   167   167   167   167   167   167   167   167   167   167   167   167   167   167   167   167
 105   1000   990   960   912   849   777   693   611   526   444   367   298   236   183   130   130   130   130   130   130
        130   130   130   130   130   130   130   130   130   130   130   130   130   130   130   130
 106   1000   990   960   913   851   776   697   612   527   445   368   298   236   108   108   108   108   108   108   108
        108   108   108   108   108   108   108   108   108   108   108   108   108   108   108
 107   1000   990   960   914   850   779   698   613   528   445   368   298    88    88    88    88    88    88    88    88
         88    88    88    88    88    88    88    88    88    88    88    88    88    88
 108   1000   990   961   913   853   779   698   613   528   445   368    71    71    71    71    71    71    71    71    71
         71    71    71    71    71    71    71    71    71    71    71    71    71
 109   1000   990   960   914   853   779   698   614   528   445    53    53    53    53    53    53    53    53    53    53
         53    53    53    53    53    53    53    53    53    53    53    53
 110   1000   990   961   914   853   779   698   613   528    54    54    54    54    54    54    54    54    54    54    54
         54    54    54    54    54    54    54    54    54    54    54
 111   1000   990   961   914   853   779   698   613    21    21    21    21    21    21    21    21    21    21    21    21
         21    21    21    21    21    21    21    21    21    21
 112   1000   990   961   914   852   779   698    48    48    48    48    48    48    48    48    48    48    48    48    48
         48    48    48    48    48    48    48    48    48
 113   1000   990   961   914   852   779    41    41    41    41    41    41    41    41    41    41    41    41    41    41
         41    41    41    41    41    41    41    41
 114   1000   990   961   914   852    35    35    35    35    35    35    35    35    35    35    35    35    35    35    35
         35    35    35    35    35    35    35
 115   1000   990   961   914    27    27    27    27    27    27    27    27    27    27    27    27    27    27    27    27
         27    27    27    27    27    27
 116   1000   990   961    27    27    27    27    27    27    27    27    27    27    27    27    27    27    27    27    27
         27    27    27    27    27
 117   1000   990    19    19    19    19    19    19    19    19    19    19    19    19    19    19    19    19    19    19
         19    19    19    19
 118   1000     8     8     8     8     8     8     8     8     8     8     8     8     8     8     8     8     8     8     8
          8     8     8
 119   1000  1000  1000  1000  1000  1000  1000  1000  1000  1000  1000  1000  1000  1000  1000  1000  1000  1000  1000  1000
       1000  1000
 120   1000  1000  1000  1000  1000  1000  1000  1000  1000  1000  1000  1000  1000  1000  1000  1000  1000  1000  1000  1000
       1000
 121   1000  1000  1000  1000  1000  1000  1000  1000  1000  1000  1000  1000  1000  1000  1000  1000  1000  1000  1000  1000
 122   1000  1000  1000  1000  1000  1000  1000  1000  1000  1000  1000  1000  1000  1000  1000  1000  1000  1000  1000
 123   1000  1000  1000  1000  1000  1000  1000  1000  1000  1000  1000  1000  1000  1000  1000  1000  1000  1000
 124   1000  1000  1000  1000  1000  1000  1000  1000  1000  1000  1000  1000  1000  1000  1000  1000  1000
 125   1000  1000  1000  1000  1000  1000  1000  1000  1000  1000  1000  1000  1000  1000  1000  1000
 126   1000  1000  1000  1000  1000  1000  1000  1000  1000  1000  1000  1000  1000  1000  1000
 127   1000  1000  1000  1000  1000  1000  1000  1000  1000  1000  1000  1000  1000  1000
 128   1000  1000  1000  1000  1000  1000  1000  1000  1000  1000  1000  1000  1000
 129   1000  1000  1000  1000  1000  1000  1000  1000  1000  1000  1000  1000
 130   1000  1000  1000  1000  1000  1000  1000  1000  1000  1000  1000
 131   1000  1000  1000  1000  1000  1000  1000  1000  1000  1000
 132   1000  1000  1000  1000  1000  1000  1000  1000  1000
 133   1000  1000  1000  1000  1000  1000  1000  1000
 134   1000  1000  1000  1000  1000  1000  1000
 135   1000  1000  1000  1000  1000  1000
 136   1000  1000  1000  1000  1000
 137   1000  1000  1000  1000
 138   1000  1000  1000
 139   1000  1000
 140   1000

 Finished!
