NIF_RUN_Al
  100    9    1    0    1
   0.00500   9.00000   0.03000   0.03000
   0.0000000   0   0 1.00000000E+00   1.0000000
AL27P    3.340E-27 0.000       0.00       0.00        (    )
AL27A    5.600E-27 0.000       0.00       0.00        (    )
NI582    1.650E-27 0.000       0.00       0.00        (    )
NI58P    1.600E-26 0.000       0.00       0.00        (    )
ZR902    3.670E-26 0.000       0.00       0.00        (    )
IN115N   3.060E-27 0.000       0.00       0.00        (    )
IN115G   5.000E-29 0.000       0.00       0.00        (    )
AU197G   5.490E-29 0.000       0.00       0.00        (    )
AU1972   1.060E-25 0.000       0.00       0.00        (    )
Flux Uncertainty
   3
 9.9000E-08 1.0000E-02 1.5000E+00
 1.0000E-02 1.0000E-02 1.0000E-02
Input Flux Spectrum Annotation goes on this line
 100   0 1.000E+00 2.000E+01 5.000E-08
 0.0000E+00 0.0000E+00 0.0000E+00 0.0000E+00 0.0000E+00 0.0000E+00 0.0000E+00
 0.0000E+00 0.0000E+00 0.0000E+00 0.0000E+00 0.0000E+00 0.0000E+00 0.0000E+00
 0.0000E+00 0.0000E+00 0.0000E+00 0.0000E+00 0.0000E+00 0.0000E+00 0.0000E+00
 0.0000E+00 0.0000E+00 0.0000E+00 0.0000E+00 0.0000E+00 0.0000E+00 0.0000E+00
 0.0000E+00 0.0000E+00 0.0000E+00 0.0000E+00 0.0000E+00 0.0000E+00 0.0000E+00
 0.0000E+00 0.0000E+00 0.0000E+00 0.0000E+00 0.0000E+00 0.0000E+00 0.0000E+00
 0.0000E+00 0.0000E+00 0.0000E+00 0.0000E+00 0.0000E+00 0.0000E+00 0.0000E+00
 0.0000E+00 0.0000E+00 0.0000E+00 0.0000E+00 0.0000E+00 0.0000E+00 0.0000E+00
 0.0000E+00 0.0000E+00 0.0000E+00 0.0000E+00 0.0000E+00 0.0000E+00 0.0000E+00
 0.0000E+00 0.0000E+00 0.0000E+00 0.0000E+00 0.0000E+00 0.0000E+00 0.0000E+00
 0.0000E+00 0.0000E+00 0.0000E+00 0.0000E+00 0.0000E+00 0.0000E+00 0.0000E+00
 0.0000E+00 0.0000E+00 0.0000E+00 0.0000E+00 0.0000E+00 0.0000E+00 0.0000E+00
 0.0000E+00 0.0000E+00 0.0000E+00 0.0000E+00 0.0000E+00 0.0000E+00 0.0000E+00
 0.0000E+00 0.0000E+00 0.0000E+00 1.0000E+00 0.0000E+00 0.0000E+00 0.0000E+00
 0.0000E+00 0.0000E+00
   10   10   10   10   10   10   10   10   10   10



                         ==============================
                               STAYSL PNNL OUTPUT
                         ==============================

 STAYSL PNNL, version 1.0.2, 2013-Jan-07  


 SCENARIO TITLE: NIF_RUN_Al
 -------------------------------------------------------------------------------
  NGROUP =   100    NRXN =     9    ACTIVITY NORM = 1.00000E+00

  COVARIANCE PARAMETERS (FCHN, FCVX, ACVX, FS)
    FLUXES:      WIDTH =  9.0000E+00   LONG RANGE COVAR. =  3.0000E-02
            ACTIVITIES =  5.0000E-03   X-SECT CROSS COR. =  3.0000E-02

    DETERM =   2.2852 × 10^  -2.00      ERROR =   3.7748E-15

  INPUT NORMALIZATION DATA
    AK1   =     0.00000     VAK        =     0.00090
    NORML =           0     RENORM     =     0.04947
    CHI²  =    -4.22404     NORM. CHI² =    -0.52800

  DOSIMETRY ACTIVITIES
     ———— INPUTS —————  -UNADJUSTED FLUX-  — ADJUSTED FLUX —    CHI²  90% ACTIVITIES RANGE
 RXN  MEASURED     ±%   ACTIVITY    %DIFF  ACTIVITY    %DIFF  CONTRIB --LOW E-- --HIGH E--   REACTION          CVR
  1  3.340E-03    0.01  3.452E-03    3.35  3.454E-03    3.41   -1.514  1.40E+01  1.40E+01  AL27(N,P)MG27           
  2  5.600E-03    0.01  5.735E-03    2.41  5.739E-03    2.48   -0.636  1.40E+01  1.40E+01  AL27(N,A)NA24           
  3  1.650E-03    0.01  1.640E-03   -0.60  1.641E-03   -0.53   -0.036  1.40E+01  1.40E+01  NI58(N,2N)NI57          
  4  1.600E-02    0.01  1.552E-02   -3.00  1.553E-02   -2.94   -1.890  1.40E+01  1.40E+01  NI58(N,P)CO58           
  5  3.670E-02    0.01  3.640E-02   -0.81  3.643E-02   -0.74   -0.064  1.40E+01  1.40E+01  ZR90(N,2N)ZR89          
  6  3.060E-03    0.01  3.070E-03    0.32  3.072E-03    0.38   -0.034  1.40E+01  1.40E+01  IN115(N,N')IN115M       
  7  5.000E-05    0.01  4.877E-05   -2.47  4.880E-05   -2.41    0.038  1.40E+01  1.40E+01  IN115(N,G)IN116M        
  8  5.490E-05    0.01  5.563E-05    1.33  5.566E-05    1.39    0.003  1.40E+01  1.40E+01  AU197(N,G)AU198         
  9  1.060E-01    0.01  1.051E-01   -0.89  1.051E-01   -0.82   -0.090  1.40E+01  1.40E+01  AU197(N,2N)AU196        

             % STD. DEV.  =          2.11               2.12

                              CHECK INPUT, IT IS RATHER UNLIKELY !
                                   *** BEWARE OF OUTPUT ! ***


  DIFFERENTIAL FLUXES (input is normalized by a factor of 4.9471E-02)
                  —————— DIFFERENTIAL FLUX —————   ———— STD. DEV. % ————   INTEGRAL
 GRP    ENERGY        NEW         OLD      RATIO    NEW     OLD    RATIO   FLUX > E     ± %
  95  1.4000E+01  4.9502E-02  4.9471E-02   1.001    2.08    3.00   0.693  4.9502E-02    2.08
      2.0000E+01

  INTEGRALS OF SPECTRA
    OLD SPECTRUM   4.9471E-02   ±    3.000 %
    NEW SPECTRUM   4.9502E-02   ±    2.078 %

  SUMMARY OF BROAD-GROUP FLUXES, FLUENCES, AND UNCERTAINTIES

    IRRAD TIME [S] = 1.00000000E+00   ACT NORM =  1.00000000E+00

       ENERGY       FLUX       FLUENCE      STDEV %
      thermal    0.0000E+00  0.0000E+00  ±    NaN     (1E-4 eV – 0.55 eV)
     epithermal  0.0000E+00  0.0000E+00  ±    NaN     (0.55 eV – 110 keV)
        fast     4.9502E-02  4.9502E-02  ±   2.08     (110 keV –  20 MeV)
        fast     4.9502E-02  4.9502E-02  ±   2.08     (  1 MeV –  20 MeV)

    MINI-SPECTRUM

       ENERGY       FLUX       FLUENCE      STDEV %
     1.0000E-10  1.0000E+00  1.0000E+00  ± 100.00
     5.5000E-07  1.0000E+00  1.0000E+00  ± 100.00
     3.0000E-05  1.0000E+00  1.0000E+00  ± 100.00
     5.7500E-04  1.0000E+00  1.0000E+00  ± 100.00
     7.2000E-03  1.0000E+00  1.0000E+00  ± 100.00
     8.8000E-02  1.0000E+00  1.0000E+00  ± 100.00
     4.0000E-01  1.0000E+00  1.0000E+00  ± 100.00
     1.0000E+00  1.0000E+00  1.0000E+00  ± 100.00
     3.7000E+00  1.0000E+00  1.0000E+00  ± 100.00
     1.0000E+01  4.9502E-02  4.9502E-02  ±   2.08
     2.0000E+01

       TOTAL     4.9502E-02  4.9502E-02  ±   2.08

    RELATIVE COVARIANCES (10×10)
     1000     0     0     0     0     0     0     0     0     0
     1000     0     0     0     0     0     0     0     0
     1000     0     0     0     0     0     0     0
     1000     0     0     0     0     0     0
     1000     0     0     0     0     0
     1000     0     0     0     0
     1000     0     0     0
     1000     0     0
     1000     0
     1000

  SPECTRAL-AVERAGED REACTION RATES (for all cross section library reactions)

        REACTIONS        SIG-PHI      <SIG>          REACTIONS        SIG-PHI      <SIG>          REACTIONS        SIG-PHI      <SIG>  
   ------------------  ----------  ----------   ------------------  ----------  ----------   ------------------  ----------  ----------
   LI6(N,A)T           1.2375E-27  2.5000E-26   FE54(N,A)CR51       4.4521E-27  8.9938E-26   IN115(N,N')IN115M   3.0717E-27  6.2052E-26
   B10(N,A)LI7         2.2125E-27  4.4696E-26   FE56(N,P)MN56       5.4042E-27  1.0917E-25   IN115(N,2N)IN114M   6.4100E-26  1.2949E-24
   F19(N,2N)F18        2.1031E-27  4.2486E-26   FE58(N,G)FE59       5.6262E-29  1.1366E-27   IN115(N,G)IN116M    4.8797E-29  9.8575E-28
   NA23(N,2N)NA22      1.6014E-27  3.2350E-26   CO59(N,2N)CO58      3.7086E-26  7.4919E-25   I127(N,2N)I126      8.1631E-26  1.6490E-24
   NA23(N,G)NA24       1.0949E-29  2.2118E-28   CO59(N,G)CO60       4.3309E-29  8.7489E-28   LA139(N,G)LA140     5.0500E-29  1.0202E-27
   MG24(N,P)NA24       9.2293E-27  1.8644E-25   CO59(N,A)MN56       1.5547E-27  3.1406E-26   PR141(N,2N)PR140    8.2782E-26  1.6723E-24
   AL27(N,P)MG27       3.4539E-27  6.9774E-26   NI58(N,2N)NI57      1.6412E-27  3.3154E-26   TM169(N,2N)TM168    9.8810E-26  1.9961E-24
   AL27(N,A)NA24       5.7387E-27  1.1593E-25   NI58(N,P)CO58       1.5529E-26  3.1371E-25   TA181(N,G)TA182     8.2829E-33  1.6732E-31
   P31(N,P)SI31        4.3364E-27  8.7600E-26   NI60(N,P)CO60       6.9049E-27  1.3949E-25   W186(N,G)W187       5.1870E-29  1.0478E-27
   S32(N,P)P32         1.1291E-26  2.2809E-25   CU63(N,2N)CU62      2.5424E-26  5.1359E-25   AU197(N,2N)AU196    1.0513E-25  2.1237E-24
   TI46(N,2N)TI45      1.6340E-27  3.3009E-26   CU63(N,G)CU64       1.3167E-28  2.6600E-27   AU197(N,G)AU198     5.5663E-29  1.1245E-27
   TI46(N,P)SC46       1.1923E-26  2.4085E-25   CU63(N,A)CO60       2.1399E-27  4.3228E-26   HG199(N,N')HG199M   6.4662E-27  1.3062E-25
   TI47(N,P)SC47       5.3988E-27  1.0906E-25   CU65(N,2N)CU64      4.6724E-26  9.4388E-25   PB204(N,N')PB204M   3.3953E-27  6.8589E-26
   TI47(N,X)SC46       2.6855E-27  5.4251E-26   ZN64(N,P)CU64       8.0879E-27  1.6339E-25   TH232(N,FISSION)    1.8687E-26  3.7750E-25
   TI48(N,P)SC48       3.0607E-27  6.1829E-26   AS75(N,2N)AS74      4.9967E-26  1.0094E-24   TH232(N,G)TH233     7.3840E-29  1.4917E-27
   TI48(N,X)SC47       5.0652E-28  1.0232E-26   Y89(N,2N)Y88        4.7240E-26  9.5430E-25   U235(N,FISSION)     1.0283E-25  2.0772E-24
   TI49(N,X)SC48       2.7712E-28  5.5981E-27   ZR90(N,2N)ZR89      3.6427E-26  7.3588E-25   U238(N,FISSION)     5.7306E-26  1.1577E-24
   V51(N,A)SC48        8.0404E-28  1.6243E-26   NB93(N,G)NB94       2.6236E-29  5.3000E-28   U238(N,G)U239       4.2077E-29  8.5000E-28
   CR52(N,2N)CR51      1.7202E-26  3.4750E-25   NB93(N,N')NB93M     1.8365E-27  3.7100E-26   NP237(N,FISSION)    1.0840E-25  2.1899E-24
   MN55(N,G)MN56       3.2625E-29  6.5907E-28   NB93(N,2N)NB92M     2.2715E-26  4.5887E-25   PU239(N,FISSION)    1.1768E-25  2.3772E-24
   FE54(N,2N)FE53      2.7874E-28  5.6309E-27   RH103(N,N')RH103M   1.3595E-26  2.7464E-25   AM241(N,FISSION)    1.3116E-25  2.6496E-24
   FE54(N,P)MN54       1.5133E-26  3.0570E-25   AG109(N,G)AG110M    9.1642E-30  1.8513E-28   SC45(N,G)SC46       3.3121E-29  6.6909E-28

  INPUT FLUX REL. CORRELATION MATRIX (by row from diagonal)
   1   1000  1000  1000  1000  1000   986   949   949   949   949   949   949   949   949   949   949   949   949   949   949
        949   949   949   949   949   949   949   949   949   949   949   949   949   949   949   949   949   949   949   949
        949   949   949   949   949   949   949   949   949   949   949   949   949   949   949   949   949   949   949   949
        949   949   949   949   949   949   949   949   949   949   949   949   986  1000  1000  1000  1000  1000  1000  1000
       1000  1000  1000  1000  1000  1000  1000  1000  1000  1000  1000  1000  1000  1000  1000  1000  1000  1000  1000  1000

  OUTPUT FLUX REL. CORRELATION MATRIX (by row from diagonal)
   1   1000  1000  1000  1000  1000   972   901   901   901   901   901   901   901   901   901   901   901   901   901   901
        901   901   901   901   901   901   901   901   901   901   901   901   901   901   901   901   901   901   901   901
        901   901   901   901   901   901   901   901   901   901   901   901   901   901   901   901   901   901   901   901
        901   901   901   901   901   901   901   901   901   901   901   901   972  1000  1000  1000  1000  1000  1000  1000
       1000  1000  1000  1000  1000  1000  1000  1000  1000  1000  1000  1000  1000  1000  1000  1000  1000  1000  1000  1000
   2   1000  1000  1000  1000   972   901   901   901   901   901   901   901   901   901   901   901   901   901   901   901
        901   901   901   901   901   901   901   901   901   901   901   901   901   901   901   901   901   901   901   901
        901   901   901   901   901   901   901   901   901   901   901   901   901   901   901   901   901   901   901   901
        901   901   901   901   901   901   901   901   901   901   901   972  1000  1000  1000  1000  1000  1000  1000  1000
       1000  1000  1000  1000  1000  1000  1000  1000  1000  1000  1000  1000  1000  1000  1000  1000  1000  1000  1000
   3   1000  1000  1000   972   901   901   901   901   901   901   901   901   901   901   901   901   901   901   901   901
        901   901   901   901   901   901   901   901   901   901   901   901   901   901   901   901   901   901   901   901
        901   901   901   901   901   901   901   901   901   901   901   901   901   901   901   901   901   901   901   901
        901   901   901   901   901   901   901   901   901   901   972  1000  1000  1000  1000  1000  1000  1000  1000  1000
       1000  1000  1000  1000  1000  1000  1000  1000  1000  1000  1000  1000  1000  1000  1000  1000  1000  1000
   4   1000  1000   972   901   901   901   901   901   901   901   901   901   901   901   901   901   901   901   901   901
        901   901   901   901   901   901   901   901   901   901   901   901   901   901   901   901   901   901   901   901
        901   901   901   901   901   901   901   901   901   901   901   901   901   901   901   901   901   901   901   901
        901   901   901   901   901   901   901   901   901   972  1000  1000  1000  1000  1000  1000  1000  1000  1000  1000
       1000  1000  1000  1000  1000  1000  1000  1000  1000  1000  1000  1000  1000  1000  1000  1000  1000
   5   1000   972   901   901   901   901   901   901   901   901   901   901   901   901   901   901   901   901   901   901
        901   901   901   901   901   901   901   901   901   901   901   901   901   901   901   901   901   901   901   901
        901   901   901   901   901   901   901   901   901   901   901   901   901   901   901   901   901   901   901   901
        901   901   901   901   901   901   901   901   972  1000  1000  1000  1000  1000  1000  1000  1000  1000  1000  1000
       1000  1000  1000  1000  1000  1000  1000  1000  1000  1000  1000  1000  1000  1000  1000  1000
   6   1000   976   973   967   959   951   941   932   922   913   906   899   893   889   885   883   881   879   878   877
        877   877   876   876   876   876   876   876   876   876   876   876   876   876   876   876   876   876   876   876
        876   876   876   876   876   876   876   876   876   876   876   876   876   876   876   876   876   876   876   876
        876   876   876   876   876   876   876   945   972   972   972   972   972   972   972   972   972   972   972   972
        972   972   972   972   972   972   972   972   972   972   972   972   972   972   972
   7   1000   998   991   980   966   950   933   915   897   881   867   854   844   835   829   824   820   817   816   814
        813   813   813   812   812   812   812   812   812   812   812   812   812   812   812   812   812   812   812   812
        812   812   812   812   812   812   812   812   812   812   812   812   812   812   812   812   812   812   812   812
        812   812   812   812   812   812   876   901   901   901   901   901   901   901   901   901   901   901   901   901
        901   901   901   901   901   901   901   901   901   901   901   901   901   901
   8   1000   998   991   980   966   950   933   915   897   881   867   854   844   835   829   824   820   817   816   814
        813   813   813   812   812   812   812   812   812   812   812   812   812   812   812   812   812   812   812   812
        812   812   812   812   812   812   812   812   812   812   812   812   812   812   812   812   812   812   812   812
        812   812   812   812   812   876   901   901   901   901   901   901   901   901   901   901   901   901   901   901
        901   901   901   901   901   901   901   901   901   901   901   901   901
   9   1000   998   991   980   966   950   933   915   897   881   867   854   844   835   829   824   820   817   816   814
        813   813   813   812   812   812   812   812   812   812   812   812   812   812   812   812   812   812   812   812
        812   812   812   812   812   812   812   812   812   812   812   812   812   812   812   812   812   812   812   812
        812   812   812   812   876   901   901   901   901   901   901   901   901   901   901   901   901   901   901   901
        901   901   901   901   901   901   901   901   901   901   901   901
  10   1000   998   991   980   966   950   933   915   897   881   867   854   844   835   829   824   820   817   816   814
        813   813   813   812   812   812   812   812   812   812   812   812   812   812   812   812   812   812   812   812
        812   812   812   812   812   812   812   812   812   812   812   812   812   812   812   812   812   812   812   812
        812   812   812   876   901   901   901   901   901   901   901   901   901   901   901   901   901   901   901   901
        901   901   901   901   901   901   901   901   901   901   901
  11   1000   998   991   980   966   950   933   915   897   881   867   854   844   835   829   824   820   817   816   814
        813   813   813   812   812   812   812   812   812   812   812   812   812   812   812   812   812   812   812   812
        812   812   812   812   812   812   812   812   812   812   812   812   812   812   812   812   812   812   812   812
        812   812   876   901   901   901   901   901   901   901   901   901   901   901   901   901   901   901   901   901
        901   901   901   901   901   901   901   901   901   901
  12   1000   998   991   980   966   950   933   915   897   881   867   854   844   835   829   824   820   817   816   814
        813   813   813   812   812   812   812   812   812   812   812   812   812   812   812   812   812   812   812   812
        812   812   812   812   812   812   812   812   812   812   812   812   812   812   812   812   812   812   812   812
        812   876   901   901   901   901   901   901   901   901   901   901   901   901   901   901   901   901   901   901
        901   901   901   901   901   901   901   901   901
  13   1000   998   991   980   966   950   933   915   897   881   867   854   844   835   829   824   820   817   816   814
        813   813   813   812   812   812   812   812   812   812   812   812   812   812   812   812   812   812   812   812
        812   812   812   812   812   812   812   812   812   812   812   812   812   812   812   812   812   812   812   812
        876   901   901   901   901   901   901   901   901   901   901   901   901   901   901   901   901   901   901   901
        901   901   901   901   901   901   901   901
  14   1000   998   991   980   966   950   933   915   897   881   867   854   844   835   829   824   820   817   816   814
        813   813   813   812   812   812   812   812   812   812   812   812   812   812   812   812   812   812   812   812
        812   812   812   812   812   812   812   812   812   812   812   812   812   812   812   812   812   812   812   876
        901   901   901   901   901   901   901   901   901   901   901   901   901   901   901   901   901   901   901   901
        901   901   901   901   901   901   901
  15   1000   998   991   980   966   950   933   915   897   881   867   854   844   835   829   824   820   817   816   814
        813   813   813   812   812   812   812   812   812   812   812   812   812   812   812   812   812   812   812   812
        812   812   812   812   812   812   812   812   812   812   812   812   812   812   812   812   812   812   876   901
        901   901   901   901   901   901   901   901   901   901   901   901   901   901   901   901   901   901   901   901
        901   901   901   901   901   901
  16   1000   998   991   980   966   950   933   915   897   881   867   854   844   835   829   824   820   817   816   814
        813   813   813   812   812   812   812   812   812   812   812   812   812   812   812   812   812   812   812   812
        812   812   812   812   812   812   812   812   812   812   812   812   812   812   812   812   812   876   901   901
        901   901   901   901   901   901   901   901   901   901   901   901   901   901   901   901   901   901   901   901
        901   901   901   901   901
  17   1000   998   991   980   966   950   933   915   897   881   867   854   844   835   829   824   820   817   816   814
        813   813   813   812   812   812   812   812   812   812   812   812   812   812   812   812   812   812   812   812
        812   812   812   812   812   812   812   812   812   812   812   812   812   812   812   812   876   901   901   901
        901   901   901   901   901   901   901   901   901   901   901   901   901   901   901   901   901   901   901   901
        901   901   901   901
  18   1000   998   991   980   966   950   933   915   897   881   867   854   844   835   829   824   820   817   816   814
        813   813   813   812   812   812   812   812   812   812   812   812   812   812   812   812   812   812   812   812
        812   812   812   812   812   812   812   812   812   812   812   812   812   812   812   876   901   901   901   901
        901   901   901   901   901   901   901   901   901   901   901   901   901   901   901   901   901   901   901   901
        901   901   901
  19   1000   998   991   980   966   950   933   915   897   881   867   854   844   835   829   824   820   817   816   814
        813   813   813   812   812   812   812   812   812   812   812   812   812   812   812   812   812   812   812   812
        812   812   812   812   812   812   812   812   812   812   812   812   812   812   876   901   901   901   901   901
        901   901   901   901   901   901   901   901   901   901   901   901   901   901   901   901   901   901   901   901
        901   901
  20   1000   998   991   980   966   950   933   915   897   881   867   854   844   835   829   824   820   817   816   814
        813   813   813   812   812   812   812   812   812   812   812   812   812   812   812   812   812   812   812   812
        812   812   812   812   812   812   812   812   812   812   812   812   812   876   901   901   901   901   901   901
        901   901   901   901   901   901   901   901   901   901   901   901   901   901   901   901   901   901   901   901
        901
  21   1000   998   991   980   966   950   933   915   897   881   867   854   844   835   829   824   820   817   816   814
        813   813   813   812   812   812   812   812   812   812   812   812   812   812   812   812   812   812   812   812
        812   812   812   812   812   812   812   812   812   812   812   812   876   901   901   901   901   901   901   901
        901   901   901   901   901   901   901   901   901   901   901   901   901   901   901   901   901   901   901   901
  22   1000   998   991   980   966   950   933   915   897   881   867   854   844   835   829   824   820   817   816   814
        813   813   813   812   812   812   812   812   812   812   812   812   812   812   812   812   812   812   812   812
        812   812   812   812   812   812   812   812   812   812   812   876   901   901   901   901   901   901   901   901
        901   901   901   901   901   901   901   901   901   901   901   901   901   901   901   901   901   901   901
  23   1000   998   991   980   966   950   933   915   897   881   867   854   844   835   829   824   820   817   816   814
        813   813   813   812   812   812   812   812   812   812   812   812   812   812   812   812   812   812   812   812
        812   812   812   812   812   812   812   812   812   812   876   901   901   901   901   901   901   901   901   901
        901   901   901   901   901   901   901   901   901   901   901   901   901   901   901   901   901   901
  24   1000   998   991   980   966   950   933   915   897   881   867   854   844   835   829   824   820   817   816   814
        813   813   813   812   812   812   812   812   812   812   812   812   812   812   812   812   812   812   812   812
        812   812   812   812   812   812   812   812   812   876   901   901   901   901   901   901   901   901   901   901
        901   901   901   901   901   901   901   901   901   901   901   901   901   901   901   901   901
  25   1000   998   991   980   966   950   933   915   897   881   867   854   844   835   829   824   820   817   816   814
        813   813   813   812   812   812   812   812   812   812   812   812   812   812   812   812   812   812   812   812
        812   812   812   812   812   812   812   812   876   901   901   901   901   901   901   901   901   901   901   901
        901   901   901   901   901   901   901   901   901   901   901   901   901   901   901   901
  26   1000   998   991   980   966   950   933   915   897   881   867   854   844   835   829   824   820   817   816   814
        813   813   813   812   812   812   812   812   812   812   812   812   812   812   812   812   812   812   812   812
        812   812   812   812   812   812   812   876   901   901   901   901   901   901   901   901   901   901   901   901
        901   901   901   901   901   901   901   901   901   901   901   901   901   901   901
  27   1000   998   991   980   966   950   933   915   897   881   867   854   844   835   829   824   820   817   816   814
        813   813   813   812   812   812   812   812   812   812   812   812   812   812   812   812   812   812   812   812
        812   812   812   812   812   812   876   901   901   901   901   901   901   901   901   901   901   901   901   901
        901   901   901   901   901   901   901   901   901   901   901   901   901   901
  28   1000   998   991   980   966   950   933   915   897   881   867   854   844   835   829   824   820   817   816   814
        813   813   813   812   812   812   812   812   812   812   812   812   812   812   812   812   812   812   812   812
        812   812   812   812   812   876   901   901   901   901   901   901   901   901   901   901   901   901   901   901
        901   901   901   901   901   901   901   901   901   901   901   901   901
  29   1000   998   991   980   966   950   933   915   897   881   867   854   844   835   829   824   820   817   816   814
        813   813   813   812   812   812   812   812   812   812   812   812   812   812   812   812   812   812   812   812
        812   812   812   812   876   901   901   901   901   901   901   901   901   901   901   901   901   901   901   901
        901   901   901   901   901   901   901   901   901   901   901   901
  30   1000   998   991   980   966   950   933   915   897   881   867   854   844   835   829   824   820   817   816   814
        813   813   813   812   812   812   812   812   812   812   812   812   812   812   812   812   812   812   812   812
        812   812   812   876   901   901   901   901   901   901   901   901   901   901   901   901   901   901   901   901
        901   901   901   901   901   901   901   901   901   901   901
  31   1000   998   991   980   966   950   933   915   897   881   867   854   844   835   829   824   820   817   816   814
        813   813   813   812   812   812   812   812   812   812   812   812   812   812   812   812   812   812   812   812
        812   812   876   901   901   901   901   901   901   901   901   901   901   901   901   901   901   901   901   901
        901   901   901   901   901   901   901   901   901   901
  32   1000   998   991   980   966   950   933   915   897   881   867   854   844   835   829   824   820   817   816   814
        813   813   813   812   812   812   812   812   812   812   812   812   812   812   812   812   812   812   812   812
        812   876   901   901   901   901   901   901   901   901   901   901   901   901   901   901   901   901   901   901
        901   901   901   901   901   901   901   901   901
  33   1000   998   991   980   966   950   933   915   897   881   867   854   844   835   829   824   820   817   816   814
        813   813   813   812   812   812   812   812   812   812   812   812   812   812   812   812   812   812   812   812
        876   901   901   901   901   901   901   901   901   901   901   901   901   901   901   901   901   901   901   901
        901   901   901   901   901   901   901   901
  34   1000   998   991   980   966   950   933   915   897   881   867   854   844   835   829   824   820   817   816   814
        813   813   813   812   812   812   812   812   812   812   812   812   812   812   812   812   812   812   812   876
        901   901   901   901   901   901   901   901   901   901   901   901   901   901   901   901   901   901   901   901
        901   901   901   901   901   901   901
  35   1000   998   991   980   966   950   933   915   897   881   867   854   844   835   829   824   820   817   816   814
        813   813   813   812   812   812   812   812   812   812   812   812   812   812   812   812   812   812   876   901
        901   901   901   901   901   901   901   901   901   901   901   901   901   901   901   901   901   901   901   901
        901   901   901   901   901   901
  36   1000   998   991   980   966   950   933   915   897   881   867   854   844   835   829   824   820   817   816   814
        813   813   813   812   812   812   812   812   812   812   812   812   812   812   812   812   812   876   901   901
        901   901   901   901   901   901   901   901   901   901   901   901   901   901   901   901   901   901   901   901
        901   901   901   901   901
  37   1000   998   991   980   966   950   933   915   897   881   867   854   844   835   829   824   820   817   816   814
        813   813   813   812   812   812   812   812   812   812   812   812   812   812   812   812   876   901   901   901
        901   901   901   901   901   901   901   901   901   901   901   901   901   901   901   901   901   901   901   901
        901   901   901   901
  38   1000   998   991   980   966   950   933   915   897   881   867   854   844   835   829   824   820   817   816   814
        813   813   813   812   812   812   812   812   812   812   812   812   812   812   812   876   901   901   901   901
        901   901   901   901   901   901   901   901   901   901   901   901   901   901   901   901   901   901   901   901
        901   901   901
  39   1000   998   991   980   966   950   933   915   897   881   867   854   844   835   829   824   820   817   816   814
        813   813   813   812   812   812   812   812   812   812   812   812   812   812   876   901   901   901   901   901
        901   901   901   901   901   901   901   901   901   901   901   901   901   901   901   901   901   901   901   901
        901   901
  40   1000   998   991   980   966   950   933   915   897   881   867   854   844   835   829   824   820   817   816   814
        813   813   813   812   812   812   812   812   812   812   812   812   812   876   901   901   901   901   901   901
        901   901   901   901   901   901   901   901   901   901   901   901   901   901   901   901   901   901   901   901
        901
  41   1000   998   991   980   966   950   933   915   897   881   867   854   844   835   829   824   820   817   816   814
        813   813   813   812   812   812   812   812   812   812   812   812   876   901   901   901   901   901   901   901
        901   901   901   901   901   901   901   901   901   901   901   901   901   901   901   901   901   901   901   901
  42   1000   998   991   980   966   950   933   915   897   881   867   854   844   835   829   824   820   817   816   814
        813   813   813   812   812   812   812   812   812   812   812   876   901   901   901   901   901   901   901   901
        901   901   901   901   901   901   901   901   901   901   901   901   901   901   901   901   901   901   901
  43   1000   998   991   980   966   950   933   915   897   881   867   854   844   835   829   824   820   817   816   814
        813   813   813   812   812   812   812   812   812   812   876   901   901   901   901   901   901   901   901   901
        901   901   901   901   901   901   901   901   901   901   901   901   901   901   901   901   901   901
  44   1000   998   991   980   966   950   933   915   897   881   867   854   844   835   829   824   820   817   816   814
        813   813   813   812   812   812   812   812   812   876   901   901   901   901   901   901   901   901   901   901
        901   901   901   901   901   901   901   901   901   901   901   901   901   901   901   901   901
  45   1000   998   991   980   966   950   933   915   897   881   867   854   844   835   829   824   820   817   816   814
        813   813   813   812   812   812   812   812   876   901   901   901   901   901   901   901   901   901   901   901
        901   901   901   901   901   901   901   901   901   901   901   901   901   901   901   901
  46   1000   998   991   980   966   950   933   915   897   881   867   854   844   835   829   824   820   817   816   814
        813   813   813   812   812   812   812   876   901   901   901   901   901   901   901   901   901   901   901   901
        901   901   901   901   901   901   901   901   901   901   901   901   901   901   901
  47   1000   998   991   980   966   950   933   915   897   881   867   854   844   835   829   824   820   817   816   814
        813   813   813   812   812   812   876   901   901   901   901   901   901   901   901   901   901   901   901   901
        901   901   901   901   901   901   901   901   901   901   901   901   901   901
  48   1000   998   991   980   966   950   933   915   897   881   867   854   844   835   829   824   820   817   816   814
        813   813   813   812   812   876   901   901   901   901   901   901   901   901   901   901   901   901   901   901
        901   901   901   901   901   901   901   901   901   901   901   901   901
  49   1000   998   991   980   966   950   933   915   897   881   867   854   844   835   829   824   820   817   816   814
        813   813   813   812   876   901   901   901   901   901   901   901   901   901   901   901   901   901   901   901
        901   901   901   901   901   901   901   901   901   901   901   901
  50   1000   998   991   980   966   950   933   915   897   881   867   854   844   835   829   824   820   817   816   814
        813   813   813   876   901   901   901   901   901   901   901   901   901   901   901   901   901   901   901   901
        901   901   901   901   901   901   901   901   901   901   901
  51   1000   998   991   980   966   950   933   915   897   881   867   854   844   835   829   824   820   817   816   814
        813   813   876   901   901   901   901   901   901   901   901   901   901   901   901   901   901   901   901   901
        901   901   901   901   901   901   901   901   901   901
  52   1000   998   991   980   966   950   933   915   897   881   867   854   844   835   829   824   820   817   816   814
        813   877   901   901   901   901   901   901   901   901   901   901   901   901   901   901   901   901   901   901
        901   901   901   901   901   901   901   901   901
  53   1000   998   991   980   966   950   933   915   897   881   867   854   844   835   829   824   820   817   816   814
        877   901   901   901   901   901   901   901   901   901   901   901   901   901   901   901   901   901   901   901
        901   901   901   901   901   901   901   901
  54   1000   998   991   980   966   950   933   915   897   881   867   854   844   835   829   824   820   817   816   877
        901   901   901   901   901   901   901   901   901   901   901   901   901   901   901   901   901   901   901   901
        901   901   901   901   901   901   901
  55   1000   998   991   980   966   950   933   915   897   881   867   854   844   835   829   824   820   817   878   901
        901   901   901   901   901   901   901   901   901   901   901   901   901   901   901   901   901   901   901   901
        901   901   901   901   901   901
  56   1000   998   991   980   966   950   933   915   897   881   867   854   844   835   829   824   820   879   901   901
        901   901   901   901   901   901   901   901   901   901   901   901   901   901   901   901   901   901   901   901
        901   901   901   901   901
  57   1000   998   991   980   966   950   933   915   897   881   867   854   844   835   829   824   881   901   901   901
        901   901   901   901   901   901   901   901   901   901   901   901   901   901   901   901   901   901   901   901
        901   901   901   901
  58   1000   998   991   980   966   950   933   915   897   881   867   854   844   835   829   883   901   901   901   901
        901   901   901   901   901   901   901   901   901   901   901   901   901   901   901   901   901   901   901   901
        901   901   901
  59   1000   998   991   980   966   950   933   915   897   881   867   854   844   835   885   901   901   901   901   901
        901   901   901   901   901   901   901   901   901   901   901   901   901   901   901   901   901   901   901   901
        901   901
  60   1000   998   991   980   966   950   933   915   897   881   867   854   844   889   901   901   901   901   901   901
        901   901   901   901   901   901   901   901   901   901   901   901   901   901   901   901   901   901   901   901
        901
  61   1000   998   991   980   966   950   933   915   897   881   867   854   893   901   901   901   901   901   901   901
        901   901   901   901   901   901   901   901   901   901   901   901   901   901   901   901   901   901   901   901
  62   1000   998   991   980   966   950   933   915   897   881   867   899   901   901   901   901   901   901   901   901
        901   901   901   901   901   901   901   901   901   901   901   901   901   901   901   901   901   901   901
  63   1000   998   991   980   966   950   933   915   897   881   906   901   901   901   901   901   901   901   901   901
        901   901   901   901   901   901   901   901   901   901   901   901   901   901   901   901   901   901
  64   1000   998   991   980   966   950   933   915   897   913   901   901   901   901   901   901   901   901   901   901
        901   901   901   901   901   901   901   901   901   901   901   901   901   901   901   901   901
  65   1000   998   991   980   966   950   933   915   922   901   901   901   901   901   901   901   901   901   901   901
        901   901   901   901   901   901   901   901   901   901   901   901   901   901   901   901
  66   1000   998   991   980   966   950   933   932   901   901   901   901   901   901   901   901   901   901   901   901
        901   901   901   901   901   901   901   901   901   901   901   901   901   901   901
  67   1000   998   991   980   966   950   941   901   901   901   901   901   901   901   901   901   901   901   901   901
        901   901   901   901   901   901   901   901   901   901   901   901   901   901
  68   1000   998   991   980   966   951   901   901   901   901   901   901   901   901   901   901   901   901   901   901
        901   901   901   901   901   901   901   901   901   901   901   901   901
  69   1000   998   991   980   959   901   901   901   901   901   901   901   901   901   901   901   901   901   901   901
        901   901   901   901   901   901   901   901   901   901   901   901
  70   1000   998   991   967   901   901   901   901   901   901   901   901   901   901   901   901   901   901   901   901
        901   901   901   901   901   901   901   901   901   901   901
  71   1000   998   973   901   901   901   901   901   901   901   901   901   901   901   901   901   901   901   901   901
        901   901   901   901   901   901   901   901   901   901
  72   1000   976   901   901   901   901   901   901   901   901   901   901   901   901   901   901   901   901   901   901
        901   901   901   901   901   901   901   901   901
  73   1000   972   972   972   972   972   972   972   972   972   972   972   972   972   972   972   972   972   972   972
        972   972   972   972   972   972   972   972
  74   1000  1000  1000  1000  1000  1000  1000  1000  1000  1000  1000  1000  1000  1000  1000  1000  1000  1000  1000  1000
       1000  1000  1000  1000  1000  1000  1000
  75   1000  1000  1000  1000  1000  1000  1000  1000  1000  1000  1000  1000  1000  1000  1000  1000  1000  1000  1000  1000
       1000  1000  1000  1000  1000  1000
  76   1000  1000  1000  1000  1000  1000  1000  1000  1000  1000  1000  1000  1000  1000  1000  1000  1000  1000  1000  1000
       1000  1000  1000  1000  1000
  77   1000  1000  1000  1000  1000  1000  1000  1000  1000  1000  1000  1000  1000  1000  1000  1000  1000  1000  1000  1000
       1000  1000  1000  1000
  78   1000  1000  1000  1000  1000  1000  1000  1000  1000  1000  1000  1000  1000  1000  1000  1000  1000  1000  1000  1000
       1000  1000  1000
  79   1000  1000  1000  1000  1000  1000  1000  1000  1000  1000  1000  1000  1000  1000  1000  1000  1000  1000  1000  1000
       1000  1000
  80   1000  1000  1000  1000  1000  1000  1000  1000  1000  1000  1000  1000  1000  1000  1000  1000  1000  1000  1000  1000
       1000
  81   1000  1000  1000  1000  1000  1000  1000  1000  1000  1000  1000  1000  1000  1000  1000  1000  1000  1000  1000  1000
  82   1000  1000  1000  1000  1000  1000  1000  1000  1000  1000  1000  1000  1000  1000  1000  1000  1000  1000  1000
  83   1000  1000  1000  1000  1000  1000  1000  1000  1000  1000  1000  1000  1000  1000  1000  1000  1000  1000
  84   1000  1000  1000  1000  1000  1000  1000  1000  1000  1000  1000  1000  1000  1000  1000  1000  1000
  85   1000  1000  1000  1000  1000  1000  1000  1000  1000  1000  1000  1000  1000  1000  1000  1000
  86   1000  1000  1000  1000  1000  1000  1000  1000  1000  1000  1000  1000  1000  1000  1000
  87   1000  1000  1000  1000  1000  1000  1000  1000  1000  1000  1000  1000  1000  1000
  88   1000  1000  1000  1000  1000  1000  1000  1000  1000  1000  1000  1000  1000
  89   1000  1000  1000  1000  1000  1000  1000  1000  1000  1000  1000  1000
  90   1000  1000  1000  1000  1000  1000  1000  1000  1000  1000  1000
  91   1000  1000  1000  1000  1000  1000  1000  1000  1000  1000
  92   1000  1000  1000  1000  1000  1000  1000  1000  1000
  93   1000  1000  1000  1000  1000  1000  1000  1000
  94   1000  1000  1000  1000  1000  1000  1000
  95   1000  1000  1000  1000  1000  1000
  96   1000  1000  1000  1000  1000
  97   1000  1000  1000  1000
  98   1000  1000  1000
  99   1000  1000
 100   1000

 Finished!
