88" 33MeV Deuteron breakup on Ta, Clean Beam
  140    5    1    0    1
   0.00500  10.00000   0.00500   0.00100
   1.0000000   0   0 7.86600000E+03   1.0000000
AL27A    1.925E-20 0.010       0.00       0.00        (    )
NI582    3.677E-21 0.015       0.00       0.00        (    )
IN115N   8.670E-20 0.005       0.00       0.00        (    )
AU1972   3.093E-19 0.012       0.00       0.00        (    )
AU197G   8.478E-20 0.017       0.00 AUNG  3.70 BFX    (BEAM)
Flux Uncertainty From MCNP Calculations
 140
 1.3300E-02 1.2400E-02 1.1700E-02 1.1400E-02 1.1300E-02 1.1200E-02 1.1100E-02
 1.1100E-02 1.1100E-02 1.1100E-02 1.1200E-02 1.1300E-02 1.1500E-02 1.1800E-02
 1.2200E-02 1.2700E-02 1.3300E-02 1.4000E-02 1.5000E-02 1.6300E-02 1.8100E-02
 2.0400E-02 2.2500E-02 2.6800E-02 3.1200E-02 3.6400E-02 4.8300E-02 4.7100E-02
 7.0800E-02 1.0150E-01 9.1400E-02 1.0870E-01 1.0140E-01 1.7630E-01 1.9610E-01
 2.1870E-01 1.8970E-01 2.7350E-01 2.2370E-01 2.8130E-01 2.6110E-01 2.9060E-01
 3.6300E-01 2.1890E-01 1.7750E-01 3.4260E-01 3.1490E-01 2.5220E-01 2.1050E-01
 1.6560E-01 1.5660E-01 1.5550E-01 2.6440E-01 1.4980E-01 1.6130E-01 1.3950E-01
 2.6660E-01 1.0750E-01 9.6900E-02 1.6180E-01 9.7000E-02 8.7000E-02 1.6100E-01
 1.1060E-01 9.3400E-02 5.6200E-02 4.6300E-02 3.6000E-02 3.1800E-02 2.8100E-02
 2.5000E-02 2.1800E-02 2.0400E-02 1.8300E-02 1.7100E-02 1.5900E-02 1.4600E-02
 1.3700E-02 1.2800E-02 1.2000E-02 1.1300E-02 1.0500E-02 9.8000E-03 9.1000E-03
 8.4000E-03 7.9000E-03 7.4000E-03 6.9000E-03 6.7000E-03 6.3000E-03 6.2000E-03
 6.2000E-03 6.1000E-03 6.1000E-03 6.2000E-03 6.4000E-03 6.7000E-03 7.1000E-03
 7.6000E-03 8.2000E-03 8.9000E-03 9.6000E-03 1.0500E-02 1.1500E-02 1.2600E-02
 1.3800E-02 1.5100E-02 1.6800E-02 1.8700E-02 2.0900E-02 2.3400E-02 2.6300E-02
 2.9600E-02 3.3400E-02 3.7800E-02 4.3000E-02 4.9100E-02 7.5500E-02 0.0000E+00
 0.0000E+00 0.0000E+00 0.0000E+00 0.0000E+00 0.0000E+00 0.0000E+00 0.0000E+00
 0.0000E+00 0.0000E+00 0.0000E+00 0.0000E+00 0.0000E+00 0.0000E+00 0.0000E+00
 0.0000E+00 0.0000E+00 0.0000E+00 0.0000E+00 0.0000E+00 0.0000E+00 0.0000E+00
Input Flux Spectrum from MCNP Simulation
 140   0 4.060E+09 2.000E+01 5.000E-08
 8.2676E-09 8.4210E-09 8.5672E-09 8.6280E-09 8.6895E-09 8.7653E-09 8.7885E-09
 8.7929E-09 8.7996E-09 8.7571E-09 8.7329E-09 8.6739E-09 8.6044E-09 8.5017E-09
 8.3954E-09 8.2212E-09 8.1379E-09 1.1788E-09 7.7141E-09 7.5210E-09 7.3234E-09
 3.4342E-10 1.5615E-09 3.6753E-09 1.6847E-09 6.4706E-09 1.0161E-09 4.5212E-10
 1.3280E-09 4.4123E-11 2.0370E-09 5.7537E-10 4.7844E-10 5.6496E-09 2.4185E-10
 5.5526E-09 5.7809E-09 3.7885E-10 6.0350E-09 1.9796E-09 1.3699E-09 2.9874E-10
 2.6202E-09 7.4367E-10 9.8608E-09 3.8909E-09 6.9038E-09 9.3639E-09 1.3091E-08
 8.3454E-09 8.3297E-09 3.1147E-08 4.5381E-08 3.3930E-08 2.2340E-08 4.7251E-08
 8.3387E-08 3.4332E-08 2.7556E-08 7.3464E-08 7.4187E-08 7.9647E-08 2.3289E-07
 2.0044E-07 2.7463E-07 1.4637E-07 1.7396E-07 1.3037E-07 2.0315E-07 2.1953E-07
 5.1433E-07 3.4123E-07 3.8396E-06 2.7902E-07 2.8045E-06 2.8809E-06 3.4827E-07
 3.8245E-06 2.0462E-07 6.4488E-06 1.4100E-06 1.5723E-06 1.7530E-06 1.7576E-06
 2.2308E-06 3.5597E-06 3.9566E-06 4.9937E-06 5.5876E-06 7.0608E-06 6.7995E-06
 6.3143E-06 5.3603E-06 4.4369E-06 3.5778E-06 2.8998E-06 2.1988E-06 1.6159E-06
 1.2115E-06 7.9365E-07 6.1365E-07 4.6988E-07 3.7180E-07 2.8347E-07 2.3043E-07
 1.9671E-07 1.7493E-07 1.5687E-07 1.4208E-07 1.2864E-07 1.2954E-07 1.1920E-07
 1.0159E-07 9.0254E-08 6.9736E-08 4.8128E-08 2.4431E-08 2.2342E-09 0.0000E+00
 0.0000E+00 0.0000E+00 0.0000E+00 0.0000E+00 0.0000E+00 0.0000E+00 0.0000E+00
 0.0000E+00 0.0000E+00 0.0000E+00 0.0000E+00 0.0000E+00 0.0000E+00 0.0000E+00
 0.0000E+00 0.0000E+00 0.0000E+00 0.0000E+00 0.0000E+00 0.0000E+00 0.0000E+00
   17   15    9    9    9   10    7   14   14   36



                         ==============================
                               STAYSL PNNL OUTPUT
                         ==============================

 STAYSL PNNL, version 1.2.0, 2015-08-05


 SCENARIO TITLE: 88" 33MeV Deuteron breakup on Ta, Clean Beam
 -------------------------------------------------------------------------------
  NGROUP =   140    NRXN =     5    ACTIVITY NORM = 1.00000E+00

  COVARIANCE PARAMETERS (FCHN, FCVX, ACVX, FS)
    FLUXES:      WIDTH =  1.0000E+01   LONG RANGE COVAR. =  5.0000E-03
            ACTIVITIES =  5.0000E-03   X-SECT CROSS COR. =  1.0000E-03

    DETERM =   4.7512 × 10^   3.00      ERROR =  -3.5562E-17

  INPUT NORMALIZATION DATA
    AK1   =     1.00000     VAK        =     0.00003
    NORML =           0     RENORM     = 1.00000E+00
    CHI²  =    41.47624     NORM. CHI² =    10.36906

  DOSIMETRY ACTIVITIES
     ———— INPUTS —————  -UNADJUSTED FLUX-  — ADJUSTED FLUX —    CHI²  90% ACTIVITIES RANGE
 RXN  MEASURED     ±%   ACTIVITY    %DIFF  ACTIVITY    %DIFF  CONTRIB --LOW E-- --HIGH E--   REACTION          CVR
  1  1.925E-20    1.00  1.981E-20    2.88  1.980E-20    2.88    8.428  7.40E+00  1.70E+01  AL27(N,A)NA24           
  2  3.677E-21    1.50  3.760E-21    2.27  3.760E-21    2.27    1.139  1.30E+01  2.70E+01  NI58(N,2N)NI57          
  3  8.670E-20    0.50  8.592E-20   -0.90  8.592E-20   -0.90    0.174  1.80E+00  1.30E+01  IN115(N,N')IN115M       
  4  3.093E-19    1.20  2.824E-19   -8.70  2.824E-19   -8.69   31.736  9.00E+00  1.80E+01  AU197(N,2N)AU196        
  5  8.478E-20    1.70  8.471E-20   -0.09  8.471E-20   -0.09    0.000  1.00E-10  9.20E-01  AU197(N,G)AU198         

             % STD. DEV.  =          4.74               4.74

                              CHECK INPUT, IT IS RATHER UNLIKELY !
                                   *** BEWARE OF OUTPUT ! ***


  DIFFERENTIAL FLUXES (input is normalized by a factor of 1.0000E+00)
                  —————— DIFFERENTIAL FLUX —————   ———— STD. DEV. % ————   INTEGRAL
 GRP    ENERGY        NEW         OLD      RATIO    NEW     OLD    RATIO   FLUX > E     ± %
   1  1.0000E-10  3.7294E+10  3.7296E+10   1.000    1.33    1.42   0.933  3.9118E+05    0.69
   2  1.0000E-09  3.7986E+09  3.7988E+09   1.000    1.24    1.34   0.927  3.9115E+05    0.69
   3  1.0000E-08  2.6755E+09  2.6756E+09   1.000    1.17    1.27   0.922  3.9112E+05    0.69
   4  2.3000E-08  1.2973E+09  1.2974E+09   1.000    1.14    1.24   0.918  3.9108E+05    0.69
   5  5.0000E-08  1.3568E+09  1.3569E+09   1.000    1.13    1.24   0.916  3.9105E+05    0.69
   6  7.6000E-08  9.1245E+08  9.1249E+08   1.000    1.12    1.23   0.914  3.9101E+05    0.69
   7  1.1500E-07  6.4872E+08  6.4875E+08   1.000    1.11    1.22   0.914  3.9098E+05    0.69
   8  1.7000E-07  4.1997E+08  4.1999E+08   1.000    1.11    1.22   0.914  3.9094E+05    0.69
   9  2.5500E-07  2.8580E+08  2.8581E+08   1.000    1.11    1.22   0.914  3.9090E+05    0.69
  10  3.8000E-07  2.0913E+08  2.0914E+08   1.000    1.11    1.22   0.915  3.9087E+05    0.69
  11  5.5000E-07  1.2226E+08  1.2226E+08   1.000    1.12    1.23   0.916  3.9083E+05    0.69
  12  8.4000E-07  8.0953E+07  8.0956E+07   1.000    1.13    1.24   0.918  3.9080E+05    0.69
  13  1.2750E-06  5.5892E+07  5.5894E+07   1.000    1.15    1.25   0.921  3.9076E+05    0.69
  14  1.9000E-06  3.8350E+07  3.8352E+07   1.000    1.18    1.28   0.924  3.9073E+05    0.69
  15  2.8000E-06  2.3506E+07  2.3507E+07   1.000    1.22    1.32   0.928  3.9069E+05    0.69
  16  4.2500E-06  1.6281E+07  1.6282E+07   1.000    1.27    1.36   0.933  3.9066E+05    0.69
  17  6.3000E-06  1.1393E+07  1.1393E+07   1.000    1.33    1.42   0.939  3.9063E+05    0.69
  18  9.2000E-06  1.1130E+06  1.1130E+06   1.000    1.40    1.49   0.945  3.9059E+05    0.69
  19  1.3500E-05  4.1757E+06  4.1759E+06   1.000    1.50    1.58   0.952  3.9059E+05    0.69
  20  2.1000E-05  3.3927E+06  3.3928E+06   1.000    1.63    1.70   0.958  3.9056E+05    0.69
  21  3.0000E-05  1.9821E+06  1.9822E+06   1.000    1.81    1.88   0.965  3.9053E+05    0.69
  22  4.5000E-05  5.8093E+04  5.8095E+04   1.000    2.04    2.10   0.972  3.9050E+05    0.69
  23  6.9000E-05  2.0450E+05  2.0451E+05   1.000    2.25    2.30   0.977  3.9049E+05    0.69
  24  1.0000E-04  4.2632E+05  4.2633E+05   1.000    2.68    2.73   0.982  3.9049E+05    0.69
  25  1.3500E-04  1.9542E+05  1.9543E+05   1.000    3.12    3.16   0.986  3.9047E+05    0.69
  26  1.7000E-04  5.2539E+05  5.2541E+05   1.000    3.64    3.67   0.989  3.9047E+05    0.69
  27  2.2000E-04  6.8752E+04  6.8756E+04   1.000    4.82    4.86   0.992  3.9044E+05    0.69
  28  2.8000E-04  2.2944E+04  2.2945E+04   1.000    4.71    4.74   0.993  3.9044E+05    0.69
  29  3.6000E-04  5.9904E+04  5.9908E+04   1.000    7.06    7.10   0.995  3.9043E+05    0.69
  30  4.5000E-04  1.4330E+03  1.4331E+03   1.000   10.13   10.16   0.996  3.9043E+05    0.69
  31  5.7500E-04  4.4701E+04  4.4704E+04   1.000    9.12    9.15   0.997  3.9043E+05    0.69
  32  7.6000E-04  1.1679E+04  1.1680E+04   1.000   10.85   10.88   0.997  3.9042E+05    0.69
  33  9.6000E-04  6.1661E+03  6.1666E+03   1.000   10.12   10.15   0.997  3.9042E+05    0.69
  34  1.2750E-03  7.0568E+04  7.0577E+04   1.000   17.60   17.64   0.998  3.9042E+05    0.69
  35  1.6000E-03  2.4545E+03  2.4548E+03   1.000   19.58   19.62   0.998  3.9039E+05    0.69
  36  2.0000E-03  3.2201E+04  3.2205E+04   1.000   21.83   21.88   0.998  3.9039E+05    0.69
  37  2.7000E-03  3.3525E+04  3.3529E+04   1.000   18.94   18.98   0.998  3.9037E+05    0.69
  38  3.4000E-03  1.3981E+03  1.3983E+03   1.000   27.31   27.35   0.998  3.9035E+05    0.69
  39  4.5000E-03  2.4499E+04  2.4502E+04   1.000   22.34   22.38   0.998  3.9035E+05    0.69
  40  5.5000E-03  4.7270E+03  4.7278E+03   1.000   28.09   28.13   0.998  3.9032E+05    0.69
  41  7.2000E-03  2.7805E+03  2.7809E+03   1.000   26.08   26.11   0.999  3.9031E+05    0.69
  42  9.2000E-03  4.3311E+02  4.3317E+02   1.000   29.02   29.06   0.999  3.9031E+05    0.69
  43  1.2000E-02  3.5454E+03  3.5460E+03   1.000   36.26   36.30   0.999  3.9031E+05    0.69
  44  1.5000E-02  7.5474E+02  7.5483E+02   1.000   21.87   21.90   0.999  3.9030E+05    0.69
  45  1.9000E-02  6.1587E+03  6.1592E+03   1.000   17.73   17.76   0.999  3.9029E+05    0.69
  46  2.5500E-02  2.4299E+03  2.4303E+03   1.000   34.22   34.26   0.999  3.9025E+05    0.69
  47  3.2000E-02  3.5032E+03  3.5037E+03   1.000   31.45   31.49   0.999  3.9024E+05    0.69
  48  4.0000E-02  3.0411E+03  3.0414E+03   1.000   25.19   25.22   0.999  3.9021E+05    0.69
  49  5.2500E-02  3.9367E+03  3.9370E+03   1.000   21.02   21.06   0.999  3.9017E+05    0.69
  50  6.6000E-02  1.5400E+03  1.5401E+03   1.000   16.54   16.57   0.998  3.9012E+05    0.69
  51  8.8000E-02  1.5372E+03  1.5372E+03   1.000   15.64   15.67   0.998  3.9008E+05    0.69
  52  1.1000E-01  5.0582E+03  5.0583E+03   1.000   15.53   15.56   0.998  3.9005E+05    0.69
  53  1.3500E-01  7.3703E+03  7.3699E+03   1.000   26.40   26.44   0.998  3.8992E+05    0.69
  54  1.6000E-01  4.5922E+03  4.5919E+03   1.000   14.96   14.99   0.998  3.8974E+05    0.69
  55  1.9000E-01  3.0238E+03  3.0233E+03   1.000   16.10   16.14   0.998  3.8960E+05    0.69
  56  2.2000E-01  5.4823E+03  5.4811E+03   1.000   13.93   13.96   0.998  3.8951E+05    0.69
  57  2.5500E-01  9.6790E+03  9.6729E+03   1.001   26.61   26.66   0.998  3.8932E+05    0.69
  58  2.9000E-01  4.6480E+03  4.6463E+03   1.000   10.73   10.76   0.997  3.8898E+05    0.68
  59  3.2000E-01  2.7982E+03  2.7969E+03   1.000    9.67    9.70   0.997  3.8884E+05    0.68
  60  3.6000E-01  7.4645E+03  7.4566E+03   1.001   16.15   16.19   0.997  3.8873E+05    0.68
  61  4.0000E-01  6.0291E+03  6.0240E+03   1.001    9.68    9.71   0.997  3.8843E+05    0.68
  62  4.5000E-01  6.4737E+03  6.4673E+03   1.001    8.68    8.71   0.997  3.8813E+05    0.68
  63  5.0000E-01  1.8955E+04  1.8911E+04   1.002   16.06   16.11   0.997  3.8780E+05    0.68
  64  5.5000E-01  1.6309E+04  1.6276E+04   1.002   11.03   11.07   0.996  3.8686E+05    0.67
  65  6.0000E-01  1.8623E+04  1.8583E+04   1.002    9.31    9.35   0.996  3.8604E+05    0.67
  66  6.6000E-01  9.9196E+03  9.9044E+03   1.002    5.61    5.64   0.994  3.8492E+05    0.66
  67  7.2000E-01  1.1789E+04  1.1771E+04   1.002    4.62    4.66   0.992  3.8433E+05    0.66
  68  7.8000E-01  8.8337E+03  8.8217E+03   1.001    3.60    3.63   0.989  3.8362E+05    0.66
  69  8.4000E-01  1.0324E+04  1.0310E+04   1.001    3.18    3.22   0.986  3.8309E+05    0.66
  70  9.2000E-01  1.1156E+04  1.1141E+04   1.001    2.81    2.85   0.983  3.8227E+05    0.66
  71  1.0000E+00  1.0455E+04  1.0441E+04   1.001    2.50    2.55   0.979  3.8137E+05    0.65
  72  1.2000E+00  6.9353E+03  6.9270E+03   1.001    2.18    2.24   0.974  3.7928E+05    0.65
  73  1.4000E+00  7.8035E+04  7.7944E+04   1.001    2.03    2.10   0.969  3.7789E+05    0.65
  74  1.6000E+00  5.6700E+03  5.6641E+03   1.001    1.83    1.90   0.963  3.6229E+05    0.63
  75  1.8000E+00  5.6985E+04  5.6931E+04   1.001    1.71    1.78   0.957  3.6115E+05    0.63
  76  2.0000E+00  3.9019E+04  3.8988E+04   1.001    1.59    1.67   0.951  3.4976E+05    0.62
  77  2.3000E+00  4.7163E+03  4.7133E+03   1.001    1.46    1.54   0.944  3.3805E+05    0.61
  78  2.6000E+00  5.1783E+04  5.1758E+04   1.000    1.37    1.46   0.938  3.3664E+05    0.61
  79  2.9000E+00  2.0775E+03  2.0769E+03   1.000    1.28    1.37   0.931  3.2110E+05    0.60
  80  3.3000E+00  6.5464E+04  6.5455E+04   1.000    1.20    1.30   0.923  3.2027E+05    0.60
  81  3.7000E+00  1.4311E+04  1.4312E+04   1.000    1.13    1.24   0.914  2.9409E+05    0.59
  82  4.1000E+00  1.5956E+04  1.5959E+04   1.000    1.05    1.16   0.904  2.8836E+05    0.59
  83  4.5000E+00  1.4230E+04  1.4234E+04   1.000    0.98    1.10   0.892  2.8198E+05    0.59
  84  5.0000E+00  1.4267E+04  1.4272E+04   1.000    0.91    1.04   0.879  2.7486E+05    0.59
  85  5.5000E+00  1.8107E+04  1.8114E+04   1.000    0.84    0.98   0.864  2.6773E+05    0.59
  86  6.0000E+00  2.0638E+04  2.0646E+04   1.000    0.79    0.93   0.848  2.5868E+05    0.59
  87  6.7000E+00  2.2940E+04  2.2948E+04   1.000    0.74    0.89   0.832  2.4423E+05    0.59
  88  7.4000E+00  2.5335E+04  2.5343E+04   1.000    0.69    0.85   0.815  2.2817E+05    0.59
  89  8.2000E+00  2.8350E+04  2.8357E+04   1.000    0.67    0.84   0.801  2.0790E+05    0.59
  90  9.0000E+00  2.8662E+04  2.8667E+04   1.000    0.63    0.80   0.788  1.8522E+05    0.59
  91  1.0000E+01  2.7603E+04  2.7606E+04   1.000    0.62    0.80   0.779  1.5656E+05    0.60
  92  1.1000E+01  2.5635E+04  2.5636E+04   1.000    0.62    0.80   0.773  1.2896E+05    0.61
  93  1.2000E+01  2.1764E+04  2.1763E+04   1.000    0.61    0.79   0.770  1.0332E+05    0.63
  94  1.3000E+01  1.8016E+04  1.8014E+04   1.000    0.61    0.79   0.772  8.1560E+04    0.65
  95  1.4000E+01  1.4528E+04  1.4526E+04   1.000    0.62    0.80   0.777  6.3544E+04    0.69
  96  1.5000E+01  1.1776E+04  1.1773E+04   1.000    0.64    0.81   0.786  4.9016E+04    0.74
  97  1.6000E+01  8.9292E+03  8.9271E+03   1.000    0.67    0.84   0.799  3.7240E+04    0.81
  98  1.7000E+01  6.5621E+03  6.5606E+03   1.000    0.71    0.87   0.814  2.8311E+04    0.91
  99  1.8000E+01  4.9197E+03  4.9187E+03   1.000    0.76    0.91   0.831  2.1748E+04    1.02
 100  1.9000E+01  3.2227E+03  3.2222E+03   1.000    0.82    0.96   0.849  1.6829E+04    1.15
 101  2.0000E+01  2.4915E+03  2.4914E+03   1.000    0.89    1.02   0.867  1.3606E+04    1.29
 102  2.1000E+01  1.9076E+03  1.9077E+03   1.000    0.96    1.08   0.885  1.1115E+04    1.44
 103  2.2000E+01  1.5092E+03  1.5095E+03   1.000    1.05    1.16   0.902  9.2070E+03    1.60
 104  2.3000E+01  1.1504E+03  1.1509E+03   1.000    1.15    1.25   0.917  7.6978E+03    1.76
 105  2.4000E+01  9.3501E+02  9.3555E+02   0.999    1.26    1.36   0.930  6.5474E+03    1.93
 106  2.5000E+01  7.9803E+02  7.9864E+02   0.999    1.38    1.47   0.942  5.6124E+03    2.09
 107  2.6000E+01  7.0954E+02  7.1022E+02   0.999    1.51    1.59   0.952  4.8144E+03    2.26
 108  2.7000E+01  6.3616E+02  6.3689E+02   0.999    1.68    1.75   0.961  4.1048E+03    2.43
 109  2.8000E+01  5.7607E+02  5.7684E+02   0.999    1.87    1.94   0.969  3.4687E+03    2.62
 110  2.9000E+01  5.2149E+02  5.2228E+02   0.998    2.09    2.15   0.975  2.8926E+03    2.82
 111  3.0000E+01  5.2505E+02  5.2593E+02   0.998    2.34    2.39   0.980  2.3711E+03    3.02
 112  3.1000E+01  4.8308E+02  4.8395E+02   0.998    2.63    2.68   0.984  1.8460E+03    3.27
 113  3.2000E+01  4.1167E+02  4.1246E+02   0.998    2.96    3.00   0.988  1.3630E+03    3.54
 114  3.3000E+01  3.6571E+02  3.6643E+02   0.998    3.34    3.38   0.990  9.5129E+02    3.83
 115  3.4000E+01  2.8255E+02  2.8313E+02   0.998    3.79    3.81   0.993  5.8559E+02    4.18
 116  3.5000E+01  1.9500E+02  1.9540E+02   0.998    4.30    4.33   0.994  3.0303E+02    4.59
 117  3.6000E+01  9.8987E+01  9.9190E+01   0.998    4.91    4.94   0.996  1.0803E+02    5.13
 118  3.7000E+01  9.0463E+00  9.0709E+00   0.997    7.55    7.57   0.997  9.0463E+00    7.55
      3.8000E+01

  INTEGRALS OF SPECTRA
    OLD SPECTRUM   3.9115E+05   ±    0.836 %
    NEW SPECTRUM   3.9118E+05   ±    0.692 %

  SUMMARY OF BROAD-GROUP FLUXES, FLUENCES, AND UNCERTAINTIES

    IRRAD TIME [S] = 7.86600000E+03   ACT NORM =  1.00000000E+00

       ENERGY       FLUX       FLUENCE      STDEV %
      thermal    3.5108E+02  2.7616E+06  ±   1.07     (0.100 meV – 0.550  eV)
     epithermal  7.8396E+02  6.1666E+06  ±   8.73     (0.550  eV – 110.0 keV)
        fast     3.9005E+05  3.0681E+09  ±   0.68     (110.0 keV –  20.0 MeV)
        fast     3.8137E+05  2.9999E+09  ±   0.64     (  1.0 MeV –  20.0 MeV)
        high     1.3606E+04  1.0703E+08  ±   1.29     ( 20.0 MeV –  60.0 MeV)

    MINI-SPECTRUM

       ENERGY       FLUX       FLUENCE      STDEV %
     1.0000E-10  5.9169E+02  4.6543E+06  ±   0.98
     9.2000E-06  1.7427E+02  1.3708E+06  ±   2.48
     9.6000E-04  1.1150E+02  8.7707E+05  ±  20.08
     9.2000E-03  2.2376E+02  1.7601E+06  ±  22.61
     8.8000E-02  1.3550E+03  1.0659E+07  ±  17.78
     3.6000E-01  6.4627E+03  5.0836E+07  ±   8.32
     9.2000E-01  4.4214E+04  3.4779E+08  ±   1.82
     2.3000E+00  1.8149E+05  1.4276E+09  ±   0.78
     1.0000E+01  1.5002E+05  1.1800E+09  ±   0.60
     2.4000E+01  6.5474E+03  5.1502E+07  ±   1.93
     6.0000E+01

       TOTAL     3.9118E+05  3.0771E+09  ±   0.69

    RELATIVE COVARIANCES (10×10)
     1000   256   -12   -14   -18    -9    67   178   234    80
     1000   368    27    -6    -4    25    70    92    31
     1000   429    59     0     0     7    10     3
     1000   564    88     2     6     9     3
     1000   540    49     9    11     4
     1000   420    67    20     8
     1000   521   116    41
     1000   558    74
     1000   218
     1000

  SPECTRAL-AVERAGED REACTION RATES (for all cross section library reactions)

        REACTIONS        SIG-PHI      <SIG>          REACTIONS        SIG-PHI      <SIG>          REACTIONS        SIG-PHI      <SIG>  
   ------------------  ----------  ----------   ------------------  ----------  ----------   ------------------  ----------  ----------
   LI6(N,A)T           5.3980E-19  1.3799E-24   FE58(N,G)FE59       1.0525E-21  2.6906E-27   IN115(N,N')IN115M   8.5917E-20  2.1963E-25
   B10(N,A)LI7         2.1027E-18  5.3753E-24   CO59(N,2N)CO58      7.0159E-20  1.7935E-25   IN115(N,2N)IN114M   1.5404E-19  3.9377E-25
   F19(N,2N)F18        4.6844E-21  1.1975E-26   CO59(N,3N)CO57      1.9786E-21  5.0579E-27   IN115(N,G)IN116M    3.0133E-19  7.7030E-25
   NA23(N,2N)NA22      4.5990E-21  1.1757E-26   CO59(N,G)CO60       2.3228E-20  5.9378E-26   I127(N,2N)I126      1.7668E-19  4.5164E-25
   NA23(N,G)NA24       3.6131E-22  9.2363E-28   CO59(N,P)FE59       1.0344E-20  2.6442E-26   LA139(N,G)LA140     5.8279E-21  1.4898E-26
   MG24(N,P)NA24       3.3066E-20  8.4527E-26   CO59(N,A)MN56       4.4529E-21  1.1383E-26   PR141(N,2N)PR140    1.9322E-19  4.9394E-25
   AL27(N,P)MG27       2.0697E-20  5.2909E-26   NI58(N,2N)NI57      3.7604E-21  9.6130E-27   TM169(N,2N)TM168    2.8503E-19  7.2863E-25
   AL27(N,A)NA24       1.9805E-20  5.0628E-26   NI58(N,P)CO58       1.5522E-19  3.9680E-25   TM169(N,3N)TM167    2.7338E-20  6.9886E-26
   SI28(N,P)AL28       5.6842E-20  1.4531E-25   NI60(N,P)CO60       2.6475E-20  6.7680E-26   TA181(N,G)TA182     5.9939E-20  1.5322E-25
   P31(N,P)SI31        3.8918E-20  9.9487E-26   CU63(N,2N)CU62      4.8935E-20  1.2509E-25   W186(N,G)W187       5.9552E-20  1.5223E-25
   S32(N,P)P32         9.5063E-20  2.4301E-25   CU63(N,G)CU64       4.1608E-21  1.0636E-26   AU197(N,2N)AU196    2.8242E-19  7.2195E-25
   TI46(N,2N)TI45      8.6376E-21  2.2081E-26   CU63(N,A)CO60       7.6493E-21  1.9554E-26   AU197(N,G)AU198     1.7603E-19  4.4999E-25
   TI46(N,P)SC46       6.3844E-20  1.6321E-25   CU65(N,2N)CU64      9.3155E-20  2.3814E-25   HG199(N,N')HG199M   1.7257E-19  4.4115E-25
   TI47(N,P)SC47       3.3377E-20  8.5322E-26   ZN64(N,P)CU64       6.3096E-20  1.6129E-25   PB204(N,N')PB204M   4.5851E-20  1.1721E-25
   TI47(N,X)SC46       9.7242E-21  2.4858E-26   ZN67(N,P)CU67       5.9812E-21  1.5290E-26   BI209(N,3N)BI207    3.2510E-20  8.3106E-26
   TI48(N,P)SC48       9.1458E-21  2.3380E-26   AS75(N,2N)AS74      9.9005E-20  2.5309E-25   TH232(N,FISSION)    1.1009E-19  2.8144E-25
   TI48(N,X)SC47       4.3293E-21  1.1067E-26   Y89(N,2N)Y88        8.6111E-20  2.2013E-25   TH232(N,G)TH233     1.4873E-20  3.8021E-26
   TI49(N,X)SC48       2.7168E-21  6.9452E-27   ZR90(N,2N)ZR89      7.0012E-20  1.7897E-25   U235(N,FISSION)     9.4075E-19  2.4049E-24
   V51(N,A)SC48        2.0371E-21  5.2074E-27   NB93(N,G)NB94       2.3900E-21  6.1098E-27   U235(N,G)U236       6.9485E-20  1.7763E-25
   CR52(N,2N)CR51      3.5448E-20  9.0618E-26   NB93(N,N')NB93M     6.0905E-20  1.5569E-25   U238(N,2N)U237      2.5923E-19  6.6268E-25
   MN55(N,2N)MN54      7.1885E-20  1.8376E-25   NB93(N,2N)NB92M     5.7095E-20  1.4595E-25   U238(N,FISSION)     3.3841E-19  8.6510E-25
   MN55(N,G)MN56       7.4907E-21  1.9149E-26   MO92(N,P)NB92M      2.3900E-20  6.1096E-26   U238(N,G)U239       2.5912E-20  6.6239E-26
   FE54(N,2N)FE53      3.0787E-21  7.8703E-27   RH103(N,N')RH103M   3.2463E-19  8.2987E-25   NP237(N,FISSION)    7.4766E-19  1.9113E-24
   FE54(N,P)MN54       1.2815E-19  3.2759E-25   AG109(N,G)AG110M    8.3703E-21  2.1397E-26   PU239(N,FISSION)    1.3294E-18  3.3985E-24
   FE54(N,A)CR51       1.4379E-20  3.6757E-26   IN113(N,N')IN113M   7.1915E-20  1.8384E-25   AM241(N,FISSION)    8.5292E-19  2.1804E-24
   FE56(N,P)MN56       1.8856E-20  4.8203E-26   IN113(N,G)IN114M    3.6041E-20  9.2133E-26   SC45(N,G)SC46       1.4938E-20  3.8187E-26

  INPUT FLUX REL. CORRELATION MATRIX (by row from diagonal)
   1   1000   991   965   925   872   809   740   667   595   524   458   398   344   296   255   221   192   167   146   127
        110    95    84    69    59    50    37    38    25    18    19    16    17    10     9     8     9     6     8     6
          7     6     5     8    10     5     6     7     8    11    11    11     7    12    11    13     7    16    18    11
         18    20    11    16    19    31    38    48    55    62    69    79    84    93    99   106   114   121   128   135
        142   151   160   169   180   188   197   206   210   219   221   221   223   223   221   217   210   203   193   183
        172   163   151   140   130   120   111   100    91    82    74    66    59    52    46    41    36    23   352   352
        352   352   352   352   352   352   352   352   352   352   352   352   352   352   352   352   352   352   352   352

  OUTPUT FLUX REL. CORRELATION MATRIX (by row from diagonal)
   1   1000   990   960   913   851   778   697   612   526   444   367   298   237   184   141   105    78    57    40    28
         18    11     8     2     0    -2    -7    -3    -9   -12    -9   -10    -8   -13   -13   -13   -12   -13   -12   -13
        -12   -12   -13   -10    -8   -12   -12   -11   -10    -9    -9   -10   -14   -11   -12   -11   -16    -9    -8   -14
         -9    -7   -14   -10    -8     0     5    14    18    24    30    37    41    49    54    59    66    72    78    83
         89    96   103   112   121   129   138   148   153   163   166   167   169   169   167   162   155   147   138   128
        119   111   102    94    86    80    74    67    61    55    49    44    39    35    31    28    24    15   290   290
        290   290   290   290   290   290   290   290   290   290   290   290   290   290   290   290   290   290   290   290
   2   1000   990   961   914   852   779   698   613   528   446   370   300   239   187   143   108    80    59    42    29
         19    14     6     2     0    -6    -2    -9   -13    -9   -10    -8   -13   -14   -14   -12   -14   -12   -13   -12
        -12   -13   -10    -9   -12   -12   -11   -11    -9    -9   -10   -14   -11   -12   -11   -17    -9    -8   -14    -9
         -7   -14   -10    -8     1     6    15    20    26    32    40    45    53    58    64    71    77    83    90    96
        103   111   120   130   138   148   159   164   174   178   178   181   182   179   174   166   157   147   137   127
        118   109   100    93    85    79    72    65    59    53    47    42    38    34    30    26    17   312   312   312
        312   312   312   312   312   312   312   312   312   312   312   312   312   312   312   312   312   312   312
   3   1000   990   961   914   853   780   699   615   530   448   372   302   241   189   145   111    83    61    43    29
         21    12     6     2    -4     0    -8   -12    -9   -10    -8   -14   -14   -14   -13   -14   -13   -14   -13   -13
        -14   -11    -9   -13   -13   -12   -11   -10   -10   -10   -15   -11   -13   -12   -17    -9    -8   -15    -9    -7
        -15   -11    -8     1     7    16    22    28    35    43    48    56    62    68    76    82    89    95   101   110
        118   127   138   146   156   168   173   184   188   189   192   192   189   184   176   166   156   145   134   125
        115   106    98    90    84    76    69    62    56    50    45    40    36    31    28    18   331   331   331   331
        331   331   331   331   331   331   331   331   331   331   331   331   331   331   331   331   331   331
   4   1000   990   961   914   853   780   699   615   530   448   372   302   241   189   146   111    82    59    41    30
         18    10     5    -2     0    -8   -12    -9   -10    -8   -14   -14   -15   -13   -15   -13   -14   -13   -13   -14
        -11    -9   -13   -13   -12   -11   -10   -10   -11   -15   -12   -13   -12   -18   -10    -9   -15    -9    -7   -15
        -11    -8     2     7    17    23    29    36    44    49    58    63    70    78    84    91    98   104   112   121
        130   141   150   161   172   178   189   193   194   197   197   194   188   181   171   160   149   138   129   118
        109   100    93    86    78    71    64    57    51    46    41    36    32    28    18   339   339   339   339   339
        339   339   339   339   339   339   339   339   339   339   339   339   339   339   339   339   339
   5   1000   990   961   914   853   780   699   615   530   448   371   301   241   189   145   110    80    57    42    26
         16     9     0     1    -7   -12    -9   -11    -9   -14   -15   -15   -13   -15   -13   -14   -13   -13   -14   -11
         -9   -14   -13   -12   -12   -10   -10   -11   -16   -12   -13   -12   -18   -10    -9   -15    -9    -8   -16   -11
         -9     1     7    17    23    29    36    45    50    58    64    70    78    85    92    98   105   113   122   131
        142   152   162   174   180   191   195   195   199   199   196   190   182   172   162   150   139   130   120   110
        101    94    86    78    71    64    58    52    46    41    37    33    29    18   342   342   342   342   342   342
        342   342   342   342   342   342   342   342   342   342   342   342   342   342   342   342
   6   1000   990   961   914   853   780   699   615   530   447   371   302   241   189   145   108    79    58    38    25
         15     3     4    -5   -11    -8   -10    -8   -14   -15   -15   -13   -15   -14   -14   -13   -14   -14   -11    -9
        -14   -13   -12   -12   -10   -10   -11   -16   -12   -13   -12   -18   -10    -9   -16    -9    -8   -16   -11    -9
          1     7    17    23    29    36    45    50    59    64    71    79    85    92    99   106   114   123   132   144
        153   164   176   181   193   196   197   201   201   198   192   184   174   163   152   140   131   121   111   102
         94    87    79    72    65    58    52    47    42    37    33    29    18   345   345   345   345   345   345   345
        345   345   345   345   345   345   345   345   345   345   345   345   345   345   345
   7   1000   990   961   914   853   780   700   615   530   448   371   302   241   189   144   107    80    55    37    24
         10     9    -2    -9    -7    -9    -8   -14   -14   -15   -13   -15   -14   -14   -14   -14   -14   -11    -9   -14
        -13   -13   -12   -10   -10   -11   -16   -12   -13   -12   -18   -10    -9   -16    -9    -8   -16   -11    -9     1
          7    17    23    30    36    46    51    59    65    72    80    86    93   100   107   115   124   134   145   154
        165   177   183   194   198   199   202   202   199   194   185   175   164   153   142   132   122   112   103    95
         88    80    72    65    59    53    47    42    37    33    29    19   348   348   348   348   348   348   348   348
        348   348   348   348   348   348   348   348   348   348   348   348   348   348
   8   1000   990   961   914   853   780   699   615   530   448   372   302   241   188   143   108    76    53    36    18
         15     1    -6    -5    -8    -7   -14   -14   -15   -13   -15   -14   -14   -14   -14   -14   -11    -9   -14   -13
        -13   -12   -10   -10   -11   -16   -12   -13   -12   -18   -10    -9   -16    -9    -8   -16   -11    -9     1     7
         17    23    30    36    46    50    59    65    72    80    86    93   100   107   115   124   134   145   154   165
        177   183   194   198   199   202   202   199   194   185   176   164   153   142   132   122   112   103    95    88
         80    72    65    59    53    47    42    37    33    29    19   348   348   348   348   348   348   348   348   348
        348   348   348   348   348   348   348   348   348   348   348   348   348
   9   1000   990   961   915   853   780   699   615   530   448   372   302   240   186   143   104    75    52    31    24
          7    -2    -2    -6    -6   -13   -14   -14   -13   -15   -13   -14   -13   -14   -14   -11    -9   -14   -13   -12
        -12   -10   -10   -11   -16   -12   -13   -12   -18   -10    -9   -16    -9    -8   -16   -11    -9     2     8    17
         23    30    37    46    51    59    65    72    80    86    93   100   107   115   124   134   145   154   165   177
        183   194   198   199   202   202   199   194   185   175   164   153   142   132   122   112   103    95    88    80
         72    65    59    53    47    42    37    33    29    18   348   348   348   348   348   348   348   348   348   348
        348   348   348   348   348   348   348   348   348   348   348   348
  10   1000   990   961   915   853   780   700   615   531   449   372   301   239   187   140   103    74    47    36    16
          4     1    -3    -4   -11   -13   -14   -13   -15   -13   -14   -13   -13   -14   -11    -9   -14   -13   -12   -12
        -10   -10   -11   -16   -12   -13   -12   -18   -10    -9   -15    -9    -7   -16   -11    -8     2     8    17    23
         30    37    46    51    59    65    72    80    86    93   100   107   115   124   134   145   154   165   177   183
        194   198   199   202   202   199   193   185   175   164   153   141   132   122   112   103    95    88    80    72
         65    59    53    47    42    37    33    29    18   349   349   349   349   349   349   349   349   349   349   349
        349   349   349   349   349   349   349   349   349   349   349
  11   1000   990   961   915   853   780   700   615   530   448   371   300   239   184   139   102    69    52    28    12
          7     0    -1    -9   -11   -13   -12   -14   -13   -14   -13   -13   -14   -11    -9   -13   -13   -12   -11   -10
        -10   -11   -15   -12   -13   -12   -18   -10    -9   -15    -9    -7   -15   -11    -8     2     8    17    23    29
         36    45    50    59    65    71    79    86    93    99   106   114   123   132   144   153   163   175   181   193
        196   197   200   200   198   192   184   174   163   152   140   131   120   111   102    94    87    79    72    65
         58    52    47    42    37    33    29    18   345   345   345   345   345   345   345   345   345   345   345   345
        345   345   345   345   345   345   345   345   345   345
  12   1000   990   961   914   853   780   700   615   530   447   369   300   236   183   138    97    74    45    25    16
          7     3    -6    -9   -11   -11   -14   -12   -13   -13   -13   -14   -11    -9   -13   -13   -12   -11   -10   -10
        -10   -15   -11   -13   -12   -18   -10    -8   -15    -9    -7   -15   -11    -8     2     8    17    23    29    36
         45    50    58    64    71    79    85    92    99   105   113   122   131   142   151   162   174   179   191   194
        195   198   199   196   190   182   172   161   150   139   130   119   110   101    93    86    78    71    64    58
         52    46    41    37    32    29    18   342   342   342   342   342   342   342   342   342   342   342   342   342
        342   342   342   342   342   342   342   342   342
  13   1000   990   961   914   853   780   700   615   529   446   370   297   235   181   133   102    67    41    29    15
          9    -2    -6    -9    -9   -13   -12   -13   -12   -13   -13   -11    -9   -13   -13   -12   -11   -10   -10   -10
        -15   -11   -13   -12   -17    -9    -8   -15    -9    -7   -15   -11    -8     2     8    17    23    29    35    44
         49    57    63    69    77    83    90    97   103   111   120   129   140   149   159   171   176   188   191   192
        195   195   192   187   179   169   159   148   137   127   117   108   100    92    85    77    70    63    57    51
         46    41    36    32    28    18   337   337   337   337   337   337   337   337   337   337   337   337   337   337
        337   337   337   337   337   337   337   337
  14   1000   990   961   914   853   780   699   614   528   446   367   296   234   177   138    95    63    45    28    18
          4    -2    -6    -7   -11   -10   -12   -12   -12   -13   -10    -9   -13   -12   -11   -11    -9    -9   -10   -14
        -11   -12   -11   -17    -9    -8   -14    -8    -7   -15   -10    -8     2     7    16    22    28    35    43    48
         56    61    68    75    81    88    94   101   109   117   126   136   145   155   167   172   183   186   187   190
        190   187   182   174   165   155   144   133   124   114   105    97    90    83    75    68    62    55    50    44
         40    35    31    27    17   328   328   328   328   328   328   328   328   328   328   328   328   328   328   328
        328   328   328   328   328   328   328
  15   1000   990   961   915   853   780   699   613   528   444   366   295   229   181   131    92    67    45    30    13
          4    -1    -4    -9    -9   -11   -11   -11   -12   -10    -8   -12   -12   -11   -10    -9    -9   -10   -14   -11
        -12   -11   -16    -9    -8   -14    -8    -7   -14   -10    -8     2     7    16    21    27    33    42    46    54
         59    65    73    79    85    91    97   105   113   122   132   140   150   161   166   177   180   181   184   184
        181   176   169   160   150   139   129   120   111   102    94    87    80    73    66    60    54    48    43    38
         34    30    27    17   317   317   317   317   317   317   317   317   317   317   317   317   317   317   317   317
        317   317   317   317   317   317
  16   1000   990   961   915   853   780   698   614   526   443   365   291   234   175   128    96    67    47    26    13
          4     0    -5    -6    -9   -10   -10   -12    -9    -8   -12   -11   -11   -10    -9    -9    -9   -13   -10   -11
        -11   -16    -8    -7   -13    -8    -6   -13   -10    -7     2     7    15    20    26    32    40    44    52    57
         63    70    76    82    88    93   101   108   117   127   135   144   155   160   170   173   174   177   177   174
        169   162   153   144   134   124   115   106    98    90    83    77    70    63    57    52    46    41    37    33
         29    25    16   305   305   305   305   305   305   305   305   305   305   305   305   305   305   305   305   305
        305   305   305   305   305
  17   1000   990   961   914   853   779   698   611   525   442   361   295   228   172   132    95    69    43    26    14
          7     0    -3    -7    -8    -9   -10    -8    -7   -11   -11   -10    -9    -8    -8    -9   -13   -10   -11   -10
        -15    -8    -7   -13    -7    -6   -13    -9    -7     2     7    15    20    25    31    38    42    50    55    60
         67    72    78    84    89    96   103   112   121   129   138   148   153   162   165   166   169   169   166   162
        155   146   137   128   118   110   102    94    86    80    73    67    61    55    49    44    39    35    31    28
         24    15   291   291   291   291   291   291   291   291   291   291   291   291   291   291   291   291   291   291
        291   291   291   291
  18   1000   990   961   914   852   779   696   610   524   438   365   290   225   176   131    98    65    43    27    16
          6     1    -3    -5    -7    -9    -7    -6   -10   -10    -9    -9    -8    -8    -8   -12    -9   -10    -9   -14
         -7    -6   -12    -7    -5   -12    -8    -6     2     6    14    19    24    29    37    40    47    52    57    64
         69    74    80    85    92    98   106   115   122   131   140   145   154   157   158   160   160   158   153   147
        139   130   121   112   105    96    89    82    76    70    63    58    52    47    42    38    33    30    26    23
         15   277   277   277   277   277   277   277   277   277   277   277   277   277   277   277   277   277   277   277
        277   277   277
  19   1000   990   961   914   852   777   696   610   521   442   360   287   229   176   134    94    66    44    29    15
          8     1    -1    -4    -7    -6    -5    -9    -9    -8    -8    -7    -7    -7   -11    -8    -9    -9   -13    -7
         -6   -11    -6    -5   -11    -8    -6     2     6    13    17    22    27    34    38    44    48    53    59    64
         69    74    79    86    92    99   107   114   122   131   135   144   147   147   150   150   148   143   137   130
        122   113   105    98    90    83    76    71    65    59    54    48    44    39    35    31    28    25    22    14
        259   259   259   259   259   259   259   259   259   259   259   259   259   259   259   259   259   259   259   259
        259   259
  20   1000   990   961   914   851   777   695   607   525   438   358   291   229   178   130    95    67    46    28    17
          8     3    -1    -4    -4    -4    -8    -8    -7    -7    -6    -6    -7   -10    -7    -8    -8   -12    -6    -5
        -10    -6    -4   -10    -7    -5     1     6    12    16    21    25    31    35    41    45    49    55    59    64
         69    73    79    85    91    99   105   112   121   125   133   135   136   138   138   136   132   126   120   112
        104    97    90    83    76    70    65    60    54    49    45    40    36    32    29    26    23    20    13   238
        238   238   238   238   238   238   238   238   238   238   238   238   238   238   238   238   238   238   238   238
        238
  21   1000   990   961   913   851   777   693   610   521   436   361   291   231   175   131    96    69    46    30    18
         10     3     0    -1    -2    -6    -7    -6    -6    -6    -6    -6    -9    -7    -8    -7   -11    -6    -5    -9
         -5    -4    -9    -6    -5     1     5    11    14    18    23    28    31    36    40    44    49    53    57    62
         66    71    76    82    89    95   101   109   112   119   122   122   124   124   122   119   114   108   101    94
         87    81    75    69    63    59    54    49    45    40    36    32    29    26    23    20    18    11   214   214
        214   214   214   214   214   214   214   214   214   214   214   214   214   214   214   214   214   214   214   214
  22   1000   990   960   913   851   775   696   608   520   439   362   293   229   176   132    98    68    48    31    19
         10     4     1     0    -4    -5    -5    -5    -5    -5    -5    -8    -6    -7    -6   -10    -5    -4    -8    -5
         -4    -8    -6    -4     1     4     9    13    16    20    25    27    32    35    39    43    47    51    55    58
         63    67    73    79    84    90    97   100   106   108   108   110   110   109   106   101    96    90    83    77
         72    66    61    56    52    48    44    39    36    32    29    26    23    20    18    16    10   190   190   190
        190   190   190   190   190   190   190   190   190   190   190   190   190   190   190   190   190   190   190
  23   1000   990   960   913   849   777   693   606   522   439   363   291   229   177   134    97    70    48    32    20
         11     6     3    -1    -3    -4    -4    -4    -4    -5    -7    -5    -6    -6    -8    -4    -4    -7    -4    -3
         -7    -5    -4     1     4     9    12    15    18    23    25    29    32    36    40    43    46    50    53    57
         61    66    72    76    82    88    90    96    98    98   100   100    99    96    92    87    81    76    70    65
         60    55    51    47    44    39    36    32    29    26    23    21    19    16    14     9   172   172   172   172
        172   172   172   172   172   172   172   172   172   172   172   172   172   172   172   172   172   172
  24   1000   990   960   912   851   776   693   609   523   441   362   292   230   179   134    99    71    49    33    20
         13     7     1     0    -2    -3    -3    -3    -4    -6    -5    -5    -5    -7    -4    -4    -6    -4    -3    -6
         -5    -3     0     3     7     9    12    15    18    21    24    27    29    33    35    38    41    44    48    51
         55    60    64    68    73    76    81    82    82    84    84    83    80    77    73    68    63    59    55    50
         46    43    39    36    33    30    27    24    22    20    17    15    14    12     8   144   144   144   144   144
        144   144   144   144   144   144   144   144   144   144   144   144   144   144   144   144   144
  25   1000   990   960   914   850   775   695   609   524   440   363   293   232   179   135   100    72    50    33    22
         14     6     2     0    -1    -2    -2    -3    -5    -4    -5    -4    -7    -4    -3    -6    -3    -3    -6    -4
         -3     0     2     5     8    10    12    16    17    20    23    25    28    30    33    35    38    41    44    47
         51    55    59    63    65    69    70    71    72    72    71    69    66    62    59    54    50    47    43    40
         37    34    31    28    26    23    21    19    17    15    13    12    10     7   123   123   123   123   123   123
        123   123   123   123   123   123   123   123   123   123   123   123   123   123   123   123
  26   1000   990   961   913   850   777   695   610   523   441   363   294   232   180   136   101    72    50    35    23
         13     7     3     1     0    -1    -2    -4    -3    -4    -4    -6    -3    -3    -5    -3    -2    -5    -4    -3
          0     1     4     6     8    10    13    15    17    19    21    24    26    28    30    32    35    37    40    44
         47    50    54    56    59    60    61    62    62    61    59    56    53    50    47    43    40    37    34    31
         29    27    24    22    20    18    16    14    13    11    10     9     6   105   105   105   105   105   105   105
        105   105   105   105   105   105   105   105   105   105   105   105   105   105   105
  27   1000   990   960   913   851   777   696   610   524   441   365   294   233   180   137   101    73    52    36    23
         14     8     4     1     0    -1    -3    -3    -3    -3    -5    -3    -3    -4    -3    -3    -4    -3    -3     0
          0     2     4     5     7     9    10    12    13    15    17    18    20    22    23    26    28    30    33    35
         37    40    42    44    45    45    46    46    45    44    42    40    37    35    32    30    28    25    23    21
         20    18    16    15    13    12    11     9     8     7     6     4    77    77    77    77    77    77    77    77
         77    77    77    77    77    77    77    77    77    77    77    77    77    77
  28   1000   990   960   913   851   778   695   610   524   442   364   295   233   181   137   101    74    53    35    23
         15     9     5     2     0    -2    -2    -2    -3    -4    -2    -2    -4    -2    -2    -4    -3    -2     0     1
          3     5     6     8    10    11    13    15    16    18    20    21    23    25    27    29    31    34    36    39
         42    43    46    47    47    48    48    47    46    44    41    39    36    33    31    29    26    24    22    21
         19    17    15    14    12    11    10     9     8     7     4    81    81    81    81    81    81    81    81    81
         81    81    81    81    81    81    81    81    81    81    81    81    81
  29   1000   990   961   914   852   778   696   611   525   442   365   295   234   181   137   102    74    52    36    23
         15     9     4     1     0    -1    -2    -2    -4    -3    -3    -4    -3    -2    -4    -3    -2    -1     0     1
          2     3     4     5     6     7     8     9    11    12    13    14    15    17    18    20    22    23    25    27
         28    30    30    31    31    31    31    30    29    27    25    23    22    20    19    17    16    14    13    12
         11    10     9     8     7     6     6     5     4     3    50    50    50    50    50    50    50    50    50    50
         50    50    50    50    50    50    50    50    50    50    50    50
  30   1000   990   961   914   851   778   696   611   525   443   365   296   234   182   138   103    74    52    36    24
         15     9     4     1     0    -1    -2    -3    -2    -3    -3    -3    -3    -3    -3    -3    -2    -1     0     0
          1     1     2     3     4     5     5     6     7     8     9    10    11    12    13    15    16    17    18    19
         20    21    21    21    21    21    20    19    18    17    16    15    14    13    12    11    10     9     8     7
          6     6     5     5     4     4     3     3     2    32    32    32    32    32    32    32    32    32    32    32
         32    32    32    32    32    32    32    32    32    32    32
  31   1000   990   961   913   851   778   696   611   526   443   366   296   234   182   138   102    74    53    36    24
         15     9     4     2     0    -1    -2    -2    -2    -3    -2    -2    -3    -2    -2    -1     0     0     1     2
          2     3     4     5     6     7     8     9    10    11    12    13    14    15    17    18    19    21    21    23
         23    24    24    24    24    23    22    21    19    18    17    16    14    13    12    11    10     9     8     7
          7     6     5     5     4     4     3     2    38    38    38    38    38    38    38    38    38    38    38    38
         38    38    38    38    38    38    38    38    38    38
  32   1000   990   961   914   851   778   696   611   526   443   366   296   235   182   138   103    75    53    36    24
         15     9     5     2     0    -1    -1    -2    -2    -2    -2    -3    -2    -2    -1     0     0     0     1     1
          2     3     4     5     5     6     7     8     9     9    10    11    12    14    15    16    17    18    19    19
         20    20    20    20    19    18    17    16    15    14    13    12    11    10     9     8     8     7     6     5
          5     4     4     3     3     3     2    31    31    31    31    31    31    31    31    31    31    31    31    31
         31    31    31    31    31    31    31    31    31
  33   1000   990   960   913   852   778   697   611   526   443   366   296   235   182   138   103    75    53    37    24
         15     9     5     2     0     0    -1    -2    -2    -2    -2    -2    -2    -1     0     0     1     1     2     3
          4     5     5     6     7     8     9    10    10    11    13    14    15    16    17    19    19    21    21    21
         22    22    21    21    20    19    18    16    15    14    13    12    11    10     9     8     7     7     6     5
          5     4     4     3     3     2    34    34    34    34    34    34    34    34    34    34    34    34    34    34
         34    34    34    34    34    34    34    34
  34   1000   990   961   914   852   778   697   611   526   443   366   296   235   182   138   103    75    53    36    24
         15     9     4     1     0     0    -2    -2    -2    -2    -2    -2    -2    -1    -1     0     0     0     0     0
          1     1     2     3     3     4     4     5     6     6     7     8     8     9    10    10    11    11    12    12
         12    12    11    11    10    10     9     8     8     7     6     6     5     5     4     4     3     3     3     2
          2     2     2     1     1    16    16    16    16    16    16    16    16    16    16    16    16    16    16    16
         16    16    16    16    16    16    16
  35   1000   990   961   914   852   778   697   612   526   443   366   296   235   182   138   103    75    53    36    24
         15     9     4     2     0    -1    -1    -2    -2    -2    -2    -2    -1    -1    -1     0     0     0     0     1
          1     1     2     2     3     4     4     5     5     6     7     7     8     9     9    10    10    10    11    11
         10    10    10     9     8     8     7     7     6     6     5     5     4     4     3     3     3     2     2     2
          2     1     1     1    13    13    13    13    13    13    13    13    13    13    13    13    13    13    13    13
         13    13    13    13    13    13
  36   1000   990   961   914   852   778   697   612   526   443   366   296   235   182   138   103    75    53    36    24
         15     9     5     2     0     0    -1    -2    -2    -2    -2    -1    -1    -1     0     0     0     0     0     1
          1     2     2     2     3     3     4     5     5     6     7     7     8     8     9     9     9     9     9     9
          9     9     8     8     7     6     6     5     5     4     4     4     3     3     3     2     2     2     2     1
          1     1     1    11    11    11    11    11    11    11    11    11    11    11    11    11    11    11    11    11
         11    11    11    11    11
  37   1000   990   961   914   852   778   697   612   526   443   366   296   235   182   138   103    74    53    36    24
         15     9     5     2     0     0    -1    -1    -2    -1    -1    -1     0     0     0     0     0     1     1     2
          2     3     3     4     4     5     6     6     7     8     9     9    10    10    11    11    11    11    11    11
         10    10     9     8     8     7     6     6     5     5     4     4     4     3     3     3     2     2     2     2
          1     1    15    15    15    15    15    15    15    15    15    15    15    15    15    15    15    15    15    15
         15    15    15    15
  38   1000   990   961   914   852   778   697   612   526   443   366   296   235   182   138   103    74    53    36    24
         15     9     4     2     0     0    -1    -1    -1    -1    -1    -1    -1     0     0     0     0     0     0     1
          1     1     2     2     3     3     4     4     5     5     6     6     7     7     7     7     7     7     7     7
          6     6     5     5     5     4     4     3     3     3     2     2     2     2     1     1     1     1     1     1
          1     8     8     8     8     8     8     8     8     8     8     8     8     8     8     8     8     8     8     8
          8     8     8
  39   1000   990   961   914   852   778   697   612   526   443   366   296   235   182   138   103    74    53    36    24
         15     9     5     2     0     0    -1    -1    -1    -1     0     0     0     0     0     0     1     1     2     2
          3     3     4     4     5     5     6     6     7     8     8     9     9     9     9     9     9     9     8     8
          7     7     6     6     5     5     4     4     4     3     3     3     2     2     2     2     1     1     1     1
         12    12    12    12    12    12    12    12    12    12    12    12    12    12    12    12    12    12    12    12
         12    12
  40   1000   990   961   914   852   778   697   612   526   443   366   296   235   182   138   103    74    52    36    24
         15     9     5     2     0     0     0    -1    -1    -1     0     0     0     0     0     0     0     1     1     1
          2     2     3     3     4     4     5     5     6     6     7     7     7     7     7     7     7     6     6     6
          5     5     4     4     4     3     3     3     2     2     2     2     1     1     1     1     1     1     1     8
          8     8     8     8     8     8     8     8     8     8     8     8     8     8     8     8     8     8     8     8
          8
  41   1000   990   961   914   852   778   697   612   526   443   366   296   235   182   138   103    74    53    36    24
         15     9     5     2     0     0     0     0     0     0     0     0     0     0     0     1     1     1     2     2
          3     3     4     4     5     5     6     6     7     7     7     8     8     8     8     7     7     7     6     6
          5     5     4     4     4     3     3     3     2     2     2     2     1     1     1     1     1     1     9     9
          9     9     9     9     9     9     9     9     9     9     9     9     9     9     9     9     9     9     9     9
  42   1000   990   961   914   852   778   697   612   526   443   366   296   235   182   138   103    75    53    36    24
         15     9     5     2     1     0     0     0     0     0     0     0     0     0     0     1     1     1     2     2
          3     3     4     4     5     5     6     6     6     7     7     7     7     7     7     6     6     6     5     5
          4     4     4     3     3     3     2     2     2     2     1     1     1     1     1     1     0     8     8     8
          8     8     8     8     8     8     8     8     8     8     8     8     8     8     8     8     8     8     8
  43   1000   990   961   914   852   778   697   612   526   443   366   296   235   182   138   103    75    53    36    24
         15     9     5     2     1     0     0     0     0     0     0     0     0     0     0     0     1     1     1     2
          2     3     3     3     4     4     5     5     5     5     5     5     5     5     5     5     4     4     4     3
          3     3     2     2     2     2     1     1     1     1     1     1     1     1     1     0     5     5     5     5
          5     5     5     5     5     5     5     5     5     5     5     5     5     5     5     5     5     5
  44   1000   990   961   914   852   778   697   612   526   443   366   296   235   182   139   103    75    53    37    24
         16    10     6     3     2     1     0     0     0     1     1     1     2     2     3     3     3     4     4     5
          6     6     7     7     8     8     9     9     9    10    10     9     9     9     8     8     7     7     6     6
          5     5     4     4     3     3     3     2     2     2     2     2     1     1     1    13    13    13    13    13
         13    13    13    13    13    13    13    13    13    13    13    13    13    13    13    13    13
  45   1000   990   961   914   852   778   697   612   526   444   366   296   235   182   139   103    75    53    36    25
         16    10     7     4     3     2     2     2     2     2     2     3     3     4     4     5     5     6     7     7
          8     9    10    10    11    11    12    12    12    12    12    12    11    10    10     9     8     8     7     6
          6     5     5     4     4     4     3     3     3     2     2     2     2     1    18    18    18    18    18    18
         18    18    18    18    18    18    18    18    18    18    18    18    18    18    18    18
  46   1000   990   961   914   852   778   697   612   526   443   366   296   235   182   138   103    75    53    36    24
         16    10     6     3     1     0     0     0     0     0     0     0     1     1     1     2     2     2     3     3
          4     4     5     5     5     5     6     6     6     6     5     5     5     5     4     4     4     3     3     3
          2     2     2     2     1     1     1     1     1     1     1     1     0     6     6     6     6     6     6     6
          6     6     6     6     6     6     6     6     6     6     6     6     6     6     6
  47   1000   990   961   914   852   778   697   612   526   443   366   296   235   182   138   103    75    53    37    25
         16    10     6     3     2     1     0     0     0     0     1     1     1     2     2     2     3     3     4     4
          5     5     5     6     6     6     6     6     6     6     6     5     5     5     4     4     4     3     3     3
          2     2     2     2     1     1     1     1     1     1     1     0     7     7     7     7     7     7     7     7
          7     7     7     7     7     7     7     7     7     7     7     7     7     7
  48   1000   990   961   914   852   778   697   612   526   443   366   296   235   182   138   103    75    53    37    25
         17    11     7     4     3     2     1     1     1     2     2     2     3     3     3     4     5     5     6     6
          7     7     8     8     8     8     8     8     8     7     7     7     6     6     5     5     4     4     3     3
          3     3     2     2     2     2     1     1     1     1     1    10    10    10    10    10    10    10    10    10
         10    10    10    10    10    10    10    10    10    10    10    10    10
  49   1000   990   961   914   852   778   697   612   526   443   366   296   235   182   138   103    75    54    37    26
         17    11     8     5     4     3     2     2     2     3     3     3     4     5     5     6     6     7     8     8
          9     9    10    10    10    10    10     9     9     9     8     7     7     6     6     5     5     4     4     4
          3     3     3     2     2     2     2     1     1     1    13    13    13    13    13    13    13    13    13    13
         13    13    13    13    13    13    13    13    13    13    13    13
  50   1000   990   961   914   852   778   697   611   526   443   366   296   235   182   139   103    76    54    38    27
         18    13     9     6     5     4     4     4     4     5     5     6     6     7     8     9     9    10    11    11
         12    12    13    13    13    13    12    12    11    10    10     9     8     8     7     6     6     5     5     4
          4     3     3     3     2     2     2     2     1    19    19    19    19    19    19    19    19    19    19    19
         19    19    19    19    19    19    19    19    19    19    19
  51   1000   990   961   914   852   778   697   612   526   443   366   296   235   182   139   104    76    55    39    27
         19    13     9     7     6     5     5     5     5     6     6     7     7     8     9    10    11    12    12    13
         13    13    14    14    13    13    12    12    11    10     9     9     8     7     7     6     6     5     5     4
          4     3     3     3     2     2     2     1    20    20    20    20    20    20    20    20    20    20    20    20
         20    20    20    20    20    20    20    20    20    20
  52   1000   990   961   914   852   778   697   612   526   443   366   296   235   183   139   104    76    55    39    27
         19    13    10     7     6     5     5     5     6     6     7     7     8     9    10    11    11    12    13    13
         13    14    14    13    13    12    12    11    10     9     9     8     7     7     6     6     5     5     4     4
          3     3     3     2     2     2     1    20    20    20    20    20    20    20    20    20    20    20    20    20
         20    20    20    20    20    20    20    20    20
  53   1000   990   961   914   852   778   696   611   526   443   366   296   235   182   139   103    75    54    38    26
         17    11     7     5     3     3     2     2     2     3     3     3     4     5     5     6     6     7     7     7
          7     7     7     7     7     6     6     6     5     5     4     4     3     3     3     2     2     2     2     2
          1     1     1     1     1     1     8     8     8     8     8     8     8     8     8     8     8     8     8     8
          8     8     8     8     8     8     8     8
  54   1000   990   961   914   852   778   697   611   526   443   366   297   235   183   140   105    77    56    40    28
         20    14    10     8     7     6     6     6     7     7     8     9    10    11    12    12    13    13    14    14
         14    14    13    13    12    11    11    10     9     8     8     7     6     6     5     5     4     4     3     3
          3     2     2     2     1    20    20    20    20    20    20    20    20    20    20    20    20    20    20    20
         20    20    20    20    20    20    20
  55   1000   990   961   914   852   778   697   611   526   443   366   297   236   183   140   105    77    56    39    28
         20    14    10     8     6     6     6     6     6     7     8     8     9    10    11    12    12    12    13    13
         12    12    12    11    10    10     9     8     8     7     6     6     5     5     4     4     3     3     3     2
          2     2     2     1    18    18    18    18    18    18    18    18    18    18    18    18    18    18    18    18
         18    18    18    18    18    18
  56   1000   990   961   914   852   778   697   611   526   444   367   297   236   184   140   105    78    56    40    29
         21    15    11     9     8     7     7     8     8     9    10    11    12    13    14    14    14    15    15    15
         14    14    13    12    11    10    10     9     8     7     7     6     6     5     5     4     4     3     3     3
          2     2     1    22    22    22    22    22    22    22    22    22    22    22    22    22    22    22    22    22
         22    22    22    22    22
  57   1000   990   960   914   851   778   697   611   526   443   366   296   234   182   138   103    75    53    37    25
         17    11     7     5     3     2     2     2     3     3     4     4     5     5     6     6     6     6     6     6
          6     6     5     5     5     4     4     4     3     3     3     2     2     2     2     1     1     1     1     1
          1     0     6     6     6     6     6     6     6     6     6     6     6     6     6     6     6     6     6     6
          6     6     6     6
  58   1000   990   961   914   852   778   697   612   527   445   368   298   237   185   142   107    79    58    42    31
         23    17    14    12    11    11    11    12    13    14    15    16    17    18    18    19    19    19    19    18
         17    16    15    14    13    12    11    10     9     8     8     7     6     6     5     4     4     3     3     3
          2    31    31    31    31    31    31    31    31    31    31    31    31    31    31    31    31    31    31    31
         31    31    31
  59   1000   990   961   914   852   778   697   612   527   445   368   299   238   186   143   108    80    59    43    32
         24    18    15    13    12    13    13    14    15    17    18    19    20    20    21    21    21    20    20    19
         18    17    15    14    13    12    11    10     9     8     8     7     6     6     5     4     4     3     3     2
         35    35    35    35    35    35    35    35    35    35    35    35    35    35    35    35    35    35    35    35
         35    35
  60   1000   990   960   914   852   778   697   611   525   443   366   296   235   182   139   103    75    54    38    26
         18    12     9     7     6     6     6     6     7     8     9     9    10    10    11    11    11    11    10    10
          9     8     8     7     7     6     5     5     4     4     4     3     3     2     2     2     2     1     1    16
         16    16    16    16    16    16    16    16    16    16    16    16    16    16    16    16    16    16    16    16
         16
  61   1000   990   961   914   852   779   697   612   527   445   368   298   237   185   142   106    79    58    42    30
         22    17    14    13    13    13    14    15    16    17    18    19    19    20    20    20    19    18    17    16
         15    14    13    12    11    10     9     8     8     7     6     5     5     4     4     3     3     2    33    33
         33    33    33    33    33    33    33    33    33    33    33    33    33    33    33    33    33    33    33    33
  62   1000   990   961   914   852   779   697   612   527   445   368   298   237   185   141   106    79    58    42    31
         23    18    16    15    14    15    16    17    19    20    20    21    22    22    22    21    20    19    18    17
         16    14    13    12    11    10     9     8     8     7     6     5     5     4     4     3     2    38    38    38
         38    38    38    38    38    38    38    38    38    38    38    38    38    38    38    38    38    38    38
  63   1000   990   961   913   851   776   694   609   523   440   362   292   231   178   134    98    71    49    33    22
         14     9     6     4     4     4     4     5     6     7     8     8     9     9     9     9     9     8     8     7
          7     6     6     5     5     4     4     3     3     3     2     2     2     2     1     1    13    13    13    13
         13    13    13    13    13    13    13    13    13    13    13    13    13    13    13    13    13    13
  64   1000   990   960   913   850   776   695   609   523   440   363   293   231   178   135    99    72    51    35    24
         17    12    10     9     9     9    10    11    12    13    14    14    14    14    14    13    13    12    11    11
         10     9     8     8     7     6     5     5     4     4     3     3     3     2     1    25    25    25    25    25
         25    25    25    25    25    25    25    25    25    25    25    25    25    25    25    25    25
  65   1000   990   960   912   850   776   694   608   522   439   362   292   230   177   134    99    71    51    36    25
         18    14    12    12    11    13    13    14    15    16    17    17    17    17    16    15    14    14    13    12
         11    10     9     8     7     7     6     5     5     4     4     3     3     2    31    31    31    31    31    31
         31    31    31    31    31    31    31    31    31    31    31    31    31    31    31    31
  66   1000   990   960   913   851   778   696   611   525   443   365   296   235   183   140   105    79    59    45    36
         30    27    26    25    27    28    29    30    31    32    32    31    30    29    27    26    24    22    21    19
         18    16    15    13    12    11    10     9     8     7     6     5     3    62    62    62    62    62    62    62
         62    62    62    62    62    62    62    62    62    62    62    62    62    62    62
  67   1000   990   960   913   851   777   696   611   525   443   366   296   236   184   142   108    82    63    50    42
         36    35    33    35    35    36    37    39    39    39    38    37    35    33    31    29    27    25    24    22
         20    18    17    15    13    12    11    10     8     7     7     4    77    77    77    77    77    77    77    77
         77    77    77    77    77    77    77    77    77    77    77    77    77    77
  68   1000   990   961   914   852   779   698   613   528   445   369   300   240   189   148   115    90    73    60    53
         49    47    48    48    48    50    51    51    51    50    48    46    43    41    38    36    33    31    28    26
         24    22    20    18    16    14    13    11    10     9     6   103   103   103   103   103   103   103   103   103
        103   103   103   103   103   103   103   103   103   103   103   103   103
  69   1000   990   961   914   852   779   698   613   527   445   369   301   241   191   151   119    96    78    67    61
         56    56    55    55    56    58    58    57    56    54    51    49    46    43    40    37    35    32    30    27
         25    22    20    18    16    14    13    11    10     6   117   117   117   117   117   117   117   117   117   117
        117   117   117   117   117   117   117   117   117   117   117   117
  70   1000   990   961   914   852   779   698   613   528   446   370   302   244   195   155   125   102    86    77    69
         67    65    63    64    65    65    64    63    61    58    55    51    49    45    42    39    36    34    31    28
         25    23    20    18    16    14    13    11     7   133   133   133   133   133   133   133   133   133   133   133
        133   133   133   133   133   133   133   133   133   133   133
  71   1000   990   961   914   852   779   698   613   528   447   372   305   248   200   162   132   111    96    85    81
         76    73    73    73    73    72    70    67    64    61    57    54    50    47    44    41    38    34    31    28
         26    23    21    18    16    14    13     8   150   150   150   150   150   150   150   150   150   150   150   150
        150   150   150   150   150   150   150   150   150   150
  72   1000   990   961   914   853   779   699   615   531   450   377   311   255   209   172   144   124   108   100    93
         88    86    85    84    82    80    77    73    69    65    62    57    54    50    46    43    39    36    33    29
         26    24    21    19    17    15     9   174   174   174   174   174   174   174   174   174   174   174   174   174
        174   174   174   174   174   174   174   174   174
  73   1000   990   961   914   852   779   698   615   531   452   379   315   260   214   178   151   129   117   106    97
         94    92    89    87    84    80    76    72    68    65    60    56    52    49    46    42    38    34    31    28
         25    22    20    18    15    10   184   184   184   184   184   184   184   184   184   184   184   184   184   184
        184   184   184   184   184   184   184   184
  74   1000   990   961   914   853   780   700   617   535   457   386   323   269   225   191   162   144   128   115   109
        105   101    97    93    88    84    79    74    71    66    62    58    54    50    46    42    38    34    31    28
         25    22    20    17    11   206   206   206   206   206   206   206   206   206   206   206   206   206   206   206
        206   206   206   206   206   206   206
  75   1000   990   961   914   853   781   701   619   538   461   392   329   276   234   197   172   150   132   122   115
        108   103    98    93    87    82    77    74    69    64    60    56    53    48    44    40    36    33    29    26
         23    21    18    12   218   218   218   218   218   218   218   218   218   218   218   218   218   218   218   218
        218   218   218   218   218   218
  76   1000   990   961   914   854   782   704   623   543   467   398   337   285   240   207   178   155   140   128   119
        111   104    97    91    86    81    77    72    67    63    59    56    51    47    43    39    35    31    28    25
         22    19    12   233   233   233   233   233   233   233   233   233   233   233   233   233   233   233   233   233
        233   233   233   233   233
  77   1000   990   961   915   855   785   707   628   549   475   406   347   293   251   215   184   163   146   133   122
        113   105    97    91    85    81    76    71    67    63    59    54    50    46    41    37    34    30    27    24
         21    13   252   252   252   252   252   252   252   252   252   252   252   252   252   252   252   252   252   252
        252   252   252   252
  78   1000   990   961   916   857   787   711   632   554   480   413   351   301   255   217   188   165   147   132   120
        110   101    93    87    82    77    73    68    65    61    56    52    47    43    39    35    32    28    25    22
         14   265   265   265   265   265   265   265   265   265   265   265   265   265   265   265   265   265   265   265
        265   265   265
  79   1000   990   962   917   858   789   714   636   559   486   417   358   304   257   220   190   166   146   130   116
        106    97    89    84    79    74    70    66    63    58    54    49    45    41    37    33    30    26    23    15
        280   280   280   280   280   280   280   280   280   280   280   280   280   280   280   280   280   280   280   280
        280   280
  80   1000   990   962   918   860   792   717   640   563   489   422   359   303   258   220   189   163   142   125   111
        100    91    86    80    75    71    67    64    59    55    51    46    42    38    34    31    27    24    15   294
        294   294   294   294   294   294   294   294   294   294   294   294   294   294   294   294   294   294   294   294
        294
  81   1000   990   963   919   861   793   719   642   564   491   421   357   302   256   216   184   157   135   118   104
         94    87    81    76    71    68    65    60    56    52    48    43    39    35    32    28    25    16   307   307
        307   307   307   307   307   307   307   307   307   307   307   307   307   307   307   307   307   307   307   307
  82   1000   991   963   919   863   795   721   643   566   491   419   356   301   253   213   179   152   130   113    99
         91    83    78    73    70    66    62    58    54    49    45    41    37    33    30    26    17   325   325   325
        325   325   325   325   325   325   325   325   325   325   325   325   325   325   325   325   325   325   325
  83   1000   991   963   920   863   796   721   643   565   488   417   353   297   248   207   173   145   124   107    96
         87    80    75    71    68    63    59    55    51    46    42    38    35    31    27    17   343   343   343   343
        343   343   343   343   343   343   343   343   343   343   343   343   343   343   343   343   343   343
  84   1000   991   964   920   863   796   721   642   562   486   415   350   293   243   202   167   140   119   105    93
         85    79    74    70    66    61    57    53    48    44    40    36    32    29    18   365   365   365   365   365
        365   365   365   365   365   365   365   365   365   365   365   365   365   365   365   365   365
  85   1000   991   964   921   864   796   721   641   561   485   413   347   290   240   198   164   138   119   104    93
         85    79    74    69    64    60    55    51    46    42    38    34    30    19   391   391   391   391   391   391
        391   391   391   391   391   391   391   391   391   391   391   391   391   391   391   391
  86   1000   991   963   920   862   794   717   638   558   480   408   342   283   234   192   159   136   116   102    91
         83    78    72    66    61    56    52    47    43    39    35    31    19   412   412   412   412   412   412   412
        412   412   412   412   412   412   412   412   412   412   412   412   412   412   412
  87   1000   991   964   919   862   792   716   636   555   477   404   338   280   230   190   160   135   116   102    91
         84    76    70    64    59    54    49    45    40    36    32    20   437   437   437   437   437   437   437   437
        437   437   437   437   437   437   437   437   437   437   437   437   437   437
  88   1000   991   964   920   861   792   716   635   555   476   403   337   279   231   193   161   136   118   104    93
         83    75    68    62    57    51    47    42    38    34    20   467   467   467   467   467   467   467   467   467
        467   467   467   467   467   467   467   467   467   467   467   467   467
  89   1000   990   963   918   859   789   712   631   549   471   397   332   275   229   189   158   134   115   101    89
         79    70    63    57    52    47    42    38    33    20   478   478   478   478   478   478   478   478   478   478
        478   478   478   478   478   478   478   478   478   478   478   478
  90   1000   991   963   919   860   790   713   632   551   472   399   334   279   232   193   162   137   119   102    89
         78    69    61    55    49    44    39    35    21   508   508   508   508   508   508   508   508   508   508   508
        508   508   508   508   508   508   508   508   508   508   508
  91   1000   991   963   918   859   789   711   629   548   469   397   334   278   230   192   160   136   114    97    84
         73    63    56    49    44    39    34    20   516   516   516   516   516   516   516   516   516   516   516   516
        516   516   516   516   516   516   516   516   516   516
  92   1000   990   962   917   858   787   709   627   545   467   397   332   276   229   190   158   131   109    92    78
         66    57    50    44    38    34    19   515   515   515   515   515   515   515   515   515   515   515   515   515
        515   515   515   515   515   515   515   515   515
  93   1000   990   962   917   858   787   709   627   546   470   398   334   278   230   191   156   128   106    88    73
         62    53    45    39    34    19   524   524   524   524   524   524   524   524   524   524   524   524   524   524
        524   524   524   524   524   524   524   524
  94   1000   990   962   917   858   787   709   628   548   471   399   335   278   230   188   153   124   101    83    68
         57    48    40    34    19   525   525   525   525   525   525   525   525   525   525   525   525   525   525   525
        525   525   525   525   525   525   525
  95   1000   990   962   917   857   787   709   629   548   471   399   334   278   227   184   148   119    96    77    63
         51    42    35    19   517   517   517   517   517   517   517   517   517   517   517   517   517   517   517   517
        517   517   517   517   517   517
  96   1000   990   962   917   857   786   710   629   548   471   399   333   274   222   179   142   113    90    71    57
         46    37    20   502   502   502   502   502   502   502   502   502   502   502   502   502   502   502   502   502
        502   502   502   502   502
  97   1000   990   962   917   857   787   710   629   548   470   397   329   269   217   173   137   107    84    66    51
         41    23   481   481   481   481   481   481   481   481   481   481   481   481   481   481   481   481   481   481
        481   481   481   481
  98   1000   990   962   917   858   787   710   629   547   469   393   325   264   212   167   131   102    78    60    46
         27   455   455   455   455   455   455   455   455   455   455   455   455   455   455   455   455   455   455   455
        455   455   455
  99   1000   990   962   917   858   787   709   628   546   465   390   321   260   207   162   126    97    74    56    34
        427   427   427   427   427   427   427   427   427   427   427   427   427   427   427   427   427   427   427   427
        427   427
 100   1000   990   962   917   858   787   709   627   543   462   386   317   255   202   158   122    93    70    44   398
        398   398   398   398   398   398   398   398   398   398   398   398   398   398   398   398   398   398   398   398
        398
 101   1000   990   962   917   857   787   708   625   541   459   383   313   251   199   154   118    89    59   369   369
        369   369   369   369   369   369   369   369   369   369   369   369   369   369   369   369   369   369   369   369
 102   1000   990   962   917   857   786   706   623   538   456   380   310   249   196   152   116    80   346   346   346
        346   346   346   346   346   346   346   346   346   346   346   346   346   346   346   346   346   346   346
 103   1000   990   962   917   857   785   705   621   536   454   377   307   246   193   149   107   320   320   320   320
        320   320   320   320   320   320   320   320   320   320   320   320   320   320   320   320   320   320
 104   1000   990   962   916   856   784   703   619   534   452   375   306   244   191   142   296   296   296   296   296
        296   296   296   296   296   296   296   296   296   296   296   296   296   296   296   296   296
 105   1000   990   962   916   855   782   702   618   533   450   374   304   243   185   275   275   275   275   275   275
        275   275   275   275   275   275   275   275   275   275   275   275   275   275   275   275
 106   1000   990   962   915   854   782   701   616   531   449   372   303   237   255   255   255   255   255   255   255
        255   255   255   255   255   255   255   255   255   255   255   255   255   255   255
 107   1000   990   961   915   854   781   700   615   531   448   372   298   237   237   237   237   237   237   237   237
        237   237   237   237   237   237   237   237   237   237   237   237   237   237
 108   1000   990   961   915   853   780   700   615   530   448   367   216   216   216   216   216   216   216   216   216
        216   216   216   216   216   216   216   216   216   216   216   216   216
 109   1000   990   961   915   853   780   699   614   529   444   197   197   197   197   197   197   197   197   197   197
        197   197   197   197   197   197   197   197   197   197   197   197
 110   1000   990   961   914   853   780   699   614   526   178   178   178   178   178   178   178   178   178   178   178
        178   178   178   178   178   178   178   178   178   178   178
 111   1000   990   961   914   853   780   699   611   161   161   161   161   161   161   161   161   161   161   161   161
        161   161   161   161   161   161   161   161   161   161
 112   1000   990   961   914   853   780   697   145   145   145   145   145   145   145   145   145   145   145   145   145
        145   145   145   145   145   145   145   145   145
 113   1000   990   961   914   853   778   130   130   130   130   130   130   130   130   130   130   130   130   130   130
        130   130   130   130   130   130   130   130
 114   1000   990   961   914   851   116   116   116   116   116   116   116   116   116   116   116   116   116   116   116
        116   116   116   116   116   116   116
 115   1000   990   961   913   104   104   104   104   104   104   104   104   104   104   104   104   104   104   104   104
        104   104   104   104   104   104
 116   1000   990   960    92    92    92    92    92    92    92    92    92    92    92    92    92    92    92    92    92
         92    92    92    92    92
 117   1000   990    81    81    81    81    81    81    81    81    81    81    81    81    81    81    81    81    81    81
         81    81    81    81
 118   1000    51    51    51    51    51    51    51    51    51    51    51    51    51    51    51    51    51    51    51
         51    51    51
 119   1000  1000  1000  1000  1000  1000  1000  1000  1000  1000  1000  1000  1000  1000  1000  1000  1000  1000  1000  1000
       1000  1000
 120   1000  1000  1000  1000  1000  1000  1000  1000  1000  1000  1000  1000  1000  1000  1000  1000  1000  1000  1000  1000
       1000
 121   1000  1000  1000  1000  1000  1000  1000  1000  1000  1000  1000  1000  1000  1000  1000  1000  1000  1000  1000  1000
 122   1000  1000  1000  1000  1000  1000  1000  1000  1000  1000  1000  1000  1000  1000  1000  1000  1000  1000  1000
 123   1000  1000  1000  1000  1000  1000  1000  1000  1000  1000  1000  1000  1000  1000  1000  1000  1000  1000
 124   1000  1000  1000  1000  1000  1000  1000  1000  1000  1000  1000  1000  1000  1000  1000  1000  1000
 125   1000  1000  1000  1000  1000  1000  1000  1000  1000  1000  1000  1000  1000  1000  1000  1000
 126   1000  1000  1000  1000  1000  1000  1000  1000  1000  1000  1000  1000  1000  1000  1000
 127   1000  1000  1000  1000  1000  1000  1000  1000  1000  1000  1000  1000  1000  1000
 128   1000  1000  1000  1000  1000  1000  1000  1000  1000  1000  1000  1000  1000
 129   1000  1000  1000  1000  1000  1000  1000  1000  1000  1000  1000  1000
 130   1000  1000  1000  1000  1000  1000  1000  1000  1000  1000  1000
 131   1000  1000  1000  1000  1000  1000  1000  1000  1000  1000
 132   1000  1000  1000  1000  1000  1000  1000  1000  1000
 133   1000  1000  1000  1000  1000  1000  1000  1000
 134   1000  1000  1000  1000  1000  1000  1000
 135   1000  1000  1000  1000  1000  1000
 136   1000  1000  1000  1000  1000
 137   1000  1000  1000  1000
 138   1000  1000  1000
 139   1000  1000
 140   1000

 Finished!
