88_Run
  140    9    1    0    1
   0.00500   9.00000   0.03000   0.00100
   0.0000000   0   0 1.00000000E+00   1.0000000
ZR902    4.170E-30 0.010       0.00       0.00        (    )
NI582    2.430E-31 0.010       0.00       0.00        (    )
NI58P    8.480E-30 0.028       0.00       0.00        (    )
IN115N   6.400E-30 0.010       0.00       0.00        (    )
IN115G   5.460E-30 0.010       0.00       0.00        (    )
AU1972   1.320E-29 0.010       0.00       0.00        (    )
AU197G   3.980E-30 0.010       0.00       0.00        (    )
AL27P    9.960E-31 0.010       0.00       0.00        (    )
AL27A    9.000E-31 0.015       0.00       0.00        (    )
Flux Uncertainty
 141
 1.0000E-10 1.0000E-09 1.0000E-08 2.3000E-08 5.0000E-08 7.6000E-08 1.1500E-07
 1.7000E-07 2.5500E-07 3.8000E-07 5.5000E-07 8.4000E-07 1.2800E-06 1.9000E-06
 2.8000E-06 4.2500E-06 6.3000E-06 9.2000E-06 1.3500E-05 2.1000E-05 3.0000E-05
 4.5000E-05 6.9000E-05 1.0000E-04 1.3500E-04 1.7000E-04 2.2000E-04 2.8000E-04
 3.6000E-04 4.5000E-04 5.7500E-04 7.6000E-04 9.6000E-04 1.2800E-03 1.6000E-03
 2.0000E-03 2.7000E-03 3.4000E-03 4.5000E-03 5.5000E-03 7.2000E-03 9.2000E-03
 1.2000E-02 1.5000E-02 1.9000E-02 2.5500E-02 3.2000E-02 4.0000E-02 5.2500E-02
 6.6000E-02 8.8000E-02 1.1000E-01 1.3500E-01 1.6000E-01 1.9000E-01 2.2000E-01
 2.5500E-01 2.9000E-01 3.2000E-01 3.6000E-01 4.0000E-01 4.5000E-01 5.0000E-01
 5.5000E-01 6.0000E-01 6.6000E-01 7.2000E-01 7.8000E-01 8.4000E-01 9.2000E-01
 1.0000E+00 1.2000E+00 1.4000E+00 1.6000E+00 1.8000E+00 2.0000E+00 2.3000E+00
 2.6000E+00 2.9000E+00 3.3000E+00 3.7000E+00 4.1000E+00 4.5000E+00 5.0000E+00
 5.5000E+00 6.0000E+00 6.7000E+00 7.4000E+00 8.2000E+00 9.0000E+00 1.0000E+01
 1.1000E+01 1.2000E+01 1.3000E+01 1.4000E+01 1.5000E+01 1.6000E+01 1.7000E+01
 1.8000E+01 1.9000E+01 2.0000E+01 2.1000E+01 2.2000E+01 2.3000E+01 2.4000E+01
 2.5000E+01 2.6000E+01 2.7000E+01 2.8000E+01 2.9000E+01 3.0000E+01 3.1000E+01
 3.2000E+01 3.3000E+01 3.4000E+01 3.5000E+01 3.6000E+01 3.7000E+01 3.8000E+01
 3.9000E+01 4.0000E+01 4.1000E+01 4.2000E+01 4.3000E+01 4.4000E+01 4.5000E+01
 4.6000E+01 4.7000E+01 4.8000E+01 4.9000E+01 5.0000E+01 5.1000E+01 5.2000E+01
 5.3000E+01 5.4000E+01 5.5000E+01 5.6000E+01 5.7000E+01 5.8000E+01 5.9000E+01
 6.0000E+01
 0.0000E+00 0.0000E+00 0.0000E+00 0.0000E+00 0.0000E+00 0.0000E+00 0.0000E+00
 0.0000E+00 0.0000E+00 0.0000E+00 0.0000E+00 0.0000E+00 0.0000E+00 7.4360E-01
 5.4480E-01 5.3890E-01 4.9990E-01 5.4100E-02 1.9400E-02 2.0500E-02 1.7300E-02
 9.7000E-03 1.3300E-02 9.3000E-03 1.1300E-02 9.6000E-03 9.2000E-03 9.5000E-03
 9.7000E-03 9.0000E-03 8.6000E-03 8.2000E-03 6.5000E-03 5.0000E-03 4.9000E-03
 4.8000E-03 3.6000E-03 3.3000E-03 2.9000E-03 2.9000E-03 2.5000E-03 2.6000E-03
 2.2000E-03 2.2000E-03 2.1000E-03 2.1000E-03 2.0000E-03 2.1000E-03 2.0000E-03
 2.0000E-03 2.0000E-03 2.0000E-03 2.0000E-03 2.0000E-03 2.0000E-03 2.0000E-03
 2.0000E-03 2.0000E-03 2.0000E-03 2.0000E-03 2.0000E-03 2.0000E-03 2.0000E-03
 2.0000E-03 2.0000E-03 2.0000E-03 2.0000E-03 2.0000E-03 2.0000E-03 2.0000E-03
 2.1000E-03 2.0000E-03 2.1000E-03 2.2000E-03 2.2000E-03 2.3000E-03 2.3000E-03
 2.6000E-03 2.9000E-03 3.2000E-03 3.5000E-03 4.0000E-03 4.9000E-03 5.6000E-03
 6.8000E-03 7.7000E-03 7.5000E-03 8.4000E-03 8.7000E-03 9.3000E-03 8.9000E-03
 9.7000E-03 1.0400E-02 1.1100E-02 1.1900E-02 1.2900E-02 1.4100E-02 1.5700E-02
 1.6900E-02 1.9000E-02 2.2100E-02 2.4900E-02 2.7000E-02 2.9500E-02 3.1600E-02
 3.2800E-02 3.4800E-02 3.7300E-02 3.9000E-02 4.1900E-02 4.3800E-02 4.5600E-02
 4.5900E-02 4.9100E-02 5.8900E-02 1.0400E-01 7.3510E-01 0.0000E+00 0.0000E+00
 0.0000E+00 0.0000E+00 0.0000E+00 0.0000E+00 0.0000E+00 0.0000E+00 0.0000E+00
 0.0000E+00 0.0000E+00 0.0000E+00 0.0000E+00 0.0000E+00 0.0000E+00 0.0000E+00
 0.0000E+00 0.0000E+00 0.0000E+00 0.0000E+00 0.0000E+00 0.0000E+00 0.0000E+00
 0.0000E+00
Input Flux Spectrum
 140   0 1.000E+00 2.000E+01 5.000E-08
 0.0000E+00 0.0000E+00 0.0000E+00 0.0000E+00 0.0000E+00 0.0000E+00 0.0000E+00
 0.0000E+00 0.0000E+00 0.0000E+00 0.0000E+00 0.0000E+00 1.8090E-14 2.0470E-14
 2.0770E-14 1.5610E-12 6.8590E-11 9.7080E-10 1.2660E-09 1.0730E-09 1.3040E-09
 1.5160E-09 1.3390E-09 1.1320E-09 8.7100E-10 1.1160E-09 1.0390E-09 1.2000E-09
 1.1090E-09 1.3010E-09 1.8240E-09 1.2180E-09 2.0170E-09 1.9460E-09 2.4450E-09
 3.7890E-09 3.9270E-09 7.0400E-09 6.9310E-09 1.2190E-08 1.6220E-08 3.3740E-08
 3.4680E-08 3.9610E-08 7.7410E-08 1.1570E-07 9.5080E-08 1.9510E-07 2.3730E-07
 4.6340E-07 3.9250E-07 5.7140E-07 4.9010E-07 6.2310E-07 5.7220E-07 6.7890E-07
 7.1090E-07 5.6790E-07 7.8670E-07 7.6090E-07 8.8240E-07 8.8570E-07 8.4440E-07
 8.3430E-07 9.5510E-07 9.4250E-07 9.1330E-07 8.2940E-07 1.0810E-06 9.9810E-07
 2.1280E-06 1.7540E-06 1.5140E-06 1.2860E-06 1.1100E-06 1.3600E-06 1.0890E-06
 8.5990E-07 9.0520E-07 7.0800E-07 5.8050E-07 5.2770E-07 6.1400E-07 6.0690E-07
 6.3440E-07 9.2380E-07 9.4990E-07 1.1440E-06 1.1320E-06 1.3640E-06 1.2720E-06
 1.1170E-06 9.9690E-07 8.3920E-07 6.8270E-07 5.5590E-07 4.3630E-07 3.5040E-07
 2.8450E-07 2.1140E-07 1.7140E-07 1.5520E-07 1.2990E-07 1.2220E-07 1.1820E-07
 1.0910E-07 9.6560E-08 9.0780E-08 7.9650E-08 7.9940E-08 7.3800E-08 7.7390E-08
 7.2570E-08 5.6560E-08 1.8530E-08 2.8390E-14 0.0000E+00 0.0000E+00 0.0000E+00
 0.0000E+00 0.0000E+00 0.0000E+00 0.0000E+00 0.0000E+00 0.0000E+00 0.0000E+00
 0.0000E+00 0.0000E+00 0.0000E+00 0.0000E+00 0.0000E+00 0.0000E+00 0.0000E+00
 0.0000E+00 0.0000E+00 0.0000E+00 0.0000E+00 0.0000E+00 0.0000E+00 0.0000E+00
   10   13   28   11    8    5    8    7   10   40



                         ==============================
                               STAYSL PNNL OUTPUT
                         ==============================

 STAYSL PNNL, version 1.2.0, 2015-08-05


 SCENARIO TITLE: 88_Run
 -------------------------------------------------------------------------------
  NGROUP =   140    NRXN =     9    ACTIVITY NORM = 1.00000E+00

  COVARIANCE PARAMETERS (FCHN, FCVX, ACVX, FS)
    FLUXES:      WIDTH =  9.0000E+00   LONG RANGE COVAR. =  3.0000E-02
            ACTIVITIES =  5.0000E-03   X-SECT CROSS COR. =  1.0000E-03

    DETERM =   3.5463 × 10^  -4.00      ERROR =  -7.4786E-17

  INPUT NORMALIZATION DATA
    AK1   =     0.00000     VAK        =     0.00090
    NORML =           0     RENORM     = 9.72837E-01
    CHI²  =    14.97588     NORM. CHI² =     1.87199

  DOSIMETRY ACTIVITIES
     ———— INPUTS —————  -UNADJUSTED FLUX-  — ADJUSTED FLUX —    CHI²  90% ACTIVITIES RANGE
 RXN  MEASURED     ±%   ACTIVITY    %DIFF  ACTIVITY    %DIFF  CONTRIB --LOW E-- --HIGH E--   REACTION          CVR
  1  4.170E-30    1.00  4.051E-30   -2.85  4.051E-30   -2.84    1.673  1.30E+01  2.80E+01  ZR90(N,2N)ZR89          
  2  2.430E-31    1.00  2.395E-31   -1.46  2.401E-31   -1.17    0.337  1.40E+01  3.00E+01  NI58(N,2N)NI57          
  3  8.480E-30    2.75  8.354E-30   -1.48  8.247E-30   -2.75    0.434  2.90E+00  1.40E+01  NI58(N,P)CO58           
  4  6.400E-30    1.00  6.412E-30    0.19  6.327E-30   -1.14   -0.059  1.00E+00  1.20E+01  IN115(N,N')IN115M       
  5  5.460E-30    1.00  5.231E-30   -4.20  5.159E-30   -5.52    4.603  1.50E-02  2.00E+00  IN115(N,G)IN116M        
  6  1.320E-29    1.00  1.330E-29    0.79  1.319E-29   -0.10   -0.038  9.00E+00  2.00E+01  AU197(N,2N)AU196        
  7  3.980E-30    1.00  4.111E-30    3.30  4.054E-30    1.86    5.324  2.80E-04  1.80E+00  AU197(N,G)AU198         
  8  9.960E-31    1.00  1.023E-30    2.66  1.011E-30    1.47    0.501  5.50E+00  1.70E+01  AL27(N,P)MG27           
  9  9.000E-31    1.50  9.257E-31    2.85  9.157E-31    1.75    2.200  7.40E+00  1.70E+01  AL27(N,A)NA24           

             % STD. DEV.  =          2.67               2.68

  DIFFERENTIAL FLUXES (input is normalized by a factor of 9.7284E-01)
                  —————— DIFFERENTIAL FLUX —————   ———— STD. DEV. % ————   INTEGRAL
 GRP    ENERGY        NEW         OLD      RATIO    NEW     OLD    RATIO   FLUX > E     ± %
  13  1.2750E-06  2.6747E-08  2.8158E-08   0.950   37.08   37.28   0.994  4.4275E-05    0.78
  14  1.9000E-06  2.0285E-08  2.2127E-08   0.917   64.23   64.46   0.996  4.4275E-05    0.78
  15  2.8000E-06  1.2863E-08  1.3935E-08   0.923   54.00   54.24   0.996  4.4275E-05    0.78
  16  4.2500E-06  6.8292E-07  7.4078E-07   0.922   51.74   52.00   0.995  4.4275E-05    0.78
  17  6.3000E-06  2.1869E-05  2.3009E-05   0.950   27.57   27.85   0.990  4.4275E-05    0.78
  18  9.2000E-06  2.1556E-04  2.1963E-04   0.981    3.71    4.74   0.782  4.4275E-05    0.78
  19  1.3500E-05  1.6153E-04  1.6421E-04   0.984    2.11    3.60   0.587  4.4274E-05    0.78
  20  2.1000E-05  1.1410E-04  1.1598E-04   0.984    2.02    3.55   0.569  4.4273E-05    0.78
  21  3.0000E-05  8.3264E-05  8.4572E-05   0.985    1.55    3.29   0.471  4.4271E-05    0.78
  22  4.5000E-05  6.0519E-05  6.1451E-05   0.985    1.39    3.21   0.432  4.4270E-05    0.78
  23  6.9000E-05  4.1387E-05  4.2020E-05   0.985    1.38    3.21   0.429  4.4269E-05    0.78
  24  1.0000E-04  3.0996E-05  3.1464E-05   0.985    1.30    3.17   0.410  4.4268E-05    0.78
  25  1.3500E-04  2.3850E-05  2.4210E-05   0.985    1.32    3.18   0.414  4.4266E-05    0.78
  26  1.7000E-04  2.1395E-05  2.1714E-05   0.985    1.24    3.14   0.395  4.4266E-05    0.78
  27  2.2000E-04  1.6600E-05  1.6846E-05   0.985    1.24    3.14   0.394  4.4265E-05    0.78
  28  2.8000E-04  1.4380E-05  1.4593E-05   0.985    1.26    3.15   0.400  4.4264E-05    0.78
  29  3.6000E-04  1.1814E-05  1.1988E-05   0.986    1.24    3.14   0.396  4.4262E-05    0.78
  30  4.5000E-04  9.9800E-06  1.0125E-05   0.986    1.21    3.13   0.386  4.4261E-05    0.78
  31  5.7500E-04  9.4549E-06  9.5916E-06   0.986    1.18    3.12   0.379  4.4260E-05    0.78
  32  7.6000E-04  5.8408E-06  5.9246E-06   0.986    1.11    3.09   0.360  4.4258E-05    0.78
  33  9.6000E-04  6.1420E-06  6.2292E-06   0.986    1.02    3.05   0.334  4.4257E-05    0.78
  34  1.2750E-03  5.7439E-06  5.8251E-06   0.986    0.98    3.04   0.322  4.4255E-05    0.78
  35  1.6000E-03  5.8638E-06  5.9465E-06   0.986    0.97    3.04   0.321  4.4253E-05    0.78
  36  2.0000E-03  5.1929E-06  5.2658E-06   0.986    0.95    3.03   0.312  4.4251E-05    0.78
  37  2.7000E-03  5.3822E-06  5.4576E-06   0.986    0.92    3.02   0.304  4.4247E-05    0.78
  38  3.4000E-03  6.1403E-06  6.2262E-06   0.986    0.90    3.02   0.300  4.4244E-05    0.78
  39  4.5000E-03  6.6498E-06  6.7427E-06   0.986    0.90    3.01   0.298  4.4237E-05    0.78
  40  5.5000E-03  6.8798E-06  6.9758E-06   0.986    0.89    3.01   0.296  4.4230E-05    0.78
  41  7.2000E-03  7.7811E-06  7.8897E-06   0.986    0.89    3.01   0.295  4.4218E-05    0.78
  42  9.2000E-03  1.1561E-05  1.1723E-05   0.986    0.88    3.01   0.294  4.4203E-05    0.78
  43  1.2000E-02  1.1091E-05  1.1246E-05   0.986    0.88    3.01   0.292  4.4171E-05    0.78
  44  1.5000E-02  9.5010E-06  9.6335E-06   0.986    0.88    3.01   0.292  4.4137E-05    0.78
  45  1.9000E-02  1.1426E-05  1.1586E-05   0.986    0.88    3.01   0.291  4.4099E-05    0.78
  46  2.5500E-02  1.7078E-05  1.7317E-05   0.986    0.87    3.01   0.291  4.4025E-05    0.78
  47  3.2000E-02  1.1403E-05  1.1562E-05   0.986    0.87    3.01   0.290  4.3914E-05    0.78
  48  4.0000E-02  1.4975E-05  1.5184E-05   0.986    0.87    3.01   0.290  4.3823E-05    0.78
  49  5.2500E-02  1.6864E-05  1.7100E-05   0.986    0.87    3.01   0.290  4.3636E-05    0.78
  50  6.6000E-02  2.0209E-05  2.0491E-05   0.986    0.87    3.01   0.289  4.3408E-05    0.78
  51  8.8000E-02  1.7117E-05  1.7356E-05   0.986    0.87    3.01   0.289  4.2963E-05    0.78
  52  1.1000E-01  2.1928E-05  2.2235E-05   0.986    0.87    3.01   0.289  4.2587E-05    0.78
  53  1.3500E-01  1.8808E-05  1.9072E-05   0.986    0.87    3.01   0.289  4.2039E-05    0.78
  54  1.6000E-01  1.9927E-05  2.0206E-05   0.986    0.87    3.01   0.289  4.1568E-05    0.78
  55  1.9000E-01  1.8299E-05  1.8555E-05   0.986    0.87    3.01   0.289  4.0971E-05    0.78
  56  2.2000E-01  1.8610E-05  1.8870E-05   0.986    0.87    3.01   0.289  4.0422E-05    0.77
  57  2.5500E-01  1.9487E-05  1.9760E-05   0.986    0.87    3.01   0.289  3.9770E-05    0.77
  58  2.9000E-01  1.8162E-05  1.8416E-05   0.986    0.87    3.01   0.289  3.9088E-05    0.77
  59  3.2000E-01  1.8869E-05  1.9133E-05   0.986    0.87    3.01   0.289  3.8543E-05    0.77
  60  3.6000E-01  1.8251E-05  1.8506E-05   0.986    0.87    3.01   0.289  3.7789E-05    0.77
  61  4.0000E-01  1.6932E-05  1.7169E-05   0.986    0.87    3.01   0.289  3.7059E-05    0.77
  62  4.5000E-01  1.6996E-05  1.7233E-05   0.986    0.87    3.01   0.289  3.6212E-05    0.77
  63  5.0000E-01  1.6203E-05  1.6429E-05   0.986    0.87    3.01   0.289  3.5362E-05    0.77
  64  5.5000E-01  1.6010E-05  1.6233E-05   0.986    0.87    3.01   0.289  3.4552E-05    0.77
  65  6.0000E-01  1.5274E-05  1.5486E-05   0.986    0.87    3.01   0.289  3.3752E-05    0.77
  66  6.6000E-01  1.5072E-05  1.5282E-05   0.986    0.87    3.01   0.289  3.2835E-05    0.77
  67  7.2000E-01  1.4606E-05  1.4808E-05   0.986    0.87    3.01   0.289  3.1931E-05    0.77
  68  7.8000E-01  1.3264E-05  1.3448E-05   0.986    0.87    3.01   0.289  3.1054E-05    0.77
  69  8.4000E-01  1.2966E-05  1.3145E-05   0.986    0.87    3.01   0.289  3.0259E-05    0.77
  70  9.2000E-01  1.1972E-05  1.2137E-05   0.986    0.87    3.01   0.289  2.9221E-05    0.77
  71  1.0000E+00  1.0210E-05  1.0351E-05   0.986    0.87    3.01   0.289  2.8264E-05    0.77
  72  1.2000E+00  8.4159E-06  8.5318E-06   0.986    0.87    3.01   0.289  2.6221E-05    0.77
  73  1.4000E+00  7.2645E-06  7.3644E-06   0.986    0.87    3.01   0.289  2.4538E-05    0.77
  74  1.6000E+00  6.1706E-06  6.2553E-06   0.986    0.87    3.01   0.289  2.3085E-05    0.77
  75  1.8000E+00  5.3261E-06  5.3992E-06   0.986    0.87    3.01   0.289  2.1851E-05    0.77
  76  2.0000E+00  4.3505E-06  4.4102E-06   0.986    0.87    3.01   0.289  2.0786E-05    0.77
  77  2.3000E+00  3.4836E-06  3.5314E-06   0.986    0.87    3.01   0.290  1.9481E-05    0.78
  78  2.6000E+00  2.7507E-06  2.7885E-06   0.986    0.88    3.01   0.291  1.8436E-05    0.78
  79  2.9000E+00  2.1717E-06  2.2015E-06   0.986    0.88    3.02   0.292  1.7611E-05    0.78
  80  3.3000E+00  1.6986E-06  1.7219E-06   0.986    0.88    3.02   0.293  1.6742E-05    0.79
  81  3.7000E+00  1.3926E-06  1.4118E-06   0.986    0.89    3.02   0.295  1.6063E-05    0.79
  82  4.1000E+00  1.2659E-06  1.2834E-06   0.986    0.91    3.03   0.298  1.5505E-05    0.80
  83  4.5000E+00  1.1782E-06  1.1946E-06   0.986    0.92    3.05   0.303  1.4999E-05    0.80
  84  5.0000E+00  1.1644E-06  1.1808E-06   0.986    0.95    3.06   0.310  1.4410E-05    0.81
  85  5.5000E+00  1.2170E-06  1.2343E-06   0.986    0.98    3.09   0.317  1.3828E-05    0.81
  86  6.0000E+00  1.2657E-06  1.2839E-06   0.986    0.97    3.09   0.314  1.3219E-05    0.81
  87  6.7000E+00  1.3014E-06  1.3201E-06   0.986    0.96    3.10   0.310  1.2333E-05    0.82
  88  7.4000E+00  1.3714E-06  1.3912E-06   0.986    0.96    3.12   0.308  1.1422E-05    0.82
  89  8.2000E+00  1.3572E-06  1.3766E-06   0.986    0.95    3.13   0.303  1.0325E-05    0.83
  90  9.0000E+00  1.3087E-06  1.3270E-06   0.986    0.92    3.13   0.294  9.2395E-06    0.85
  91  1.0000E+01  1.2210E-06  1.2374E-06   0.987    0.90    3.14   0.287  7.9308E-06    0.88
  92  1.1000E+01  1.0729E-06  1.0867E-06   0.987    0.91    3.16   0.286  6.7098E-06    0.93
  93  1.2000E+01  9.5843E-07  9.6982E-07   0.988    0.91    3.19   0.287  5.6369E-06    0.99
  94  1.3000E+01  8.0774E-07  8.1641E-07   0.989    0.93    3.21   0.290  4.6785E-06    1.09
  95  1.4000E+01  6.5805E-07  6.6416E-07   0.991    0.96    3.25   0.297  3.8707E-06    1.21
  96  1.5000E+01  5.3677E-07  5.4080E-07   0.993    1.02    3.29   0.309  3.2127E-06    1.36
  97  1.6000E+01  4.2218E-07  4.2445E-07   0.995    1.10    3.35   0.327  2.6759E-06    1.55
  98  1.7000E+01  3.3985E-07  3.4088E-07   0.997    1.19    3.41   0.348  2.2537E-06    1.75
  99  1.8000E+01  2.7665E-07  2.7677E-07   1.000    1.30    3.50   0.373  1.9139E-06    1.97
 100  1.9000E+01  2.0626E-07  2.0566E-07   1.003    1.49    3.64   0.409  1.6372E-06    2.21
 101  2.0000E+01  1.6786E-07  1.6674E-07   1.007    1.71    3.81   0.449  1.4309E-06    2.43
 102  2.1000E+01  1.5247E-07  1.5098E-07   1.010    1.92    3.97   0.484  1.2631E-06    2.63
 103  2.2000E+01  1.2796E-07  1.2637E-07   1.013    2.13    4.12   0.517  1.1106E-06    2.85
 104  2.3000E+01  1.2064E-07  1.1888E-07   1.015    2.35    4.28   0.550  9.8267E-07    3.05
 105  2.4000E+01  1.1683E-07  1.1499E-07   1.016    2.55    4.40   0.579  8.6203E-07    3.26
 106  2.5000E+01  1.0790E-07  1.0614E-07   1.017    2.75    4.52   0.608  7.4520E-07    3.49
 107  2.6000E+01  9.5556E-08  9.3937E-08   1.017    3.01    4.69   0.643  6.3730E-07    3.73
 108  2.7000E+01  8.9831E-08  8.8314E-08   1.017    3.28    4.85   0.675  5.4174E-07    3.96
 109  2.8000E+01  7.8784E-08  7.7486E-08   1.017    3.56    5.03   0.708  4.5191E-07    4.19
 110  2.9000E+01  7.9003E-08  7.7769E-08   1.016    3.87    5.23   0.739  3.7313E-07    4.40
 111  3.0000E+01  7.2816E-08  7.1795E-08   1.014    4.12    5.38   0.766  2.9413E-07    4.62
 112  3.1000E+01  7.6177E-08  7.5288E-08   1.012    4.30    5.47   0.787  2.2131E-07    4.85
 113  3.2000E+01  7.1279E-08  7.0599E-08   1.010    4.54    5.62   0.808  1.4513E-07    5.19
 114  3.3000E+01  5.5537E-08  5.5024E-08   1.009    5.22    6.18   0.845  7.3853E-08    5.87
 115  3.4000E+01  1.8316E-08  1.8027E-08   1.016    7.92    8.68   0.913  1.8316E-08    7.92
 116  3.5000E+01  3.0809E-14  2.7619E-14   1.116   41.06   42.04   0.977  3.0809E-14   41.06
      3.6000E+01

  INTEGRALS OF SPECTRA
    OLD SPECTRUM   4.4825E-05   ±    3.017 %
    NEW SPECTRUM   4.4275E-05   ±    0.778 %

  SUMMARY OF BROAD-GROUP FLUXES, FLUENCES, AND UNCERTAINTIES

    IRRAD TIME [S] = 1.00000000E+00   ACT NORM =  1.00000000E+00

       ENERGY       FLUX       FLUENCE      STDEV %
      thermal    0.0000E+00  0.0000E+00  ±   0.00     (0.100 meV – 0.550  eV)
     epithermal  1.6880E-06  1.6880E-06  ±   0.87     (0.550  eV – 110.0 keV)
        fast     4.2587E-05  4.2587E-05  ±   0.76     (110.0 keV –  20.0 MeV)
        fast     2.8264E-05  2.8264E-05  ±   0.74     (  1.0 MeV –  20.0 MeV)
        high     1.4309E-06  1.4309E-06  ±   2.43     ( 20.0 MeV –  60.0 MeV)

    MINI-SPECTRUM

       ENERGY       FLUX       FLUENCE      STDEV %
     1.0000E-10  0.0000E+00  0.0000E+00  ±   0.00
     5.5000E-07  7.2146E-09  7.2146E-09  ±   2.04
     1.0000E-04  1.6807E-06  1.6807E-06  ±   0.87
     1.1000E-01  7.2246E-06  7.2246E-06  ±   0.86
     5.0000E-01  7.0987E-06  7.0987E-06  ±   0.87
     1.0000E+00  7.4774E-06  7.4774E-06  ±   0.87
     2.0000E+00  6.3760E-06  6.3760E-06  ±   0.87
     5.0000E+00  6.4793E-06  6.4793E-06  ±   0.93
     1.0000E+01  6.4999E-06  6.4999E-06  ±   0.88
     2.0000E+01  1.4309E-06  1.4309E-06  ±   2.43
     6.0000E+01

       TOTAL     4.4275E-05  4.4275E-05  ±   0.78

    RELATIVE COVARIANCES (10×10)
        0     0     0     0     0     0     0     0     0     0
     1000   352   349   349   347   338   254   202    67
     1000   977   955   948   920   676   517   166
     1000   976   955   923   678   518   167
     1000   983   935   677   517   167
     1000   966   687   514   166
     1000   774   517   160
     1000   686    70
     1000    93
     1000

  SPECTRAL-AVERAGED REACTION RATES (for all cross section library reactions)

        REACTIONS        SIG-PHI      <SIG>          REACTIONS        SIG-PHI      <SIG>          REACTIONS        SIG-PHI      <SIG>  
   ------------------  ----------  ----------   ------------------  ----------  ----------   ------------------  ----------  ----------
   LI6(N,A)T           1.6168E-29  3.6517E-25   FE58(N,G)FE59       1.1109E-31  2.5091E-27   IN115(N,N')IN115M   6.3272E-30  1.4291E-25
   B10(N,A)LI7         2.2783E-29  5.1459E-25   CO59(N,2N)CO58      3.6461E-30  8.2352E-26   IN115(N,2N)IN114M   7.5240E-30  1.6994E-25
   F19(N,2N)F18        2.7096E-31  6.1199E-27   CO59(N,3N)CO57      2.5028E-31  5.6528E-27   IN115(N,G)IN116M    5.1586E-30  1.1651E-25
   NA23(N,2N)NA22      2.9692E-31  6.7062E-27   CO59(N,G)CO60       4.6668E-31  1.0541E-26   I127(N,2N)I126      8.4135E-30  1.9003E-25
   NA23(N,G)NA24       1.5066E-32  3.4027E-28   CO59(N,P)FE59       5.0789E-31  1.1471E-26   LA139(N,G)LA140     3.0091E-31  6.7964E-27
   MG24(N,P)NA24       1.5545E-30  3.5111E-26   CO59(N,A)MN56       2.0917E-31  4.7243E-27   PR141(N,2N)PR140    9.4503E-30  2.1345E-25
   AL27(N,P)MG27       1.0107E-30  2.2827E-26   NI58(N,2N)NI57      2.4015E-31  5.4241E-27   TM169(N,2N)TM168    1.3222E-29  2.9863E-25
   AL27(N,A)NA24       9.1575E-31  2.0683E-26   NI58(N,P)CO58       8.2471E-30  1.8627E-25   TM169(N,3N)TM167    2.3849E-30  5.3865E-26
   SI28(N,P)AL28       2.7206E-30  6.1447E-26   NI60(N,P)CO60       1.2544E-30  2.8332E-26   TA181(N,G)TA182     4.9327E-30  1.1141E-25
   P31(N,P)SI31        2.1529E-30  4.8626E-26   CU63(N,2N)CU62      2.6728E-30  6.0368E-26   W186(N,G)W187       2.8386E-30  6.4113E-26
   S32(N,P)P32         5.0178E-30  1.1333E-25   CU63(N,G)CU64       5.1470E-31  1.1625E-26   AU197(N,2N)AU196    1.3187E-29  2.9785E-25
   TI46(N,2N)TI45      5.8871E-31  1.3297E-26   CU63(N,A)CO60       3.5930E-31  8.1153E-27   AU197(N,G)AU198     4.0542E-30  9.1569E-26
   TI46(N,P)SC46       3.1201E-30  7.0471E-26   CU65(N,2N)CU64      4.6509E-30  1.0505E-25   HG199(N,N')HG199M   1.1369E-29  2.5679E-25
   TI47(N,P)SC47       1.7472E-30  3.9464E-26   ZN64(N,P)CU64       3.2817E-30  7.4122E-26   PB204(N,N')PB204M   2.3156E-30  5.2300E-26
   TI47(N,X)SC46       6.7365E-31  1.5215E-26   ZN67(N,P)CU67       3.0869E-31  6.9721E-27   BI209(N,3N)BI207    2.8012E-30  6.3268E-26
   TI48(N,P)SC48       4.4154E-31  9.9728E-27   AS75(N,2N)AS74      5.0969E-30  1.1512E-25   TH232(N,FISSION)    6.5345E-30  1.4759E-25
   TI48(N,X)SC47       3.5957E-31  8.1213E-27   Y89(N,2N)Y88        4.7260E-30  1.0674E-25   TH232(N,G)TH233     4.2383E-30  9.5727E-26
   TI49(N,X)SC48       2.2973E-31  5.1888E-27   ZR90(N,2N)ZR89      4.0515E-30  9.1507E-26   U235(N,FISSION)     6.3180E-29  1.4270E-24
   V51(N,A)SC48        1.0136E-31  2.2892E-27   NB93(N,G)NB94       1.3416E-30  3.0301E-26   U235(N,G)U236       4.8236E-30  1.0895E-25
   CR52(N,2N)CR51      2.1031E-30  4.7501E-26   NB93(N,N')NB93M     4.7175E-30  1.0655E-25   U238(N,2N)U237      1.2086E-29  2.7298E-25
   MN55(N,2N)MN54      3.7755E-30  8.5275E-26   NB93(N,2N)NB92M     2.6981E-30  6.0940E-26   U238(N,FISSION)     2.0467E-29  4.6228E-25
   MN55(N,G)MN56       1.8700E-31  4.2237E-27   MO92(N,P)NB92M      1.1897E-30  2.6871E-26   U238(N,G)U239       3.5042E-30  7.9146E-26
   FE54(N,2N)FE53      2.2209E-31  5.0162E-27   RH103(N,N')RH103M   2.6686E-29  6.0273E-25   NP237(N,FISSION)    6.0023E-29  1.3557E-24
   FE54(N,P)MN54       6.7243E-30  1.5188E-25   AG109(N,G)AG110M    4.7098E-31  1.0638E-26   PU239(N,FISSION)    8.3750E-29  1.8916E-24
   FE54(N,A)CR51       6.9032E-31  1.5592E-26   IN113(N,N')IN113M   5.1961E-30  1.1736E-25   AM241(N,FISSION)    6.2619E-29  1.4143E-24
   FE56(N,P)MN56       9.0169E-31  2.0366E-26   IN113(N,G)IN114M    7.1035E-30  1.6044E-25   SC45(N,G)SC46       2.9536E-31  6.6712E-27

  INPUT FLUX REL. CORRELATION MATRIX (by row from diagonal)
   1   1000  1000  1000  1000  1000  1000  1000  1000  1000  1000  1000  1000    80    47    55    58   108   633   833   846
        912   934   936   946   944   954   955   952   955   960   963   971   982   987   987   990   993   995   995   996
        996   997   997   997   998   998   998   998   998   998   998   998   998   998   998   998   998   998   998   998
        998   998   998   998   998   998   998   998   998   998   998   998   997   997   997   997   997   996   995   994
        992   989   985   979   972   969   967   962   958   957   955   948   941   934   924   912   896   879   858   825
        787   756   728   701   682   664   640   618   596   574   557   549   534   486   346    71    81  1000  1000  1000
       1000  1000  1000  1000  1000  1000  1000  1000  1000  1000  1000  1000  1000  1000  1000  1000  1000  1000  1000  1000

  OUTPUT FLUX REL. CORRELATION MATRIX (by row from diagonal)
   1   1000  1000  1000  1000  1000  1000  1000  1000  1000  1000  1000  1000   -23   -38   -40   -43   -31   167   344   364
        498   567   576   615   611   655   659   650   662   686   704   752   826   863   868   896   927   940   947   953
        958   963   968   970   971   972   972   972   973   973   973   973   973   973   973   973   973   973   973   973
        973   973   973   973   973   973   973   973   973   972   972   972   969   968   966   965   960   951   940   928
        911   879   839   787   727   706   686   651   625   622   614   572   534   495   452   403   349   307   268   214
        171   152   142   137   140   143   140   138   136   133   133   136   135   119    71    -9    -1  1000  1000  1000
       1000  1000  1000  1000  1000  1000  1000  1000  1000  1000  1000  1000  1000  1000  1000  1000  1000  1000  1000  1000
   2   1000  1000  1000  1000  1000  1000  1000  1000  1000  1000  1000   -23   -38   -40   -43   -31   167   344   364   498
        567   576   615   611   655   659   650   662   686   704   752   826   863   868   896   927   940   947   953   958
        963   968   970   971   972   972   972   973   973   973   973   973   973   973   973   973   973   973   973   973
        973   973   973   973   973   973   973   973   972   972   972   969   968   966   965   960   951   940   928   911
        879   839   787   727   706   686   651   625   622   614   572   534   495   452   403   349   307   268   214   171
        152   142   137   140   143   140   138   136   133   133   136   135   119    71    -9    -1  1000  1000  1000  1000
       1000  1000  1000  1000  1000  1000  1000  1000  1000  1000  1000  1000  1000  1000  1000  1000  1000  1000  1000
   3   1000  1000  1000  1000  1000  1000  1000  1000  1000  1000   -23   -38   -40   -43   -31   167   344   364   498   567
        576   615   611   655   659   650   662   686   704   752   826   863   868   896   927   940   947   953   958   963
        968   970   971   972   972   972   973   973   973   973   973   973   973   973   973   973   973   973   973   973
        973   973   973   973   973   973   973   972   972   972   969   968   966   965   960   951   940   928   911   879
        839   787   727   706   686   651   625   622   614   572   534   495   452   403   349   307   268   214   171   152
        142   137   140   143   140   138   136   133   133   136   135   119    71    -9    -1  1000  1000  1000  1000  1000
       1000  1000  1000  1000  1000  1000  1000  1000  1000  1000  1000  1000  1000  1000  1000  1000  1000  1000
   4   1000  1000  1000  1000  1000  1000  1000  1000  1000   -23   -38   -40   -43   -31   167   344   364   498   567   576
        615   611   655   659   650   662   686   704   752   826   863   868   896   927   940   947   953   958   963   968
        970   971   972   972   972   973   973   973   973   973   973   973   973   973   973   973   973   973   973   973
        973   973   973   973   973   973   972   972   972   969   968   966   965   960   951   940   928   911   879   839
        787   727   706   686   651   625   622   614   572   534   495   452   403   349   307   268   214   171   152   142
        137   140   143   140   138   136   133   133   136   135   119    71    -9    -1  1000  1000  1000  1000  1000  1000
       1000  1000  1000  1000  1000  1000  1000  1000  1000  1000  1000  1000  1000  1000  1000  1000  1000
   5   1000  1000  1000  1000  1000  1000  1000  1000   -23   -38   -40   -43   -31   167   344   364   498   567   576   615
        611   655   659   650   662   686   704   752   826   863   868   896   927   940   947   953   958   963   968   970
        971   972   972   972   973   973   973   973   973   973   973   973   973   973   973   973   973   973   973   973
        973   973   973   973   973   972   972   972   969   968   966   965   960   951   940   928   911   879   839   787
        727   706   686   651   625   622   614   572   534   495   452   403   349   307   268   214   171   152   142   137
        140   143   140   138   136   133   133   136   135   119    71    -9    -1  1000  1000  1000  1000  1000  1000  1000
       1000  1000  1000  1000  1000  1000  1000  1000  1000  1000  1000  1000  1000  1000  1000  1000
   6   1000  1000  1000  1000  1000  1000  1000   -23   -38   -40   -43   -31   167   344   364   498   567   576   615   611
        655   659   650   662   686   704   752   826   863   868   896   927   940   947   953   958   963   968   970   971
        972   972   972   973   973   973   973   973   973   973   973   973   973   973   973   973   973   973   973   973
        973   973   973   973   972   972   972   969   968   966   965   960   951   940   928   911   879   839   787   727
        706   686   651   625   622   614   572   534   495   452   403   349   307   268   214   171   152   142   137   140
        143   140   138   136   133   133   136   135   119    71    -9    -1  1000  1000  1000  1000  1000  1000  1000  1000
       1000  1000  1000  1000  1000  1000  1000  1000  1000  1000  1000  1000  1000  1000  1000
   7   1000  1000  1000  1000  1000  1000   -23   -38   -40   -43   -31   167   344   364   498   567   576   615   611   655
        659   650   662   686   704   752   826   863   868   896   927   940   947   953   958   963   968   970   971   972
        972   972   973   973   973   973   973   973   973   973   973   973   973   973   973   973   973   973   973   973
        973   973   973   972   972   972   969   968   966   965   960   951   940   928   911   879   839   787   727   706
        686   651   625   622   614   572   534   495   452   403   349   307   268   214   171   152   142   137   140   143
        140   138   136   133   133   136   135   119    71    -9    -1  1000  1000  1000  1000  1000  1000  1000  1000  1000
       1000  1000  1000  1000  1000  1000  1000  1000  1000  1000  1000  1000  1000  1000
   8   1000  1000  1000  1000  1000   -23   -38   -40   -43   -31   167   344   364   498   567   576   615   611   655   659
        650   662   686   704   752   826   863   868   896   927   940   947   953   958   963   968   970   971   972   972
        972   973   973   973   973   973   973   973   973   973   973   973   973   973   973   973   973   973   973   973
        973   973   972   972   972   969   968   966   965   960   951   940   928   911   879   839   787   727   706   686
        651   625   622   614   572   534   495   452   403   349   307   268   214   171   152   142   137   140   143   140
        138   136   133   133   136   135   119    71    -9    -1  1000  1000  1000  1000  1000  1000  1000  1000  1000  1000
       1000  1000  1000  1000  1000  1000  1000  1000  1000  1000  1000  1000  1000
   9   1000  1000  1000  1000   -23   -38   -40   -43   -31   167   344   364   498   567   576   615   611   655   659   650
        662   686   704   752   826   863   868   896   927   940   947   953   958   963   968   970   971   972   972   972
        973   973   973   973   973   973   973   973   973   973   973   973   973   973   973   973   973   973   973   973
        973   972   972   972   969   968   966   965   960   951   940   928   911   879   839   787   727   706   686   651
        625   622   614   572   534   495   452   403   349   307   268   214   171   152   142   137   140   143   140   138
        136   133   133   136   135   119    71    -9    -1  1000  1000  1000  1000  1000  1000  1000  1000  1000  1000  1000
       1000  1000  1000  1000  1000  1000  1000  1000  1000  1000  1000  1000
  10   1000  1000  1000   -23   -38   -40   -43   -31   167   344   364   498   567   576   615   611   655   659   650   662
        686   704   752   826   863   868   896   927   940   947   953   958   963   968   970   971   972   972   972   973
        973   973   973   973   973   973   973   973   973   973   973   973   973   973   973   973   973   973   973   973
        972   972   972   969   968   966   965   960   951   940   928   911   879   839   787   727   706   686   651   625
        622   614   572   534   495   452   403   349   307   268   214   171   152   142   137   140   143   140   138   136
        133   133   136   135   119    71    -9    -1  1000  1000  1000  1000  1000  1000  1000  1000  1000  1000  1000  1000
       1000  1000  1000  1000  1000  1000  1000  1000  1000  1000  1000
  11   1000  1000   -23   -38   -40   -43   -31   167   344   364   498   567   576   615   611   655   659   650   662   686
        704   752   826   863   868   896   927   940   947   953   958   963   968   970   971   972   972   972   973   973
        973   973   973   973   973   973   973   973   973   973   973   973   973   973   973   973   973   973   973   972
        972   972   969   968   966   965   960   951   940   928   911   879   839   787   727   706   686   651   625   622
        614   572   534   495   452   403   349   307   268   214   171   152   142   137   140   143   140   138   136   133
        133   136   135   119    71    -9    -1  1000  1000  1000  1000  1000  1000  1000  1000  1000  1000  1000  1000  1000
       1000  1000  1000  1000  1000  1000  1000  1000  1000  1000
  12   1000   -23   -38   -40   -43   -31   167   344   364   498   567   576   615   611   655   659   650   662   686   704
        752   826   863   868   896   927   940   947   953   958   963   968   970   971   972   972   972   973   973   973
        973   973   973   973   973   973   973   973   973   973   973   973   973   973   973   973   973   973   972   972
        972   969   968   966   965   960   951   940   928   911   879   839   787   727   706   686   651   625   622   614
        572   534   495   452   403   349   307   268   214   171   152   142   137   140   143   140   138   136   133   133
        136   135   119    71    -9    -1  1000  1000  1000  1000  1000  1000  1000  1000  1000  1000  1000  1000  1000  1000
       1000  1000  1000  1000  1000  1000  1000  1000  1000
  13   1000   988   952   894   820   718   591   497   378   286   220   158   115    74    47    28    13     1    -6   -12
        -17   -19   -20   -21   -22   -23   -23   -23   -23   -23   -23   -23   -24   -24   -24   -24   -24   -24   -24   -24
        -24   -24   -24   -24   -24   -24   -24   -24   -24   -24   -24   -24   -24   -24   -24   -24   -24   -24   -24   -24
        -23   -23   -23   -23   -23   -23   -22   -22   -21   -20   -18   -16   -14   -13   -11   -10    -8    -7    -6    -4
         -3    -1     0     1     2     2     3     4     4     4     3     2     1     1     0     0     0     0     0    -1
         -1    -1     0     1     1   -23   -23   -23   -23   -23   -23   -23   -23   -23   -23   -23   -23   -23   -23   -23
        -23   -23   -23   -23   -23   -23   -23   -23
  14   1000   988   952   894   801   674   580   451   348   274   201   150    98    64    39    18     1    -9   -19   -27
        -31   -32   -34   -36   -36   -37   -37   -37   -37   -38   -38   -38   -38   -38   -38   -38   -38   -38   -38   -39
        -39   -39   -39   -39   -39   -39   -39   -39   -39   -39   -38   -38   -38   -38   -38   -38   -38   -38   -38   -38
        -38   -38   -37   -37   -37   -36   -35   -34   -33   -30   -28   -24   -23   -21   -19   -17   -16   -15   -12   -10
         -7    -5    -3    -1     0     0     1     2     2     2     1     0     0     0    -1    -1    -2    -2    -3    -3
         -2    -1     1     1   -38   -38   -38   -38   -38   -38   -38   -38   -38   -38   -38   -38   -38   -38   -38   -38
        -38   -38   -38   -38   -38   -38   -38
  15   1000   988   951   874   754   666   532   423   344   261   201   139    96    64    36    14     0   -14   -24   -30
        -32   -35   -37   -38   -38   -39   -39   -39   -40   -40   -40   -40   -40   -40   -40   -40   -40   -40   -40   -41
        -41   -41   -41   -41   -41   -41   -40   -40   -40   -40   -40   -40   -40   -40   -40   -40   -40   -40   -40   -40
        -39   -39   -39   -38   -38   -37   -36   -34   -32   -29   -26   -24   -22   -19   -17   -16   -15   -12   -10    -7
         -5    -3    -1     0     0     2     3     2     2     1     0     0     0    -1    -1    -2    -2    -3    -3    -3
         -1     1     1   -40   -40   -40   -40   -40   -40   -40   -40   -40   -40   -40   -40   -40   -40   -40   -40   -40
        -40   -40   -40   -40   -40   -40
  16   1000   988   930   823   746   612   500   418   327   261   187   136    96    61    32    10    -6   -21   -29   -33
        -36   -39   -40   -41   -41   -42   -42   -42   -42   -43   -43   -43   -43   -43   -43   -43   -43   -43   -43   -43
        -43   -43   -43   -43   -43   -43   -43   -43   -43   -43   -43   -43   -43   -43   -43   -43   -43   -43   -42   -42
        -42   -42   -41   -40   -40   -39   -37   -34   -31   -27   -26   -24   -21   -19   -17   -16   -13   -10    -8    -6
         -3    -1     0     0     2     3     3     2     1     0     0    -1    -1    -2    -2    -2    -3    -3    -3    -1
          1     1   -43   -43   -43   -43   -43   -43   -43   -43   -43   -43   -43   -43   -43   -43   -43   -43   -43   -43
        -43   -43   -43   -43   -43
  17   1000   968   882   820   694   585   503   408   336   254   194   146   102    65    38    14    -3   -14   -19   -24
        -27   -29   -29   -30   -30   -31   -31   -31   -31   -31   -31   -31   -32   -32   -32   -32   -32   -32   -32   -32
        -32   -32   -32   -32   -32   -32   -32   -32   -32   -32   -32   -32   -32   -31   -31   -31   -31   -31   -31   -31
        -30   -30   -29   -29   -28   -26   -24   -22   -19   -17   -15   -13   -11   -10    -8    -6    -4    -2     0     1
          3     3     4     5     5     5     4     3     2     1     0     0     0     0    -1    -1    -1    -1     0     1
          1   -31   -31   -31   -31   -31   -31   -31   -31   -31   -31   -31   -31   -31   -31   -31   -31   -31   -31   -31
        -31   -31   -31   -31
  18   1000   972   934   847   760   687   599   526   445   380   324   274   233   202   181   171   164   158   157   158
        159   159   159   160   160   161   161   161   162   161   161   161   161   161   161   161   161   161   161   161
        161   161   161   161   161   161   161   161   161   161   161   161   161   161   161   161   161   161   161   160
        159   157   155   153   148   142   134   125   123   120   116   113   113   113   107   102    96    89    81    72
         65    57    48    39    35    32    30    30    30    28    27    26    25    25    25    24    22    13     0     1
        167   167   167   167   167   167   167   167   167   167   167   167   167   167   167   167   167   167   167   167
        167   167   167
  19   1000   989   946   887   827   754   685   611   545   484   430   387   353   333   330   325   317   319   324   326
        327   328   330   331   333   333   333   334   333   333   334   334   334   333   333   333   333   333   333   333
        333   333   333   333   333   333   334   334   334   334   334   333   333   333   333   332   332   331   330   327
        323   320   314   304   290   273   254   248   242   231   223   223   221   208   196   183   169   152   133   119
        104    85    69    62    57    54    54    55    53    52    50    49    48    49    48    43    26    -1     0   344
        344   344   344   344   344   344   344   344   344   344   344   344   344   344   344   344   344   344   344   344
        344   344
  20   1000   979   936   891   826   763   688   621   556   496   445   403   376   364   355   344   343   346   347   347
        348   349   350   352   352   353   353   353   353   353   353   353   353   353   353   353   353   353   353   353
        353   353   353   353   353   353   353   353   353   353   353   353   353   352   352   351   351   349   346   342
        338   332   321   307   289   268   262   255   244   236   235   233   219   207   193   178   160   140   125   110
         89    72    65    60    57    57    57    56    54    53    51    51    51    51    45    27    -2     0   364   364
        364   364   364   364   364   364   364   364   364   364   364   364   364   364   364   364   364   364   364   364
        364
  21   1000   988   961   918   867   806   745   682   623   572   528   501   493   483   470   469   475   476   476   477
        478   480   482   483   483   484   483   483   484   484   484   484   484   484   483   483   483   483   483   483
        484   484   484   484   484   484   484   484   484   483   483   483   482   481   481   480   478   473   468   463
        455   439   419   394   366   356   347   330   319   318   315   295   277   258   237   213   186   165   144   117
         94    84    78    75    75    76    74    73    71    69    68    69    69    61    36    -3     0   498   498   498
        498   498   498   498   498   498   498   498   498   498   498   498   498   498   498   498   498   498   498   498
  22   1000   992   967   929   882   828   769   711   659   613   583   571   558   542   539   544   544   543   544   545
        546   549   549   550   550   550   550   551   550   550   550   550   550   550   550   550   550   550   550   550
        550   550   550   550   550   550   550   550   550   550   550   548   548   547   546   544   538   532   526   517
        499   477   448   415   404   393   374   361   360   356   333   313   291   267   239   209   185   162   131   105
         94    87    83    84    85    83    82    80    78    77    79    78    69    41    -4     0   567   567   567   567
        567   567   567   567   567   567   567   567   567   567   567   567   567   567   567   567   567   567   567
  23   1000   991   968   930   884   830   773   719   668   630   608   588   567   560   560   557   555   555   555   556
        558   558   558   559   559   558   559   559   559   559   559   559   559   559   559   559   559   559   559   559
        559   559   559   559   559   559   559   558   558   558   557   556   555   555   552   547   541   534   525   507
        484   455   421   410   399   380   366   365   361   338   317   295   270   242   211   187   164   132   106    95
         88    84    85    86    84    83    81    79    78    80    79    70    42    -4     0   576   576   576   576   576
        576   576   576   576   576   576   576   576   576   576   576   576   576   576   576   576   576   576
  24   1000   992   970   936   891   841   789   738   698   671   646   621   610   606   602   598   596   595   596   597
        597   597   598   598   597   598   598   598   598   598   598   598   598   598   598   598   598   598   598   598
        598   598   598   598   598   598   597   597   597   596   595   594   593   591   585   578   571   561   542   517
        486   450   438   426   405   390   389   385   360   337   314   287   257   224   198   173   140   113   100    93
         89    90    92    89    88    86    84    83    85    84    74    44    -5     0   615   615   615   615   615   615
        615   615   615   615   615   615   615   615   615   615   615   615   615   615   615   615   615
  25   1000   991   969   935   891   842   790   744   707   674   644   626   616   607   601   597   594   594   595   594
        594   594   594   593   594   594   594   594   594   594   594   594   594   594   594   594   594   594   594   594
        594   594   594   594   594   593   593   593   592   591   590   589   586   581   574   567   557   538   514   483
        447   435   423   402   387   386   382   357   334   311   285   255   222   196   172   138   111    99    92    88
         90    91    89    87    85    83    83    84    84    74    44    -5     0   611   611   611   611   611   611   611
        611   611   611   611   611   611   611   611   611   611   611   611   611   611   611   611
  26   1000   993   972   940   900   855   812   773   738   706   684   670   659   650   644   641   639   639   638   638
        638   637   637   637   637   637   637   637   637   637   637   637   637   637   637   637   637   637   637   637
        637   637   637   637   636   636   636   634   634   633   632   629   622   616   608   597   577   550   517   478
        465   453   430   414   413   408   381   357   332   304   272   236   209   183   147   118   105    98    94    95
         97    94    93    91    89    88    90    90    79    47    -5     0   655   655   655   655   655   655   655   655
        655   655   655   655   655   655   655   655   655   655   655   655   655   655   655
  27   1000   993   973   942   902   859   816   776   741   713   692   676   664   656   650   646   645   643   642   642
        641   640   641   641   641   640   640   640   640   640   640   640   640   640   640   640   640   640   640   640
        640   640   640   640   640   640   638   637   636   635   632   626   619   611   601   580   553   520   481   468
        455   432   416   415   410   383   358   333   305   273   237   209   183   147   118   105    98    94    95    97
         95    93    91    89    89    90    90    79    47    -5     0   659   659   659   659   659   659   659   659   659
        659   659   659   659   659   659   659   659   659   659   659   659   659   659
  28   1000   993   972   940   900   851   807   770   735   707   686   670   658   649   643   641   637   636   634   633
        632   633   632   632   632   632   632   632   632   632   632   632   632   632   632   632   632   632   632   632
        632   632   631   631   631   629   628   628   627   624   617   611   603   592   572   546   513   474   461   448
        426   410   409   404   377   353   328   300   268   233   206   180   145   116   103    97    92    94    95    93
         92    90    88    87    89    89    78    46    -5     0   650   650   650   650   650   650   650   650   650   650
        650   650   650   650   650   650   650   650   650   650   650   650   650
  29   1000   993   973   940   893   849   813   774   741   716   696   681   670   662   657   652   649   648   646   645
        645   644   644   643   643   643   643   643   643   643   643   643   643   643   643   643   643   643   643   643
        643   642   642   642   641   640   639   638   635   629   622   614   603   582   556   522   483   469   456   434
        417   416   411   383   359   333   305   272   237   209   183   147   118   105    98    94    95    97    95    93
         91    89    89    91    90    80    47    -5     0   662   662   662   662   662   662   662   662   662   662   662
        662   662   662   662   662   662   662   662   662   662   662   662
  30   1000   993   972   934   894   861   822   785   757   735   718   704   693   686   680   676   674   671   669   669
        668   668   667   667   667   667   667   667   667   667   667   667   667   667   667   667   667   667   667   667
        666   666   666   664   663   662   662   658   652   644   637   625   603   576   541   500   486   473   449   432
        430   425   397   371   345   315   282   245   216   189   151   121   108   101    97    98   100    98    96    94
         92    92    94    93    82    49    -6     0   686   686   686   686   686   686   686   686   686   686   686   686
        686   686   686   686   686   686   686   686   686   686   686
  31   1000   992   963   929   901   862   824   794   770   750   734   721   711   704   698   694   691   689   688   687
        686   685   685   685   685   685   685   685   685   685   685   685   685   685   685   685   685   685   685   684
        684   684   682   681   680   679   676   669   662   654   642   619   591   555   513   499   485   461   443   441
        436   407   380   353   323   288   250   221   193   155   124   110   103    99   101   102   100    99    97    94
         94    96    96    84    50    -6     0   704   704   704   704   704   704   704   704   704   704   704   704   704
        704   704   704   704   704   704   704   704   704   704
  32   1000   988   966   946   914   879   851   828   807   790   775   765   756   749   744   740   737   736   734   733
        732   732   732   731   731   731   731   731   731   731   731   731   731   731   731   731   731   731   730   730
        730   728   727   726   725   722   714   706   698   685   661   631   592   548   532   517   491   472   470   465
        433   405   376   343   307   266   235   205   164   132   117   109   105   107   109   107   105   103   101   100
        103   102    90    53    -6     0   752   752   752   752   752   752   752   752   752   752   752   752   752   752
        752   752   752   752   752   752   752   752   752
  33   1000   994   983   964   939   918   898   880   864   851   840   831   824   819   814   811   809   807   806   805
        804   804   804   804   803   803   803   803   803   803   803   803   803   803   803   803   803   802   802   802
        800   799   798   797   793   785   776   766   753   726   693   651   601   584   568   539   518   516   509   475
        444   412   376   336   291   257   224   179   144   128   119   115   117   119   117   115   113   110   110   112
        112    99    59    -7     0   826   826   826   826   826   826   826   826   826   826   826   826   826   826   826
        826   826   826   826   826   826   826   826
  34   1000   997   987   970   953   936   920   906   893   882   872   865   859   853   849   847   844   843   842   841
        840   840   840   840   839   839   839   839   839   839   839   839   839   839   839   839   838   838   838   836
        835   834   832   828   820   811   801   786   759   724   680   628   610   593   563   541   539   532   496   463
        430   392   350   304   268   234   187   150   133   124   119   122   124   122   120   118   115   115   117   117
        103    61    -8     0   863   863   863   863   863   863   863   863   863   863   863   863   863   863   863   863
        863   863   863   863   863   863   863
  35   1000   995   982   968   953   937   923   909   897   886   877   870   863   858   855   852   849   848   846   846
        845   845   845   844   844   844   844   844   844   844   844   844   844   844   844   843   843   843   841   840
        838   837   833   825   815   805   791   763   728   683   632   614   596   566   544   542   535   498   466   432
        394   352   305   269   235   188   150   134   125   120   122   125   122   121   118   116   115   118   118   104
         61    -8     0   868   868   868   868   868   868   868   868   868   868   868   868   868   868   868   868   868
        868   868   868   868   868   868
  36   1000   995   987   976   964   952   940   928   918   909   901   894   889   885   881   878   876   875   874   873
        873   873   872   872   872   872   872   872   872   872   872   872   872   872   871   871   871   869   867   866
        865   861   852   842   832   817   788   752   706   652   634   616   584   562   559   552   514   481   446   407
        363   315   277   242   194   155   138   129   124   126   129   126   125   122   119   119   122   121   107    63
         -8     0   896   896   896   896   896   896   896   896   896   896   896   896   896   896   896   896   896   896
        896   896   896   896   896
  37   1000   998   993   985   976   967   957   949   940   933   926   920   916   913   909   907   905   904   903   903
        902   902   902   902   902   902   902   902   902   902   902   902   902   901   901   901   898   897   895   894
        890   881   871   860   845   815   777   730   674   655   636   604   580   578   570   531   497   461   420   375
        325   286   250   200   160   142   133   128   130   133   130   129   126   123   123   126   126   111    66    -8
         -1   927   927   927   927   927   927   927   927   927   927   927   927   927   927   927   927   927   927   927
        927   927   927   927
  38   1000   998   994   988   981   973   965   957   950   943   937   932   928   924   921   919   918   917   916   915
        915   915   915   914   914   914   914   914   914   914   914   914   913   913   913   911   909   908   907   902
        893   883   872   856   826   788   740   684   664   645   612   588   586   578   539   503   467   426   380   330
        290   253   203   162   144   135   129   132   135   132   130   128   125   125   128   127   112    66    -9    -1
        940   940   940   940   940   940   940   940   940   940   940   940   940   940   940   940   940   940   940   940
        940   940   940
  39   1000   999   995   989   983   976   969   961   954   948   943   938   934   930   928   926   924   923   923   922
        922   921   921   921   921   921   921   921   921   921   921   920   920   920   917   916   915   913   909   900
        890   879   863   832   794   745   689   669   650   617   593   590   582   543   507   470   429   383   332   292
        255   204   163   145   136   130   133   136   133   131   129   126   126   129   128   113    67    -9    -1   947
        947   947   947   947   947   947   947   947   947   947   947   947   947   947   947   947   947   947   947   947
        947   947
  40   1000   999   996   991   985   979   972   965   959   953   948   943   939   936   934   932   931   930   929   928
        928   928   928   928   928   928   928   928   928   928   926   926   926   924   922   921   920   915   906   896
        885   869   838   800   751   694   674   654   621   597   594   587   547   511   474   432   386   334   294   257
        205   164   146   137   131   134   137   134   132   130   127   127   129   129   114    67    -9    -1   953   953
        953   953   953   953   953   953   953   953   953   953   953   953   953   953   953   953   953   953   953   953
        953
  41   1000   999   996   992   986   981   974   968   962   957   952   947   943   940   938   936   935   934   933   933
        933   933   932   932   932   932   932   932   932   931   931   931   928   927   926   924   920   911   900   889
        873   842   804   754   697   677   658   624   600   597   589   549   513   476   434   388   336   296   258   206
        165   147   137   132   135   137   134   133   130   127   127   130   130   114    68    -9    -1   958   958   958
        958   958   958   958   958   958   958   958   958   958   958   958   958   958   958   958   958   958   958   958
  42   1000   999   996   993   988   982   976   971   965   960   955   951   947   944   942   941   939   938   938   937
        937   937   937   937   937   937   937   937   935   935   935   933   931   930   929   924   915   904   893   877
        846   807   758   700   680   661   627   603   600   592   552   516   478   436   389   337   297   259   207   166
        147   138   132   135   138   135   134   131   128   128   131   130   115    68    -9    -1   963   963   963   963
        963   963   963   963   963   963   963   963   963   963   963   963   963   963   963   963   963   963   963
  43   1000   999   997   994   989   984   979   974   968   963   959   955   952   949   947   946   945   944   943   943
        943   942   942   942   942   942   942   941   941   941   938   937   936   934   930   920   910   899   882   851
        812   762   705   684   665   631   606   603   596   555   519   481   439   392   339   299   261   209   167   148
        139   133   136   139   136   134   132   129   129   132   131   116    68    -9    -1   968   968   968   968   968
        968   968   968   968   968   968   968   968   968   968   968   968   968   968   968   968   968   968
  44   1000   999   997   994   990   985   980   974   969   964   960   956   953   951   949   947   946   945   945   944
        944   944   944   944   944   944   942   942   942   940   938   937   935   931   922   911   900   884   853   813
        763   706   685   666   632   607   604   597   556   519   482   439   392   340   300   261   209   167   149   139
        133   136   139   136   135   132   129   129   132   131   116    69    -9    -1   970   970   970   970   970   970
        970   970   970   970   970   970   970   970   970   970   970   970   970   970   970   970   970
  45   1000   999   997   994   990   985   980   975   970   965   961   957   954   952   950   948   947   946   946   945
        945   945   945   945   945   944   944   944   941   940   938   937   932   923   912   901   885   854   815   764
        707   686   667   633   608   605   598   557   520   483   440   393   341   300   262   209   167   149   139   134
        137   139   136   135   132   129   129   132   132   116    69    -9    -1   971   971   971   971   971   971   971
        971   971   971   971   971   971   971   971   971   971   971   971   971   971   971   971
  46   1000   999   997   994   990   986   981   976   971   966   962   958   955   953   951   949   948   948   947   947
        946   946   946   946   945   945   945   942   941   939   938   934   924   914   902   886   855   816   766   708
        687   668   634   609   606   598   558   521   483   441   394   341   301   262   210   168   149   140   134   137
        140   137   135   132   129   129   132   132   116    69    -9    -1   972   972   972   972   972   972   972   972
        972   972   972   972   972   972   972   972   972   972   972   972   972   972   972
  47   1000   999   997   994   990   986   981   975   971   966   962   958   955   953   951   949   948   948   947   947
        946   946   946   945   945   945   942   941   939   938   934   924   914   902   886   855   816   766   708   687
        668   634   609   606   599   558   521   484   441   394   341   301   262   210   168   149   140   134   137   140
        137   135   132   129   129   132   132   116    69    -9    -1   972   972   972   972   972   972   972   972   972
        972   972   972   972   972   972   972   972   972   972   972   972   972   972
  48   1000   999   997   994   990   986   981   975   970   966   962   958   955   953   951   949   948   947   947   947
        946   946   945   945   945   942   941   939   938   933   924   914   902   886   855   816   766   708   687   668
        634   609   606   599   558   521   484   441   394   341   301   263   210   168   149   140   134   137   140   137
        135   132   129   129   132   132   116    69    -9    -1   972   972   972   972   972   972   972   972   972   972
        972   972   972   972   972   972   972   972   972   972   972   972   972
  49   1000   999   997   994   991   986   981   976   971   967   963   959   956   954   952   950   949   949   948   948
        948   946   946   946   943   942   941   939   935   925   915   903   887   856   817   767   709   688   669   635
        610   607   600   559   522   484   442   395   342   301   263   210   168   150   140   134   137   140   137   135
        133   130   129   132   132   116    69    -9    -1   973   973   973   973   973   973   973   973   973   973   973
        973   973   973   973   973   973   973   973   973   973   973   973
  50   1000   999   997   994   991   986   981   976   971   967   963   959   956   954   952   950   949   949   948   948
        946   946   946   943   942   941   939   935   925   915   903   887   856   817   767   709   688   669   635   610
        607   600   559   522   485   442   395   342   301   263   210   168   150   140   134   137   140   137   135   133
        130   129   132   132   116    69    -9    -1   973   973   973   973   973   973   973   973   973   973   973   973
        973   973   973   973   973   973   973   973   973   973   973
  51   1000   999   997   994   991   986   981   976   971   967   962   959   956   954   952   950   949   949   948   946
        946   946   943   942   941   939   935   925   915   903   887   856   817   767   709   688   669   635   610   607
        600   559   522   485   442   395   342   302   263   211   168   150   140   134   137   140   137   135   133   130
        130   132   132   116    69    -9    -1   973   973   973   973   973   973   973   973   973   973   973   973   973
        973   973   973   973   973   973   973   973   973   973
  52   1000   999   997   994   991   986   981   976   971   967   962   959   956   954   952   950   949   949   947   946
        946   943   942   941   939   935   925   915   903   887   856   817   767   709   688   669   635   610   607   600
        559   522   485   442   395   342   302   263   211   169   150   140   134   137   140   137   135   133   130   130
        132   132   116    69    -9    -1   973   973   973   973   973   973   973   973   973   973   973   973   973   973
        973   973   973   973   973   973   973   973   973
  53   1000   999   997   994   991   986   981   976   971   967   962   959   956   954   952   950   949   947   947   946
        944   942   941   939   935   925   915   903   887   856   817   767   709   689   669   635   610   607   600   559
        522   485   442   395   342   302   263   211   169   150   140   135   137   140   137   135   133   130   130   132
        132   116    69    -9    -1   973   973   973   973   973   973   973   973   973   973   973   973   973   973   973
        973   973   973   973   973   973   973   973
  54   1000   999   997   994   991   986   981   976   971   967   962   959   956   954   952   950   948   947   947   944
        942   941   939   935   925   915   903   887   856   817   767   709   689   669   635   610   607   600   559   523
        485   442   395   343   302   264   211   169   150   140   135   137   140   137   135   133   130   130   132   132
        116    69    -9    -1   973   973   973   973   973   973   973   973   973   973   973   973   973   973   973   973
        973   973   973   973   973   973   973
  55   1000   999   997   994   991   986   981   976   971   967   962   959   956   954   952   949   948   947   944   942
        941   939   935   925   915   903   887   856   817   767   709   689   669   635   610   608   600   559   523   485
        442   395   343   302   264   211   169   150   140   135   137   140   137   136   133   130   130   132   132   116
         69    -9    -1   973   973   973   973   973   973   973   973   973   973   973   973   973   973   973   973   973
        973   973   973   973   973   973
  56   1000   999   997   994   990   986   981   976   971   967   962   959   956   954   951   949   948   945   943   941
        939   935   925   915   903   887   856   817   767   709   689   669   635   610   608   600   559   523   485   442
        395   343   302   264   211   169   150   140   135   137   140   137   136   133   130   130   132   132   116    69
         -9    -1   973   973   973   973   973   973   973   973   973   973   973   973   973   973   973   973   973   973
        973   973   973   973   973
  57   1000   999   997   994   990   986   981   976   971   967   962   959   956   952   951   949   946   943   941   940
        935   925   915   903   887   856   817   767   709   689   669   635   610   608   600   559   523   485   442   395
        343   302   264   211   169   150   140   135   137   140   137   136   133   130   130   132   132   116    69    -9
         -1   973   973   973   973   973   973   973   973   973   973   973   973   973   973   973   973   973   973   973
        973   973   973   973
  58   1000   999   997   994   990   986   981   976   971   967   962   959   955   952   951   947   944   942   940   935
        926   915   904   887   856   817   767   709   689   669   635   610   608   600   559   523   485   442   395   343
        302   264   211   169   150   140   135   137   140   137   136   133   130   130   132   132   116    69    -9    -1
        973   973   973   973   973   973   973   973   973   973   973   973   973   973   973   973   973   973   973   973
        973   973   973
  59   1000   999   997   994   991   986   981   976   971   967   962   958   955   953   948   945   943   941   936   926
        915   904   887   856   817   767   709   689   669   635   610   607   600   559   523   485   442   395   343   302
        264   211   169   150   140   135   137   140   137   136   133   130   130   132   132   116    69    -9    -1   973
        973   973   973   973   973   973   973   973   973   973   973   973   973   973   973   973   973   973   973   973
        973   973
  60   1000   999   997   994   991   986   981   976   971   967   962   958   955   950   947   944   942   936   926   916
        904   888   856   817   767   709   688   669   635   610   607   600   559   523   485   442   395   343   302   264
        211   169   150   140   135   137   140   137   136   133   130   130   132   132   116    69    -9    -1   973   973
        973   973   973   973   973   973   973   973   973   973   973   973   973   973   973   973   973   973   973   973
        973
  61   1000   999   997   994   991   986   981   976   971   966   962   958   953   949   946   943   937   927   916   904
        888   856   817   767   709   688   669   635   610   607   600   559   523   485   442   395   343   302   264   211
        169   150   140   135   137   140   137   136   133   130   130   132   132   116    69    -9    -1   973   973   973
        973   973   973   973   973   973   973   973   973   973   973   973   973   973   973   973   973   973   973   973
  62   1000   999   997   994   991   986   981   976   970   966   962   956   952   948   944   939   928   917   905   888
        857   817   767   709   688   669   635   610   607   600   559   522   485   442   395   343   302   264   211   169
        150   140   135   137   140   137   136   133   130   130   132   132   116    69    -9    -1   973   973   973   973
        973   973   973   973   973   973   973   973   973   973   973   973   973   973   973   973   973   973   973
  63   1000   999   997   994   991   986   981   975   970   966   960   955   950   946   940   929   918   906   889   857
        817   767   709   689   669   635   610   607   600   559   522   485   442   395   343   302   264   211   169   150
        140   135   137   140   137   136   133   130   130   132   132   116    69    -9    -1   973   973   973   973   973
        973   973   973   973   973   973   973   973   973   973   973   973   973   973   973   973   973   973
  64   1000   999   997   994   991   986   981   975   970   964   959   954   949   943   931   919   907   890   858   818
        767   709   689   669   635   610   607   600   559   522   485   442   395   343   302   264   211   169   150   140
        135   137   140   137   136   133   130   130   132   132   116    69    -9    -1   973   973   973   973   973   973
        973   973   973   973   973   973   973   973   973   973   973   973   973   973   973   973   973
  65   1000   999   997   994   991   986   981   975   969   963   958   953   945   934   922   909   891   859   819   768
        709   689   669   635   610   607   600   559   522   485   442   395   342   302   264   211   169   150   140   135
        137   140   137   136   133   130   130   132   132   116    69    -9    -1   973   973   973   973   973   973   973
        973   973   973   973   973   973   973   973   973   973   973   973   973   973   973   973
  66   1000   999   997   994   990   986   981   974   968   962   957   949   937   924   911   893   860   820   769   710
        689   669   635   610   607   599   559   522   485   442   395   342   302   264   211   169   150   140   135   137
        140   137   136   133   130   130   132   132   116    69    -9    -1   973   973   973   973   973   973   973   973
        973   973   973   973   973   973   973   973   973   973   973   973   973   973   973
  67   1000   999   997   994   990   986   980   973   967   961   953   941   928   914   895   863   822   770   711   690
        669   635   610   607   599   559   522   485   442   395   342   302   264   211   169   150   140   135   138   140
        137   136   133   130   130   132   132   116    69    -9    -1   973   973   973   973   973   973   973   973   973
        973   973   973   973   973   973   973   973   973   973   973   973   973   973
  68   1000   999   997   994   990   985   979   973   966   958   946   932   918   899   865   824   772   712   691   670
        635   610   607   599   558   522   484   442   395   342   302   263   211   169   150   140   135   138   140   137
        136   133   130   130   132   132   116    69    -9    -1   973   973   973   973   973   973   973   973   973   973
        973   973   973   973   973   973   973   973   973   973   973   973   973
  69   1000   999   997   994   990   984   978   972   964   951   937   922   903   869   827   775   715   692   671   636
        611   607   599   558   522   484   442   395   342   302   263   211   169   150   140   135   138   140   137   136
        133   130   130   133   132   116    69    -9    -1   973   973   973   973   973   973   973   973   973   973   973
        973   973   973   973   973   973   973   973   973   973   973   973
  70   1000   999   997   994   989   984   977   969   957   943   928   908   874   831   778   717   694   672   636   610
        607   599   558   521   483   441   394   342   301   263   211   169   150   140   135   137   140   137   136   133
        130   130   132   132   116    69    -9    -1   972   972   972   972   972   972   972   972   972   972   972   972
        972   972   972   972   972   972   972   972   972   972   972
  71   1000   999   997   994   989   983   975   964   950   934   914   880   837   783   721   697   674   638   611   607
        599   558   521   483   441   394   341   301   263   210   169   150   140   135   137   140   137   136   133   130
        130   132   132   116    69    -9    -1   972   972   972   972   972   972   972   972   972   972   972   972   972
        972   972   972   972   972   972   972   972   972   972
  72   1000   999   997   993   989   982   971   957   942   922   887   844   790   727   702   678   640   613   608   599
        558   521   483   440   393   341   301   263   210   168   150   140   135   138   140   137   136   133   130   130
        132   132   116    69    -9     0   972   972   972   972   972   972   972   972   972   972   972   972   972   972
        972   972   972   972   972   972   972   972   972
  73   1000   999   997   993   987   977   965   950   929   896   852   797   734   707   681   643   614   608   599   557
        519   481   439   392   340   300   262   210   168   149   140   134   137   140   137   135   133   130   129   132
        132   116    69    -9     0   969   969   969   969   969   969   969   969   969   969   969   969   969   969   969
        969   969   969   969   969   969   969   969
  74   1000   999   997   992   984   973   958   939   906   863   807   743   714   687   647   617   610   599   556   519
        480   438   391   339   299   261   209   167   149   140   134   137   140   137   135   133   130   129   132   132
        116    69    -8     0   968   968   968   968   968   968   968   968   968   968   968   968   968   968   968   968
        968   968   968   968   968   968   968
  75   1000   999   996   990   980   967   949   917   875   820   755   724   695   653   622   613   601   557   518   480
        436   389   337   297   260   208   167   149   139   134   137   140   137   135   133   130   129   132   132   116
         69    -8     0   966   966   966   966   966   966   966   966   966   966   966   966   966   966   966   966   966
        966   966   966   966   966   966
  76   1000   999   995   987   976   959   929   888   834   769   736   705   662   628   617   603   558   518   479   435
        388   336   296   258   207   166   148   139   134   137   140   137   135   133   130   129   132   132   116    69
         -8     0   965   965   965   965   965   965   965   965   965   965   965   965   965   965   965   965   965   965
        965   965   965   965   965
  77   1000   998   993   984   970   942   903   851   786   752   718   673   636   623   606   559   518   477   433   385
        333   293   256   205   164   147   138   133   136   139   136   135   132   129   129   132   131   116    69    -8
          0   960   960   960   960   960   960   960   960   960   960   960   960   960   960   960   960   960   960   960
        960   960   960   960
  78   1000   998   992   981   958   922   872   809   772   736   687   647   630   610   560   516   473   428   379   327
        288   251   201   161   144   136   131   135   138   135   134   131   128   128   131   130   115    68    -8     0
        951   951   951   951   951   951   951   951   951   951   951   951   951   951   951   951   951   951   951   951
        951   951   951
  79   1000   998   990   972   942   895   835   797   758   707   663   641   616   563   516   471   423   374   321   281
        245   196   157   141   133   129   133   136   134   133   130   127   127   130   129   114    68    -7     0   940
        940   940   940   940   940   940   940   940   940   940   940   940   940   940   940   940   940   940   940   940
        940   940
  80   1000   997   985   960   920   864   826   785   732   685   657   627   570   519   470   419   368   314   274   238
        190   152   136   130   126   131   134   132   131   129   126   126   129   128   113    68    -7     0   928   928
        928   928   928   928   928   928   928   928   928   928   928   928   928   928   928   928   928   928   928   928
        928
  81   1000   995   978   945   896   859   818   763   712   679   643   581   524   470   415   361   306   265   229   181
        144   130   124   122   127   131   130   129   127   125   124   127   126   112    67    -6     0   911   911   911
        911   911   911   911   911   911   911   911   911   911   911   911   911   911   911   911   911   911   911   911
  82   1000   994   972   933   899   858   803   748   707   663   594   530   469   408   349   291   249   213   167   132
        119   115   114   120   125   125   125   123   121   121   123   123   108    65    -5     1   879   879   879   879
        879   879   879   879   879   879   879   879   879   879   879   879   879   879   879   879   879   879   879
  83   1000   992   966   938   900   847   791   743   691   615   542   472   404   339   276   231   194   148   115   104
        102   102   110   116   117   118   117   115   116   118   118   104    63    -4     1   839   839   839   839   839
        839   839   839   839   839   839   839   839   839   839   839   839   839   839   839   839   839   839
  84   1000   991   972   941   894   839   786   726   644   562   482   404   330   261   211   171   126    95    85    84
         87    96   104   106   108   108   108   108   111   111    98    59    -4     2   787   787   787   787   787   787
        787   787   787   787   787   787   787   787   787   787   787   787   787   787   787   787   787
  85   1000   994   974   937   887   833   768   682   592   502   412   328   251   193   149   103    71    62    62    67
         77    87    91    95    97    97    99   102   102    90    55    -3     2   727   727   727   727   727   727   727
        727   727   727   727   727   727   727   727   727   727   727   727   727   727   727   727
  86   1000   993   969   930   881   819   734   642   544   446   351   264   197   145    93    58    47    47    52    63
         74    80    85    88    90    92    96    97    86    52    -4     1   706   706   706   706   706   706   706   706
        706   706   706   706   706   706   706   706   706   706   706   706   706   706   706
  87   1000   991   966   926   871   792   699   598   492   387   288   210   148    89    48    33    31    35    47    59
         66    72    77    80    84    88    90    80    48    -6     0   686   686   686   686   686   686   686   686   686
        686   686   686   686   686   686   686   686   686   686   686   686   686   686
  88   1000   991   965   920   850   762   659   548   434   324   233   158    89    41    19    13    14    25    37    46
         54    60    65    70    76    79    71    41    -9    -3   651   651   651   651   651   651   651   651   651   651
        651   651   651   651   651   651   651   651   651   651   651   651   651
  89   1000   991   961   906   828   731   618   498   378   275   186   104    44    14     0    -2     5    16    24    34
         41    48    55    62    67    60    33   -14    -7   625   625   625   625   625   625   625   625   625   625   625
        625   625   625   625   625   625   625   625   625   625   625   625
  90   1000   990   954   892   806   700   579   453   339   237   141    67    23     0   -11    -8     0     6    15    23
         31    40    49    55    50    24   -21   -13   622   622   622   622   622   622   622   622   622   622   622   622
        622   622   622   622   622   622   622   622   622   622   622
  91   1000   987   946   877   783   668   541   419   305   194   104    45     8   -13   -19   -16   -13    -5     2    11
         21    32    40    37    13   -30   -20   614   614   614   614   614   614   614   614   614   614   614   614   614
        614   614   614   614   614   614   614   614   614   614
  92   1000   985   940   865   762   639   513   388   264   157    80    25   -11   -29   -35   -37   -33   -26   -17    -6
          6    16    16    -3   -41   -30   572   572   572   572   572   572   572   572   572   572   572   572   572   572
        572   572   572   572   572   572   572   572   572
  93   1000   984   934   853   743   621   492   357   235   139    64     9   -23   -43   -54   -56   -52   -45   -34   -20
         -9    -6   -21   -55   -41   534   534   534   534   534   534   534   534   534   534   534   534   534   534   534
        534   534   534   534   534   534   534   534
  94   1000   983   929   842   733   607   469   336   223   128    53     0   -35   -59   -71   -74   -70   -61   -47   -34
        -29   -41   -69   -54   495   495   495   495   495   495   495   495   495   495   495   495   495   495   495   495
        495   495   495   495   495   495   495
  95   1000   981   925   838   726   593   455   329   216   120    46    -8   -48   -73   -85   -88   -83   -72   -59   -53
        -61   -84   -67   452   452   452   452   452   452   452   452   452   452   452   452   452   452   452   452   452
        452   452   452   452   452   452
  96   1000   980   924   835   717   585   453   327   213   118    42   -16   -57   -83   -96   -97   -90   -80   -74   -79
        -97   -79   403   403   403   403   403   403   403   403   403   403   403   403   403   403   403   403   403   403
        403   403   403   403   403
  97   1000   981   924   831   714   585   454   327   214   118    39   -20   -61   -87   -99  -100   -94   -90   -94  -107
        -89   349   349   349   349   349   349   349   349   349   349   349   349   349   349   349   349   349   349   349
        349   349   349   349
  98   1000   980   921   829   715   587   456   332   219   122    43   -15   -56   -81   -93   -95   -95  -100  -112   -95
        307   307   307   307   307   307   307   307   307   307   307   307   307   307   307   307   307   307   307   307
        307   307   307
  99   1000   979   920   830   718   591   463   340   227   132    54    -3   -44   -68   -81   -88   -98  -110   -96   268
        268   268   268   268   268   268   268   268   268   268   268   268   268   268   268   268   268   268   268   268
        268   268
 100   1000   980   922   834   722   599   472   349   239   145    69    12   -27   -53   -70   -85  -100   -91   214   214
        214   214   214   214   214   214   214   214   214   214   214   214   214   214   214   214   214   214   214   214
        214
 101   1000   980   924   837   728   607   483   364   257   165    91    35    -5   -35   -59   -79   -76   171   171   171
        171   171   171   171   171   171   171   171   171   171   171   171   171   171   171   171   171   171   171   171
 102   1000   981   926   841   736   619   499   385   281   192   120    63    19   -15   -45   -52   152   152   152   152
        152   152   152   152   152   152   152   152   152   152   152   152   152   152   152   152   152   152   152
 103   1000   981   928   846   745   633   519   409   309   223   151    92    42     1   -17   142   142   142   142   142
        142   142   142   142   142   142   142   142   142   142   142   142   142   142   142   142   142   142
 104   1000   982   931   853   756   650   540   434   338   253   179   116    60    29   137   137   137   137   137   137
        137   137   137   137   137   137   137   137   137   137   137   137   137   137   137   137   137
 105   1000   983   934   860   769   667   562   460   366   280   203   133    88   140   140   140   140   140   140   140
        140   140   140   140   140   140   140   140   140   140   140   140   140   140   140   140
 106   1000   984   938   867   780   683   582   483   389   301   218   159   143   143   143   143   143   143   143   143
        143   143   143   143   143   143   143   143   143   143   143   143   143   143   143
 107   1000   985   941   874   791   698   600   502   406   312   240   140   140   140   140   140   140   140   140   140
        140   140   140   140   140   140   140   140   140   140   140   140   140   140
 108   1000   985   944   880   800   710   614   514   413   331   138   138   138   138   138   138   138   138   138   138
        138   138   138   138   138   138   138   138   138   138   138   138   138
 109   1000   986   946   885   808   719   622   518   428   136   136   136   136   136   136   136   136   136   136   136
        136   136   136   136   136   136   136   136   136   136   136   136
 110   1000   987   949   889   814   724   622   529   133   133   133   133   133   133   133   133   133   133   133   133
        133   133   133   133   133   133   133   133   133   133   133
 111   1000   987   950   892   816   721   630   133   133   133   133   133   133   133   133   133   133   133   133   133
        133   133   133   133   133   133   133   133   133   133
 112   1000   988   951   892   810   726   136   136   136   136   136   136   136   136   136   136   136   136   136   136
        136   136   136   136   136   136   136   136   136
 113   1000   988   950   885   813   135   135   135   135   135   135   135   135   135   135   135   135   135   135   135
        135   135   135   135   135   135   135   135
 114   1000   987   944   889   119   119   119   119   119   119   119   119   119   119   119   119   119   119   119   119
        119   119   119   119   119   119   119
 115   1000   985   950    71    71    71    71    71    71    71    71    71    71    71    71    71    71    71    71    71
         71    71    71    71    71    71
 116   1000   988    -9    -9    -9    -9    -9    -9    -9    -9    -9    -9    -9    -9    -9    -9    -9    -9    -9    -9
         -9    -9    -9    -9    -9
 117   1000    -1    -1    -1    -1    -1    -1    -1    -1    -1    -1    -1    -1    -1    -1    -1    -1    -1    -1    -1
         -1    -1    -1    -1
 118   1000  1000  1000  1000  1000  1000  1000  1000  1000  1000  1000  1000  1000  1000  1000  1000  1000  1000  1000  1000
       1000  1000  1000
 119   1000  1000  1000  1000  1000  1000  1000  1000  1000  1000  1000  1000  1000  1000  1000  1000  1000  1000  1000  1000
       1000  1000
 120   1000  1000  1000  1000  1000  1000  1000  1000  1000  1000  1000  1000  1000  1000  1000  1000  1000  1000  1000  1000
       1000
 121   1000  1000  1000  1000  1000  1000  1000  1000  1000  1000  1000  1000  1000  1000  1000  1000  1000  1000  1000  1000
 122   1000  1000  1000  1000  1000  1000  1000  1000  1000  1000  1000  1000  1000  1000  1000  1000  1000  1000  1000
 123   1000  1000  1000  1000  1000  1000  1000  1000  1000  1000  1000  1000  1000  1000  1000  1000  1000  1000
 124   1000  1000  1000  1000  1000  1000  1000  1000  1000  1000  1000  1000  1000  1000  1000  1000  1000
 125   1000  1000  1000  1000  1000  1000  1000  1000  1000  1000  1000  1000  1000  1000  1000  1000
 126   1000  1000  1000  1000  1000  1000  1000  1000  1000  1000  1000  1000  1000  1000  1000
 127   1000  1000  1000  1000  1000  1000  1000  1000  1000  1000  1000  1000  1000  1000
 128   1000  1000  1000  1000  1000  1000  1000  1000  1000  1000  1000  1000  1000
 129   1000  1000  1000  1000  1000  1000  1000  1000  1000  1000  1000  1000
 130   1000  1000  1000  1000  1000  1000  1000  1000  1000  1000  1000
 131   1000  1000  1000  1000  1000  1000  1000  1000  1000  1000
 132   1000  1000  1000  1000  1000  1000  1000  1000  1000
 133   1000  1000  1000  1000  1000  1000  1000  1000
 134   1000  1000  1000  1000  1000  1000  1000
 135   1000  1000  1000  1000  1000  1000
 136   1000  1000  1000  1000  1000
 137   1000  1000  1000  1000
 138   1000  1000  1000
 139   1000  1000
 140   1000

 Finished!
