88_Run
  140   14    1    0    1
   0.00500   9.00000   0.03000   0.00100
   0.0000000   0   0 1.00000000E+00   1.0000000
AL27P    5.650E-30 0.003       0.00       0.00        (    )
AL27A    5.240E-30 0.003       0.00       0.00        (    )
NI582    1.230E-30 0.005       0.00       0.00        (    )
NI58P    4.230E-29 0.003       0.00       0.00        (    )
ZR902    2.150E-29 0.004       0.00       0.00        (    )
IN115N   2.000E-29 0.003       0.00       0.00        (    )
IN115G   1.820E-30 0.004       0.00       0.00        (    )
AU1972   7.480E-29 0.003       0.00       0.00        (    )
AU197G   1.100E-30 0.003       0.00       0.00        (    )
CU632    1.430E-29 0.004       0.00       0.00        (    )
CU652    2.660E-29 0.004       0.00       0.00        (    )
TI462    2.920E-30 0.005       0.00       0.00        (    )
TI47P    9.080E-30 0.003       0.00       0.00        (    )
TI48P    2.620E-30 0.004       0.00       0.00        (    )
Flux Uncertainty
 141
 1.0000E-10 1.0000E-09 1.0000E-08 2.3000E-08 5.0000E-08 7.6000E-08 1.1500E-07
 1.7000E-07 2.5500E-07 3.8000E-07 5.5000E-07 8.4000E-07 1.2800E-06 1.9000E-06
 2.8000E-06 4.2500E-06 6.3000E-06 9.2000E-06 1.3500E-05 2.1000E-05 3.0000E-05
 4.5000E-05 6.9000E-05 1.0000E-04 1.3500E-04 1.7000E-04 2.2000E-04 2.8000E-04
 3.6000E-04 4.5000E-04 5.7500E-04 7.6000E-04 9.6000E-04 1.2800E-03 1.6000E-03
 2.0000E-03 2.7000E-03 3.4000E-03 4.5000E-03 5.5000E-03 7.2000E-03 9.2000E-03
 1.2000E-02 1.5000E-02 1.9000E-02 2.5500E-02 3.2000E-02 4.0000E-02 5.2500E-02
 6.6000E-02 8.8000E-02 1.1000E-01 1.3500E-01 1.6000E-01 1.9000E-01 2.2000E-01
 2.5500E-01 2.9000E-01 3.2000E-01 3.6000E-01 4.0000E-01 4.5000E-01 5.0000E-01
 5.5000E-01 6.0000E-01 6.6000E-01 7.2000E-01 7.8000E-01 8.4000E-01 9.2000E-01
 1.0000E+00 1.2000E+00 1.4000E+00 1.6000E+00 1.8000E+00 2.0000E+00 2.3000E+00
 2.6000E+00 2.9000E+00 3.3000E+00 3.7000E+00 4.1000E+00 4.5000E+00 5.0000E+00
 5.5000E+00 6.0000E+00 6.7000E+00 7.4000E+00 8.2000E+00 9.0000E+00 1.0000E+01
 1.1000E+01 1.2000E+01 1.3000E+01 1.4000E+01 1.5000E+01 1.6000E+01 1.7000E+01
 1.8000E+01 1.9000E+01 2.0000E+01 2.1000E+01 2.2000E+01 2.3000E+01 2.4000E+01
 2.5000E+01 2.6000E+01 2.7000E+01 2.8000E+01 2.9000E+01 3.0000E+01 3.1000E+01
 3.2000E+01 3.3000E+01 3.4000E+01 3.5000E+01 3.6000E+01 3.7000E+01 3.8000E+01
 3.9000E+01 4.0000E+01 4.1000E+01 4.2000E+01 4.3000E+01 4.4000E+01 4.5000E+01
 4.6000E+01 4.7000E+01 4.8000E+01 4.9000E+01 5.0000E+01 5.1000E+01 5.2000E+01
 5.3000E+01 5.4000E+01 5.5000E+01 5.6000E+01 5.7000E+01 5.8000E+01 5.9000E+01
 6.0000E+01
 0.0000E+00 0.0000E+00 0.0000E+00 0.0000E+00 0.0000E+00 0.0000E+00 0.0000E+00
 0.0000E+00 0.0000E+00 0.0000E+00 0.0000E+00 0.0000E+00 5.8270E-01 5.9060E-01
 3.2970E-01 2.8240E-01 4.1140E-01 2.3280E-01 1.1000E-02 9.1000E-03 1.0100E-02
 9.2000E-03 9.3000E-03 8.6000E-03 9.5000E-03 1.0600E-02 9.3000E-03 9.9000E-03
 1.0300E-02 9.3000E-03 8.7000E-03 8.6000E-03 1.5800E-02 2.4300E-02 2.2100E-02
 2.9900E-02 2.0300E-02 1.6500E-02 1.6300E-02 1.4900E-02 1.7700E-02 1.1400E-02
 1.0000E-02 9.2000E-03 8.4000E-03 7.5000E-03 7.3000E-03 4.8000E-03 8.0000E-03
 3.1700E-02 2.4300E-02 3.2100E-02 3.3000E-02 1.6200E-02 1.8200E-02 2.6800E-02
 2.4000E-02 2.5400E-02 2.6200E-02 2.5700E-02 2.2400E-02 2.2100E-02 2.3500E-02
 2.5100E-02 2.4800E-02 2.2900E-02 2.1500E-02 2.1900E-02 2.3700E-02 2.1900E-02
 2.3700E-02 1.6200E-02 1.7900E-02 1.9400E-02 2.1000E-02 2.2400E-02 1.9700E-02
 2.1000E-02 2.2100E-02 1.9800E-02 1.9900E-02 1.9800E-02 1.9600E-02 1.6400E-02
 1.5400E-02 1.4600E-02 1.1800E-02 1.1500E-02 1.0700E-02 1.0800E-02 9.9000E-03
 1.0700E-02 1.1500E-02 1.2200E-02 1.3200E-02 1.4600E-02 1.5900E-02 1.7800E-02
 1.9500E-02 2.1800E-02 2.5600E-02 2.7800E-02 3.0400E-02 3.1900E-02 3.3100E-02
 3.3800E-02 3.5800E-02 3.7700E-02 3.9400E-02 3.9700E-02 4.1400E-02 4.3500E-02
 4.1900E-02 4.4900E-02 5.4500E-02 9.6000E-02 0.0000E+00 0.0000E+00 0.0000E+00
 0.0000E+00 0.0000E+00 0.0000E+00 0.0000E+00 0.0000E+00 0.0000E+00 0.0000E+00
 0.0000E+00 0.0000E+00 0.0000E+00 0.0000E+00 0.0000E+00 0.0000E+00 0.0000E+00
 0.0000E+00 0.0000E+00 0.0000E+00 0.0000E+00 0.0000E+00 0.0000E+00 0.0000E+00
 0.0000E+00
Input Flux Spectrum
 140   0 1.000E+00 2.000E+01 5.000E-08
 0.0000E+00 0.0000E+00 0.0000E+00 0.0000E+00 0.0000E+00 0.0000E+00 0.0000E+00
 0.0000E+00 0.0000E+00 0.0000E+00 0.0000E+00 0.0000E+00 2.9862E-14 6.2975E-14
 1.1871E-13 1.2649E-13 2.2459E-13 2.1356E-12 1.3864E-10 2.1258E-10 1.8825E-10
 2.3357E-10 2.7696E-10 2.6733E-10 2.3000E-10 1.8864E-10 2.3532E-10 2.3980E-10
 2.7752E-10 2.5283E-10 3.0739E-10 3.9416E-10 4.0044E-10 1.3441E-09 1.2006E-09
 1.4464E-09 1.8163E-09 1.3818E-09 2.0982E-09 1.6894E-09 2.6481E-09 2.6300E-09
 4.1544E-09 4.3425E-09 4.3872E-09 8.1292E-09 8.9524E-09 1.0431E-08 1.6870E-08
 1.9890E-08 3.8066E-08 4.1340E-08 5.3839E-08 5.4265E-08 7.0778E-08 7.5827E-08
 9.2871E-08 1.0193E-07 8.8621E-08 1.2410E-07 1.2624E-07 1.6724E-07 1.7250E-07
 1.7749E-07 1.7948E-07 2.1778E-07 2.1276E-07 2.1468E-07 2.1540E-07 2.8858E-07
 2.9572E-07 7.2813E-07 7.2371E-07 6.9411E-07 6.8257E-07 6.6799E-07 9.9038E-07
 1.0084E-06 9.7757E-07 1.2728E-06 1.1845E-06 1.1125E-06 1.2158E-06 1.9470E-06
 2.3743E-06 2.7892E-06 4.5829E-06 5.2377E-06 6.4169E-06 6.5633E-06 8.2034E-06
 7.2813E-06 6.4482E-06 5.5931E-06 4.6082E-06 3.6129E-06 2.9768E-06 2.2272E-06
 1.7303E-06 1.3496E-06 9.6160E-07 8.2946E-07 6.9184E-07 6.2927E-07 5.8781E-07
 5.6759E-07 5.0546E-07 4.5395E-07 4.1557E-07 4.1184E-07 3.7625E-07 3.4167E-07
 3.7071E-07 3.4493E-07 2.5371E-07 8.1765E-08 0.0000E+00 0.0000E+00 0.0000E+00
 0.0000E+00 0.0000E+00 0.0000E+00 0.0000E+00 0.0000E+00 0.0000E+00 0.0000E+00
 0.0000E+00 0.0000E+00 0.0000E+00 0.0000E+00 0.0000E+00 0.0000E+00 0.0000E+00
 0.0000E+00 0.0000E+00 0.0000E+00 0.0000E+00 0.0000E+00 0.0000E+00 0.0000E+00
   10   13   28   11    8    5    8    7   10   40



                         ==============================
                               STAYSL PNNL OUTPUT
                         ==============================

 STAYSL PNNL, version 1.2.0, 2015-08-05


 SCENARIO TITLE: 88_Run
 -------------------------------------------------------------------------------
  NGROUP =   140    NRXN =    14    ACTIVITY NORM = 1.00000E+00

  COVARIANCE PARAMETERS (FCHN, FCVX, ACVX, FS)
    FLUXES:      WIDTH =  9.0000E+00   LONG RANGE COVAR. =  3.0000E-02
            ACTIVITIES =  5.0000E-03   X-SECT CROSS COR. =  1.0000E-03

    DETERM =   1.3817 × 10^  -2.00      ERROR =   2.7109E-15

  INPUT NORMALIZATION DATA
    AK1   =     0.00000     VAK        =     0.00090
    NORML =           0     RENORM     = 9.54736E-01
    CHI²  =   283.21616     NORM. CHI² =    21.78586

  DOSIMETRY ACTIVITIES
     ———— INPUTS —————  -UNADJUSTED FLUX-  — ADJUSTED FLUX —    CHI²  90% ACTIVITIES RANGE
 RXN  MEASURED     ±%   ACTIVITY    %DIFF  ACTIVITY    %DIFF  CONTRIB --LOW E-- --HIGH E--   REACTION          CVR
  1  5.650E-30    0.27  5.582E-30   -1.20  5.386E-30   -4.67    0.773  6.00E+00  1.70E+01  AL27(N,P)MG27           
  2  5.240E-30    0.31  5.567E-30    6.23  5.260E-30    0.39   59.277  7.40E+00  1.70E+01  AL27(N,A)NA24           
  3  1.230E-30    0.47  1.410E-30   14.67  1.243E-30    1.08    5.539  1.30E+01  3.00E+01  NI58(N,2N)NI57          
  4  4.230E-29    0.26  3.808E-29   -9.97  3.765E-29  -11.00   62.535  4.10E+00  1.50E+01  NI58(N,P)CO58           
  5  2.150E-29    0.45  2.450E-29   13.94  2.165E-29    0.71    4.629  1.30E+01  2.70E+01  ZR90(N,2N)ZR89          
  6  2.000E-29    0.26  1.750E-29  -12.50  1.782E-29  -10.91   28.847  2.00E+00  1.40E+01  IN115(N,N')IN115M       
  7  1.820E-30    0.37  1.462E-30  -19.66  1.638E-30  -10.02   42.038  8.80E-02  5.50E+00  IN115(N,G)IN116M        
  8  7.480E-29    0.34  8.299E-29   10.94  7.692E-29    2.83   27.024  9.00E+00  1.90E+01  AU197(N,2N)AU196        
  9  1.100E-30    0.34  9.696E-31  -11.86  1.065E-30   -3.21   43.202  9.60E-04  9.00E+00  AU197(N,G)AU198         
 10  1.430E-29    0.43  1.645E-29   15.03  1.461E-29    2.16    4.648  1.20E+01  2.60E+01  CU63(N,2N)CU62          
 11  2.660E-29    0.40  2.935E-29   10.32  2.643E-29   -0.63    0.445  1.10E+01  2.20E+01  CU65(N,2N)CU64          
 12  2.920E-30    0.53  3.390E-30   16.09  2.964E-30    1.50    1.283  1.50E+01  3.00E+01  TI46(N,2N)TI45          
 13  9.080E-30    0.26  8.703E-30   -4.15  8.411E-30   -7.37    3.747  5.00E+00  1.80E+01  TI47(N,P)SC47           
 14  2.620E-30    0.40  2.685E-30    2.49  2.509E-30   -4.24   -0.769  8.20E+00  2.20E+01  TI48(N,P)SC48           

             % STD. DEV.  =         12.30               5.96

                              CHECK INPUT, IT IS RATHER UNLIKELY !
                                   *** BEWARE OF OUTPUT ! ***


  DIFFERENTIAL FLUXES (input is normalized by a factor of 9.5474E-01)
                  —————— DIFFERENTIAL FLUX —————   ———— STD. DEV. % ————   INTEGRAL
 GRP    ENERGY        NEW         OLD      RATIO    NEW     OLD    RATIO   FLUX > E     ± %
  13  1.2750E-06  4.9042E-08  4.5617E-08   1.075   58.30   58.38   0.999  9.0311E-05    0.64
  14  1.9000E-06  7.1458E-08  6.6805E-08   1.070   45.99   46.09   0.998  9.0311E-05    0.64
  15  2.8000E-06  8.2681E-08  7.8163E-08   1.058   30.59   30.74   0.995  9.0311E-05    0.64
  16  4.2500E-06  6.2838E-08  5.8910E-08   1.067   34.67   34.80   0.996  9.0311E-05    0.64
  17  6.3000E-06  7.8930E-08  7.3939E-08   1.067   32.19   32.33   0.996  9.0311E-05    0.64
  18  9.2000E-06  4.9379E-07  4.7417E-07   1.041   12.21   12.55   0.973  9.0311E-05    0.64
  19  1.3500E-05  1.8085E-05  1.7649E-05   1.025    1.43    3.16   0.451  9.0311E-05    0.64
  20  2.1000E-05  2.3110E-05  2.2551E-05   1.025    1.39    3.15   0.443  9.0311E-05    0.64
  21  3.0000E-05  1.2280E-05  1.1982E-05   1.025    1.40    3.15   0.443  9.0311E-05    0.64
  22  4.5000E-05  9.5234E-06  9.2916E-06   1.025    1.37    3.14   0.436  9.0311E-05    0.64
  23  6.9000E-05  8.7431E-06  8.5298E-06   1.025    1.35    3.13   0.431  9.0310E-05    0.64
  24  1.0000E-04  7.4757E-06  7.2923E-06   1.025    1.35    3.13   0.432  9.0310E-05    0.64
  25  1.3500E-04  6.4341E-06  6.2740E-06   1.026    1.42    3.16   0.449  9.0310E-05    0.64
  26  1.7000E-04  3.6944E-06  3.6020E-06   1.026    1.41    3.16   0.447  9.0310E-05    0.64
  27  2.2000E-04  3.8408E-06  3.7445E-06   1.026    1.39    3.15   0.441  9.0310E-05    0.64
  28  2.8000E-04  2.9363E-06  2.8618E-06   1.026    1.42    3.17   0.449  9.0309E-05    0.64
  29  3.6000E-04  3.0209E-06  2.9440E-06   1.026    1.40    3.16   0.443  9.0309E-05    0.64
  30  4.5000E-04  1.9814E-06  1.9311E-06   1.026    1.35    3.13   0.430  9.0309E-05    0.64
  31  5.7500E-04  1.6277E-06  1.5864E-06   1.026    1.32    3.12   0.423  9.0309E-05    0.64
  32  7.6000E-04  1.9333E-06  1.8816E-06   1.027    1.57    3.24   0.485  9.0308E-05    0.64
  33  9.6000E-04  1.2509E-06  1.2137E-06   1.031    2.21    3.60   0.614  9.0308E-05    0.64
  34  1.2750E-03  4.0755E-06  3.9485E-06   1.032    2.50    3.79   0.659  9.0307E-05    0.64
  35  1.6000E-03  2.9621E-06  2.8656E-06   1.034    2.76    3.97   0.695  9.0306E-05    0.64
  36  2.0000E-03  2.0392E-06  1.9728E-06   1.034    2.67    3.91   0.684  9.0305E-05    0.64
  37  2.7000E-03  2.5544E-06  2.4773E-06   1.031    2.07    3.52   0.589  9.0304E-05    0.64
  38  3.4000E-03  1.2360E-06  1.1993E-06   1.031    1.90    3.42   0.556  9.0302E-05    0.64
  39  4.5000E-03  2.0644E-06  2.0032E-06   1.031    1.83    3.38   0.542  9.0300E-05    0.64
  40  5.5000E-03  9.7855E-07  9.4878E-07   1.031    1.89    3.41   0.553  9.0298E-05    0.64
  41  7.2000E-03  1.3034E-06  1.2641E-06   1.031    1.74    3.33   0.523  9.0297E-05    0.64
  42  9.2000E-03  9.2322E-07  8.9677E-07   1.029    1.45    3.18   0.454  9.0294E-05    0.64
  43  1.2000E-02  1.3611E-06  1.3221E-06   1.029    1.37    3.15   0.434  9.0291E-05    0.64
  44  1.5000E-02  1.0672E-06  1.0365E-06   1.030    1.31    3.13   0.420  9.0287E-05    0.64
  45  1.9000E-02  6.6358E-07  6.4440E-07   1.030    1.26    3.10   0.405  9.0283E-05    0.64
  46  2.5500E-02  1.2300E-06  1.1940E-06   1.030    1.22    3.09   0.395  9.0279E-05    0.64
  47  3.2000E-02  1.1000E-06  1.0684E-06   1.030    1.15    3.06   0.375  9.0271E-05    0.64
  48  4.0000E-02  8.2134E-07  7.9671E-07   1.031    1.16    3.07   0.377  9.0262E-05    0.64
  49  5.2500E-02  1.2532E-06  1.1931E-06   1.050    2.11    3.60   0.587  9.0252E-05    0.64
  50  6.6000E-02  9.2036E-07  8.6317E-07   1.066    2.81    4.10   0.686  9.0235E-05    0.64
  51  8.8000E-02  1.7700E-06  1.6520E-06   1.071    2.81    4.12   0.682  9.0215E-05    0.64
  52  1.1000E-01  1.7126E-06  1.5788E-06   1.085    3.17    4.43   0.717  9.0176E-05    0.64
  53  1.3500E-01  2.2086E-06  2.0561E-06   1.074    2.43    3.88   0.626  9.0133E-05    0.64
  54  1.6000E-01  1.8339E-06  1.7270E-06   1.062    1.79    3.46   0.517  9.0078E-05    0.64
  55  1.9000E-01  2.4280E-06  2.2525E-06   1.078    2.19    3.75   0.585  9.0023E-05    0.64
  56  2.2000E-01  2.2534E-06  2.0684E-06   1.089    2.41    3.93   0.613  8.9950E-05    0.64
  57  2.5500E-01  2.7662E-06  2.5334E-06   1.092    2.32    3.89   0.598  8.9871E-05    0.64
  58  2.9000E-01  3.5662E-06  3.2439E-06   1.099    2.39    3.96   0.603  8.9774E-05    0.64
  59  3.2000E-01  2.3358E-06  2.1152E-06   1.104    2.37    3.97   0.598  8.9667E-05    0.64
  60  3.6000E-01  3.2656E-06  2.9621E-06   1.102    2.19    3.84   0.570  8.9574E-05    0.64
  61  4.0000E-01  2.6527E-06  2.4105E-06   1.100    2.02    3.73   0.542  8.9443E-05    0.64
  62  4.5000E-01  3.5337E-06  3.1934E-06   1.107    2.04    3.77   0.542  8.9310E-05    0.64
  63  5.0000E-01  3.6785E-06  3.2938E-06   1.117    2.14    3.86   0.553  8.9134E-05    0.64
  64  5.5000E-01  3.8109E-06  3.3891E-06   1.124    2.16    3.90   0.554  8.8950E-05    0.64
  65  6.0000E-01  3.2136E-06  2.8559E-06   1.125    2.05    3.83   0.534  8.8759E-05    0.65
  66  6.6000E-01  3.8928E-06  3.4654E-06   1.123    1.90    3.73   0.508  8.8566E-05    0.65
  67  7.2000E-01  3.8134E-06  3.3855E-06   1.126    1.83    3.70   0.495  8.8333E-05    0.65
  68  7.8000E-01  3.8853E-06  3.4160E-06   1.137    1.88    3.77   0.500  8.8104E-05    0.65
  69  8.4000E-01  2.9387E-06  2.5706E-06   1.143    1.86    3.77   0.493  8.7871E-05    0.65
  70  9.2000E-01  3.9567E-06  3.4440E-06   1.149    1.84    3.77   0.488  8.7636E-05    0.65
  71  1.0000E+00  1.6063E-06  1.4117E-06   1.138    1.62    3.60   0.451  8.7319E-05    0.65
  72  1.2000E+00  3.9101E-06  3.4759E-06   1.125    1.43    3.45   0.414  8.6998E-05    0.65
  73  1.4000E+00  3.9314E-06  3.4548E-06   1.138    1.53    3.53   0.433  8.6216E-05    0.65
  74  1.6000E+00  3.8121E-06  3.3135E-06   1.151    1.64    3.62   0.454  8.5430E-05    0.65
  75  1.8000E+00  3.7867E-06  3.2584E-06   1.162    1.77    3.70   0.477  8.4667E-05    0.65
  76  2.0000E+00  2.4636E-06  2.1258E-06   1.159    1.75    3.66   0.477  8.3910E-05    0.65
  77  2.3000E+00  3.6367E-06  3.1518E-06   1.154    1.72    3.62   0.476  8.3171E-05    0.64
  78  2.6000E+00  3.7206E-06  3.2092E-06   1.159    1.84    3.69   0.499  8.2080E-05    0.64
  79  2.9000E+00  2.6869E-06  2.3333E-06   1.152    1.82    3.66   0.498  8.0964E-05    0.64
  80  3.3000E+00  3.4604E-06  3.0380E-06   1.139    1.75    3.60   0.487  7.9889E-05    0.63
  81  3.7000E+00  3.1978E-06  2.8272E-06   1.131    1.76    3.60   0.489  7.8505E-05    0.63
  82  4.1000E+00  2.9738E-06  2.6554E-06   1.120    1.74    3.59   0.484  7.7226E-05    0.62
  83  4.5000E+00  2.5532E-06  2.3215E-06   1.100    1.58    3.50   0.451  7.6036E-05    0.61
  84  5.0000E+00  4.0089E-06  3.7177E-06   1.078    1.38    3.39   0.408  7.4760E-05    0.61
  85  5.5000E+00  4.8120E-06  4.5337E-06   1.061    1.27    3.35   0.378  7.2755E-05    0.60
  86  6.0000E+00  3.9679E-06  3.8042E-06   1.043    1.09    3.28   0.334  7.0349E-05    0.59
  87  6.7000E+00  6.4214E-06  6.2507E-06   1.027    0.95    3.22   0.295  6.7572E-05    0.59
  88  7.4000E+00  6.3355E-06  6.2508E-06   1.014    0.86    3.20   0.268  6.3077E-05    0.58
  89  8.2000E+00  7.6603E-06  7.6581E-06   1.000    0.78    3.19   0.243  5.8008E-05    0.59
  90  9.0000E+00  6.1918E-06  6.2662E-06   0.988    0.70    3.17   0.221  5.1880E-05    0.59
  91  1.0000E+01  7.6432E-06  7.8321E-06   0.976    0.65    3.17   0.204  4.5688E-05    0.62
  92  1.1000E+01  6.6732E-06  6.9517E-06   0.960    0.61    3.20   0.192  3.8045E-05    0.66
  93  1.2000E+01  5.8133E-06  6.1563E-06   0.944    0.60    3.23   0.185  3.1372E-05    0.73
  94  1.3000E+01  4.9591E-06  5.3399E-06   0.929    0.61    3.26   0.187  2.5558E-05    0.83
  95  1.4000E+01  4.0115E-06  4.3996E-06   0.912    0.66    3.31   0.198  2.0599E-05    0.97
  96  1.5000E+01  3.0891E-06  3.4494E-06   0.896    0.74    3.37   0.219  1.6588E-05    1.14
  97  1.6000E+01  2.5008E-06  2.8421E-06   0.880    0.85    3.44   0.246  1.3499E-05    1.34
  98  1.7000E+01  1.8416E-06  2.1264E-06   0.866    0.98    3.53   0.278  1.0998E-05    1.58
  99  1.8000E+01  1.4119E-06  1.6520E-06   0.855    1.14    3.64   0.313  9.1562E-06    1.83
 100  1.9000E+01  1.0820E-06  1.2885E-06   0.840    1.36    3.82   0.357  7.7443E-06    2.10
 101  2.0000E+01  7.6279E-07  9.1807E-07   0.831    1.60    4.02   0.399  6.6623E-06    2.36
 102  2.1000E+01  6.5858E-07  7.9192E-07   0.832    1.83    4.18   0.437  5.8996E-06    2.58
 103  2.2000E+01  5.5410E-07  6.6052E-07   0.839    2.05    4.32   0.474  5.2410E-06    2.80
 104  2.3000E+01  5.1244E-07  6.0079E-07   0.853    2.24    4.42   0.508  4.6869E-06    3.01
 105  2.4000E+01  4.8836E-07  5.6120E-07   0.870    2.43    4.49   0.541  4.1744E-06    3.22
 106  2.5000E+01  4.8008E-07  5.4190E-07   0.886    2.65    4.59   0.577  3.6861E-06    3.43
 107  2.6000E+01  4.3410E-07  4.8258E-07   0.900    2.93    4.74   0.617  3.2060E-06    3.66
 108  2.7000E+01  3.9595E-07  4.3340E-07   0.914    3.20    4.88   0.655  2.7719E-06    3.88
 109  2.8000E+01  3.6857E-07  3.9676E-07   0.929    3.41    4.96   0.687  2.3760E-06    4.09
 110  2.9000E+01  3.7069E-07  3.9320E-07   0.943    3.61    5.04   0.716  2.0074E-06    4.31
 111  3.0000E+01  3.4251E-07  3.5922E-07   0.953    3.88    5.20   0.748  1.6367E-06    4.55
 112  3.1000E+01  3.1493E-07  3.2620E-07   0.965    4.01    5.22   0.768  1.2942E-06    4.80
 113  3.2000E+01  3.4509E-07  3.5393E-07   0.975    4.15    5.27   0.788  9.7928E-07    5.11
 114  3.3000E+01  3.2212E-07  3.2932E-07   0.978    4.81    5.80   0.829  6.3418E-07    5.69
 115  3.4000E+01  2.3442E-07  2.4223E-07   0.968    7.30    8.10   0.901  3.1206E-07    6.65
 116  3.5000E+01  7.7640E-08  7.8064E-08   0.995    4.77    5.66   0.842  7.7640E-08    4.77
      3.6000E+01

  INTEGRALS OF SPECTRA
    OLD SPECTRUM   9.1780E-05   ±    3.161 %
    NEW SPECTRUM   9.0311E-05   ±    0.640 %

  SUMMARY OF BROAD-GROUP FLUXES, FLUENCES, AND UNCERTAINTIES

    IRRAD TIME [S] = 1.00000000E+00   ACT NORM =  1.00000000E+00

       ENERGY       FLUX       FLUENCE      STDEV %
      thermal    0.0000E+00  0.0000E+00  ±   0.00     (0.100 meV – 0.550  eV)
     epithermal  1.3561E-07  1.3561E-07  ±   1.84     (0.550  eV – 110.0 keV)
        fast     9.0176E-05  9.0176E-05  ±   0.59     (110.0 keV –  20.0 MeV)
        fast     8.7319E-05  8.7319E-05  ±   0.60     (  1.0 MeV –  20.0 MeV)
        high     6.6623E-06  6.6623E-06  ±   2.36     ( 20.0 MeV –  60.0 MeV)

    MINI-SPECTRUM

       ENERGY       FLUX       FLUENCE      STDEV %
     1.0000E-10  0.0000E+00  0.0000E+00  ±   0.00
     5.5000E-07  1.0301E-09  1.0301E-09  ±   1.39
     1.0000E-04  1.3458E-07  1.3458E-07  ±   1.85
     1.1000E-01  1.0419E-06  1.0419E-06  ±   2.01
     5.0000E-01  1.8144E-06  1.8144E-06  ±   1.78
     1.0000E+00  3.4093E-06  3.4093E-06  ±   1.54
     2.0000E+00  9.1504E-06  9.1504E-06  ±   1.65
     5.0000E+00  2.9071E-05  2.9071E-05  ±   0.87
     1.0000E+01  3.9026E-05  3.9026E-05  ±   0.57
     2.0000E+01  6.6623E-06  6.6623E-06  ±   2.36
     6.0000E+01

       TOTAL     9.0311E-05  9.0311E-05  ±   0.64

    RELATIVE COVARIANCES (10×10)
        0     0     0     0     0     0     0     0     0     0
     1000   331   189   152   189   143   323   298   156
     1000   513     2   -25    -1   198   233   102
     1000   384  -147  -153   116   231    73
     1000   469   -34   100   271    70
     1000   571   228   297    87
     1000   608   218    93
     1000   460   132
     1000    67
     1000

  SPECTRAL-AVERAGED REACTION RATES (for all cross section library reactions)

        REACTIONS        SIG-PHI      <SIG>          REACTIONS        SIG-PHI      <SIG>          REACTIONS        SIG-PHI      <SIG>  
   ------------------  ----------  ----------   ------------------  ----------  ----------   ------------------  ----------  ----------
   LI6(N,A)T           7.0660E-30  7.8241E-26   FE58(N,G)FE59       7.9369E-32  8.7883E-28   IN115(N,N')IN115M   1.7819E-29  1.9731E-25
   B10(N,A)LI7         1.0811E-29  1.1971E-25   CO59(N,2N)CO58      2.0422E-29  2.2613E-25   IN115(N,2N)IN114M   4.3421E-29  4.8079E-25
   F19(N,2N)F18        1.4522E-30  1.6079E-26   CO59(N,3N)CO57      1.2186E-30  1.3493E-26   IN115(N,G)IN116M    1.6376E-30  1.8133E-26
   NA23(N,2N)NA22      1.5280E-30  1.6919E-26   CO59(N,G)CO60       1.6909E-31  1.8723E-27   I127(N,2N)I126      4.9012E-29  5.4270E-25
   NA23(N,G)NA24       1.7981E-32  1.9910E-28   CO59(N,P)FE59       2.7664E-30  3.0632E-26   LA139(N,G)LA140     1.7154E-31  1.8994E-27
   MG24(N,P)NA24       8.8213E-30  9.7677E-26   CO59(N,A)MN56       1.1974E-30  1.3259E-26   PR141(N,2N)PR140    5.4455E-29  6.0297E-25
   AL27(N,P)MG27       5.3863E-30  5.9642E-26   NI58(N,2N)NI57      1.2433E-30  1.3767E-26   TM169(N,2N)TM168    7.7160E-29  8.5438E-25
   AL27(N,A)NA24       5.2604E-30  5.8247E-26   NI58(N,P)CO58       3.7648E-29  4.1687E-25   TM169(N,3N)TM167    1.1226E-29  1.2430E-25
   SI28(N,P)AL28       1.4949E-29  1.6553E-25   NI60(N,P)CO60       7.0216E-30  7.7748E-26   TA181(N,G)TA182     1.1290E-30  1.2501E-26
   P31(N,P)SI31        9.2711E-30  1.0266E-25   CU63(N,2N)CU62      1.4609E-29  1.6177E-25   W186(N,G)W187       6.8219E-31  7.5538E-27
   S32(N,P)P32         2.2972E-29  2.5437E-25   CU63(N,G)CU64       3.6544E-31  4.0465E-27   AU197(N,2N)AU196    7.6919E-29  8.5171E-25
   TI46(N,2N)TI45      2.9637E-30  3.2816E-26   CU63(N,A)CO60       2.0283E-30  2.2459E-26   AU197(N,G)AU198     1.0647E-30  1.1789E-26
   TI46(N,P)SC46       1.6675E-29  1.8464E-25   CU65(N,2N)CU64      2.6433E-29  2.9268E-25   HG199(N,N')HG199M   3.7476E-29  4.1496E-25
   TI47(N,P)SC47       8.4105E-30  9.3128E-26   ZN64(N,P)CU64       1.5465E-29  1.7124E-25   PB204(N,N')PB204M   1.1453E-29  1.2682E-25
   TI47(N,X)SC46       3.4265E-30  3.7941E-26   ZN67(N,P)CU67       1.6516E-30  1.8287E-26   BI209(N,3N)BI207    1.3192E-29  1.4607E-25
   TI48(N,P)SC48       2.5090E-30  2.7781E-26   AS75(N,2N)AS74      2.8660E-29  3.1735E-25   TH232(N,FISSION)    2.9249E-29  3.2386E-25
   TI48(N,X)SC47       1.7619E-30  1.9509E-26   Y89(N,2N)Y88        2.5772E-29  2.8537E-25   TH232(N,G)TH233     1.1882E-30  1.3157E-26
   TI49(N,X)SC48       1.1262E-30  1.2470E-26   ZR90(N,2N)ZR89      2.1653E-29  2.3976E-25   U235(N,FISSION)     1.5308E-28  1.6950E-24
   V51(N,A)SC48        5.7340E-31  6.3491E-27   NB93(N,G)NB94       3.1530E-31  3.4913E-27   U235(N,G)U236       1.2246E-30  1.3559E-26
   CR52(N,2N)CR51      1.1152E-29  1.2348E-25   NB93(N,N')NB93M     1.2355E-29  1.3680E-25   U238(N,2N)U237      6.8072E-29  7.5375E-25
   MN55(N,2N)MN54      2.1033E-29  2.3289E-25   NB93(N,2N)NB92M     1.5779E-29  1.7472E-25   U238(N,FISSION)     8.6062E-29  9.5295E-25
   MN55(N,G)MN56       7.5338E-32  8.3421E-28   MO92(N,P)NB92M      6.1507E-30  6.8106E-26   U238(N,G)U239       9.2102E-31  1.0198E-26
   FE54(N,2N)FE53      1.1091E-30  1.2280E-26   RH103(N,N')RH103M   6.9620E-29  7.7089E-25   NP237(N,FISSION)    1.7502E-28  1.9379E-24
   FE54(N,P)MN54       3.1525E-29  3.4907E-25   AG109(N,G)AG110M    1.2444E-31  1.3779E-27   PU239(N,FISSION)    1.9541E-28  2.1637E-24
   FE54(N,A)CR51       3.8716E-30  4.2870E-26   IN113(N,N')IN113M   1.4850E-29  1.6443E-25   AM241(N,FISSION)    2.0129E-28  2.2288E-24
   FE56(N,P)MN56       5.0706E-30  5.6146E-26   IN113(N,G)IN114M    2.2383E-30  2.4784E-26   SC45(N,G)SC46       1.0966E-31  1.2142E-27

  INPUT FLUX REL. CORRELATION MATRIX (by row from diagonal)
   1   1000  1000  1000  1000  1000  1000  1000  1000  1000  1000  1000   104    51    65    98    86    93   239   948   952
        952   956   958   957   948   949   952   948   951   958   961   926   832   792   756   767   853   878   887   879
        900   942   952   960   967   971   980   978   834   731   729   678   773   868   800   763   772   758   756   780
        803   796   777   769   783   804   810   796   796   796   833   869   849   830   810   819   828   812   820   834
        834   836   858   884   895   915   932   938   941   945   946   938   930   921   907   892   872   849   824   785
        747   718   694   678   668   653   633   614   605   595   577   575   569   517   370   530  1000  1000  1000  1000
       1000  1000  1000  1000  1000  1000  1000  1000  1000  1000  1000  1000  1000  1000  1000  1000  1000  1000  1000  1000

  OUTPUT FLUX REL. CORRELATION MATRIX (by row from diagonal)
   1   1000  1000  1000  1000  1000  1000  1000  1000  1000  1000  1000    30    11    15    25    20    21    72   710   726
        724   738   749   745   708   711   723   705   715   745   758   631   437   383   342   353   465   510   529   511
        555   677   716   746   779   800   854   839   395   258   246   189   277   425   297   239   242   217   207   233
        262   245   210   191   206   235   241   210   204   198   268   359   299   247   201   212   225   185   190   207
        191   174   204   259   274   349   437   471   501   546   566   496   426   349   250   171   113    81    69    43
         45    71   103   139   172   192   199   204   211   214   210   214   214   187   120   199  1000  1000  1000  1000
       1000  1000  1000  1000  1000  1000  1000  1000  1000  1000  1000  1000  1000  1000  1000  1000  1000  1000  1000  1000
   2   1000  1000  1000  1000  1000  1000  1000  1000  1000  1000    30    11    15    25    20    21    72   710   726   724
        738   749   745   708   711   723   705   715   745   758   631   437   383   342   353   465   510   529   511   555
        677   716   746   779   800   854   839   395   258   246   189   277   425   297   239   242   217   207   233   262
        245   210   191   206   235   241   210   204   198   268   359   299   247   201   212   225   185   190   207   191
        174   204   259   274   349   437   471   501   546   566   496   426   349   250   171   113    81    69    43    45
         71   103   139   172   192   199   204   211   214   210   214   214   187   120   199  1000  1000  1000  1000  1000
       1000  1000  1000  1000  1000  1000  1000  1000  1000  1000  1000  1000  1000  1000  1000  1000  1000  1000  1000
   3   1000  1000  1000  1000  1000  1000  1000  1000  1000    30    11    15    25    20    21    72   710   726   724   738
        749   745   708   711   723   705   715   745   758   631   437   383   342   353   465   510   529   511   555   677
        716   746   779   800   854   839   395   258   246   189   277   425   297   239   242   217   207   233   262   245
        210   191   206   235   241   210   204   198   268   359   299   247   201   212   225   185   190   207   191   174
        204   259   274   349   437   471   501   546   566   496   426   349   250   171   113    81    69    43    45    71
        103   139   172   192   199   204   211   214   210   214   214   187   120   199  1000  1000  1000  1000  1000  1000
       1000  1000  1000  1000  1000  1000  1000  1000  1000  1000  1000  1000  1000  1000  1000  1000  1000  1000
   4   1000  1000  1000  1000  1000  1000  1000  1000    30    11    15    25    20    21    72   710   726   724   738   749
        745   708   711   723   705   715   745   758   631   437   383   342   353   465   510   529   511   555   677   716
        746   779   800   854   839   395   258   246   189   277   425   297   239   242   217   207   233   262   245   210
        191   206   235   241   210   204   198   268   359   299   247   201   212   225   185   190   207   191   174   204
        259   274   349   437   471   501   546   566   496   426   349   250   171   113    81    69    43    45    71   103
        139   172   192   199   204   211   214   210   214   214   187   120   199  1000  1000  1000  1000  1000  1000  1000
       1000  1000  1000  1000  1000  1000  1000  1000  1000  1000  1000  1000  1000  1000  1000  1000  1000
   5   1000  1000  1000  1000  1000  1000  1000    30    11    15    25    20    21    72   710   726   724   738   749   745
        708   711   723   705   715   745   758   631   437   383   342   353   465   510   529   511   555   677   716   746
        779   800   854   839   395   258   246   189   277   425   297   239   242   217   207   233   262   245   210   191
        206   235   241   210   204   198   268   359   299   247   201   212   225   185   190   207   191   174   204   259
        274   349   437   471   501   546   566   496   426   349   250   171   113    81    69    43    45    71   103   139
        172   192   199   204   211   214   210   214   214   187   120   199  1000  1000  1000  1000  1000  1000  1000  1000
       1000  1000  1000  1000  1000  1000  1000  1000  1000  1000  1000  1000  1000  1000  1000  1000
   6   1000  1000  1000  1000  1000  1000    30    11    15    25    20    21    72   710   726   724   738   749   745   708
        711   723   705   715   745   758   631   437   383   342   353   465   510   529   511   555   677   716   746   779
        800   854   839   395   258   246   189   277   425   297   239   242   217   207   233   262   245   210   191   206
        235   241   210   204   198   268   359   299   247   201   212   225   185   190   207   191   174   204   259   274
        349   437   471   501   546   566   496   426   349   250   171   113    81    69    43    45    71   103   139   172
        192   199   204   211   214   210   214   214   187   120   199  1000  1000  1000  1000  1000  1000  1000  1000  1000
       1000  1000  1000  1000  1000  1000  1000  1000  1000  1000  1000  1000  1000  1000  1000
   7   1000  1000  1000  1000  1000    30    11    15    25    20    21    72   710   726   724   738   749   745   708   711
        723   705   715   745   758   631   437   383   342   353   465   510   529   511   555   677   716   746   779   800
        854   839   395   258   246   189   277   425   297   239   242   217   207   233   262   245   210   191   206   235
        241   210   204   198   268   359   299   247   201   212   225   185   190   207   191   174   204   259   274   349
        437   471   501   546   566   496   426   349   250   171   113    81    69    43    45    71   103   139   172   192
        199   204   211   214   210   214   214   187   120   199  1000  1000  1000  1000  1000  1000  1000  1000  1000  1000
       1000  1000  1000  1000  1000  1000  1000  1000  1000  1000  1000  1000  1000  1000
   8   1000  1000  1000  1000    30    11    15    25    20    21    72   710   726   724   738   749   745   708   711   723
        705   715   745   758   631   437   383   342   353   465   510   529   511   555   677   716   746   779   800   854
        839   395   258   246   189   277   425   297   239   242   217   207   233   262   245   210   191   206   235   241
        210   204   198   268   359   299   247   201   212   225   185   190   207   191   174   204   259   274   349   437
        471   501   546   566   496   426   349   250   171   113    81    69    43    45    71   103   139   172   192   199
        204   211   214   210   214   214   187   120   199  1000  1000  1000  1000  1000  1000  1000  1000  1000  1000  1000
       1000  1000  1000  1000  1000  1000  1000  1000  1000  1000  1000  1000  1000
   9   1000  1000  1000    30    11    15    25    20    21    72   710   726   724   738   749   745   708   711   723   705
        715   745   758   631   437   383   342   353   465   510   529   511   555   677   716   746   779   800   854   839
        395   258   246   189   277   425   297   239   242   217   207   233   262   245   210   191   206   235   241   210
        204   198   268   359   299   247   201   212   225   185   190   207   191   174   204   259   274   349   437   471
        501   546   566   496   426   349   250   171   113    81    69    43    45    71   103   139   172   192   199   204
        211   214   210   214   214   187   120   199  1000  1000  1000  1000  1000  1000  1000  1000  1000  1000  1000  1000
       1000  1000  1000  1000  1000  1000  1000  1000  1000  1000  1000  1000
  10   1000  1000    30    11    15    25    20    21    72   710   726   724   738   749   745   708   711   723   705   715
        745   758   631   437   383   342   353   465   510   529   511   555   677   716   746   779   800   854   839   395
        258   246   189   277   425   297   239   242   217   207   233   262   245   210   191   206   235   241   210   204
        198   268   359   299   247   201   212   225   185   190   207   191   174   204   259   274   349   437   471   501
        546   566   496   426   349   250   171   113    81    69    43    45    71   103   139   172   192   199   204   211
        214   210   214   214   187   120   199  1000  1000  1000  1000  1000  1000  1000  1000  1000  1000  1000  1000  1000
       1000  1000  1000  1000  1000  1000  1000  1000  1000  1000  1000
  11   1000    30    11    15    25    20    21    72   710   726   724   738   749   745   708   711   723   705   715   745
        758   631   437   383   342   353   465   510   529   511   555   677   716   746   779   800   854   839   395   258
        246   189   277   425   297   239   242   217   207   233   262   245   210   191   206   235   241   210   204   198
        268   359   299   247   201   212   225   185   190   207   191   174   204   259   274   349   437   471   501   546
        566   496   426   349   250   171   113    81    69    43    45    71   103   139   172   192   199   204   211   214
        210   214   214   187   120   199  1000  1000  1000  1000  1000  1000  1000  1000  1000  1000  1000  1000  1000  1000
       1000  1000  1000  1000  1000  1000  1000  1000  1000  1000
  12   1000   988   952   895   821   735   641   406   334   275   218   171   135   108    83    64    51    41    34    30
         24    16    13    11    10    13    15    15    14    16    19    20    21    22    23    24    24     9     5     4
          2     4     8     4     2     2     0     0     0     1     0     0    -1    -1     0     0    -1    -2    -2     0
          2     0     0    -1     0     0     0     0     1     1     2     3     6     7    10    13    14    16    18    19
         17    15    13    10     8     6     5     4     3     3     3     4     5     6     6     6     6     6     6     6
          6     6     6     4     6    30    30    30    30    30    30    30    30    30    30    30    30    30    30    30
         30    30    30    30    30    30    30    30    30
  13   1000   988   952   895   821   733   459   383   321   256   201   158   127    95    69    51    37    26    20    15
         10     7     5     4     5     5     5     5     5     6     7     7     7     7     8     7     1     0     0    -1
         -1     0    -1    -3    -3    -4    -4    -4    -4    -5    -5    -6    -6    -6    -6    -7    -7    -7    -6    -5
         -6    -6    -6    -5    -5    -4    -3    -2    -2    -1     0     0     1     3     4     5     6     7     8     8
          8     7     6     5     4     3     3     2     2     2     2     2     2     2     2     2     2     2     2     2
          2     2     1     2    11    11    11    11    11    11    11    11    11    11    11    11    11    11    11    11
         11    11    11    11    11    11    11    11
  14   1000   988   952   895   820   527   452   387   317   254   205   168   129    96    73    53    38    29    23    16
         11     8     6     7     7     7     6     7     9     9     9    10    10    11    10     2     0     0    -1    -1
          0    -1    -3    -3    -4    -4    -4    -4    -5    -6    -6    -6    -6    -6    -7    -8    -8    -7    -5    -6
         -6    -7    -6    -5    -5    -4    -2    -2    -1     0     1     2     4     6     7     8    10    11    10    10
          9     8     6     5     4     3     3     2     2     2     3     3     3     3     3     3     3     3     3     3
          3     2     3    15    15    15    15    15    15    15    15    15    15    15    15    15    15    15    15    15
         15    15    15    15    15    15    15
  15   1000   988   952   894   595   523   460   387   319   264   223   175   134   105    79    59    46    37    26    19
         14    11    12    13    12    12    12    15    16    17    18    18    19    19     6     2     1     0     0     4
          0    -1    -2    -3    -3    -3    -3    -4    -5    -6    -6    -5    -5    -6    -7    -7    -5    -3    -4    -5
         -6    -5    -4    -4    -3    -1    -1     0     1     3     4     7    10    12    14    15    17    16    15    13
         11     8     7     5     4     3     3     3     4     4     5     5     5     5     5     5     5     5     5     5
          3     5    25    25    25    25    25    25    25    25    25    25    25    25    25    25    25    25    25    25
         25    25    25    25    25    25
  16   1000   988   951   644   579   521   447   376   317   273   218   169   133   100    73    55    44    33    23    16
         12    12    11    10     9    10    12    13    13    14    14    15    14     3     0     0    -2    -1     1    -1
         -3    -4    -5    -6    -6    -5    -6    -7    -8    -8    -8    -8    -9    -9   -10    -8    -6    -7    -8    -8
         -7    -6    -6    -5    -3    -2    -1     0     2     3     5     8    10    11    13    14    14    13    12    10
          8     6     5     4     3     3     3     3     4     4     4     4     4     4     4     4     4     4     4     2
          4    20    20    20    20    20    20    20    20    20    20    20    20    20    20    20    20    20    20    20
         20    20    20    20    20
  17   1000   986   685   631   581   511   440   380   335   273   215   173   132    98    73    60    46    33    23    17
         14    13    12    10    10    13    13    14    14    15    16    15     3     0     0    -2    -1     1    -2    -4
         -5    -6    -7    -6    -6    -7    -8    -9    -9    -9    -9   -10   -11   -11    -9    -7    -8    -9    -9    -8
         -7    -7    -5    -4    -3    -2     0     1     3     6     9    10    12    14    15    15    14    13    11     9
          7     6     5     4     3     3     3     4     4     5     5     5     5     5     4     5     5     4     3     4
         21    21    21    21    21    21    21    21    21    21    21    21    21    21    21    21    21    21    21    21
         21    21    21    21
  18   1000   745   705   668   606   539   480   435   369   305   256   207   165   134   113    86    65    49    41    42
         41    40    37    39    47    50    52    54    55    59    58    23    12    11     6    11    22    11     6     6
          3     2     3     5     3     0    -1     0     1     1    -1    -2    -2     2     9     5     1    -1     0     2
          1     3     5     5     6     9    14    17    23    31    35    38    42    44    40    36    31    24    18    13
         10     9     6     6     7     9    11    13    14    15    15    15    16    15    15    15    14     9    14    72
         72    72    72    72    72    72    72    72    72    72    72    72    72    72    72    72    72    72    72    72
         72    72    72
  19   1000   994   976   949   915   874   821   775   734   684   650   634   615   515   365   311   270   268   340   368
        379   364   394   480   507   528   551   566   604   594   277   178   169   128   190   295   203   161   163   144
        137   155   176   163   137   124   134   155   159   136   131   127   177   242   199   162   130   139   149   122
        127   139   129   118   141   181   192   246   310   335   357   390   404   355   307   252   182   126    84    61
         52    33    34    52    74   100   123   136   141   145   150   152   149   152   152   133    85   141   710   710
        710   710   710   710   710   710   710   710   710   710   710   710   710   710   710   710   710   710   710   710
        710   710
  20   1000   994   977   951   917   870   826   784   733   695   673   650   547   392   333   287   282   354   380   389
        373   404   491   519   540   564   579   618   607   283   182   172   130   194   301   207   164   166   147   140
        158   179   166   140   126   137   158   162   138   134   129   180   247   204   166   133   142   152   124   129
        142   132   121   144   185   196   252   317   343   365   398   413   363   314   258   186   129    86    62    53
         34    35    53    76   102   126   139   145   148   153   156   152   155   155   136    87   145   726   726   726
        726   726   726   726   726   726   726   726   726   726   726   726   726   726   726   726   726   726   726   726
        726
  21   1000   994   977   951   912   871   829   777   736   708   679   576   420   355   304   294   361   384   392   375
        404   490   518   539   562   577   616   605   281   181   171   129   193   300   206   163   165   146   139   157
        178   165   139   125   135   156   160   137   132   128   179   245   202   164   131   141   151   123   128   141
        131   120   143   184   195   251   316   342   364   397   412   363   313   257   186   129    86    62    53    34
         35    53    76   102   125   139   144   147   153   155   152   155   155   136    87   144   724   724   724   724
        724   724   724   724   724   724   724   724   724   724   724   724   724   724   724   724   724   724   724   724
  22   1000   994   978   949   914   876   827   785   753   721   617   457   386   330   315   379   399   405   386   415
        501   529   550   573   588   628   617   287   184   175   132   197   305   210   166   168   149   141   160   181
        168   141   127   138   159   163   139   135   130   182   250   206   167   134   143   153   125   130   144   133
        122   145   187   199   256   322   348   371   405   421   370   320   263   190   131    88    63    54    34    35
         54    77   104   128   142   147   150   156   158   155   158   158   138    89   147   738   738   738   738   738
        738   738   738   738   738   738   738   738   738   738   738   738   738   738   738   738   738   738   738
  23   1000   995   976   949   917   873   832   799   763   661   499   423   360   340   399   416   419   397   424   511
        538   559   582   597   638   626   291   187   177   134   199   310   213   168   170   150   143   162   183   170
        143   128   139   161   165   141   136   131   184   253   208   169   135   145   155   127   132   146   135   124
        147   190   202   259   327   353   376   411   427   376   324   267   193   133    89    65    55    35    36    55
         78   105   130   144   149   153   158   161   157   160   160   140    90   149   749   749   749   749   749   749
        749   749   749   749   749   749   749   749   749   749   749   749   749   749   749   749   749   749
  24   1000   993   976   951   913   875   840   802   704   545   463   394   367   418   429   428   403   427   511   537
        557   580   594   634   623   289   185   176   132   197   307   211   167   168   149   141   160   181   168   141
        127   137   159   163   139   134   130   182   250   206   167   133   143   154   125   130   144   133   123   146
        189   201   258   325   352   374   409   425   374   323   266   192   133    89    64    55    35    36    55    78
        105   129   143   149   152   157   160   156   159   160   140    89   148   745   745   745   745   745   745   745
        745   745   745   745   745   745   745   745   745   745   745   745   745   745   745   745   745
  25   1000   994   976   947   911   873   831   745   596   510   434   397   433   435   426   397   416   492   514   531
        552   565   603   592   274   175   166   124   186   290   198   156   158   139   132   149   170   157   131   118
        128   148   152   129   124   120   170   235   193   156   124   133   143   117   122   135   125   115   138   178
        190   245   309   334   356   390   405   356   308   254   183   127    86    62    53    34    35    52    75   100
        123   136   141   144   149   152   149   152   152   133    85   141   708   708   708   708   708   708   708   708
        708   708   708   708   708   708   708   708   708   708   708   708   708   708   708   708
  26   1000   994   976   948   914   875   798   655   566   485   441   469   463   449   415   429   501   521   537   556
        569   606   594   276   176   166   125   187   291   199   156   158   139   131   149   170   157   131   117   127
        148   152   128   124   119   169   235   192   155   123   133   143   117   122   135   125   116   138   179   191
        246   310   336   358   391   407   358   310   255   185   128    86    63    53    34    35    53    75   100   123
        137   142   145   150   152   149   152   152   133    85   142   711   711   711   711   711   711   711   711   711
        711   711   711   711   711   711   711   711   711   711   711   711   711   711   711
  27   1000   994   977   951   918   850   713   624   541   492   513   501   480   441   451   519   536   550   569   581
        617   605   281   179   169   127   190   296   202   159   160   141   133   151   172   159   133   119   129   150
        154   130   125   121   172   239   195   158   125   135   145   118   124   137   127   117   141   182   194   250
        315   342   364   398   414   364   315   260   188   131    88    64    54    35    36    54    76   102   126   139
        144   148   153   155   152   155   155   136    87   144   723   723   723   723   723   723   723   723   723   723
        723   723   723   723   723   723   723   723   723   723   723   723   723   723
  28   1000   994   975   948   896   776   689   604   549   558   535   506   461   462   521   533   543   559   568   603
        591   274   174   164   122   184   287   195   153   155   136   128   146   166   153   127   113   123   144   147
        124   120   115   165   230   188   151   120   129   140   113   119   133   123   113   136   177   189   243   307
        333   355   389   404   356   308   254   184   128    87    63    53    34    35    53    75   100   122   136   141
        144   149   151   148   151   151   132    85   140   705   705   705   705   705   705   705   705   705   705   705
        705   705   705   705   705   705   705   705   705   705   705   705   705
  29   1000   993   976   936   828   747   665   609   612   584   549   498   493   546   553   560   573   581   614   601
        280   178   167   124   186   291   198   155   157   137   129   147   168   155   128   115   125   145   149   126
        121   116   167   233   190   153   121   131   141   114   120   134   124   115   138   179   191   247   312   338
        360   394   410   361   313   258   187   130    88    64    54    35    36    54    76   101   124   138   143   146
        151   153   150   153   153   134    86   143   715   715   715   715   715   715   715   715   715   715   715   715
        715   715   715   715   715   715   715   715   715   715   715   715
  30   1000   994   963   862   791   715   662   668   639   601   545   536   585   589   592   603   609   643   628   294
        187   175   131   195   304   207   162   164   144   135   154   175   162   134   120   130   152   156   131   127
        122   174   243   198   160   126   137   148   120   126   140   130   120   144   187   199   257   325   352   375
        410   427   376   325   268   194   135    91    66    56    36    37    56    79   105   129   143   149   152   157
        160   156   159   160   140    89   148   745   745   745   745   745   745   745   745   745   745   745   745   745
        745   745   745   745   745   745   745   745   745   745   745
  31   1000   978   890   829   762   715   722   692   651   592   577   619   617   617   624   627   658   642   303   193
        180   134   199   310   210   165   166   146   138   156   178   164   137   122   132   154   158   134   128   124
        177   247   202   162   128   139   150   122   128   142   132   122   146   190   203   262   330   358   382   418
        434   382   331   273   198   138    93    68    57    37    38    57    80   107   132   146   151   155   160   162
        159   162   162   142    91   151   758   758   758   758   758   758   758   758   758   758   758   758   758   758
        758   758   758   758   758   758   758   758   758   758
  32   1000   965   923   868   818   797   749   692   623   586   591   571   555   549   543   560   543   260   165   151
        110   162   254   170   131   132   114   107   122   140   128   105    92   101   119   122   101    96    92   137
        196   158   125    97   106   117    94    99   113   105    97   118   156   167   217   275   299   319   350   364
        322   279   231   169   118    81    59    50    33    33    48    68    90   110   122   126   129   133   135   133
        135   135   118    76   126   631   631   631   631   631   631   631   631   631   631   631   631   631   631   631
        631   631   631   631   631   631   631   631   631
  33   1000   988   954   907   856   790   719   643   580   537   492   457   431   412   410   391   197   124   108    75
        108   170   110    81    81    68    62    72    84    75    58    49    55    67    69    54    50    47    78   119
         93    71    52    59    67    53    58    69    64    60    76   103   113   148   189   207   222   244   255   227
        198   165   122    87    60    45    38    25    25    35    48    63    77    85    88    89    92    94    92    94
         94    82    52    87   437   437   437   437   437   437   437   437   437   437   437   437   437   437   437   437
        437   437   437   437   437   437   437   437
  34   1000   988   958   909   847   777   703   630   565   508   461   424   395   382   360   193   123   103    71    97
        148    94    68    67    55    49    58    68    60    45    37    41    52    53    40    37    34    61    97    74
         55    39    46    53    41    46    56    53    50    65    89    97   129   166   182   195   215   225   201   176
        148   110    79    55    41    35    24    23    32    43    56    68    75    77    78    81    82    80    82    82
         72    46    76   383   383   383   383   383   383   383   383   383   383   383   383   383   383   383   383   383
        383   383   383   383   383   383   383
  35   1000   989   951   897   835   767   689   607   540   482   434   396   370   345   201   131   107    72    91   134
         84    59    57    45    40    47    56    49    35    27    31    41    42    29    26    24    48    81    60    43
         29    35    43    32    37    46    44    42    56    78    86   115   148   163   175   193   203   181   160   134
        100    72    51    38    33    22    21    29    39    50    61    67    69    70    73    74    72    73    73    64
         41    68   342   342   342   342   342   342   342   342   342   342   342   342   342   342   342   342   342   342
        342   342   342   342   342   342
  36   1000   982   946   897   840   766   679   607   544   488   442   407   377   236   158   127    87   103   144    91
         64    61    48    42    49    58    51    36    28    33    42    43    31    27    25    50    84    62    44    30
         37    44    33    39    48    46    44    58    80    89   119   153   168   181   200   209   187   165   138   103
         75    53    39    33    23    22    30    40    52    63    69    71    73    75    76    74    76    76    66    42
         70   353   353   353   353   353   353   353   353   353   353   353   353   353   353   353   353   353   353   353
        353   353   353   353   353
  37   1000   989   961   918   862   792   728   667   612   565   528   494   312   214   176   125   146   200   130    95
         91    75    67    77    89    79    61    51    57    70    71    55    51    48    81   125    97    73    53    61
         70    55    61    72    68    64    81   110   120   158   202   221   237   261   272   242   212   177   131    93
         65    48    41    27    27    38    51    68    82    91    94    95    98   100    98   100   100    87    56    93
        465   465   465   465   465   465   465   465   465   465   465   465   465   465   465   465   465   465   465   465
        465   465   465   465
  38   1000   991   964   923   864   805   746   690   640   597   560   371   261   215   155   175   230   152   112   106
         87    78    88   101    91    71    60    66    80    82    64    60    57    93   141   110    84    62    71    80
         63    69    81    76    71    90   121   132   173   222   242   259   285   298   265   231   193   142   101    70
         52    44    29    29    41    56    74    90    99   102   104   108   110   107   109   109    96    61   102   510
        510   510   510   510   510   510   510   510   510   510   510   510   510   510   510   510   510   510   510   510
        510   510   510
  39   1000   991   965   917   864   809   752   699   650   611   429   310   257   188   202   254   169   124   116    95
         84    94   107    95    74    63    69    83    85    67    63    59    97   146   114    87    65    74    83    65
         72    84    79    74    93   126   137   180   230   251   269   296   309   274   240   200   147   105    73    54
         46    30    30    42    58    77    93   103   106   108   112   114   111   113   113    99    64   105   529   529
        529   529   529   529   529   529   529   529   529   529   529   529   529   529   529   529   529   529   529   529
        529   529
  40   1000   990   948   902   850   793   738   678   638   486   364   301   225   227   267   180   131   119    95    82
         90   101    89    68    57    63    76    78    60    56    52    88   137   106    80    58    67    77    60    66
         79    74    70    89   120   131   173   222   242   260   286   299   266   233   194   144   103    71    53    45
         30    29    41    56    74    90    99   103   105   108   110   107   109   109    96    61   102   511   511   511
        511   511   511   511   511   511   511   511   511   511   511   511   511   511   511   511   511   511   511   511
        511
  41   1000   980   950   909   860   810   750   711   561   431   361   275   273   312   214   157   140   112    96   103
        114   100    77    64    71    86    88    68    64    59    99   151   117    89    65    75    85    67    73    87
         82    77    97   132   143   189   241   263   283   311   324   289   252   210   156   111    77    57    48    32
         32    45    61    80    98   108   112   114   117   119   117   119   119   104    67   111   555   555   555   555
        555   555   555   555   555   555   555   555   555   555   555   555   555   555   555   555   555   555   555   555
  42   1000   992   971   940   903   858   823   633   491   421   327   333   385   269   202   182   148   129   137   151
        134   106    90    98   116   119    96    90    85   133   197   156   121    91   102   114    90    98   113   106
         99   123   164   177   231   294   321   343   377   393   348   304   252   185   131    90    66    56    37    37
         53    74    97   119   131   136   138   143   145   142   145   145   127    81   135   677   677   677   677   677
        677   677   677   677   677   677   677   677   677   677   677   677   677   677   677   677   677   677   677
  43   1000   993   974   947   909   879   691   548   476   378   382   432   307   233   208   169   145   152   164   145
        114    97   105   124   127   102    96    91   142   209   165   128    97   109   121    96   104   120   112   105
        130   173   187   245   311   339   363   399   416   368   321   267   196   138    95    70    59    39    39    56
         78   103   126   139   144   147   151   154   151   153   153   134    86   143   716   716   716   716   716   716
        716   716   716   716   716   716   716   716   716   716   716   716   716   716   716   716   716   716
  44   1000   994   977   947   923   742   601   531   430   432   479   347   266   235   190   162   166   176   154   121
        102   110   129   131   105    99    94   146   216   171   133   100   112   125    99   107   124   116   108   135
        180   195   255   324   353   378   415   433   384   335   278   204   144    99    73    62    41    41    59    81
        107   131   145   150   153   158   160   157   160   160   140    90   149   746   746   746   746   746   746   746
        746   746   746   746   746   746   746   746   746   746   746   746   746   746   746   746   746
  45   1000   995   976   958   780   643   577   477   480   528   389   302   267   216   183   183   191   166   130   109
        115   135   137   109   103    97   152   225   177   137   104   116   130   103   111   129   121   113   140   188
        203   266   339   369   395   434   452   401   350   291   213   151   104    77    65    43    43    61    85   112
        137   151   156   159   165   167   164   167   167   146    93   155   779   779   779   779   779   779   779   779
        779   779   779   779   779   779   779   779   779   779   779   779   779   779   779   779
  46   1000   991   982   809   680   620   523   529   576   433   341   300   243   205   201   205   176   136   113   119
        138   139   110   103    97   153   228   179   138   103   116   131   103   112   131   123   115   143   192   208
        273   348   379   406   446   465   413   360   300   220   156   108    79    67    45    44    63    87   115   140
        155   160   164   169   172   168   171   171   150    96   159   800   800   800   800   800   800   800   800   800
        800   800   800   800   800   800   800   800   800   800   800   800   800   800   800
  47   1000   996   792   669   622   532   551   611   466   372   332   273   232   226   230   198   154   129   134   153
        154   123   115   109   168   248   196   152   115   129   144   114   123   143   133   124   155   206   223   292
        371   405   433   476   496   439   383   318   234   165   114    84    71    47    46    67    93   123   150   166
        171   175   180   183   180   183   183   160   103   170   854   854   854   854   854   854   854   854   854   854
        854   854   854   854   854   854   854   854   854   854   854   854   854   854
  48   1000   825   715   676   593   611   664   520   422   375   308   259   246   242   204   156   126   127   144   143
        111   102    95   153   232   181   138   102   116   131   103   113   133   125   117   148   200   217   285   365
        398   427   469   490   435   380   317   234   166   115    85    72    48    47    67    92   121   148   163   168
        172   177   180   177   180   180   157   101   167   839   839   839   839   839   839   839   839   839   839   839
        839   839   839   839   839   839   839   839   839   839   839   839   839
  49   1000   978   943   878   827   767   661   554   463   368   284   223   175   119    65    25     6     0   -12   -36
        -47   -55   -29    10   -15   -34   -47   -35   -20   -26   -13     4     8    13    36    68    84   124   168   191
        211   237   252   233   212   184   145   111    83    65    55    40    36    43    52    63    74    80    82    82
         85    86    84    85    85    74    47    79   395   395   395   395   395   395   395   395   395   395   395   395
        395   395   395   395   395   395   395   395   395   395   395   395
  50   1000   988   950   897   818   738   637   538   435   339   259   190   123    60    12   -18   -37   -56   -81   -95
       -105   -89   -62   -80   -92   -99   -86   -71   -70   -56   -38   -29   -20     0    26    42    73   107   127   144
        165   179   171   161   145   119    95    75    60    51    38    33    35    40    46    51    54    55    55    56
         56    55    55    55    48    31    51   258   258   258   258   258   258   258   258   258   258   258   258   258
        258   258   258   258   258   258   258   258   258   258   258
  51   1000   986   952   883   820   728   630   524   421   330   248   168    94    35    -6   -34   -60   -90  -108  -122
       -109   -84  -102  -114  -119  -106   -90   -87   -71   -52   -41   -31    -9    18    35    67   101   122   140   162
        177   171   162   147   123   100    79    64    54    41    36    37    40    45    50    53    53    53    53    54
         52    53    53    46    30    49   246   246   246   246   246   246   246   246   246   246   246   246   246   246
        246   246   246   246   246   246   246   246   246   246
  52   1000   984   923   887   811   718   615   508   405   310   218   132    60     6   -34   -70  -106  -130  -147  -141
       -123  -139  -148  -151  -137  -121  -114   -97   -77   -63   -50   -28    -1    16    45    76    95   114   134   149
        148   145   135   117    97    79    65    55    42    36    35    36    39    41    42    42    41    42    42    40
         41    41    35    23    38   189   189   189   189   189   189   189   189   189   189   189   189   189   189   189
        189   189   189   189   189   189   189   189   189
  53   1000   976   951   890   812   716   612   510   411   309   211   126    61    12   -32   -80  -111  -134  -126  -102
       -125  -140  -147  -132  -114  -110   -91   -67   -54   -41   -15    17    37    74   114   138   159   185   202   197
        188   171   144   117    93    76    64    49    42    43    46    52    57    60    60    60    60    61    59    60
         60    52    33    55   277   277   277   277   277   277   277   277   277   277   277   277   277   277   277   277
        277   277   277   277   277   277   277   277
  54   1000   979   933   877   794   702   611   518   413   304   210   138    84    31   -28   -67   -97   -83   -49   -83
       -107  -122  -106   -85   -87   -67   -41   -29   -18    12    53    76   125   178   207   234   266   287   272   253
        225   183   145   112    89    75    56    50    54    62    73    83    88    89    90    92    92    90    91    91
         80    51    85   425   425   425   425   425   425   425   425   425   425   425   425   425   425   425   425   425
        425   425   425   425   425   425   425
  55   1000   985   947   883   800   706   605   493   377   269   178   103    33   -36   -87  -127  -130  -114  -145  -165
       -175  -159  -139  -134  -112   -86   -70   -54   -24    12    35    77   121   148   173   201   222   217   209   192
        162   133   107    87    73    56    48    49    52    57    62    65    65    64    65    65    63    64    64    56
         36    59   297   297   297   297   297   297   297   297   297   297   297   297   297   297   297   297   297   297
        297   297   297   297   297   297
  56   1000   987   946   881   797   699   588   470   354   249   156    71   -11   -75  -127  -144  -140  -174  -195  -204
       -190  -171  -162  -139  -112   -93   -75   -44    -9    15    54    95   121   146   173   194   195   192   180   156
        131   107    88    74    58    49    47    48    50    53    54    54    53    53    53    51    52    51    45    29
         48   239   239   239   239   239   239   239   239   239   239   239   239   239   239   239   239   239   239   239
        239   239   239   239   239
  57   1000   986   945   880   795   692   576   456   343   238   139    43   -35   -99  -128  -133  -174  -200  -214  -201
       -182  -174  -150  -122  -102   -82   -50   -13    12    53    96   124   150   178   200   202   199   188   164   138
        113    93    79    61    52    49    49    52    55    56    55    54    54    54    52    52    52    46    29    48
        242   242   242   242   242   242   242   242   242   242   242   242   242   242   242   242   242   242   242   242
        242   242   242   242
  58   1000   986   944   876   788   681   563   444   330   218   108    15   -64  -108  -128  -176  -209  -226  -217  -200
       -192  -168  -139  -117   -95   -63   -25     1    42    84   112   139   168   190   195   195   186   165   140   116
         96    81    64    54    50    49    50    51    52    50    49    49    48    47    47    47    41    26    43   217
        217   217   217   217   217   217   217   217   217   217   217   217   217   217   217   217   217   217   217   217
        217   217   217
  59   1000   985   942   873   782   673   555   435   314   193    86    -8   -69  -104  -163  -204  -228  -224  -210  -203
       -179  -150  -128  -105   -71   -32    -4    36    78   108   136   165   188   195   197   189   169   145   121   100
         84    67    56    51    49    50    51    50    48    47    47    46    45    45    45    39    25    41   207   207
        207   207   207   207   207   207   207   207   207   207   207   207   207   207   207   207   207   207   207   207
        207   207
  60   1000   985   942   871   777   669   551   427   298   179    71    -4   -52  -125  -178  -212  -215  -206  -203  -181
       -151  -129  -106   -71   -30     0    43    89   120   150   181   206   212   213   204   181   154   128   106    90
         71    59    55    53    54    56    56    54    52    52    52    50    50    50    44    28    46   233   233   233
        233   233   233   233   233   233   233   233   233   233   233   233   233   233   233   233   233   233   233   233
        233
  61   1000   985   940   867   774   667   546   414   286   166    77    15   -72  -139  -186  -197  -194  -197  -178  -150
       -129  -106   -69   -26     4    52   101   135   166   200   226   231   230   219   193   164   136   113    95    74
         62    58    57    59    61    62    60    59    59    58    56    57    56    49    31    52   262   262   262   262
        262   262   262   262   262   262   262   262   262   262   262   262   262   262   262   262   262   262   262   262
  62   1000   984   938   866   772   659   530   398   268   163    81   -19  -100  -160  -183  -189  -197  -182  -157  -137
       -115   -78   -35    -3    43    93   127   159   193   220   227   229   220   196   168   140   116    98    77    64
         59    57    58    59    59    57    55    55    55    53    53    53    46    29    49   245   245   245   245   245
        245   245   245   245   245   245   245   245   245   245   245   245   245   245   245   245   245   245   245
  63   1000   984   938   863   765   645   515   380   259   157    44   -50  -124  -161  -179  -195  -186  -166  -148  -126
        -90   -49   -16    28    76   110   142   176   204   215   221   215   195   169   142   119   100    79    66    59
         55    54    54    53    50    48    48    47    45    45    45    39    25    41   210   210   210   210   210   210
        210   210   210   210   210   210   210   210   210   210   210   210   210   210   210   210   210   210
  64   1000   984   936   859   757   635   501   372   254   130    20   -67  -121  -153  -179  -179  -165  -150  -130   -97
        -56   -24    20    67   101   134   169   197   211   219   216   197   172   146   123   103    82    68    60    55
         53    52    50    47    45    44    43    41    41    41    36    23    38   191   191   191   191   191   191   191
        191   191   191   191   191   191   191   191   191   191   191   191   191   191   191   191   191
  65   1000   983   935   856   751   627   499   373   240   117    13   -57  -104  -143  -154  -148  -140  -125   -93   -53
        -21    24    72   108   143   179   209   223   231   227   207   181   154   129   109    87    72    64    58    56
         55    53    50    48    47    46    44    44    44    38    24    41   206   206   206   206   206   206   206   206
        206   206   206   206   206   206   206   206   206   206   206   206   206   206   206   206
  66   1000   983   933   853   746   627   502   365   232   112    26   -37   -91  -115  -119  -119  -110   -82   -44   -13
         34    85   123   159   197   228   242   249   243   221   192   163   136   115    92    76    68    63    62    61
         59    56    54    53    52    50    51    50    44    28    46   235   235   235   235   235   235   235   235   235
        235   235   235   235   235   235   235   235   235   235   235   235   235   235   235
  67   1000   982   931   848   745   625   491   353   223   121    41   -29   -67   -84   -95   -94   -72   -37    -8    37
         88   126   163   202   235   249   257   252   229   200   170   143   120    96    80    71    66    64    63    61
         58    55    55    54    51    52    51    45    28    47   241   241   241   241   241   241   241   241   241   241
        241   241   241   241   241   241   241   241   241   241   241   241   241   241
  68   1000   982   929   845   734   612   477   341   225   128    43   -12   -44   -67   -75   -62   -35   -11    30    77
        113   149   188   220   239   251   249   230   203   174   147   124   100    83    72    65    61    59    56    52
         49    48    47    45    45    44    38    24    41   210   210   210   210   210   210   210   210   210   210   210
        210   210   210   210   210   210   210   210   210   210   210   210   210
  69   1000   982   927   836   732   607   472   348   239   138    67    18   -18   -39   -37   -18     0    36    79   113
        148   187   220   240   253   253   236   209   180   153   129   104    86    75    67    62    59    56    51    48
         47    45    43    43    43    37    23    39   204   204   204   204   204   204   204   204   204   204   204   204
        204   204   204   204   204   204   204   204   204   204   204   204
  70   1000   979   916   838   731   605   480   362   251   164    98    46    11     0     8    17    47    85   116   149
        186   219   240   255   256   239   214   185   158   134   109    90    78    69    63    60    56    51    47    46
         44    42    42    41    36    22    38   198   198   198   198   198   198   198   198   198   198   198   198   198
        198   198   198   198   198   198   198   198   198   198   198
  71   1000   978   929   844   735   619   503   385   287   209   142    91    68    67    66    92   129   157   188   226
        258   274   283   279   257   227   194   165   141   114    95    85    78    75    73    70    65    62    61    59
         57    57    56    49    31    52   268   268   268   268   268   268   268   268   268   268   268   268   268   268
        268   268   268   268   268   268   268   268   268   268
  72   1000   980   924   837   741   636   518   417   332   252   187   153   143   132   153   188   212   240   277   308
        314   316   304   273   237   201   170   146   117    99    92    88    88    89    88    84    81    80    79    76
         77    76    66    42    70   359   359   359   359   359   359   359   359   359   359   359   359   359   359   359
        359   359   359   359   359   359   359   359   359
  73   1000   981   926   849   756   645   541   446   355   277   225   195   169   172   190   203   222   251   277   285
        290   283   258   228   196   168   145   118   100    91    85    83    81    79    74    70    69    67    64    64
         63    55    35    58   299   299   299   299   299   299   299   299   299   299   299   299   299   299   299   299
        299   299   299   299   299   299   299   299
  74   1000   981   932   859   764   665   567   470   381   314   265   223   207   206   206   213   232   250   257   263
        259   240   215   188   163   142   118   100    90    82    78    75    71    66    61    59    57    54    54    53
         46    29    48   247   247   247   247   247   247   247   247   247   247   247   247   247   247   247   247   247
        247   247   247   247   247   247   247
  75   1000   983   936   865   778   685   588   494   415   349   292   256   235   219   214   219   228   232   235   232
        217   197   175   154   136   114    99    88    80    74    70    65    59    54    51    49    46    45    44    38
         24    40   201   201   201   201   201   201   201   201   201   201   201   201   201   201   201   201   201   201
        201   201   201   201   201   201
  76   1000   984   940   874   794   704   612   527   452   384   334   297   268   249   242   240   233   227   219   201
        181   161   144   129   110    97    89    83    78    75    70    64    60    57    54    51    49    48    41    26
         43   212   212   212   212   212   212   212   212   212   212   212   212   212   212   212   212   212   212   212
        212   212   212   212   212
  77   1000   984   944   883   807   721   637   558   481   419   368   324   291   270   255   236   220   203   182   162
        144   130   119   103    94    89    85    83    80    76    71    66    63    60    56    55    53    46    30    47
        225   225   225   225   225   225   225   225   225   225   225   225   225   225   225   225   225   225   225   225
        225   225   225   225
  78   1000   986   948   890   817   737   654   572   496   427   368   318   279   248   218   192   170   147   130   117
        108   102    93    87    84    82    80    78    74    68    63    59    56    52    50    48    41    27    41   185
        185   185   185   185   185   185   185   185   185   185   185   185   185   185   185   185   185   185   185   185
        185   185   185
  79   1000   987   951   896   828   750   669   587   508   437   373   318   272   226   185   150   121   101    90    86
         85    81    80    81    83    83    83    80    75    70    66    63    58    55    53    45    31    44   190   190
        190   190   190   190   190   190   190   190   190   190   190   190   190   190   190   190   190   190   190   190
        190   190
  80   1000   988   953   902   836   761   680   595   516   440   371   308   245   186   137    96    73    61    60    65
         65    70    77    83    88    90    89    85    80    77    73    67    64    61    53    36    51   207   207   207
        207   207   207   207   207   207   207   207   207   207   207   207   207   207   207   207   207   207   207   207
        207
  81   1000   988   956   904   839   760   671   585   499   415   335   257   181   116    65    37    27    29    39    46
         57    69    80    88    92    92    89    85    81    77    71    67    63    55    39    51   191   191   191   191
        191   191   191   191   191   191   191   191   191   191   191   191   191   191   191   191   191   191   191   191
  82   1000   988   954   903   831   743   655   563   466   371   278   183   101    37     2    -9    -4     9    23    41
         59    74    86    93    96    94    90    86    82    75    71    66    57    42    52   174   174   174   174   174
        174   174   174   174   174   174   174   174   174   174   174   174   174   174   174   174   174   174   174
  83   1000   988   956   900   822   740   648   544   439   329   214   110    26   -21   -40   -36   -19     0    22    48
         70    88   101   107   107   105   101    96    90    85    79    69    51    63   204   204   204   204   204   204
        204   204   204   204   204   204   204   204   204   204   204   204   204   204   204   204   204   204
  84   1000   989   955   896   825   739   636   525   402   267   138    31   -35   -65   -66   -48   -27     2    35    66
         91   110   120   123   123   121   116   109   104    98    86    63    78   259   259   259   259   259   259   259
        259   259   259   259   259   259   259   259   259   259   259   259   259   259   259   259   259
  85   1000   987   944   887   811   711   597   467   316   167    38   -47   -89   -97   -80   -57   -23    16    53    85
        110   124   130   132   131   127   120   115   108    95    71    86   274   274   274   274   274   274   274   274
        274   274   274   274   274   274   274   274   274   274   274   274   274   274   274   274
  86   1000   985   949   890   804   697   563   400   230    75   -33   -95  -114  -103   -83   -47    -1    42    82   114
        134   145   149   150   148   141   136   130   114    84   105   349   349   349   349   349   349   349   349   349
        349   349   349   349   349   349   349   349   349   349   349   349   349   349   349
  87   1000   988   952   888   795   666   498   313   134     0   -82  -118  -117  -105   -70   -21    29    76   115   141
        156   164   168   167   161   158   151   133    97   125   437   437   437   437   437   437   437   437   437   437
        437   437   437   437   437   437   437   437   437   437   437   437   437   437
  88   1000   987   945   870   754   590   397   201    45   -60  -114  -127  -124   -94   -46     6    58   102   133   152
        163   171   173   168   165   160   141   103   134   471   471   471   471   471   471   471   471   471   471   471
        471   471   471   471   471   471   471   471   471   471   471   471   471
  89   1000   984   934   840   690   499   292   116   -12   -88  -120  -133  -113   -70   -19    34    81   117   139   154
        165   170   168   167   163   145   106   139   501   501   501   501   501   501   501   501   501   501   501   501
        501   501   501   501   501   501   501   501   501   501   501   501
  90   1000   982   918   793   616   409   219    69   -30   -85  -120  -116   -84   -40    10    58    95   121   139   154
        163   163   165   163   146   105   143   546   546   546   546   546   546   546   546   546   546   546   546   546
        546   546   546   546   546   546   546   546   546   546   546
  91   1000   974   887   738   543   349   183    59   -21   -81  -101   -88   -57   -15    27    63    89   110   128   140
        144   150   151   136    96   138   566   566   566   566   566   566   566   566   566   566   566   566   566   566
        566   566   566   566   566   566   566   566   566   566
  92   1000   967   865   701   514   338   191    79   -11   -63   -80   -75   -52   -22     5    29    50    71    87    95
        106   111   101    70   109   496   496   496   496   496   496   496   496   496   496   496   496   496   496   496
        496   496   496   496   496   496   496   496   496
  93   1000   963   852   696   528   370   234   111    23   -31   -60   -67   -59   -47   -32   -15     4    22    34    48
         59    56    33    72   426   426   426   426   426   426   426   426   426   426   426   426   426   426   426   426
        426   426   426   426   426   426   426   426
  94   1000   961   858   719   569   423   279   158    65    -3   -47   -71   -82   -83   -77   -63   -47   -33   -16    -1
          1   -10    27   349   349   349   349   349   349   349   349   349   349   349   349   349   349   349   349   349
        349   349   349   349   349   349   349
  95   1000   965   876   755   617   467   326   200    94    11   -48   -89  -114  -124  -122  -113  -101   -84   -67   -58
        -59   -24   250   250   250   250   250   250   250   250   250   250   250   250   250   250   250   250   250   250
        250   250   250   250   250   250
  96   1000   970   893   782   646   502   359   226   110    17   -54  -105  -136  -151  -153  -148  -135  -119  -107  -101
        -68   171   171   171   171   171   171   171   171   171   171   171   171   171   171   171   171   171   171   171
        171   171   171   171   171
  97   1000   974   904   797   665   522   376   238   118    19   -56  -111  -145  -163  -169  -164  -152  -140  -131  -102
        113   113   113   113   113   113   113   113   113   113   113   113   113   113   113   113   113   113   113   113
        113   113   113   113
  98   1000   976   908   804   675   531   385   248   127    28   -49  -104  -140  -160  -166  -163  -156  -148  -122    81
         81    81    81    81    81    81    81    81    81    81    81    81    81    81    81    81    81    81    81    81
         81    81    81
  99   1000   977   910   808   680   538   395   261   143    46   -29   -84  -122  -142  -151  -151  -149  -128    69    69
         69    69    69    69    69    69    69    69    69    69    69    69    69    69    69    69    69    69    69    69
         69    69
 100   1000   977   911   810   683   544   406   277   163    68    -6   -61   -99  -121  -133  -137  -125    43    43    43
         43    43    43    43    43    43    43    43    43    43    43    43    43    43    43    43    43    43    43    43
         43
 101   1000   977   912   812   690   558   427   304   194   102    28   -26   -65   -90  -106  -104    45    45    45    45
         45    45    45    45    45    45    45    45    45    45    45    45    45    45    45    45    45    45    45    45
 102   1000   978   915   820   705   581   457   340   235   145    73    17   -24   -56   -64    71    71    71    71    71
         71    71    71    71    71    71    71    71    71    71    71    71    71    71    71    71    71    71    71
 103   1000   979   919   831   724   608   490   379   278   191   119    60    12    -7   103   103   103   103   103   103
        103   103   103   103   103   103   103   103   103   103   103   103   103   103   103   103   103   103
 104   1000   980   925   844   744   635   525   418   321   236   162    96    63   139   139   139   139   139   139   139
        139   139   139   139   139   139   139   139   139   139   139   139   139   139   139   139   139
 105   1000   982   931   856   763   661   555   454   359   273   192   146   172   172   172   172   172   172   172   172
        172   172   172   172   172   172   172   172   172   172   172   172   172   172   172   172
 106   1000   983   936   866   779   682   582   483   388   295   236   192   192   192   192   192   192   192   192   192
        192   192   192   192   192   192   192   192   192   192   192   192   192   192   192
 107   1000   984   941   875   792   699   602   504   404   333   199   199   199   199   199   199   199   199   199   199
        199   199   199   199   199   199   199   199   199   199   199   199   199   199
 108   1000   985   944   881   803   713   617   514   435   204   204   204   204   204   204   204   204   204   204   204
        204   204   204   204   204   204   204   204   204   204   204   204   204
 109   1000   986   947   887   811   723   623   539   211   211   211   211   211   211   211   211   211   211   211   211
        211   211   211   211   211   211   211   211   211   211   211   211
 110   1000   987   950   892   816   724   642   214   214   214   214   214   214   214   214   214   214   214   214   214
        214   214   214   214   214   214   214   214   214   214   214
 111   1000   987   951   894   815   738   210   210   210   210   210   210   210   210   210   210   210   210   210   210
        210   210   210   210   210   210   210   210   210   210
 112   1000   988   952   891   825   214   214   214   214   214   214   214   214   214   214   214   214   214   214   214
        214   214   214   214   214   214   214   214   214
 113   1000   988   948   898   214   214   214   214   214   214   214   214   214   214   214   214   214   214   214   214
        214   214   214   214   214   214   214   214
 114   1000   986   954   187   187   187   187   187   187   187   187   187   187   187   187   187   187   187   187   187
        187   187   187   187   187   187   187
 115   1000   985   120   120   120   120   120   120   120   120   120   120   120   120   120   120   120   120   120   120
        120   120   120   120   120   120
 116   1000   199   199   199   199   199   199   199   199   199   199   199   199   199   199   199   199   199   199   199
        199   199   199   199   199
 117   1000  1000  1000  1000  1000  1000  1000  1000  1000  1000  1000  1000  1000  1000  1000  1000  1000  1000  1000  1000
       1000  1000  1000  1000
 118   1000  1000  1000  1000  1000  1000  1000  1000  1000  1000  1000  1000  1000  1000  1000  1000  1000  1000  1000  1000
       1000  1000  1000
 119   1000  1000  1000  1000  1000  1000  1000  1000  1000  1000  1000  1000  1000  1000  1000  1000  1000  1000  1000  1000
       1000  1000
 120   1000  1000  1000  1000  1000  1000  1000  1000  1000  1000  1000  1000  1000  1000  1000  1000  1000  1000  1000  1000
       1000
 121   1000  1000  1000  1000  1000  1000  1000  1000  1000  1000  1000  1000  1000  1000  1000  1000  1000  1000  1000  1000
 122   1000  1000  1000  1000  1000  1000  1000  1000  1000  1000  1000  1000  1000  1000  1000  1000  1000  1000  1000
 123   1000  1000  1000  1000  1000  1000  1000  1000  1000  1000  1000  1000  1000  1000  1000  1000  1000  1000
 124   1000  1000  1000  1000  1000  1000  1000  1000  1000  1000  1000  1000  1000  1000  1000  1000  1000
 125   1000  1000  1000  1000  1000  1000  1000  1000  1000  1000  1000  1000  1000  1000  1000  1000
 126   1000  1000  1000  1000  1000  1000  1000  1000  1000  1000  1000  1000  1000  1000  1000
 127   1000  1000  1000  1000  1000  1000  1000  1000  1000  1000  1000  1000  1000  1000
 128   1000  1000  1000  1000  1000  1000  1000  1000  1000  1000  1000  1000  1000
 129   1000  1000  1000  1000  1000  1000  1000  1000  1000  1000  1000  1000
 130   1000  1000  1000  1000  1000  1000  1000  1000  1000  1000  1000
 131   1000  1000  1000  1000  1000  1000  1000  1000  1000  1000
 132   1000  1000  1000  1000  1000  1000  1000  1000  1000
 133   1000  1000  1000  1000  1000  1000  1000  1000
 134   1000  1000  1000  1000  1000  1000  1000
 135   1000  1000  1000  1000  1000  1000
 136   1000  1000  1000  1000  1000
 137   1000  1000  1000  1000
 138   1000  1000  1000
 139   1000  1000
 140   1000

 Finished!
