88" 33MeV Deuteron breakup on Ta, Clean Beam
  140    6    1    0    1
   0.00500  10.00000   0.00500   0.00100
   1.0000000   0   0 7.86600000E+03   1.0000000
AL27P    1.414E-20 0.020       0.00       0.00        (    )
AL27A    1.925E-20 0.010       0.00       0.00        (    )
NI582    3.677E-21 0.015       0.00       0.00        (    )
IN115N   8.670E-20 0.005       0.00       0.00        (    )
AU1972   3.093E-19 0.012       0.00       0.00        (    )
AU197G   8.478E-20 0.017       0.00 AUNG  3.70 BFX    (BEAM)
Flux Uncertainty From MCNP Calculations
 140
 1.1600E-02 1.1300E-02 1.1200E-02 1.1300E-02 1.1500E-02 1.1900E-02 1.2400E-02
 1.3000E-02 1.3800E-02 1.4700E-02 1.5800E-02 1.7000E-02 1.8400E-02 1.9900E-02
 2.1500E-02 2.3300E-02 2.5300E-02 2.7600E-02 3.0100E-02 3.3000E-02 3.7500E-02
 4.3100E-02 4.9700E-02 5.7800E-02 6.8000E-02 8.0300E-02 9.5400E-02 1.1360E-01
 1.3490E-01 1.5920E-01 1.8580E-01 2.1470E-01 2.4550E-01 2.7910E-01 3.1260E-01
 3.4470E-01 3.7470E-01 4.0170E-01 4.2360E-01 4.4000E-01 4.4980E-01 4.5170E-01
 4.4510E-01 4.3040E-01 4.0700E-01 3.7550E-01 3.3650E-01 2.9210E-01 2.4520E-01
 1.9750E-01 1.5350E-01 1.1460E-01 8.4500E-02 7.1300E-02 6.0600E-02 5.1800E-02
 4.4500E-02 3.8600E-02 3.3700E-02 2.9600E-02 2.6200E-02 2.3400E-02 2.1000E-02
 1.9000E-02 1.7300E-02 1.5800E-02 1.4600E-02 1.3600E-02 1.2800E-02 1.2200E-02
 1.1700E-02 1.1300E-02 1.1000E-02 1.0900E-02 1.0800E-02 1.0900E-02 1.1000E-02
 1.1200E-02 1.1300E-02 1.1300E-02 1.0900E-02 1.0500E-02 1.0200E-02 9.6000E-03
 9.0000E-03 8.4000E-03 7.7000E-03 7.2000E-03 6.7000E-03 6.4000E-03 6.2000E-03
 6.1000E-03 5.9000E-03 5.9000E-03 6.0000E-03 6.1000E-03 6.4000E-03 6.8000E-03
 7.3000E-03 7.9000E-03 8.7000E-03 9.6000E-03 1.0400E-02 1.1800E-02 1.3600E-02
 1.5900E-02 1.8700E-02 2.2100E-02 2.6500E-02 3.1900E-02 3.8600E-02 4.6800E-02
 5.6800E-02 6.8600E-02 8.2200E-02 9.7300E-02 1.1310E-01 1.2870E-01 0.0000E+00
 0.0000E+00 0.0000E+00 0.0000E+00 0.0000E+00 0.0000E+00 0.0000E+00 0.0000E+00
 0.0000E+00 0.0000E+00 0.0000E+00 0.0000E+00 0.0000E+00 0.0000E+00 0.0000E+00
 0.0000E+00 0.0000E+00 0.0000E+00 0.0000E+00 0.0000E+00 0.0000E+00 0.0000E+00
Input Flux Spectrum from MCNP Simulation
 140   0 4.060E+09 2.000E+01 5.000E-08
 1.2305E-08 1.5040E-09 8.4260E-09 1.8556E-08 1.3784E-08 9.2587E-09 6.7953E-09
 4.8023E-09 3.7568E-09 2.2784E-09 1.3454E-09 1.2764E-09 1.3782E-09 1.6929E-09
 1.7305E-09 1.5576E-09 2.4649E-09 1.6257E-09 9.7611E-10 1.3918E-09 1.8456E-09
 8.5117E-10 1.4874E-09 8.2064E-10 3.1313E-10 2.8414E-10 2.7040E-10 4.9671E-10
 4.8148E-10 2.9627E-10 3.1327E-10 6.1527E-10 3.1730E-10 1.7330E-10 1.3968E-10
 3.6810E-10 2.3981E-10 2.9364E-10 5.1441E-10 2.8619E-10 3.7807E-10 6.3023E-10
 4.6374E-10 9.6907E-10 1.3483E-09 9.7069E-10 8.5470E-10 2.8384E-09 3.5911E-09
 8.0923E-09 1.2266E-08 1.6805E-08 2.3097E-08 3.8257E-08 5.6011E-08 8.5857E-08
 1.3350E-07 1.2870E-07 2.4587E-07 4.0760E-07 8.2169E-07 1.1535E-06 1.6901E-06
 2.4176E-06 3.5721E-06 4.4297E-06 5.2465E-06 4.9413E-06 6.0497E-06 5.3667E-06
 1.1623E-05 9.6167E-06 7.4532E-06 5.6970E-06 4.4433E-06 5.0622E-06 3.8124E-06
 2.7488E-06 2.5865E-06 1.7383E-06 3.9846E-07 3.5150E-07 4.3151E-07 4.9911E-07
 6.1755E-07 1.1800E-06 1.5962E-06 2.4504E-06 3.2489E-06 4.9581E-06 5.5195E-06
 5.8865E-06 5.6877E-06 5.3360E-06 4.4773E-06 3.6842E-06 2.7744E-06 2.0053E-06
 1.3323E-06 7.8005E-07 5.1894E-07 3.3049E-07 2.0948E-07 1.2774E-07 7.9325E-08
 4.9002E-08 3.1798E-08 2.0865E-08 1.3739E-08 9.7968E-09 7.0603E-09 5.1367E-09
 3.9643E-09 2.8810E-09 2.0405E-09 1.4943E-09 1.0715E-09 1.9981E-10 0.0000E+00
 0.0000E+00 0.0000E+00 0.0000E+00 0.0000E+00 0.0000E+00 0.0000E+00 0.0000E+00
 0.0000E+00 0.0000E+00 0.0000E+00 0.0000E+00 0.0000E+00 0.0000E+00 0.0000E+00
 0.0000E+00 0.0000E+00 0.0000E+00 0.0000E+00 0.0000E+00 0.0000E+00 0.0000E+00
   17   15    9    9    9   10    7   14   14   36



                         ==============================
                               STAYSL PNNL OUTPUT
                         ==============================

 STAYSL PNNL, version 1.2.0, 2015-08-05


 SCENARIO TITLE: 88" 33MeV Deuteron breakup on Ta, Clean Beam
 -------------------------------------------------------------------------------
  NGROUP =   140    NRXN =     6    ACTIVITY NORM = 1.00000E+00

  COVARIANCE PARAMETERS (FCHN, FCVX, ACVX, FS)
    FLUXES:      WIDTH =  1.0000E+01   LONG RANGE COVAR. =  5.0000E-03
            ACTIVITIES =  5.0000E-03   X-SECT CROSS COR. =  1.0000E-03

    DETERM =   3.0322 × 10^   3.00      ERROR =  -1.3762E-17

  INPUT NORMALIZATION DATA
    AK1   =     1.00000     VAK        =     0.00003
    NORML =           0     RENORM     = 1.00000E+00
    CHI²  =    58.31742     NORM. CHI² =    11.66348

  DOSIMETRY ACTIVITIES
     ———— INPUTS —————  -UNADJUSTED FLUX-  — ADJUSTED FLUX —    CHI²  90% ACTIVITIES RANGE
 RXN  MEASURED     ±%   ACTIVITY    %DIFF  ACTIVITY    %DIFF  CONTRIB --LOW E-- --HIGH E--   REACTION          CVR
  1  1.414E-20    2.00  1.681E-20   18.86  1.681E-20   18.85   44.405  6.70E+00  1.60E+01  AL27(N,P)MG27           
  2  1.925E-20    1.00  1.889E-20   -1.89  1.889E-20   -1.89    3.398  8.20E+00  1.70E+01  AL27(N,A)NA24           
  3  3.677E-21    1.50  3.794E-21    3.19  3.794E-21    3.19    2.547  1.30E+01  2.20E+01  NI58(N,2N)NI57          
  4  8.670E-20    0.50  8.619E-20   -0.59  8.619E-20   -0.59    0.089  1.00E+00  1.30E+01  IN115(N,N')IN115M       
  5  3.093E-19    1.20  2.958E-19   -4.35  2.959E-19   -4.34    7.881  9.00E+00  1.80E+01  AU197(N,2N)AU196        
  6  8.478E-20    1.70  8.473E-20   -0.05  8.473E-20   -0.05   -0.001  1.00E-10  1.60E+00  AU197(N,G)AU198         

             % STD. DEV.  =          8.82               8.81

                              CHECK INPUT, IT IS RATHER UNLIKELY !
                                   *** BEWARE OF OUTPUT ! ***


  DIFFERENTIAL FLUXES (input is normalized by a factor of 1.0000E+00)
                  —————— DIFFERENTIAL FLUX —————   ———— STD. DEV. % ————   INTEGRAL
 GRP    ENERGY        NEW         OLD      RATIO    NEW     OLD    RATIO   FLUX > E     ± %
   1  1.0000E-10  5.5497E+10  5.5509E+10   1.000    1.16    1.26   0.922  5.9440E+05    0.77
   2  1.0000E-09  6.7833E+08  6.7847E+08   1.000    1.13    1.24   0.919  5.9435E+05    0.77
   3  1.0000E-08  2.6309E+09  2.6315E+09   1.000    1.12    1.23   0.917  5.9434E+05    0.77
   4  2.3000E-08  2.7897E+09  2.7903E+09   1.000    1.13    1.24   0.918  5.9431E+05    0.77
   5  5.0000E-08  2.1520E+09  2.1524E+09   1.000    1.15    1.25   0.921  5.9423E+05    0.77
   6  7.6000E-08  9.6365E+08  9.6385E+08   1.000    1.19    1.29   0.925  5.9418E+05    0.77
   7  1.1500E-07  5.0151E+08  5.0162E+08   1.000    1.24    1.34   0.930  5.9414E+05    0.77
   8  1.7000E-07  2.2933E+08  2.2938E+08   1.000    1.30    1.39   0.937  5.9411E+05    0.77
   9  2.5500E-07  1.2200E+08  1.2202E+08   1.000    1.38    1.47   0.943  5.9409E+05    0.77
  10  3.8000E-07  5.4402E+07  5.4414E+07   1.000    1.47    1.55   0.950  5.9408E+05    0.77
  11  5.5000E-07  1.8832E+07  1.8836E+07   1.000    1.58    1.66   0.956  5.9407E+05    0.77
  12  8.4000E-07  1.1911E+07  1.1913E+07   1.000    1.70    1.77   0.962  5.9406E+05    0.77
  13  1.2750E-06  8.9509E+06  8.9528E+06   1.000    1.84    1.91   0.967  5.9406E+05    0.77
  14  1.9000E-06  7.6353E+06  7.6369E+06   1.000    1.99    2.05   0.972  5.9405E+05    0.77
  15  2.8000E-06  4.8444E+06  4.8454E+06   1.000    2.15    2.21   0.976  5.9404E+05    0.77
  16  4.2500E-06  3.0842E+06  3.0848E+06   1.000    2.33    2.38   0.980  5.9404E+05    0.77
  17  6.3000E-06  3.4502E+06  3.4509E+06   1.000    2.53    2.58   0.983  5.9403E+05    0.77
  18  9.2000E-06  1.5347E+06  1.5350E+06   1.000    2.76    2.80   0.986  5.9402E+05    0.77
  19  1.3500E-05  5.2830E+05  5.2840E+05   1.000    3.01    3.05   0.988  5.9401E+05    0.77
  20  2.1000E-05  6.2773E+05  6.2786E+05   1.000    3.30    3.34   0.990  5.9401E+05    0.77
  21  3.0000E-05  4.9944E+05  4.9954E+05   1.000    3.75    3.78   0.992  5.9400E+05    0.77
  22  4.5000E-05  1.4396E+05  1.4399E+05   1.000    4.31    4.34   0.994  5.9400E+05    0.77
  23  6.9000E-05  1.9476E+05  1.9480E+05   1.000    4.97    5.00   0.995  5.9399E+05    0.77
  24  1.0000E-04  9.5173E+04  9.5194E+04   1.000    5.78    5.80   0.996  5.9399E+05    0.77
  25  1.3500E-04  3.6315E+04  3.6323E+04   1.000    6.80    6.82   0.997  5.9398E+05    0.77
  26  1.7000E-04  2.3067E+04  2.3072E+04   1.000    8.03    8.05   0.998  5.9398E+05    0.77
  27  2.2000E-04  1.8293E+04  1.8297E+04   1.000    9.54    9.55   0.998  5.9398E+05    0.77
  28  2.8000E-04  2.5201E+04  2.5208E+04   1.000   11.36   11.37   0.999  5.9398E+05    0.77
  29  3.6000E-04  2.1714E+04  2.1720E+04   1.000   13.49   13.50   0.999  5.9398E+05    0.77
  30  4.5000E-04  9.6200E+03  9.6228E+03   1.000   15.92   15.93   0.999  5.9398E+05    0.77
  31  5.7500E-04  6.8729E+03  6.8750E+03   1.000   18.58   18.59   0.999  5.9397E+05    0.77
  32  7.6000E-04  1.2486E+04  1.2490E+04   1.000   21.47   21.48   1.000  5.9397E+05    0.77
  33  9.6000E-04  4.0883E+03  4.0896E+03   1.000   24.54   24.55   1.000  5.9397E+05    0.77
  34  1.2750E-03  2.1642E+03  2.1649E+03   1.000   27.90   27.91   1.000  5.9397E+05    0.77
  35  1.6000E-03  1.4172E+03  1.4178E+03   1.000   31.25   31.26   1.000  5.9397E+05    0.77
  36  2.0000E-03  2.1342E+03  2.1350E+03   1.000   34.46   34.47   1.000  5.9397E+05    0.77
  37  2.7000E-03  1.3903E+03  1.3909E+03   1.000   37.46   37.47   1.000  5.9397E+05    0.77
  38  3.4000E-03  1.0834E+03  1.0838E+03   1.000   40.16   40.17   1.000  5.9397E+05    0.77
  39  4.5000E-03  2.0876E+03  2.0885E+03   1.000   42.35   42.36   1.000  5.9396E+05    0.77
  40  5.5000E-03  6.8320E+02  6.8349E+02   1.000   43.99   44.00   1.000  5.9396E+05    0.77
  41  7.2000E-03  7.6715E+02  7.6748E+02   1.000   44.97   44.98   1.000  5.9396E+05    0.77
  42  9.2000E-03  9.1344E+02  9.1383E+02   1.000   45.16   45.17   1.000  5.9396E+05    0.77
  43  1.2000E-02  6.2732E+02  6.2759E+02   1.000   44.50   44.51   1.000  5.9396E+05    0.77
  44  1.5000E-02  9.8318E+02  9.8361E+02   1.000   43.03   43.04   1.000  5.9396E+05    0.77
  45  1.9000E-02  8.4181E+02  8.4217E+02   1.000   40.69   40.70   1.000  5.9395E+05    0.77
  46  2.5500E-02  6.0605E+02  6.0631E+02   1.000   37.54   37.55   1.000  5.9395E+05    0.77
  47  3.2000E-02  4.3359E+02  4.3376E+02   1.000   33.64   33.65   1.000  5.9394E+05    0.77
  48  4.0000E-02  9.2158E+02  9.2191E+02   1.000   29.20   29.21   1.000  5.9394E+05    0.77
  49  5.2500E-02  1.0797E+03  1.0800E+03   1.000   24.51   24.52   0.999  5.9393E+05    0.77
  50  6.6000E-02  1.4930E+03  1.4934E+03   1.000   19.74   19.76   0.999  5.9391E+05    0.77
  51  8.8000E-02  2.2632E+03  2.2636E+03   1.000   15.34   15.36   0.999  5.9388E+05    0.77
  52  1.1000E-01  2.7288E+03  2.7291E+03   1.000   11.45   11.47   0.998  5.9383E+05    0.77
  53  1.3500E-01  3.7506E+03  3.7510E+03   1.000    8.45    8.46   0.998  5.9376E+05    0.77
  54  1.6000E-01  5.1772E+03  5.1774E+03   1.000    7.13    7.15   0.997  5.9367E+05    0.77
  55  1.9000E-01  7.5801E+03  7.5802E+03   1.000    6.06    6.08   0.996  5.9351E+05    0.77
  56  2.2000E-01  9.9598E+03  9.9594E+03   1.000    5.18    5.20   0.994  5.9329E+05    0.77
  57  2.5500E-01  1.5487E+04  1.5486E+04   1.000    4.45    4.48   0.993  5.9294E+05    0.77
  58  2.9000E-01  1.7420E+04  1.7417E+04   1.000    3.86    3.89   0.990  5.9239E+05    0.77
  59  3.2000E-01  2.4960E+04  2.4956E+04   1.000    3.37    3.41   0.988  5.9187E+05    0.77
  60  3.6000E-01  4.1381E+04  4.1371E+04   1.000    2.96    3.00   0.984  5.9087E+05    0.77
  61  4.0000E-01  6.6741E+04  6.6721E+04   1.000    2.62    2.67   0.980  5.8922E+05    0.76
  62  4.5000E-01  9.3696E+04  9.3664E+04   1.000    2.34    2.39   0.976  5.8588E+05    0.76
  63  5.0000E-01  1.3729E+05  1.3724E+05   1.000    2.10    2.16   0.971  5.8120E+05    0.76
  64  5.5000E-01  1.9639E+05  1.9631E+05   1.000    1.90    1.96   0.965  5.7433E+05    0.75
  65  6.0000E-01  2.4183E+05  2.4171E+05   1.000    1.73    1.80   0.958  5.6451E+05    0.74
  66  6.6000E-01  2.9990E+05  2.9974E+05   1.001    1.58    1.66   0.951  5.5000E+05    0.73
  67  7.2000E-01  3.5520E+05  3.5501E+05   1.001    1.46    1.54   0.943  5.3201E+05    0.72
  68  7.8000E-01  3.3455E+05  3.3436E+05   1.001    1.36    1.45   0.936  5.1070E+05    0.71
  69  8.4000E-01  3.0719E+05  3.0702E+05   1.001    1.28    1.37   0.928  4.9062E+05    0.69
  70  9.2000E-01  2.7251E+05  2.7236E+05   1.001    1.22    1.32   0.922  4.6605E+05    0.68
  71  1.0000E+00  2.3607E+05  2.3595E+05   1.001    1.17    1.27   0.916  4.4425E+05    0.66
  72  1.2000E+00  1.9531E+05  1.9522E+05   1.000    1.13    1.24   0.911  3.9703E+05    0.63
  73  1.4000E+00  1.5136E+05  1.5130E+05   1.000    1.10    1.21   0.907  3.5797E+05    0.61
  74  1.6000E+00  1.1569E+05  1.1565E+05   1.000    1.09    1.20   0.905  3.2770E+05    0.59
  75  1.8000E+00  9.0221E+04  9.0199E+04   1.000    1.08    1.19   0.904  3.0456E+05    0.58
  76  2.0000E+00  6.8516E+04  6.8508E+04   1.000    1.09    1.20   0.905  2.8652E+05    0.58
  77  2.3000E+00  5.1593E+04  5.1594E+04   1.000    1.10    1.21   0.907  2.6596E+05    0.57
  78  2.6000E+00  3.7193E+04  3.7200E+04   1.000    1.12    1.23   0.909  2.5048E+05    0.57
  79  2.9000E+00  2.6243E+04  2.6253E+04   1.000    1.13    1.24   0.911  2.3933E+05    0.57
  80  3.3000E+00  1.7634E+04  1.7644E+04   0.999    1.13    1.24   0.913  2.2883E+05    0.57
  81  3.7000E+00  4.0416E+03  4.0444E+03   0.999    1.09    1.20   0.911  2.2177E+05    0.58
  82  4.1000E+00  3.5649E+03  3.5677E+03   0.999    1.05    1.16   0.907  2.2016E+05    0.58
  83  4.5000E+00  3.5009E+03  3.5039E+03   0.999    1.02    1.14   0.901  2.1873E+05    0.58
  84  5.0000E+00  4.0494E+03  4.0528E+03   0.999    0.96    1.08   0.891  2.1698E+05    0.58
  85  5.5000E+00  5.0106E+03  5.0145E+03   0.999    0.90    1.03   0.878  2.1496E+05    0.58
  86  6.0000E+00  6.8392E+03  6.8440E+03   0.999    0.84    0.98   0.863  2.1245E+05    0.58
  87  6.7000E+00  9.2527E+03  9.2580E+03   0.999    0.77    0.92   0.844  2.0766E+05    0.58
  88  7.4000E+00  1.2430E+04  1.2436E+04   1.000    0.72    0.88   0.825  2.0119E+05    0.58
  89  8.2000E+00  1.6483E+04  1.6488E+04   1.000    0.67    0.84   0.807  1.9124E+05    0.58
  90  9.0000E+00  2.0126E+04  2.0130E+04   1.000    0.64    0.81   0.791  1.7806E+05    0.58
  91  1.0000E+01  2.2407E+04  2.2409E+04   1.000    0.62    0.80   0.777  1.5793E+05    0.58
  92  1.1000E+01  2.3899E+04  2.3899E+04   1.000    0.61    0.79   0.768  1.3552E+05    0.59
  93  1.2000E+01  2.3094E+04  2.3092E+04   1.000    0.59    0.77   0.762  1.1162E+05    0.60
  94  1.3000E+01  2.1667E+04  2.1664E+04   1.000    0.59    0.77   0.761  8.8531E+04    0.61
  95  1.4000E+01  1.8180E+04  1.8178E+04   1.000    0.60    0.78   0.764  6.6864E+04    0.64
  96  1.5000E+01  1.4960E+04  1.4958E+04   1.000    0.61    0.79   0.772  4.8684E+04    0.67
  97  1.6000E+01  1.1265E+04  1.1264E+04   1.000    0.64    0.81   0.784  3.3724E+04    0.71
  98  1.7000E+01  8.1419E+03  8.1415E+03   1.000    0.68    0.84   0.801  2.2459E+04    0.76
  99  1.8000E+01  5.4089E+03  5.4091E+03   1.000    0.73    0.88   0.820  1.4317E+04    0.84
 100  1.9000E+01  3.1665E+03  3.1670E+03   1.000    0.79    0.93   0.841  8.9080E+03    0.94
 101  2.0000E+01  2.1063E+03  2.1069E+03   1.000    0.87    1.00   0.864  5.7415E+03    1.05
 102  2.1000E+01  1.3412E+03  1.3418E+03   1.000    0.96    1.08   0.886  3.6352E+03    1.20
 103  2.2000E+01  8.4997E+02  8.5049E+02   0.999    1.04    1.15   0.905  2.2940E+03    1.38
 104  2.3000E+01  5.1821E+02  5.1862E+02   0.999    1.18    1.28   0.925  1.4440E+03    1.65
 105  2.4000E+01  3.2173E+02  3.2206E+02   0.999    1.36    1.45   0.942  9.2584E+02    1.98
 106  2.5000E+01  1.9870E+02  1.9895E+02   0.999    1.59    1.67   0.957  6.0411E+02    2.39
 107  2.6000E+01  1.2891E+02  1.2910E+02   0.999    1.87    1.94   0.968  4.0541E+02    2.88
 108  2.7000E+01  8.4567E+01  8.4712E+01   0.998    2.22    2.27   0.978  2.7650E+02    3.46
 109  2.8000E+01  5.5671E+01  5.5780E+01   0.998    2.65    2.70   0.984  1.9193E+02    4.13
 110  2.9000E+01  3.9688E+01  3.9775E+01   0.998    3.19    3.23   0.989  1.3626E+02    4.84
 111  3.0000E+01  2.8596E+01  2.8665E+01   0.998    3.86    3.89   0.993  9.6574E+01    5.64
 112  3.1000E+01  2.0802E+01  2.0855E+01   0.997    4.68    4.71   0.995  6.7977E+01    6.51
 113  3.2000E+01  1.6052E+01  1.6095E+01   0.997    5.68    5.70   0.997  4.7176E+01    7.42
 114  3.3000E+01  1.1664E+01  1.1697E+01   0.997    6.86    6.88   0.998  3.1124E+01    8.44
 115  3.4000E+01  8.2612E+00  8.2844E+00   0.997    8.23    8.24   0.999  1.9460E+01    9.50
 116  3.5000E+01  6.0503E+00  6.0669E+00   0.997    9.73    9.74   0.999  1.1199E+01   10.53
 117  3.6000E+01  4.3390E+00  4.3503E+00   0.997   11.32   11.32   0.999  5.1483E+00   11.54
 118  3.7000E+01  8.0931E-01  8.1123E-01   0.998   12.88   12.88   1.000  8.0931E-01   12.88
      3.8000E+01

  INTEGRALS OF SPECTRA
    OLD SPECTRUM   5.9429E+05   ±    0.890 %
    NEW SPECTRUM   5.9440E+05   ±    0.768 %

  SUMMARY OF BROAD-GROUP FLUXES, FLUENCES, AND UNCERTAINTIES

    IRRAD TIME [S] = 7.86600000E+03   ACT NORM =  1.00000000E+00

       ENERGY       FLUX       FLUENCE      STDEV %
      thermal    3.3068E+02  2.6012E+06  ±   1.13     (0.100 meV – 0.550  eV)
     epithermal  2.3643E+02  1.8598E+06  ±  12.72     (0.550  eV – 110.0 keV)
        fast     5.9383E+05  4.6711E+09  ±   0.77     (110.0 keV –  20.0 MeV)
        fast     4.4425E+05  3.4945E+09  ±   0.66     (  1.0 MeV –  20.0 MeV)
        high     5.7415E+03  4.5162E+07  ±   1.05     ( 20.0 MeV –  60.0 MeV)

    MINI-SPECTRUM

       ENERGY       FLUX       FLUENCE      STDEV %
     1.0000E-10  3.7714E+02  2.9666E+06  ±   1.12
     9.2000E-06  4.8990E+01  3.8535E+05  ±   5.44
     9.6000E-04  1.1000E+01  8.6528E+04  ±  35.62
     9.2000E-03  8.0193E+01  6.3080E+05  ±  25.87
     8.8000E-02  3.0062E+03  2.3646E+07  ±   4.54
     3.6000E-01  1.2483E+05  9.8187E+08  ±   1.52
     9.2000E-01  2.0009E+05  1.5739E+09  ±   1.09
     2.3000E+00  1.0803E+05  8.4977E+08  ±   0.76
     1.0000E+01  1.5701E+05  1.2350E+09  ±   0.58
     2.4000E+01  9.2584E+02  7.2827E+06  ±   1.98
     6.0000E+01

       TOTAL     5.9440E+05  4.6755E+09  ±   0.77

    RELATIVE COVARIANCES (10×10)
     1000   149     0    -4    -1    25    67   145   208    65
     1000   407    48     1     4    13    30    43    13
     1000   483    65     1     0     4     6     2
     1000   538    65     4     5     9     3
     1000   482   111    35    48    15
     1000   690   222   136    46
     1000   586   192    62
     1000   531    69
     1000   271
     1000

  SPECTRAL-AVERAGED REACTION RATES (for all cross section library reactions)

        REACTIONS        SIG-PHI      <SIG>          REACTIONS        SIG-PHI      <SIG>          REACTIONS        SIG-PHI      <SIG>  
   ------------------  ----------  ----------   ------------------  ----------  ----------   ------------------  ----------  ----------
   LI6(N,A)T           6.6253E-19  1.1146E-24   FE58(N,G)FE59       1.7167E-21  2.8881E-27   IN115(N,N')IN115M   8.6187E-20  1.4500E-25
   B10(N,A)LI7         2.4119E-18  4.0578E-24   CO59(N,2N)CO58      7.8332E-20  1.3178E-25   IN115(N,2N)IN114M   1.6816E-19  2.8292E-25
   F19(N,2N)F18        5.0260E-21  8.4556E-27   CO59(N,3N)CO57      3.6484E-22  6.1380E-28   IN115(N,G)IN116M    1.8404E-19  3.0962E-25
   NA23(N,2N)NA22      4.6029E-21  7.7438E-27   CO59(N,G)CO60       2.4714E-20  4.1577E-26   I127(N,2N)I126      1.9294E-19  3.2460E-25
   NA23(N,G)NA24       4.4599E-22  7.5033E-28   CO59(N,P)FE59       9.0995E-21  1.5309E-26   LA139(N,G)LA140     8.3482E-21  1.4045E-26
   MG24(N,P)NA24       3.0605E-20  5.1489E-26   CO59(N,A)MN56       4.3800E-21  7.3688E-27   PR141(N,2N)PR140    2.1116E-19  3.5525E-25
   AL27(N,P)MG27       1.6805E-20  2.8273E-26   NI58(N,2N)NI57      3.7944E-21  6.3835E-27   TM169(N,2N)TM168    2.9352E-19  4.9381E-25
   AL27(N,A)NA24       1.8886E-20  3.1774E-26   NI58(N,P)CO58       1.1203E-19  1.8847E-25   TM169(N,3N)TM167    1.8978E-20  3.1927E-26
   SI28(N,P)AL28       4.8708E-20  8.1946E-26   NI60(N,P)CO60       2.3891E-20  4.0194E-26   TA181(N,G)TA182     5.5674E-20  9.3665E-26
   P31(N,P)SI31        2.9107E-20  4.8969E-26   CU63(N,2N)CU62      5.4279E-20  9.1318E-26   W186(N,G)W187       4.1498E-20  6.9816E-26
   S32(N,P)P32         7.0577E-20  1.1874E-25   CU63(N,G)CU64       7.4405E-21  1.2518E-26   AU197(N,2N)AU196    2.9586E-19  4.9775E-25
   TI46(N,2N)TI45      8.2411E-21  1.3865E-26   CU63(N,A)CO60       7.0809E-21  1.1913E-26   AU197(N,G)AU198     1.0966E-19  1.8449E-25
   TI46(N,P)SC46       5.2443E-20  8.8228E-26   CU65(N,2N)CU64      1.0485E-19  1.7640E-25   HG199(N,N')HG199M   1.4276E-19  2.4017E-25
   TI47(N,P)SC47       2.8050E-20  4.7190E-26   ZN64(N,P)CU64       4.6999E-20  7.9071E-26   PB204(N,N')PB204M   3.1888E-20  5.3647E-26
   TI47(N,X)SC46       9.0523E-21  1.5229E-26   ZN67(N,P)CU67       5.6013E-21  9.4235E-27   BI209(N,3N)BI207    2.3091E-20  3.8848E-26
   TI48(N,P)SC48       8.9385E-21  1.5038E-26   AS75(N,2N)AS74      1.1044E-19  1.8580E-25   TH232(N,FISSION)    9.4674E-20  1.5928E-25
   TI48(N,X)SC47       3.2416E-21  5.4537E-27   Y89(N,2N)Y88        9.5473E-20  1.6062E-25   TH232(N,G)TH233     4.9661E-20  8.3548E-26
   TI49(N,X)SC48       1.9815E-21  3.3335E-27   ZR90(N,2N)ZR89      7.5728E-20  1.2740E-25   U235(N,FISSION)     1.2066E-18  2.0300E-24
   V51(N,A)SC48        2.1418E-21  3.6033E-27   NB93(N,G)NB94       1.1484E-20  1.9320E-26   U235(N,G)U236       1.0309E-19  1.7343E-25
   CR52(N,2N)CR51      3.7815E-20  6.3619E-26   NB93(N,N')NB93M     6.2929E-20  1.0587E-25   U238(N,2N)U237      2.2065E-19  3.7121E-25
   MN55(N,2N)MN54      7.9773E-20  1.3421E-25   NB93(N,2N)NB92M     6.1419E-20  1.0333E-25   U238(N,FISSION)     3.0713E-19  5.1670E-25
   MN55(N,G)MN56       9.0120E-21  1.5162E-26   MO92(N,P)NB92M      1.8581E-20  3.1260E-26   U238(N,G)U239       3.9711E-20  6.6808E-26
   FE54(N,2N)FE53      2.7674E-21  4.6558E-27   RH103(N,N')RH103M   3.8796E-19  6.5270E-25   NP237(N,FISSION)    9.8773E-19  1.6617E-24
   FE54(N,P)MN54       9.3057E-20  1.5656E-25   AG109(N,G)AG110M    7.4366E-21  1.2511E-26   PU239(N,FISSION)    1.6642E-18  2.7998E-24
   FE54(N,A)CR51       1.3669E-20  2.2997E-26   IN113(N,N')IN113M   6.9784E-20  1.1740E-25   AM241(N,FISSION)    1.0170E-18  1.7110E-24
   FE56(N,P)MN56       1.7504E-20  2.9448E-26   IN113(N,G)IN114M    8.9287E-20  1.5021E-25   SC45(N,G)SC46       1.7854E-20  3.0038E-26

  INPUT FLUX REL. CORRELATION MATRIX (by row from diagonal)
   1   1000   992   967   928   875   813   742   667   590   514   442   374   314   261   216   178   146   121   100    84
         69    57    47    39    32    26    22    18    15    13    11     9     8     7     6     6     5     5     5     4
          4     4     4     5     5     5     6     7     8    10    13    17    23    28    33    38    44    51    58    66
         74    83    92   101   110   119   128   137   144   150   156   160   164   165   166   165   164   161   160   160
        165   170   174   183   192   202   216   226   237   244   248   251   256   256   253   251   244   234   224   212
        197   183   172   154   137   119   102    87    73    61    51    42    35    29    24    20    17    15   396   396
        396   396   396   396   396   396   396   396   396   396   396   396   396   396   396   396   396   396   396   396

  OUTPUT FLUX REL. CORRELATION MATRIX (by row from diagonal)
   1   1000   990   961   915   853   780   700   616   531   449   372   303   242   190   146   111    83    61    45    33
         23    15    10     6     3     1     0     0    -1    -2    -2    -2    -2    -2    -2    -2    -2    -2    -2    -2
         -2    -2    -2    -3    -3    -3    -4    -4    -5    -5    -5    -4    -2    -2    -2    -1    -1     0     0     1
          3     5     8    12    16    22    28    34    41    47    54    60    67    72    76    79    82    83    85    88
         94   101   106   114   124   134   148   159   172   181   188   191   198   198   195   192   184   173   162   150
        136   124   115   102    89    77    66    56    47    39    33    27    23    19    16    14    12    11   331   331
        331   331   331   331   331   331   331   331   331   331   331   331   331   331   331   331   331   331   331   331
   2   1000   990   961   915   853   780   700   615   531   449   372   303   242   190   146   111    83    61    45    31
         21    14     9     5     2     0     0    -1    -1    -2    -2    -2    -2    -2    -2    -2    -2    -2    -2    -2
         -2    -2    -3    -3    -3    -4    -4    -5    -5    -5    -4    -2    -2    -2    -1    -1     0     0     1     3
          6     9    12    17    22    28    35    42    48    55    62    69    73    79    81    84    85    88    90    97
        103   108   117   127   138   152   163   176   186   192   196   203   204   201   197   189   178   166   153   140
        127   118   105    91    79    67    57    48    40    34    28    23    20    17    14    12    11   340   340   340
        340   340   340   340   340   340   340   340   340   340   340   340   340   340   340   340   340   340   340
   3   1000   990   961   915   853   780   700   616   531   449   372   303   242   190   146   111    83    61    43    30
         20    13     8     4     1     0     0    -1    -2    -2    -2    -2    -2    -2    -2    -2    -2    -2    -2    -2
         -3    -3    -3    -4    -4    -4    -5    -5    -5    -4    -2    -2    -2    -1    -1     0     0     1     3     6
          9    12    17    23    29    35    42    49    55    62    69    74    79    82    85    86    88    91    98   104
        109   118   128   139   153   165   178   187   194   198   205   205   202   199   190   179   167   155   141   128
        119   106    92    79    68    58    49    41    34    28    24    20    17    14    12    11   343   343   343   343
        343   343   343   343   343   343   343   343   343   343   343   343   343   343   343   343   343   343
   4   1000   990   961   914   853   780   700   615   531   448   372   303   242   190   146   111    83    60    42    29
         19    12     7     3     1     0    -1    -1    -2    -2    -2    -2    -2    -2    -2    -2    -2    -2    -2    -3
         -3    -3    -4    -4    -4    -5    -5    -5    -4    -2    -2    -2    -2    -1     0     0     1     3     5     8
         12    16    22    28    35    41    48    55    62    68    73    78    81    84    85    87    90    97   103   108
        117   127   138   152   163   177   186   193   197   203   204   201   197   189   178   166   154   140   127   118
        105    91    79    67    57    48    40    34    28    23    20    17    14    12    11   340   340   340   340   340
        340   340   340   340   340   340   340   340   340   340   340   340   340   340   340   340   340
   5   1000   990   961   915   853   780   700   615   530   448   372   303   242   189   146   111    81    58    41    28
         18    11     6     3     1     0    -1    -1    -2    -2    -2    -2    -2    -2    -2    -2    -2    -2    -2    -3
         -3    -3    -4    -4    -5    -5    -5    -4    -2    -2    -2    -1    -1     0     0     1     3     5     8    12
         16    22    28    34    41    47    54    61    67    72    77    80    83    84    86    89    95   102   106   115
        125   135   149   161   173   182   189   193   200   200   197   194   185   175   163   151   137   125   116   103
         90    77    66    56    47    40    33    28    23    19    16    14    12    11   334   334   334   334   334   334
        334   334   334   334   334   334   334   334   334   334   334   334   334   334   334   334
   6   1000   990   961   915   853   780   700   615   530   448   372   302   241   189   146   109    80    57    40    27
         17    10     6     2     0     0    -1    -1    -2    -2    -2    -2    -2    -2    -2    -2    -2    -2    -3    -3
         -3    -4    -4    -5    -5    -5    -4    -2    -2    -2    -1    -1     0     0     1     3     5     8    11    16
         21    26    33    39    45    52    58    65    69    74    77    80    81    83    86    92    98   103   111   121
        131   144   155   168   176   183   187   193   193   191   188   179   169   158   146   133   121   112    99    87
         75    64    55    46    38    32    27    22    19    16    13    12    10   323   323   323   323   323   323   323
        323   323   323   323   323   323   323   323   323   323   323   323   323   323   323
   7   1000   990   961   915   853   780   700   615   530   448   372   302   241   189   144   108    79    56    39    26
         17    10     5     2     0     0    -1    -1    -1    -2    -2    -2    -2    -2    -2    -2    -2    -2    -3    -3
         -4    -4    -4    -5    -5    -4    -2    -2    -2    -1    -1     0     0     1     3     5     8    11    15    20
         26    31    38    44    50    56    62    67    71    74    77    78    80    82    88    94    99   107   116   125
        138   149   161   169   176   179   185   186   183   180   172   162   151   140   127   116   108    95    83    72
         61    52    44    37    31    26    21    18    15    13    11    10   310   310   310   310   310   310   310   310
        310   310   310   310   310   310   310   310   310   310   310   310   310   310
   8   1000   990   961   914   853   780   699   615   530   448   371   302   241   188   143   107    78    55    38    26
         16    10     5     2     1     0    -1    -1    -1    -1    -2    -2    -2    -2    -2    -2    -2    -3    -3    -3
         -4    -4    -4    -4    -3    -2    -2    -1    -1    -1     0     0     1     3     5     8    11    15    20    25
         30    36    42    48    54    60    64    68    71    73    74    76    79    84    90    94   102   110   120   132
        142   154   161   167   171   177   177   175   172   164   155   144   134   121   110   103    91    79    68    59
         50    42    35    29    24    20    17    14    12    11    10   296   296   296   296   296   296   296   296   296
        296   296   296   296   296   296   296   296   296   296   296   296   296
   9   1000   990   961   914   853   780   699   615   530   448   371   302   240   186   142   106    77    55    38    25
         16    10     5     3     1     0     0    -1    -1    -1    -1    -2    -2    -2    -2    -2    -2    -3    -3    -3
         -4    -4    -4    -3    -2    -1    -1    -1     0     0     0     1     3     5     7    10    14    19    23    29
         34    40    45    51    56    60    65    67    69    70    72    74    80    85    89    96   104   113   124   134
        145   152   158   161   167   167   164   162   155   146   136   126   114   104    97    86    75    64    55    47
         40    33    28    23    19    16    14    12    10     9   279   279   279   279   279   279   279   279   279   279
        279   279   279   279   279   279   279   279   279   279   279   279
  10   1000   990   961   914   853   780   699   615   530   448   371   301   239   185   141   105    76    54    37    25
         16    10     6     3     1     0     0    -1    -1    -1    -1    -1    -1    -2    -2    -2    -2    -3    -3    -3
         -4    -4    -3    -1    -1    -1    -1     0     0     0     1     3     5     7    10    13    18    22    27    32
         37    43    48    53    57    61    63    65    66    68    70    75    80    83    90    98   106   117   126   136
        143   148   151   156   157   154   152   145   137   128   118   107    98    91    81    70    61    52    44    37
         31    26    22    18    15    13    11    10     8   262   262   262   262   262   262   262   262   262   262   262
        262   262   262   262   262   262   262   262   262   262   262
  11   1000   990   961   914   853   780   699   615   530   447   370   300   238   185   140   105    76    54    37    25
         16    10     6     3     1     0     0     0    -1    -1    -1    -1    -1    -2    -2    -2    -2    -3    -3    -3
         -3    -2    -1    -1    -1     0     0     0     0     1     3     4     7     9    13    17    21    25    30    35
         40    45    50    53    57    59    61    61    63    65    70    74    78    84    91    99   109   117   126   133
        138   141   146   146   144   141   135   127   119   110   100    91    85    75    65    56    48    41    35    29
         24    20    17    14    12    10     9     8   244   244   244   244   244   244   244   244   244   244   244   244
        244   244   244   244   244   244   244   244   244   244
  12   1000   990   961   914   853   780   699   614   529   447   369   299   237   184   140   104    76    54    37    25
         16    10     6     3     1     0     0     0    -1    -1    -1    -1    -1    -2    -2    -2    -3    -3    -3    -3
         -2    -1    -1    -1     0     0     0     0     1     3     4     6     9    12    16    20    24    28    33    37
         42    46    49    53    55    56    57    59    60    65    69    72    78    85    92   101   109   118   124   128
        131   135   136   134   131   126   118   110   102    93    85    79    70    61    52    45    38    32    27    23
         19    16    13    11     9     8     7   227   227   227   227   227   227   227   227   227   227   227   227   227
        227   227   227   227   227   227   227   227   227
  13   1000   990   961   914   853   780   699   614   529   446   368   298   237   184   140   104    76    54    37    25
         16    10     6     3     1     0     0     0     0    -1    -1    -1    -1    -2    -2    -2    -2    -3    -3    -2
         -1    -1     0     0     0     0     0     1     3     4     6     8    11    14    18    22    26    30    35    39
         43    46    49    51    52    53    54    56    60    64    67    72    78    85    93   101   109   114   118   121
        125   125   123   121   116   109   102    94    86    78    73    64    56    48    41    35    30    25    21    17
         14    12    10     9     8     7   210   210   210   210   210   210   210   210   210   210   210   210   210   210
        210   210   210   210   210   210   210   210
  14   1000   990   961   914   853   780   699   614   528   445   368   298   236   183   140   104    76    54    37    25
         17    10     6     3     1     0     0     0     0    -1    -1    -1    -1    -2    -2    -2    -2    -2    -2    -1
          0     0     0     0     0     1     1     3     4     6     8    10    14    17    21    25    28    32    36    40
         42    45    47    48    49    50    52    55    59    62    67    72    78    86    93   101   106   110   112   116
        116   114   112   107   101    94    87    80    72    67    60    52    45    38    33    28    23    19    16    13
         11     9     8     7     6   194   194   194   194   194   194   194   194   194   194   194   194   194   194   194
        194   194   194   194   194   194   194
  15   1000   990   961   914   853   780   698   613   527   445   367   297   236   183   139   104    76    54    38    25
         17    11     6     4     2     0     0     0     0    -1    -1    -1    -1    -2    -2    -2    -2    -1     0     0
          0     0     0     0     1     2     3     4     6     8    10    13    16    19    23    26    30    34    37    40
         42    44    45    46    47    48    51    55    57    62    67    73    80    86    93    98   101   104   107   107
        106   104    99    94    87    81    74    67    62    55    48    41    36    30    25    21    18    15    12    10
          9     7     7     6   180   180   180   180   180   180   180   180   180   180   180   180   180   180   180   180
        180   180   180   180   180   180
  16   1000   990   961   914   853   779   698   613   527   444   367   297   236   183   139   104    76    54    38    26
         17    11     7     4     2     0     0     0     0    -1    -1    -1    -1    -2    -2    -2    -1     0     0     0
          0     0     0     1     2     3     4     5     7     9    12    15    18    21    25    28    31    34    37    39
         40    42    42    43    44    48    51    53    57    62    67    74    80    86    90    94    96    99    99    98
         96    92    86    81    75    68    62    57    51    44    38    33    28    24    20    16    14    11    10     8
          7     6     5   166   166   166   166   166   166   166   166   166   166   166   166   166   166   166   166   166
        166   166   166   166   166
  17   1000   990   961   914   852   779   698   612   527   444   367   297   236   183   139   104    76    54    38    26
         17    11     7     4     2     1     0     0     0    -1    -1    -1    -1    -1    -1    -1     0     0     0     0
          0     0     1     2     3     4     5     7     9    11    14    17    20    23    26    29    32    34    36    37
         38    39    40    41    44    47    49    53    57    62    68    73    79    83    86    88    91    91    90    88
         85    80    74    69    63    57    53    47    41    35    30    26    22    18    15    13    11     9     7     6
          6     5   153   153   153   153   153   153   153   153   153   153   153   153   153   153   153   153   153   153
        153   153   153   153
  18   1000   990   961   914   852   779   697   612   526   444   367   297   236   183   140   104    76    54    38    26
         17    11     7     4     2     1     0     0     0    -1    -1    -1    -1    -1    -1     0     0     0     0     0
          0     1     2     2     3     5     6     8    11    13    16    19    21    24    27    29    31    33    34    35
         36    37    38    40    43    45    48    52    57    62    67    73    76    79    81    84    84    82    81    77
         73    68    63    57    52    49    43    38    32    28    24    20    17    14    12    10     8     7     6     5
          5   141   141   141   141   141   141   141   141   141   141   141   141   141   141   141   141   141   141   141
        141   141   141
  19   1000   990   961   914   852   778   697   612   526   444   367   297   236   183   140   104    76    54    38    26
         17    11     7     4     2     1     0     0     0    -1    -1    -1    -1    -1     0     0     0     0     0     0
          1     2     2     3     5     6     8    10    12    15    17    20    22    25    27    29    31    32    33    33
         34    35    37    39    41    44    48    52    57    62    67    70    73    74    77    77    76    74    71    67
         63    58    53    48    45    40    34    30    25    22    18    15    13    11     9     7     6     5     5     4
        129   129   129   129   129   129   129   129   129   129   129   129   129   129   129   129   129   129   129   129
        129   129
  20   1000   990   961   914   852   778   697   612   526   444   367   297   236   183   140   104    76    55    38    26
         17    11     7     4     2     1     0     0     0    -1    -1    -1     0     0     0     0     0     0     1     1
          2     2     3     4     6     7     9    11    14    16    18    20    23    25    27    28    29    30    30    31
         32    34    36    38    41    44    47    52    56    61    64    66    68    70    70    69    68    65    61    57
         53    48    44    41    36    31    27    23    20    17    14    12    10     8     7     6     5     4     4   118
        118   118   118   118   118   118   118   118   118   118   118   118   118   118   118   118   118   118   118   118
        118
  21   1000   990   961   914   852   778   697   612   526   444   367   297   236   184   140   104    76    55    38    26
         17    11     7     4     2     1     0     0     0     0     0     0     0     0     0     0     0     0     1     1
          2     3     3     5     6     8    10    12    14    16    18    20    22    23    25    25    26    26    27    28
         30    32    33    36    39    42    46    49    53    56    58    59    62    62    61    60    57    54    50    46
         42    38    36    32    28    24    20    17    15    12    10     9     7     6     5     4     4     3   104   104
        104   104   104   104   104   104   104   104   104   104   104   104   104   104   104   104   104   104   104   104
  22   1000   990   961   914   852   778   697   612   526   444   367   297   236   184   140   105    77    55    38    26
         17    11     7     4     2     1     0     0     0     0     0     0     0     0     0     0     0     0     1     1
          2     3     4     5     6     8    10    11    13    15    17    18    20    21    22    22    23    23    24    26
         27    29    31    33    36    40    43    46    49    51    52    53    54    53    52    50    47    44    40    37
         33    31    28    24    21    18    15    13    11     9     7     6     5     4     4     3     3    90    90    90
         90    90    90    90    90    90    90    90    90    90    90    90    90    90    90    90    90    90    90
  23   1000   990   961   914   852   778   697   612   527   444   367   297   236   184   140   105    77    55    38    26
         18    11     7     4     2     1     0     0     0     0     0     0     0     0     0     0     0     0     1     1
          2     3     4     5     6     8     9    11    12    14    16    17    18    19    19    19    20    21    22    24
         25    27    29    31    35    37    40    42    44    45    46    46    46    45    43    41    38    35    32    29
         27    24    21    18    15    13    11     9     8     6     5     4     4     3     3     3    78    78    78    78
         78    78    78    78    78    78    78    78    78    78    78    78    78    78    78    78    78    78
  24   1000   990   961   914   852   778   697   612   527   444   367   298   236   184   140   105    77    55    38    26
         18    11     7     4     2     1     0     0     0     0     0     0     0     0     0     0     0     0     1     1
          2     3     4     5     6     8     9    10    12    13    14    15    16    16    17    17    18    19    20    21
         23    25    27    30    32    35    36    38    39    40    40    39    39    37    35    33    30    27    25    23
         21    18    15    13    11     9     8     7     6     5     4     3     3     2     2    66    66    66    66    66
         66    66    66    66    66    66    66    66    66    66    66    66    66    66    66    66    66
  25   1000   990   961   914   852   779   697   612   527   444   367   298   236   184   140   105    77    55    39    26
         18    11     7     4     2     1     0     0     0     0     0     0     0     0     0     0     0     0     1     1
          2     3     4     5     6     7     8     9    11    11    12    13    13    14    14    15    16    17    18    19
         21    23    25    27    29    31    32    33    34    34    33    33    31    30    28    26    23    21    20    17
         15    13    11    10     8     7     6     5     4     3     3     2     2     2    56    56    56    56    56    56
         56    56    56    56    56    56    56    56    56    56    56    56    56    56    56    56
  26   1000   990   961   914   852   779   697   612   527   444   367   298   236   184   140   105    77    55    39    26
         18    11     7     4     2     1     0     0     0     0     0     0     0     0     0     0     0     0     1     1
          2     3     4     5     6     7     8     9     9    10    11    11    11    12    12    13    14    15    16    18
         19    21    23    25    26    27    28    29    29    28    28    27    25    23    22    20    18    17    15    13
         11     9     8     7     6     5     4     3     3     2     2     2     2    47    47    47    47    47    47    47
         47    47    47    47    47    47    47    47    47    47    47    47    47    47    47
  27   1000   990   961   914   852   779   697   612   527   445   368   298   237   184   140   105    77    55    39    26
         18    11     7     4     2     1     0     0     0     0     0     0     0     0     0     0     0     0     1     1
          2     3     3     4     5     6     7     8     8     9     9     9    10    10    11    12    13    14    15    16
         18    19    21    22    23    23    24    24    24    23    22    21    20    18    17    15    14    12    11     9
          8     7     6     5     4     3     3     2     2     2     1     1    39    39    39    39    39    39    39    39
         39    39    39    39    39    39    39    39    39    39    39    39    39    39
  28   1000   990   961   914   852   779   697   612   527   445   368   298   237   184   140   105    77    55    39    26
         18    11     7     4     2     1     0     0     0     0     0     0     0     0     0     0     0     0     1     1
          2     2     3     4     5     5     6     7     7     7     8     8     8     9    10    10    11    12    14    15
         16    17    18    19    20    20    20    20    20    19    18    16    15    14    13    12    10     9     8     7
          6     5     4     3     3     2     2     2     1     1     1    33    33    33    33    33    33    33    33    33
         33    33    33    33    33    33    33    33    33    33    33    33    33
  29   1000   990   961   914   852   779   698   612   527   445   368   298   237   184   140   105    77    55    39    26
         18    11     7     4     2     1     0     0     0     0     0     0     0     0     0     0     0     0     1     1
          2     2     3     4     4     5     5     6     6     6     7     7     8     8     9    10    10    11    13    14
         15    15    16    16    17    17    17    16    16    15    14    13    12    11    10     9     8     6     6     5
          4     3     3     2     2     2     1     1     1     1    27    27    27    27    27    27    27    27    27    27
         27    27    27    27    27    27    27    27    27    27    27    27
  30   1000   990   961   914   852   779   698   612   527   445   368   298   237   184   140   105    77    55    39    26
         18    11     7     4     2     1     0     0     0     0     0     0     0     0     0     0     0     0     1     1
          2     2     3     3     4     4     4     5     5     5     6     6     7     7     8     9    10    11    11    12
         13    14    14    14    14    14    14    13    13    12    11    10     9     8     7     6     5     5     4     3
          3     2     2     2     1     1     1     1     1    23    23    23    23    23    23    23    23    23    23    23
         23    23    23    23    23    23    23    23    23    23    23
  31   1000   990   961   914   852   779   698   612   527   445   368   298   237   184   140   105    77    55    39    26
         18    11     7     4     2     1     0     0     0     0     0     0     0     0     0     0     0     0     1     1
          1     2     2     3     3     4     4     4     4     5     5     6     6     7     7     8     9    10    11    11
         12    12    12    12    12    12    11    11    10     9     8     8     7     6     5     5     4     3     3     2
          2     2     1     1     1     1     1     1    19    19    19    19    19    19    19    19    19    19    19    19
         19    19    19    19    19    19    19    19    19    19
  32   1000   990   961   914   852   779   698   612   527   445   368   298   237   184   140   105    77    55    39    26
         18    11     7     4     2     1     0     0     0     0     0     0     0     0     0     0     0     0     1     1
          1     2     2     3     3     3     3     4     4     4     5     5     6     6     7     8     8     9    10    10
         10    11    11    10    10    10     9     9     8     7     7     6     5     5     4     3     3     2     2     2
          1     1     1     1     1     1     1    17    17    17    17    17    17    17    17    17    17    17    17    17
         17    17    17    17    17    17    17    17    17
  33   1000   990   961   914   852   779   698   613   527   445   368   298   237   184   140   105    77    55    39    26
         18    11     7     4     2     1     0     0     0     0     0     0     0     0     0     0     0     0     1     1
          1     2     2     2     3     3     3     3     4     4     5     5     6     6     7     7     8     8     9     9
          9     9     9     9     9     8     8     7     6     6     5     5     4     4     3     3     2     2     1     1
          1     1     1     1     1     0    14    14    14    14    14    14    14    14    14    14    14    14    14    14
         14    14    14    14    14    14    14    14
  34   1000   990   961   914   852   779   698   613   527   445   368   298   237   184   140   105    77    55    39    26
         18    11     7     4     2     1     0     0     0     0     0     0     0     0     0     0     0     0     1     1
          1     2     2     2     2     3     3     3     4     4     4     5     5     6     6     7     7     8     8     8
          8     8     8     8     7     7     6     6     5     5     4     4     3     3     2     2     2     1     1     1
          1     1     1     0     0    12    12    12    12    12    12    12    12    12    12    12    12    12    12    12
         12    12    12    12    12    12    12
  35   1000   990   961   914   852   779   698   613   527   445   368   298   237   184   140   105    77    55    39    26
         18    11     7     4     2     1     0     0     0     0     0     0     0     0     0     0     0     0     1     1
          1     2     2     2     2     3     3     3     3     4     4     5     5     6     6     7     7     7     7     7
          7     7     7     6     6     5     5     4     4     4     3     3     2     2     2     1     1     1     1     1
          1     0     0     0    11    11    11    11    11    11    11    11    11    11    11    11    11    11    11    11
         11    11    11    11    11    11
  36   1000   990   961   914   852   779   698   613   527   445   368   298   237   184   140   105    77    55    38    26
         17    11     7     4     2     1     0     0     0     0     0     0     0     0     0     0     0     1     1     1
          1     2     2     2     2     3     3     3     4     4     4     5     5     6     6     6     6     7     7     6
          6     6     6     5     5     4     4     4     3     3     2     2     2     1     1     1     1     1     1     0
          0     0     0    10    10    10    10    10    10    10    10    10    10    10    10    10    10    10    10    10
         10    10    10    10    10
  37   1000   990   961   914   852   779   698   613   527   445   368   298   237   184   140   105    77    55    38    26
         17    11     7     4     2     1     0     0     0     0     0     0     0     0     0     0     0     1     1     1
          1     2     2     2     2     3     3     3     4     4     4     5     5     5     6     6     6     6     6     6
          6     5     5     5     4     4     3     3     3     2     2     2     1     1     1     1     1     1     0     0
          0     0     9     9     9     9     9     9     9     9     9     9     9     9     9     9     9     9     9     9
          9     9     9     9
  38   1000   990   961   914   852   779   698   613   527   445   368   298   237   184   140   105    77    55    38    26
         17    11     7     4     2     1     0     0     0     0     0     0     0     0     0     0     1     1     1     1
          1     2     2     2     2     3     3     3     4     4     4     5     5     5     5     6     6     6     5     5
          5     5     4     4     3     3     3     2     2     2     2     1     1     1     1     1     1     0     0     0
          0     8     8     8     8     8     8     8     8     8     8     8     8     8     8     8     8     8     8     8
          8     8     8
  39   1000   990   961   914   852   779   698   613   527   445   368   298   237   184   140   105    77    55    38    26
         17    11     7     4     2     1     0     0     0     0     0     0     0     0     0     0     1     1     1     1
          1     2     2     2     2     3     3     3     4     4     5     5     5     5     5     5     5     5     5     5
          4     4     4     3     3     3     2     2     2     1     1     1     1     1     1     0     0     0     0     0
          8     8     8     8     8     8     8     8     8     8     8     8     8     8     8     8     8     8     8     8
          8     8
  40   1000   990   961   914   852   779   698   613   527   445   368   298   237   184   140   105    77    55    38    26
         17    11     7     4     2     1     0     0     0     0     0     0     0     0     0     1     1     1     1     1
          2     2     2     2     3     3     3     4     4     4     5     5     5     5     5     5     5     5     4     4
          4     3     3     3     3     2     2     2     1     1     1     1     1     1     0     0     0     0     0     7
          7     7     7     7     7     7     7     7     7     7     7     7     7     7     7     7     7     7     7     7
          7
  41   1000   990   961   914   852   779   698   613   527   445   368   298   236   184   140   105    76    55    38    26
         17    11     7     4     2     1     0     0     0     0     0     0     0     0     1     1     1     1     1     2
          2     2     2     3     3     3     4     4     4     5     5     5     5     5     5     5     5     4     4     4
          3     3     3     2     2     2     2     1     1     1     1     1     1     0     0     0     0     0     7     7
          7     7     7     7     7     7     7     7     7     7     7     7     7     7     7     7     7     7     7     7
  42   1000   990   961   914   852   779   698   612   527   445   368   298   236   184   140   105    76    54    38    26
         17    11     6     4     2     1     0     0     0     0     0     0     0     0     1     1     1     1     1     2
          2     2     3     3     3     4     4     4     4     5     5     5     5     5     5     5     4     4     4     3
          3     3     2     2     2     2     1     1     1     1     1     1     0     0     0     0     0     7     7     7
          7     7     7     7     7     7     7     7     7     7     7     7     7     7     7     7     7     7     7
  43   1000   990   961   914   852   779   698   612   527   445   367   298   236   184   140   104    76    54    38    26
         17    11     6     4     2     1     0     0     0     0     0     0     0     1     1     1     1     1     2     2
          2     3     3     3     4     4     4     5     5     5     5     5     5     5     5     4     4     4     3     3
          3     3     2     2     2     1     1     1     1     1     1     0     0     0     0     0     7     7     7     7
          7     7     7     7     7     7     7     7     7     7     7     7     7     7     7     7     7     7
  44   1000   990   961   914   852   779   698   612   527   444   367   298   236   184   140   104    76    54    38    25
         17    11     6     4     2     1     0     0     0     0     0     0     1     1     1     1     1     2     2     2
          3     3     3     4     4     4     5     5     5     5     5     5     5     5     5     4     4     4     3     3
          3     2     2     2     1     1     1     1     1     1     0     0     0     0     0     7     7     7     7     7
          7     7     7     7     7     7     7     7     7     7     7     7     7     7     7     7     7
  45   1000   990   961   914   852   779   698   612   527   444   367   297   236   183   140   104    76    54    37    25
         17    10     6     4     2     1     0     0     0     0     0     1     1     1     1     1     2     2     2     3
          3     3     4     4     5     5     5     5     5     5     5     5     5     5     4     4     4     3     3     3
          2     2     2     1     1     1     1     1     1     0     0     0     0     0     8     8     8     8     8     8
          8     8     8     8     8     8     8     8     8     8     8     8     8     8     8     8
  46   1000   990   961   914   852   779   697   612   527   444   367   297   236   183   139   104    76    54    37    25
         16    10     6     4     2     1     0     0     0     0     1     1     1     1     2     2     2     3     3     3
          4     4     5     5     5     6     6     6     6     6     6     5     5     5     4     4     4     3     3     3
          2     2     2     1     1     1     1     1     1     0     0     0     0     8     8     8     8     8     8     8
          8     8     8     8     8     8     8     8     8     8     8     8     8     8     8
  47   1000   990   961   914   852   779   697   612   527   444   367   297   236   183   139   103    75    53    37    25
         16    10     6     4     2     1     1     0     1     1     1     1     1     2     2     2     3     3     4     4
          5     5     6     6     6     6     7     7     6     6     6     6     5     5     4     4     4     3     3     2
          2     2     1     1     1     1     1     1     0     0     0     0     9     9     9     9     9     9     9     9
          9     9     9     9     9     9     9     9     9     9     9     9     9     9
  48   1000   990   961   914   852   778   697   612   526   444   367   297   235   183   139   103    75    53    37    25
         16    10     6     4     2     1     1     1     1     1     1     2     2     2     3     3     4     4     5     5
          6     6     7     7     7     7     8     7     7     7     7     6     6     5     5     4     4     3     3     2
          2     2     1     1     1     1     1     1     0     0     0    11    11    11    11    11    11    11    11    11
         11    11    11    11    11    11    11    11    11    11    11    11    11
  49   1000   990   961   914   852   778   697   612   526   444   366   296   235   182   138   103    75    53    37    25
         16    10     7     4     3     2     2     1     2     2     2     2     3     3     4     4     5     6     6     7
          8     8     8     9     9     9     9     9     8     8     7     7     6     6     5     5     4     3     3     2
          2     2     1     1     1     1     1     1     0     0    13    13    13    13    13    13    13    13    13    13
         13    13    13    13    13    13    13    13    13    13    13    13
  50   1000   990   961   914   852   778   697   612   526   443   366   296   235   182   138   103    75    53    37    25
         17    11     7     5     3     3     2     2     2     3     3     4     4     5     5     6     7     8     9     9
         10    10    11    11    11    11    11    10    10     9     8     8     7     6     6     5     4     4     3     3
          2     2     1     1     1     1     1     1     1    17    17    17    17    17    17    17    17    17    17    17
         17    17    17    17    17    17    17    17    17    17    17
  51   1000   990   961   914   852   778   697   612   526   443   366   296   235   182   139   103    75    54    38    26
         18    12     8     6     5     4     4     4     4     4     5     6     6     7     8     9    10    11    12    13
         13    14    14    14    14    14    13    13    12    11    10     9     8     7     6     6     5     4     3     3
          2     2     2     1     1     1     1     1    22    22    22    22    22    22    22    22    22    22    22    22
         22    22    22    22    22    22    22    22    22    22
  52   1000   990   961   914   852   778   697   612   526   444   366   297   235   183   139   104    76    55    39    28
         20    14    11     8     7     6     6     6     6     7     8     9    10    11    12    14    15    16    17    18
         19    19    19    19    19    18    17    16    15    13    12    11    10     9     7     6     5     5     4     3
          3     2     2     2     1     1     1    31    31    31    31    31    31    31    31    31    31    31    31    31
         31    31    31    31    31    31    31    31    31
  53   1000   990   961   914   852   779   697   612   527   444   367   298   237   184   141   106    79    58    42    31
         23    17    14    12    10    10     9     9    10    11    12    13    15    17    19    20    22    24    25    25
         26    26    26    26    25    23    22    20    18    17    15    14    12    10     9     7     6     5     4     4
          3     3     2     2     2     1    43    43    43    43    43    43    43    43    43    43    43    43    43    43
         43    43    43    43    43    43    43    43
  54   1000   990   961   914   852   779   697   612   527   444   368   298   237   185   142   107    80    59    44    32
         24    19    15    13    12    11    11    12    13    14    16    17    19    22    24    26    28    29    30    31
         31    31    30    29    28    26    24    22    20    18    16    14    12    10     9     7     6     5     4     4
          3     3     2     2     2    51    51    51    51    51    51    51    51    51    51    51    51    51    51    51
         51    51    51    51    51    51    51
  55   1000   990   961   914   852   779   697   612   527   445   368   299   238   186   143   108    81    60    45    34
         26    21    17    15    14    13    14    15    16    18    20    22    25    28    30    32    34    35    36    37
         36    36    34    32    30    28    26    23    22    19    17    14    12    10     9     7     6     5     4     4
          3     3     2     2    60    60    60    60    60    60    60    60    60    60    60    60    60    60    60    60
         60    60    60    60    60    60
  56   1000   990   961   914   852   779   697   612   527   445   368   299   239   187   144   110    83    62    47    36
         28    22    19    17    16    16    18    19    21    23    26    29    32    35    38    39    40    42    42    42
         42    40    38    35    33    30    27    25    22    20    17    14    12    10     9     7     6     5     4     3
          3     3     2    70    70    70    70    70    70    70    70    70    70    70    70    70    70    70    70    70
         70    70    70    70    70
  57   1000   990   961   914   852   779   698   613   528   445   369   300   240   188   146   111    84    64    48    37
         29    24    21    19    19    20    21    24    26    30    33    37    41    43    45    47    49    49    49    48
         46    44    41    38    35    32    29    26    23    20    17    14    12    10     8     7     6     5     4     3
          3     3    82    82    82    82    82    82    82    82    82    82    82    82    82    82    82    82    82    82
         82    82    82    82
  58   1000   990   961   914   852   779   698   613   528   446   370   301   241   189   147   113    86    65    50    39
         31    26    23    23    23    24    27    30    33    38    42    46    49    52    53    56    56    56    55    53
         50    47    44    40    36    34    30    26    22    19    16    14    12    10     8     7     6     5     4     3
          3    94    94    94    94    94    94    94    94    94    94    94    94    94    94    94    94    94    94    94
         94    94    94
  59   1000   990   961   914   852   779   698   613   529   447   371   302   242   191   148   114    87    66    51    40
         33    28    27    27    28    30    34    38    43    47    52    56    59    61    63    64    64    63    61    57
         54    50    45    41    39    34    30    26    22    19    16    13    11     9     8     6     5     5     4     4
        108   108   108   108   108   108   108   108   108   108   108   108   108   108   108   108   108   108   108   108
        108   108
  60   1000   990   961   914   852   779   698   614   529   448   372   303   243   192   149   115    88    68    52    42
         35    32    31    32    34    38    42    48    53    59    63    66    68    72    73    72    71    69    65    61
         57    52    47    44    39    34    29    25    21    18    15    13    10     9     7     6     5     5     4   123
        123   123   123   123   123   123   123   123   123   123   123   123   123   123   123   123   123   123   123   123
        123
  61   1000   990   961   914   852   779   699   614   530   448   372   304   244   193   151   116    89    69    54    44
         39    37    36    39    42    47    53    59    65    70    74    77    80    81    81    80    77    73    69    64
         58    53    49    44    38    33    28    24    20    17    14    12    10     8     7     6     5     5   138   138
        138   138   138   138   138   138   138   138   138   138   138   138   138   138   138   138   138   138   138   138
  62   1000   990   961   914   853   780   699   615   530   449   373   305   245   194   151   117    90    70    56    48
         44    42    44    47    52    59    65    72    78    82    85    89    90    90    89    86    82    77    71    65
         59    55    49    43    37    32    27    23    19    16    13    11     9     8     7     6     5   155   155   155
        155   155   155   155   155   155   155   155   155   155   155   155   155   155   155   155   155   155   155
  63   1000   990   961   914   853   780   699   615   531   449   374   305   245   194   152   117    91    72    61    54
         50    50    53    58    65    72    80    85    90    94    99   100   100    99    95    90    85    79    72    66
         61    55    48    41    35    30    25    21    18    15    12    10     9     7     6     6   172   172   172   172
        172   172   172   172   172   172   172   172   172   172   172   172   172   172   172   172   172   172
  64   1000   990   961   914   853   780   700   615   531   450   374   305   245   194   152   119    93    77    67    60
         58    60    64    72    79    87    94    99   103   108   110   109   109   105   100    94    87    80    73    68
         60    53    45    39    33    28    23    19    16    13    11     9     8     7     6   190   190   190   190   190
        190   190   190   190   190   190   190   190   190   190   190   190   190   190   190   190   190
  65   1000   990   961   914   853   780   700   616   531   450   374   305   246   194   153   121    99    83    73    69
         69    72    79    86    95   102   108   112   118   120   119   119   115   109   102    95    87    80    74    66
         58    50    43    36    31    26    21    18    15    12    10     9     8     7   209   209   209   209   209   209
        209   209   209   209   209   209   209   209   209   209   209   209   209   209   209   209
  66   1000   990   961   914   853   780   700   616   531   450   374   306   246   196   156   127   106    90    83    80
         82    89    95   104   111   117   122   128   130   130   129   125   119   112   104    95    87    81    72    63
         54    47    40    34    28    23    19    16    14    11    10     8     8   229   229   229   229   229   229   229
        229   229   229   229   229   229   229   229   229   229   229   229   229   229   229
  67   1000   990   961   915   853   780   700   616   532   450   374   306   247   198   162   134   112   101    95    94
         99   105   114   121   127   131   138   140   140   139   134   128   120   112   103    94    88    78    68    59
         50    43    36    30    25    21    18    15    12    11     9     8   248   248   248   248   248   248   248   248
        248   248   248   248   248   248   248   248   248   248   248   248   248   248
  68   1000   990   961   915   853   780   700   616   531   450   375   307   250   205   169   141   124   113   109   112
        116   124   130   136   140   147   150   149   149   144   137   129   120   110   101    94    84    73    63    54
         46    39    33    27    23    19    16    13    11    10     9   267   267   267   267   267   267   267   267   267
        267   267   267   267   267   267   267   267   267   267   267   267   267
  69   1000   990   961   915   853   780   700   616   531   450   376   310   256   212   176   152   136   128   127   129
        135   140   145   149   156   158   158   157   152   145   136   127   116   106    99    89    78    67    57    49
         41    35    29    24    20    17    14    12    10     9   284   284   284   284   284   284   284   284   284   284
        284   284   284   284   284   284   284   284   284   284   284   284
  70   1000   990   961   914   853   780   700   616   531   451   378   316   263   219   188   165   151   146   144   147
        151   154   157   164   166   165   164   158   151   142   132   121   111   104    93    81    70    60    51    43
         36    30    25    21    18    15    13    11    10   298   298   298   298   298   298   298   298   298   298   298
        298   298   298   298   298   298   298   298   298   298   298
  71   1000   990   961   914   853   780   700   616   533   454   385   324   271   231   201   179   169   162   162   163
        164   166   171   173   171   170   164   156   147   137   126   115   108    96    84    73    62    53    45    38
         32    26    22    18    15    13    11    10   311   311   311   311   311   311   311   311   311   311   311   311
        311   311   311   311   311   311   311   311   311   311
  72   1000   990   961   914   853   780   700   617   536   460   392   331   283   244   215   198   185   180   177   176
        175   179   179   177   175   169   160   151   141   129   118   111    99    87    75    64    55    46    39    33
         27    23    19    16    14    12    11   323   323   323   323   323   323   323   323   323   323   323   323   323
        323   323   323   323   323   323   323   323   323
  73   1000   990   961   914   853   781   702   620   542   468   400   343   296   258   233   213   202   194   189   184
        186   185   181   179   172   163   153   143   131   120   113   100    88    76    66    56    47    40    33    28
         23    19    16    14    12    11   331   331   331   331   331   331   331   331   331   331   331   331   331   331
        331   331   331   331   331   331   331   331
  74   1000   990   961   915   854   782   704   625   548   475   410   354   308   273   246   227   213   202   194   192
        188   183   179   171   162   152   142   130   119   112   100    88    76    65    56    47    40    33    28    23
         19    16    14    12    11   333   333   333   333   333   333   333   333   333   333   333   333   333   333   333
        333   333   333   333   333   333   333
  75   1000   990   961   915   855   784   709   631   555   484   421   366   322   286   259   237   220   206   200   193
        185   180   171   161   151   140   129   118   111    99    87    75    65    56    47    40    33    28    23    19
         16    14    12    11   335   335   335   335   335   335   335   335   335   335   335   335   335   335   335   335
        335   335   335   335   335   335
  76   1000   990   961   916   856   788   713   636   562   493   430   377   331   295   264   239   219   208   196   186
        178   167   157   146   135   124   114   107    96    84    73    63    54    46    38    32    27    23    19    16
         14    12    11   330   330   330   330   330   330   330   330   330   330   330   330   330   330   330   330   330
        330   330   330   330   330
  77   1000   990   962   917   859   791   718   643   570   501   439   384   338   298   265   237   219   202   187   177
        164   152   140   130   118   109   102    91    80    70    60    52    44    37    31    26    22    18    16    13
         12    10   324   324   324   324   324   324   324   324   324   324   324   324   324   324   324   324   324   324
        324   324   324   324
  78   1000   990   962   918   861   794   722   648   575   507   443   388   338   296   259   233   210   190   175   160
        146   133   122   111   102    96    86    75    66    57    49    42    35    30    25    21    18    15    13    11
         10   314   314   314   314   314   314   314   314   314   314   314   314   314   314   314   314   314   314   314
        314   314   314
  79   1000   990   963   920   863   798   726   652   579   509   445   386   334   289   254   223   197   177   158   142
        128   116   104    95    89    80    71    61    53    46    39    33    28    24    20    17    14    12    11    10
        307   307   307   307   307   307   307   307   307   307   307   307   307   307   307   307   307   307   307   307
        307   307
  80   1000   991   964   921   865   800   728   654   580   509   442   381   327   282   243   210   184   160   140   124
        111    99    89    84    75    66    57    50    43    37    31    27    23    19    16    14    12    11    10   301
        301   301   301   301   301   301   301   301   301   301   301   301   301   301   301   301   301   301   301   301
        301
  81   1000   991   964   922   867   802   731   656   581   508   440   377   323   275   234   201   172   147   128   112
         98    87    82    72    64    55    48    42    36    31    26    22    19    16    14    12    11    10   308   308
        308   308   308   308   308   308   308   308   308   308   308   308   308   308   308   308   308   308   308   308
  82   1000   991   965   923   868   803   731   655   579   504   433   371   314   264   224   188   158   133   114    98
         86    80    70    61    53    46    40    35    30    26    22    19    16    14    12    11    10   315   315   315
        315   315   315   315   315   315   315   315   315   315   315   315   315   315   315   315   315   315   315
  83   1000   991   965   923   867   801   727   650   571   495   424   358   300   251   207   171   142   118    99    85
         78    68    59    51    44    38    33    28    24    21    18    15    13    12    11    10   318   318   318   318
        318   318   318   318   318   318   318   318   318   318   318   318   318   318   318   318   318   318
  84   1000   991   965   922   866   799   724   645   565   489   416   349   292   240   196   160   132   108    91    81
         70    59    51    44    38    33    28    24    21    18    16    14    12    11    10   334   334   334   334   334
        334   334   334   334   334   334   334   334   334   334   334   334   334   334   334   334   334
  85   1000   991   964   921   864   796   720   640   559   481   407   341   281   229   186   151   122   101    88    74
         62    52    45    39    33    28    25    21    18    16    14    12    11    10   353   353   353   353   353   353
        353   353   353   353   353   353   353   353   353   353   353   353   353   353   353   353
  86   1000   991   964   920   862   793   716   635   553   474   401   333   272   221   179   143   117   100    82    68
         56    47    40    34    29    25    22    19    16    14    13    12    11   376   376   376   376   376   376   376
        376   376   376   376   376   376   376   376   376   376   376   376   376   376   376
  87   1000   991   963   920   862   792   715   633   551   473   397   329   269   219   176   142   120    98    80    65
         54    45    38    32    27    23    20    18    15    14    13    12   409   409   409   409   409   409   409   409
        409   409   409   409   409   409   409   409   409   409   409   409   409   409
  88   1000   991   963   919   860   790   712   629   548   467   392   324   265   214   173   145   117    94    75    61
         50    41    35    29    25    21    18    16    14    13    12   437   437   437   437   437   437   437   437   437
        437   437   437   437   437   437   437   437   437   437   437   437   437
  89   1000   991   963   919   859   789   710   629   546   465   390   323   263   214   178   144   115    91    73    59
         48    39    33    27    23    20    17    15    14    13   470   470   470   470   470   470   470   470   470   470
        470   470   470   470   470   470   470   470   470   470   470   470
  90   1000   991   963   917   858   787   709   625   542   461   387   319   262   218   176   140   111    88    70    56
         45    36    30    25    21    18    16    15    13   492   492   492   492   492   492   492   492   492   492   492
        492   492   492   492   492   492   492   492   492   492   492
  91   1000   990   962   916   856   785   706   622   539   459   384   318   266   215   172   136   107    84    66    52
         42    34    27    23    19    17    15    14   508   508   508   508   508   508   508   508   508   508   508   508
        508   508   508   508   508   508   508   508   508   508
  92   1000   990   961   916   855   783   703   620   537   457   383   323   264   212   168   132   104    81    63    49
         39    31    25    21    18    16    14   517   517   517   517   517   517   517   517   517   517   517   517   517
        517   517   517   517   517   517   517   517   517
  93   1000   990   962   916   856   783   704   621   538   459   391   324   263   211   167   131   102    79    61    47
         37    29    24    20    17    15   536   536   536   536   536   536   536   536   536   536   536   536   536   536
        536   536   536   536   536   536   536   536
  94   1000   990   962   916   855   783   704   620   538   465   390   322   261   208   165   128    99    76    58    45
         35    28    22    19    16   537   537   537   537   537   537   537   537   537   537   537   537   537   537   537
        537   537   537   537   537   537   537
  95   1000   990   962   915   854   783   703   621   544   464   388   319   258   206   162   125    96    73    56    43
         33    26    21    18   529   529   529   529   529   529   529   529   529   529   529   529   529   529   529   529
        529   529   529   529   529   529
  96   1000   990   961   915   854   782   704   626   543   462   386   317   256   204   159   123    94    71    54    41
         32    25    20   521   521   521   521   521   521   521   521   521   521   521   521   521   521   521   521   521
        521   521   521   521   521
  97   1000   990   961   915   854   783   708   626   542   460   384   315   254   201   157   120    92    69    52    39
         30    24   498   498   498   498   498   498   498   498   498   498   498   498   498   498   498   498   498   498
        498   498   498   498
  98   1000   990   961   915   855   787   708   625   540   459   383   313   251   199   154   118    90    67    50    38
         29   470   470   470   470   470   470   470   470   470   470   470   470   470   470   470   470   470   470   470
        470   470   470
  99   1000   990   961   916   858   787   707   623   539   457   381   311   249   197   152   116    88    66    49    37
        439   439   439   439   439   439   439   439   439   439   439   439   439   439   439   439   439   439   439   439
        439   439
 100   1000   990   962   918   858   786   706   622   538   455   379   309   247   195   151   115    86    65    48   407
        407   407   407   407   407   407   407   407   407   407   407   407   407   407   407   407   407   407   407   407
        407
 101   1000   990   963   918   857   785   705   621   536   454   377   307   246   193   149   114    85    63   371   371
        371   371   371   371   371   371   371   371   371   371   371   371   371   371   371   371   371   371   371   371
 102   1000   991   963   917   856   784   704   619   534   452   375   306   244   192   148   112    84   339   339   339
        339   339   339   339   339   339   339   339   339   339   339   339   339   339   339   339   339   339   339
 103   1000   990   962   915   854   782   701   617   532   450   373   304   243   190   147   111   317   317   317   317
        317   317   317   317   317   317   317   317   317   317   317   317   317   317   317   317   317   317
 104   1000   990   961   915   854   781   700   616   531   449   372   303   242   189   146   282   282   282   282   282
        282   282   282   282   282   282   282   282   282   282   282   282   282   282   282   282   282
 105   1000   990   961   915   853   781   700   615   530   448   371   302   241   189   247   247   247   247   247   247
        247   247   247   247   247   247   247   247   247   247   247   247   247   247   247   247
 106   1000   990   961   915   853   780   700   615   530   448   371   301   240   213   213   213   213   213   213   213
        213   213   213   213   213   213   213   213   213   213   213   213   213   213   213
 107   1000   990   961   914   853   780   699   614   529   447   370   301   183   183   183   183   183   183   183   183
        183   183   183   183   183   183   183   183   183   183   183   183   183   183
 108   1000   990   961   914   853   780   699   614   529   447   370   157   157   157   157   157   157   157   157   157
        157   157   157   157   157   157   157   157   157   157   157   157   157
 109   1000   990   961   914   853   780   699   614   529   446   133   133   133   133   133   133   133   133   133   133
        133   133   133   133   133   133   133   133   133   133   133   133
 110   1000   990   961   914   853   779   698   614   528   112   112   112   112   112   112   112   112   112   112   112
        112   112   112   112   112   112   112   112   112   112   112
 111   1000   990   961   914   852   779   698   613    94    94    94    94    94    94    94    94    94    94    94    94
         94    94    94    94    94    94    94    94    94    94
 112   1000   990   961   914   852   779   698    78    78    78    78    78    78    78    78    78    78    78    78    78
         78    78    78    78    78    78    78    78    78
 113   1000   990   961   914   852   779    66    66    66    66    66    66    66    66    66    66    66    66    66    66
         66    66    66    66    66    66    66    66
 114   1000   990   961   914   852    55    55    55    55    55    55    55    55    55    55    55    55    55    55    55
         55    55    55    55    55    55    55
 115   1000   990   961   914    47    47    47    47    47    47    47    47    47    47    47    47    47    47    47    47
         47    47    47    47    47    47
 116   1000   990   961    40    40    40    40    40    40    40    40    40    40    40    40    40    40    40    40    40
         40    40    40    40    40
 117   1000   990    35    35    35    35    35    35    35    35    35    35    35    35    35    35    35    35    35    35
         35    35    35    35
 118   1000    32    32    32    32    32    32    32    32    32    32    32    32    32    32    32    32    32    32    32
         32    32    32
 119   1000  1000  1000  1000  1000  1000  1000  1000  1000  1000  1000  1000  1000  1000  1000  1000  1000  1000  1000  1000
       1000  1000
 120   1000  1000  1000  1000  1000  1000  1000  1000  1000  1000  1000  1000  1000  1000  1000  1000  1000  1000  1000  1000
       1000
 121   1000  1000  1000  1000  1000  1000  1000  1000  1000  1000  1000  1000  1000  1000  1000  1000  1000  1000  1000  1000
 122   1000  1000  1000  1000  1000  1000  1000  1000  1000  1000  1000  1000  1000  1000  1000  1000  1000  1000  1000
 123   1000  1000  1000  1000  1000  1000  1000  1000  1000  1000  1000  1000  1000  1000  1000  1000  1000  1000
 124   1000  1000  1000  1000  1000  1000  1000  1000  1000  1000  1000  1000  1000  1000  1000  1000  1000
 125   1000  1000  1000  1000  1000  1000  1000  1000  1000  1000  1000  1000  1000  1000  1000  1000
 126   1000  1000  1000  1000  1000  1000  1000  1000  1000  1000  1000  1000  1000  1000  1000
 127   1000  1000  1000  1000  1000  1000  1000  1000  1000  1000  1000  1000  1000  1000
 128   1000  1000  1000  1000  1000  1000  1000  1000  1000  1000  1000  1000  1000
 129   1000  1000  1000  1000  1000  1000  1000  1000  1000  1000  1000  1000
 130   1000  1000  1000  1000  1000  1000  1000  1000  1000  1000  1000
 131   1000  1000  1000  1000  1000  1000  1000  1000  1000  1000
 132   1000  1000  1000  1000  1000  1000  1000  1000  1000
 133   1000  1000  1000  1000  1000  1000  1000  1000
 134   1000  1000  1000  1000  1000  1000  1000
 135   1000  1000  1000  1000  1000  1000
 136   1000  1000  1000  1000  1000
 137   1000  1000  1000  1000
 138   1000  1000  1000
 139   1000  1000
 140   1000

 Finished!
