88_Run
  140    9    1    0    1
   0.00500   9.00000   0.03000   0.00100
   0.0000000   0   0 1.00000000E+00   1.0000000
AL27P    1.010E-30 0.003       0.00       0.00        (    )
AL27A    9.070E-31 0.003       0.00       0.00        (    )
NI582    2.460E-31 0.005       0.00       0.00        (    )
NI58P    8.560E-30 0.002       0.00       0.00        (    )
ZR902    4.230E-30 0.004       0.00       0.00        (    )
IN115N   6.470E-30 0.002       0.00       0.00        (    )
IN115G   5.520E-30 0.002       0.00       0.00        (    )
AU1972   1.330E-29 0.003       0.00       0.00        (    )
AU197G   3.940E-30 0.002       0.00       0.00        (    )
Flux Uncertainty
 141
 1.0000E-10 1.0000E-09 1.0000E-08 2.3000E-08 5.0000E-08 7.6000E-08 1.1500E-07
 1.7000E-07 2.5500E-07 3.8000E-07 5.5000E-07 8.4000E-07 1.2800E-06 1.9000E-06
 2.8000E-06 4.2500E-06 6.3000E-06 9.2000E-06 1.3500E-05 2.1000E-05 3.0000E-05
 4.5000E-05 6.9000E-05 1.0000E-04 1.3500E-04 1.7000E-04 2.2000E-04 2.8000E-04
 3.6000E-04 4.5000E-04 5.7500E-04 7.6000E-04 9.6000E-04 1.2800E-03 1.6000E-03
 2.0000E-03 2.7000E-03 3.4000E-03 4.5000E-03 5.5000E-03 7.2000E-03 9.2000E-03
 1.2000E-02 1.5000E-02 1.9000E-02 2.5500E-02 3.2000E-02 4.0000E-02 5.2500E-02
 6.6000E-02 8.8000E-02 1.1000E-01 1.3500E-01 1.6000E-01 1.9000E-01 2.2000E-01
 2.5500E-01 2.9000E-01 3.2000E-01 3.6000E-01 4.0000E-01 4.5000E-01 5.0000E-01
 5.5000E-01 6.0000E-01 6.6000E-01 7.2000E-01 7.8000E-01 8.4000E-01 9.2000E-01
 1.0000E+00 1.2000E+00 1.4000E+00 1.6000E+00 1.8000E+00 2.0000E+00 2.3000E+00
 2.6000E+00 2.9000E+00 3.3000E+00 3.7000E+00 4.1000E+00 4.5000E+00 5.0000E+00
 5.5000E+00 6.0000E+00 6.7000E+00 7.4000E+00 8.2000E+00 9.0000E+00 1.0000E+01
 1.1000E+01 1.2000E+01 1.3000E+01 1.4000E+01 1.5000E+01 1.6000E+01 1.7000E+01
 1.8000E+01 1.9000E+01 2.0000E+01 2.1000E+01 2.2000E+01 2.3000E+01 2.4000E+01
 2.5000E+01 2.6000E+01 2.7000E+01 2.8000E+01 2.9000E+01 3.0000E+01 3.1000E+01
 3.2000E+01 3.3000E+01 3.4000E+01 3.5000E+01 3.6000E+01 3.7000E+01 3.8000E+01
 3.9000E+01 4.0000E+01 4.1000E+01 4.2000E+01 4.3000E+01 4.4000E+01 4.5000E+01
 4.6000E+01 4.7000E+01 4.8000E+01 4.9000E+01 5.0000E+01 5.1000E+01 5.2000E+01
 5.3000E+01 5.4000E+01 5.5000E+01 5.6000E+01 5.7000E+01 5.8000E+01 5.9000E+01
 6.0000E+01
 0.0000E+00 0.0000E+00 0.0000E+00 0.0000E+00 0.0000E+00 0.0000E+00 0.0000E+00
 0.0000E+00 0.0000E+00 0.0000E+00 0.0000E+00 0.0000E+00 5.8270E-01 5.9060E-01
 3.2970E-01 2.8240E-01 4.1140E-01 2.3280E-01 1.1000E-02 9.1000E-03 1.0100E-02
 9.2000E-03 9.3000E-03 8.6000E-03 9.5000E-03 1.0600E-02 9.3000E-03 9.9000E-03
 1.0300E-02 9.3000E-03 8.7000E-03 8.6000E-03 1.5800E-02 2.4300E-02 2.2100E-02
 2.9900E-02 2.0300E-02 1.6500E-02 1.6300E-02 1.4900E-02 1.7700E-02 1.1400E-02
 1.0000E-02 9.2000E-03 8.4000E-03 7.5000E-03 7.3000E-03 4.8000E-03 8.0000E-03
 3.1700E-02 2.4300E-02 3.2100E-02 3.3000E-02 1.6200E-02 1.8200E-02 2.6800E-02
 2.4000E-02 2.5400E-02 2.6200E-02 2.5700E-02 2.2400E-02 2.2100E-02 2.3500E-02
 2.5100E-02 2.4800E-02 2.2900E-02 2.1500E-02 2.1900E-02 2.3700E-02 2.1900E-02
 2.3700E-02 1.6200E-02 1.7900E-02 1.9400E-02 2.1000E-02 2.2400E-02 1.9700E-02
 2.1000E-02 2.2100E-02 1.9800E-02 1.9900E-02 1.9800E-02 1.9600E-02 1.6400E-02
 1.5400E-02 1.4600E-02 1.1800E-02 1.1500E-02 1.0700E-02 1.0800E-02 9.9000E-03
 1.0700E-02 1.1500E-02 1.2200E-02 1.3200E-02 1.4600E-02 1.5900E-02 1.7800E-02
 1.9500E-02 2.1800E-02 2.5600E-02 2.7800E-02 3.0400E-02 3.1900E-02 3.3100E-02
 3.3800E-02 3.5800E-02 3.7700E-02 3.9400E-02 3.9700E-02 4.1400E-02 4.3500E-02
 4.1900E-02 4.4900E-02 5.4500E-02 9.6000E-02 0.0000E+00 0.0000E+00 0.0000E+00
 0.0000E+00 0.0000E+00 0.0000E+00 0.0000E+00 0.0000E+00 0.0000E+00 0.0000E+00
 0.0000E+00 0.0000E+00 0.0000E+00 0.0000E+00 0.0000E+00 0.0000E+00 0.0000E+00
 0.0000E+00 0.0000E+00 0.0000E+00 0.0000E+00 0.0000E+00 0.0000E+00 0.0000E+00
 0.0000E+00
Input Flux Spectrum
 140   0 1.000E+00 2.000E+01 5.000E-08
 0.0000E+00 0.0000E+00 0.0000E+00 0.0000E+00 0.0000E+00 0.0000E+00 0.0000E+00
 0.0000E+00 0.0000E+00 0.0000E+00 0.0000E+00 9.4100E-15 2.8300E-14 4.3000E-14
 2.7700E-13 7.4500E-14 8.9900E-13 1.9900E-12 4.3900E-12 4.3100E-12 6.1100E-12
 1.6800E-11 1.8000E-11 2.3300E-11 2.4600E-11 4.4000E-11 5.1200E-11 8.7800E-11
 1.1100E-10 1.8200E-10 3.9100E-10 7.3100E-10 1.8100E-09 1.8200E-09 2.3700E-09
 3.4800E-09 3.9200E-09 7.1000E-09 7.1400E-09 1.2700E-08 1.7800E-08 3.5500E-08
 3.7900E-08 4.4200E-08 8.4200E-08 1.2800E-07 9.9000E-08 2.0400E-07 2.4300E-07
 4.8800E-07 3.9400E-07 5.9300E-07 4.9300E-07 6.2500E-07 5.7100E-07 6.7600E-07
 7.1900E-07 5.5800E-07 7.8300E-07 7.5600E-07 8.6300E-07 8.7000E-07 8.3400E-07
 8.2000E-07 9.3800E-07 9.3400E-07 9.1100E-07 8.1600E-07 1.0700E-06 9.8900E-07
 2.0900E-06 1.7000E-06 1.4700E-06 1.2500E-06 1.0800E-06 1.3200E-06 1.0600E-06
 8.3500E-07 8.8100E-07 6.9600E-07 5.7100E-07 5.2000E-07 6.0400E-07 5.9800E-07
 6.2200E-07 8.9500E-07 9.3100E-07 1.1000E-06 1.0800E-06 1.3100E-06 1.2000E-06
 1.0700E-06 9.4500E-07 7.9900E-07 6.4800E-07 5.3100E-07 4.1600E-07 3.3700E-07
 2.7500E-07 2.0400E-07 1.6400E-07 1.4700E-07 1.2800E-07 1.2000E-07 1.1500E-07
 1.0700E-07 9.2700E-08 8.5400E-08 8.2000E-08 7.8500E-08 7.3300E-08 7.2700E-08
 7.0000E-08 5.2300E-08 1.7800E-08 1.6300E-14 0.0000E+00 0.0000E+00 0.0000E+00
 0.0000E+00 0.0000E+00 0.0000E+00 0.0000E+00 0.0000E+00 0.0000E+00 0.0000E+00
 0.0000E+00 0.0000E+00 0.0000E+00 0.0000E+00 0.0000E+00 0.0000E+00 0.0000E+00
 0.0000E+00 0.0000E+00 0.0000E+00 0.0000E+00 0.0000E+00 0.0000E+00 0.0000E+00
   10   13   28   11    8    5    8    7   10   40



                         ==============================
                               STAYSL PNNL OUTPUT
                         ==============================

 STAYSL PNNL, version 1.2.0, 2015-08-05


 SCENARIO TITLE: 88_Run
 -------------------------------------------------------------------------------
  NGROUP =   140    NRXN =     9    ACTIVITY NORM = 1.00000E+00

  COVARIANCE PARAMETERS (FCHN, FCVX, ACVX, FS)
    FLUXES:      WIDTH =  9.0000E+00   LONG RANGE COVAR. =  3.0000E-02
            ACTIVITIES =  5.0000E-03   X-SECT CROSS COR. =  1.0000E-03

    DETERM =   3.2293 × 10^   0.00      ERROR =   1.8417E-15

  INPUT NORMALIZATION DATA
    AK1   =     0.00000     VAK        =     0.00090
    NORML =           0     RENORM     = 1.01728E+00
    CHI²  =    20.92254     NORM. CHI² =     2.61532

  DOSIMETRY ACTIVITIES
     ———— INPUTS —————  -UNADJUSTED FLUX-  — ADJUSTED FLUX —    CHI²  90% ACTIVITIES RANGE
 RXN  MEASURED     ±%   ACTIVITY    %DIFF  ACTIVITY    %DIFF  CONTRIB --LOW E-- --HIGH E--   REACTION          CVR
  1  1.010E-30    0.25  1.025E-30    1.46  1.010E-30    0.01    0.004  5.50E+00  1.70E+01  AL27(N,P)MG27           
  2  9.070E-31    0.30  9.236E-31    1.83  9.102E-31    0.36    6.718  7.40E+00  1.80E+01  AL27(N,A)NA24           
  3  2.460E-31    0.49  2.410E-31   -2.05  2.427E-31   -1.33    0.624  1.40E+01  3.00E+01  NI58(N,2N)NI57          
  4  8.560E-30    0.23  8.419E-30   -1.64  8.309E-30   -2.93    2.550  2.90E+00  1.40E+01  NI58(N,P)CO58           
  5  4.230E-30    0.45  4.067E-30   -3.85  4.077E-30   -3.61    3.440  1.30E+01  2.80E+01  ZR90(N,2N)ZR89          
  6  6.470E-30    0.18  6.505E-30    0.54  6.449E-30   -0.33   -0.066  1.00E+00  1.20E+01  IN115(N,N')IN115M       
  7  5.520E-30    0.17  5.359E-30   -2.92  5.253E-30   -4.84    3.281  2.55E-02  2.00E+00  IN115(N,G)IN116M        
  8  1.330E-29    0.33  1.327E-29   -0.24  1.311E-29   -1.43    0.289  9.00E+00  2.00E+01  AU197(N,2N)AU196        
  9  3.940E-30    0.17  4.047E-30    2.71  3.950E-30    0.25    4.081  1.20E-02  2.00E+00  AU197(N,G)AU198         

             % STD. DEV.  =          2.33               2.48

                              CHECK INPUT, IT IS RATHER UNLIKELY !
                                   *** BEWARE OF OUTPUT ! ***


  DIFFERENTIAL FLUXES (input is normalized by a factor of 1.0173E+00)
                  —————— DIFFERENTIAL FLUX —————   ———— STD. DEV. % ————   INTEGRAL
 GRP    ENERGY        NEW         OLD      RATIO    NEW     OLD    RATIO   FLUX > E     ± %
  12  8.4000E-07  2.1655E-08  2.2006E-08   0.984   28.81   28.95   0.995  4.5200E-05    0.71
  13  1.2750E-06  4.5300E-08  4.6062E-08   0.983   58.31   58.38   0.999  4.5200E-05    0.71
  14  1.9000E-06  4.7800E-08  4.8603E-08   0.983   46.00   46.09   0.998  4.5200E-05    0.71
  15  2.8000E-06  1.9116E-07  1.9434E-07   0.984   30.61   30.74   0.996  4.5200E-05    0.71
  16  4.2500E-06  3.6354E-08  3.6969E-08   0.983   34.69   34.80   0.997  4.5200E-05    0.71
  17  6.3000E-06  3.1006E-07  3.1536E-07   0.983   32.21   32.33   0.996  4.5200E-05    0.71
  18  9.2000E-06  4.6320E-07  4.7079E-07   0.984   12.22   12.55   0.974  4.5200E-05    0.71
  19  1.3500E-05  5.8616E-07  5.9545E-07   0.984    1.40    3.16   0.442  4.5200E-05    0.71
  20  2.1000E-05  4.7956E-07  4.8716E-07   0.984    1.37    3.15   0.434  4.5200E-05    0.71
  21  3.0000E-05  4.0790E-07  4.1437E-07   0.984    1.37    3.15   0.435  4.5200E-05    0.71
  22  4.5000E-05  7.0096E-07  7.1210E-07   0.984    1.34    3.14   0.427  4.5200E-05    0.71
  23  6.9000E-05  5.8143E-07  5.9068E-07   0.984    1.32    3.13   0.422  4.5200E-05    0.71
  24  1.0000E-04  6.6659E-07  6.7722E-07   0.984    1.33    3.13   0.423  4.5200E-05    0.71
  25  1.3500E-04  7.0374E-07  7.1500E-07   0.984    1.40    3.16   0.441  4.5200E-05    0.71
  26  1.7000E-04  8.8107E-07  8.9521E-07   0.984    1.39    3.16   0.439  4.5200E-05    0.71
  27  2.2000E-04  8.5434E-07  8.6808E-07   0.984    1.36    3.15   0.432  4.5200E-05    0.71
  28  2.8000E-04  1.0987E-06  1.1165E-06   0.984    1.40    3.17   0.441  4.5200E-05    0.71
  29  3.6000E-04  1.2346E-06  1.2546E-06   0.984    1.37    3.16   0.435  4.5200E-05    0.71
  30  4.5000E-04  1.4575E-06  1.4812E-06   0.984    1.32    3.13   0.420  4.5200E-05    0.71
  31  5.7500E-04  2.1156E-06  2.1500E-06   0.984    1.29    3.12   0.414  4.5200E-05    0.71
  32  7.6000E-04  3.6574E-06  3.7182E-06   0.984    1.54    3.24   0.477  4.5199E-05    0.71
  33  9.6000E-04  5.7458E-06  5.8453E-06   0.983    2.20    3.60   0.610  4.5198E-05    0.71
  34  1.2750E-03  5.5971E-06  5.6968E-06   0.983    2.48    3.79   0.655  4.5197E-05    0.71
  35  1.6000E-03  5.9187E-06  6.0274E-06   0.982    2.74    3.97   0.690  4.5195E-05    0.71
  36  2.0000E-03  4.9649E-06  5.0573E-06   0.982    2.65    3.91   0.677  4.5192E-05    0.71
  37  2.7000E-03  5.5952E-06  5.6968E-06   0.982    2.04    3.52   0.578  4.5189E-05    0.71
  38  3.4000E-03  6.4487E-06  6.5661E-06   0.982    1.85    3.42   0.542  4.5185E-05    0.71
  39  4.5000E-03  7.1319E-06  7.2634E-06   0.982    1.77    3.38   0.525  4.5178E-05    0.71
  40  5.5000E-03  7.4581E-06  7.5997E-06   0.981    1.82    3.41   0.533  4.5171E-05    0.71
  41  7.2000E-03  8.8840E-06  9.0538E-06   0.981    1.66    3.33   0.497  4.5158E-05    0.71
  42  9.2000E-03  1.2662E-05  1.2898E-05   0.982    1.35    3.18   0.424  4.5140E-05    0.71
  43  1.2000E-02  1.2615E-05  1.2852E-05   0.982    1.26    3.15   0.400  4.5105E-05    0.71
  44  1.5000E-02  1.1032E-05  1.1241E-05   0.981    1.19    3.13   0.381  4.5067E-05    0.71
  45  1.9000E-02  1.2931E-05  1.3178E-05   0.981    1.12    3.10   0.361  4.5023E-05    0.71
  46  2.5500E-02  1.9654E-05  2.0033E-05   0.981    1.07    3.09   0.347  4.4939E-05    0.71
  47  3.2000E-02  1.2354E-05  1.2589E-05   0.981    1.00    3.06   0.326  4.4811E-05    0.71
  48  4.0000E-02  1.6283E-05  1.6602E-05   0.981    0.98    3.07   0.321  4.4712E-05    0.71
  49  5.2500E-02  1.7797E-05  1.8311E-05   0.972    1.70    3.60   0.471  4.4509E-05    0.71
  50  6.6000E-02  2.1780E-05  2.2565E-05   0.965    2.21    4.10   0.539  4.4269E-05    0.72
  51  8.8000E-02  1.7556E-05  1.8219E-05   0.964    2.12    4.12   0.514  4.3789E-05    0.73
  52  1.1000E-01  2.3142E-05  2.4130E-05   0.959    2.32    4.43   0.525  4.3403E-05    0.74
  53  1.3500E-01  1.9348E-05  2.0061E-05   0.964    1.67    3.88   0.430  4.2825E-05    0.76
  54  1.6000E-01  2.0560E-05  2.1193E-05   0.970    1.16    3.46   0.337  4.2341E-05    0.77
  55  1.9000E-01  1.8694E-05  1.9362E-05   0.965    1.41    3.75   0.376  4.1724E-05    0.79
  56  2.2000E-01  1.8925E-05  1.9648E-05   0.963    1.55    3.93   0.395  4.1163E-05    0.80
  57  2.5500E-01  2.0150E-05  2.0898E-05   0.964    1.50    3.89   0.386  4.0501E-05    0.82
  58  2.9000E-01  1.8243E-05  1.8921E-05   0.964    1.58    3.96   0.400  3.9796E-05    0.83
  59  3.2000E-01  1.9220E-05  1.9913E-05   0.965    1.62    3.97   0.410  3.9248E-05    0.85
  60  3.6000E-01  1.8611E-05  1.9227E-05   0.968    1.55    3.84   0.404  3.8480E-05    0.86
  61  4.0000E-01  1.7044E-05  1.7558E-05   0.971    1.49    3.73   0.400  3.7735E-05    0.87
  62  4.5000E-01  1.7207E-05  1.7701E-05   0.972    1.58    3.77   0.421  3.6883E-05    0.89
  63  5.0000E-01  1.6516E-05  1.6968E-05   0.973    1.74    3.86   0.452  3.6023E-05    0.90
  64  5.5000E-01  1.6271E-05  1.6683E-05   0.975    1.85    3.90   0.474  3.5197E-05    0.90
  65  6.0000E-01  1.5553E-05  1.5903E-05   0.978    1.82    3.83   0.475  3.4383E-05    0.91
  66  6.6000E-01  1.5529E-05  1.5836E-05   0.981    1.75    3.73   0.468  3.3450E-05    0.91
  67  7.2000E-01  1.5181E-05  1.5446E-05   0.983    1.74    3.70   0.471  3.2518E-05    0.91
  68  7.8000E-01  1.3629E-05  1.3835E-05   0.985    1.85    3.77   0.492  3.1608E-05    0.91
  69  8.4000E-01  1.3435E-05  1.3606E-05   0.987    1.88    3.77   0.498  3.0790E-05    0.90
  70  9.2000E-01  1.2447E-05  1.2576E-05   0.990    1.89    3.77   0.502  2.9715E-05    0.89
  71  1.0000E+00  1.0535E-05  1.0631E-05   0.991    1.69    3.60   0.468  2.8719E-05    0.88
  72  1.2000E+00  8.5741E-06  8.6469E-06   0.992    1.49    3.45   0.431  2.6612E-05    0.86
  73  1.4000E+00  7.4309E-06  7.4770E-06   0.994    1.60    3.53   0.453  2.4898E-05    0.85
  74  1.6000E+00  6.3335E-06  6.3580E-06   0.996    1.71    3.62   0.473  2.3411E-05    0.83
  75  1.8000E+00  5.4847E-06  5.4933E-06   0.998    1.82    3.70   0.491  2.2145E-05    0.81
  76  2.0000E+00  4.4719E-06  4.4760E-06   0.999    1.77    3.66   0.482  2.1048E-05    0.79
  77  2.3000E+00  3.5918E-06  3.5944E-06   0.999    1.71    3.62   0.473  1.9706E-05    0.76
  78  2.6000E+00  2.8328E-06  2.8314E-06   1.000    1.80    3.69   0.487  1.8629E-05    0.73
  79  2.9000E+00  2.2403E-06  2.2406E-06   1.000    1.75    3.66   0.479  1.7779E-05    0.71
  80  3.3000E+00  1.7674E-06  1.7701E-06   0.999    1.67    3.60   0.463  1.6883E-05    0.69
  81  3.7000E+00  1.4484E-06  1.4522E-06   0.997    1.65    3.60   0.460  1.6176E-05    0.67
  82  4.1000E+00  1.3169E-06  1.3225E-06   0.996    1.63    3.59   0.453  1.5596E-05    0.66
  83  4.5000E+00  1.2204E-06  1.2289E-06   0.993    1.48    3.50   0.423  1.5070E-05    0.64
  84  5.0000E+00  1.2048E-06  1.2167E-06   0.990    1.30    3.39   0.384  1.4459E-05    0.63
  85  5.5000E+00  1.2504E-06  1.2655E-06   0.988    1.20    3.35   0.358  1.3857E-05    0.62
  86  6.0000E+00  1.2824E-06  1.3007E-06   0.986    1.04    3.28   0.318  1.3232E-05    0.62
  87  6.7000E+00  1.3318E-06  1.3530E-06   0.984    0.91    3.22   0.283  1.2334E-05    0.61
  88  7.4000E+00  1.3753E-06  1.3988E-06   0.983    0.83    3.20   0.258  1.1402E-05    0.62
  89  8.2000E+00  1.3492E-06  1.3733E-06   0.982    0.75    3.19   0.236  1.0302E-05    0.63
  90  9.0000E+00  1.3087E-06  1.3326E-06   0.982    0.69    3.17   0.217  9.2222E-06    0.66
  91  1.0000E+01  1.1987E-06  1.2207E-06   0.982    0.64    3.17   0.201  7.9135E-06    0.70
  92  1.1000E+01  1.0691E-06  1.0885E-06   0.982    0.61    3.20   0.192  6.7148E-06    0.78
  93  1.2000E+01  9.4487E-07  9.6133E-07   0.983    0.61    3.23   0.189  5.6458E-06    0.87
  94  1.3000E+01  7.9996E-07  8.1281E-07   0.984    0.64    3.26   0.196  4.7009E-06    0.99
  95  1.4000E+01  6.5009E-07  6.5920E-07   0.986    0.70    3.31   0.213  3.9009E-06    1.14
  96  1.5000E+01  5.3418E-07  5.4018E-07   0.989    0.81    3.37   0.239  3.2508E-06    1.31
  97  1.6000E+01  4.1998E-07  4.2319E-07   0.992    0.94    3.44   0.273  2.7167E-06    1.50
  98  1.7000E+01  3.4169E-07  3.4282E-07   0.997    1.10    3.53   0.310  2.2967E-06    1.71
  99  1.8000E+01  2.8020E-07  2.7975E-07   1.002    1.27    3.64   0.350  1.9550E-06    1.92
 100  1.9000E+01  2.0917E-07  2.0752E-07   1.008    1.52    3.82   0.397  1.6748E-06    2.15
 101  2.0000E+01  1.6925E-07  1.6683E-07   1.014    1.77    4.02   0.441  1.4656E-06    2.36
 102  2.1000E+01  1.5257E-07  1.4954E-07   1.020    1.99    4.18   0.476  1.2964E-06    2.55
 103  2.2000E+01  1.3348E-07  1.3021E-07   1.025    2.20    4.32   0.508  1.1438E-06    2.74
 104  2.3000E+01  1.2552E-07  1.2207E-07   1.028    2.37    4.42   0.536  1.0103E-06    2.93
 105  2.4000E+01  1.2048E-07  1.1699E-07   1.030    2.53    4.49   0.563  8.8479E-07    3.12
 106  2.5000E+01  1.1223E-07  1.0885E-07   1.031    2.73    4.59   0.594  7.6431E-07    3.32
 107  2.6000E+01  9.7328E-08  9.4302E-08   1.032    2.98    4.74   0.629  6.5208E-07    3.54
 108  2.7000E+01  8.9653E-08  8.6876E-08   1.032    3.24    4.88   0.664  5.5475E-07    3.73
 109  2.8000E+01  8.5922E-08  8.3417E-08   1.030    3.44    4.96   0.693  4.6510E-07    3.91
 110  2.9000E+01  8.2050E-08  7.9856E-08   1.027    3.63    5.04   0.721  3.7918E-07    4.09
 111  3.0000E+01  7.6453E-08  7.4567E-08   1.025    3.90    5.20   0.751  2.9713E-07    4.29
 112  3.1000E+01  7.5522E-08  7.3956E-08   1.021    4.02    5.22   0.771  2.2067E-07    4.49
 113  3.2000E+01  7.2443E-08  7.1210E-08   1.017    4.17    5.27   0.790  1.4515E-07    4.78
 114  3.3000E+01  5.4115E-08  5.3204E-08   1.017    4.82    5.80   0.831  7.2708E-08    5.45
 115  3.4000E+01  1.8593E-08  1.8108E-08   1.027    7.33    8.10   0.905  1.8593E-08    7.33
 116  3.5000E+01  1.6701E-14  1.6582E-14   1.007    4.77    5.66   0.844  1.6701E-14    4.77
      3.6000E+01

  INTEGRALS OF SPECTRA
    OLD SPECTRUM   4.5859E-05   ±    3.182 %
    NEW SPECTRUM   4.5200E-05   ±    0.707 %

  SUMMARY OF BROAD-GROUP FLUXES, FLUENCES, AND UNCERTAINTIES

    IRRAD TIME [S] = 1.00000000E+00   ACT NORM =  1.00000000E+00

       ENERGY       FLUX       FLUENCE      STDEV %
      thermal    0.0000E+00  0.0000E+00  ±   0.00     (0.100 meV – 0.550  eV)
     epithermal  1.7970E-06  1.7970E-06  ±   1.51     (0.550  eV – 110.0 keV)
        fast     4.3403E-05  4.3403E-05  ±   0.73     (110.0 keV –  20.0 MeV)
        fast     2.8719E-05  2.8719E-05  ±   0.86     (  1.0 MeV –  20.0 MeV)
        high     1.4656E-06  1.4656E-06  ±   2.36     ( 20.0 MeV –  60.0 MeV)

    MINI-SPECTRUM

       ENERGY       FLUX       FLUENCE      STDEV %
     1.0000E-10  0.0000E+00  0.0000E+00  ±   0.00
     5.5000E-07  5.3001E-11  5.3001E-11  ±   2.21
     1.0000E-04  1.7969E-06  1.7969E-06  ±   1.51
     1.1000E-01  7.3805E-06  7.3805E-06  ±   1.17
     5.0000E-01  7.3034E-06  7.3034E-06  ±   1.67
     1.0000E+00  7.6715E-06  7.6715E-06  ±   1.60
     2.0000E+00  6.5884E-06  6.5884E-06  ±   1.59
     5.0000E+00  6.5458E-06  6.5458E-06  ±   0.86
     1.0000E+01  6.4479E-06  6.4479E-06  ±   0.61
     2.0000E+01  1.4656E-06  1.4656E-06  ±   2.36
     6.0000E+01

       TOTAL     4.5200E-05  4.5200E-05  ±   0.71

    RELATIVE COVARIANCES (10×10)
        0     0     0     0     0     0     0     0     0     0
     1000   124    20    54   116   109   192   166    89
     1000   144  -452  -197    -6   220   257    86
     1000   -69  -387  -161   215   349    72
     1000   591   119   108   251    62
     1000   635   161   252    84
     1000   503   186    89
     1000   364    98
     1000   138
     1000

  SPECTRAL-AVERAGED REACTION RATES (for all cross section library reactions)

        REACTIONS        SIG-PHI      <SIG>          REACTIONS        SIG-PHI      <SIG>          REACTIONS        SIG-PHI      <SIG>  
   ------------------  ----------  ----------   ------------------  ----------  ----------   ------------------  ----------  ----------
   LI6(N,A)T           1.6336E-29  3.6141E-25   FE58(N,G)FE59       1.1189E-31  2.4754E-27   IN115(N,N')IN115M   6.4489E-30  1.4267E-25
   B10(N,A)LI7         2.2461E-29  4.9693E-25   CO59(N,2N)CO58      3.6476E-30  8.0699E-26   IN115(N,2N)IN114M   7.5003E-30  1.6593E-25
   F19(N,2N)F18        2.7262E-31  6.0314E-27   CO59(N,3N)CO57      2.5673E-31  5.6799E-27   IN115(N,G)IN116M    5.2529E-30  1.1621E-25
   NA23(N,2N)NA22      3.0030E-31  6.6438E-27   CO59(N,G)CO60       2.4362E-31  5.3898E-27   I127(N,2N)I126      8.3752E-30  1.8529E-25
   NA23(N,G)NA24       1.5265E-32  3.3772E-28   CO59(N,P)FE59       5.0731E-31  1.1224E-26   LA139(N,G)LA140     2.8638E-31  6.3358E-27
   MG24(N,P)NA24       1.5469E-30  3.4224E-26   CO59(N,A)MN56       2.0811E-31  4.6041E-27   PR141(N,2N)PR140    9.4223E-30  2.0846E-25
   AL27(N,P)MG27       1.0101E-30  2.2348E-26   NI58(N,2N)NI57      2.4273E-31  5.3701E-27   TM169(N,2N)TM168    1.3140E-29  2.9070E-25
   AL27(N,A)NA24       9.1023E-31  2.0138E-26   NI58(N,P)CO58       8.3091E-30  1.8383E-25   TM169(N,3N)TM167    2.4381E-30  5.3940E-26
   SI28(N,P)AL28       2.7131E-30  6.0025E-26   NI60(N,P)CO60       1.2495E-30  2.7643E-26   TA181(N,G)TA182     4.3227E-30  9.5634E-26
   P31(N,P)SI31        2.1744E-30  4.8105E-26   CU63(N,2N)CU62      2.6815E-30  5.9325E-26   W186(N,G)W187       1.4782E-30  3.2703E-26
   S32(N,P)P32         5.0552E-30  1.1184E-25   CU63(N,G)CU64       5.2203E-31  1.1549E-26   AU197(N,2N)AU196    1.3110E-29  2.9005E-25
   TI46(N,2N)TI45      5.9693E-31  1.3206E-26   CU63(N,A)CO60       3.5767E-31  7.9129E-27   AU197(N,G)AU198     3.9497E-30  8.7382E-26
   TI46(N,P)SC46       3.1180E-30  6.8982E-26   CU65(N,2N)CU64      4.6438E-30  1.0274E-25   HG199(N,N')HG199M   1.1561E-29  2.5578E-25
   TI47(N,P)SC47       1.7550E-30  3.8828E-26   ZN64(N,P)CU64       3.3023E-30  7.3059E-26   PB204(N,N')PB204M   2.3236E-30  5.1407E-26
   TI47(N,X)SC46       6.8285E-31  1.5107E-26   ZN67(N,P)CU67       3.0913E-31  6.8391E-27   BI209(N,3N)BI207    2.8631E-30  6.3342E-26
   TI48(N,P)SC48       4.3997E-31  9.7338E-27   AS75(N,2N)AS74      5.0967E-30  1.1276E-25   TH232(N,FISSION)    6.5964E-30  1.4594E-25
   TI48(N,X)SC47       3.6653E-31  8.1089E-27   Y89(N,2N)Y88        4.7427E-30  1.0493E-25   TH232(N,G)TH233     4.1459E-30  9.1722E-26
   TI49(N,X)SC48       2.3427E-31  5.1829E-27   ZR90(N,2N)ZR89      4.0771E-30  9.0202E-26   U235(N,FISSION)     6.3981E-29  1.4155E-24
   V51(N,A)SC48        1.0117E-31  2.2383E-27   NB93(N,G)NB94       1.3786E-30  3.0499E-26   U235(N,G)U236       4.7285E-30  1.0461E-25
   CR52(N,2N)CR51      2.1189E-30  4.6878E-26   NB93(N,N')NB93M     4.8144E-30  1.0651E-25   U238(N,2N)U237      1.2024E-29  2.6603E-25
   MN55(N,2N)MN54      3.7795E-30  8.3617E-26   NB93(N,2N)NB92M     2.6841E-30  5.9383E-26   U238(N,FISSION)     2.0679E-29  4.5750E-25
   MN55(N,G)MN56       1.6160E-31  3.5752E-27   MO92(N,P)NB92M      1.1913E-30  2.6356E-26   U238(N,G)U239       3.1293E-30  6.9233E-26
   FE54(N,2N)FE53      2.2558E-31  4.9907E-27   RH103(N,N')RH103M   2.7191E-29  6.0156E-25   NP237(N,FISSION)    6.0988E-29  1.3493E-24
   FE54(N,P)MN54       6.7693E-30  1.4976E-25   AG109(N,G)AG110M    4.7393E-31  1.0485E-26   PU239(N,FISSION)    8.4850E-29  1.8772E-24
   FE54(N,A)CR51       6.8809E-31  1.5223E-26   IN113(N,N')IN113M   5.2955E-30  1.1716E-25   AM241(N,FISSION)    6.3557E-29  1.4061E-24
   FE56(N,P)MN56       8.9838E-31  1.9876E-26   IN113(N,G)IN114M    7.0550E-30  1.5608E-25   SC45(N,G)SC46       3.0225E-31  6.6869E-27

  INPUT FLUX REL. CORRELATION MATRIX (by row from diagonal)
   1   1000  1000  1000  1000  1000  1000  1000  1000  1000  1000  1000   104    51    65    98    86    93   239   948   952
        952   956   958   957   948   949   952   948   951   958   961   926   832   792   756   767   853   878   887   879
        900   942   952   960   967   971   980   978   834   731   729   678   773   868   800   763   772   758   756   780
        803   796   777   769   783   804   810   796   796   796   833   869   849   830   810   819   828   812   820   834
        834   836   858   884   895   915   932   938   941   945   946   938   930   921   907   892   872   849   824   785
        747   718   694   678   668   653   633   614   605   595   577   575   569   517   370   530  1000  1000  1000  1000
       1000  1000  1000  1000  1000  1000  1000  1000  1000  1000  1000  1000  1000  1000  1000  1000  1000  1000  1000  1000

  OUTPUT FLUX REL. CORRELATION MATRIX (by row from diagonal)
   1   1000  1000  1000  1000  1000  1000  1000  1000  1000  1000  1000    33    16    20    31    27    29    78   696   712
        710   724   735   731   694   697   710   691   701   730   743   615   421   366   324   331   437   477   492   467
        508   636   678   710   749   775   843   830   257    66    37   -53    61   293    88     0    12   -15   -13    40
         97    89    61    57    90   137   156   138   145   153   231   328   284   247   216   236   254   222   229   245
        227   207   232   282   291   360   443   473   498   541   558   487   418   342   249   177   125    95    82    58
         57    78   104   136   166   184   191   195   202   205   201   205   205   180   116   191  1000  1000  1000  1000
       1000  1000  1000  1000  1000  1000  1000  1000  1000  1000  1000  1000  1000  1000  1000  1000  1000  1000  1000  1000
   2   1000  1000  1000  1000  1000  1000  1000  1000  1000  1000    33    16    20    31    27    29    78   696   712   710
        724   735   731   694   697   710   691   701   730   743   615   421   366   324   331   437   477   492   467   508
        636   678   710   749   775   843   830   257    66    37   -53    61   293    88     0    12   -15   -13    40    97
         89    61    57    90   137   156   138   145   153   231   328   284   247   216   236   254   222   229   245   227
        207   232   282   291   360   443   473   498   541   558   487   418   342   249   177   125    95    82    58    57
         78   104   136   166   184   191   195   202   205   201   205   205   180   116   191  1000  1000  1000  1000  1000
       1000  1000  1000  1000  1000  1000  1000  1000  1000  1000  1000  1000  1000  1000  1000  1000  1000  1000  1000
   3   1000  1000  1000  1000  1000  1000  1000  1000  1000    33    16    20    31    27    29    78   696   712   710   724
        735   731   694   697   710   691   701   730   743   615   421   366   324   331   437   477   492   467   508   636
        678   710   749   775   843   830   257    66    37   -53    61   293    88     0    12   -15   -13    40    97    89
         61    57    90   137   156   138   145   153   231   328   284   247   216   236   254   222   229   245   227   207
        232   282   291   360   443   473   498   541   558   487   418   342   249   177   125    95    82    58    57    78
        104   136   166   184   191   195   202   205   201   205   205   180   116   191  1000  1000  1000  1000  1000  1000
       1000  1000  1000  1000  1000  1000  1000  1000  1000  1000  1000  1000  1000  1000  1000  1000  1000  1000
   4   1000  1000  1000  1000  1000  1000  1000  1000    33    16    20    31    27    29    78   696   712   710   724   735
        731   694   697   710   691   701   730   743   615   421   366   324   331   437   477   492   467   508   636   678
        710   749   775   843   830   257    66    37   -53    61   293    88     0    12   -15   -13    40    97    89    61
         57    90   137   156   138   145   153   231   328   284   247   216   236   254   222   229   245   227   207   232
        282   291   360   443   473   498   541   558   487   418   342   249   177   125    95    82    58    57    78   104
        136   166   184   191   195   202   205   201   205   205   180   116   191  1000  1000  1000  1000  1000  1000  1000
       1000  1000  1000  1000  1000  1000  1000  1000  1000  1000  1000  1000  1000  1000  1000  1000  1000
   5   1000  1000  1000  1000  1000  1000  1000    33    16    20    31    27    29    78   696   712   710   724   735   731
        694   697   710   691   701   730   743   615   421   366   324   331   437   477   492   467   508   636   678   710
        749   775   843   830   257    66    37   -53    61   293    88     0    12   -15   -13    40    97    89    61    57
         90   137   156   138   145   153   231   328   284   247   216   236   254   222   229   245   227   207   232   282
        291   360   443   473   498   541   558   487   418   342   249   177   125    95    82    58    57    78   104   136
        166   184   191   195   202   205   201   205   205   180   116   191  1000  1000  1000  1000  1000  1000  1000  1000
       1000  1000  1000  1000  1000  1000  1000  1000  1000  1000  1000  1000  1000  1000  1000  1000
   6   1000  1000  1000  1000  1000  1000    33    16    20    31    27    29    78   696   712   710   724   735   731   694
        697   710   691   701   730   743   615   421   366   324   331   437   477   492   467   508   636   678   710   749
        775   843   830   257    66    37   -53    61   293    88     0    12   -15   -13    40    97    89    61    57    90
        137   156   138   145   153   231   328   284   247   216   236   254   222   229   245   227   207   232   282   291
        360   443   473   498   541   558   487   418   342   249   177   125    95    82    58    57    78   104   136   166
        184   191   195   202   205   201   205   205   180   116   191  1000  1000  1000  1000  1000  1000  1000  1000  1000
       1000  1000  1000  1000  1000  1000  1000  1000  1000  1000  1000  1000  1000  1000  1000
   7   1000  1000  1000  1000  1000    33    16    20    31    27    29    78   696   712   710   724   735   731   694   697
        710   691   701   730   743   615   421   366   324   331   437   477   492   467   508   636   678   710   749   775
        843   830   257    66    37   -53    61   293    88     0    12   -15   -13    40    97    89    61    57    90   137
        156   138   145   153   231   328   284   247   216   236   254   222   229   245   227   207   232   282   291   360
        443   473   498   541   558   487   418   342   249   177   125    95    82    58    57    78   104   136   166   184
        191   195   202   205   201   205   205   180   116   191  1000  1000  1000  1000  1000  1000  1000  1000  1000  1000
       1000  1000  1000  1000  1000  1000  1000  1000  1000  1000  1000  1000  1000  1000
   8   1000  1000  1000  1000    33    16    20    31    27    29    78   696   712   710   724   735   731   694   697   710
        691   701   730   743   615   421   366   324   331   437   477   492   467   508   636   678   710   749   775   843
        830   257    66    37   -53    61   293    88     0    12   -15   -13    40    97    89    61    57    90   137   156
        138   145   153   231   328   284   247   216   236   254   222   229   245   227   207   232   282   291   360   443
        473   498   541   558   487   418   342   249   177   125    95    82    58    57    78   104   136   166   184   191
        195   202   205   201   205   205   180   116   191  1000  1000  1000  1000  1000  1000  1000  1000  1000  1000  1000
       1000  1000  1000  1000  1000  1000  1000  1000  1000  1000  1000  1000  1000
   9   1000  1000  1000    33    16    20    31    27    29    78   696   712   710   724   735   731   694   697   710   691
        701   730   743   615   421   366   324   331   437   477   492   467   508   636   678   710   749   775   843   830
        257    66    37   -53    61   293    88     0    12   -15   -13    40    97    89    61    57    90   137   156   138
        145   153   231   328   284   247   216   236   254   222   229   245   227   207   232   282   291   360   443   473
        498   541   558   487   418   342   249   177   125    95    82    58    57    78   104   136   166   184   191   195
        202   205   201   205   205   180   116   191  1000  1000  1000  1000  1000  1000  1000  1000  1000  1000  1000  1000
       1000  1000  1000  1000  1000  1000  1000  1000  1000  1000  1000  1000
  10   1000  1000    33    16    20    31    27    29    78   696   712   710   724   735   731   694   697   710   691   701
        730   743   615   421   366   324   331   437   477   492   467   508   636   678   710   749   775   843   830   257
         66    37   -53    61   293    88     0    12   -15   -13    40    97    89    61    57    90   137   156   138   145
        153   231   328   284   247   216   236   254   222   229   245   227   207   232   282   291   360   443   473   498
        541   558   487   418   342   249   177   125    95    82    58    57    78   104   136   166   184   191   195   202
        205   201   205   205   180   116   191  1000  1000  1000  1000  1000  1000  1000  1000  1000  1000  1000  1000  1000
       1000  1000  1000  1000  1000  1000  1000  1000  1000  1000  1000
  11   1000    33    16    20    31    27    29    78   696   712   710   724   735   731   694   697   710   691   701   730
        743   615   421   366   324   331   437   477   492   467   508   636   678   710   749   775   843   830   257    66
         37   -53    61   293    88     0    12   -15   -13    40    97    89    61    57    90   137   156   138   145   153
        231   328   284   247   216   236   254   222   229   245   227   207   232   282   291   360   443   473   498   541
        558   487   418   342   249   177   125    95    82    58    57    78   104   136   166   184   191   195   202   205
        201   205   205   180   116   191  1000  1000  1000  1000  1000  1000  1000  1000  1000  1000  1000  1000  1000  1000
       1000  1000  1000  1000  1000  1000  1000  1000  1000  1000
  12   1000   988   952   895   821   735   641   415   342   282   224   176   139   112    87    67    53    43    37    32
         26    18    14    12    12    15    16    16    15    17    21    22    23    24    25    27    27     7     1     0
         -2     0     8     1    -1    -1    -2    -2     0     1     1     0     0     2     3     4     3     4     4     7
         10     9     8     7     7     8     7     7     8     7     7     8     9    10    12    15    16    17    18    19
         16    14    12     9     6     4     3     3     2     2     3     4     5     6     6     6     6     7     7     7
          7     7     6     4     6    33    33    33    33    33    33    33    33    33    33    33    33    33    33    33
         33    33    33    33    33    33    33    33    33
  13   1000   988   952   895   821   733   472   395   331   265   209   165   133   100    74    56    41    31    24    19
         13    10     7     6     7     8     8     7     8    10    10    11    11    12    13    13     3     0     0    -2
          0     3     0    -1    -1    -2    -2    -1     0     0     0     0     0     1     1     1     1     1     3     4
          4     3     3     3     4     3     3     4     4     3     4     5     5     6     7     8     8     9     9     8
          7     6     4     3     2     2     1     1     1     1     2     2     3     3     3     3     3     3     3     3
          3     3     2     3    16    16    16    16    16    16    16    16    16    16    16    16    16    16    16    16
         16    16    16    16    16    16    16    16
  14   1000   988   952   895   820   542   465   399   327   264   213   176   135   102    78    58    44    34    27    19
         14    10     9    10    10    10     9    10    12    13    14    15    15    16    16     4     0     0    -2     0
          4     0    -2    -1    -2    -2    -1     0     0     0     0     0     1     2     1     2     2     4     6     5
          4     4     4     5     4     4     5     5     4     5     6     6     7     9    10    10    11    12    10     9
          7     5     4     3     2     2     1     1     2     2     3     3     4     4     4     4     4     4     4     4
          4     2     4    20    20    20    20    20    20    20    20    20    20    20    20    20    20    20    20    20
         20    20    20    20    20    20    20
  15   1000   988   952   894   611   538   473   399   330   273   231   182   141   111    85    65    51    41    29    22
         17    14    16    16    16    14    15    19    20    21    22    23    25    25     6     0     0    -3     0     6
          0    -2    -2    -2    -2     0     0     0     0     0     1     3     3     3     3     4     6     9     8     7
          6     7     7     7     7     7     7     6     7     9     9    11    14    15    16    17    18    15    13    11
          8     6     4     3     3     2     2     3     3     4     5     6     6     6     6     6     6     6     6     6
          4     6    31    31    31    31    31    31    31    31    31    31    31    31    31    31    31    31    31    31
         31    31    31    31    31    31
  16   1000   988   951   661   595   536   461   390   329   283   227   177   141   107    80    62    50    37    27    20
         15    15    15    14    13    14    17    18    19    19    20    22    21     5     0     0    -3     0     5     0
         -2    -2    -3    -3    -1     0     0     0     0     0     2     3     2     3     3     5     8     7     6     5
          6     6     6     6     6     6     6     6     8     8    10    12    13    14    15    15    14    12    10     7
          5     4     3     2     2     2     2     3     4     5     5     5     5     5     6     5     6     6     5     3
          5    27    27    27    27    27    27    27    27    27    27    27    27    27    27    27    27    27    27    27
         27    27    27    27    27
  17   1000   987   704   649   598   527   456   393   347   284   225   182   141   106    81    67    51    37    27    20
         19    17    16    14    15    18    19    20    21    22    24    23     6     0     0    -3     0     5     0    -3
         -2    -3    -3    -1     0     0     0     0     0     2     3     2     3     3     5     8     7     6     6     6
          7     6     6     7     7     6     7     8     9    11    13    14    15    16    17    15    13    10     8     6
          4     3     3     2     2     2     3     4     5     5     6     6     6     6     6     6     6     5     3     6
         29    29    29    29    29    29    29    29    29    29    29    29    29    29    29    29    29    29    29    29
         29    29    29    29
  18   1000   762   722   684   621   554   493   446   379   314   264   214   172   141   118    89    68    52    43    44
         43    42    38    40    50    53    55    58    60    65    64    18     3     0    -6     1    19     3    -3    -2
         -4    -4     0     4     4     2     2     5     8    10     9    10    10    17    24    21    18    16    18    19
         17    18    19    18    16    18    22    23    29    35    37    39    43    44    39    33    27    20    14    10
          8     7     5     5     6     8    11    13    14    15    15    16    16    16    16    16    14     9    15    78
         78    78    78    78    78    78    78    78    78    78    78    78    78    78    78    78    78    78    78    78
         78    78    78
  19   1000   994   975   947   911   869   814   766   723   672   637   618   598   498   351   296   254   249   316   339
        346   327   354   443   471   494   520   539   585   576   177    44    23   -39    39   201    58    -3     5   -13
        -12    25    64    59    40    37    61    93   107    94   100   105   160   227   197   171   150   163   177   154
        159   171   158   144   162   196   203   251   308   329   347   376   388   339   291   238   174   124    87    66
         58    41    40    54    73    95   115   128   133   136   141   143   140   143   143   125    80   133   696   696
        696   696   696   696   696   696   696   696   696   696   696   696   696   696   696   696   696   696   696   696
        696   696
  20   1000   994   977   949   914   865   819   775   722   683   659   634   531   379   319   272   263   329   351   357
        336   364   454   483   505   532   551   599   589   181    45    23   -40    40   205    59    -4     4   -14   -13
         25    66    60    41    38    62    95   109    96   102   108   163   232   201   175   153   167   181   158   163
        175   162   148   166   201   207   257   315   337   355   385   398   347   298   244   178   126    89    68    59
         42    41    56    74    97   118   131   136   139   144   146   143   146   146   128    82   136   712   712   712
        712   712   712   712   712   712   712   712   712   712   712   712   712   712   712   712   712   712   712   712
        712
  21   1000   994   976   949   909   866   822   768   726   695   665   561   407   341   289   276   337   356   360   338
        364   453   482   504   531   550   597   588   180    44    23   -41    39   204    58    -5     4   -15   -14    24
         65    60    40    37    61    95   109    96   101   107   163   231   200   175   152   167   180   157   162   174
        161   147   165   200   207   256   315   336   354   384   397   346   297   243   177   126    89    68    59    42
         41    55    74    97   118   131   135   139   143   146   143   146   146   128    82   135   710   710   710   710
        710   710   710   710   710   710   710   710   710   710   710   710   710   710   710   710   710   710   710   710
  22   1000   994   977   947   911   871   820   776   743   708   603   445   374   316   297   355   371   373   349   374
        464   492   515   542   561   609   600   183    45    23   -42    39   207    58    -6     3   -16   -15    24    65
         60    40    38    62    96   111    97   103   109   166   236   204   178   155   170   184   160   166   178   165
        150   169   205   211   261   321   343   362   392   405   354   303   248   181   129    91    69    60    42    42
         57    76    99   120   133   138   142   146   149   146   149   149   130    84   138   724   724   724   724   724
        724   724   724   724   724   724   724   724   724   724   724   724   724   724   724   724   724   724   724
  23   1000   994   975   947   914   868   825   790   752   649   489   411   347   322   375   388   387   360   384   473
        501   523   550   569   619   609   186    45    22   -44    39   210    58    -7     2   -17   -16    23    66    60
         40    37    62    97   112    98   104   110   168   239   207   180   158   172   186   163   168   180   167   153
        171   208   215   265   326   348   367   398   411   359   308   252   184   131    92    70    61    43    43    58
         77   100   122   135   140   144   149   151   148   151   151   132    85   140   735   735   735   735   735   735
        735   735   735   735   735   735   735   735   735   735   735   735   735   735   735   735   735   735
  24   1000   993   975   949   910   870   833   793   694   536   453   382   350   396   402   396   367   387   474   500
        522   548   566   615   605   184    44    21   -45    37   207    56    -8     0   -19   -17    22    64    59    39
         36    61    96   110    97   103   109   167   238   206   179   156   171   185   162   167   179   166   152   170
        207   213   264   325   347   365   396   409   357   307   251   183   131    92    70    61    43    42    57    77
        100   121   135   140   143   148   150   147   150   150   132    85   140   731   731   731   731   731   731   731
        731   731   731   731   731   731   731   731   731   731   731   731   731   731   731   731   731
  25   1000   994   975   945   908   868   825   737   589   501   423   382   413   410   397   363   378   456   479   497
        521   538   584   574   174    40    18   -45    33   194    50   -11    -2   -21   -19    18    58    53    35    32
         56    89   103    91    97   103   157   225   194   169   148   162   176   153   158   170   158   144   162   196
        203   251   308   329   347   377   389   340   292   239   174   124    88    67    58    41    40    55    73    95
        115   128   133   136   140   143   140   142   142   125    80   133   694   694   694   694   694   694   694   694
        694   694   694   694   694   694   694   694   694   694   694   694   694   694   694   694
  26   1000   994   975   946   911   870   791   649   558   475   427   449   439   420   381   392   466   486   503   525
        541   587   576   174    39    17   -47    31   193    48   -13    -4   -23   -22    16    56    52    33    31    55
         88   103    90    96   102   157   225   195   170   148   162   176   154   159   171   158   145   163   197   204
        252   310   331   349   379   391   342   293   240   175   125    88    67    58    41    41    55    73    95   116
        128   133   136   141   143   140   143   143   125    81   133   697   697   697   697   697   697   697   697   697
        697   697   697   697   697   697   697   697   697   697   697   697   697   697   697
  27   1000   993   976   949   914   844   709   618   532   479   494   477   452   408   413   484   501   516   537   552
        597   587   176    39    16   -49    30   194    47   -16    -7   -26   -25    14    55    51    32    30    54    88
        103    91    97   103   159   228   198   172   150   165   179   156   162   174   161   148   165   201   208   257
        316   337   355   386   398   348   299   245   179   128    90    69    60    42    42    56    75    97   118   131
        136   139   144   146   143   146   146   128    82   136   710   710   710   710   710   710   710   710   710   710
        710   710   710   710   710   710   710   710   710   710   710   710   710   710
  28   1000   994   975   946   893   773   684   597   538   541   514   481   430   427   488   499   510   528   540   583
        571   171    36    13   -51    26   185    41   -20   -11   -30   -28     9    50    46    28    26    50    84    98
         86    92    99   153   221   191   167   146   160   174   152   157   169   157   144   161   196   202   250   308
        328   346   376   388   339   291   239   175   125    88    67    58    41    41    55    73    95   115   127   132
        135   140   142   139   142   142   124    80   132   691   691   691   691   691   691   691   691   691   691   691
        691   691   691   691   691   691   691   691   691   691   691   691   691
  29   1000   993   975   934   826   744   660   599   597   565   525   468   459   513   520   526   541   552   593   581
        174    36    12   -54    23   185    39   -24   -15   -34   -32     6    48    44    26    24    49    83    98    86
         92    99   155   223   193   168   147   162   176   154   159   171   159   146   164   199   206   254   312   334
        352   382   394   345   296   243   178   127    90    69    60    42    42    56    74    96   117   129   134   137
        142   144   141   144   144   126    81   134   701   701   701   701   701   701   701   701   701   701   701   701
        701   701   701   701   701   701   701   701   701   701   701   701
  30   1000   994   962   862   789   711   655   655   621   578   516   502   552   555   559   571   580   621   607   183
         38    12   -57    23   191    38   -27   -18   -38   -36     4    48    44    25    23    49    85   101    88    95
        102   160   232   201   175   153   168   183   160   166   179   166   152   171   207   214   265   326   348   367
        398   411   360   309   253   185   133    94    72    62    44    43    58    77   100   122   135   140   143   148
        150   147   150   150   131    85   139   730   730   730   730   730   730   730   730   730   730   730   730   730
        730   730   730   730   730   730   730   730   730   730   730
  31   1000   978   891   829   760   710   711   676   630   564   544   587   585   584   592   598   636   620   189    40
         12   -59    21   191    35   -31   -22   -42   -40     1    45    42    23    21    48    84   100    88    95   102
        162   235   203   177   155   170   186   162   169   182   169   155   174   211   218   270   332   354   374   406
        419   367   315   258   189   135    96    73    64    45    44    59    79   102   124   137   142   146   150   153
        150   153   153   134    86   142   743   743   743   743   743   743   743   743   743   743   743   743   743   743
        743   743   743   743   743   743   743   743   743   743
  32   1000   966   924   867   814   790   738   677   603   561   567   545   527   521   515   538   520   161    32     4
        -58     5   144    13   -43   -36   -52   -50   -15    22    20     6     6    29    60    74    65    71    78   128
        189   164   143   125   138   151   133   138   150   140   128   144   176   182   225   276   295   311   338   349
        306   263   216   159   114    81    62    54    39    38    50    66    85   103   114   118   121   125   127   124
        126   126   111    71   117   615   615   615   615   615   615   615   615   615   615   615   615   615   615   615
        615   615   615   615   615   615   615   615   615
  33   1000   988   953   905   854   786   713   634   568   524   477   439   412   391   391   371   123    24    -2   -53
        -14    77   -16   -57   -53   -64   -62   -36    -9    -8   -16   -15     2    25    36    31    36    42    78   121
        105    91    80    90   100    88    93   102    96    88   100   122   127   157   192   205   217   235   243   214
        185   153   113    82    59    45    39    28    28    36    46    59    72    79    82    83    86    87    85    87
         87    76    49    81   421   421   421   421   421   421   421   421   421   421   421   421   421   421   421   421
        421   421   421   421   421   421   421   421
  34   1000   988   957   909   846   775   698   623   558   498   448   409   377   363   339   125    31     0   -50   -21
         54   -30   -68   -65   -75   -72   -49   -24   -23   -29   -26   -10    10    21    17    23    29    61   100    86
         75    66    76    85    75    80    88    83    77    88   107   112   138   169   181   191   207   214   189   164
        136   101    74    53    41    36    26    25    32    41    52    63    69    71    73    75    76    74    76    76
         66    43    70   366   366   366   366   366   366   366   366   366   366   366   366   366   366   366   366   366
        366   366   366   366   366   366   366
  35   1000   989   952   899   835   766   687   604   534   473   421   380   352   323   138    44     7   -45   -26    36
        -43   -79   -78   -87   -85   -63   -40   -37   -41   -38   -22    -2     7     5    11    17    46    82    70    61
         54    63    72    64    69    77    73    69    78    96   100   124   151   162   171   186   192   170   148   123
         92    68    50    39    33    25    24    29    37    47    56    62    63    65    67    67    66    67    67    59
         38    62   324   324   324   324   324   324   324   324   324   324   324   324   324   324   324   324   324   324
        324   324   324   324   324   324
  36   1000   983   947   898   839   765   677   603   535   475   425   386   352   171    68    22   -37   -24    35   -50
        -89   -90  -100   -98   -76   -51   -48   -52   -48   -31   -10     0     0     5    12    43    79    68    59    52
         62    72    65    70    78    75    70    81    99   103   127   156   167   176   191   198   176   153   128    96
         71    52    41    35    26    25    31    39    48    58    63    65    66    68    69    67    69    68    60    39
         63   331   331   331   331   331   331   331   331   331   331   331   331   331   331   331   331   331   331   331
        331   331   331   331   331
  37   1000   989   960   916   858   788   720   655   596   544   503   465   233   103    46   -30   -11    67   -43   -96
        -98  -112  -110   -82   -51   -48   -54   -50   -29    -3    10     7    15    23    63   110    95    82    73    85
         98    87    93   104    99    93   106   129   135   167   204   218   231   250   259   229   200   166   124    91
         67    52    45    33    32    40    50    63    76    83    86    87    90    91    89    91    90    79    51    84
        437   437   437   437   437   437   437   437   437   437   437   437   437   437   437   437   437   437   437   437
        437   437   437   437
  38   1000   990   963   920   860   798   735   674   619   571   530   288   142    75   -14     0    81   -43  -104  -109
       -126  -125   -95   -62   -58   -65   -59   -36    -7     8     4    13    23    66   118   101    88    78    92   106
         94   102   113   108   101   116   142   148   183   223   239   253   274   284   252   219   183   137   101    74
         57    50    37    35    44    55    70    83    91    94    95    98   100    97    99    99    87    56    92   477
        477   477   477   477   477   477   477   477   477   477   477   477   477   477   477   477   477   477   477   477
        477   477   477
  39   1000   990   964   914   859   800   738   680   623   579   347   190   111     9    16    91   -44  -113  -122  -143
       -143  -113   -78   -74   -80   -74   -49   -18    -1    -4     5    16    61   116    99    86    76    92   106    95
        103   116   111   105   120   147   154   190   232   249   263   285   295   262   229   191   144   106    78    61
         53    39    37    46    58    72    86    94    97    99   101   103   100   102   102    89    58    94   492   492
        492   492   492   492   492   492   492   492   492   492   492   492   492   492   492   492   492   492   492   492
        492   492
  40   1000   990   947   899   843   780   719   650   604   411   249   159    46    37    93   -48  -123  -139  -164  -167
       -139  -105  -100  -104   -97   -71   -40   -22   -23   -11     0    44    98    83    72    64    80    96    87    96
        109   105   100   115   142   149   184   224   240   254   276   285   255   223   187   142   106    78    61    53
         40    37    45    56    70    83    90    93    94    97    98    96    97    97    85    55    90   467   467   467
        467   467   467   467   467   467   467   467   467   467   467   467   467   467   467   467   467   467   467   467
        467
  41   1000   980   947   904   849   792   723   677   487   313   212    85    69   123   -37  -126  -149  -180  -187  -158
       -123  -118  -122  -114   -86   -51   -31   -31   -18    -5    43   102    87    76    67    85   102    93   103   118
        114   109   126   155   163   201   245   263   278   301   312   279   245   206   156   117    87    68    59    44
         42    50    62    77    90    98   101   103   106   107   104   106   106    92    60    98   508   508   508   508
        508   508   508   508   508   508   508   508   508   508   508   508   508   508   508   508   508   508   508   508
  42   1000   992   969   934   892   839   799   553   359   255   114   109   185    -7  -114  -142  -182  -192  -159  -118
       -115  -123  -115   -82   -41   -18   -20    -6     8    67   140   119   104    92   113   133   120   132   149   143
        136   156   192   201   248   303   325   344   372   385   344   301   252   190   141   104    82    71    52    50
         61    76    95   112   122   126   128   132   133   130   132   132   116    75   122   636   636   636   636   636
        636   636   636   636   636   636   636   636   636   636   636   636   636   636   636   636   636   636   636
  43   1000   993   971   940   894   859   614   416   309   160   151   226    16  -104  -141  -189  -205  -174  -132  -130
       -140  -131   -96   -52   -27   -29   -13     2    66   144   123   107    95   118   140   126   139   158   152   145
        167   205   215   266   324   347   368   399   413   368   323   270   205   152   112    88    76    57    54    65
         81   101   120   131   134   137   140   142   139   141   141   123    80   130   678   678   678   678   678   678
        678   678   678   678   678   678   678   678   678   678   678   678   678   678   678   678   678   678
  44   1000   993   973   937   908   669   471   365   209   199   271    45   -88  -135  -194  -216  -188  -148  -147  -158
       -150  -113   -66   -39   -40   -23    -5    62   144   123   107    95   120   144   130   144   165   159   152   176
        216   227   280   342   366   388   421   435   389   341   286   217   162   120    95    82    61    58    70    86
        107   126   138   141   143   147   149   146   148   148   129    83   137   710   710   710   710   710   710   710
        710   710   710   710   710   710   710   710   710   710   710   710   710   710   710   710   710
  45   1000   994   970   950   708   513   412   256   248   322    83   -64  -120  -190  -220  -196  -157  -160  -173  -165
       -127   -77   -48   -50   -31   -12    60   148   125   109    97   124   150   136   151   173   168   160   186   229
        241   297   362   388   411   445   461   412   362   304   231   173   128   101    87    65    62    74    92   113
        133   145   149   151   156   157   154   156   156   136    88   144   749   749   749   749   749   749   749   749
        749   749   749   749   749   749   749   749   749   749   749   749   749   749   749   749
  46   1000   989   977   738   551   458   304   300   376   125   -33   -99  -180  -220  -202  -167  -173  -189  -183  -144
        -92   -62   -63   -42   -22    53   145   123   107    95   124   152   138   155   178   173   167   193   238   251
        309   377   404   428   464   481   431   379   319   243   182   136   107    93    70    65    78    96   118   139
        151   155   157   162   163   159   162   161   141    91   149   775   775   775   775   775   775   775   775   775
        775   775   775   775   775   775   775   775   775   775   775   775   775   775   775
  47   1000   996   708   526   449   305   323   424   167     5   -61  -147  -191  -175  -142  -153  -175  -171  -132   -79
        -48   -51   -31   -10    70   168   143   124   110   140   169   153   171   195   189   180   209   257   270   333
        406   436   462   500   518   463   407   342   260   194   144   113    98    73    69    83   103   127   150   163
        168   170   175   177   173   176   175   153    99   162   843   843   843   843   843   843   843   843   843   843
        843   843   843   843   843   843   843   843   843   843   843   843   843   843
  48   1000   745   579   512   376   394   484   225    51   -30  -131  -190  -187  -163  -182  -207  -206  -168  -115   -84
        -85   -62   -40    43   143   120   104    93   126   157   143   163   189   185   179   208   257   272   334   407
        437   463   502   520   467   412   348   266   200   150   119   102    77    72    86   104   128   150   163   167
        169   173   175   171   174   173   151    98   160   830   830   830   830   830   830   830   830   830   830   830
        830   830   830   830   830   830   830   830   830   830   830   830   830
  49   1000   966   912   805   716   602   397   191    15  -150  -278  -359  -405  -442  -465  -465  -442  -408  -377  -356
       -324  -291  -235  -172  -156  -136  -114   -77   -42   -23     5    34    52    67    91   118   134   163   193   211
        227   246   258   251   238   216   183   152   124   104    89    73    64    62    62    65    67    68    66    64
         64    62    60    59    58    51    34    52   257   257   257   257   257   257   257   257   257   257   257   257
        257   257   257   257   257   257   257   257   257   257   257   257
  50   1000   982   919   829   678   520   321   122   -64  -222  -341  -424  -481  -514  -525  -516  -494  -468  -443  -410
       -376  -330  -279  -250  -219  -186  -147  -110   -80   -47   -17     7    29    51    73    89   107   123   137   150
        162   171   181   182   173   157   137   117   100    85    72    62    55    49    44    40    36    33    30    27
         25    23    21    20    17    12    16    66    66    66    66    66    66    66    66    66    66    66    66    66
         66    66    66    66    66    66    66    66    66    66    66
  51   1000   976   916   780   650   461   256    53  -127  -275  -385  -466  -519  -545  -550  -537  -517  -493  -461  -425
       -379  -326  -293  -257  -219  -176  -135   -99   -63   -29     0    25    49    71    90   107   122   136   150   162
        173   186   190   183   168   148   128   109    94    80    68    59    51    45    39    34    30    26    23    20
         18    16    15    13     9    11    37    37    37    37    37    37    37    37    37    37    37    37    37    37
         37    37    37    37    37    37    37    37    37    37
  52   1000   971   847   771   609   409   201     2  -174  -317  -424  -498  -545  -569  -573  -563  -544  -515  -481  -440
       -393  -353  -310  -265  -220  -176  -133   -93   -57   -23     7    32    52    72    85    94   107   121   130   140
        161   173   173   164   149   131   113    97    84    71    59    47    37    28    21    15    10     6     3     1
          0    -2    -2     0    -5   -53   -53   -53   -53   -53   -53   -53   -53   -53   -53   -53   -53   -53   -53   -53
        -53   -53   -53   -53   -53   -53   -53   -53   -53
  53   1000   947   892   754   575   369   161   -27  -189  -324  -429  -501  -543  -559  -560  -552  -529  -497  -448  -388
       -352  -311  -266  -215  -164  -121   -76   -34     0    32    63    91   114   137   157   175   193   208   222   237
        241   232   212   186   160   137   117   100    85    74    65    57    51    45    40    35    31    28    25    23
         22    18    13    17    61    61    61    61    61    61    61    61    61    61    61    61    61    61    61    61
         61    61    61    61    61    61    61    61
  54   1000   950   842   708   523   329   152    -8  -163  -296  -392  -449  -475  -489  -500  -486  -460  -398  -320  -296
       -264  -226  -169  -113   -76   -28    18    51    80   117   158   185   224   264   290   315   341   359   358   347
        320   278   234   195   164   141   117   102    95    92    91    91    89    85    81    79    77    73    71    69
         60    40    61   293   293   293   293   293   293   293   293   293   293   293   293   293   293   293   293   293
        293   293   293   293   293   293   293
  55   1000   964   872   722   541   349   160   -17  -173  -299  -393  -456  -498  -523  -526  -513  -473  -417  -386  -346
       -300  -243  -187  -139   -88   -39     0    37    73   107   134   162   187   209   230   249   265   282   286   274
        249   218   187   160   137   116   100    87    77    69    62    55    49    44    40    36    33    30    28    24
         17    22    88    88    88    88    88    88    88    88    88    88    88    88    88    88    88    88    88    88
         88    88    88    88    88    88
  56   1000   967   872   727   551   362   178     8  -140  -264  -358  -427  -474  -497  -501  -481  -443  -415  -376  -329
       -275  -219  -167  -115   -67   -23    16    52    82   111   134   152   173   193   209   225   249   259   254   237
        212   184   159   136   116    99    84    71    59    49    40    33    27    23    19    15    13    10     9     7
          6     0     0     0     0     0     0     0     0     0     0     0     0     0     0     0     0     0     0     0
          0     0     0     0     0
  57   1000   967   875   737   570   394   219    56   -86  -206  -300  -371  -417  -441  -438  -413  -395  -364  -323  -272
       -219  -169  -117   -68   -24    15    52    84   113   138   158   180   201   218   235   259   269   263   245   218
        189   163   140   119   102    86    73    62    52    43    36    30    25    21    18    15    13    11     9     8
         12    12    12    12    12    12    12    12    12    12    12    12    12    12    12    12    12    12    12    12
         12    12    12    12
  58   1000   969   880   748   595   431   266   109   -29  -146  -241  -310  -357  -377  -373  -368  -347  -314  -271  -223
       -175  -126   -79   -35     4    40    71   100   123   142   163   184   200   217   243   255   252   237   212   185
        160   137   117   100    84    70    57    47    38    30    24    19    15    12     9     7     6     5     3   -15
        -15   -15   -15   -15   -15   -15   -15   -15   -15   -15   -15   -15   -15   -15   -15   -15   -15   -15   -15   -15
        -15   -15   -15
  59   1000   969   885   768   627   472   314   164    31   -81  -174  -243  -286  -304  -314  -308  -287  -253  -213  -171
       -126   -82   -40    -1    33    64    92   116   135   156   177   193   210   236   249   246   232   208   182   157
        134   115    98    82    68    56    46    37    30    24    19    15    12     9     7     6     5     3   -13   -13
        -13   -13   -13   -13   -13   -13   -13   -13   -13   -13   -13   -13   -13   -13   -13   -13   -13   -13   -13   -13
        -13   -13
  60   1000   972   899   791   658   513   366   225    98   -12  -101  -164  -199  -230  -241  -237  -215  -184  -151  -112
        -71   -33     1    36    69    98   124   148   171   193   212   230   252   261   255   237   210   183   157   134
        114    98    84    71    61    53    45    38    33    29    25    22    19    17    15    11    13    40    40    40
         40    40    40    40    40    40    40    40    40    40    40    40    40    40    40    40    40    40    40    40
         40
  61   1000   976   908   807   686   552   414   280   158    52   -26   -79  -130  -162  -175  -167  -147  -126   -94   -58
        -26     5    39    73   102   132   160   185   208   230   249   266   272   263   241   212   182   156   134   113
         97    84    74    66    60    53    47    42    39    35    32    30    28    24    17    23    97    97    97    97
         97    97    97    97    97    97    97    97    97    97    97    97    97    97    97    97    97    97    97    97
  62   1000   977   915   822   708   580   449   321   203   105    29   -38   -87  -118  -127  -121  -111   -88   -59   -32
         -4    27    59    86   116   143   168   191   213   232   250   257   250   229   203   175   150   129   109    93
         81    71    63    56    50    44    39    36    32    29    27    26    22    15    21    89    89    89    89    89
         89    89    89    89    89    89    89    89    89    89    89    89    89    89    89    89    89    89    89
  63   1000   979   921   832   723   602   476   352   238   141    58    -7   -56   -82   -93   -95   -83   -64   -42   -18
          9    38    64    91   117   140   164   185   204   224   234   230   214   191   166   143   123   104    89    76
         65    57    49    43    37    32    28    25    22    21    19    16    11    15    61    61    61    61    61    61
         61    61    61    61    61    61    61    61    61    61    61    61    61    61    61    61    61    61
  64   1000   980   924   840   738   621   499   378   265   170    88    22   -23   -51   -67   -68   -58   -44   -25    -1
         24    48    75   100   124   147   169   189   210   221   220   206   184   161   139   119   101    86    73    63
         54    47    40    34    30    26    23    20    19    17    15    10    14    57    57    57    57    57    57    57
         57    57    57    57    57    57    57    57    57    57    57    57    57    57    57    57    57
  65   1000   981   929   851   752   640   521   403   298   201   118    55    10   -22   -37   -38   -34   -23    -3    21
         44    72   100   125   150   174   196   215   225   222   207   185   161   139   120   101    86    74    65    57
         50    44    39    34    31    28    26    24    23    20    13    19    90    90    90    90    90    90    90    90
         90    90    90    90    90    90    90    90    90    90    90    90    90    90    90    90
  66   1000   983   934   859   764   656   541   431   324   226   147    86    34     5    -8   -15   -14     1    24    44
         74   106   133   159   186   210   227   235   231   213   189   164   141   122   102    87    77    68    62    57
         51    46    42    39    37    34    33    31    27    18    27   137   137   137   137   137   137   137   137   137
        137   137   137   137   137   137   137   137   137   137   137   137   137   137   137
  67   1000   983   937   864   772   664   556   444   336   243   165    97    51    23     3    -4     3    21    38    68
        101   128   155   184   210   227   235   232   214   190   165   143   123   103    88    78    69    63    59    54
         49    44    42    39    36    36    34    30    19    30   156   156   156   156   156   156   156   156   156   156
        156   156   156   156   156   156   156   156   156   156   156   156   156   156
  68   1000   984   938   865   766   668   558   446   341   247   164   101    56    23     3     1    12    24    50    80
        106   133   162   189   209   221   221   207   186   164   142   123   103    88    77    67    61    55    49    44
         39    36    34    31    31    30    25    16    26   138   138   138   138   138   138   138   138   138   138   138
        138   138   138   138   138   138   138   138   138   138   138   138   138
  69   1000   984   937   857   774   673   562   450   346   249   170   109    60    27    14    17    22    44    73    97
        124   155   183   204   218   219   207   188   165   144   125   105    90    78    69    61    56    50    44    40
         37    34    32    31    30    26    16    27   145   145   145   145   145   145   145   145   145   145   145   145
        145   145   145   145   145   145   145   145   145   145   145   145
  70   1000   982   927   865   778   675   563   452   345   252   175   111    63    37    30    27    43    68    91   117
        148   177   198   214   218   207   189   167   146   128   108    92    80    70    63    57    51    45    40    37
         35    32    31    31    26    16    28   153   153   153   153   153   153   153   153   153   153   153   153   153
        153   153   153   153   153   153   153   153   153   153   153
  71   1000   981   941   874   784   682   574   460   358   270   190   127    89    73    61    74   100   121   146   180
        210   226   237   237   222   200   176   154   135   113    97    86    78    73    69    64    59    54    52    50
         47    46    46    39    24    42   231   231   231   231   231   231   231   231   231   231   231   231   231   231
        231   231   231   231   231   231   231   231   231   231
  72   1000   985   940   869   785   688   575   470   375   284   206   157   132   110   120   146   164   188   222   253
        261   266   260   238   211   184   160   141   117   102    93    88    86    85    82    77    73    71    69    65
         65    65    56    35    60   328   328   328   328   328   328   328   328   328   328   328   328   328   328   328
        328   328   328   328   328   328   328   328   328
  73   1000   985   940   873   786   680   573   469   367   276   210   168   132   127   139   148   165   194   221   232
        241   240   224   203   179   158   140   118   102    93    86    82    79    74    69    64    62    59    56    56
         55    48    29    51   284   284   284   284   284   284   284   284   284   284   284   284   284   284   284   284
        284   284   284   284   284   284   284   284
  74   1000   984   941   872   781   678   572   464   363   282   222   171   149   146   143   152   173   196   206   216
        219   208   192   173   154   138   117   102    92    84    78    74    69    62    57    54    52    49    48    48
         41    25    44   247   247   247   247   247   247   247   247   247   247   247   247   247   247   247   247   247
        247   247   247   247   247   247   247
  75   1000   985   940   870   780   678   570   463   371   295   229   189   167   152   149   160   175   182   192   197
        190   178   163   147   133   115   100    90    82    76    70    64    58    52    49    46    43    42    41    36
         22    38   216   216   216   216   216   216   216   216   216   216   216   216   216   216   216   216   216   216
        216   216   216   216   216   216
  76   1000   985   940   871   783   682   576   478   393   314   260   225   196   181   181   187   185   187   187   178
        166   153   140   128   111    99    91    84    79    75    70    64    58    55    52    49    48    47    40    25
         42   236   236   236   236   236   236   236   236   236   236   236   236   236   236   236   236   236   236   236
        236   236   236   236   236
  77   1000   984   941   874   786   687   590   499   412   345   296   253   223   210   204   189   181   174   162   150
        138   128   119   105    95    90    86    83    80    76    70    65    61    59    55    54    52    45    28    47
        254   254   254   254   254   254   254   254   254   254   254   254   254   254   254   254   254   254   254   254
        254   254   254   254
  78   1000   985   942   875   789   696   602   508   427   359   300   253   222   200   173   156   143   130   120   112
        107   102    93    87    84    82    80    77    73    68    62    59    56    52    50    49    42    27    43   222
        222   222   222   222   222   222   222   222   222   222   222   222   222   222   222   222   222   222   222   222
        222   222   222
  79   1000   985   943   878   797   709   616   528   448   376   314   265   226   182   149   124   103    91    85    83
         83    79    77    78    79    81    81    78    73    69    65    62    58    56    54    46    31    47   229   229
        229   229   229   229   229   229   229   229   229   229   229   229   229   229   229   229   229   229   229   229
        229   229
  80   1000   986   944   883   807   721   633   546   464   389   323   266   203   150   108    77    60    54    55    60
         60    64    70    76    82    85    85    82    78    75    72    67    65    62    54    36    53   245   245   245
        245   245   245   245   245   245   245   245   245   245   245   245   245   245   245   245   245   245   245   245
        245
  81   1000   986   947   887   812   726   634   544   457   374   297   216   143    85    42    21    14    19    28    35
         45    57    68    77    83    85    84    81    78    75    70    68    64    56    39    53   227   227   227   227
        227   227   227   227   227   227   227   227   227   227   227   227   227   227   227   227   227   227   227   227
  82   1000   986   947   889   811   718   626   530   433   338   239   145    66     9   -19   -27   -20    -6     5    22
         40    56    70    80    85    86    84    82    79    74    71    67    58    42    54   207   207   207   207   207
        207   207   207   207   207   207   207   207   207   207   207   207   207   207   207   207   207   207   207
  83   1000   986   950   889   808   721   624   518   410   293   175    72    -5   -48   -63   -58   -41   -24    -2    23
         46    67    82    92    95    96    95    92    87    83    79    69    50    64   232   232   232   232   232   232
        232   232   232   232   232   232   232   232   232   232   232   232   232   232   232   232   232   232
  84   1000   988   951   888   813   723   616   500   368   227    98    -3   -65   -91   -91   -74   -55   -27     4    35
         63    86   100   107   110   111   109   104   101    96    84    61    78   282   282   282   282   282   282   282
        282   282   282   282   282   282   282   282   282   282   282   282   282   282   282   282   282
  85   1000   986   942   882   801   697   577   436   277   125     0   -80  -119  -125  -110   -90   -58   -20    17    52
         80    99   110   116   119   118   113   110   104    92    68    84   291   291   291   291   291   291   291   291
        291   291   291   291   291   291   291   291   291   291   291   291   291   291   291   291
  86   1000   985   947   884   794   681   536   363   189    36   -67  -124  -142  -134  -116   -83   -40     3    45    80
        105   120   129   135   136   132   129   123   109    80   101   360   360   360   360   360   360   360   360   360
        360   360   360   360   360   360   360   360   360   360   360   360   360   360   360
  87   1000   988   949   881   782   642   463   273    97   -30  -109  -143  -144  -135  -104   -59   -11    37    79   109
        129   141   149   152   149   147   143   126    92   119   443   443   443   443   443   443   443   443   443   443
        443   443   443   443   443   443   443   443   443   443   443   443   443   443
  88   1000   986   941   861   735   560   361   167    17   -82  -134  -149  -149  -125   -81   -32    18    65   100   123
        139   150   156   154   153   149   133    97   126   473   473   473   473   473   473   473   473   473   473   473
        473   473   473   473   473   473   473   473   473   473   473   473   473
  89   1000   983   929   826   666   469   263    93   -28  -101  -134  -149  -135   -98   -52    -1    46    84   111   130
        144   152   153   154   151   135    99   130   498   498   498   498   498   498   498   498   498   498   498   498
        498   498   498   498   498   498   498   498   498   498   498   498
  90   1000   981   910   777   594   388   205    63   -31   -86  -122  -124  -100   -62   -16    30    67    95   117   134
        145   148   152   151   135    97   134   541   541   541   541   541   541   541   541   541   541   541   541   541
        541   541   541   541   541   541   541   541   541   541   541
  91   1000   972   879   726   532   346   189    72    -5   -65   -90   -85   -63   -28    10    44    70    92   111   124
        130   137   139   125    89   128   558   558   558   558   558   558   558   558   558   558   558   558   558   558
        558   558   558   558   558   558   558   558   558   558
  92   1000   965   860   698   521   356   219   114    25   -28   -52   -56   -43   -20     2    22    42    61    77    85
         95   101    93    64   101   487   487   487   487   487   487   487   487   487   487   487   487   487   487   487
        487   487   487   487   487   487   487   487   487
  93   1000   962   855   708   553   409   284   170    84    25   -11   -28   -31   -27   -20    -8     7    21    32    45
         54    51    31    67   418   418   418   418   418   418   418   418   418   418   418   418   418   418   418   418
        418   418   418   418   418   418   418   418
  94   1000   963   868   743   609   479   349   237   145    72    20   -14   -36   -48   -50   -43   -33   -23    -9     2
          4    -7    27   342   342   342   342   342   342   342   342   342   342   342   342   342   342   342   342   342
        342   342   342   342   342   342   342
  95   1000   969   890   785   665   535   408   291   187   100    31   -19   -55   -75   -82   -81   -75   -64   -51   -44
        -47   -15   249   249   249   249   249   249   249   249   249   249   249   249   249   249   249   249   249   249
        249   249   249   249   249   249
  96   1000   974   908   815   699   573   445   321   207   109    30   -30   -71   -95  -106  -108  -101   -91   -82   -80
        -50   177   177   177   177   177   177   177   177   177   177   177   177   177   177   177   177   177   177   177
        177   177   177   177   177
  97   1000   978   920   830   718   593   460   330   211   108    24   -38   -80  -106  -119  -120  -114  -107  -102   -76
        125   125   125   125   125   125   125   125   125   125   125   125   125   125   125   125   125   125   125   125
        125   125   125   125
  98   1000   980   924   837   725   597   462   330   209   106    23   -38   -80  -106  -118  -120  -117  -113   -91    95
         95    95    95    95    95    95    95    95    95    95    95    95    95    95    95    95    95    95    95    95
         95    95    95
  99   1000   981   925   838   725   595   460   329   211   110    30   -28   -70   -95  -107  -112  -113   -95    82    82
         82    82    82    82    82    82    82    82    82    82    82    82    82    82    82    82    82    82    82    82
         82    82
 100   1000   981   925   836   720   590   457   329   215   119    42   -15   -55   -80   -94  -102   -92    58    58    58
         58    58    58    58    58    58    58    58    58    58    58    58    58    58    58    58    58    58    58    58
         58
 101   1000   981   923   833   718   591   463   340   231   139    64     9   -30   -57   -75   -74    57    57    57    57
         57    57    57    57    57    57    57    57    57    57    57    57    57    57    57    57    57    57    57    57
 102   1000   980   923   833   723   602   479   362   258   169    98    43     1   -30   -39    78    78    78    78    78
         78    78    78    78    78    78    78    78    78    78    78    78    78    78    78    78    78    78    78
 103   1000   980   924   838   733   618   502   391   291   206   135    78    31    10   104   104   104   104   104   104
        104   104   104   104   104   104   104   104   104   104   104   104   104   104   104   104   104   104
 104   1000   981   927   847   748   639   529   424   328   245   172   109    76   136   136   136   136   136   136   136
        136   136   136   136   136   136   136   136   136   136   136   136   136   136   136   136   136
 105   1000   982   932   856   763   661   557   456   363   279   200   154   166   166   166   166   166   166   166   166
        166   166   166   166   166   166   166   166   166   166   166   166   166   166   166   166
 106   1000   983   936   865   778   681   582   485   391   301   242   184   184   184   184   184   184   184   184   184
        184   184   184   184   184   184   184   184   184   184   184   184   184   184   184
 107   1000   984   940   874   791   699   603   506   408   337   191   191   191   191   191   191   191   191   191   191
        191   191   191   191   191   191   191   191   191   191   191   191   191   191
 108   1000   985   944   881   802   714   619   518   438   195   195   195   195   195   195   195   195   195   195   195
        195   195   195   195   195   195   195   195   195   195   195   195   195
 109   1000   986   947   887   812   724   625   542   202   202   202   202   202   202   202   202   202   202   202   202
        202   202   202   202   202   202   202   202   202   202   202   202
 110   1000   987   950   892   817   727   644   205   205   205   205   205   205   205   205   205   205   205   205   205
        205   205   205   205   205   205   205   205   205   205   205
 111   1000   987   951   895   817   740   201   201   201   201   201   201   201   201   201   201   201   201   201   201
        201   201   201   201   201   201   201   201   201   201
 112   1000   988   952   892   827   205   205   205   205   205   205   205   205   205   205   205   205   205   205   205
        205   205   205   205   205   205   205   205   205
 113   1000   988   949   899   205   205   205   205   205   205   205   205   205   205   205   205   205   205   205   205
        205   205   205   205   205   205   205   205
 114   1000   986   954   180   180   180   180   180   180   180   180   180   180   180   180   180   180   180   180   180
        180   180   180   180   180   180   180
 115   1000   985   116   116   116   116   116   116   116   116   116   116   116   116   116   116   116   116   116   116
        116   116   116   116   116   116
 116   1000   191   191   191   191   191   191   191   191   191   191   191   191   191   191   191   191   191   191   191
        191   191   191   191   191
 117   1000  1000  1000  1000  1000  1000  1000  1000  1000  1000  1000  1000  1000  1000  1000  1000  1000  1000  1000  1000
       1000  1000  1000  1000
 118   1000  1000  1000  1000  1000  1000  1000  1000  1000  1000  1000  1000  1000  1000  1000  1000  1000  1000  1000  1000
       1000  1000  1000
 119   1000  1000  1000  1000  1000  1000  1000  1000  1000  1000  1000  1000  1000  1000  1000  1000  1000  1000  1000  1000
       1000  1000
 120   1000  1000  1000  1000  1000  1000  1000  1000  1000  1000  1000  1000  1000  1000  1000  1000  1000  1000  1000  1000
       1000
 121   1000  1000  1000  1000  1000  1000  1000  1000  1000  1000  1000  1000  1000  1000  1000  1000  1000  1000  1000  1000
 122   1000  1000  1000  1000  1000  1000  1000  1000  1000  1000  1000  1000  1000  1000  1000  1000  1000  1000  1000
 123   1000  1000  1000  1000  1000  1000  1000  1000  1000  1000  1000  1000  1000  1000  1000  1000  1000  1000
 124   1000  1000  1000  1000  1000  1000  1000  1000  1000  1000  1000  1000  1000  1000  1000  1000  1000
 125   1000  1000  1000  1000  1000  1000  1000  1000  1000  1000  1000  1000  1000  1000  1000  1000
 126   1000  1000  1000  1000  1000  1000  1000  1000  1000  1000  1000  1000  1000  1000  1000
 127   1000  1000  1000  1000  1000  1000  1000  1000  1000  1000  1000  1000  1000  1000
 128   1000  1000  1000  1000  1000  1000  1000  1000  1000  1000  1000  1000  1000
 129   1000  1000  1000  1000  1000  1000  1000  1000  1000  1000  1000  1000
 130   1000  1000  1000  1000  1000  1000  1000  1000  1000  1000  1000
 131   1000  1000  1000  1000  1000  1000  1000  1000  1000  1000
 132   1000  1000  1000  1000  1000  1000  1000  1000  1000
 133   1000  1000  1000  1000  1000  1000  1000  1000
 134   1000  1000  1000  1000  1000  1000  1000
 135   1000  1000  1000  1000  1000  1000
 136   1000  1000  1000  1000  1000
 137   1000  1000  1000  1000
 138   1000  1000  1000
 139   1000  1000
 140   1000

 Finished!
