88_Run
  140   10    1    0    1
   0.00500   9.00000   0.03000   0.00100
   0.0000000   0   0 1.00000000E+00   1.0000000
ZR902    2.140E-29 0.014       0.00       0.00        (    )
NI582    1.230E-30 0.015       0.00       0.00        (    )
AU1972   7.560E-29 0.011       0.00       0.00        (    )
AL27P    5.750E-30 0.009       0.00       0.00        (    )
AL27A    5.320E-30 0.010       0.00       0.00        (    )
TI462    2.880E-30 0.017       0.00       0.00        (    )
TI47P    8.820E-30 0.008       0.00       0.00        (    )
TI48P    2.480E-30 0.009       0.00       0.00        (    )
CU632    1.360E-29 0.014       0.00       0.00        (    )
CU652    2.450E-29 0.013       0.00       0.00        (    )
Flux Uncertainty
 141
 1.0000E-10 1.0000E-09 1.0000E-08 2.3000E-08 5.0000E-08 7.6000E-08 1.1500E-07
 1.7000E-07 2.5500E-07 3.8000E-07 5.5000E-07 8.4000E-07 1.2800E-06 1.9000E-06
 2.8000E-06 4.2500E-06 6.3000E-06 9.2000E-06 1.3500E-05 2.1000E-05 3.0000E-05
 4.5000E-05 6.9000E-05 1.0000E-04 1.3500E-04 1.7000E-04 2.2000E-04 2.8000E-04
 3.6000E-04 4.5000E-04 5.7500E-04 7.6000E-04 9.6000E-04 1.2800E-03 1.6000E-03
 2.0000E-03 2.7000E-03 3.4000E-03 4.5000E-03 5.5000E-03 7.2000E-03 9.2000E-03
 1.2000E-02 1.5000E-02 1.9000E-02 2.5500E-02 3.2000E-02 4.0000E-02 5.2500E-02
 6.6000E-02 8.8000E-02 1.1000E-01 1.3500E-01 1.6000E-01 1.9000E-01 2.2000E-01
 2.5500E-01 2.9000E-01 3.2000E-01 3.6000E-01 4.0000E-01 4.5000E-01 5.0000E-01
 5.5000E-01 6.0000E-01 6.6000E-01 7.2000E-01 7.8000E-01 8.4000E-01 9.2000E-01
 1.0000E+00 1.2000E+00 1.4000E+00 1.6000E+00 1.8000E+00 2.0000E+00 2.3000E+00
 2.6000E+00 2.9000E+00 3.3000E+00 3.7000E+00 4.1000E+00 4.5000E+00 5.0000E+00
 5.5000E+00 6.0000E+00 6.7000E+00 7.4000E+00 8.2000E+00 9.0000E+00 1.0000E+01
 1.1000E+01 1.2000E+01 1.3000E+01 1.4000E+01 1.5000E+01 1.6000E+01 1.7000E+01
 1.8000E+01 1.9000E+01 2.0000E+01 2.1000E+01 2.2000E+01 2.3000E+01 2.4000E+01
 2.5000E+01 2.6000E+01 2.7000E+01 2.8000E+01 2.9000E+01 3.0000E+01 3.1000E+01
 3.2000E+01 3.3000E+01 3.4000E+01 3.5000E+01 3.6000E+01 3.7000E+01 3.8000E+01
 3.9000E+01 4.0000E+01 4.1000E+01 4.2000E+01 4.3000E+01 4.4000E+01 4.5000E+01
 4.6000E+01 4.7000E+01 4.8000E+01 4.9000E+01 5.0000E+01 5.1000E+01 5.2000E+01
 5.3000E+01 5.4000E+01 5.5000E+01 5.6000E+01 5.7000E+01 5.8000E+01 5.9000E+01
 6.0000E+01
 0.0000E+00 0.0000E+00 0.0000E+00 0.0000E+00 0.0000E+00 0.0000E+00 0.0000E+00
 0.0000E+00 0.0000E+00 0.0000E+00 0.0000E+00 0.0000E+00 4.2080E-01 1.2950E-01
 3.7000E-02 3.7800E-02 3.5000E-02 7.6900E-02 1.1240E-01 5.7700E-02 7.0200E-02
 7.1900E-02 5.8600E-02 6.2300E-02 7.0200E-02 6.5600E-02 7.7800E-02 6.7800E-02
 7.1400E-02 9.6800E-02 6.2700E-02 6.1800E-02 6.4800E-02 7.0900E-02 5.9800E-02
 5.3300E-02 5.0200E-02 5.0700E-02 4.5900E-02 6.1100E-02 3.7100E-02 4.1400E-02
 3.1900E-02 3.4700E-02 3.2600E-02 2.5200E-02 1.8400E-02 1.4700E-02 9.2700E-02
 2.6030E-01 9.7000E-03 8.9000E-03 8.7000E-03 1.3400E-02 9.9300E-02 1.0460E-01
 7.6200E-02 6.7800E-02 1.9300E-02 8.9300E-02 8.5200E-02 6.2800E-02 6.7000E-02
 7.8300E-02 8.0200E-02 7.5400E-02 3.7100E-02 7.4500E-02 6.5100E-02 7.8000E-02
 7.7500E-02 5.3600E-02 5.6000E-02 5.9400E-02 6.3900E-02 6.6700E-02 5.7800E-02
 5.9100E-02 6.3000E-02 5.5000E-02 5.6500E-02 5.4500E-02 5.1600E-02 4.4500E-02
 4.0800E-02 3.7200E-02 3.0400E-02 3.0800E-02 2.7300E-02 2.7300E-02 2.5500E-02
 2.6900E-02 2.9300E-02 3.1100E-02 3.3800E-02 3.8600E-02 4.2000E-02 4.5000E-02
 5.1200E-02 5.2100E-02 6.6100E-02 7.4300E-02 7.8900E-02 8.0000E-02 7.8000E-02
 8.8600E-02 9.3000E-02 9.9900E-02 1.0610E-01 1.1240E-01 1.0100E-01 1.1550E-01
 1.1460E-01 1.1260E-01 1.4990E-01 2.5690E-01 0.0000E+00 0.0000E+00 0.0000E+00
 0.0000E+00 0.0000E+00 0.0000E+00 0.0000E+00 0.0000E+00 0.0000E+00 0.0000E+00
 0.0000E+00 0.0000E+00 0.0000E+00 0.0000E+00 0.0000E+00 0.0000E+00 0.0000E+00
 0.0000E+00 0.0000E+00 0.0000E+00 0.0000E+00 0.0000E+00 0.0000E+00 0.0000E+00
 0.0000E+00
Input Flux Spectrum
 140   0 1.000E+00 2.000E+01 5.000E-08
 0.0000E+00 0.0000E+00 0.0000E+00 0.0000E+00 0.0000E+00 0.0000E+00 0.0000E+00
 0.0000E+00 0.0000E+00 0.0000E+00 0.0000E+00 9.4380E-12 5.6870E-12 6.4190E-11
 7.0470E-11 6.0370E-11 1.2190E-10 1.0110E-09 1.4680E-09 1.1650E-09 1.3820E-09
 1.4080E-09 1.4110E-09 1.0410E-09 7.2010E-10 1.0810E-09 1.0320E-09 1.0200E-09
 9.6940E-10 1.0640E-09 1.2390E-09 9.8960E-10 1.5010E-09 1.1600E-09 1.1300E-09
 1.4310E-09 1.2400E-09 1.8010E-09 1.5570E-09 2.2140E-09 2.0290E-09 3.3380E-09
 3.6700E-09 3.5590E-09 6.5290E-09 6.4640E-09 7.1600E-09 1.3600E-08 1.9640E-08
 2.7210E-08 2.8190E-08 3.8280E-08 4.0250E-08 5.6630E-08 5.9410E-08 7.2000E-08
 7.7960E-08 6.4070E-08 1.0450E-07 1.0620E-07 1.2860E-07 1.3550E-07 1.4530E-07
 1.4900E-07 1.7500E-07 1.5070E-07 1.7880E-07 1.6440E-07 2.6870E-07 2.6010E-07
 6.5040E-07 5.9540E-07 5.7400E-07 6.2010E-07 5.4900E-07 9.2900E-07 1.0210E-06
 9.1200E-07 1.2520E-06 1.0570E-06 1.0680E-06 1.2780E-06 1.8780E-06 2.3810E-06
 3.0070E-06 4.7690E-06 4.9600E-06 6.7410E-06 7.0310E-06 8.3840E-06 7.8450E-06
 6.7370E-06 5.8830E-06 4.8010E-06 3.5430E-06 2.8820E-06 2.3930E-06 1.7170E-06
 1.6100E-06 9.8530E-07 7.8520E-07 7.0130E-07 6.8040E-07 7.1860E-07 5.5560E-07
 5.0720E-07 4.3890E-07 3.8710E-07 3.4820E-07 4.2880E-07 3.2650E-07 3.3370E-07
 3.7420E-07 2.2770E-07 7.7260E-08 0.0000E+00 0.0000E+00 0.0000E+00 0.0000E+00
 0.0000E+00 0.0000E+00 0.0000E+00 0.0000E+00 0.0000E+00 0.0000E+00 0.0000E+00
 0.0000E+00 0.0000E+00 0.0000E+00 0.0000E+00 0.0000E+00 0.0000E+00 0.0000E+00
 0.0000E+00 0.0000E+00 0.0000E+00 0.0000E+00 0.0000E+00 0.0000E+00 0.0000E+00
   10   13   28   11    8    5    8    7   10   40



                         ==============================
                               STAYSL PNNL OUTPUT
                         ==============================

 STAYSL PNNL, version 1.2.0, 2015-08-05


 SCENARIO TITLE: 88_Run
 -------------------------------------------------------------------------------
  NGROUP =   140    NRXN =    10    ACTIVITY NORM = 1.00000E+00

  COVARIANCE PARAMETERS (FCHN, FCVX, ACVX, FS)
    FLUXES:      WIDTH =  9.0000E+00   LONG RANGE COVAR. =  3.0000E-02
            ACTIVITIES =  5.0000E-03   X-SECT CROSS COR. =  1.0000E-03

    DETERM =   2.8674 × 10^  -8.00      ERROR =   2.8866E-16

  INPUT NORMALIZATION DATA
    AK1   =     0.00000     VAK        =     0.00090
    NORML =           0     RENORM     = 9.66290E-01
    CHI²  =     4.39361     NORM. CHI² =     0.48818

  DOSIMETRY ACTIVITIES
     ———— INPUTS —————  -UNADJUSTED FLUX-  — ADJUSTED FLUX —    CHI²  90% ACTIVITIES RANGE
 RXN  MEASURED     ±%   ACTIVITY    %DIFF  ACTIVITY    %DIFF  CONTRIB --LOW E-- --HIGH E--   REACTION          CVR
  1  2.140E-29    1.43  2.068E-29   -3.38  2.087E-29   -2.46    1.556  1.30E+01  2.70E+01  ZR90(N,2N)ZR89          
  2  1.230E-30    1.51  1.201E-30   -2.40  1.216E-30   -1.11    0.436  1.30E+01  3.00E+01  NI58(N,2N)NI57          
  3  7.560E-29    1.08  7.459E-29   -1.33  7.473E-29   -1.15    0.663  9.00E+00  1.90E+01  AU197(N,2N)AU196        
  4  5.750E-30    0.86  5.739E-30   -0.19  5.744E-30   -0.11    0.003  6.00E+00  1.70E+01  AL27(N,P)MG27           
  5  5.320E-30    0.97  5.317E-30   -0.06  5.322E-30    0.03   -0.003  7.40E+00  1.70E+01  AL27(N,A)NA24           
  6  2.880E-30    1.68  2.907E-30    0.95  2.951E-30    2.48    0.092  1.50E+01  3.00E+01  TI46(N,2N)TI45          
  7  8.820E-30    0.82  8.860E-30    0.45  8.870E-30    0.57    0.030  5.00E+00  1.80E+01  TI47(N,P)SC47           
  8  2.480E-30    0.95  2.497E-30    0.70  2.504E-30    0.95    0.055  7.40E+00  2.20E+01  TI48(N,P)SC48           
  9  1.360E-29    1.37  1.386E-29    1.89  1.396E-29    2.63    0.491  1.20E+01  2.60E+01  CU63(N,2N)CU62          
 10  2.450E-29    1.27  2.498E-29    1.97  2.508E-29    2.38    1.070  1.10E+01  2.20E+01  CU65(N,2N)CU64          

             % STD. DEV.  =          1.76               1.78

  DIFFERENTIAL FLUXES (input is normalized by a factor of 9.6629E-01)
                  —————— DIFFERENTIAL FLUX —————   ———— STD. DEV. % ————   INTEGRAL
 GRP    ENERGY        NEW         OLD      RATIO    NEW     OLD    RATIO   FLUX > E     ± %
  12  8.4000E-07  2.0997E-05  2.0965E-05   1.002   20.90   21.01   0.995  9.4412E-05    1.35
  13  1.2750E-06  8.8058E-06  8.7925E-06   1.002   27.34   27.43   0.997  9.4411E-05    1.35
  14  1.9000E-06  6.9022E-05  6.8918E-05   1.002    8.58    8.85   0.970  9.4411E-05    1.35
  15  2.8000E-06  4.7033E-05  4.6962E-05   1.002    4.29    4.79   0.895  9.4411E-05    1.35
  16  4.2500E-06  2.8499E-05  2.8456E-05   1.002    4.20    4.72   0.891  9.4411E-05    1.35
  17  6.3000E-06  4.0679E-05  4.0618E-05   1.002    5.98    6.35   0.942  9.4411E-05    1.35
  18  9.2000E-06  2.2753E-04  2.2719E-04   1.002    9.69    9.92   0.977  9.4411E-05    1.35
  19  1.3500E-05  1.8942E-04  1.8914E-04   1.002    8.76    9.01   0.971  9.4410E-05    1.35
  20  2.1000E-05  1.2527E-04  1.2508E-04   1.002    6.73    7.06   0.953  9.4409E-05    1.35
  21  3.0000E-05  8.9162E-05  8.9028E-05   1.002    7.41    7.71   0.961  9.4408E-05    1.35
  22  4.5000E-05  5.6775E-05  5.6689E-05   1.002    6.85    7.18   0.955  9.4406E-05    1.35
  23  6.9000E-05  4.4048E-05  4.3982E-05   1.002    6.40    6.75   0.948  9.4405E-05    1.35
  24  1.0000E-04  2.8784E-05  2.8740E-05   1.002    6.95    7.27   0.956  9.4404E-05    1.35
  25  1.3500E-04  1.9911E-05  1.9881E-05   1.002    7.11    7.42   0.958  9.4403E-05    1.35
  26  1.7000E-04  2.0923E-05  2.0891E-05   1.002    7.47    7.77   0.961  9.4402E-05    1.35
  27  2.2000E-04  1.6645E-05  1.6620E-05   1.002    7.58    7.87   0.962  9.4401E-05    1.35
  28  2.8000E-04  1.2339E-05  1.2320E-05   1.002    7.27    7.58   0.959  9.4400E-05    1.35
  29  3.6000E-04  1.0424E-05  1.0408E-05   1.002    8.67    8.93   0.971  9.4399E-05    1.35
  30  4.5000E-04  8.2375E-06  8.2251E-06   1.002    8.24    8.52   0.968  9.4398E-05    1.35
  31  5.7500E-04  6.4813E-06  6.4715E-06   1.002    6.57    6.91   0.951  9.4397E-05    1.35
  32  7.6000E-04  4.7884E-06  4.7812E-06   1.002    6.67    7.00   0.952  9.4396E-05    1.35
  33  9.6000E-04  4.6114E-06  4.6045E-06   1.002    7.10    7.41   0.958  9.4395E-05    1.35
  34  1.2750E-03  3.4541E-06  3.4489E-06   1.002    6.86    7.18   0.955  9.4393E-05    1.35
  35  1.6000E-03  2.7339E-06  2.7298E-06   1.002    6.03    6.40   0.943  9.4392E-05    1.35
  36  2.0000E-03  1.9784E-06  1.9754E-06   1.002    5.58    5.98   0.934  9.4391E-05    1.35
  37  2.7000E-03  1.7143E-06  1.7117E-06   1.002    5.46    5.87   0.931  9.4390E-05    1.35
  38  3.4000E-03  1.5845E-06  1.5821E-06   1.002    5.27    5.68   0.927  9.4388E-05    1.35
  39  4.5000E-03  1.5068E-06  1.5045E-06   1.002    5.75    6.13   0.937  9.4387E-05    1.35
  40  5.5000E-03  1.2604E-06  1.2585E-06   1.002    5.34    5.75   0.928  9.4385E-05    1.35
  41  7.2000E-03  9.8178E-07  9.8030E-07   1.002    4.45    4.94   0.902  9.4383E-05    1.35
  42  9.2000E-03  1.1537E-06  1.1520E-06   1.002    4.23    4.73   0.892  9.4381E-05    1.35
  43  1.2000E-02  1.1839E-06  1.1821E-06   1.002    3.94    4.48   0.879  9.4378E-05    1.35
  44  1.5000E-02  8.6106E-07  8.5976E-07   1.002    3.97    4.51   0.880  9.4374E-05    1.35
  45  1.9000E-02  9.7207E-07  9.7060E-07   1.002    3.57    4.16   0.858  9.4371E-05    1.35
  46  2.5500E-02  9.6239E-07  9.6094E-07   1.002    3.03    3.71   0.817  9.4365E-05    1.35
  47  3.2000E-02  8.6614E-07  8.6483E-07   1.002    2.68    3.43   0.782  9.4358E-05    1.35
  48  4.0000E-02  1.0529E-06  1.0513E-06   1.002    5.77    6.15   0.938  9.4351E-05    1.35
  49  5.2500E-02  1.4079E-06  1.4058E-06   1.002   17.77   17.90   0.993  9.4338E-05    1.35
  50  6.6000E-02  1.1969E-06  1.1951E-06   1.002   13.66   13.82   0.988  9.4319E-05    1.35
  51  8.8000E-02  1.2400E-06  1.2382E-06   1.002    2.30    3.14   0.733  9.4293E-05    1.35
  52  1.1000E-01  1.4818E-06  1.4796E-06   1.002    2.28    3.13   0.730  9.4266E-05    1.35
  53  1.3500E-01  1.5581E-06  1.5557E-06   1.002    2.38    3.20   0.744  9.4229E-05    1.35
  54  1.6000E-01  1.8268E-06  1.8240E-06   1.002    6.01    6.38   0.942  9.4190E-05    1.35
  55  1.9000E-01  1.9165E-06  1.9136E-06   1.002   10.41   10.62   0.980  9.4135E-05    1.35
  56  2.2000E-01  1.9908E-06  1.9878E-06   1.002    9.28    9.52   0.974  9.4077E-05    1.35
  57  2.5500E-01  2.1556E-06  2.1523E-06   1.002    7.50    7.80   0.962  9.4008E-05    1.35
  58  2.9000E-01  2.0668E-06  2.0637E-06   1.002    4.84    5.29   0.915  9.3932E-05    1.35
  59  3.2000E-01  2.5282E-06  2.5244E-06   1.002    5.82    6.20   0.939  9.3870E-05    1.35
  60  3.6000E-01  2.5693E-06  2.5655E-06   1.001    8.97    9.22   0.973  9.3769E-05    1.35
  61  4.0000E-01  2.4890E-06  2.4853E-06   1.001    7.69    7.98   0.963  9.3666E-05    1.35
  62  4.5000E-01  2.6225E-06  2.6186E-06   1.001    6.82    7.15   0.954  9.3542E-05    1.35
  63  5.0000E-01  2.8121E-06  2.8080E-06   1.001    7.56    7.86   0.962  9.3411E-05    1.35
  64  5.5000E-01  2.8837E-06  2.8795E-06   1.001    8.19    8.47   0.967  9.3270E-05    1.35
  65  6.0000E-01  2.8223E-06  2.8183E-06   1.001    8.05    8.34   0.966  9.3126E-05    1.35
  66  6.6000E-01  2.4304E-06  2.4270E-06   1.001    6.00    6.37   0.942  9.2957E-05    1.35
  67  7.2000E-01  2.8835E-06  2.8795E-06   1.001    5.96    6.33   0.941  9.2811E-05    1.35
  68  7.8000E-01  2.6510E-06  2.6476E-06   1.001    7.28    7.59   0.959  9.2638E-05    1.34
  69  8.4000E-01  3.2493E-06  3.2455E-06   1.001    7.44    7.76   0.960  9.2479E-05    1.34
  70  9.2000E-01  3.1449E-06  3.1417E-06   1.001    8.03    8.33   0.964  9.2219E-05    1.34
  71  1.0000E+00  3.1455E-06  3.1424E-06   1.001    6.86    7.21   0.951  9.1967E-05    1.34
  72  1.2000E+00  2.8794E-06  2.8766E-06   1.001    5.83    6.25   0.934  9.1338E-05    1.33
  73  1.4000E+00  2.7754E-06  2.7733E-06   1.001    6.08    6.50   0.936  9.0762E-05    1.32
  74  1.6000E+00  2.9977E-06  2.9960E-06   1.001    6.43    6.85   0.938  9.0207E-05    1.31
  75  1.8000E+00  2.6533E-06  2.6525E-06   1.000    6.74    7.18   0.938  8.9608E-05    1.30
  76  2.0000E+00  2.9928E-06  2.9923E-06   1.000    6.41    6.91   0.927  8.9077E-05    1.29
  77  2.3000E+00  3.2888E-06  3.2886E-06   1.000    5.99    6.57   0.912  8.8179E-05    1.26
  78  2.6000E+00  2.9370E-06  2.9375E-06   1.000    6.15    6.80   0.904  8.7192E-05    1.24
  79  2.9000E+00  3.0235E-06  3.0245E-06   1.000    5.86    6.62   0.885  8.6311E-05    1.22
  80  3.3000E+00  2.5524E-06  2.5534E-06   1.000    5.43    6.33   0.859  8.5102E-05    1.19
  81  3.7000E+00  2.5786E-06  2.5800E-06   0.999    5.25    6.31   0.833  8.4081E-05    1.16
  82  4.1000E+00  3.0855E-06  3.0873E-06   0.999    4.85    6.09   0.797  8.3050E-05    1.14
  83  4.5000E+00  3.6275E-06  3.6294E-06   0.999    4.23    5.66   0.746  8.1815E-05    1.10
  84  5.0000E+00  4.5996E-06  4.6015E-06   1.000    3.57    5.21   0.685  8.0002E-05    1.07
  85  5.5000E+00  5.8093E-06  5.8113E-06   1.000    3.06    4.92   0.623  7.7702E-05    1.02
  86  6.0000E+00  6.5820E-06  6.5832E-06   1.000    2.48    4.52   0.549  7.4797E-05    0.98
  87  6.7000E+00  6.8461E-06  6.8469E-06   1.000    2.06    4.28   0.481  7.0190E-05    0.93
  88  7.4000E+00  8.1414E-06  8.1422E-06   1.000    1.75    4.18   0.420  6.5397E-05    0.90
  89  8.2000E+00  8.4919E-06  8.4925E-06   1.000    1.47    4.06   0.363  5.8884E-05    0.87
  90  9.0000E+00  8.1009E-06  8.1014E-06   1.000    1.26    4.00   0.314  5.2091E-05    0.86
  91  1.0000E+01  7.5801E-06  7.5805E-06   1.000    1.10    3.98   0.276  4.3990E-05    0.89
  92  1.1000E+01  6.5092E-06  6.5099E-06   1.000    1.02    4.11   0.249  3.6410E-05    0.96
  93  1.2000E+01  5.6844E-06  5.6847E-06   1.000    1.02    4.26   0.239  2.9901E-05    1.07
  94  1.3000E+01  4.6398E-06  4.6392E-06   1.000    1.09    4.42   0.246  2.4216E-05    1.25
  95  1.4000E+01  3.4254E-06  3.4236E-06   1.001    1.26    4.70   0.268  1.9576E-05    1.49
  96  1.5000E+01  2.7883E-06  2.7848E-06   1.001    1.48    5.02   0.295  1.6151E-05    1.79
  97  1.6000E+01  2.3178E-06  2.3123E-06   1.002    1.66    5.28   0.314  1.3363E-05    2.17
  98  1.7000E+01  1.6657E-06  1.6591E-06   1.004    1.89    5.67   0.333  1.1045E-05    2.65
  99  1.8000E+01  1.5651E-06  1.5557E-06   1.006    2.06    5.97   0.344  9.3793E-06    3.16
 100  1.9000E+01  9.6072E-07  9.5209E-07   1.009    2.39    6.63   0.361  7.8142E-06    3.83
 101  2.0000E+01  7.6894E-07  7.5873E-07   1.013    2.91    7.63   0.381  6.8534E-06    4.38
 102  2.1000E+01  6.8972E-07  6.7766E-07   1.018    3.28    8.22   0.398  6.0845E-06    4.91
 103  2.2000E+01  6.7169E-07  6.5746E-07   1.022    3.58    8.49   0.422  5.3948E-06    5.46
 104  2.3000E+01  7.1135E-07  6.9438E-07   1.024    3.84    8.45   0.454  4.7231E-06    6.06
 105  2.4000E+01  5.5207E-07  5.3687E-07   1.028    4.40    8.85   0.497  4.0117E-06    6.82
 106  2.5000E+01  5.0625E-07  4.9010E-07   1.033    5.22    9.56   0.546  3.4597E-06    7.49
 107  2.6000E+01  4.3958E-07  4.2410E-07   1.036    6.04   10.10   0.599  2.9534E-06    8.16
 108  2.7000E+01  3.8889E-07  3.7405E-07   1.040    6.99   10.72   0.652  2.5138E-06    8.78
 109  2.8000E+01  3.5057E-07  3.3646E-07   1.042    7.96   11.32   0.703  2.1249E-06    9.32
 110  2.9000E+01  4.3094E-07  4.1435E-07   1.040    8.31   11.08   0.750  1.7744E-06    9.77
 111  3.0000E+01  3.2776E-07  3.1549E-07   1.039    8.91   11.23   0.794  1.3434E-06   10.44
 112  3.1000E+01  3.3493E-07  3.2245E-07   1.039    9.91   11.88   0.834  1.0157E-06   11.07
 113  3.2000E+01  3.7432E-07  3.6159E-07   1.035   10.18   11.74   0.867  6.8073E-07   11.76
 114  3.3000E+01  2.2807E-07  2.2002E-07   1.037   12.09   13.46   0.899  3.0641E-07   13.84
 115  3.4000E+01  7.8346E-08  7.4656E-08   1.049   19.09   20.55   0.929  7.8346E-08   19.09
      3.5000E+01

  INTEGRALS OF SPECTRA
    OLD SPECTRUM   9.4184E-05   ±    3.951 %
    NEW SPECTRUM   9.4412E-05   ±    1.348 %

  SUMMARY OF BROAD-GROUP FLUXES, FLUENCES, AND UNCERTAINTIES

    IRRAD TIME [S] = 1.00000000E+00   ACT NORM =  1.00000000E+00

       ENERGY       FLUX       FLUENCE      STDEV %
      thermal    0.0000E+00  0.0000E+00  ±   0.00     (0.100 meV – 0.550  eV)
     epithermal  1.4589E-07  1.4589E-07  ±   6.32     (0.550  eV – 110.0 keV)
        fast     9.4266E-05  9.4266E-05  ±   1.29     (110.0 keV –  20.0 MeV)
        fast     9.1967E-05  9.1967E-05  ±   1.27     (  1.0 MeV –  20.0 MeV)
        high     6.8534E-06  6.8534E-06  ±   4.38     ( 20.0 MeV –  60.0 MeV)

    MINI-SPECTRUM

       ENERGY       FLUX       FLUENCE      STDEV %
     1.0000E-10  0.0000E+00  0.0000E+00  ±   0.00
     5.5000E-07  7.9133E-09  7.9133E-09  ±   7.23
     1.0000E-04  1.3798E-07  1.3798E-07  ±   6.61
     1.1000E-01  8.5490E-07  8.5490E-07  ±   6.45
     5.0000E-01  1.4435E-06  1.4435E-06  ±   6.93
     1.0000E+00  2.8903E-06  2.8903E-06  ±   6.25
     2.0000E+00  9.0753E-06  9.0753E-06  ±   5.08
     5.0000E+00  3.6012E-05  3.6012E-05  ±   1.84
     1.0000E+01  3.7136E-05  3.7136E-05  ±   0.92
     2.0000E+01  6.8534E-06  6.8534E-06  ±   4.38
     6.0000E+01

       TOTAL     9.4412E-05  9.4412E-05  ±   1.35

    RELATIVE COVARIANCES (10×10)
        0     0     0     0     0     0     0     0     0     0
     1000   130    95    87    92    69    85    30    46
     1000   454   127   101    76    93    33    50
     1000   570   214    91    95    34    52
     1000   724   272   101    27    48
     1000   660   196    11    55
     1000   596   -55    96
     1000   137   190
     1000  -266
     1000

  SPECTRAL-AVERAGED REACTION RATES (for all cross section library reactions)

        REACTIONS        SIG-PHI      <SIG>          REACTIONS        SIG-PHI      <SIG>          REACTIONS        SIG-PHI      <SIG>  
   ------------------  ----------  ----------   ------------------  ----------  ----------   ------------------  ----------  ----------
   LI6(N,A)T           7.2761E-30  7.7068E-26   FE58(N,G)FE59       8.1385E-32  8.6203E-28   IN115(N,N')IN115M   1.9649E-29  2.0812E-25
   B10(N,A)LI7         1.1735E-29  1.2430E-25   CO59(N,2N)CO58      1.9401E-29  2.0550E-25   IN115(N,2N)IN114M   4.1361E-29  4.3809E-25
   F19(N,2N)F18        1.3993E-30  1.4821E-26   CO59(N,3N)CO57      1.1827E-30  1.2527E-26   IN115(N,G)IN116M    1.5897E-30  1.6838E-26
   NA23(N,2N)NA22      1.4976E-30  1.5863E-26   CO59(N,G)CO60       3.2967E-31  3.4918E-27   I127(N,2N)I126      4.6701E-29  4.9465E-25
   NA23(N,G)NA24       1.8511E-32  1.9607E-28   CO59(N,P)FE59       2.8661E-30  3.0358E-26   LA139(N,G)LA140     1.9153E-31  2.0287E-27
   MG24(N,P)NA24       9.0138E-30  9.5474E-26   CO59(N,A)MN56       1.1969E-30  1.2677E-26   PR141(N,2N)PR140    5.1895E-29  5.4967E-25
   AL27(N,P)MG27       5.7438E-30  6.0838E-26   NI58(N,2N)NI57      1.2163E-30  1.2883E-26   TM169(N,2N)TM168    7.5502E-29  7.9971E-25
   AL27(N,A)NA24       5.3215E-30  5.6365E-26   NI58(N,P)CO58       4.1400E-29  4.3850E-25   TM169(N,3N)TM167    1.1661E-29  1.2352E-25
   SI28(N,P)AL28       1.5728E-29  1.6659E-25   NI60(N,P)CO60       7.2370E-30  7.6654E-26   TA181(N,G)TA182     1.7710E-30  1.8758E-26
   P31(N,P)SI31        1.0088E-29  1.0685E-25   CU63(N,2N)CU62      1.3958E-29  1.4784E-25   W186(N,G)W187       2.1307E-30  2.2568E-26
   S32(N,P)P32         2.4904E-29  2.6379E-25   CU63(N,G)CU64       3.8051E-31  4.0303E-27   AU197(N,2N)AU196    7.4730E-29  7.9154E-25
   TI46(N,2N)TI45      2.9513E-30  3.1260E-26   CU63(N,A)CO60       2.0732E-30  2.1959E-26   AU197(N,G)AU198     1.3661E-30  1.4470E-26
   TI46(N,P)SC46       1.7734E-29  1.8784E-25   CU65(N,2N)CU64      2.5083E-29  2.6568E-25   HG199(N,N')HG199M   4.2181E-29  4.4678E-25
   TI47(N,P)SC47       8.8699E-30  9.3949E-26   ZN64(N,P)CU64       1.6741E-29  1.7732E-25   PB204(N,N')PB204M   1.2768E-29  1.3524E-25
   TI47(N,X)SC46       3.3788E-30  3.5788E-26   ZN67(N,P)CU67       1.6699E-30  1.7688E-26   BI209(N,3N)BI207    1.3722E-29  1.4534E-25
   TI48(N,P)SC48       2.5036E-30  2.6518E-26   AS75(N,2N)AS74      2.7245E-29  2.8858E-25   TH232(N,FISSION)    3.0625E-29  3.2437E-25
   TI48(N,X)SC47       1.7645E-30  1.8690E-26   Y89(N,2N)Y88        2.4685E-29  2.6147E-25   TH232(N,G)TH233     1.2527E-30  1.3269E-26
   TI49(N,X)SC48       1.1265E-30  1.1932E-26   ZR90(N,2N)ZR89      2.0873E-29  2.2109E-25   U235(N,FISSION)     1.5930E-28  1.6873E-24
   V51(N,A)SC48        5.5815E-31  5.9118E-27   NB93(N,G)NB94       2.9835E-31  3.1601E-27   U235(N,G)U236       1.3560E-30  1.4363E-26
   CR52(N,2N)CR51      1.0767E-29  1.1405E-25   NB93(N,N')NB93M     1.3769E-29  1.4584E-25   U238(N,2N)U237      7.1631E-29  7.5871E-25
   MN55(N,2N)MN54      2.0078E-29  2.1267E-25   NB93(N,2N)NB92M     1.5104E-29  1.5998E-25   U238(N,FISSION)     8.9927E-29  9.5250E-25
   MN55(N,G)MN56       9.8954E-32  1.0481E-27   MO92(N,P)NB92M      6.6334E-30  7.0261E-26   U238(N,G)U239       1.3107E-30  1.3883E-26
   FE54(N,2N)FE53      1.1057E-30  1.1711E-26   RH103(N,N')RH103M   7.6876E-29  8.1426E-25   NP237(N,FISSION)    1.8399E-28  1.9488E-24
   FE54(N,P)MN54       3.4498E-29  3.6540E-25   AG109(N,G)AG110M    1.3159E-31  1.3938E-27   PU239(N,FISSION)    2.0415E-28  2.1624E-24
   FE54(N,A)CR51       3.9239E-30  4.1562E-26   IN113(N,N')IN113M   1.6398E-29  1.7368E-25   AM241(N,FISSION)    2.1083E-28  2.2331E-24
   FE56(N,P)MN56       5.1710E-30  5.4771E-26   IN113(N,G)IN114M    2.2637E-30  2.3977E-26   SC45(N,G)SC46       1.1277E-31  1.1944E-27

  INPUT FLUX REL. CORRELATION MATRIX (by row from diagonal)
   1   1000  1000  1000  1000  1000  1000  1000  1000  1000  1000  1000   143   109   339   626   636   473   302   333   425
        389   418   445   413   404   386   381   396   336   352   434   428   405   418   469   502   511   528   489   522
        607   634   670   666   720   809   876   488   168   217   955   960   938   470   282   315   385   567   484   325
        376   420   382   354   360   471   474   395   387   360   416   480   461   438   418   434   457   441   453   474
        476   492   530   576   610   664   700   719   740   751   753   730   705   679   638   597   568   529   502   453
        393   365   353   355   339   314   297   280   265   271   267   252   255   223   146   228  1000  1000  1000  1000
       1000  1000  1000  1000  1000  1000  1000  1000  1000  1000  1000  1000  1000  1000  1000  1000  1000  1000  1000  1000

  OUTPUT FLUX REL. CORRELATION MATRIX (by row from diagonal)
   1   1000  1000  1000  1000  1000  1000  1000  1000  1000  1000  1000   101    77   245   491   501   352   217   240   313
        284   307   329   303   296   282   278   290   243   255   320   316   297   307   349   377   385   400   366   394
        473   498   535   531   589   695   786   365   118   154   915   923   886   350   202   227   281   435   362   235
        274   308   278   256   260   349   351   286   278   255   297   347   326   299   273   276   281   248   236   228
        196   174   173   185   187   240   280   294   339   371   383   265   137    35   -87  -151  -137  -132   -80   -80
        -95   -41    35   115   144   147   153   151   148   163   165   155   161   137    80   146  1000  1000  1000  1000
       1000  1000  1000  1000  1000  1000  1000  1000  1000  1000  1000  1000  1000  1000  1000  1000  1000  1000  1000  1000
   2   1000  1000  1000  1000  1000  1000  1000  1000  1000  1000   101    77   245   491   501   352   217   240   313   284
        307   329   303   296   282   278   290   243   255   320   316   297   307   349   377   385   400   366   394   473
        498   535   531   589   695   786   365   118   154   915   923   886   350   202   227   281   435   362   235   274
        308   278   256   260   349   351   286   278   255   297   347   326   299   273   276   281   248   236   228   196
        174   173   185   187   240   280   294   339   371   383   265   137    35   -87  -151  -137  -132   -80   -80   -95
        -41    35   115   144   147   153   151   148   163   165   155   161   137    80   146  1000  1000  1000  1000  1000
       1000  1000  1000  1000  1000  1000  1000  1000  1000  1000  1000  1000  1000  1000  1000  1000  1000  1000  1000
   3   1000  1000  1000  1000  1000  1000  1000  1000  1000   101    77   245   491   501   352   217   240   313   284   307
        329   303   296   282   278   290   243   255   320   316   297   307   349   377   385   400   366   394   473   498
        535   531   589   695   786   365   118   154   915   923   886   350   202   227   281   435   362   235   274   308
        278   256   260   349   351   286   278   255   297   347   326   299   273   276   281   248   236   228   196   174
        173   185   187   240   280   294   339   371   383   265   137    35   -87  -151  -137  -132   -80   -80   -95   -41
         35   115   144   147   153   151   148   163   165   155   161   137    80   146  1000  1000  1000  1000  1000  1000
       1000  1000  1000  1000  1000  1000  1000  1000  1000  1000  1000  1000  1000  1000  1000  1000  1000  1000
   4   1000  1000  1000  1000  1000  1000  1000  1000   101    77   245   491   501   352   217   240   313   284   307   329
        303   296   282   278   290   243   255   320   316   297   307   349   377   385   400   366   394   473   498   535
        531   589   695   786   365   118   154   915   923   886   350   202   227   281   435   362   235   274   308   278
        256   260   349   351   286   278   255   297   347   326   299   273   276   281   248   236   228   196   174   173
        185   187   240   280   294   339   371   383   265   137    35   -87  -151  -137  -132   -80   -80   -95   -41    35
        115   144   147   153   151   148   163   165   155   161   137    80   146  1000  1000  1000  1000  1000  1000  1000
       1000  1000  1000  1000  1000  1000  1000  1000  1000  1000  1000  1000  1000  1000  1000  1000  1000
   5   1000  1000  1000  1000  1000  1000  1000   101    77   245   491   501   352   217   240   313   284   307   329   303
        296   282   278   290   243   255   320   316   297   307   349   377   385   400   366   394   473   498   535   531
        589   695   786   365   118   154   915   923   886   350   202   227   281   435   362   235   274   308   278   256
        260   349   351   286   278   255   297   347   326   299   273   276   281   248   236   228   196   174   173   185
        187   240   280   294   339   371   383   265   137    35   -87  -151  -137  -132   -80   -80   -95   -41    35   115
        144   147   153   151   148   163   165   155   161   137    80   146  1000  1000  1000  1000  1000  1000  1000  1000
       1000  1000  1000  1000  1000  1000  1000  1000  1000  1000  1000  1000  1000  1000  1000  1000
   6   1000  1000  1000  1000  1000  1000   101    77   245   491   501   352   217   240   313   284   307   329   303   296
        282   278   290   243   255   320   316   297   307   349   377   385   400   366   394   473   498   535   531   589
        695   786   365   118   154   915   923   886   350   202   227   281   435   362   235   274   308   278   256   260
        349   351   286   278   255   297   347   326   299   273   276   281   248   236   228   196   174   173   185   187
        240   280   294   339   371   383   265   137    35   -87  -151  -137  -132   -80   -80   -95   -41    35   115   144
        147   153   151   148   163   165   155   161   137    80   146  1000  1000  1000  1000  1000  1000  1000  1000  1000
       1000  1000  1000  1000  1000  1000  1000  1000  1000  1000  1000  1000  1000  1000  1000
   7   1000  1000  1000  1000  1000   101    77   245   491   501   352   217   240   313   284   307   329   303   296   282
        278   290   243   255   320   316   297   307   349   377   385   400   366   394   473   498   535   531   589   695
        786   365   118   154   915   923   886   350   202   227   281   435   362   235   274   308   278   256   260   349
        351   286   278   255   297   347   326   299   273   276   281   248   236   228   196   174   173   185   187   240
        280   294   339   371   383   265   137    35   -87  -151  -137  -132   -80   -80   -95   -41    35   115   144   147
        153   151   148   163   165   155   161   137    80   146  1000  1000  1000  1000  1000  1000  1000  1000  1000  1000
       1000  1000  1000  1000  1000  1000  1000  1000  1000  1000  1000  1000  1000  1000
   8   1000  1000  1000  1000   101    77   245   491   501   352   217   240   313   284   307   329   303   296   282   278
        290   243   255   320   316   297   307   349   377   385   400   366   394   473   498   535   531   589   695   786
        365   118   154   915   923   886   350   202   227   281   435   362   235   274   308   278   256   260   349   351
        286   278   255   297   347   326   299   273   276   281   248   236   228   196   174   173   185   187   240   280
        294   339   371   383   265   137    35   -87  -151  -137  -132   -80   -80   -95   -41    35   115   144   147   153
        151   148   163   165   155   161   137    80   146  1000  1000  1000  1000  1000  1000  1000  1000  1000  1000  1000
       1000  1000  1000  1000  1000  1000  1000  1000  1000  1000  1000  1000  1000
   9   1000  1000  1000   101    77   245   491   501   352   217   240   313   284   307   329   303   296   282   278   290
        243   255   320   316   297   307   349   377   385   400   366   394   473   498   535   531   589   695   786   365
        118   154   915   923   886   350   202   227   281   435   362   235   274   308   278   256   260   349   351   286
        278   255   297   347   326   299   273   276   281   248   236   228   196   174   173   185   187   240   280   294
        339   371   383   265   137    35   -87  -151  -137  -132   -80   -80   -95   -41    35   115   144   147   153   151
        148   163   165   155   161   137    80   146  1000  1000  1000  1000  1000  1000  1000  1000  1000  1000  1000  1000
       1000  1000  1000  1000  1000  1000  1000  1000  1000  1000  1000  1000
  10   1000  1000   101    77   245   491   501   352   217   240   313   284   307   329   303   296   282   278   290   243
        255   320   316   297   307   349   377   385   400   366   394   473   498   535   531   589   695   786   365   118
        154   915   923   886   350   202   227   281   435   362   235   274   308   278   256   260   349   351   286   278
        255   297   347   326   299   273   276   281   248   236   228   196   174   173   185   187   240   280   294   339
        371   383   265   137    35   -87  -151  -137  -132   -80   -80   -95   -41    35   115   144   147   153   151   148
        163   165   155   161   137    80   146  1000  1000  1000  1000  1000  1000  1000  1000  1000  1000  1000  1000  1000
       1000  1000  1000  1000  1000  1000  1000  1000  1000  1000  1000
  11   1000   101    77   245   491   501   352   217   240   313   284   307   329   303   296   282   278   290   243   255
        320   316   297   307   349   377   385   400   366   394   473   498   535   531   589   695   786   365   118   154
        915   923   886   350   202   227   281   435   362   235   274   308   278   256   260   349   351   286   278   255
        297   347   326   299   273   276   281   248   236   228   196   174   173   185   187   240   280   294   339   371
        383   265   137    35   -87  -151  -137  -132   -80   -80   -95   -41    35   115   144   147   153   151   148   163
        165   155   161   137    80   146  1000  1000  1000  1000  1000  1000  1000  1000  1000  1000  1000  1000  1000  1000
       1000  1000  1000  1000  1000  1000  1000  1000  1000  1000
  12   1000   988   943   825   757   719   645   552   460   380   306   244   191   148   113    87    70    52    43    43
         39    34    33    37    39    39    40    37    40    48    50    54    53    59    70    79    37    12    16    92
         93    89    35    20    23    28    44    36    24    28    31    28    26    26    35    35    29    28    26    30
         35    33    30    28    28    28    25    24    23    20    18    17    19    19    24    28    30    34    37    39
         27    14     4    -8   -14   -13   -12    -7    -7    -9    -3     3    12    15    15    15    15    15    16    17
         16    16    14     8    15   101   101   101   101   101   101   101   101   101   101   101   101   101   101   101
        101   101   101   101   101   101   101   101   101
  13   1000   974   865   811   793   732   639   541   456   373   299   237   184   140   107    82    60    47    42    35
         30    28    29    30    30    31    28    30    36    38    41    41    45    53    61    28     9    12    70    71
         68    27    16    17    22    34    28    18    21    24    21    20    20    27    27    22    21    20    23    27
         25    23    21    21    22    19    18    18    15    13    13    14    14    18    22    23    26    29    30    20
         11     3    -6   -11   -10    -9    -5    -5    -6    -2     3     9    11    11    12    12    11    13    13    12
         12    11     6    11    77    77    77    77    77    77    77    77    77    77    77    77    77    77    77    77
         77    77    77    77    77    77    77    77
  14   1000   955   922   898   830   750   667   577   494   417   343   281   226   184   154   118   102   105    94    83
         82    90    95    96    99    90    97   116   122   131   130   144   170   193    90    29    38   224   226   217
         86    50    56    69   107    89    58    67    76    68    63    64    86    86    70    68    63    73    85    80
         73    67    68    69    61    58    56    48    43    42    45    46    59    69    72    83    91    94    65    34
          9   -21   -36   -33   -32   -19   -19   -22    -9     8    28    35    36    37    37    36    40    40    38    39
         34    20    36   245   245   245   245   245   245   245   245   245   245   245   245   245   245   245   245   245
        245   245   245   245   245   245   245
  15   1000   991   949   868   812   761   675   604   535   454   388   326   278   246   194   178   192   178   161   160
        177   188   191   197   180   194   232   245   262   260   289   341   386   179    58    76   449   453   435   172
         99   111   138   214   177   115   134   151   136   126   128   171   172   140   136   125   146   170   160   147
        134   135   138   122   116   112    96    85    85    91    92   118   137   144   166   182   188   130    67    17
        -42   -73   -67   -64   -39   -39   -46   -19    17    56    71    72    75    74    73    80    81    76    79    67
         39    71   491   491   491   491   491   491   491   491   491   491   491   491   491   491   491   491   491   491
        491   491   491   491   491   491
  16   1000   977   913   872   831   752   682   611   526   452   383   326   285   226   202   211   193   172   169   184
        195   196   202   185   198   237   250   268   266   295   348   394   183    59    77   458   462   443   175   101
        114   141   218   181   117   137   154   139   128   130   175   176   143   139   128   149   174   163   150   137
        138   141   124   118   114    98    87    86    93    94   120   140   147   170   186   192   133    69    18   -43
        -75   -68   -65   -40   -40   -47   -20    17    58    72    74    77    76    74    82    82    78    81    69    40
         73   501   501   501   501   501   501   501   501   501   501   501   501   501   501   501   501   501   501   501
        501   501   501   501   501
  17   1000   979   949   906   837   762   683   594   510   430   359   303   239   202   192   166   142   133   139   143
        142   145   131   140   167   176   188   187   207   245   277   129    42    54   322   325   312   123    71    80
         99   153   127    83    96   109    98    90    92   123   124   101    98    90   105   122   115   105    96    97
         99    87    83    80    69    61    61    65    66    84    99   104   119   131   135    93    48    12   -30   -52
        -48   -46   -28   -28   -33   -14    12    41    51    52    54    53    52    57    58    55    57    48    28    51
        352   352   352   352   352   352   352   352   352   352   352   352   352   352   352   352   352   352   352   352
        352   352   352   352
  18   1000   988   950   899   829   748   662   573   486   405   335   265   215   184   151   122   106   102    98    94
         93    83    88   104   109   116   115   128   151   171    79    26    33   199   200   192    76    44    49    61
         95    79    51    59    67    60    56    57    76    76    62    60    55    65    75    71    65    59    60    61
         54    51    49    43    38    37    40    41    52    61    64    74    81    83    58    30     8   -18   -32   -29
        -28   -17   -17   -20    -8     8    25    31    32    33    33    32    35    36    34    35    30    17    32   217
        217   217   217   217   217   217   217   217   217   217   217   217   217   217   217   217   217   217   217   217
        217   217   217
  19   1000   986   954   900   831   752   666   576   490   411   332   272   232   190   154   131   122   116   109   106
         95    99   116   121   129   128   142   167   189    88    28    37   220   222   213    84    49    55    67   105
         87    56    66    74    67    62    63    84    84    69    67    61    71    83    78    72    66    66    68    60
         57    55    47    42    41    45    45    58    67    71    82    89    92    64    33     8   -20   -35   -32   -31
        -18   -19   -22    -9     8    28    35    35    37    36    36    39    40    37    39    33    19    35   240   240
        240   240   240   240   240   240   240   240   240   240   240   240   240   240   240   240   240   240   240   240
        240   240
  20   1000   988   956   906   838   759   672   585   503   415   347   302   251   205   176   165   155   145   141   125
        130   152   158   168   167   185   218   246   114    37    48   286   289   277   110    63    71    88   136   113
         73    86    96    87    80    81   109   110    89    87    80    93   109   102    94    86    86    88    78    74
         71    61    54    54    58    59    75    88    92   106   116   120    83    43    11   -27   -46   -42   -40   -24
        -24   -29   -12    11    36    45    46    48    47    46    51    52    49    50    43    25    46   313   313   313
        313   313   313   313   313   313   313   313   313   313   313   313   313   313   313   313   313   313   313   313
        313
  21   1000   989   955   904   836   756   670   583   491   414   355   294   239   200   179   162   147   138   120   122
        140   145   154   152   168   198   224   104    34    44   260   262   252    99    57    64    80   124   103    67
         78    88    79    73    74    99   100    81    79    72    84    99    93    85    78    78    80    71    67    65
         56    49    49    53    53    68    80    84    96   106   109    75    39    10   -24   -42   -38   -37   -22   -22
        -26   -11    10    33    41    42    43    43    42    46    47    44    46    39    23    41   284   284   284   284
        284   284   284   284   284   284   284   284   284   284   284   284   284   284   284   284   284   284   284   284
  22   1000   989   956   904   836   757   673   579   496   430   360   295   247   218   194   173   160   138   137   155
        159   168   165   182   214   242   112    37    47   281   283   272   108    62    70    86   134   111    72    84
         95    85    79    80   107   108    88    85    78    91   107   100    92    84    85    86    76    73    70    60
         53    53    57    58    74    86    90   104   114   118    81    42    11   -26   -46   -41   -40   -24   -24   -28
        -12    11    35    44    45    47    46    46    50    51    48    49    42    25    45   307   307   307   307   307
        307   307   307   307   307   307   307   307   307   307   307   307   307   307   307   307   307   307   307
  23   1000   989   956   903   836   759   667   583   511   434   360   303   264   233   204   185   158   154   171   173
        182   178   196   230   259   121    39    51   301   304   291   115    67    75    92   143   119    77    90   101
         91    84    86   115   116    94    91    84    98   114   107    98    90    91    92    82    78    75    64    57
         57    61    62    79    92    97   112   122   126    87    45    12   -28   -49   -44   -43   -26   -26   -31   -13
         11    38    47    48    50    50    49    54    54    51    53    45    26    48   329   329   329   329   329   329
        329   329   329   329   329   329   329   329   329   329   329   329   329   329   329   329   329   329
  24   1000   989   956   903   836   753   668   590   506   425   357   306   263   226   199   166   157   167   166   171
        167   182   212   239   111    36    47   277   280   268   106    61    69    85   132   110    71    83    93    84
         78    79   106   106    87    84    77    90   105    99    91    83    84    85    75    72    69    59    53    52
         56    57    73    85    89   103   112   116    80    42    11   -26   -45   -41   -39   -24   -24   -28   -12    10
         35    44    45    46    46    45    49    50    47    49    41    24    44   303   303   303   303   303   303   303
        303   303   303   303   303   303   303   303   303   303   303   303   303   303   303   303   303
  25   1000   989   956   904   832   754   675   588   502   425   364   310   263   227   188   171   176   171   173   167
        180   209   234   109    36    46   271   273   262   104    60    67    83   129   107    69    81    91    82    76
         77   103   104    85    82    76    88   103    97    89    81    82    83    74    70    68    58    51    51    55
         55    71    83    87   100   110   114    79    41    10   -25   -44   -40   -38   -23   -23   -27   -11    10    34
         43    44    45    45    44    48    49    46    48    41    24    43   296   296   296   296   296   296   296   296
        296   296   296   296   296   296   296   296   296   296   296   296   296   296   296   296
  26   1000   989   956   901   833   758   673   584   501   429   365   307   261   214   190   186   176   174   164   175
        201   224   105    35    44   258   260   250    99    57    64    79   123   102    66    77    87    78    72    73
         98    99    81    78    72    84    98    92    84    77    78    79    70    67    64    55    49    49    52    53
         68    79    83    96   105   108    75    39    10   -24   -42   -38   -36   -22   -22   -26   -11    10    32    41
         41    43    43    42    46    46    44    45    39    23    41   282   282   282   282   282   282   282   282   282
        282   282   282   282   282   282   282   282   282   282   282   282   282   282   282
  27   1000   989   954   902   836   757   671   585   505   432   365   309   253   219   207   190   183   170   178   201
        223   105    35    44   255   257   246    97    56    63    78   121   100    65    76    86    77    71    72    97
         98    79    77    71    83    96    91    83    76    77    78    69    66    63    54    48    48    51    52    67
         78    82    94   103   107    74    38    10   -24   -41   -37   -36   -22   -22   -26   -11    10    32    40    41
         42    42    41    45    46    43    45    38    22    40   278   278   278   278   278   278   278   278   278   278
        278   278   278   278   278   278   278   278   278   278   278   278   278   278
  28   1000   987   955   904   837   757   673   591   511   437   371   306   263   242   218   205   188   192   214   235
        112    38    47   266   268   257   102    59    66    81   126   105    68    79    89    81    74    75   101   102
         83    81    74    86   100    94    87    79    80    81    72    68    66    57    50    50    54    54    69    81
         85    98   108   111    77    40    10   -25   -43   -39   -37   -22   -23   -27   -11    10    33    42    43    44
         44    43    47    48    45    47    40    23    42   290   290   290   290   290   290   290   290   290   290   290
        290   290   290   290   290   290   290   290   290   290   290   290   290
  29   1000   988   952   900   832   753   668   582   500   424   352   296   259   225   203   180   176   188   202    99
         36    42   223   225   215    85    49    55    68   106    88    57    66    75    68    62    63    85    85    69
         68    62    72    84    79    73    66    67    68    60    57    55    48    42    42    45    45    58    68    71
         82    90    93    64    33     8   -20   -36   -32   -31   -19   -19   -22    -9     8    28    35    36    37    37
         36    40    40    38    39    33    19    35   243   243   243   243   243   243   243   243   243   243   243   243
        243   243   243   243   243   243   243   243   243   243   243   243
  30   1000   986   954   902   834   755   670   586   504   424   359   312   269   238   208   199   207   218   110    41
         46   235   237   227    90    52    58    72   111    92    60    70    79    71    65    66    89    90    73    71
         65    76    89    83    76    70    70    72    63    60    58    50    44    44    47    48    61    71    75    87
         95    98    68    35     9   -22   -38   -34   -33   -20   -20   -23   -10     9    29    37    38    39    39    38
         42    42    40    41    35    20    37   255   255   255   255   255   255   255   255   255   255   255   255   255
        255   255   255   255   255   255   255   255   255   255   255
  31   1000   989   956   905   840   765   684   602   517   447   394   344   307   270   257   265   277   142    55    60
        296   297   285   113    66    73    90   140   116    75    88    99    89    82    83   112   113    92    89    82
         95   111   104    96    88    88    90    80    76    73    63    56    55    59    60    77    90    94   109   119
        123    85    44    11   -27   -48   -43   -41   -25   -25   -30   -12    11    37    46    47    49    48    47    52
         53    50    52    44    26    47   320   320   320   320   320   320   320   320   320   320   320   320   320   320
        320   320   320   320   320   320   320   320   320   320
  32   1000   989   956   906   840   765   684   598   520   457   397   349   303   281   280   285   153    64    66   293
        294   281   113    65    72    89   138   114    74    86    97    88    81    82   110   111    90    88    80    94
        110   103    94    86    87    89    78    75    72    62    55    54    58    59    76    88    93   107   117   121
         84    43    11   -27   -47   -43   -41   -25   -25   -29   -12    11    36    46    46    48    48    47    51    52
         49    51    43    25    46   316   316   316   316   316   316   316   316   316   316   316   316   316   316   316
        316   316   316   316   316   316   316   316   316
  33   1000   989   955   903   838   761   678   596   522   452   393   339   305   291   286   164    75    72   278   278
        266   108    62    69    84   130   107    70    81    91    82    76    77   104   104    85    82    76    88   103
         97    89    81    82    83    74    70    68    58    52    51    55    56    71    83    87   101   110   114    79
         41    10   -25   -44   -40   -38   -23   -23   -27   -11    10    34    43    44    45    45    44    48    49    46
         48    41    24    43   297   297   297   297   297   297   297   297   297   297   297   297   297   297   297   297
        297   297   297   297   297   297   297   297
  34   1000   988   955   904   839   763   682   603   527   460   398   353   329   314   191    95    87   292   290   277
        114    66    72    87   134   111    72    84    95    85    79    80   107   108    88    85    78    91   106   100
         92    84    85    86    76    72    70    60    53    53    57    57    74    86    90   104   114   118    81    42
         11   -26   -46   -41   -40   -24   -24   -28   -12    11    35    44    45    47    46    45    50    51    48    49
         42    25    45   307   307   307   307   307   307   307   307   307   307   307   307   307   307   307   307   307
        307   307   307   307   307   307   307
  35   1000   989   958   908   844   770   694   618   546   477   426   394   372   236   124   111   335   332   317   132
         77    83   100   153   127    82    96   108    97    89    91   122   123   100    97    89   104   121   114   104
         95    96    98    87    82    80    68    61    60    65    65    84    98   103   118   130   134    92    48    12
        -30   -52   -47   -45   -27   -27   -32   -14    12    40    50    51    53    53    52    57    57    54    56    48
         28    51   349   349   349   349   349   349   349   349   349   349   349   349   349   349   349   349   349   349
        349   349   349   349   349   349
  36   1000   989   959   909   847   778   703   629   556   497   456   425   283   159   140   368   363   346   148    87
         92   110   166   138    89   104   116   105    97    98   132   132   108   105    96   112   131   123   113   103
        104   106    94    89    86    74    65    65    70    71    90   106   111   128   140   144   100    52    13   -32
        -56   -51   -49   -30   -30   -35   -15    13    43    54    55    58    57    56    61    62    59    61    52    30
         55   377   377   377   377   377   377   377   377   377   377   377   377   377   377   377   377   377   377   377
        377   377   377   377   377
  37   1000   989   958   911   850   780   706   632   565   512   469   334   201   173   386   378   359   159    94    98
        114   171   141    92   106   119   107    99   100   135   135   110   107    98   114   134   126   115   105   106
        108    96    91    88    75    67    66    71    72    92   108   113   131   143   148   102    53    13   -33   -57
        -52   -50   -30   -30   -36   -15    13    44    56    57    59    58    57    63    63    60    62    53    31    56
        385   385   385   385   385   385   385   385   385   385   385   385   385   385   385   385   385   385   385   385
        385   385   385   385
  38   1000   989   959   912   851   783   710   640   577   523   394   252   215   412   400   380   176   106   107   122
        180   148    96   111   124   112   103   104   140   140   114   111   102   119   139   130   120   109   110   112
         99    94    91    78    69    69    74    75    96   112   117   136   148   153   106    55    14   -34   -60   -54
        -52   -31   -32   -37   -16    14    46    58    59    61    60    59    65    66    62    64    55    32    58   400
        400   400   400   400   400   400   400   400   400   400   400   400   400   400   400   400   400   400   400   400
        400   400   400
  39   1000   989   954   904   841   774   698   620   549   452   312   263   399   383   363   182   113   109   119   169
        139    90   102   114   103    94    96   128   129   105   102    93   109   127   119   110   100   101   103    91
         86    83    72    64    63    68    69    88   103   108   124   136   140    97    50    13   -31   -55   -49   -48
        -29   -29   -34   -14    13    42    53    54    56    55    54    60    60    57    59    50    29    53   366   366
        366   366   366   366   366   366   366   366   366   366   366   366   366   366   366   366   366   366   366   366
        366   366
  40   1000   986   955   906   849   778   698   620   532   382   325   444   424   402   215   136   127   136   187   152
         99   112   124   111   102   103   138   139   113   110   100   117   137   129   118   108   109   111    98    93
         90    77    68    68    73    74    94   110   116   134   146   151   104    54    14   -34   -59   -53   -51   -31
        -31   -37   -15    14    45    57    58    60    60    58    64    65    61    63    54    32    57   394   394   394
        394   394   394   394   394   394   394   394   394   394   394   394   394   394   394   394   394   394   394   394
        394
  41   1000   990   962   919   863   794   721   621   453   393   536   513   488   268   172   161   169   228   186   121
        135   149   134   122   124   166   166   135   131   121   140   164   154   142   129   130   133   117   112   108
         93    82    82    88    89   113   132   139   160   176   181   125    65    17   -41   -71   -64   -62   -37   -37
        -44   -19    16    54    68    69    72    71    70    77    78    73    76    65    38    69   473   473   473   473
        473   473   473   473   473   473   473   473   473   473   473   473   473   473   473   473   473   473   473   473
  42   1000   990   964   920   858   785   699   529   466   585   557   532   312   206   188   192   250   203   132   146
        160   142   130   131   175   175   143   139   127   148   173   162   149   136   137   140   124   118   114    98
         87    86    92    93   119   139   146   169   185   191   132    68    17   -43   -75   -68   -65   -39   -40   -47
        -20    17    57    72    73    76    75    74    81    82    77    80    68    40    73   498   498   498   498   498
        498   498   498   498   498   498   498   498   498   498   498   498   498   498   498   498   498   498   498
  43   1000   991   965   915   849   773   601   538   644   613   588   365   248   223   222   280   227   149   161   174
        154   140   141   188   188   153   149   136   159   185   174   160   146   147   150   133   126   122   105    93
         92    99   100   128   150   157   181   198   205   142    73    19   -46   -80   -73   -70   -42   -43   -50   -21
         19    62    77    79    82    81    79    87    88    83    86    73    43    78   535   535   535   535   535   535
        535   535   535   535   535   535   535   535   535   535   535   535   535   535   535   535   535   535
  44   1000   989   949   886   841   681   619   672   638   615   417   294   260   250   299   241   159   168   178   157
        142   142   187   187   152   148   135   158   184   173   159   145   146   149   132   125   121   104    92    92
         98    99   127   149   156   180   197   203   141    73    19   -46   -80   -72   -69   -42   -42   -50   -21    18
         61    77    78    81    80    79    86    87    82    85    73    42    77   531   531   531   531   531   531   531
        531   531   531   531   531   531   531   531   531   531   531   531   531   531   531   531   531
  45   1000   983   938   888   728   677   748   714   692   485   349   310   296   347   280   187   194   203   178   160
        159   209   209   169   164   150   175   204   192   176   161   162   165   146   139   134   115   102   102   109
        110   141   165   173   200   219   226   156    81    21   -51   -88   -80   -77   -47   -47   -55   -23    20    68
         85    87    90    89    87    96    97    92    95    81    47    86   589   589   589   589   589   589   589   589
        589   589   589   589   589   589   589   589   589   589   589   589   589   589   589   589
  46   1000   985   891   721   690   849   819   798   549   400   361   350   412   334   225   233   243   213   191   189
        248   247   200   194   178   207   241   227   208   190   192   195   172   164   158   136   121   120   129   130
        166   195   204   236   258   266   184    95    24   -60  -104   -95   -91   -55   -56   -66   -28    24    80   100
        102   106   105   103   113   114   108   112    95    56   101   695   695   695   695   695   695   695   695   695
        695   695   695   695   695   695   695   695   695   695   695   695   695   695   695
  47   1000   855   677   667   924   900   880   591   434   400   393   467   382   259   268   279   244   218   216   281
        280   227   220   201   234   273   256   235   215   217   221   195   186   179   154   137   136   146   147   188
        220   231   267   292   301   208   108    27   -68  -118  -107  -103   -63   -63   -74   -32    27    91   113   116
        120   119   117   128   130   122   127   108    63   115   786   786   786   786   786   786   786   786   786   786
        786   786   786   786   786   786   786   786   786   786   786   786   786   786
  48   1000   956   932   671   631   641   687   572   494   431   403   327   239   211   191   157   132   120   144   138
        111   105    95   110   127   119   109   100   101   103    91    86    83    71    63    63    68    68    87   102
        107   124   136   140    97    50    13   -31   -54   -49   -47   -29   -29   -34   -14    13    42    53    54    56
         55    54    59    60    57    59    50    29    53   365   365   365   365   365   365   365   365   365   365   365
        365   365   365   365   365   365   365   365   365   365   365   365   365
  49   1000   987   490   452   484   725   647   555   466   380   312   245   194   154   118    90    72    68    59    45
         40    34    38    42    39    36    33    33    33    29    28    27    23    21    20    22    22    28    33    35
         40    44    45    31    16     4    -9   -17   -15   -15    -9    -9   -10    -4     4    14    17    17    18    18
         18    19    20    18    19    16     9    17   118   118   118   118   118   118   118   118   118   118   118   118
        118   118   118   118   118   118   118   118   118   118   118   118
  50   1000   535   505   547   814   742   652   561   471   395   316   256   206   161   124    99    93    80    61    54
         46    50    56    52    47    43    43    43    38    36    35    30    27    27    29    29    37    43    45    52
         57    59    41    21     5   -13   -22   -20   -19   -11   -12   -14    -5     5    18    22    23    24    23    23
         25    25    24    25    21    12    22   154   154   154   154   154   154   154   154   154   154   154   154   154
        154   154   154   154   154   154   154   154   154   154   154
  51   1000   998   989   659   510   496   505   597   502   359   363   368   320   283   273   343   337   272   261   238
        274   319   299   274   250   253   257   227   216   208   179   159   158   169   171   219   256   269   310   340
        351   242   125    32   -80  -138  -125  -120   -73   -73   -87   -37    32   105   132   134   140   138   136   149
        151   142   147   125    73   133   915   915   915   915   915   915   915   915   915   915   915   915   915   915
        915   915   915   915   915   915   915   915   915   915
  52   1000   994   667   525   518   531   624   530   386   389   391   340   299   286   354   346   279   267   242   278
        323   302   277   253   255   259   229   218   210   181   160   159   171   173   221   258   271   313   343   354
        245   127    32   -80  -139  -126  -121   -74   -74   -87   -37    32   106   133   136   141   140   137   150   152
        143   149   126    74   134   923   923   923   923   923   923   923   923   923   923   923   923   923   923   923
        923   923   923   923   923   923   923   923   923
  53   1000   740   612   606   615   693   598   454   445   436   376   328   306   363   350   281   265   238   271   312
        292   267   243   245   249   220   209   202   173   154   153   164   166   212   248   260   300   329   339   235
        121    31   -77  -133  -121  -116   -71   -71   -84   -36    31   102   128   130   135   134   131   144   146   138
        143   121    71   129   886   886   886   886   886   886   886   886   886   886   886   886   886   886   886   886
        886   886   886   886   886   886   886   886
  54   1000   977   948   903   845   768   666   588   512   428   353   294   271   232   180   153   128   129   138   124
        111   100    99   100    88    83    80    69    61    60    65    66    84    98   103   119   130   134    93    48
         12   -30   -52   -47   -45   -27   -27   -33   -14    12    40    50    51    53    53    52    57    58    54    56
         48    28    51   350   350   350   350   350   350   350   350   350   350   350   350   350   350   350   350   350
        350   350   350   350   350   350   350
  55   1000   988   951   877   823   747   659   571   483   400   328   277   226   174   140   110   100    96    83    71
         62    60    59    52    49    47    40    35    35    37    38    48    57    59    69    75    78    54    28     7
        -17   -30   -27   -26   -15   -15   -18    -7     7    23    29    30    31    31    30    33    33    31    33    28
         16    29   202   202   202   202   202   202   202   202   202   202   202   202   202   202   202   202   202   202
        202   202   202   202   202   202
  56   1000   987   933   895   830   750   664   574   485   405   345   284   223   179   142   125   117   100    85    73
         69    68    59    55    52    45    40    39    42    42    54    63    67    77    84    87    60    31     8   -19
        -33   -30   -29   -17   -17   -21    -8     8    26    33    33    35    34    34    37    37    35    37    31    18
         33   227   227   227   227   227   227   227   227   227   227   227   227   227   227   227   227   227   227   227
        227   227   227   227   227
  57   1000   976   953   901   834   757   669   579   494   429   360   287   234   187   165   153   130   110    94    88
         86    74    69    65    56    49    49    52    52    67    79    82    95   104   108    74    38    10   -24   -42
        -38   -36   -22   -22   -26   -11    10    32    40    41    43    42    42    46    46    44    45    38    22    41
        281   281   281   281   281   281   281   281   281   281   281   281   281   281   281   281   281   281   281   281
        281   281   281   281
  58   1000   986   935   894   837   756   670   588   535   463   375   315   258   236   226   195   167   144   136   132
        114   107   101    87    76    75    81    82   104   122   128   147   162   167   115    60    15   -37   -65   -59
        -57   -34   -34   -41   -17    15    50    63    64    67    66    64    71    72    68    70    60    35    63   435
        435   435   435   435   435   435   435   435   435   435   435   435   435   435   435   435   435   435   435   435
        435   435   435
  59   1000   980   952   905   836   755   671   603   523   432   361   295   258   234   196   164   137   125   118   100
         92    86    73    64    63    67    68    87   101   106   122   134   138    96    50    13   -31   -54   -49   -47
        -28   -28   -34   -14    13    42    52    53    55    55    54    59    60    56    58    49    29    53   362   362
        362   362   362   362   362   362   362   362   362   362   362   362   362   362   362   362   362   362   362   362
        362   362
  60   1000   988   952   901   831   750   666   579   490   409   333   278   236   191   153   123   105    92    76    67
         60    50    43    42    44    44    56    66    69    79    87    90    62    32     8   -20   -35   -31   -30   -18
        -18   -21    -9     8    27    34    34    36    35    35    38    39    36    38    32    19    34   235   235   235
        235   235   235   235   235   235   235   235   235   235   235   235   235   235   235   235   235   235   235   235
        235
  61   1000   988   955   902   833   758   674   582   495   412   349   298   243   196   158   133   116    95    82    73
         60    52    50    52    52    66    76    80    92   101   104    72    37     9   -23   -40   -37   -35   -21   -21
        -25   -10    10    32    39    40    42    41    40    44    45    42    44    37    22    40   274   274   274   274
        274   274   274   274   274   274   274   274   274   274   274   274   274   274   274   274   274   274   274   274
  62   1000   988   954   902   839   762   673   585   496   426   367   303   246   198   167   144   116    99    88    72
         60    57    59    59    74    86    90   104   114   118    81    42    11   -26   -46   -41   -40   -24   -24   -28
        -12    11    36    44    45    47    47    46    50    51    48    50    42    25    45   308   308   308   308   308
        308   308   308   308   308   308   308   308   308   308   308   308   308   308   308   308   308   308   308
  63   1000   988   955   903   836   756   669   578   499   428   355   290   233   192   161   128   106    90    72    60
         55    55    54    67    78    81    94   102   106    73    38     9   -24   -41   -37   -36   -21   -21   -25   -10
         10    32    40    41    42    42    41    45    46    43    45    38    22    40   278   278   278   278   278   278
        278   278   278   278   278   278   278   278   278   278   278   278   278   278   278   278   278   278
  64   1000   989   952   900   834   753   665   580   501   420   346   280   229   188   148   120    99    78    63    56
         54    52    63    72    75    86    94    97    67    34     8   -22   -38   -34   -33   -19   -19   -23    -9     9
         30    37    38    39    39    38    42    42    40    41    35    20    37   256   256   256   256   256   256   256
        256   256   256   256   256   256   256   256   256   256   256   256   256   256   256   256   256
  65   1000   985   952   902   834   752   669   585   500   418   343   282   231   182   147   119    93    73    63    59
         55    66    74    76    87    95    98    67    34     8   -22   -38   -35   -33   -19   -20   -23    -9     9    30
         38    38    40    39    38    42    43    40    42    35    21    38   260   260   260   260   260   260   260   260
        260   260   260   260   260   260   260   260   260   260   260   260   260   260   260   260
  66   1000   989   955   903   833   761   685   598   511   428   360   302   242   198   163   128   101    87    82    76
         89   100   103   117   128   131    90    46    11   -31   -52   -47   -45   -26   -27   -32   -13    13    41    50
         51    53    53    51    57    57    54    56    48    28    51   349   349   349   349   349   349   349   349   349
        349   349   349   349   349   349   349   349   349   349   349   349   349   349   349
  67   1000   987   954   900   838   767   683   594   506   430   362   294   240   196   153   121   102    92    83    94
        103   104   118   128   131    89    45    10   -31   -53   -47   -45   -26   -26   -31   -13    13    41    51    52
         54    53    52    57    57    54    56    48    28    51   351   351   351   351   351   351   351   351   351   351
        351   351   351   351   351   351   351   351   351   351   351   351   351   351
  68   1000   989   955   904   837   759   673   583   499   421   345   280   227   177   137   111    95    81    85    88
         87    96   103   105    70    34     6   -26   -43   -38   -36   -21   -20   -25    -9    11    34    42    42    44
         43    42    46    47    44    46    39    22    41   286   286   286   286   286   286   286   286   286   286   286
        286   286   286   286   286   286   286   286   286   286   286   286   286
  69   1000   988   956   903   837   757   670   583   500   415   342   279   219   171   137   113    94    93    92    88
         94    99   100    66    31     4   -27   -43   -37   -35   -19   -19   -23    -8    12    33    41    41    43    42
         41    45    45    43    44    37    22    40   278   278   278   278   278   278   278   278   278   278   278   278
        278   278   278   278   278   278   278   278   278   278   278   278
  70   1000   988   952   902   834   754   669   582   493   412   339   270   212   169   137   110   101    95    87    89
         90    89    57    24     1   -27   -40   -34   -31   -17   -16   -20    -6    12    32    38    38    39    39    37
         41    41    39    40    34    20    37   255   255   255   255   255   255   255   255   255   255   255   255   255
        255   255   255   255   255   255   255   255   255   255   255
  71   1000   988   956   905   836   758   674   584   497   417   339   272   219   178   144   130   120   107   107   107
        104    64    26    -1   -34   -48   -41   -37   -20   -19   -22    -6    15    38    45    45    46    45    44    48
         48    45    47    40    23    43   297   297   297   297   297   297   297   297   297   297   297   297   297   297
        297   297   297   297   297   297   297   297   297   297
  72   1000   989   956   903   837   762   673   586   502   416   340   278   229   186   167   152   133   130   127   121
         74    27    -4   -42   -59   -49   -44   -23   -21   -25    -6    18    45    54    54    55    54    52    56    57
         53    55    47    27    50   347   347   347   347   347   347   347   347   347   347   347   347   347   347   347
        347   347   347   347   347   347   347   347   347
  73   1000   989   955   904   839   758   672   586   495   412   340   281   228   197   172   145   133   123   112    63
         17   -13   -47   -60   -49   -42   -21   -18   -21    -3    21    46    54    53    53    52    50    54    54    50
         52    44    25    47   326   326   326   326   326   326   326   326   326   326   326   326   326   326   326   326
        326   326   326   326   326   326   326   326
  74   1000   989   956   905   837   758   673   581   492   412   343   279   236   199   162   140   120   101    49     4
        -24   -53   -63   -49   -40   -18   -14   -15     1    24    47    53    52    52    49    47    50    50    47    48
         41    23    43   299   299   299   299   299   299   299   299   299   299   299   299   299   299   299   299   299
        299   299   299   299   299   299   299
  75   1000   989   957   904   837   758   670   579   494   415   341   286   236   187   152   122    93    36   -10   -38
        -63   -68   -52   -40   -17   -10    -9     7    28    49    54    52    51    48    46    48    47    44    45    38
         22    39   273   273   273   273   273   273   273   273   273   273   273   273   273   273   273   273   273   273
        273   273   273   273   273   273
  76   1000   989   956   904   837   756   669   581   498   416   350   289   228   182   139    99    32   -23   -53   -78
        -80   -61   -45   -18    -8    -5    13    35    56    61    58    56    53    49    51    50    46    46    39    23
         40   276   276   276   276   276   276   276   276   276   276   276   276   276   276   276   276   276   276   276
        276   276   276   276   276
  77   1000   988   956   905   835   755   670   585   499   424   352   280   220   163   109    29   -36   -72   -97   -97
        -73   -53   -21    -7    -1    20    44    65    70    67    64    59    55    56    54    49    49    41    24    42
        281   281   281   281   281   281   281   281   281   281   281   281   281   281   281   281   281   281   281   281
        281   281   281   281
  78   1000   989   957   904   836   757   673   584   501   418   333   257   183   111    19   -55   -95  -118  -113   -85
        -59   -24    -4     6    30    53    73    76    72    68    62    56    56    53    47    47    39    23    39   248
        248   248   248   248   248   248   248   248   248   248   248   248   248   248   248   248   248   248   248   248
        248   248   248
  79   1000   989   956   904   837   759   672   586   495   400   309   218   128    19   -70  -119  -143  -136  -104   -72
        -31    -5    12    39    64    84    88    83    77    70    63    61    57    50    49    40    25    39   236   236
        236   236   236   236   236   236   236   236   236   236   236   236   236   236   236   236   236   236   236   236
        236   236
  80   1000   989   955   904   838   758   672   578   476   372   265   155    26   -81  -144  -173  -164  -128   -90   -42
         -8    15    48    77    98   102    96    90    81    72    68    63    55    52    44    28    40   228   228   228
        228   228   228   228   228   228   228   228   228   228   228   228   228   228   228   228   228   228   228   228
        228
  81   1000   989   956   905   836   754   659   553   437   314   184    36   -92  -169  -203  -194  -155  -110   -55   -13
         20    58    89   111   115   109   101    91    81    75    67    59    54    45    30    40   196   196   196   196
        196   196   196   196   196   196   196   196   196   196   196   196   196   196   196   196   196   196   196   196
  82   1000   989   956   903   831   741   635   512   376   227    58   -92  -189  -233  -227  -187  -137   -75   -23    19
         65   102   126   132   126   117   105    93    85    75    65    59    49    34    41   174   174   174   174   174
        174   174   174   174   174   174   174   174   174   174   174   174   174   174   174   174   174   174   174
  83   1000   989   955   898   819   720   597   453   288    99   -79  -201  -262  -264  -225  -172  -103   -41    12    68
        113   143   152   147   138   125   111   101    89    77    69    57    41    47   173   173   173   173   173   173
        173   173   173   173   173   173   173   173   173   173   173   173   173   173   173   173   173   173
  84   1000   988   952   890   804   687   541   366   158   -49  -201  -285  -301  -267  -212  -137   -66    -2    65   121
        159   173   170   162   148   133   120   107    93    83    69    50    55   185   185   185   185   185   185   185
        185   185   185   185   185   185   185   185   185   185   185   185   185   185   185   185   185
  85   1000   986   945   877   772   631   452   229    -4  -186  -297  -331  -307  -254  -176   -98   -23    55   122   170
        190   191   184   170   154   140   125   108    96    80    60    63   187   187   187   187   187   187   187   187
        187   187   187   187   187   187   187   187   187   187   187   187   187   187   187   187
  86   1000   986   942   859   734   561   329    69  -148  -294  -354  -345  -301  -222  -140   -58    33   116   177   207
        214   210   197   181   167   150   132   118    99    74    79   240   240   240   240   240   240   240   240   240
        240   240   240   240   240   240   240   240   240   240   240   240   240   240   240
  87   1000   984   930   829   672   441   164   -84  -267  -358  -370  -340  -268  -187  -101     1    97   173   213   227
        229   219   204   190   173   153   138   117    88    94   280   280   280   280   280   280   280   280   280   280
        280   280   280   280   280   280   280   280   280   280   280   280   280   280
  88   1000   980   910   779   565   283    11  -207  -333  -374  -367  -309  -237  -152   -43    62   151   203   226   235
        230   217   206   189   168   153   130    99   104   294   294   294   294   294   294   294   294   294   294   294
        294   294   294   294   294   294   294   294   294   294   294   294   294
  89   1000   974   885   703   432   145  -106  -270  -345  -370  -337  -284  -211  -104     9   111   174   208   226   229
        222   215   201   181   167   143   109   117   339   339   339   339   339   339   339   339   339   339   339   339
        339   339   339   339   339   339   339   339   339   339   339   339
  90   1000   966   837   601   319    45  -154  -268  -333  -336  -316  -268  -174   -63    43   116   161   191   203   205
        205   196   181   169   146   112   123   371   371   371   371   371   371   371   371   371   371   371   371   371
        371   371   371   371   371   371   371   371   371   371   371
  91   1000   946   775   527   251    26  -125  -235  -286  -313  -308  -245  -153   -52    23    76   117   142   155   166
        166   158   152   134   102   117   383   383   383   383   383   383   383   383   383   383   383   383   383   383
        383   383   383   383   383   383   383   383   383   383
  92   1000   936   762   523   294   109   -49  -163  -253  -306  -302  -257  -187  -122   -66   -16    22    49    73    85
         89    92    85    67    79   265   265   265   265   265   265   265   265   265   265   265   265   265   265   265
        265   265   265   265   265   265   265   265   265
  93   1000   940   781   586   397   210    43  -109  -230  -302  -327  -311  -276  -232  -182  -136   -96   -60   -33   -13
          1     9     8    21   137   137   137   137   137   137   137   137   137   137   137   137   137   137   137   137
        137   137   137   137   137   137   137   137
  94   1000   946   819   663   481   290    96   -82  -228  -329  -378  -389  -371  -336  -292  -247  -202  -163  -130  -102
        -79   -63   -45    35    35    35    35    35    35    35    35    35    35    35    35    35    35    35    35    35
         35    35    35    35    35    35    35
  95   1000   960   859   712   528   323   111   -90  -260  -378  -441  -461  -450  -420  -379  -335  -290  -247  -208  -173
       -138  -118   -87   -87   -87   -87   -87   -87   -87   -87   -87   -87   -87   -87   -87   -87   -87   -87   -87   -87
        -87   -87   -87   -87   -87   -87
  96   1000   966   872   722   532   315    82  -134  -308  -421  -483  -504  -496  -468  -430  -386  -340  -295  -251  -205
       -179  -151  -151  -151  -151  -151  -151  -151  -151  -151  -151  -151  -151  -151  -151  -151  -151  -151  -151  -151
       -151  -151  -151  -151  -151
  97   1000   968   870   715   513   274    32  -180  -338  -441  -499  -519  -512  -487  -450  -405  -359  -311  -260  -227
       -137  -137  -137  -137  -137  -137  -137  -137  -137  -137  -137  -137  -137  -137  -137  -137  -137  -137  -137  -137
       -137  -137  -137  -137
  98   1000   965   863   697   476   228    -9  -202  -346  -441  -495  -514  -510  -486  -450  -407  -360  -307  -269  -132
       -132  -132  -132  -132  -132  -132  -132  -132  -132  -132  -132  -132  -132  -132  -132  -132  -132  -132  -132  -132
       -132  -132  -132
  99   1000   964   853   673   445   203   -13  -190  -323  -412  -463  -484  -481  -460  -427  -386  -339  -296   -80   -80
        -80   -80   -80   -80   -80   -80   -80   -80   -80   -80   -80   -80   -80   -80   -80   -80   -80   -80   -80   -80
        -80   -80
 100   1000   960   842   654   427   205     8  -154  -277  -362  -414  -437  -437  -420  -391  -352  -314   -80   -80   -80
        -80   -80   -80   -80   -80   -80   -80   -80   -80   -80   -80   -80   -80   -80   -80   -80   -80   -80   -80   -80
        -80
 101   1000   957   831   643   437   237    57   -91  -206  -290  -343  -369  -375  -363  -337  -310   -95   -95   -95   -95
        -95   -95   -95   -95   -95   -95   -95   -95   -95   -95   -95   -95   -95   -95   -95   -95   -95   -95   -95   -95
 102   1000   956   833   668   486   305   142     4  -106  -188  -243  -276  -288  -283  -269   -41   -41   -41   -41   -41
        -41   -41   -41   -41   -41   -41   -41   -41   -41   -41   -41   -41   -41   -41   -41   -41   -41   -41   -41
 103   1000   958   853   711   550   391   243   114     9   -72  -130  -169  -192  -193    35    35    35    35    35    35
         35    35    35    35    35    35    35    35    35    35    35    35    35    35    35    35    35    35
 104   1000   966   877   755   616   475   342   224   122    42   -21   -71   -89   115   115   115   115   115   115   115
        115   115   115   115   115   115   115   115   115   115   115   115   115   115   115   115   115
 105   1000   971   896   791   670   545   425   313   217   134    62    23   144   144   144   144   144   144   144   144
        144   144   144   144   144   144   144   144   144   144   144   144   144   144   144   144
 106   1000   975   911   820   714   601   489   385   289   201   144   147   147   147   147   147   147   147   147   147
        147   147   147   147   147   147   147   147   147   147   147   147   147   147   147
 107   1000   979   923   843   748   645   541   440   341   269   153   153   153   153   153   153   153   153   153   153
        153   153   153   153   153   153   153   153   153   153   153   153   153   153
 108   1000   982   933   861   774   678   578   476   393   151   151   151   151   151   151   151   151   151   151   151
        151   151   151   151   151   151   151   151   151   151   151   151   151
 109   1000   984   940   874   793   701   602   513   148   148   148   148   148   148   148   148   148   148   148   148
        148   148   148   148   148   148   148   148   148   148   148   148
 110   1000   985   945   884   806   714   628   163   163   163   163   163   163   163   163   163   163   163   163   163
        163   163   163   163   163   163   163   163   163   163   163
 111   1000   986   949   890   812   732   165   165   165   165   165   165   165   165   165   165   165   165   165   165
        165   165   165   165   165   165   165   165   165   165
 112   1000   987   951   891   823   155   155   155   155   155   155   155   155   155   155   155   155   155   155   155
        155   155   155   155   155   155   155   155   155
 113   1000   987   949   898   161   161   161   161   161   161   161   161   161   161   161   161   161   161   161   161
        161   161   161   161   161   161   161   161
 114   1000   986   954   137   137   137   137   137   137   137   137   137   137   137   137   137   137   137   137   137
        137   137   137   137   137   137   137
 115   1000   986    80    80    80    80    80    80    80    80    80    80    80    80    80    80    80    80    80    80
         80    80    80    80    80    80
 116   1000   146   146   146   146   146   146   146   146   146   146   146   146   146   146   146   146   146   146   146
        146   146   146   146   146
 117   1000  1000  1000  1000  1000  1000  1000  1000  1000  1000  1000  1000  1000  1000  1000  1000  1000  1000  1000  1000
       1000  1000  1000  1000
 118   1000  1000  1000  1000  1000  1000  1000  1000  1000  1000  1000  1000  1000  1000  1000  1000  1000  1000  1000  1000
       1000  1000  1000
 119   1000  1000  1000  1000  1000  1000  1000  1000  1000  1000  1000  1000  1000  1000  1000  1000  1000  1000  1000  1000
       1000  1000
 120   1000  1000  1000  1000  1000  1000  1000  1000  1000  1000  1000  1000  1000  1000  1000  1000  1000  1000  1000  1000
       1000
 121   1000  1000  1000  1000  1000  1000  1000  1000  1000  1000  1000  1000  1000  1000  1000  1000  1000  1000  1000  1000
 122   1000  1000  1000  1000  1000  1000  1000  1000  1000  1000  1000  1000  1000  1000  1000  1000  1000  1000  1000
 123   1000  1000  1000  1000  1000  1000  1000  1000  1000  1000  1000  1000  1000  1000  1000  1000  1000  1000
 124   1000  1000  1000  1000  1000  1000  1000  1000  1000  1000  1000  1000  1000  1000  1000  1000  1000
 125   1000  1000  1000  1000  1000  1000  1000  1000  1000  1000  1000  1000  1000  1000  1000  1000
 126   1000  1000  1000  1000  1000  1000  1000  1000  1000  1000  1000  1000  1000  1000  1000
 127   1000  1000  1000  1000  1000  1000  1000  1000  1000  1000  1000  1000  1000  1000
 128   1000  1000  1000  1000  1000  1000  1000  1000  1000  1000  1000  1000  1000
 129   1000  1000  1000  1000  1000  1000  1000  1000  1000  1000  1000  1000
 130   1000  1000  1000  1000  1000  1000  1000  1000  1000  1000  1000
 131   1000  1000  1000  1000  1000  1000  1000  1000  1000  1000
 132   1000  1000  1000  1000  1000  1000  1000  1000  1000
 133   1000  1000  1000  1000  1000  1000  1000  1000
 134   1000  1000  1000  1000  1000  1000  1000
 135   1000  1000  1000  1000  1000  1000
 136   1000  1000  1000  1000  1000
 137   1000  1000  1000  1000
 138   1000  1000  1000
 139   1000  1000
 140   1000

 Finished!
