88" 33MeV Deuteron breakup on Ta, Clean Beam
  140    6    1    0    1
   0.00500  10.00000   0.00500   0.00100
   1.0000000   0   0 7.86600000E+03   1.0000000
AL27P    2.293E-20 0.022       0.00       0.00        (    )
AL27A    1.983E-20 0.017       0.00       0.00        (    )
NI582    3.740E-21 0.013       0.00       0.00        (    )
IN115N   8.790E-20 0.013       0.00       0.00        (    )
AU197G   9.272E-20 0.021       0.00 AUNG  3.70 BFX    (BEAM)
IN115G   9.318E-20 0.013       0.00 INNG 40.20 BFX    (BEAM)
Flux Uncertainty From MCNP Calculations
 140
 3.8500E-02 2.3900E-02 1.4800E-02 1.0100E-02 8.3000E-03 7.8000E-03 7.6000E-03
 7.7000E-03 7.9000E-03 8.6000E-03 1.1100E-02 1.6400E-02 2.4300E-02 3.3000E-02
 3.9800E-02 4.3800E-02 4.4600E-02 4.3500E-02 4.2600E-02 4.3400E-02 4.7300E-02
 5.4100E-02 6.4300E-02 7.7600E-02 9.4200E-02 1.1340E-01 1.3500E-01 1.5790E-01
 1.8140E-01 2.0410E-01 2.2560E-01 2.4460E-01 2.6040E-01 2.7240E-01 2.8020E-01
 2.8350E-01 2.8250E-01 2.7790E-01 2.7040E-01 2.6180E-01 2.5280E-01 2.4490E-01
 2.3890E-01 2.3570E-01 2.3560E-01 2.3860E-01 2.4480E-01 2.5410E-01 2.6540E-01
 2.7820E-01 2.9180E-01 3.0550E-01 3.1770E-01 3.2830E-01 3.3610E-01 3.4110E-01
 3.4280E-01 3.4100E-01 3.3630E-01 3.2900E-01 3.1900E-01 3.0710E-01 2.9380E-01
 2.7940E-01 2.6380E-01 2.4740E-01 2.2950E-01 2.1020E-01 1.8940E-01 1.6690E-01
 1.4290E-01 1.1860E-01 9.4300E-02 7.2000E-02 5.2900E-02 3.7400E-02 2.6500E-02
 1.9400E-02 1.5500E-02 1.3700E-02 1.2700E-02 1.2000E-02 1.1400E-02 1.0800E-02
 1.0100E-02 9.4000E-03 8.7000E-03 8.2000E-03 7.8000E-03 7.5000E-03 7.2000E-03
 7.0000E-03 7.0000E-03 6.9000E-03 7.0000E-03 7.1000E-03 7.4000E-03 7.6000E-03
 7.9000E-03 8.3000E-03 9.7000E-03 1.5000E-02 2.7700E-02 4.8700E-02 7.8600E-02
 1.1760E-01 1.6640E-01 2.2420E-01 2.9080E-01 3.6360E-01 4.3870E-01 5.1230E-01
 5.8070E-01 6.4150E-01 6.9440E-01 7.3880E-01 7.7580E-01 8.0640E-01 8.3160E-01
 8.5200E-01 8.6880E-01 8.8250E-01 8.9380E-01 9.0290E-01 9.1060E-01 9.1600E-01
 9.2070E-01 9.2370E-01 9.2680E-01 9.2860E-01 9.3060E-01 9.3250E-01 9.3480E-01
 9.3770E-01 9.4070E-01 9.4460E-01 9.4910E-01 9.5450E-01 9.6000E-01 9.6580E-01
 Input Flux Spectrum from MCNP Simulation
 140   0 4.060E+09 2.000E+01 5.000E-08
 8.0362E-09 9.3948E-09 1.1036E-08 1.2820E-08 1.4573E-08 1.6110E-08 1.7133E-08
 1.6967E-08 1.5820E-08 1.4313E-08 1.2591E-08 1.0737E-08 8.9190E-09 7.3312E-09
 6.1400E-09 5.4113E-09 5.1046E-09 5.0900E-09 5.1593E-09 5.0768E-09 4.6796E-09
 3.9417E-09 3.1087E-09 3.7144E-09 4.4848E-09 5.1757E-09 5.8237E-09 6.4642E-09
 7.1308E-09 7.8544E-09 8.6690E-09 9.6118E-09 1.0715E-08 1.2023E-08 1.3571E-08
 1.8764E-08 2.5628E-08 3.3236E-08 4.1424E-08 4.9974E-08 5.8655E-08 6.7196E-08
 7.5384E-08 8.3025E-08 9.0006E-08 9.6283E-08 1.0190E-07 1.0690E-07 1.1150E-07
 1.1591E-07 1.2041E-07 1.2536E-07 1.3108E-07 1.3803E-07 1.4661E-07 1.5724E-07
 1.7039E-07 1.8633E-07 2.0528E-07 2.2725E-07 2.5203E-07 2.7889E-07 3.0700E-07
 3.3493E-07 3.6160E-07 3.8583E-07 4.0735E-07 4.2677E-07 4.4585E-07 4.6814E-07
 4.9833E-07 5.4256E-07 6.0768E-07 7.0064E-07 8.2778E-07 9.9273E-07 1.1970E-06
 1.4403E-06 1.7213E-06 2.0413E-06 2.4024E-06 2.8105E-06 3.2671E-06 3.7700E-06
 4.3031E-06 4.8393E-06 5.3360E-06 5.7446E-06 6.0197E-06 6.1259E-06 6.0483E-06
 5.7909E-06 5.3764E-06 4.8310E-06 4.1879E-06 3.4810E-06 2.7527E-06 2.0563E-06
 1.4392E-06 9.3919E-07 5.7081E-07 3.2818E-07 1.8446E-07 1.0348E-07 5.2892E-08
 1.2827E-08 1.0801E-09 2.7419E-10 9.7975E-11 4.8389E-11 3.1951E-11 2.7057E-11
 2.7970E-11 3.3635E-11 4.5022E-11 6.4567E-11 9.6261E-11 1.4561E-10 2.1948E-10
 3.2562E-10 4.7143E-10 6.6323E-10 9.0498E-10 1.1987E-09 1.5436E-09 1.9377E-09
 2.3799E-09 2.8692E-09 3.4071E-09 3.9990E-09 4.6527E-09 5.3793E-09 6.1948E-09
 7.1145E-09 8.1589E-09 9.3470E-09 1.0696E-08 1.2225E-08 1.3942E-08 1.5842E-08
   17   15    9    9    9   10    7   14   14   36



                         ==============================
                               STAYSL PNNL OUTPUT
                         ==============================

 STAYSL PNNL, version 1.2.0, 2015-08-05


 SCENARIO TITLE: 88" 33MeV Deuteron breakup on Ta, Clean Beam
 -------------------------------------------------------------------------------
  NGROUP =   140    NRXN =     6    ACTIVITY NORM = 1.00000E+00

  COVARIANCE PARAMETERS (FCHN, FCVX, ACVX, FS)
    FLUXES:      WIDTH =  1.0000E+01   LONG RANGE COVAR. =  5.0000E-03
            ACTIVITIES =  5.0000E-03   X-SECT CROSS COR. =  1.0000E-03

    DETERM =   6.8247 × 10^   4.00      ERROR =  -4.0708E-17

  INPUT NORMALIZATION DATA
    AK1   =     1.00000     VAK        =     0.00003
    NORML =           0     RENORM     = 1.00000E+00
    CHI²  =     3.90832     NORM. CHI² =     0.78166

  DOSIMETRY ACTIVITIES
     ———— INPUTS —————  -UNADJUSTED FLUX-  — ADJUSTED FLUX —    CHI²  90% ACTIVITIES RANGE
 RXN  MEASURED     ±%   ACTIVITY    %DIFF  ACTIVITY    %DIFF  CONTRIB --LOW E-- --HIGH E--   REACTION          CVR
  1  2.293E-20    2.20  2.208E-20   -3.72  2.205E-20   -3.85    1.945  5.50E+00  1.60E+01  AL27(N,P)MG27           
  2  1.983E-20    1.70  2.032E-20    2.47  2.029E-20    2.32    1.955  7.40E+00  1.70E+01  AL27(N,A)NA24           
  3  3.740E-21    1.30  3.737E-21   -0.08  3.731E-21   -0.23    0.006  1.30E+01  2.10E+01  NI58(N,2N)NI57          
  4  8.790E-20    1.30  8.785E-20   -0.05  8.779E-20   -0.12    0.001  2.30E+00  1.30E+01  IN115(N,N')IN115M       
  5  9.272E-20    2.10  9.283E-20    0.12  9.281E-20    0.09    0.001  1.00E-10  2.90E-01  AU197(N,G)AU198         
  6  9.318E-20    1.30  9.319E-20    0.01  9.318E-20    0.00    0.000  1.00E-10  1.00E+00  IN115(N,G)IN116M        

             % STD. DEV.  =          2.00               2.01

  DIFFERENTIAL FLUXES (input is normalized by a factor of 1.0000E+00)
                  —————— DIFFERENTIAL FLUX —————   ———— STD. DEV. % ————   INTEGRAL
 GRP    ENERGY        NEW         OLD      RATIO    NEW     OLD    RATIO   FLUX > E     ± %
   1  1.0000E-10  3.6239E+10  3.6252E+10   1.000    3.47    3.88   0.895  4.0626E+05    1.40
   2  1.0000E-09  4.2364E+09  4.2381E+09   1.000    2.15    2.44   0.880  4.0623E+05    1.40
   3  1.0000E-08  3.4452E+09  3.4466E+09   1.000    1.35    1.56   0.865  4.0619E+05    1.40
   4  2.3000E-08  1.9269E+09  1.9277E+09   1.000    0.96    1.13   0.855  4.0615E+05    1.40
   5  5.0000E-08  2.2746E+09  2.2756E+09   1.000    0.82    0.97   0.851  4.0609E+05    1.40
   6  7.6000E-08  1.6763E+09  1.6771E+09   1.000    0.79    0.93   0.849  4.0603E+05    1.40
   7  1.1500E-07  1.2642E+09  1.2647E+09   1.000    0.77    0.91   0.848  4.0597E+05    1.40
   8  1.7000E-07  8.1006E+08  8.1042E+08   1.000    0.78    0.92   0.849  4.0590E+05    1.40
   9  2.5500E-07  5.1360E+08  5.1383E+08   1.000    0.80    0.93   0.850  4.0583E+05    1.40
  10  3.8000E-07  3.4168E+08  3.4183E+08   1.000    0.85    0.99   0.853  4.0577E+05    1.40
  11  5.5000E-07  1.7620E+08  1.7627E+08   1.000    1.04    1.22   0.858  4.0571E+05    1.40
  12  8.4000E-07  1.0017E+08  1.0021E+08   1.000    1.49    1.71   0.867  4.0566E+05    1.40
  13  1.2750E-06  5.7913E+07  5.7938E+07   1.000    2.18    2.48   0.877  4.0561E+05    1.40
  14  1.9000E-06  3.3058E+07  3.3072E+07   1.000    2.96    3.34   0.886  4.0558E+05    1.40
  15  2.8000E-06  1.7184E+07  1.7192E+07   1.000    3.59    4.01   0.894  4.0555E+05    1.40
  16  4.2500E-06  1.0712E+07  1.0717E+07   1.000    3.97    4.41   0.901  4.0552E+05    1.40
  17  6.3000E-06  7.1427E+06  7.1464E+06   0.999    4.07    4.49   0.907  4.0550E+05    1.40
  18  9.2000E-06  4.8032E+06  4.8059E+06   0.999    4.00    4.38   0.913  4.0548E+05    1.40
  19  1.3500E-05  2.7913E+06  2.7929E+06   0.999    3.94    4.29   0.918  4.0546E+05    1.40
  20  2.1000E-05  2.2888E+06  2.2902E+06   0.999    4.03    4.37   0.923  4.0544E+05    1.40
  21  3.0000E-05  1.2658E+06  1.2666E+06   0.999    4.41    4.76   0.928  4.0542E+05    1.40
  22  4.5000E-05  6.6634E+05  6.6680E+05   0.999    5.07    5.43   0.932  4.0540E+05    1.40
  23  6.9000E-05  4.0684E+05  4.0714E+05   0.999    6.04    6.45   0.936  4.0538E+05    1.40
  24  1.0000E-04  4.3052E+05  4.3087E+05   0.999    7.30    7.78   0.939  4.0537E+05    1.40
  25  1.3500E-04  5.1978E+05  5.2024E+05   0.999    8.87    9.43   0.940  4.0536E+05    1.40
  26  1.7000E-04  4.1986E+05  4.2027E+05   0.999   10.68   11.35   0.941  4.0534E+05    1.40
  27  2.2000E-04  3.9367E+05  3.9407E+05   0.999   12.71   13.51   0.941  4.0532E+05    1.40
  28  2.8000E-04  3.2770E+05  3.2806E+05   0.999   14.85   15.80   0.940  4.0529E+05    1.40
  29  3.6000E-04  3.2132E+05  3.2168E+05   0.999   17.02   18.15   0.938  4.0527E+05    1.40
  30  4.5000E-04  2.5482E+05  2.5511E+05   0.999   19.10   20.42   0.936  4.0524E+05    1.40
  31  5.7500E-04  1.9004E+05  1.9025E+05   0.999   21.04   22.57   0.933  4.0521E+05    1.40
  32  7.6000E-04  1.9492E+05  1.9512E+05   0.999   22.73   24.46   0.929  4.0517E+05    1.40
  33  9.6000E-04  1.3798E+05  1.3810E+05   0.999   24.10   26.04   0.925  4.0513E+05    1.40
  34  1.2750E-03  1.5009E+05  1.5020E+05   0.999   25.10   27.24   0.921  4.0509E+05    1.40
  35  1.6000E-03  1.3767E+05  1.3775E+05   0.999   25.70   28.02   0.917  4.0504E+05    1.40
  36  2.0000E-03  1.0880E+05  1.0883E+05   1.000   25.89   28.35   0.913  4.0498E+05    1.40
  37  2.7000E-03  1.4863E+05  1.4864E+05   1.000   25.69   28.25   0.909  4.0491E+05    1.40
  38  3.4000E-03  1.2269E+05  1.2267E+05   1.000   25.17   27.79   0.906  4.0480E+05    1.41
  39  4.5000E-03  1.6824E+05  1.6818E+05   1.000   24.40   27.04   0.902  4.0467E+05    1.41
  40  5.5000E-03  1.1941E+05  1.1935E+05   1.001   23.56   26.18   0.900  4.0450E+05    1.41
  41  7.2000E-03  1.1915E+05  1.1907E+05   1.001   22.70   25.28   0.898  4.0430E+05    1.41
  42  9.2000E-03  9.7510E+04  9.7434E+04   1.001   21.96   24.49   0.897  4.0406E+05    1.41
  43  1.2000E-02  1.0211E+05  1.0202E+05   1.001   21.41   23.89   0.896  4.0379E+05    1.41
  44  1.5000E-02  8.4353E+04  8.4270E+04   1.001   21.13   23.58   0.896  4.0348E+05    1.41
  45  1.9000E-02  5.6280E+04  5.6219E+04   1.001   21.15   23.57   0.897  4.0314E+05    1.41
  46  2.5500E-02  6.0211E+04  6.0140E+04   1.001   21.46   23.86   0.899  4.0278E+05    1.42
  47  3.2000E-02  5.1781E+04  5.1714E+04   1.001   22.07   24.48   0.901  4.0239E+05    1.42
  48  4.0000E-02  3.4770E+04  3.4721E+04   1.001   22.97   25.41   0.904  4.0197E+05    1.42
  49  5.2500E-02  3.3584E+04  3.3533E+04   1.002   24.06   26.54   0.906  4.0154E+05    1.41
  50  6.6000E-02  2.1427E+04  2.1391E+04   1.002   25.29   27.82   0.909  4.0108E+05    1.41
  51  8.8000E-02  2.2262E+04  2.2221E+04   1.002   26.59   29.18   0.911  4.0061E+05    1.41
  52  1.1000E-01  2.0399E+04  2.0358E+04   1.002   27.91   30.55   0.913  4.0012E+05    1.40
  53  1.3500E-01  2.1333E+04  2.1287E+04   1.002   29.08   31.77   0.915  3.9961E+05    1.40
  54  1.6000E-01  1.8723E+04  1.8680E+04   1.002   30.10   32.83   0.917  3.9908E+05    1.39
  55  1.9000E-01  1.9891E+04  1.9841E+04   1.003   30.85   33.61   0.918  3.9852E+05    1.38
  56  2.2000E-01  1.8289E+04  1.8240E+04   1.003   31.34   34.11   0.919  3.9792E+05    1.36
  57  2.5500E-01  1.9822E+04  1.9765E+04   1.003   31.51   34.28   0.919  3.9728E+05    1.35
  58  2.9000E-01  2.5294E+04  2.5217E+04   1.003   31.36   34.10   0.919  3.9659E+05    1.33
  59  3.2000E-01  2.0904E+04  2.0836E+04   1.003   30.93   33.63   0.920  3.9583E+05    1.30
  60  3.6000E-01  2.3146E+04  2.3066E+04   1.003   30.26   32.90   0.920  3.9499E+05    1.28
  61  4.0000E-01  2.0540E+04  2.0465E+04   1.004   29.34   31.90   0.920  3.9407E+05    1.24
  62  4.5000E-01  2.2734E+04  2.2646E+04   1.004   28.26   30.71   0.920  3.9304E+05    1.21
  63  5.0000E-01  2.5030E+04  2.4928E+04   1.004   27.05   29.38   0.921  3.9190E+05    1.17
  64  5.5000E-01  2.7311E+04  2.7196E+04   1.004   25.75   27.94   0.921  3.9065E+05    1.13
  65  6.0000E-01  2.4576E+04  2.4468E+04   1.004   24.35   26.38   0.923  3.8929E+05    1.08
  66  6.6000E-01  2.6226E+04  2.6108E+04   1.005   22.88   24.74   0.925  3.8781E+05    1.03
  67  7.2000E-01  2.7691E+04  2.7564E+04   1.005   21.28   22.96   0.927  3.8624E+05    0.99
  68  7.8000E-01  2.9013E+04  2.8878E+04   1.005   19.54   21.03   0.929  3.8458E+05    0.94
  69  8.4000E-01  2.2731E+04  2.2627E+04   1.005   17.66   18.95   0.932  3.8283E+05    0.90
  70  9.2000E-01  2.3864E+04  2.3758E+04   1.004   15.61   16.70   0.935  3.8102E+05    0.87
  71  1.0000E+00  1.0158E+04  1.0116E+04   1.004   13.41   14.30   0.938  3.7911E+05    0.83
  72  1.2000E+00  1.1055E+04  1.1014E+04   1.004   11.16   11.87   0.940  3.7708E+05    0.81
  73  1.4000E+00  1.2375E+04  1.2336E+04   1.003    8.89    9.44   0.942  3.7486E+05    0.78
  74  1.6000E+00  1.4258E+04  1.4223E+04   1.002    6.80    7.22   0.943  3.7239E+05    0.76
  75  1.8000E+00  1.6835E+04  1.6804E+04   1.002    5.01    5.31   0.942  3.6954E+05    0.75
  76  2.0000E+00  1.3451E+04  1.3435E+04   1.001    3.55    3.77   0.940  3.6617E+05    0.74
  77  2.3000E+00  1.6212E+04  1.6199E+04   1.001    2.53    2.70   0.936  3.6214E+05    0.73
  78  2.6000E+00  1.9500E+04  1.9492E+04   1.000    1.86    2.00   0.931  3.5727E+05    0.72
  79  2.9000E+00  1.7475E+04  1.7471E+04   1.000    1.51    1.63   0.924  3.5142E+05    0.72
  80  3.3000E+00  2.0721E+04  2.0719E+04   1.000    1.34    1.46   0.918  3.4443E+05    0.72
  81  3.7000E+00  2.4383E+04  2.4384E+04   1.000    1.25    1.36   0.913  3.3614E+05    0.71
  82  4.1000E+00  2.8521E+04  2.8527E+04   1.000    1.18    1.30   0.906  3.2639E+05    0.71
  83  4.5000E+00  2.6520E+04  2.6529E+04   1.000    1.12    1.24   0.899  3.1498E+05    0.71
  84  5.0000E+00  3.0597E+04  3.0612E+04   0.999    1.06    1.19   0.891  3.0172E+05    0.71
  85  5.5000E+00  3.4918E+04  3.4941E+04   0.999    0.99    1.13   0.882  2.8642E+05    0.70
  86  6.0000E+00  2.8044E+04  2.8068E+04   0.999    0.93    1.06   0.872  2.6896E+05    0.70
  87  6.7000E+00  3.0918E+04  3.0949E+04   0.999    0.87    1.00   0.862  2.4933E+05    0.70
  88  7.4000E+00  2.9121E+04  2.9154E+04   0.999    0.82    0.96   0.853  2.2769E+05    0.70
  89  8.2000E+00  3.0512E+04  3.0550E+04   0.999    0.78    0.93   0.844  2.0439E+05    0.71
  90  9.0000E+00  2.4837E+04  2.4871E+04   0.999    0.75    0.90   0.837  1.7998E+05    0.71
  91  1.0000E+01  2.4521E+04  2.4556E+04   0.999    0.73    0.88   0.830  1.5515E+05    0.73
  92  1.1000E+01  2.3476E+04  2.3511E+04   0.999    0.71    0.86   0.826  1.3063E+05    0.75
  93  1.2000E+01  2.1794E+04  2.1828E+04   0.998    0.71    0.86   0.823  1.0715E+05    0.79
  94  1.3000E+01  1.9583E+04  1.9614E+04   0.998    0.70    0.85   0.822  8.5356E+04    0.85
  95  1.4000E+01  1.6976E+04  1.7003E+04   0.998    0.71    0.86   0.824  6.5774E+04    0.95
  96  1.5000E+01  1.4110E+04  1.4133E+04   0.998    0.72    0.87   0.827  4.8798E+04    1.11
  97  1.6000E+01  1.1158E+04  1.1176E+04   0.998    0.74    0.89   0.833  3.4687E+04    1.38
  98  1.7000E+01  8.3358E+03  8.3486E+03   0.998    0.77    0.91   0.841  2.3529E+04    1.86
  99  1.8000E+01  5.8346E+03  5.8432E+03   0.999    0.80    0.93   0.851  1.5193E+04    2.71
 100  1.9000E+01  3.8078E+03  3.8131E+03   0.999    0.84    0.97   0.863  9.3586E+03    4.25
 101  2.0000E+01  2.3142E+03  2.3175E+03   0.999    0.96    1.09   0.879  5.5508E+03    7.04
 102  2.1000E+01  1.3302E+03  1.3324E+03   0.998    1.43    1.58   0.903  3.2365E+03   11.95
 103  2.2000E+01  7.4721E+02  7.4891E+02   0.998    2.61    2.81   0.928  1.9063E+03   20.14
 104  2.3000E+01  4.1889E+02  4.2013E+02   0.997    4.63    4.90   0.946  1.1591E+03   32.93
 105  2.4000E+01  2.1398E+02  2.1474E+02   0.996    7.55    7.88   0.958  7.4023E+02   51.40
 106  2.5000E+01  5.1878E+01  5.2078E+01   0.996   11.40   11.77   0.968  5.2625E+02   72.24
 107  2.6000E+01  4.3686E+00  4.3852E+00   0.996   16.25   16.65   0.976  4.7437E+02   80.14
 108  2.7000E+01  1.1094E+00  1.1132E+00   0.997   22.03   22.43   0.982  4.7000E+02   80.89
 109  2.8000E+01  3.9669E-01  3.9778E-01   0.997   28.71   29.08   0.987  4.6889E+02   81.08
 110  2.9000E+01  1.9609E-01  1.9646E-01   0.998   36.03   36.36   0.991  4.6850E+02   81.15
 111  3.0000E+01  1.2960E-01  1.2972E-01   0.999   43.59   43.87   0.994  4.6830E+02   81.18
 112  3.1000E+01  1.0985E-01  1.0985E-01   1.000   51.01   51.23   0.996  4.6817E+02   81.20
 113  3.2000E+01  1.1364E-01  1.1356E-01   1.001   57.90   58.07   0.997  4.6806E+02   81.22
 114  3.3000E+01  1.3674E-01  1.3656E-01   1.001   64.03   64.15   0.998  4.6795E+02   81.24
 115  3.4000E+01  1.8312E-01  1.8279E-01   1.002   69.35   69.44   0.999  4.6781E+02   81.26
 116  3.5000E+01  2.6271E-01  2.6214E-01   1.002   73.81   73.88   0.999  4.6763E+02   81.29
 117  3.6000E+01  3.9178E-01  3.9082E-01   1.002   77.53   77.58   0.999  4.6736E+02   81.34
 118  3.7000E+01  5.9279E-01  5.9118E-01   1.003   80.60   80.64   0.999  4.6697E+02   81.40
 119  3.8000E+01  8.9382E-01  8.9109E-01   1.003   83.12   83.16   1.000  4.6638E+02   81.49
 120  3.9000E+01  1.3266E+00  1.3220E+00   1.003   85.16   85.20   1.000  4.6549E+02   81.62
 121  4.0000E+01  1.9216E+00  1.9140E+00   1.004   86.84   86.88   1.000  4.6416E+02   81.80
 122  4.1000E+01  2.7049E+00  2.6927E+00   1.005   88.20   88.25   0.999  4.6224E+02   82.06
 123  4.2000E+01  3.6933E+00  3.6742E+00   1.005   89.33   89.38   0.999  4.5953E+02   82.40
 124  4.3000E+01  4.8957E+00  4.8667E+00   1.006   90.22   90.29   0.999  4.5584E+02   82.84
 125  4.4000E+01  6.3096E+00  6.2670E+00   1.007   90.98   91.06   0.999  4.5094E+02   83.38
 126  4.5000E+01  7.9275E+00  7.8671E+00   1.008   91.50   91.60   0.999  4.4463E+02   84.03
 127  4.6000E+01  9.7455E+00  9.6624E+00   1.009   91.95   92.07   0.999  4.3671E+02   84.77
 128  4.7000E+01  1.1760E+01  1.1649E+01   1.010   92.22   92.37   0.998  4.2696E+02   85.61
 129  4.8000E+01  1.3977E+01  1.3833E+01   1.010   92.51   92.68   0.998  4.1520E+02   86.53
 130  4.9000E+01  1.6419E+01  1.6236E+01   1.011   92.66   92.86   0.998  4.0122E+02   87.51
 131  5.0000E+01  1.9118E+01  1.8890E+01   1.012   92.83   93.06   0.998  3.8480E+02   88.53
 132  5.1000E+01  2.2118E+01  2.1840E+01   1.013   93.00   93.25   0.997  3.6569E+02   89.57
 133  5.2000E+01  2.5485E+01  2.5151E+01   1.013   93.21   93.48   0.997  3.4357E+02   90.61
 134  5.3000E+01  2.9279E+01  2.8885E+01   1.014   93.49   93.77   0.997  3.1808E+02   91.64
 135  5.4000E+01  3.3585E+01  3.3125E+01   1.014   93.78   94.07   0.997  2.8880E+02   92.63
 136  5.5000E+01  3.8476E+01  3.7949E+01   1.014   94.17   94.46   0.997  2.5522E+02   93.57
 137  5.6000E+01  4.4022E+01  4.3426E+01   1.014   94.63   94.91   0.997  2.1674E+02   94.42
 138  5.7000E+01  5.0297E+01  4.9633E+01   1.013   95.19   95.45   0.997  1.7272E+02   95.19
 139  5.8000E+01  5.7330E+01  5.6605E+01   1.013   95.76   96.00   0.997  1.2243E+02   95.84
 140  5.9000E+01  6.5096E+01  6.4319E+01   1.012   96.36   96.58   0.998  6.5096E+01   96.36
      6.0000E+01

  INTEGRALS OF SPECTRA
    OLD SPECTRUM   4.0651E+05   ±    1.689 %
    NEW SPECTRUM   4.0626E+05   ±    1.397 %

  SUMMARY OF BROAD-GROUP FLUXES, FLUENCES, AND UNCERTAINTIES

    IRRAD TIME [S] = 7.86600000E+03   ACT NORM =  1.00000000E+00

       ENERGY       FLUX       FLUENCE      STDEV %
      thermal    5.5274E+02  4.3479E+06  ±   0.99     (0.100 meV – 0.550  eV)
     epithermal  5.5864E+03  4.3942E+07  ±  17.27     (0.550  eV – 110.0 keV)
        fast     4.0012E+05  3.1474E+09  ±   1.40     (110.0 keV –  20.0 MeV)
        fast     3.7911E+05  2.9821E+09  ±   0.82     (  1.0 MeV –  20.0 MeV)
        high     5.5508E+03  4.3662E+07  ±   7.04     ( 20.0 MeV –  60.0 MeV)

    MINI-SPECTRUM

       ENERGY       FLUX       FLUENCE      STDEV %
     1.0000E-10  7.8095E+02  6.1430E+06  ±   1.12
     9.2000E-06  3.4878E+02  2.7435E+06  ±  11.26
     9.6000E-04  1.0720E+03  8.4323E+06  ±  22.91
     9.2000E-03  3.4476E+03  2.7119E+07  ±  20.96
     8.8000E-02  5.6204E+03  4.4210E+07  ±  28.12
     3.6000E-01  1.3975E+04  1.0993E+08  ±  21.94
     9.2000E-01  1.8881E+04  1.4852E+08  ±   7.86
     2.3000E+00  2.0699E+05  1.6282E+09  ±   0.91
     1.0000E+01  1.5441E+05  1.2146E+09  ±   0.69
     2.4000E+01  7.4023E+02  5.8227E+06  ±  51.40
     6.0000E+01

       TOTAL     4.0626E+05  3.1957E+09  ±   1.40

    RELATIVE COVARIANCES (10×10)
     1000   -82  -332  -344  -299  -256  -141   113   185     0
     1000   405   -66  -134  -102   -50    -2     8     1
     1000   489   -97  -171  -101   -25    -7     2
     1000   419  -113  -124   -32    -8     3
     1000   444   -20   -34   -11     2
     1000   561    16   -22     3
     1000   310   -10     2
     1000   544    -6
     1000    -8
     1000

  SPECTRAL-AVERAGED REACTION RATES (for all cross section library reactions)

        REACTIONS        SIG-PHI      <SIG>          REACTIONS        SIG-PHI      <SIG>          REACTIONS        SIG-PHI      <SIG>  
   ------------------  ----------  ----------   ------------------  ----------  ----------   ------------------  ----------  ----------
   LI6(N,A)T           6.4757E-19  1.5940E-24   FE58(N,G)FE59       1.3661E-21  3.3627E-27   IN115(N,N')IN115M   8.7791E-20  2.1609E-25
   B10(N,A)LI7         2.5183E-18  6.1987E-24   CO59(N,2N)CO58      7.5812E-20  1.8661E-25   IN115(N,2N)IN114M   1.6320E-19  4.0172E-25
   F19(N,2N)F18        4.9272E-21  1.2128E-26   CO59(N,3N)CO57      2.4972E-22  6.1469E-28   IN115(N,G)IN116M    3.3213E-19  8.1752E-25
   NA23(N,2N)NA22      4.5854E-21  1.1287E-26   CO59(N,G)CO60       2.7880E-20  6.8626E-26   I127(N,2N)I126      1.8792E-19  4.6257E-25
   NA23(N,G)NA24       4.4596E-22  1.0977E-27   CO59(N,P)FE59       1.0859E-20  2.6729E-26   LA139(N,G)LA140     7.1220E-21  1.7531E-26
   MG24(N,P)NA24       3.3989E-20  8.3663E-26   CO59(N,A)MN56       4.6373E-21  1.1415E-26   PR141(N,2N)PR140    2.0514E-19  5.0495E-25
   AL27(N,P)MG27       2.2047E-20  5.4269E-26   NI58(N,2N)NI57      3.7314E-21  9.1846E-27   TM169(N,2N)TM168    2.9252E-19  7.2003E-25
   AL27(N,A)NA24       2.0290E-20  4.9944E-26   NI58(N,P)CO58       1.7133E-19  4.2172E-25   TM169(N,3N)TM167    1.9164E-20  4.7171E-26
   SI28(N,P)AL28       5.9991E-20  1.4767E-25   NI60(N,P)CO60       2.7539E-20  6.7787E-26   TA181(N,G)TA182     6.0512E-20  1.4895E-25
   P31(N,P)SI31        4.2436E-20  1.0446E-25   CU63(N,2N)CU62      5.2966E-20  1.3037E-25   W186(N,G)W187       5.3357E-20  1.3134E-25
   S32(N,P)P32         1.0341E-19  2.5454E-25   CU63(N,G)CU64       5.4550E-21  1.3427E-26   AU197(N,2N)AU196    2.9295E-19  7.2109E-25
   TI46(N,2N)TI45      8.2776E-21  2.0375E-26   CU63(N,A)CO60       7.9665E-21  1.9609E-26   AU197(N,G)AU198     1.5568E-19  3.8321E-25
   TI46(N,P)SC46       6.8314E-20  1.6815E-25   CU65(N,2N)CU64      1.0157E-19  2.5001E-25   HG199(N,N')HG199M   1.8584E-19  4.5743E-25
   TI47(N,P)SC47       3.5547E-20  8.7497E-26   ZN64(N,P)CU64       6.8632E-20  1.6893E-25   PB204(N,N')PB204M   4.9592E-20  1.2207E-25
   TI47(N,X)SC46       8.9788E-21  2.2101E-26   ZN67(N,P)CU67       6.2601E-21  1.5409E-26   BI209(N,3N)BI207    2.3187E-20  5.7075E-26
   TI48(N,P)SC48       9.4156E-21  2.3176E-26   AS75(N,2N)AS74      1.0683E-19  2.6296E-25   TH232(N,FISSION)    1.1109E-19  2.7344E-25
   TI48(N,X)SC47       3.2314E-21  7.9539E-27   Y89(N,2N)Y88        9.2747E-20  2.2829E-25   TH232(N,G)TH233     1.8228E-20  4.4867E-26
   TI49(N,X)SC48       1.9718E-21  4.8535E-27   ZR90(N,2N)ZR89      7.4083E-20  1.8235E-25   U235(N,FISSION)     1.0177E-18  2.5051E-24
   V51(N,A)SC48        2.1405E-21  5.2688E-27   NB93(N,G)NB94       4.9107E-21  1.2088E-26   U235(N,G)U236       8.3870E-20  2.0644E-25
   CR52(N,2N)CR51      3.7133E-20  9.1401E-26   NB93(N,N')NB93M     6.2968E-20  1.5499E-25   U238(N,2N)U237      2.5985E-19  6.3962E-25
   MN55(N,2N)MN54      7.7082E-20  1.8973E-25   NB93(N,2N)NB92M     5.9919E-20  1.4749E-25   U238(N,FISSION)     3.4121E-19  8.3989E-25
   MN55(N,G)MN56       9.8267E-21  2.4188E-26   MO92(N,P)NB92M      2.5715E-20  6.3297E-26   U238(N,G)U239       2.2930E-20  5.6441E-26
   FE54(N,2N)FE53      2.8038E-21  6.9014E-27   RH103(N,N')RH103M   3.3618E-19  8.2749E-25   NP237(N,FISSION)    7.5741E-19  1.8643E-24
   FE54(N,P)MN54       1.4260E-19  3.5100E-25   AG109(N,G)AG110M    7.4014E-21  1.8218E-26   PU239(N,FISSION)    1.5300E-18  3.7660E-24
   FE54(N,A)CR51       1.5146E-20  3.7281E-26   IN113(N,N')IN113M   7.3492E-20  1.8090E-25   AM241(N,FISSION)    8.5571E-19  2.1063E-24
   FE56(N,P)MN56       1.9526E-20  4.8063E-26   IN113(N,G)IN114M    3.7317E-20  9.1854E-26   SC45(N,G)SC46       1.8216E-20  4.4837E-26

  INPUT FLUX REL. CORRELATION MATRIX (by row from diagonal)
   1   1000   987   944   869   790   720   649   580   511   446   386   320   256   200   155   118    91    69    54    41
         32    24    18    13    10     8     6     5     4     3     3     3     2     2     2     2     2     2     2     2
          3     3     3     3     3     3     3     3     2     2     2     2     2     2     2     2     2     2     2     2
          2     2     2     2     2     3     3     3     3     4     5     5     7     9    12    17    24    32    40    44
         47    50    52    54    57    60    64    67    70    71    73    75    75    76    75    74    72    71    69    66
         59    41    23    13     8     5     4     3     2     2     1     1     1     1     1     1     1     1     1     1
          1     1     1     1     1     1     1     1     1     1     1     1     1     1     1     1     1     1     1     1

  OUTPUT FLUX REL. CORRELATION MATRIX (by row from diagonal)
   1   1000   985   933   841   741   649   557   465   375   289   209   128    54    -7   -54   -88  -113  -128  -137  -142
       -144  -144  -144  -144  -144  -146  -149  -153  -159  -165  -173  -182  -190  -199  -207  -215  -222  -229  -233  -237
       -239  -240  -240  -238  -235  -232  -228  -224  -219  -215  -211  -207  -204  -201  -199  -196  -194  -192  -191  -188
       -186  -182  -179  -174  -168  -162  -154  -146  -137  -127  -117  -106   -95   -83   -71   -59   -46   -32   -19    -9
         -1     6    13    19    24    30    35    39    42    45    47    48    49    49    49    48    46    45    43    40
         35    25    15    10     7     5     4     3     3     2     2     1     1     1     1     1     1     1     1     1
          1     1     1     1     1     1     1     1     1     1     1     1     1     1     1     1     1     1     1     1
   2   1000   980   918   839   761   676   589   498   408   317   220   128    53    -6   -51   -84  -106  -121  -130  -136
       -140  -142  -144  -147  -150  -154  -159  -166  -174  -182  -192  -202  -211  -221  -229  -237  -244  -250  -254  -257
       -258  -257  -256  -253  -250  -246  -241  -237  -232  -228  -224  -221  -218  -215  -213  -211  -209  -207  -205  -202
       -199  -195  -190  -184  -177  -169  -160  -150  -140  -128  -116  -103   -90   -75   -59   -41   -22    -4     8    19
         28    36    44    52    59    67    73    78    82    86    88    89    90    89    87    84    82    79    75    65
         43    22    12     7     4     3     2     1     1     1     1     1     1     1     1     1     1     1     1     1
          1     1     1     1     0     0     0     0     0     0     0     0     0     0     0     0     0     0     0
   3   1000   978   929   871   801   723   637   546   444   329   220   129    57     1   -40   -69   -90  -105  -116  -125
       -132  -138  -143  -148  -154  -161  -169  -178  -187  -198  -208  -219  -229  -239  -248  -255  -261  -266  -269  -270
       -270  -269  -266  -263  -259  -254  -250  -245  -241  -237  -233  -230  -228  -226  -224  -222  -220  -218  -215  -212
       -208  -203  -197  -190  -181  -172  -162  -150  -138  -124  -110   -94   -76   -55   -30    -3    21    40    53    65
         75    85    95   106   118   127   134   140   146   151   151   153   151   149   144   140   135   129   111    70
         33    14     6     2     0     0     0     0     0     0     0     0     0     0     1     1     1     1     1     1
          1     0     0     0     0     0     0     0     0     0     0     0     0     0     0     0     0     0
   4   1000   985   952   902   839   763   676   568   438   314   211   129    64    15   -21   -48   -69   -87  -101  -114
       -123  -132  -140  -148  -156  -165  -175  -186  -197  -208  -219  -230  -240  -250  -257  -264  -269  -272  -274  -274
       -273  -270  -267  -263  -259  -254  -250  -246  -242  -238  -235  -233  -231  -229  -227  -226  -224  -221  -218  -214
       -209  -203  -196  -188  -178  -168  -156  -143  -128  -112   -94   -73   -47   -15    20    53    76    93   106   118
        130   144   158   174   186   196   205   213   219   220   223   220   218   210   205   198   189   162   100    44
         16     4     0    -3    -3    -3    -2    -2    -1     0     0     0     0     0     1     1     1     1     1     0
          0     0     0     0     0     0     0     0     0    -1    -1    -1    -1    -1    -1     0     0
   5   1000   990   960   914   852   774   668   535   404   294   204   131    74    30    -3   -31   -56   -76   -94  -108
       -120  -130  -140  -150  -160  -171  -182  -194  -205  -217  -228  -239  -248  -256  -263  -268  -271  -273  -273  -272
       -270  -267  -263  -259  -254  -250  -246  -242  -239  -236  -234  -232  -230  -229  -227  -225  -223  -220  -216  -212
       -206  -199  -190  -181  -170  -158  -144  -130  -113   -94   -71   -42    -6    35    72    98   116   131   144   157
        173   189   207   221   233   243   253   260   260   264   261   258   249   243   235   224   193   118    51    17
          3    -2    -5    -5    -5    -4    -3    -2    -1     0     0     0     0     1     1     1     1     1     0     0
          0     0     0     0     0    -1    -1    -1    -1    -1    -1    -1    -1    -1    -1    -1
   6   1000   990   962   915   850   754   625   495   381   286   206   140    87    44     8   -24   -51   -74   -93  -109
       -122  -134  -146  -157  -169  -180  -192  -204  -216  -228  -238  -248  -256  -263  -268  -272  -274  -274  -273  -271
       -268  -264  -260  -255  -251  -247  -244  -240  -238  -235  -233  -232  -230  -229  -227  -225  -222  -218  -213  -207
       -200  -192  -182  -172  -159  -146  -131  -114   -94   -71   -40    -3    39    78   105   124   139   152   166   182
        199   218   233   245   255   266   273   274   278   275   272   262   256   247   236   203   124    53    18     3
         -3    -5    -6    -5    -4    -3    -2    -1     0     0     0     0     1     1     1     1     1     0     0     0
          0     0     0     0    -1    -1    -1    -1    -2    -2    -2    -1    -1    -1    -1
   7   1000   990   961   912   830   712   586   473   375   289   215   153   100    55    14   -20   -50   -75   -95  -112
       -127  -141  -153  -166  -178  -191  -203  -215  -227  -238  -247  -256  -263  -268  -272  -274  -274  -273  -271  -268
       -264  -260  -256  -251  -247  -244  -240  -238  -235  -233  -232  -230  -229  -227  -225  -222  -218  -214  -208  -201
       -192  -183  -172  -160  -146  -131  -114   -94   -70   -40    -2    41    81   108   127   142   156   170   186   204
        222   237   250   261   271   279   280   284   280   277   267   261   252   241   207   127    54    18     2    -3
         -6    -6    -5    -4    -3    -2    -1     0     0     0     0     1     1     1     1     1     0     0     0     0
          0     0     0    -1    -1    -1    -1    -2    -2    -2    -2    -1    -1    -1
   8   1000   990   959   896   793   677   568   470   379   299   228   166   110    60    16   -21   -53   -78  -100  -118
       -134  -149  -163  -176  -190  -202  -215  -227  -237  -247  -256  -263  -268  -271  -273  -274  -273  -271  -267  -264
       -260  -255  -251  -247  -243  -240  -237  -235  -233  -232  -230  -229  -227  -225  -222  -218  -213  -207  -200  -192
       -182  -172  -159  -146  -131  -114   -94   -70   -40    -2    40    79   106   125   141   154   168   184   201   220
        235   248   258   269   276   277   281   277   274   264   258   249   238   205   125    53    18     3    -3    -5
         -6    -5    -4    -3    -2    -1     0     0     0     0     1     1     1     1     1     0     0     0     0     0
          0     0    -1    -1    -1    -1    -2    -2    -2    -2    -1    -1    -1
   9   1000   989   947   864   762   662   566   475   390   313   241   176   115    62    15   -23   -56   -83  -106  -125
       -143  -159  -174  -188  -201  -214  -226  -236  -246  -255  -261  -267  -270  -272  -272  -271  -269  -266  -262  -258
       -253  -249  -245  -242  -238  -236  -233  -231  -230  -228  -227  -225  -223  -220  -216  -211  -205  -198  -190  -180
       -170  -158  -144  -129  -113   -93   -70   -40    -3    39    77   104   122   137   151   164   180   197   215   230
        242   253   263   270   271   275   272   268   259   253   244   233   200   123    52    18     3    -3    -5    -6
         -5    -4    -3    -2    -1     0     0     0     0     1     1     1     1     1     0     0     0     0     0     0
          0    -1    -1    -1    -1    -1    -2    -2    -1    -1    -1    -1
  10   1000   983   925   844   756   668   579   492   408   328   253   182   118    61    12   -27   -61   -90  -114  -135
       -154  -171  -186  -200  -213  -226  -237  -246  -255  -261  -266  -270  -271  -271  -270  -268  -265  -261  -256  -252
       -248  -244  -240  -237  -234  -231  -229  -228  -226  -224  -223  -220  -217  -213  -209  -203  -196  -187  -178  -167
       -155  -142  -127  -111   -92   -70   -41    -6    33    69    94   112   126   139   152   167   183   200   214   226
        235   245   252   253   256   253   250   241   236   227   217   187   115    49    17     3    -2    -4    -5    -4
         -4    -3    -2    -1     0     0     0     0     1     1     1     1     1     0     0     0     0     0     0     0
          0    -1    -1    -1    -1    -1    -1    -1    -1    -1    -1
  11   1000   979   927   859   782   698   610   520   432   345   263   187   119    59     8   -34   -70  -100  -126  -148
       -168  -185  -201  -215  -228  -239  -249  -257  -263  -268  -271  -273  -273  -271  -269  -265  -261  -257  -252  -247
       -243  -239  -236  -233  -230  -228  -226  -224  -223  -220  -218  -215  -211  -206  -200  -192  -184  -174  -164  -152
       -139  -125  -110   -93   -72   -48   -18    15    45    67    83    95   107   118   131   144   159   170   180   187
        195   201   201   204   202   199   192   188   181   173   149    92    41    16     4     0    -2    -2    -2    -2
         -1    -1     0     0     0     0     1     1     1     1     1     1     0     0     0     0     0     0     0     0
          0     0     0     0     0     0     0     0     0     0
  12   1000   983   942   883   810   726   636   542   448   356   269   190   119    58     5   -39   -77  -109  -136  -160
       -180  -197  -212  -225  -237  -246  -254  -261  -265  -268  -269  -269  -267  -264  -260  -256  -251  -247  -242  -238
       -234  -230  -227  -224  -222  -220  -218  -216  -213  -210  -207  -203  -198  -192  -184  -176  -167  -156  -145  -133
       -120  -106   -91   -74   -54   -31    -6    16    33    46    56    66    75    85    95   105   114   121   126   132
        135   136   138   136   134   129   126   121   116   100    64    30    14     6     2     0     0     0     0     0
          0     0     0     0     1     1     1     1     1     1     1     1     0     0     0     0     0     0     0     0
          0     0     0     0     0     0     0     0     0
  13   1000   987   950   894   822   738   647   550   454   360   272   191   119    56     2   -43   -83  -116  -143  -167
       -186  -203  -217  -229  -238  -246  -252  -256  -258  -259  -258  -257  -253  -250  -245  -240  -236  -231  -227  -223
       -219  -216  -213  -211  -208  -206  -204  -201  -198  -195  -191  -185  -179  -172  -164  -155  -145  -135  -123  -112
        -99   -86   -72   -56   -39   -20    -3     9    20    28    36    44    51    59    66    72    77    81    84    87
         87    88    87    86    83    81    77    74    64    42    22    12     7     4     3     2     1     1     1     1
          1     1     1     1     1     1     1     1     1     1     1     1     1     0     0     0     0     0     0     0
          0     0     0     0     0     0     0     0
  14   1000   988   953   898   827   743   650   554   456   362   273   191   118    54     0   -47   -87  -120  -148  -171
       -190  -205  -218  -228  -236  -241  -245  -247  -247  -246  -244  -241  -237  -232  -228  -223  -218  -214  -210  -206
       -203  -200  -198  -196  -193  -191  -188  -185  -182  -177  -172  -166  -159  -151  -143  -134  -124  -113  -102   -91
        -79   -67   -54   -40   -26   -12    -1     6    14    21    27    33    39    44    49    53    55    58    60    60
         61    60    59    57    55    53    50    44    30    17    10     7     5     4     3     2     2     1     1     1
          1     1     1     1     1     1     1     1     1     1     1     1     1     1     1     1     1     1     1     1
          1     1     1     1     1     1     1
  15   1000   988   954   900   829   745   652   555   458   363   273   191   117    52    -3   -51   -91  -124  -151  -173
       -191  -205  -216  -224  -229  -233  -235  -235  -234  -231  -228  -224  -219  -215  -210  -205  -201  -197  -194  -191
       -188  -185  -183  -181  -178  -175  -172  -168  -164  -159  -153  -146  -139  -131  -122  -113  -103   -93   -83   -72
        -61   -50   -38   -26   -14    -5     2     8    14    20    25    30    34    38    41    44    46    47    47    48
         47    47    45    43    41    39    34    24    15    10     7     5     4     3     2     2     2     1     1     1
          1     1     1     1     1     1     1     1     1     1     1     1     1     1     1     1     1     1     1     1
          1     1     1     1     1     1
  16   1000   988   955   901   830   746   654   557   459   363   273   190   115    50    -6   -54   -93  -126  -152  -173
       -189  -202  -210  -217  -220  -222  -222  -221  -218  -215  -211  -206  -202  -197  -193  -189  -185  -181  -178  -175
       -173  -170  -168  -165  -163  -159  -156  -151  -146  -140  -134  -127  -119  -111  -102   -93   -84   -75   -65   -55
        -45   -34   -23   -13    -5     1     7    13    18    22    27    31    34    37    39    41    42    42    43    42
         41    40    39    37    35    31    22    14     9     6     5     4     3     2     2     2     1     1     1     1
          1     1     1     1     0     0     0     1     1     1     1     1     1     1     1     1     1     1     1     1
          1     1     1     1     1
  17   1000   988   955   901   831   748   655   557   459   363   272   188   113    48    -8   -55   -94  -126  -151  -170
       -185  -196  -203  -207  -209  -209  -208  -205  -202  -198  -194  -189  -185  -180  -176  -172  -169  -166  -163  -161
       -158  -156  -153  -150  -147  -143  -139  -134  -128  -122  -115  -108  -100   -92   -84   -75   -67   -58   -49   -39
        -29   -19    -9    -2     4     9    14    18    23    27    31    34    36    39    40    42    42    42    42    41
         40    38    37    35    30    21    13     8     6     4     3     3     2     2     1     1     1     1     1     1
          1     0     0     0     0     0     0     0     1     1     1     1     1     1     1     1     1     1     1     1
          1     1     1     1
  18   1000   989   955   902   832   748   655   557   459   362   271   187   112    46    -9   -55   -94  -124  -148  -166
       -178  -187  -193  -195  -196  -195  -193  -189  -185  -181  -177  -172  -168  -164  -161  -157  -154  -152  -149  -147
       -144  -141  -139  -135  -131  -127  -122  -117  -111  -105   -98   -90   -83   -75   -67   -59   -51   -42   -33   -24
        -14    -5     1     7    12    17    21    25    29    33    36    39    41    42    44    44    44    44    43    42
         40    39    37    32    22    13     8     5     4     3     2     2     1     1     1     1     1     1     1     0
          0     0     0     0     0     0     0     0     0     0     0     1     1     1     1     1     1     1     1     1
          1     1     1
  19   1000   989   955   902   832   748   655   557   458   361   270   186   111    46    -8   -54   -91  -120  -142  -158
       -170  -177  -181  -182  -182  -180  -177  -173  -169  -165  -161  -157  -153  -149  -146  -143  -141  -138  -136  -133
       -130  -127  -124  -120  -116  -112  -106  -101   -95   -88   -81   -74   -67   -60   -52   -45   -37   -28   -19    -9
         -1     5    11    15    19    23    27    31    35    38    40    42    44    45    46    46    46    45    43    42
         40    38    33    23    13     7     5     3     2     2     1     1     1     1     1     1     1     0     0     0
          0     0     0     0     0     0     0     0     0     0     0     0     0     0     0     0     0     0     0     0
          0     0
  20   1000   989   955   902   832   748   655   557   458   361   270   186   112    48    -6   -51   -86  -114  -135  -149
       -159  -165  -168  -168  -167  -165  -161  -157  -154  -150  -146  -142  -139  -136  -133  -130  -128  -125  -123  -120
       -117  -114  -110  -106  -102   -97   -91   -85   -79   -73   -66   -60   -53   -46   -39   -32   -24   -15    -6     1
          7    12    17    20    24    28    31    35    38    40    42    44    45    45    46    45    44    43    42    40
         38    33    22    12     7     4     3     2     2     1     1     1     1     1     1     0     0     0     0     0
          0     0     0     0     0     0     0     0     0     0     0     0     0     0     0     0     0     0     0     0
          0
  21   1000   989   955   902   832   748   655   557   458   361   271   188   114    50    -2   -46   -80  -107  -126  -139
       -148  -153  -155  -155  -153  -150  -147  -143  -139  -136  -132  -129  -126  -124  -121  -119  -116  -114  -111  -108
       -105  -101   -97   -93   -88   -83   -77   -71   -65   -59   -53   -47   -41   -34   -28   -21   -13    -5     2     7
         12    15    19    22    25    28    32    34    36    38    40    41    41    41    41    40    39    38    36    34
         30    20    11     6     4     3     2     1     1     1     1     1     1     0     0     0     0     0     0     0
          0     0     0     0     0     0     0     0     0     0     0     0     0     0     0     0     0     0     0     0
  22   1000   989   955   902   832   748   655   557   458   362   272   189   117    54     1   -40   -73   -98  -117  -129
       -137  -141  -142  -142  -140  -137  -134  -130  -127  -124  -121  -118  -115  -113  -111  -108  -106  -103  -100   -97
        -93   -89   -85   -80   -75   -70   -65   -59   -53   -48   -42   -36   -31   -25   -18   -12    -5     1     6    10
         13    16    19    21    24    27    29    31    32    34    35    35    35    35    34    33    32    31    29    26
         18    10     6     4     3     2     2     1     1     1     1     1     0     0     0     0     0     0     0     0
          0     0     0     0     0     0     0     0     0     0     0     0     0     0     0     0     0     0     0
  23   1000   989   955   902   832   748   656   558   459   364   274   192   120    58     6   -34   -66   -90  -108  -119
       -126  -130  -131  -130  -128  -126  -123  -120  -117  -114  -111  -109  -107  -104  -102   -99   -97   -94   -90   -87
        -83   -79   -74   -70   -65   -59   -54   -49   -43   -38   -33   -28   -22   -17   -11    -5     0     3     7    10
         12    15    17    19    21    23    25    26    27    28    28    28    28    28    27    26    25    23    21    14
          9     6     4     3     2     2     1     1     1     1     1     1     0     0     0     0     0     0     0     0
          0     0     0     0     0     0     0     0     0     0     0     0     0     0     0     0     0     0
  24   1000   989   956   902   832   749   656   559   460   365   276   194   123    62    11   -28   -60   -83  -100  -111
       -118  -121  -122  -121  -119  -117  -115  -112  -109  -107  -104  -102  -100   -97   -95   -92   -89   -86   -83   -79
        -75   -70   -66   -61   -56   -51   -45   -40   -35   -31   -26   -21   -16   -11    -6    -2     1     4     6     9
         11    13    15    17    18    19    20    21    22    22    22    22    21    21    20    19    18    16    12     7
          5     4     3     2     2     1     1     1     1     1     1     0     0     0     0     0     0     0     0     0
          0     0     0     0     0     0     0     0     0     1     1     1     1     1     0     0     0
  25   1000   989   956   903   833   749   657   559   461   366   277   196   125    65    15   -24   -55   -77   -94  -104
       -111  -114  -115  -114  -113  -111  -109  -106  -104  -101   -99   -97   -95   -92   -90   -87   -84   -80   -76   -72
        -68   -63   -59   -54   -49   -44   -39   -34   -29   -25   -20   -16   -12    -8    -4    -1     1     3     5     7
          9    11    12    13    14    15    16    16    16    17    16    16    15    15    14    13    12     9     7     5
          4     3     2     2     2     1     1     1     1     1     0     0     0     0     0     0     0     0     0     0
          0     0     0     0     0     0     1     1     1     1     1     1     1     1     1     1
  26   1000   989   956   903   833   749   657   560   462   367   278   198   127    67    18   -21   -51   -73   -89  -100
       -106  -109  -110  -110  -109  -107  -105  -103  -101   -99   -96   -94   -92   -89   -86   -83   -80   -76   -72   -67
        -63   -58   -53   -48   -43   -39   -34   -29   -25   -21   -17   -13    -9    -6    -3    -1     1     3     4     6
          7     9    10    10    11    12    12    12    12    12    12    11    11    10    10     9     7     6     5     4
          3     3     2     2     1     1     1     1     1     1     0     0     0     0     0     0     0     0     0     0
          0     0     0     1     1     1     1     1     1     1     1     1     1     1     1
  27   1000   989   956   903   833   749   657   560   462   367   278   198   128    68    19   -19   -49   -71   -87   -97
       -103  -107  -108  -108  -107  -105  -104  -102  -100   -98   -95   -93   -90   -87   -84   -81   -77   -73   -69   -64
        -59   -54   -49   -44   -40   -35   -30   -26   -22   -18   -14   -11    -8    -5    -3    -1     0     2     3     5
          6     6     7     8     8     8     9     8     8     8     8     7     7     6     6     6     5     5     4     3
          3     2     2     2     1     1     1     1     1     0     0     0     0     0     0     0     0     0     0     0
          0     1     1     1     1     1     1     1     1     1     1     1     1     1
  28   1000   989   956   903   833   749   657   559   461   366   278   197   127    68    19   -19   -49   -71   -86   -96
       -103  -106  -108  -108  -107  -106  -104  -102  -100   -98   -96   -93   -91   -87   -84   -80   -76   -72   -67   -62
        -57   -52   -47   -42   -37   -32   -28   -24   -20   -16   -13   -10    -8    -5    -3    -1     0     1     2     3
          4     5     5     5     5     6     6     5     5     5     5     4     4     4     5     5     5     4     4     3
          3     2     2     1     1     1     1     1     0     0     0     0     0     0     0     0     0     0     0     1
          1     1     1     1     1     1     1     1     1     1     1     1     1
  29   1000   989   956   903   832   749   656   558   460   365   276   196   125    66    17   -20   -50   -72   -87   -98
       -104  -108  -110  -110  -109  -108  -107  -105  -103  -101   -98   -95   -92   -89   -85   -81   -76   -71   -66   -61
        -56   -51   -45   -40   -35   -30   -26   -22   -19   -16   -13   -10    -8    -5    -3    -1     0     0     1     2
          2     3     3     3     3     3     3     3     3     2     2     2     2     4     5     5     5     4     3     3
          2     2     2     1     1     1     1     0     0     0     0     0     0     0     0     0     0     0     1     1
          1     1     1     1     1     1     1     1     1     1     1     1
  30   1000   989   956   902   832   748   654   556   458   362   273   193   123    63    15   -23   -53   -74   -90  -100
       -107  -111  -113  -113  -113  -112  -110  -109  -106  -104  -101   -98   -95   -91   -87   -82   -77   -72   -66   -61
        -55   -50   -44   -39   -34   -29   -25   -22   -19   -16   -13   -10    -8    -5    -3    -2    -1     0     0     0
          1     1     1     1     1     1     1     1     0     0     0     0     3     5     5     5     4     4     3     3
          2     2     1     1     1     1     1     0     0     0     0     0     0     0     0     0     1     1     1     1
          1     1     1     1     1     1     1     1     1     1     1
  31   1000   989   955   902   831   746   653   554   455   359   270   189   119    59    11   -27   -56   -78   -94  -104
       -111  -115  -117  -118  -118  -117  -115  -113  -111  -109  -106  -102   -98   -94   -89   -84   -79   -73   -67   -61
        -55   -49   -43   -38   -33   -29   -25   -22   -19   -16   -13   -10    -7    -5    -4    -2    -2    -1     0     0
          0     0     0     0     0     0     0     0    -1    -1     0     2     5     5     5     5     4     3     3     2
          2     2     1     1     1     1     0     0     0     0     0     0     0     0     1     1     1     1     1     1
          1     1     1     1     1     1     1     1     1     1
  32   1000   989   955   901   830   745   651   551   451   355   265   185   114    55     6   -31   -61   -83   -99  -109
       -117  -121  -123  -124  -124  -123  -121  -119  -117  -114  -110  -106  -102   -97   -92   -86   -80   -74   -68   -61
        -55   -49   -43   -37   -33   -29   -25   -22   -18   -15   -12    -9    -7    -5    -4    -3    -2    -2    -1    -1
         -1    -1    -1    -1    -1    -1    -2    -2    -2    -1     2     5     6     6     5     4     4     3     3     2
          2     1     1     1     1     0     0     0     0     0     0     0     0     1     1     1     1     1     1     1
          1     1     1     1     1     1     1     1     1
  33   1000   989   955   901   829   743   648   548   448   351   261   180   109    50     1   -36   -66   -88  -104  -115
       -123  -127  -129  -130  -130  -129  -128  -125  -123  -119  -115  -111  -106  -100   -94   -88   -82   -75   -68   -61
        -54   -48   -42   -37   -32   -29   -25   -21   -18   -14   -11    -9    -7    -5    -5    -4    -3    -3    -3    -3
         -2    -3    -3    -3    -3    -3    -3    -3    -2     1     5     6     6     5     5     4     3     3     2     2
          1     1     1     1     1     0     0     0     0     0     0     1     1     1     1     1     1     1     1     1
          1     1     1     1     1     1     1     1
  34   1000   989   955   900   827   741   645   545   444   346   256   175   104    45    -3   -42   -72   -94  -110  -122
       -129  -134  -136  -137  -137  -136  -134  -132  -129  -125  -120  -115  -110  -103   -97   -90   -82   -75   -68   -60
        -54   -47   -42   -37   -33   -29   -25   -20   -17   -13   -11    -8    -7    -6    -5    -4    -4    -4    -4    -4
         -4    -4    -4    -4    -4    -4    -5    -3     1     5     6     6     6     5     4     4     3     2     2     2
          1     1     1     1     0     0     0     0     0     0     1     1     1     1     1     1     1     1     1     1
          1     1     1     1     1     1     1
  35   1000   988   954   899   826   739   642   541   440   342   251   170    99    39    -8   -47   -77  -100  -116  -128
       -136  -141  -143  -145  -144  -143  -141  -138  -134  -130  -125  -119  -112  -105   -98   -90   -82   -75   -67   -59
        -52   -46   -41   -36   -32   -28   -23   -19   -15   -12   -10    -8    -7    -6    -5    -5    -5    -5    -5    -5
         -5    -5    -5    -5    -5    -6    -4     1     5     7     7     6     6     5     4     3     3     2     2     1
          1     1     1     0     0     0     0     0     1     1     1     1     1     1     1     1     1     1     1     1
          1     1     1     1     1     1
  36   1000   988   954   898   824   737   639   538   436   338   247   165    94    35   -14   -53   -83  -106  -123  -135
       -143  -148  -151  -152  -151  -150  -147  -144  -139  -134  -128  -122  -114  -107   -98   -90   -82   -73   -65   -58
        -51   -45   -40   -36   -31   -26   -21   -17   -14   -11    -9    -8    -7    -6    -6    -6    -6    -5    -6    -6
         -6    -6    -6    -6    -6    -5     0     5     7     7     7     6     5     4     3     3     2     2     1     1
          1     1     1     0     0     0     0     1     1     1     1     1     1     1     1     1     1     1     1     2
          2     1     1     1     1
  37   1000   988   953   897   823   735   637   534   432   334   243   161    90    30   -18   -58   -88  -112  -129  -141
       -149  -154  -157  -158  -157  -156  -152  -148  -143  -137  -130  -123  -115  -106   -97   -88   -80   -71   -63   -56
        -49   -44   -39   -34   -28   -23   -19   -15   -12   -10    -9    -8    -7    -6    -6    -6    -6    -6    -6    -7
         -6    -7    -7    -7    -5     0     6     8     8     7     6     5     4     4     3     2     2     1     1     1
          1     1     0     0     0     1     1     1     1     1     1     1     1     1     1     1     2     2     2     2
          2     2     1     1
  38   1000   988   953   896   821   733   634   532   429   331   239   158    86    26   -22   -62   -93  -117  -134  -147
       -155  -161  -163  -164  -163  -160  -157  -152  -146  -139  -131  -123  -114  -105   -95   -86   -77   -68   -60   -54
        -48   -42   -36   -31   -25   -21   -17   -13   -11   -10    -8    -8    -7    -7    -7    -6    -7    -7    -7    -7
         -7    -7    -8    -5     0     6     8     8     7     6     6     5     4     3     2     2     1     1     1     1
          1     0     0     0     1     1     1     1     1     1     1     1     1     1     2     2     2     2     2     2
          2     1     1
  39   1000   988   953   896   820   731   632   529   427   328   237   155    84    23   -26   -66   -98  -122  -140  -152
       -161  -166  -168  -169  -167  -164  -159  -153  -146  -139  -130  -121  -111  -101   -91   -82   -73   -64   -57   -51
        -45   -39   -33   -27   -22   -18   -14   -12   -10    -9    -8    -7    -7    -7    -7    -7    -7    -7    -7    -8
         -8    -8    -6     0     6     8     8     8     7     6     5     4     3     3     2     2     1     1     1     1
          1     0     0     1     1     1     1     1     1     1     1     1     2     2     2     2     2     2     2     2
          2     1
  40   1000   988   952   895   819   730   631   528   425   327   235   153    81    20   -29   -70  -102  -126  -144  -157
       -165  -170  -172  -172  -169  -165  -160  -153  -145  -136  -127  -117  -107   -96   -86   -77   -68   -61   -54   -48
        -41   -34   -28   -23   -19   -15   -12   -11    -9    -8    -7    -7    -7    -7    -7    -7    -8    -7    -8    -8
         -8    -6     0     6     8     9     8     7     6     5     4     3     3     2     2     1     1     1     1     1
          1     1     1     1     1     1     1     1     1     1     1     2     2     2     2     2     2     2     2     2
          1
  41   1000   988   952   894   819   729   630   527   424   326   234   152    80    19   -31   -72  -104  -129  -147  -160
       -168  -173  -174  -173  -170  -165  -158  -151  -142  -132  -122  -112  -101   -90   -81   -71   -63   -56   -50   -43
        -36   -30   -24   -19   -16   -13   -11    -9    -8    -8    -7    -7    -7    -7    -7    -8    -7    -8    -8    -8
         -6     0     7     9     9     8     7     6     5     4     3     3     2     2     1     1     1     1     1     1
          1     1     1     1     1     1     1     1     1     1     2     2     2     2     2     2     2     2     2     2
  42   1000   988   952   894   818   729   630   527   424   326   234   152    79    18   -33   -74  -107  -131  -149  -162
       -169  -173  -174  -172  -168  -162  -155  -146  -136  -126  -115  -104   -94   -84   -74   -66   -58   -51   -44   -37
        -31   -25   -20   -16   -13   -11   -10    -8    -7    -7    -7    -7    -7    -7    -7    -7    -8    -8    -8    -6
          1     7     9     9     8     7     6     5     4     3     3     2     2     1     1     1     1     1     1     1
          1     1     1     1     1     1     1     1     1     2     2     2     2     2     2     2     2     2     2
  43   1000   988   952   894   818   729   630   528   425   326   235   152    79    17   -33   -75  -107  -132  -150  -162
       -169  -172  -172  -169  -164  -157  -149  -139  -129  -118  -107   -96   -86   -76   -68   -60   -53   -45   -38   -31
        -25   -20   -16   -13   -11   -10    -8    -7    -7    -7    -7    -7    -7    -7    -7    -8    -8    -8    -6     1
          7     9     9     8     7     6     5     4     3     3     2     2     1     1     1     1     1     1     1     1
          1     1     1     1     1     1     1     2     2     2     2     2     2     2     2     2     2     2
  44   1000   988   952   894   819   729   631   529   426   328   236   153    80    17   -33   -75  -107  -132  -149  -160
       -167  -169  -168  -164  -158  -150  -141  -131  -120  -109   -98   -88   -78   -69   -61   -54   -46   -39   -32   -26
        -21   -16   -13   -11   -10    -8    -7    -7    -7    -7    -7    -7    -7    -7    -7    -8    -8    -6     1     7
          9     9     8     7     6     5     4     3     3     2     2     1     1     1     1     1     1     1     1     1
          1     1     1     1     1     1     2     2     2     2     2     2     2     2     2     2     2
  45   1000   988   952   895   819   730   632   530   428   329   237   154    81    18   -32   -74  -106  -130  -147  -157
       -163  -164  -162  -157  -150  -141  -131  -121  -110   -99   -88   -79   -70   -62   -54   -47   -39   -32   -26   -21
        -17   -14   -11   -10    -8    -7    -7    -7    -7    -7    -7    -7    -7    -7    -8    -8    -6     1     7     9
          9     8     7     6     5     4     3     3     2     2     1     1     1     1     1     1     1     1     1     1
          1     1     1     1     1     2     2     2     2     2     2     2     2     2     2     2
  46   1000   988   952   895   820   731   634   532   429   331   239   155    82    20   -30   -71  -103  -126  -142  -152
       -157  -157  -154  -148  -140  -131  -121  -110   -99   -89   -79   -70   -62   -55   -47   -39   -32   -26   -21   -17
        -14   -11   -10    -8    -7    -7    -7    -7    -7    -7    -7    -7    -7    -8    -8    -6     1     7     9     9
          8     7     6     5     4     3     3     2     2     1     1     1     1     1     1     1     1     1     1     1
          1     1     1     1     1     2     2     2     2     2     2     2     2     2     2
  47   1000   988   952   895   821   732   635   533   431   332   241   157    85    23   -28   -68   -99  -122  -137  -145
       -149  -148  -144  -138  -129  -120  -110   -99   -89   -79   -70   -62   -55   -47   -40   -33   -26   -21   -17   -14
        -12   -10    -9    -8    -7    -7    -7    -7    -7    -7    -7    -8    -8    -8    -6     1     7     9     9     8
          7     6     5     4     3     3     2     2     1     1     1     1     1     1     1     1     1     1     1     1
          1     1     1     1     2     2     2     2     2     2     2     2     2     2
  48   1000   988   952   896   822   734   636   535   433   334   243   160    87    26   -24   -64   -94  -116  -130  -137
       -140  -138  -133  -126  -118  -108   -98   -88   -79   -70   -62   -55   -47   -40   -33   -27   -21   -17   -14   -12
        -10    -9    -8    -8    -7    -7    -7    -7    -8    -7    -8    -8    -8    -6     0     7     9     9     8     7
          6     5     4     3     3     2     2     1     1     1     1     1     1     1     1     1     1     1     1     1
          1     1     1     2     2     2     2     2     2     2     2     2     2
  49   1000   988   953   896   822   735   638   536   435   336   245   162    90    29   -20   -59   -88  -108  -121  -128
       -130  -127  -122  -115  -106   -97   -87   -78   -70   -62   -55   -47   -40   -33   -27   -21   -17   -14   -12   -10
         -9    -8    -8    -8    -7    -8    -8    -8    -7    -8    -8    -8    -6     0     6     9     9     8     7     6
          5     4     3     3     2     2     1     1     1     1     1     1     1     1     1     1     1     1     1     1
          1     1     2     2     2     2     2     2     2     2     2     1
  50   1000   988   953   897   823   736   639   538   436   338   247   165    94    33   -14   -53   -81  -100  -112  -118
       -119  -116  -110  -103   -94   -86   -77   -69   -62   -54   -47   -40   -33   -27   -22   -18   -15   -12   -11    -9
         -8    -8    -8    -8    -8    -8    -8    -8    -8    -8    -9    -6     0     6     8     9     8     7     6     5
          4     3     3     2     2     1     1     1     1     1     0     1     1     1     1     1     1     1     1     1
          1     2     2     2     2     2     2     2     2     2     1
  51   1000   988   953   897   824   737   640   539   438   341   250   168    98    38    -9   -46   -73   -91  -102  -107
       -108  -104   -99   -92   -84   -76   -68   -61   -54   -47   -40   -33   -27   -22   -18   -15   -13   -11   -10    -9
         -9    -8    -8    -8    -8    -8    -8    -8    -9    -9    -6     0     6     8     8     8     7     6     5     4
          3     3     2     2     1     1     1     1     1     0     1     1     1     1     1     1     1     1     1     1
          2     2     2     2     2     2     2     2     2     1
  52   1000   988   953   898   824   737   641   541   440   343   253   172   102    44    -2   -38   -64   -82   -92   -97
        -96   -93   -88   -81   -74   -67   -61   -54   -47   -40   -33   -28   -22   -18   -15   -13   -12   -10    -9    -9
         -9    -8    -9    -8    -9    -8    -9    -9    -9    -7     0     6     8     8     8     7     6     5     4     3
          3     2     2     1     1     1     1     1     0     0     1     1     1     1     1     1     1     1     1     2
          2     2     2     2     2     2     2     2     1
  53   1000   988   953   898   825   738   642   542   441   345   256   176   107    49     3   -30   -56   -72   -82   -86
        -86   -83   -78   -72   -66   -60   -54   -47   -40   -34   -28   -23   -19   -16   -14   -12   -11   -10    -9    -9
         -9    -9    -9    -9    -9    -9    -9    -9    -7     0     6     8     8     8     7     6     5     4     3     3
          2     2     1     1     1     1     1     0     0     1     1     1     1     1     1     1     1     1     2     2
          2     2     2     2     2     2     2     1
  54   1000   988   954   898   825   739   643   543   443   347   259   180   112    55    11   -22   -47   -63   -72   -76
        -76   -73   -69   -64   -59   -53   -47   -40   -34   -28   -24   -20   -17   -15   -13   -11   -10   -10   -10    -9
         -9    -9    -9    -9    -9    -9    -9    -7     0     6     8     8     8     7     6     5     4     3     3     2
          2     1     1     1     1     1     0     0     1     1     1     1     1     1     1     1     1     1     2     2
          2     2     2     2     2     2     1
  55   1000   988   954   898   826   739   644   544   445   350   262   184   117    62    18   -14   -38   -53   -62   -66
        -66   -65   -61   -58   -53   -47   -41   -35   -29   -24   -20   -18   -15   -14   -12   -11   -11   -10   -10   -10
        -10   -10    -9    -9   -10   -10    -7     0     6     8     8     8     7     6     5     4     3     3     2     2
          1     1     1     1     1     0     0     1     1     1     1     1     1     1     1     1     1     2     2     2
          2     2     2     2     2     1
  56   1000   988   954   899   826   740   645   546   447   352   266   189   123    68    26    -6   -29   -44   -53   -57
        -59   -58   -56   -52   -47   -41   -35   -30   -25   -22   -19   -17   -15   -13   -12   -12   -11   -10   -11   -10
        -10   -10   -10   -10   -10    -7     0     6     8     8     8     7     6     5     4     3     3     2     2     1
          1     1     1     1     0     0     1     1     1     1     1     1     1     1     1     1     2     2     2     2
          2     2     2     2     1
  57   1000   988   954   899   826   740   646   547   449   355   269   193   129    75    33     2   -20   -36   -45   -50
        -52   -52   -50   -46   -41   -36   -31   -27   -23   -20   -18   -16   -14   -13   -13   -12   -11   -11   -11   -11
        -10   -10   -10   -10    -7     0     6     8     8     8     7     6     5     4     3     3     2     2     1     1
          1     1     1     0     0     1     1     1     1     1     1     1     1     1     2     2     2     2     2     2
          2     2     2     1
  58   1000   988   954   899   827   741   647   549   451   359   274   199   135    82    41     9   -12   -28   -38   -44
        -47   -47   -45   -41   -37   -32   -28   -24   -21   -19   -17   -16   -14   -14   -13   -12   -12   -11   -11   -10
        -11   -10   -10    -8     0     6     8     8     8     7     6     5     4     3     3     2     2     1     1     1
          1     1     0     0     1     1     1     1     1     1     1     1     1     2     2     2     2     2     2     2
          2     2     1
  59   1000   988   954   899   827   742   648   551   454   362   278   204   141    89    48    17    -5   -22   -33   -40
        -43   -43   -40   -37   -33   -29   -26   -23   -21   -19   -17   -16   -15   -14   -13   -13   -12   -12   -11   -11
        -11   -11    -8     0     5     8     8     8     7     6     5     4     3     3     2     2     1     1     1     1
          1     0     1     1     1     1     1     1     1     1     1     1     2     2     2     2     2     2     2     2
          2     1
  60   1000   988   954   899   827   743   649   553   457   366   283   210   148    96    55    24     0   -17   -29   -36
        -39   -38   -36   -34   -30   -27   -25   -23   -21   -19   -17   -16   -16   -14   -14   -13   -13   -12   -11   -11
        -11    -8     0     5     8     8     8     7     6     5     4     3     3     2     2     1     1     1     1     1
          1     1     1     1     1     1     1     1     1     1     1     2     2     2     2     2     2     2     2     2
          1
  61   1000   988   954   900   828   744   651   555   461   371   289   216   154   103    62    29     4   -13   -25   -32
        -35   -35   -33   -31   -29   -27   -25   -23   -21   -19   -18   -17   -16   -15   -14   -13   -12   -12   -12   -11
         -8     0     5     8     8     8     7     6     5     4     3     3     2     2     1     1     1     1     1     1
          1     1     1     1     1     1     1     1     1     1     2     2     2     2     2     2     2     2     2     1
  62   1000   988   954   900   829   745   653   558   465   376   294   222   160   109    67    33     7   -10   -22   -28
        -31   -32   -31   -30   -28   -27   -25   -23   -21   -20   -19   -17   -16   -15   -14   -13   -13   -12   -12    -9
          0     5     8     8     8     7     6     5     4     3     3     2     2     1     1     1     1     1     1     1
          1     1     1     1     1     1     1     1     1     2     2     2     2     2     2     2     2     2     2
  63   1000   988   955   901   830   747   656   562   469   381   300   228   166   113    70    35     9    -7   -18   -25
        -29   -30   -30   -29   -28   -27   -25   -23   -22   -21   -19   -18   -16   -15   -14   -13   -12   -12    -9    -1
          5     8     8     8     7     6     5     4     3     3     2     2     1     1     1     1     1     1     1     1
          1     1     1     1     1     1     1     1     2     2     2     2     2     2     2     2     2     2
  64   1000   988   955   901   831   749   659   565   473   386   305   233   170   116    72    37    12    -4   -16   -23
        -27   -29   -30   -30   -29   -27   -26   -24   -23   -21   -19   -18   -16   -15   -14   -13   -12    -9    -1     5
          8     8     8     7     6     5     4     3     3     2     2     1     1     1     1     1     1     1     1     1
          1     1     1     1     1     1     1     2     2     2     2     2     2     2     2     2     2
  65   1000   989   955   902   832   751   662   569   478   390   309   236   172   117    73    39    15    -2   -14   -22
        -27   -29   -30   -30   -29   -28   -26   -25   -22   -21   -19   -17   -15   -14   -13   -12    -9    -1     5     8
          8     8     7     6     5     4     3     3     2     2     1     1     1     1     1     1     1     1     1     1
          1     1     1     1     1     2     2     2     2     2     2     2     2     2     2     2
  66   1000   989   955   903   834   753   665   573   482   394   312   238   172   117    74    41    17     0   -13   -21
        -27   -30   -31   -31   -30   -28   -26   -24   -22   -20   -18   -16   -15   -14   -13    -9    -1     5     7     8
          8     7     6     5     4     3     3     2     2     1     1     1     1     1     1     1     1     1     1     1
          1     1     1     1     2     2     2     2     2     2     2     2     2     2     2
  67   1000   989   956   904   836   755   668   576   485   396   313   237   171   118    76    43    18     0   -13   -22
        -27   -30   -31   -31   -30   -28   -26   -24   -21   -19   -17   -16   -14   -13    -9    -1     5     7     8     8
          7     6     5     4     3     3     2     2     1     1     1     1     1     1     1     1     1     1     1     1
          1     1     1     2     2     2     2     2     2     2     2     2     2     2
  68   1000   989   956   905   837   757   670   578   486   396   311   235   172   119    77    44    19     0   -13   -22
        -28   -30   -31   -31   -29   -27   -25   -23   -20   -18   -16   -14   -13    -9    -1     4     7     8     7     7
          6     5     4     3     3     2     2     1     1     1     1     1     1     1     1     1     1     1     1     1
          1     1     2     2     2     2     2     2     2     2     2     2     2
  69   1000   989   957   906   838   759   671   579   485   393   308   234   172   120    78    45    19     0   -13   -22
        -27   -30   -31   -30   -28   -26   -23   -21   -18   -16   -14   -13    -9    -1     4     7     7     7     6     6
          5     4     3     3     2     2     1     1     1     1     1     1     1     1     1     1     1     1     1     1
          1     1     2     2     2     2     2     2     2     2     2     2
  70   1000   989   957   906   839   760   671   577   481   389   307   235   173   121    79    45    18     0   -13   -22
        -27   -29   -29   -28   -26   -24   -21   -18   -16   -14   -12    -9    -2     4     6     7     7     6     5     5
          4     3     3     2     2     1     1     1     1     1     1     1     1     1     1     1     1     1     1     1
          1     2     2     2     2     2     2     2     2     2     2
  71   1000   989   957   907   840   759   669   572   476   387   306   235   174   122    79    44    18     0   -12   -20
        -25   -27   -27   -26   -23   -21   -18   -16   -13   -11    -8    -1     3     6     6     6     6     5     4     4
          3     3     2     2     1     1     1     1     1     1     1     1     1     1     1     1     1     1     1     1
          2     2     2     2     2     2     2     2     2     1
  72   1000   989   958   907   838   756   663   566   473   386   307   236   174   122    79    45    19     1   -10   -18
        -22   -23   -23   -22   -19   -17   -14   -12   -10    -7    -1     3     5     6     6     5     5     4     4     3
          2     2     2     1     1     1     1     1     1     1     1     1     1     1     1     1     1     1     1     2
          2     2     2     2     2     2     2     2     1
  73   1000   989   957   905   835   750   656   563   473   387   308   237   175   123    80    47    22     5    -6   -13
        -17   -18   -18   -16   -14   -11    -9    -7    -4     0     2     4     5     5     5     4     4     3     3     2
          2     1     1     1     1     1     1     1     1     1     1     1     1     1     1     1     1     1     1     2
          2     2     2     2     2     2     1     1
  74   1000   989   956   903   830   744   654   564   475   390   311   240   178   126    84    52    28    11     0    -6
         -9   -10   -10    -8    -6    -4    -2     0     1     2     3     4     4     4     3     3     3     2     2     2
          1     1     1     1     1     1     1     1     1     1     1     1     1     1     1     1     1     1     1     1
          2     2     2     2     1     1     1
  75   1000   989   955   898   825   743   657   568   479   394   315   245   183   133    93    61    38    22    11     5
          2     0     1     2     3     5     6     4     3     2     2     2     2     2     2     2     2     2     1     1
          1     1     1     1     1     1     1     1     1     1     1     1     1     1     1     1     1     1     1     1
          1     1     1     1     1     1
  76   1000   988   952   896   827   748   664   575   488   403   325   255   196   147   108    78    55    39    29    23
         19    17    17    18    19    17    10     4     1     1     1     1     1     1     1     1     1     1     1     1
          1     1     1     1     1     1     1     1     1     1     1     1     1     1     1     1     1     1     1     1
          1     1     1     1     1
  77   1000   988   952   900   834   758   674   587   500   417   340   273   216   168   130   102    79    65    54    47
         42    40    39    39    34    19     6     0    -1    -1    -1     0     0     0     0     0     0     0     1     1
          1     1     1     1     1     1     1     1     1     1     1     1     1     1     1     1     1     1     1     1
          1     1     1     1
  78   1000   988   956   907   843   769   686   601   516   435   362   297   241   196   160   130   110    94    83    74
         70    67    64    55    30     8     0    -3    -4    -3    -3    -2    -1     0     0     0     0     0     0     0
          1     1     1     1     1     1     0     0     0     0     0     0     0     0     0     0     0     0     0     0
          0     0     0
  79   1000   989   959   912   850   777   697   613   531   453   382   319   265   221   184   157   135   119   106    98
         92    87    73    40    10    -2    -6    -7    -6    -5    -4    -3    -2    -1     0     0     0     0     0     0
          1     1     1     1     0     0     0     0     0     0     0     0     0     0     0     0     0     0     0     0
          0     0
  80   1000   990   961   914   853   781   702   620   540   463   393   332   280   234   200   170   149   130   118   109
        102    85    45    11    -4    -9   -10    -9    -7    -6    -4    -3    -2    -1     0     0     0     0     0     0
          0     0     0     0     0     0     0     0     0     0     0     0     0     0     0     0     0     0     0     0
          0
  81   1000   990   961   915   855   783   705   624   545   469   400   339   285   242   205   177   152   135   122   112
         92    48    10    -6   -12   -13   -11   -10    -8    -6    -4    -3    -2    -1     0     0     0     0     0     0
          0     0     0     0     0     0     0     0     0     0     0     0     0     0     0     0     0     0     0     0
  82   1000   990   961   915   855   784   707   626   547   473   404   342   290   244   208   176   154   136   122    98
         50     9    -8   -14   -15   -14   -12   -10    -8    -6    -4    -3    -1     0     0     0     0     0     0     0
          0     0     0     0     0     0     0     0     0    -1    -1    -1    -1    -1    -1    -1    -1    -1    -1
  83   1000   990   961   915   855   784   707   628   549   475   405   345   291   246   206   177   154   135   107    54
         10   -10   -17   -18   -17   -15   -12    -9    -7    -5    -3    -2    -1     0     0     0     0     0     0     0
          0     0     0     0     0    -1    -1    -1    -1    -1    -2    -2    -2    -2    -2    -2    -1    -1
  84   1000   990   961   915   855   785   709   630   552   476   408   346   292   244   207   177   153   119    61    12
        -10   -19   -21   -20   -17   -14   -12    -9    -7    -5    -3    -2    -1     0     0     0     0     0     0     0
          0     0    -1    -1    -1    -2    -2    -2    -2    -3    -3    -3    -3    -3    -2    -2    -2
  85   1000   990   961   916   856   787   711   633   555   481   411   350   293   248   210   178   139    73    17    -9
        -20   -23   -22   -20   -17   -14   -11    -8    -6    -4    -3    -2    -1     0     0     0     0     0     0     0
         -1    -1    -2    -2    -2    -3    -3    -3    -4    -4    -4    -4    -4    -4    -3    -3
  86   1000   990   962   917   858   790   715   637   560   485   416   351   297   251   212   165    90    27    -4   -19
        -24   -24   -22   -19   -16   -13   -10    -8    -5    -4    -2    -2    -1     0     0     0     0    -1    -1    -2
         -2    -3    -3    -4    -4    -4    -5    -5    -5    -5    -5    -5    -5    -5    -4
  87   1000   990   963   919   861   793   719   642   565   491   419   357   302   255   199   114    41     3   -15   -22
        -25   -24   -21   -18   -15   -12    -9    -7    -5    -3    -2    -2    -1    -1    -1    -1    -1    -2    -2    -3
         -4    -4    -5    -5    -6    -6    -7    -7    -7    -7    -7    -7    -6    -6
  88   1000   991   963   920   863   796   722   645   568   491   422   359   303   238   144    61    16    -7   -18   -23
        -24   -22   -20   -17   -13   -11    -8    -6    -4    -3    -2    -2    -2    -2    -2    -2    -3    -3    -4    -5
         -6    -6    -7    -8    -8    -9    -9    -9    -9    -9    -9    -8    -7
  89   1000   991   964   920   864   798   724   646   567   492   422   358   285   181    89    35     5   -10   -18   -21
        -21   -20   -17   -14   -12    -9    -7    -5    -4    -3    -2    -2    -2    -3    -3    -4    -5    -5    -6    -7
         -8    -9   -10   -10   -11   -11   -11   -11   -11   -11   -10    -9
  90   1000   991   964   921   865   798   724   645   567   492   421   340   227   124    62    25     3    -9   -15   -18
        -18   -17   -15   -12   -10    -8    -6    -5    -4    -3    -3    -3    -4    -4    -5    -6    -7    -8    -9   -10
        -11   -12   -12   -13   -13   -14   -14   -13   -13   -12   -11
  91   1000   991   964   922   866   799   723   646   567   491   404   282   169    97    52    23     5    -5   -11   -14
        -14   -13   -12   -10    -8    -7    -5    -4    -4    -4    -4    -4    -5    -6    -7    -8    -9   -10   -12   -13
        -14   -15   -15   -16   -16   -16   -16   -15   -14   -13
  92   1000   991   965   922   866   798   723   645   566   474   346   223   142    88    51    26    10     0    -6    -9
        -10   -10    -9    -8    -7    -6    -5    -5    -4    -5    -5    -6    -7    -8    -9   -11   -12   -13   -15   -16
        -17   -18   -18   -18   -18   -18   -17   -16   -15
  93   1000   991   964   921   864   796   721   642   548   417   288   197   134    89    56    32    16     5    -1    -4
         -6    -7    -7    -6    -6    -5    -5    -5    -5    -6    -7    -8    -9   -11   -12   -14   -15   -17   -18   -19
        -20   -21   -21   -21   -20   -20   -19   -17
  94   1000   991   964   920   863   795   719   627   495   360   262   190   136    94    63    40    23    12     4     0
         -2    -4    -4    -5    -5    -5    -5    -6    -7    -8    -9   -11   -12   -14   -15   -17   -19   -20   -21   -22
        -23   -23   -23   -22   -22   -20   -19
  95   1000   991   963   920   862   793   706   578   441   337   257   194   143   103    72    48    31    18    10     4
          0    -1    -3    -4    -5    -5    -6    -7    -9   -10   -12   -13   -15   -17   -19   -20   -22   -23   -24   -25
        -25   -25   -24   -24   -22   -21
  96   1000   991   963   919   861   783   662   527   419   332   261   202   153   113    81    57    38    24    15     8
          3     0    -2    -3    -5    -6    -8    -9   -11   -12   -14   -16   -18   -20   -22   -23   -25   -26   -26   -27
        -27   -26   -25   -24   -22
  97   1000   991   963   919   853   745   617   508   418   340   273   215   165   124    91    65    45    30    19    11
          5     1    -1    -3    -6    -7    -9   -11   -13   -15   -17   -19   -21   -23   -24   -26   -27   -28   -28   -28
        -27   -26   -25   -23
  98   1000   991   963   913   820   701   597   506   424   350   284   226   176   134   100    73    51    35    23    14
          7     2    -1    -4    -7    -9   -11   -13   -15   -17   -19   -22   -23   -25   -27   -28   -28   -29   -29   -28
        -27   -26   -24
  99   1000   991   959   885   780   683   596   513   435   363   297   238   187   144   108    79    57    39    26    15
          8     2    -1    -5    -8   -10   -13   -15   -17   -20   -22   -24   -25   -27   -28   -29   -29   -29   -28   -27
        -26   -24
 100   1000   988   936   849   764   683   603   525   448   376   309   249   197   152   115    85    61    42    28    17
          8     2    -2    -6    -9   -12   -15   -17   -19   -21   -23   -25   -27   -28   -29   -29   -29   -28   -27   -26
        -24
 101   1000   977   917   849   779   705   628   549   471   397   327   265   210   163   123    91    65    45    29    18
          8     2    -3    -7   -11   -14   -16   -19   -21   -23   -25   -26   -27   -28   -28   -28   -28   -27   -25   -24
 102   1000   980   939   885   821   748   669   587   505   425   352   285   226   175   133    98    70    48    31    18
          9     1    -4    -8   -12   -15   -18   -20   -22   -24   -25   -26   -27   -27   -27   -27   -26   -24   -23
 103   1000   987   955   906   844   771   690   606   522   440   364   295   234   181   137   101    72    49    32    18
          8     1    -4    -9   -12   -15   -18   -20   -22   -23   -24   -25   -25   -25   -24   -24   -22   -21
 104   1000   989   959   912   850   777   697   612   527   445   368   298   236   183   138   102    73    50    32    18
          8     0    -5    -9   -12   -15   -17   -19   -20   -21   -22   -22   -22   -22   -21   -20   -19
 105   1000   990   960   914   852   779   699   614   529   447   369   299   237   183   139   102    72    49    32    18
          8     0    -5    -9   -12   -15   -16   -18   -19   -20   -20   -20   -20   -19   -18   -17
 106   1000   990   961   914   853   780   700   615   530   447   369   299   237   183   138   102    72    49    31    18
          8     0    -4    -8   -11   -14   -15   -16   -17   -18   -18   -17   -17   -16   -15
 107   1000   990   961   915   854   781   700   615   530   447   369   299   236   183   138   101    72    49    31    18
          8     1    -4    -8   -10   -12   -14   -15   -15   -15   -15   -15   -14   -13
 108   1000   990   961   915   854   781   700   615   529   446   369   298   236   182   138   101    72    49    31    18
          8     1    -3    -7    -9   -11   -12   -13   -13   -13   -12   -12   -11
 109   1000   990   961   915   853   780   699   614   529   446   368   298   235   182   137   101    72    49    32    19
          9     2    -2    -5    -8    -9   -10   -10   -11   -10   -10    -9
 110   1000   990   961   915   853   780   699   614   528   445   367   297   235   182   137   101    72    49    32    19
         10     3    -1    -4    -6    -7    -8    -8    -8    -8    -8
 111   1000   990   961   914   853   780   698   613   528   445   367   297   235   182   137   101    72    50    33    20
         11     4     0    -2    -4    -6    -6    -6    -6    -6
 112   1000   990   961   914   853   779   698   613   527   444   367   296   235   182   137   101    73    50    33    21
         12     5     1    -1    -3    -4    -5    -5    -5
 113   1000   990   961   914   852   779   698   612   527   444   367   296   235   182   138   102    73    51    34    22
         13     6     2     0    -2    -3    -3    -3
 114   1000   990   961   914   852   779   698   612   527   444   367   296   235   182   138   102    74    52    35    23
         14     7     3     0     0    -1    -2
 115   1000   990   961   914   852   779   697   612   527   444   367   297   235   182   138   102    74    52    35    23
         14     8     4     1     0     0
 116   1000   990   961   914   852   779   697   612   527   444   367   297   235   182   139   103    74    53    36    24
         15     9     5     2     0
 117   1000   990   961   914   852   779   697   612   527   444   367   297   235   183   139   103    75    53    36    24
         16     9     5     3
 118   1000   990   961   914   852   779   697   612   527   444   367   297   235   183   139   103    75    53    37    25
         16    10     6
 119   1000   990   961   914   852   779   697   612   527   444   367   297   236   183   139   103    75    53    37    25
         16    10
 120   1000   990   961   914   852   779   697   612   527   444   367   297   236   183   139   103    75    54    37    25
         16
 121   1000   990   961   914   852   779   697   612   527   444   367   297   235   183   139   103    75    54    37    25
 122   1000   990   961   914   852   779   697   612   527   444   367   297   235   183   139   103    75    53    37
 123   1000   990   961   914   852   779   697   612   526   444   367   297   235   182   139   103    75    53
 124   1000   990   961   914   852   778   697   612   526   444   366   296   235   182   139   103    75
 125   1000   990   961   914   852   778   697   612   526   443   366   296   235   182   138   103
 126   1000   990   961   914   852   778   697   612   526   443   366   296   234   182   138
 127   1000   990   961   914   852   778   697   611   526   443   366   296   234   182
 128   1000   990   961   914   852   778   697   611   525   443   365   295   234
 129   1000   990   961   914   852   778   696   611   525   442   365   295
 130   1000   990   961   914   851   778   696   611   525   442   365
 131   1000   990   961   913   851   778   696   611   525   442
 132   1000   990   961   913   851   778   696   611   525
 133   1000   990   961   913   851   778   696   611
 134   1000   990   961   913   851   778   696
 135   1000   990   961   913   851   778
 136   1000   990   961   913   851
 137   1000   990   961   914
 138   1000   990   961
 139   1000   990
 140   1000

 Finished!
