88" 33MeV Deuteron breakup on Ta, Clean Beam
  140    6    1    0    1
   0.00500  10.00000   0.00500   0.00100
   1.0000000   0   0 7.86600000E+03   1.0000000
AL27P    1.414E-20 0.020       0.00       0.00        (    )
AL27A    1.925E-20 0.010       0.00       0.00        (    )
NI582    3.677E-21 0.015       0.00       0.00        (    )
IN115N   8.670E-20 0.005       0.00       0.00        (    )
AU1972   3.093E-19 0.012       0.00       0.00        (    )
AU197G   8.478E-20 0.017       0.00 AUNG  3.70 BFX    (BEAM)
Flux Uncertainty From MCNP Calculations
 140
 1.0000E+00 2.5930E-01 1.8140E-01 1.0920E-01 1.7370E-01 1.1820E-01 1.5140E-01
 3.3850E-01 3.8860E-01 2.7190E-01 2.5470E-01 3.1410E-01 2.7410E-01 2.7640E-01
 2.7960E-01 2.9360E-01 3.4000E-01 2.5510E-01 2.8130E-01 2.5100E-01 3.7550E-01
 2.6870E-01 2.7320E-01 3.0740E-01 3.1500E-01 3.0620E-01 3.6710E-01 3.0080E-01
 2.8070E-01 4.7700E-01 2.8300E-01 3.9880E-01 3.3630E-01 3.9190E-01 3.4100E-01
 4.4320E-01 4.0220E-01 3.6030E-01 3.4910E-01 2.3000E-01 4.0460E-01 2.1290E-01
 2.5020E-01 3.5830E-01 1.9940E-01 2.0180E-01 2.3230E-01 1.5980E-01 1.5020E-01
 1.2110E-01 1.1090E-01 1.0480E-01 1.0440E-01 8.0500E-02 9.7500E-02 6.7700E-02
 8.0400E-02 7.1600E-02 5.8600E-02 6.4400E-02 5.7100E-02 4.9700E-02 5.3900E-02
 5.1000E-02 4.4000E-02 4.6200E-02 5.2600E-02 4.3900E-02 4.1300E-02 3.8900E-02
 2.5200E-02 2.2600E-02 2.2400E-02 2.2100E-02 2.0400E-02 1.6700E-02 1.5300E-02
 1.3600E-02 1.1400E-02 9.9000E-03 9.3000E-03 9.1000E-03 7.1000E-03 6.2000E-03
 5.5000E-03 4.0000E-03 3.7000E-03 3.2000E-03 3.1000E-03 2.7000E-03 2.8000E-03
 3.0000E-03 3.2000E-03 3.5000E-03 3.9000E-03 4.4000E-03 5.0000E-03 5.7000E-03
 6.5000E-03 7.7000E-03 8.4000E-03 9.2000E-03 1.0000E-02 1.0800E-02 1.1400E-02
 1.2000E-02 1.2200E-02 1.2400E-02 1.2600E-02 1.2600E-02 1.2600E-02 1.3000E-02
 1.3200E-02 1.4400E-02 1.6600E-02 1.9800E-02 2.5900E-02 5.1900E-02 0.0000E+00
 0.0000E+00 0.0000E+00 0.0000E+00 0.0000E+00 0.0000E+00 0.0000E+00 0.0000E+00
 0.0000E+00 0.0000E+00 0.0000E+00 0.0000E+00 0.0000E+00 0.0000E+00 0.0000E+00
 0.0000E+00 0.0000E+00 0.0000E+00 0.0000E+00 0.0000E+00 0.0000E+00 0.0000E+00
Input Flux Spectrum from MCNP Simulation
 140   0 5.370E+09 2.000E+01 5.000E-08
 5.0000E-09 5.9658E-10 3.3105E-09 7.3413E-09 5.5448E-09 3.8396E-09 2.9108E-09
 2.1463E-09 1.7558E-09 1.1270E-09 7.0451E-10 7.0414E-10 8.1038E-10 1.0522E-09
 1.1427E-09 1.0875E-09 1.8313E-09 1.2878E-09 8.2658E-10 1.2799E-09 1.8487E-09
 9.3718E-10 1.8186E-09 1.1280E-09 4.8416E-10 4.9511E-10 5.2916E-10 1.0874E-09
 1.1649E-09 7.8652E-10 9.0167E-10 1.9005E-09 1.0445E-09 6.0306E-10 5.0935E-10
 1.3961E-09 9.3846E-10 1.1765E-09 2.1001E-09 1.1833E-09 1.5757E-09 2.6332E-09
 1.9251E-09 3.9669E-09 5.3677E-09 3.6788E-09 3.0058E-09 8.9772E-09 9.8661E-09
 1.8694E-08 2.3001E-08 2.4866E-08 2.6623E-08 3.3887E-08 3.8048E-08 4.4267E-08
 5.1840E-08 3.7116E-08 5.1845E-08 6.1626E-08 8.7745E-08 8.6490E-08 8.9304E-08
 9.2638E-08 1.0444E-07 1.0667E-07 1.1373E-07 1.0654E-07 1.4164E-07 1.4561E-07
 3.8050E-07 3.8831E-07 3.7847E-07 3.7171E-07 3.7737E-07 5.7785E-07 6.0168E-07
 6.2149E-07 8.7811E-07 9.5065E-07 9.3908E-07 1.0115E-06 1.4138E-06 1.7155E-06
 2.0446E-06 3.5223E-06 4.0930E-06 5.2389E-06 5.7069E-06 7.1951E-06 6.6912E-06
 6.0539E-06 5.1190E-06 4.3386E-06 3.4136E-06 2.7505E-06 2.1167E-06 1.6443E-06
 1.2242E-06 8.5951E-07 7.1723E-07 6.0236E-07 5.1192E-07 4.3873E-07 3.9209E-07
 3.5778E-07 3.4450E-07 3.3529E-07 3.2257E-07 3.2690E-07 3.2246E-07 3.0747E-07
 2.9221E-07 2.4516E-07 1.8578E-07 1.3032E-07 7.5873E-08 1.8931E-08 0.0000E+00
 0.0000E+00 0.0000E+00 0.0000E+00 0.0000E+00 0.0000E+00 0.0000E+00 0.0000E+00
 0.0000E+00 0.0000E+00 0.0000E+00 0.0000E+00 0.0000E+00 0.0000E+00 0.0000E+00
 0.0000E+00 0.0000E+00 0.0000E+00 0.0000E+00 0.0000E+00 0.0000E+00 0.0000E+00
   17   15    9    9    9   10    7   14   14   36



                         ==============================
                               STAYSL PNNL OUTPUT
                         ==============================

 STAYSL PNNL, version 1.2.0, 2015-08-05


 SCENARIO TITLE: 88" 33MeV Deuteron breakup on Ta, Clean Beam
 -------------------------------------------------------------------------------
  NGROUP =   140    NRXN =     6    ACTIVITY NORM = 1.00000E+00

  COVARIANCE PARAMETERS (FCHN, FCVX, ACVX, FS)
    FLUXES:      WIDTH =  1.0000E+01   LONG RANGE COVAR. =  5.0000E-03
            ACTIVITIES =  5.0000E-03   X-SECT CROSS COR. =  1.0000E-03

    DETERM =   1.8761 × 10^   6.00      ERROR =   1.5011E-16

  INPUT NORMALIZATION DATA
    AK1   =     1.00000     VAK        =     0.00003
    NORML =           0     RENORM     = 1.00000E+00
    CHI²  =   915.04451     NORM. CHI² =   183.00890

  DOSIMETRY ACTIVITIES
     ———— INPUTS —————  -UNADJUSTED FLUX-  — ADJUSTED FLUX —    CHI²  90% ACTIVITIES RANGE
 RXN  MEASURED     ±%   ACTIVITY    %DIFF  ACTIVITY    %DIFF  CONTRIB --LOW E-- --HIGH E--   REACTION          CVR
  1  1.414E-20    2.00  2.708E-20   91.54  2.453E-20   73.46  248.631  6.00E+00  1.70E+01  AL27(N,P)MG27           
  2  1.925E-20    1.00  2.586E-20   34.35  2.336E-20   21.34  465.795  7.40E+00  1.70E+01  AL27(N,A)NA24           
  3  3.677E-21    1.50  5.798E-21   57.69  5.135E-21   39.64  177.923  1.30E+01  3.10E+01  NI58(N,2N)NI57          
  4  8.670E-20    0.50  8.737E-20    0.77  7.951E-20   -8.29   -1.566  2.60E+00  1.40E+01  IN115(N,N')IN115M       
  5  3.093E-19    1.20  3.692E-19   19.37  3.321E-19    7.37   15.705  9.00E+00  1.90E+01  AU197(N,2N)AU196        
  6  8.478E-20    1.70  3.659E-20  -56.84  8.833E-20    4.19    8.556  1.00E-10  4.25E-06  AU197(N,G)AU198         

             % STD. DEV.  =         57.43              38.89

                              CHECK INPUT, IT IS RATHER UNLIKELY !
                                   *** BEWARE OF OUTPUT ! ***


  DIFFERENTIAL FLUXES (input is normalized by a factor of 1.0000E+00)
                  —————— DIFFERENTIAL FLUX —————   ———— STD. DEV. % ————   INTEGRAL
 GRP    ENERGY        NEW         OLD      RATIO    NEW     OLD    RATIO   FLUX > E     ± %
   1  1.0000E-10  1.1953E+11  2.9833E+10   4.007   15.97  100.00   0.160  3.9000E+05    0.50
   2  1.0000E-09  6.1568E+08  3.5596E+08   1.730    4.10   25.93   0.158  3.8990E+05    0.50
   3  1.0000E-08  2.0242E+09  1.3675E+09   1.480    4.42   18.15   0.243  3.8989E+05    0.50
   4  2.3000E-08  1.8260E+09  1.4601E+09   1.251    3.86   10.93   0.353  3.8986E+05    0.50
   5  5.0000E-08  1.6179E+09  1.1452E+09   1.413    7.98   17.38   0.459  3.8982E+05    0.50
   6  7.6000E-08  6.5419E+08  5.2868E+08   1.237    6.62   11.83   0.559  3.8977E+05    0.50
   7  1.1500E-07  3.6705E+08  2.8420E+08   1.292    9.81   15.15   0.648  3.8975E+05    0.50
   8  1.7000E-07  2.2511E+08  1.3560E+08   1.660   24.48   33.85   0.723  3.8973E+05    0.50
   9  2.5500E-07  1.2670E+08  7.5429E+07   1.680   30.56   38.86   0.786  3.8971E+05    0.50
  10  3.8000E-07  4.9654E+07  3.5600E+07   1.395   22.78   27.19   0.838  3.8969E+05    0.50
  11  5.5000E-07  1.7114E+07  1.3046E+07   1.312   22.37   25.47   0.878  3.8968E+05    0.50
  12  8.4000E-07  1.1643E+07  8.6925E+06   1.339   28.56   31.41   0.909  3.8968E+05    0.50
  13  1.2750E-06  8.6324E+06  6.9628E+06   1.240   25.57   27.41   0.933  3.8967E+05    0.50
  14  1.9000E-06  7.5328E+06  6.2781E+06   1.200   26.27   27.64   0.950  3.8967E+05    0.50
  15  2.8000E-06  4.9328E+06  4.2319E+06   1.166   26.94   27.96   0.963  3.8966E+05    0.50
  16  4.2500E-06  3.2579E+06  2.8487E+06   1.144   28.57   29.36   0.973  3.8965E+05    0.50
  17  6.3000E-06  3.8785E+06  3.3911E+06   1.144   33.32   34.00   0.980  3.8965E+05    0.50
  18  9.2000E-06  1.7201E+06  1.6083E+06   1.070   25.13   25.51   0.985  3.8964E+05    0.50
  19  1.3500E-05  6.2942E+05  5.9183E+05   1.064   27.81   28.13   0.989  3.8963E+05    0.50
  20  2.1000E-05  7.8953E+05  7.6367E+05   1.034   24.89   25.10   0.991  3.8962E+05    0.50
  21  3.0000E-05  7.0429E+05  6.6183E+05   1.064   37.31   37.55   0.994  3.8962E+05    0.50
  22  4.5000E-05  2.1262E+05  2.0969E+05   1.014   26.74   26.87   0.995  3.8961E+05    0.50
  23  6.9000E-05  3.1630E+05  3.1503E+05   1.004   27.23   27.32   0.996  3.8960E+05    0.50
  24  1.0000E-04  1.7339E+05  1.7307E+05   1.002   30.66   30.74   0.997  3.8959E+05    0.50
  25  1.3500E-04  7.3803E+04  7.4284E+04   0.994   31.44   31.50   0.998  3.8959E+05    0.50
  26  1.7000E-04  5.2285E+04  5.3175E+04   0.983   30.58   30.62   0.999  3.8958E+05    0.50
  27  2.2000E-04  4.6628E+04  4.7360E+04   0.985   36.67   36.71   0.999  3.8958E+05    0.50
  28  2.8000E-04  7.0717E+04  7.2992E+04   0.969   30.06   30.08   0.999  3.8958E+05    0.50
  29  3.6000E-04  6.6824E+04  6.9506E+04   0.961   28.06   28.07   0.999  3.8957E+05    0.50
  30  4.5000E-04  3.2937E+04  3.3789E+04   0.975   47.68   47.70   1.000  3.8957E+05    0.50
  31  5.7500E-04  2.4966E+04  2.6173E+04   0.954   28.29   28.30   1.000  3.8956E+05    0.50
  32  7.6000E-04  4.8914E+04  5.1028E+04   0.959   39.87   39.88   1.000  3.8956E+05    0.50
  33  9.6000E-04  1.6943E+04  1.7806E+04   0.952   33.63   33.63   1.000  3.8955E+05    0.50
  34  1.2750E-03  9.4852E+03  9.9644E+03   0.952   39.19   39.19   1.000  3.8954E+05    0.50
  35  1.6000E-03  6.4774E+03  6.8380E+03   0.947   34.10   34.10   1.000  3.8954E+05    0.50
  36  2.0000E-03  1.0169E+04  1.0710E+04   0.950   44.32   44.32   1.000  3.8954E+05    0.50
  37  2.7000E-03  6.8116E+03  7.1993E+03   0.946   40.22   40.22   1.000  3.8953E+05    0.50
  38  3.4000E-03  5.4180E+03  5.7435E+03   0.943   36.03   36.03   1.000  3.8953E+05    0.50
  39  4.5000E-03  1.0622E+04  1.1278E+04   0.942   34.91   34.91   1.000  3.8952E+05    0.50
  40  5.5000E-03  3.5057E+03  3.7378E+03   0.938   23.00   23.01   1.000  3.8951E+05    0.50
  41  7.2000E-03  3.9825E+03  4.2308E+03   0.941   40.46   40.46   1.000  3.8950E+05    0.50
  42  9.2000E-03  4.7296E+03  5.0501E+03   0.937   21.29   21.30   1.000  3.8949E+05    0.50
  43  1.2000E-02  3.2284E+03  3.4459E+03   0.937   25.02   25.02   1.000  3.8948E+05    0.50
  44  1.5000E-02  4.9975E+03  5.3256E+03   0.938   35.83   35.83   1.000  3.8947E+05    0.50
  45  1.9000E-02  4.1480E+03  4.4345E+03   0.935   19.94   19.95   1.000  3.8945E+05    0.50
  46  2.5500E-02  2.8425E+03  3.0393E+03   0.935   20.18   20.19   1.000  3.8942E+05    0.50
  47  3.2000E-02  1.8876E+03  2.0176E+03   0.936   23.23   23.24   1.000  3.8941E+05    0.50
  48  4.0000E-02  3.6037E+03  3.8566E+03   0.934   15.99   15.99   1.000  3.8939E+05    0.50
  49  5.2500E-02  3.6665E+03  3.9245E+03   0.934   15.03   15.03   1.000  3.8935E+05    0.50
  50  6.6000E-02  4.2612E+03  4.5630E+03   0.934   12.12   12.12   1.000  3.8930E+05    0.50
  51  8.8000E-02  5.2423E+03  5.6143E+03   0.934   11.10   11.10   1.000  3.8920E+05    0.50
  52  1.1000E-01  4.9871E+03  5.3412E+03   0.934   10.49   10.49   1.000  3.8909E+05    0.50
  53  1.3500E-01  5.3400E+03  5.7186E+03   0.934   10.45   10.45   1.000  3.8896E+05    0.50
  54  1.6000E-01  5.6625E+03  6.0658E+03   0.934    8.06    8.07   0.999  3.8883E+05    0.50
  55  1.9000E-01  6.3611E+03  6.8106E+03   0.934    9.76    9.76   1.000  3.8866E+05    0.50
  56  2.2000E-01  6.3409E+03  6.7918E+03   0.934    6.78    6.79   0.999  3.8847E+05    0.50
  57  2.5500E-01  7.4300E+03  7.9537E+03   0.934    8.05    8.06   0.999  3.8825E+05    0.50
  58  2.9000E-01  6.2069E+03  6.6438E+03   0.934    7.17    7.18   0.999  3.8799E+05    0.50
  59  3.2000E-01  6.5022E+03  6.9602E+03   0.934    5.88    5.88   0.999  3.8780E+05    0.50
  60  3.6000E-01  7.7342E+03  8.2733E+03   0.935    6.45    6.46   0.999  3.8754E+05    0.49
  61  4.0000E-01  8.8114E+03  9.4238E+03   0.935    5.73    5.73   0.999  3.8723E+05    0.49
  62  4.5000E-01  8.6866E+03  9.2890E+03   0.935    4.99    5.00   0.998  3.8679E+05    0.49
  63  5.0000E-01  8.9776E+03  9.5912E+03   0.936    5.41    5.41   0.999  3.8636E+05    0.49
  64  5.5000E-01  9.3173E+03  9.9493E+03   0.936    5.12    5.12   0.998  3.8591E+05    0.49
  65  6.0000E-01  8.7537E+03  9.3474E+03   0.936    4.42    4.43   0.998  3.8544E+05    0.49
  66  6.6000E-01  8.9490E+03  9.5470E+03   0.937    4.64    4.65   0.998  3.8492E+05    0.49
  67  7.2000E-01  9.5558E+03  1.0179E+04   0.939    5.27    5.28   0.998  3.8438E+05    0.49
  68  7.8000E-01  8.9457E+03  9.5353E+03   0.938    4.41    4.42   0.997  3.8381E+05    0.49
  69  8.4000E-01  8.9187E+03  9.5076E+03   0.938    4.15    4.16   0.997  3.8327E+05    0.49
  70  9.2000E-01  9.1647E+03  9.7741E+03   0.938    3.91    3.92   0.996  3.8256E+05    0.49
  71  1.0000E+00  9.5563E+03  1.0216E+04   0.935    2.55    2.57   0.992  3.8182E+05    0.49
  72  1.2000E+00  9.7422E+03  1.0426E+04   0.934    2.29    2.31   0.990  3.7991E+05    0.48
  73  1.4000E+00  9.4838E+03  1.0162E+04   0.933    2.27    2.30   0.989  3.7796E+05    0.48
  74  1.6000E+00  9.2972E+03  9.9804E+03   0.932    2.24    2.27   0.988  3.7607E+05    0.48
  75  1.8000E+00  9.4161E+03  1.0132E+04   0.929    2.07    2.10   0.985  3.7421E+05    0.48
  76  2.0000E+00  9.5912E+03  1.0344E+04   0.927    1.71    1.74   0.979  3.7232E+05    0.48
  77  2.3000E+00  9.9579E+03  1.0770E+04   0.925    1.57    1.61   0.975  3.6945E+05    0.48
  78  2.6000E+00  1.0256E+04  1.1125E+04   0.922    1.40    1.45   0.968  3.6646E+05    0.47
  79  2.9000E+00  1.0845E+04  1.1789E+04   0.920    1.19    1.24   0.957  3.6338E+05    0.47
  80  3.3000E+00  1.1713E+04  1.2762E+04   0.918    1.05    1.11   0.946  3.5904E+05    0.47
  81  3.7000E+00  1.1529E+04  1.2607E+04   0.914    0.99    1.06   0.937  3.5436E+05    0.47
  82  4.1000E+00  1.2359E+04  1.3579E+04   0.910    0.97    1.04   0.929  3.4975E+05    0.47
  83  4.5000E+00  1.3831E+04  1.5184E+04   0.911    0.79    0.87   0.905  3.4480E+05    0.47
  84  5.0000E+00  1.6760E+04  1.8424E+04   0.910    0.71    0.80   0.887  3.3789E+05    0.46
  85  5.5000E+00  1.9950E+04  2.1959E+04   0.909    0.65    0.74   0.869  3.2951E+05    0.46
  86  6.0000E+00  2.4648E+04  2.7021E+04   0.912    0.54    0.64   0.839  3.1953E+05    0.46
  87  6.7000E+00  2.8608E+04  3.1399E+04   0.911    0.51    0.62   0.827  3.0228E+05    0.46
  88  7.4000E+00  3.2063E+04  3.5166E+04   0.912    0.48    0.59   0.814  2.8225E+05    0.47
  89  8.2000E+00  3.4875E+04  3.8308E+04   0.910    0.47    0.59   0.806  2.5660E+05    0.47
  90  9.0000E+00  3.5223E+04  3.8638E+04   0.912    0.45    0.57   0.798  2.2870E+05    0.48
  91  1.0000E+01  3.2678E+04  3.5932E+04   0.909    0.45    0.57   0.793  1.9348E+05    0.49
  92  1.1000E+01  2.9474E+04  3.2509E+04   0.907    0.46    0.58   0.788  1.6080E+05    0.51
  93  1.2000E+01  2.4850E+04  2.7489E+04   0.904    0.47    0.59   0.785  1.3133E+05    0.54
  94  1.3000E+01  2.0986E+04  2.3298E+04   0.901    0.48    0.61   0.785  1.0648E+05    0.57
  95  1.4000E+01  1.6442E+04  1.8331E+04   0.897    0.50    0.63   0.787  8.5493E+04    0.62
  96  1.5000E+01  1.3186E+04  1.4770E+04   0.893    0.53    0.67   0.793  6.9051E+04    0.68
  97  1.6000E+01  1.0097E+04  1.1367E+04   0.888    0.57    0.71   0.803  5.5865E+04    0.74
  98  1.7000E+01  7.8031E+03  8.8299E+03   0.884    0.62    0.76   0.817  4.5769E+04    0.82
  99  1.8000E+01  5.7805E+03  6.5740E+03   0.879    0.68    0.82   0.833  3.7966E+04    0.89
 100  1.9000E+01  4.0289E+03  4.6156E+03   0.873    0.78    0.92   0.853  3.2185E+04    0.97
 101  2.0000E+01  3.3569E+03  3.8515E+03   0.872    0.85    0.98   0.868  2.8156E+04    1.03
 102  2.1000E+01  2.8160E+03  3.2347E+03   0.871    0.92    1.05   0.883  2.4799E+04    1.09
 103  2.2000E+01  2.3931E+03  2.7490E+03   0.871    1.00    1.12   0.897  2.1984E+04    1.14
 104  2.3000E+01  2.0529E+03  2.3560E+03   0.871    1.08    1.19   0.909  1.9590E+04    1.19
 105  2.4000E+01  1.8402E+03  2.1055E+03   0.874    1.14    1.24   0.919  1.7537E+04    1.24
 106  2.5000E+01  1.6849E+03  1.9213E+03   0.877    1.21    1.30   0.929  1.5697E+04    1.28
 107  2.6000E+01  1.6315E+03  1.8500E+03   0.882    1.23    1.32   0.936  1.4012E+04    1.32
 108  2.7000E+01  1.5963E+03  1.8005E+03   0.887    1.26    1.34   0.942  1.2381E+04    1.36
 109  2.8000E+01  1.5435E+03  1.7322E+03   0.891    1.29    1.36   0.948  1.0785E+04    1.40
 110  2.9000E+01  1.5727E+03  1.7555E+03   0.896    1.29    1.36   0.953  9.2411E+03    1.45
 111  3.0000E+01  1.5589E+03  1.7316E+03   0.900    1.30    1.36   0.957  7.6684E+03    1.50
 112  3.1000E+01  1.4915E+03  1.6511E+03   0.903    1.34    1.39   0.962  6.1096E+03    1.58
 113  3.2000E+01  1.4227E+03  1.5692E+03   0.907    1.36    1.41   0.966  4.6181E+03    1.68
 114  3.3000E+01  1.1954E+03  1.3165E+03   0.908    1.48    1.52   0.972  3.1954E+03    1.85
 115  3.4000E+01  9.0603E+02  9.9764E+02   0.908    1.70    1.73   0.978  2.0000E+03    2.10
 116  3.5000E+01  6.3519E+02  6.9982E+02   0.908    2.01    2.04   0.984  1.0940E+03    2.46
 117  3.6000E+01  3.6869E+02  4.0744E+02   0.905    2.61    2.64   0.990  4.5877E+02    3.11
 118  3.7000E+01  9.0079E+01  1.0166E+02   0.886    5.19    5.21   0.995  9.0079E+01    5.19
      3.8000E+01

  INTEGRALS OF SPECTRA
    OLD SPECTRUM   4.3035E+05   ±    0.616 %
    NEW SPECTRUM   3.9000E+05   ±    0.498 %

  SUMMARY OF BROAD-GROUP FLUXES, FLUENCES, AND UNCERTAINTIES

    IRRAD TIME [S] = 7.86600000E+03   ACT NORM =  1.00000000E+00

       ENERGY       FLUX       FLUENCE      STDEV %
      thermal    3.1991E+02  2.5164E+06  ±   5.92     (0.100 meV – 0.550  eV)
     epithermal  5.9671E+02  4.6937E+06  ±  13.32     (0.550  eV – 110.0 keV)
        fast     3.8909E+05  3.0606E+09  ±   0.47     (110.0 keV –  20.0 MeV)
        fast     3.8182E+05  3.0034E+09  ±   0.46     (  1.0 MeV –  20.0 MeV)
        high     2.8156E+04  2.2148E+08  ±   1.03     ( 20.0 MeV –  60.0 MeV)

    MINI-SPECTRUM

       ENERGY       FLUX       FLUENCE      STDEV %
     1.0000E-10  3.6719E+02  2.8884E+06  ±   5.83
     9.2000E-06  8.8950E+01  6.9968E+05  ±  26.63
     9.6000E-04  5.3404E+01  4.2007E+05  ±  34.33
     9.2000E-03  2.9175E+02  2.2949E+06  ±  16.46
     8.8000E-02  1.6625E+03  1.3077E+07  ±   7.77
     3.6000E-01  4.9848E+03  3.9210E+07  ±   4.60
     9.2000E-01  1.3110E+04  1.0312E+08  ±   2.17
     2.3000E+00  1.7597E+05  1.3841E+09  ±   0.55
     1.0000E+01  1.7594E+05  1.3840E+09  ±   0.48
     2.4000E+01  1.7537E+04  1.3795E+08  ±   1.24
     6.0000E+01

       TOTAL     3.9000E+05  3.0678E+09  ±   0.50

    RELATIVE COVARIANCES (10×10)
     1000   -40   -68   -32   -23   -16    -2    47    61    23
     1000   379    48     3     1     3    11    12     5
     1000   500    84     4     2     8     9     4
     1000   587    89     8    18    19     8
     1000   499    77    39    40    16
     1000   576   117    65    26
     1000   412   141    52
     1000   720   193
     1000   349
     1000

  SPECTRAL-AVERAGED REACTION RATES (for all cross section library reactions)

        REACTIONS        SIG-PHI      <SIG>          REACTIONS        SIG-PHI      <SIG>          REACTIONS        SIG-PHI      <SIG>  
   ------------------  ----------  ----------   ------------------  ----------  ----------   ------------------  ----------  ----------
   LI6(N,A)T           9.5233E-19  2.4419E-24   FE58(N,G)FE59       1.6156E-21  4.1425E-27   IN115(N,N')IN115M   7.9511E-20  2.0387E-25
   B10(N,A)LI7         3.8024E-18  9.7497E-24   CO59(N,2N)CO58      8.5267E-20  2.1863E-25   IN115(N,2N)IN114M   1.8315E-19  4.6962E-25
   F19(N,2N)F18        6.0214E-21  1.5439E-26   CO59(N,3N)CO57      5.2005E-21  1.3334E-26   IN115(N,G)IN116M    1.9081E-19  4.8925E-25
   NA23(N,2N)NA22      6.3124E-21  1.6185E-26   CO59(N,G)CO60       3.8002E-20  9.7440E-26   I127(N,2N)I126      2.0731E-19  5.3157E-25
   NA23(N,G)NA24       5.9244E-22  1.5190E-27   CO59(N,P)FE59       1.2359E-20  3.1689E-26   LA139(N,G)LA140     9.5958E-21  2.4604E-26
   MG24(N,P)NA24       3.9316E-20  1.0081E-25   CO59(N,A)MN56       5.2612E-21  1.3490E-26   PR141(N,2N)PR140    2.2941E-19  5.8821E-25
   AL27(N,P)MG27       2.4527E-20  6.2888E-26   NI58(N,2N)NI57      5.1347E-21  1.3166E-26   TM169(N,2N)TM168    3.3507E-19  8.5914E-25
   AL27(N,A)NA24       2.3358E-20  5.9890E-26   NI58(N,P)CO58       1.7311E-19  4.4385E-25   TM169(N,3N)TM167    4.5938E-20  1.1779E-25
   SI28(N,P)AL28       6.7770E-20  1.7377E-25   NI60(N,P)CO60       3.1453E-20  8.0648E-26   TA181(N,G)TA182     3.4756E-20  8.9116E-26
   P31(N,P)SI31        4.2121E-20  1.0800E-25   CU63(N,2N)CU62      6.0666E-20  1.5555E-25   W186(N,G)W187       4.4566E-20  1.1427E-25
   S32(N,P)P32         1.0469E-19  2.6843E-25   CU63(N,G)CU64       5.8754E-21  1.5065E-26   AU197(N,2N)AU196    3.3211E-19  8.5155E-25
   TI46(N,2N)TI45      1.2206E-20  3.1296E-26   CU63(N,A)CO60       9.0420E-21  2.3184E-26   AU197(N,G)AU198     1.2364E-19  3.1703E-25
   TI46(N,P)SC46       7.5890E-20  1.9459E-25   CU65(N,2N)CU64      1.1060E-19  2.8359E-25   HG199(N,N')HG199M   1.7145E-19  4.3961E-25
   TI47(N,P)SC47       3.7781E-20  9.6874E-26   ZN64(N,P)CU64       7.0535E-20  1.8086E-25   PB204(N,N')PB204M   5.3594E-20  1.3742E-25
   TI47(N,X)SC46       1.4197E-20  3.6403E-26   ZN67(N,P)CU67       7.2098E-21  1.8486E-26   BI209(N,3N)BI207    5.3897E-20  1.3820E-25
   TI48(N,P)SC48       1.0974E-20  2.8139E-26   AS75(N,2N)AS74      1.1979E-19  3.0716E-25   TH232(N,FISSION)    1.2955E-19  3.3217E-25
   TI48(N,X)SC47       7.3198E-21  1.8769E-26   Y89(N,2N)Y88        1.0685E-19  2.7398E-25   TH232(N,G)TH233     1.1996E-20  3.0760E-26
   TI49(N,X)SC48       4.6865E-21  1.2017E-26   ZR90(N,2N)ZR89      8.9544E-20  2.2960E-25   U235(N,FISSION)     1.2647E-18  3.2428E-24
   V51(N,A)SC48        2.4483E-21  6.2776E-27   NB93(N,G)NB94       2.1829E-21  5.5970E-27   U235(N,G)U236       1.1799E-19  3.0254E-25
   CR52(N,2N)CR51      4.6117E-20  1.1825E-25   NB93(N,N')NB93M     5.5326E-20  1.4186E-25   U238(N,2N)U237      3.1003E-19  7.9493E-25
   MN55(N,2N)MN54      8.7698E-20  2.2486E-25   NB93(N,2N)NB92M     6.7082E-20  1.7200E-25   U238(N,FISSION)     3.7976E-19  9.7374E-25
   MN55(N,G)MN56       1.3407E-20  3.4377E-26   MO92(N,P)NB92M      2.8167E-20  7.2222E-26   U238(N,G)U239       1.1062E-20  2.8364E-26
   FE54(N,2N)FE53      4.5848E-21  1.1756E-26   RH103(N,N')RH103M   3.1243E-19  8.0109E-25   NP237(N,FISSION)    7.6581E-19  1.9636E-24
   FE54(N,P)MN54       1.4463E-19  3.7085E-25   AG109(N,G)AG110M    5.6303E-21  1.4437E-26   PU239(N,FISSION)    1.6211E-18  4.1566E-24
   FE54(N,A)CR51       1.7098E-20  4.3840E-26   IN113(N,N')IN113M   6.6334E-20  1.7009E-25   AM241(N,FISSION)    8.8498E-19  2.2692E-24
   FE56(N,P)MN56       2.2528E-20  5.7764E-26   IN113(N,G)IN114M    1.7725E-20  4.5447E-26   SC45(N,G)SC46       2.7043E-20  6.9341E-26

  INPUT FLUX REL. CORRELATION MATRIX (by row from diagonal)
   1   1000   990   961   913   852   778   697   613   527   445   368   298   237   185   141   105    77    56    39    27
         18    12     8     5     3     2     1     1     0     0     0     0     0     0     0     0     0     0     0     0
          0     0     0     0     0     0     0     0     0     0     0     0     0     0     0     0     0     0     0     0
          0     1     0     0     1     1     0     1     1     1     1     1     1     1     1     1     2     2     2     2
          2     2     3     3     3     4     4     4     4     4     4     4     4     4     4     4     4     3     3     3
          3     2     2     2     2     2     2     2     2     2     2     2     2     2     1     1     1     0     5     5
          5     5     5     5     5     5     5     5     5     5     5     5     5     5     5     5     5     5     5     5

  OUTPUT FLUX REL. CORRELATION MATRIX (by row from diagonal)
   1   1000   603    81  -182  -337  -443  -527  -597  -656  -705  -745  -776  -796  -806  -803  -790  -765  -731  -688  -639
       -586  -530  -473  -419  -367  -319  -275  -237  -204  -175  -151  -130  -113   -99   -87   -77   -68   -61   -54   -49
        -44   -40   -36   -33   -31   -29   -27   -26   -25   -24   -24   -23   -23   -22   -22   -21   -21   -21   -20   -20
        -19   -19   -18   -18   -17   -16   -16   -15   -14   -13   -12   -11   -10    -8    -7    -5    -3    -1     0     3
          5     7    10    13    15    17    19    20    21    21    22    24    25    26    27    27    27    26    25    24
         22    20    18    16    14    13    11    10     9     8     7     7     6     5     5     4     3     2     9     9
          9     9     9     9     9     9     9     9     9     9     9     9     9     9     9     9     9     9     9     9
   2   1000   840   657   508   381   259   139    22   -90  -198  -299  -389  -465  -525  -567  -591  -598  -590  -567  -535
       -495  -450  -404  -357  -313  -272  -235  -203  -175  -151  -130  -114   -99   -87   -77   -68   -60   -54   -48   -44
        -39   -35   -33   -30   -28   -26   -24   -23   -22   -21   -20   -20   -18   -19   -17   -17   -16   -15   -15   -14
        -12   -13   -12   -10   -10   -10    -8    -7    -6     0     2     3     4     7    12    15    19    25    30    34
         36    46    53    59    71    75    80    82    85    86    85    85    83    81    77    72    67    61    54    50
         45    42    38    36    34    33    32    31    30    30    29    28    26    22    19    15     7    86    86    86
         86    86    86    86    86    86    86    86    86    86    86    86    86    86    86    86    86    86    86
   3   1000   959   888   808   718   619   515   406   296   186    82   -13   -96  -166  -220  -258  -281  -290  -289  -277
       -260  -239  -215  -191  -168  -146  -126  -110   -94   -82   -71   -63   -55   -48   -43   -38   -34   -29   -27   -24
        -22   -20   -18   -17   -16   -14   -14   -12   -12   -11   -11   -10   -10    -9    -9    -8    -7    -7    -6    -5
         -5    -5    -3    -3    -4    -2    -1     0     4     6     7     8    10    14    17    20    25    30    33    34
         43    49    54    66    69    74    76    79    79    79    78    76    72    68    64    58    53    46    42    39
         36    33    31    30    29    28    28    28    28    27    26    24    21    18    14     7    85    85    85    85
         85    85    85    85    85    85    85    85    85    85    85    85    85    85    85    85    85    85
   4   1000   980   939   880   806   723   631   532   429   328   230   140    61    -5   -58   -98  -124  -141  -146  -145
       -139  -129  -118  -105   -93   -81   -71   -61   -53   -46   -40   -35   -31   -28   -24   -21   -18   -17   -14   -13
        -13   -11   -10    -9    -8    -7    -6    -6    -5    -5    -4    -5    -2    -3    -2    -1    -1     0     0     0
          0     2     1     0     2     3     4    10    12    13    13    15    20    22    26    31    37    39    40    50
         57    62    76    80    85    87    91    91    89    88    85    80    75    69    63    57    49    45    41    38
         35    34    32    32    32    31    32    32    31    31    28    25    21    16     8   103   103   103   103   103
        103   103   103   103   103   103   103   103   103   103   103   103   103   103   103   103   103
   5   1000   987   955   904   840   763   676   581   484   387   294   208   132    69    18   -21   -49   -67   -77   -80
        -80   -76   -70   -63   -56   -50   -43   -38   -33   -29   -26   -23   -20   -18   -16   -14   -13   -11   -10    -9
         -8    -7    -7    -6    -6    -5    -5    -5    -5    -4    -4    -3    -4    -3    -2    -3    -2    -1    -2    -1
          0     0    -1     0     0     0     3     4     5     5     6     8    10    12    14    17    18    19    24    27
         30    37    38    41    42    44    44    43    43    42    40    37    35    32    29    25    23    21    19    18
         17    16    16    16    15    15    15    15    15    13    12    10     8     4    48    48    48    48    48    48
         48    48    48    48    48    48    48    48    48    48    48    48    48    48    48    48
   6   1000   989   959   913   852   778   693   602   507   413   324   242   170   110    60    22    -5   -24   -36   -43
        -45   -45   -42   -39   -35   -31   -28   -24   -22   -19   -17   -15   -13   -12   -10    -9    -8    -7    -7    -5
         -5    -5    -4    -4    -3    -3    -2    -2    -2    -2    -1    -1    -1     0     0     0     0     0     0     1
          1     0     2     2     3     6     7     8     8     9    12    13    15    18    21    23    23    29    33    36
         44    47    50    51    53    53    52    51    49    47    44    40    37    33    28    26    24    22    21    20
         19    19    18    18    18    19    18    18    17    14    12     9     5    60    60    60    60    60    60    60
         60    60    60    60    60    60    60    60    60    60    60    60    60    60    60
   7   1000   990   962   917   857   784   700   611   518   427   340   261   192   134    86    48    21     1   -12   -20
        -24   -26   -26   -25   -23   -21   -18   -17   -15   -13   -12   -10    -9    -8    -7    -6    -5    -5    -4    -4
         -4    -3    -3    -2    -2    -2    -2    -1    -2    -1    -1    -1     0     0     0     0     0     0     0     0
          0     0     1     1     4     5     5     5     6     8     9    10    12    14    15    16    20    22    24    30
         31    34    34    36    36    35    34    33    32    30    28    25    22    19    18    16    15    14    13    13
         13    13    12    12    12    12    12    11    10     8     6     3    40    40    40    40    40    40    40    40
         40    40    40    40    40    40    40    40    40    40    40    40    40    40
   8   1000   991   963   919   859   786   703   614   522   433   349   272   205   148   102    65    38    17     3    -5
        -11   -14   -15   -15   -15   -14   -13   -11   -10    -9    -8    -7    -6    -6    -5    -5    -4    -4    -3    -3
         -3    -3    -2    -2    -2    -2    -2    -2    -2    -2    -2    -1    -1    -1    -1    -1    -1    -1    -1    -1
          0     0     0     0     1     1     1     1     2     3     3     4     5     6     6     8     9    10    12    13
         13    14    14    14    14    14    14    13    13    12    11    10     9     8     7     7     6     6     6     5
          5     5     5     5     5     5     4     4     3     2     1    15    15    15    15    15    15    15    15    15
         15    15    15    15    15    15    15    15    15    15    15    15    15
   9   1000   991   963   919   858   785   702   614   524   436   354   279   214   159   113    77    49    29    14     4
         -2    -6    -8    -9    -9    -9    -9    -8    -7    -6    -6    -5    -5    -4    -4    -3    -3    -3    -2    -2
         -2    -2    -2    -2    -2    -1    -1    -1    -1    -1    -1    -1    -1    -1    -1    -1     0     0     0     0
          0     0     0     0     1     1     1     2     2     3     3     4     5     5     6     7     8    10    10    11
         11    11    12    11    11    11    11    10    10     9     8     7     7     6     6     5     5     4     4     4
          4     4     4     4     4     3     3     3     2     1    12    12    12    12    12    12    12    12    12    12
         12    12    12    12    12    12    12    12    12    12    12    12
  10   1000   991   963   918   857   784   701   614   525   438   358   284   220   166   121    85    58    37    21    11
          3     0    -3    -5    -6    -6    -6    -5    -5    -4    -4    -4    -3    -3    -2    -2    -2    -2    -1    -1
         -1    -1    -1    -1    -1    -1     0    -1     0     0     0     0     0     0     0     0     0     0     0     0
          0     1     2     2     2     2     3     3     4     5     6     6     7     8    10    11    13    13    14    15
         15    15    15    15    15    14    13    12    11    10     9     8     7     7     6     6     6     6     5     5
          5     5     5     5     5     4     3     3     1    17    17    17    17    17    17    17    17    17    17    17
         17    17    17    17    17    17    17    17    17    17    17
  11   1000   991   963   917   856   782   700   613   525   440   360   288   225   171   127    91    63    42    27    15
          8     2     0    -2    -3    -3    -4    -3    -3    -3    -3    -2    -2    -2    -1    -1    -1    -1    -1    -1
         -1     0     0     0     0     0     0     0     0     0     0     0     0     0     0     0     0     0     0     0
          2     2     2     2     2     3     4     4     5     6     7     7     9    10    11    13    14    15    15    16
         16    15    15    15    14    13    12    11    10     9     8     7     7     6     6     6     6     6     5     5
          5     5     5     5     4     4     3     1    17    17    17    17    17    17    17    17    17    17    17    17
         17    17    17    17    17    17    17    17    17    17
  12   1000   990   962   916   855   781   699   612   525   440   362   290   228   175   131    95    67    46    30    19
         11     5     1     0    -1    -2    -2    -2    -2    -2    -2    -2    -1    -1    -1    -1    -1    -1     0     0
          0     0     0     0     0     0     0     0     0     0     0     0     0     0     0     0     0     0     0     1
          1     1     2     2     2     3     3     4     5     5     5     7     8     8    10    11    12    12    12    12
         12    12    12    11    10    10     9     8     7     6     6     5     5     5     4     4     4     4     4     4
          4     4     4     3     3     2     1    14    14    14    14    14    14    14    14    14    14    14    14    14
         14    14    14    14    14    14    14    14    14
  13   1000   990   962   915   854   780   698   612   525   441   363   292   230   178   134    98    70    49    33    21
         13     7     3     1     0    -1    -1    -1    -1    -1    -1    -1    -1    -1     0     0     0     0     0     0
          0     0     0     0     0     0     0     0     0     0     0     0     0     0     0     0     1     1     2     2
          2     2     2     3     3     4     5     6     6     6     8     9     9    12    12    13    13    14    14    13
         13    13    12    11    10     9     8     7     7     6     6     5     5     5     5     5     5     5     5     5
          5     4     4     3     2     1    16    16    16    16    16    16    16    16    16    16    16    16    16    16
         16    16    16    16    16    16    16    16
  14   1000   990   961   915   853   779   698   612   525   442   364   294   232   179   136   100    72    51    34    23
         14     8     4     2     0     0     0    -1     0     0    -1     0     0     0     0     0     0     0     0     0
          0     0     0     0     0     0     0     0     0     0     0     0     0     0     1     1     1     2     2     2
          2     2     3     3     4     5     5     6     6     7     8     9    11    12    13    13    13    13    13    13
         12    12    11    10     9     8     7     6     6     5     5     5     5     5     5     5     5     5     5     5
          4     4     3     2     1    15    15    15    15    15    15    15    15    15    15    15    15    15    15    15
         15    15    15    15    15    15    15
  15   1000   990   961   914   852   779   697   612   526   443   365   295   234   181   137   102    74    52    36    24
         15     9     5     3     1     0     0     0     0     0     0     0     0     0     0     0     0     0     0     0
          0     0     0     0     0     0     0     0     0     0     1     1     0     1     1     1     2     2     2     2
          2     3     3     4     5     5     6     6     7     8     9    11    11    12    12    13    13    13    12    12
         11    11    10     9     8     7     6     6     5     5     5     5     5     4     4     5     5     4     4     4
          4     3     2     1    15    15    15    15    15    15    15    15    15    15    15    15    15    15    15    15
         15    15    15    15    15    15
  16   1000   990   961   914   852   779   697   612   526   443   366   296   235   182   138   103    75    53    37    25
         16    10     6     3     2     0     0     0     0     0     0     0     0     0     0     0     0     0     0     0
          0     0     0     0     0     0     0     0     0     1     1     0     1     1     1     2     2     2     2     2
          3     3     4     4     5     5     5     7     8     8    10    11    12    12    12    12    12    12    11    11
         10     9     8     7     6     6     5     5     5     4     4     4     4     4     4     4     4     4     4     3
          3     2     1    14    14    14    14    14    14    14    14    14    14    14    14    14    14    14    14    14
         14    14    14    14    14
  17   1000   990   961   914   852   779   697   612   526   444   367   297   235   183   139   103    75    54    37    25
         17    11     6     4     2     1     0     0     0     0     0     0     0     0     0     0     0     0     0     0
          0     0     0     0     0     0     0     0     1     0     0     1     1     1     1     2     2     2     2     3
          3     3     4     4     5     5     6     7     7     9     9    10    10    11    11    10    10    10     9     9
          8     7     6     5     5     5     4     4     4     4     4     4     4     4     4     4     4     3     3     2
          2     1    12    12    12    12    12    12    12    12    12    12    12    12    12    12    12    12    12    12
         12    12    12    12
  18   1000   990   961   914   852   779   697   612   527   444   367   297   236   183   139   104    76    54    38    26
         17    11     7     4     2     1     0     0     0     0     0     0     0     0     0     0     0     0     0     0
          0     1     0     1     1     1     1     1     1     1     1     1     1     2     3     3     3     3     4     4
          4     5     6     6     6     8     9    10    12    12    13    13    14    14    14    13    13    12    11    10
          9     8     7     6     6     5     5     5     5     5     5     5     5     5     5     5     4     4     3     2
          1    16    16    16    16    16    16    16    16    16    16    16    16    16    16    16    16    16    16    16
         16    16    16
  19   1000   990   961   914   852   779   698   612   527   444   367   297   236   184   140   104    76    54    38    26
         17    11     7     4     3     1     1     0     0     0     0     0     0     0     0     0     0     0     0     0
          1     0     1     1     1     1     1     1     1     1     1     1     2     2     2     2     3     3     3     4
          5     5     6     6     7     8     9    11    11    12    12    13    13    12    12    12    11    10     9     8
          7     6     6     5     5     5     4     4     4     4     4     4     4     4     4     4     3     3     2     1
         15    15    15    15    15    15    15    15    15    15    15    15    15    15    15    15    15    15    15    15
         15    15
  20   1000   990   961   914   852   779   698   613   527   445   367   298   236   184   140   105    76    55    38    26
         18    11     7     5     3     2     1     0     0     0     0     0     0     0     0     0     1     0     1     1
          1     1     1     1     1     1     1     1     1     1     1     2     3     3     3     3     4     4     4     5
          6     6     6     8     9    10    12    12    13    13    14    14    14    13    13    12    11    10     9     8
          7     6     6     5     5     5     5     5     5     5     5     5     5     5     4     4     3     3     1    17
         17    17    17    17    17    17    17    17    17    17    17    17    17    17    17    17    17    17    17    17
         17
  21   1000   990   961   914   852   779   698   613   527   445   368   298   236   184   140   105    77    55    39    27
         18    12     7     5     3     2     1     0     0     0     0     0     0     0     0     0     0     0     0     0
          0     1     0     1     1     1     1     1     1     1     2     2     2     2     2     2     3     3     3     4
          4     4     5     6     6     8     8     9     9     9     9     9     9     9     8     8     7     6     6     5
          4     4     4     3     3     3     3     3     3     3     3     3     3     3     3     2     2     1    11    11
         11    11    11    11    11    11    11    11    11    11    11    11    11    11    11    11    11    11    11    11
  22   1000   990   961   914   852   779   698   613   527   445   368   298   237   184   140   105    77    55    39    27
         18    12     8     5     3     2     1     1     1     0     0     0     0     0     1     0     1     1     1     1
          1     1     1     1     1     1     1     1     1     2     3     3     3     3     3     4     4     5     6     6
          6     7     8     9    11    12    12    13    13    13    13    12    12    11    10     9     8     8     6     6
          5     5     5     5     4     4     4     4     5     5     5     4     4     4     3     2     1    16    16    16
         16    16    16    16    16    16    16    16    16    16    16    16    16    16    16    16    16    16    16
  23   1000   990   961   914   852   779   698   613   527   445   368   298   237   184   141   105    77    55    39    27
         18    12     8     5     3     2     1     1     1     1     0     0     0     1     1     1     1     1     1     1
          1     1     1     1     1     1     1     1     2     3     3     3     3     3     4     4     5     5     6     6
          7     8     9    11    11    12    12    13    13    13    12    12    11    10     9     8     7     6     6     5
          5     5     4     4     4     4     4     4     5     4     4     4     4     3     2     1    15    15    15    15
         15    15    15    15    15    15    15    15    15    15    15    15    15    15    15    15    15    15
  24   1000   990   961   914   852   779   698   613   527   445   368   298   237   184   141   105    77    55    39    27
         18    12     8     5     3     2     1     1     1     0     1     0     1     0     1     1     1     1     1     1
          1     1     1     1     1     1     1     2     2     2     2     2     3     3     4     4     5     5     5     6
          7     8    10    10    11    11    12    11    11    11    10    10     9     8     7     7     6     5     5     4
          4     4     4     4     4     4     4     4     4     4     4     3     3     2     1    14    14    14    14    14
         14    14    14    14    14    14    14    14    14    14    14    14    14    14    14    14    14
  25   1000   990   961   914   852   779   698   613   527   445   368   298   237   184   141   105    77    56    39    27
         18    12     8     5     3     2     1     1     1     1     0     1     0     1     1     1     1     1     1     1
          1     1     1     1     1     1     2     2     2     2     2     3     3     4     4     5     5     5     6     7
          8     9    10    11    11    11    11    11    11    10    10     9     8     7     6     5     5     5     4     4
          4     4     4     4     4     4     4     4     4     4     3     3     2     1    13    13    13    13    13    13
         13    13    13    13    13    13    13    13    13    13    13    13    13    13    13    13
  26   1000   990   961   914   852   779   698   613   527   445   368   298   237   184   141   105    77    56    39    27
         18    12     8     5     3     2     2     1     1     1     1     1     1     1     1     1     1     1     1     1
          1     1     1     1     1     2     2     2     2     2     3     3     4     4     5     5     5     6     7     8
         10    10    11    11    12    11    11    11    10    10     9     8     7     7     6     5     5     4     4     4
          4     4     4     4     4     4     4     4     4     3     3     2     1    14    14    14    14    14    14    14
         14    14    14    14    14    14    14    14    14    14    14    14    14    14    14
  27   1000   990   961   914   852   779   698   613   527   445   368   298   237   185   141   105    77    56    39    27
         18    12     8     5     3     2     1     1     1     1     1     1     1     1     1     1     1     1     1     1
          1     1     1     1     2     2     2     2     2     3     3     3     4     4     4     4     5     6     7     8
          8     9     9    10    10     9     9     9     8     8     7     6     5     5     4     4     4     3     3     3
          3     3     3     3     3     3     3     3     3     2     2     1    11    11    11    11    11    11    11    11
         11    11    11    11    11    11    11    11    11    11    11    11    11    11
  28   1000   990   961   914   852   779   698   613   527   445   368   298   237   185   141   105    77    56    39    27
         19    12     8     5     4     2     2     1     1     1     1     1     1     1     1     1     1     1     1     1
          1     1     1     2     2     2     2     3     3     3     4     4     5     5     5     7     7     8    10    10
         11    11    12    12    11    11    11    10     9     8     7     7     6     5     5     4     4     4     4     4
          4     4     4     4     4     4     4     3     3     2     1    14    14    14    14    14    14    14    14    14
         14    14    14    14    14    14    14    14    14    14    14    14    14
  29   1000   990   961   914   852   779   698   613   527   445   368   298   237   185   141   105    77    56    39    27
         19    13     8     6     4     3     2     2     1     1     1     1     1     1     1     1     1     1     1     1
          1     1     2     3     3     3     3     3     4     4     5     5     6     6     7     8     9    11    11    12
         12    13    12    12    12    11    11    10     9     8     7     6     5     5     5     4     4     4     4     4
          4     4     4     4     4     4     3     3     2     1    15    15    15    15    15    15    15    15    15    15
         15    15    15    15    15    15    15    15    15    15    15    15
  30   1000   990   961   914   852   779   698   613   527   445   368   298   237   185   141   105    77    56    39    27
         19    12     8     5     4     2     2     1     1     1     1     1     1     1     1     1     1     1     1     1
          1     1     1     1     2     2     2     2     2     3     3     3     3     4     5     5     6     6     7     7
          7     7     7     7     7     6     6     5     5     4     4     3     3     3     3     3     2     2     2     2
          3     3     3     3     2     2     2     1     1     9     9     9     9     9     9     9     9     9     9     9
          9     9     9     9     9     9     9     9     9     9     9
  31   1000   990   961   914   852   779   698   613   527   445   368   298   237   185   141   106    77    56    39    27
         19    13     8     6     4     3     2     1     1     1     1     1     1     1     1     1     1     1     1     1
          2     3     3     3     3     3     4     4     5     5     6     6     7     8     8    10    11    12    12    13
         12    12    12    11    11    10     9     8     7     6     5     5     5     4     4     4     4     4     4     4
          4     4     4     4     3     3     2     1    15    15    15    15    15    15    15    15    15    15    15    15
         15    15    15    15    15    15    15    15    15    15
  32   1000   990   961   914   852   779   698   613   527   445   368   298   237   185   141   105    77    56    39    27
         19    12     8     5     4     2     2     1     1     1     1     1     1     1     1     1     1     1     1     2
          2     2     2     2     2     3     3     3     4     4     4     5     5     6     7     8     8     8     9     9
          9     8     8     7     7     6     6     5     4     4     4     3     3     3     3     3     3     3     3     3
          3     3     3     2     2     2     1    11    11    11    11    11    11    11    11    11    11    11    11    11
         11    11    11    11    11    11    11    11    11
  33   1000   990   961   914   852   779   698   613   527   445   368   298   237   185   141   106    78    56    40    27
         19    13     8     6     4     3     2     1     1     1     1     1     1     1     1     1     1     1     2     2
          2     2     2     3     3     3     4     4     5     5     6     7     7     9     9    10    10    11    10    10
         10     9     9     8     7     7     6     5     5     4     4     4     4     3     3     4     4     4     4     4
          4     3     3     2     2     1    13    13    13    13    13    13    13    13    13    13    13    13    13    13
         13    13    13    13    13    13    13    13
  34   1000   990   961   914   852   779   698   613   527   445   368   298   237   185   141   106    78    56    40    27
         19    13     9     6     4     3     2     1     1     1     1     1     1     1     1     1     1     2     2     2
          2     2     2     3     3     3     4     4     4     5     6     6     8     8     8     9     9     9     9     8
          8     8     7     6     6     5     4     4     4     3     3     3     3     3     3     3     3     3     3     3
          3     2     2     2     1    11    11    11    11    11    11    11    11    11    11    11    11    11    11    11
         11    11    11    11    11    11    11
  35   1000   990   961   914   852   779   698   613   527   445   368   298   237   185   141   106    78    56    40    28
         19    13     9     6     4     3     2     2     1     1     1     1     1     1     1     1     2     2     2     2
          2     3     3     3     4     4     5     5     6     6     7     9     9    10    10    10    10    10    10     9
          9     8     7     7     6     5     4     4     4     4     3     3     3     3     3     4     4     4     4     3
          3     2     2     1    12    12    12    12    12    12    12    12    12    12    12    12    12    12    12    12
         12    12    12    12    12    12
  36   1000   990   961   914   852   779   698   613   527   445   368   298   237   185   141   106    78    56    40    27
         19    13     8     6     4     3     2     1     1     1     1     1     1     1     1     1     2     2     2     2
          2     2     3     3     3     4     4     4     5     5     7     7     7     8     8     8     8     7     7     7
          6     6     5     4     4     3     3     3     3     3     3     3     3     3     3     3     3     3     3     2
          2     1     1    10    10    10    10    10    10    10    10    10    10    10    10    10    10    10    10    10
         10    10    10    10    10
  37   1000   990   961   914   852   779   698   613   527   445   368   298   237   185   141   106    78    56    40    28
         19    13     9     6     4     3     2     2     1     1     1     1     1     1     2     2     2     2     2     2
          3     3     3     4     4     4     5     5     6     7     8     8     8     9     9     8     8     8     7     7
          6     6     5     4     4     3     3     3     3     3     3     3     3     3     3     3     3     3     2     2
          2     1    11    11    11    11    11    11    11    11    11    11    11    11    11    11    11    11    11    11
         11    11    11    11
  38   1000   990   961   914   852   779   698   613   527   445   368   298   237   185   141   106    78    56    40    28
         19    13     9     6     4     3     2     2     1     1     1     1     1     2     2     2     2     2     3     3
          3     4     4     4     4     5     6     7     8     9     9     9    10    10     9     9     9     8     8     7
          6     5     5     4     4     4     3     3     3     3     3     3     3     3     3     3     3     3     2     2
          1    12    12    12    12    12    12    12    12    12    12    12    12    12    12    12    12    12    12    12
         12    12    12
  39   1000   990   961   914   852   779   698   613   527   445   368   298   237   185   141   106    78    56    40    28
         19    13     9     6     4     3     2     2     1     1     1     1     2     2     2     2     2     3     3     3
          4     4     5     5     6     6     7     8     9     9    10    10    10    10     9     9     9     8     7     6
          6     5     4     4     4     4     3     3     3     3     3     3     4     3     3     3     3     2     2     1
         12    12    12    12    12    12    12    12    12    12    12    12    12    12    12    12    12    12    12    12
         12    12
  40   1000   990   961   914   852   779   698   613   527   445   368   299   237   185   142   106    78    56    40    28
         19    13     9     6     5     4     3     2     2     2     2     3     3     3     3     3     4     4     5     6
          7     7     7     9    10    10    13    13    14    15    15    15    15    14    14    13    12    11    10     9
          7     7     6     6     5     5     5     5     5     5     5     5     5     5     5     4     4     3     1    19
         19    19    19    19    19    19    19    19    19    19    19    19    19    19    19    19    19    19    19    19
         19
  41   1000   990   961   914   852   779   698   613   527   445   368   298   237   185   141   106    78    56    40    28
         19    13     9     6     4     3     2     2     1     1     2     2     2     2     2     2     3     3     3     4
          4     4     5     5     6     7     8     8     8     9     9     8     8     8     7     7     6     5     5     4
          4     3     3     3     3     3     3     3     3     3     3     3     3     3     2     2     2     1    11    11
         11    11    11    11    11    11    11    11    11    11    11    11    11    11    11    11    11    11    11    11
  42   1000   990   961   914   852   779   698   613   528   445   368   299   238   185   142   106    78    57    40    28
         20    14     9     7     5     3     3     3     2     3     4     3     3     4     5     5     5     6     7     7
          7     9    10    11    14    15    16    16    17    16    16    16    15    14    13    12    10     9     8     7
          7     6     6     6     5     5     6     6     6     6     6     6     5     5     4     3     1    20    20    20
         20    20    20    20    20    20    20    20    20    20    20    20    20    20    20    20    20    20    20
  43   1000   990   961   914   852   779   698   613   527   445   368   299   237   185   142   106    78    57    40    28
         20    13     9     7     4     3     3     2     3     3     3     3     3     4     4     5     5     6     6     6
          8     9    10    12    12    13    13    14    14    14    13    13    12    11    10     9     8     7     6     6
          5     5     5     5     5     5     5     5     5     5     5     4     4     3     3     1    17    17    17    17
         17    17    17    17    17    17    17    17    17    17    17    17    17    17    17    17    17    17
  44   1000   990   961   914   852   779   698   613   527   445   368   298   237   185   141   106    78    56    40    28
         19    13     9     6     4     3     2     3     2     2     2     2     3     3     3     4     4     4     4     6
          6     7     8     9     9     9    10    10     9     9     9     8     8     7     6     5     5     4     4     4
          3     3     3     3     3     3     3     3     3     3     3     3     2     2     1    12    12    12    12    12
         12    12    12    12    12    12    12    12    12    12    12    12    12    12    12    12    12
  45   1000   990   961   914   852   779   698   613   528   445   368   299   238   185   142   107    79    57    41    29
         20    14    10     7     5     4     5     4     4     4     4     5     5     6     7     8     8     8    10    11
         12    15    15    17    17    18    18    17    17    16    15    14    12    11    10     8     8     7     7     6
          6     6     6     6     6     6     6     6     6     6     5     4     3     1    21    21    21    21    21    21
         21    21    21    21    21    21    21    21    21    21    21    21    21    21    21    21
  46   1000   990   961   914   852   779   698   613   528   445   368   299   238   186   142   107    79    57    41    29
         20    14    10     7     5     5     5     4     4     4     5     5     6     7     8     8     8    10    11    12
         15    15    16    17    18    17    17    16    16    15    14    12    11    10     8     8     7     6     6     6
          6     6     6     6     6     6     6     6     6     5     4     3     1    21    21    21    21    21    21    21
         21    21    21    21    21    21    21    21    21    21    21    21    21    21    21
  47   1000   990   961   914   852   779   698   613   527   445   368   299   238   185   142   107    78    57    41    29
         20    14    10     7     6     5     4     4     4     4     5     5     6     7     7     7     8     9    10    13
         13    14    14    15    15    15    14    14    13    12    11    10     8     7     7     6     6     5     5     5
          5     5     5     5     5     5     5     5     4     4     3     1    18    18    18    18    18    18    18    18
         18    18    18    18    18    18    18    18    18    18    18    18    18    18
  48   1000   990   961   914   852   779   698   613   528   445   369   299   238   186   143   107    79    58    41    29
         21    15    11     9     8     7     6     6     6     7     7     8     9    10    10    12    14    15    19    19
         21    21    22    22    21    21    20    19    17    16    14    12    10    10     9     8     8     7     7     7
          7     7     8     8     8     8     7     6     5     4     2    27    27    27    27    27    27    27    27    27
         27    27    27    27    27    27    27    27    27    27    27    27    27
  49   1000   990   961   914   852   779   698   613   528   446   369   299   238   186   143   107    80    58    41    30
         21    15    12    10     8     7     6     7     7     8     9    10    11    11    13    15    16    20    21    22
         22    24    23    23    22    21    20    18    17    15    13    11    10     9     9     8     8     8     8     8
          8     8     8     8     8     7     7     6     4     2    28    28    28    28    28    28    28    28    28    28
         28    28    28    28    28    28    28    28    28    28    28    28
  50   1000   990   961   914   852   779   698   613   528   446   369   300   239   187   143   108    80    58    42    30
         22    18    14    11     9     8     9     9    10    11    13    13    13    16    18    20    24    25    27    28
         29    29    28    27    26    24    23    20    18    16    14    13    12    11    10    10     9    10    10    10
         10    10    10    10     9     8     7     5     2    35    35    35    35    35    35    35    35    35    35    35
         35    35    35    35    35    35    35    35    35    35    35
  51   1000   990   961   914   852   779   698   613   528   446   369   300   239   187   144   108    80    59    43    31
         24    19    14    12    10    11    10    11    12    14    14    14    18    20    22    27    28    30    30    32
         31    31    30    28    27    25    22    20    18    15    14    13    12    11    11    10    10    11    11    11
         11    11    11    10     9     7     6     3    38    38    38    38    38    38    38    38    38    38    38    38
         38    38    38    38    38    38    38    38    38    38
  52   1000   990   961   914   852   779   698   613   528   446   370   300   239   187   144   108    81    59    43    33
         25    19    15    13    12    12    12    13    15    15    15    19    21    23    28    29    32    32    34    33
         32    31    30    28    26    24    21    19    16    14    13    12    12    11    11    11    11    11    12    12
         12    12    11     9     8     6     3    41    41    41    41    41    41    41    41    41    41    41    41    41
         41    41    41    41    41    41    41    41    41
  53   1000   990   961   914   852   779   698   613   528   446   370   300   240   187   144   109    81    59    45    34
         25    19    15    14    13    13    14    15    15    15    19    21    23    28    29    32    32    34    33    32
         32    30    28    26    24    21    19    16    15    13    12    12    11    11    11    11    11    12    12    12
         12    11     9     8     6     3    41    41    41    41    41    41    41    41    41    41    41    41    41    41
         41    41    41    41    41    41    41    41
  54   1000   990   961   914   853   779   699   614   529   447   370   301   240   188   145   110    82    63    48    36
         27    22    20    18    17    18    20    20    20    25    27    30    37    38    41    41    44    43    42    41
         39    37    34    31    27    24    20    19    17    16    15    15    14    14    15    15    15    15    15    15
         14    12    10     8     4    53    53    53    53    53    53    53    53    53    53    53    53    53    53    53
         53    53    53    53    53    53    53
  55   1000   990   961   914   852   779   698   614   529   447   370   301   239   188   144   109    83    62    46    34
         26    22    18    16    17    17    17    17    20    22    24    30    31    34    34    36    36    35    34    32
         30    28    25    23    20    17    16    14    13    12    12    12    12    12    12    12    13    12    12    11
         10     8     6     3    44    44    44    44    44    44    44    44    44    44    44    44    44    44    44    44
         44    44    44    44    44    44
  56   1000   990   961   914   853   780   699   614   530   448   371   302   241   189   146   114    87    66    49    38
         32    27    24    24    25    25    24    29    32    35    44    45    49    49    52    51    50    49    46    44
         40    36    33    29    24    22    21    19    18    17    17    17    17    17    18    18    18    18    16    14
         12     9     4    63    63    63    63    63    63    63    63    63    63    63    63    63    63    63    63    63
         63    63    63    63    63
  57   1000   990   961   914   853   779   699   614   529   447   370   301   241   189   147   113    85    64    48    38
         30    26    24    23    22    21    25    27    30    37    38    41    41    44    43    42    41    39    37    34
         31    27    24    20    19    17    16    15    15    14    14    15    15    15    15    15    15    14    12    10
          8     4    53    53    53    53    53    53    53    53    53    53    53    53    53    53    53    53    53    53
         53    53    53    53
  58   1000   990   961   914   853   780   699   614   530   447   371   302   241   191   149   114    86    65    51    40
         33    30    28    26    25    29    31    33    41    43    46    46    49    48    47    46    44    41    38    34
         31    27    23    21    19    18    17    16    16    16    16    16    17    17    17    17    16    14    11     9
          4    59    59    59    59    59    59    59    59    59    59    59    59    59    59    59    59    59    59    59
         59    59    59
  59   1000   990   961   914   853   780   700   615   530   449   372   303   245   194   151   116    89    70    55    45
         40    37    34    31    36    38    41    50    52    56    57    60    59    57    56    53    50    46    42    37
         33    28    26    24    22    21    20    19    20    20    20    20    21    20    20    19    17    14    11     5
         72    72    72    72    72    72    72    72    72    72    72    72    72    72    72    72    72    72    72    72
         72    72
  60   1000   990   961   914   853   780   699   615   530   448   372   304   244   193   150   115    90    69    55    46
         40    35    31    34    36    38    46    47    51    51    54    53    52    51    48    45    42    38    34    30
         25    23    21    20    19    18    18    18    18    18    19    19    19    19    17    15    13    10     5    65
         65    65    65    65    65    65    65    65    65    65    65    65    65    65    65    65    65    65    65    65
         65
  61   1000   990   961   914   853   780   699   615   531   449   374   306   246   194   152   119    92    73    60    51
         44    38    40    42    43    52    54    57    58    61    60    58    57    54    51    47    43    38    34    28
         26    24    22    21    20    20    20    20    20    21    21    21    21    19    17    14    11     5    74    74
         74    74    74    74    74    74    74    74    74    74    74    74    74    74    74    74    74    74    74    74
  62   1000   990   961   915   853   780   700   616   531   451   376   307   247   196   156   122    96    79    66    56
         47    49    49    51    60    62    66    66    70    69    67    65    62    58    54    49    44    39    33    30
         28    26    24    23    23    23    23    23    24    24    24    24    22    19    16    12     6    84    84    84
         84    84    84    84    84    84    84    84    84    84    84    84    84    84    84    84    84    84    84
  63   1000   990   961   914   853   780   700   616   531   450   375   306   246   196   155   121    97    79    64    53
         51    49    49    57    57    61    61    64    63    61    60    57    54    49    45    40    36    30    28    25
         24    22    22    21    21    21    22    22    22    22    22    20    18    15    11     5    78    78    78    78
         78    78    78    78    78    78    78    78    78    78    78    78    78    78    78    78    78    78
  64   1000   990   961   915   853   781   700   616   532   451   375   307   248   198   157   125   100    81    65    60
         56    55    61    62    64    65    68    67    65    63    60    56    52    47    42    37    31    29    27    25
         23    23    22    22    23    23    23    24    23    23    21    19    16    12     6    82    82    82    82    82
         82    82    82    82    82    82    82    82    82    82    82    82    82    82    82    82    82
  65   1000   990   961   915   854   781   701   617   533   452   377   310   251   202   162   131   105    85    77    70
         67    73    72    75    75    78    77    75    73    69    65    60    54    49    43    36    34    31    29    27
         26    25    26    26    26    27    27    27    27    25    22    18    14     7    94    94    94    94    94    94
         94    94    94    94    94    94    94    94    94    94    94    94    94    94    94    94
  66   1000   990   961   915   853   780   700   616   533   452   377   309   250   202   162   129   103    89    78    71
         74    71    73    72    75    73    71    69    65    61    57    51    46    41    34    32    29    27    26    25
         24    24    25    25    25    26    25    25    23    21    17    13     6    89    89    89    89    89    89    89
         89    89    89    89    89    89    89    89    89    89    89    89    89    89    89
  67   1000   990   961   914   851   778   698   615   531   449   374   306   248   198   158   125   102    85    74    71
         67    66    64    66    64    62    60    57    53    49    44    40    35    30    27    25    24    22    22    21
         21    21    22    22    22    22    22    20    18    15    11     5    77    77    77    77    77    77    77    77
         77    77    77    77    77    77    77    77    77    77    77    77    77    77
  68   1000   990   961   913   852   780   700   616   532   452   377   310   252   203   163   134   112    96    90    84
         81    78    80    77    74    71    68    64    59    53    47    42    35    33    30    28    26    26    25    25
         26    26    26    27    26    26    24    21    18    14     6    93    93    93    93    93    93    93    93    93
         93    93    93    93    93    93    93    93    93    93    93    93    93
  69   1000   990   960   913   852   780   700   616   532   452   377   311   254   205   167   138   116   105    95    91
         86    86    83    79    76    72    67    62    56    50    44    37    34    32    30    28    27    26    27    27
         27    28    28    28    28    26    22    19    14     7    98    98    98    98    98    98    98    98    98    98
         98    98    98    98    98    98    98    98    98    98    98    98
  70   1000   989   959   913   852   780   699   615   532   451   377   312   255   208   171   142   124   110   102    95
         93    89    84    80    76    71    65    59    52    46    39    36    33    31    29    28    28    28    28    28
         29    30    29    29    27    24    20    15     7   103   103   103   103   103   103   103   103   103   103   103
        103   103   103   103   103   103   103   103   103   103   103
  71   1000   990   962   916   856   785   706   625   543   466   395   331   279   236   202   183   165   156   146   145
        138   131   126   119   110   101    91    81    72    60    56    51    48    45    44    43    43    44    44    45
         46    45    45    42    37    31    24    11   159   159   159   159   159   159   159   159   159   159   159   159
        159   159   159   159   159   159   159   159   159   159
  72   1000   990   962   917   857   786   708   627   547   471   400   340   288   247   220   196   182   169   165   156
        148   141   132   123   112   101    90    79    66    61    57    53    50    48    47    48    48    49    50    51
         50    50    46    41    34    26    12   176   176   176   176   176   176   176   176   176   176   176   176   176
        176   176   176   176   176   176   176   176   176
  73   1000   990   962   916   856   785   706   625   546   470   401   340   289   250   220   199   182   173   162   152
        143   134   123   112   101    89    79    66    61    56    52    49    48    47    47    48    48    50    51    50
         50    46    40    34    26    12   175   175   175   175   175   175   175   175   175   175   175   175   175   175
        175   175   175   175   175   175   175   175
  74   1000   990   961   915   855   782   703   624   546   468   399   339   287   249   220   198   184   171   158   148
        137   125   113   101    89    78    65    60    55    51    48    47    46    47    48    48    49    50    50    50
         46    40    34    26    12   175   175   175   175   175   175   175   175   175   175   175   175   175   175   175
        175   175   175   175   175   175   175
  75   1000   990   961   915   853   781   705   627   545   470   402   338   293   256   229   209   192   177   163   150
        136   122   108    95    83    69    63    58    54    51    50    49    50    51    51    52    54    53    53    49
         43    36    28    13   187   187   187   187   187   187   187   187   187   187   187   187   187   187   187   187
        187   187   187   187   187   187
  76   1000   990   962   916   856   788   714   633   556   484   413   362   318   285   260   239   220   202   185   168
        150   133   116   101    83    76    70    65    62    60    59    60    61    62    63    65    64    64    59    52
         44    33    16   226   226   226   226   226   226   226   226   226   226   226   226   226   226   226   226   226
        226   226   226   226   226
  77   1000   990   961   915   858   791   712   634   559   478   420   368   329   297   272   248   227   207   186   165
        145   126   109    89    81    74    69    65    64    62    64    65    66    68    69    68    68    63    56    47
         36    17   243   243   243   243   243   243   243   243   243   243   243   243   243   243   243   243   243   243
        243   243   243   243
  78   1000   990   960   917   862   789   714   638   551   488   429   385   345   316   288   263   238   213   188   164
        141   121    99    90    82    76    71    70    68    70    71    72    74    76    75    75    70    61    52    40
         18   269   269   269   269   269   269   269   269   269   269   269   269   269   269   269   269   269   269   269
        269   269   269
  79   1000   990   964   922   863   796   725   636   572   508   460   414   380   348   318   288   257   227   197   169
        145   118   106    96    89    83    81    80    82    83    85    87    89    88    88    82    72    61    46    22
        316   316   316   316   316   316   316   316   316   316   316   316   316   316   316   316   316   316   316   316
        316   316
  80   1000   991   966   922   866   802   715   651   584   533   482   444   407   372   337   301   265   229   196   166
        135   121   109   100    94    91    89    92    93    95    98   100    99    99    92    81    68    52    24   356
        356   356   356   356   356   356   356   356   356   356   356   356   356   356   356   356   356   356   356   356
        356
  81   1000   991   963   919   863   777   714   644   590   532   491   452   412   372   332   290   250   212   179   144
        127   114   104    97    94    92    94    96    98   101   104   103   103    96    84    71    54    25   371   371
        371   371   371   371   371   371   371   371   371   371   371   371   371   371   371   371   371   371   371   371
  82   1000   987   956   910   826   766   693   638   575   532   489   446   402   357   312   267   225   187   149   130
        114   103    96    92    90    93    95    97   100   103   102   102    95    83    70    54    25   371   371   371
        371   371   371   371   371   371   371   371   371   371   371   371   371   371   371   371   371   371   371
  83   1000   991   965   903   855   792   742   681   638   594   548   499   448   393   339   288   241   192   168   147
        133   122   117   114   117   119   121   125   128   127   128   119   104    88    67    31   463   463   463   463
        463   463   463   463   463   463   463   463   463   463   463   463   463   463   463   463   463   463
  84   1000   991   949   912   858   813   755   714   671   623   571   515   455   393   334   280   224   194   169   151
        138   132   127   130   132   134   138   142   141   141   132   115    97    74    34   514   514   514   514   514
        514   514   514   514   514   514   514   514   514   514   514   514   514   514   514   514   514
  85   1000   979   954   911   874   821   783   742   694   641   582   517   450   383   322   258   222   193   171   155
        146   140   142   144   146   151   155   153   154   143   125   106    81    37   561   561   561   561   561   561
        561   561   561   561   561   561   561   561   561   561   561   561   561   561   561   561
  86   1000   994   974   951   916   885   848   804   751   689   620   545   470   400   324   282   246   219   198   187
        179   180   182   184   189   193   191   192   178   156   132   100    46   696   696   696   696   696   696   696
        696   696   696   696   696   696   696   696   696   696   696   696   696   696   696
  87   1000   992   978   950   926   894   854   803   743   672   594   515   439   357   310   269   238   214   200   190
        190   190   192   196   201   198   199   185   162   137   104    47   724   724   724   724   724   724   724   724
        724   724   724   724   724   724   724   724   724   724   724   724   724   724
  88   1000   996   981   964   938   903   857   799   728   650   568   487   399   347   302   266   238   221   209   207
        207   207   212   216   213   214   198   174   146   111    51   777   777   777   777   777   777   777   777   777
        777   777   777   777   777   777   777   777   777   777   777   777   777
  89   1000   994   983   964   936   895   841   773   695   611   528   436   379   328   287   255   234   219   215   213
        212   215   219   216   216   200   175   148   112    51   787   787   787   787   787   787   787   787   787   787
        787   787   787   787   787   787   787   787   787   787   787   787
  90   1000   996   984   961   927   878   814   739   656   571   476   417   362   318   282   258   239   233   229   227
        230   233   229   229   212   185   156   118    54   831   831   831   831   831   831   831   831   831   831   831
        831   831   831   831   831   831   831   831   831   831   831
  91   1000   995   981   954   912   855   783   702   617   519   455   395   345   303   274   251   241   234   229   230
        231   226   225   209   182   153   116    52   820   820   820   820   820   820   820   820   820   820   820   820
        820   820   820   820   820   820   820   820   820   820
  92   1000   995   978   945   896   831   753   669   571   502   436   379   331   295   266   251   239   231   229   228
        222   220   203   176   148   112    50   798   798   798   798   798   798   798   798   798   798   798   798   798
        798   798   798   798   798   798   798   798   798
  93   1000   994   973   934   878   807   726   630   557   487   424   368   326   289   267   250   237   231   228   219
        215   198   172   143   108    48   775   775   775   775   775   775   775   775   775   775   775   775   775   775
        775   775   775   775   775   775   775   775
  94   1000   992   967   923   863   788   696   622   548   478   416   365   321   290   266   247   235   228   216   210
        191   165   137   103    45   741   741   741   741   741   741   741   741   741   741   741   741   741   741   741
        741   741   741   741   741   741   741
  95   1000   991   963   915   852   768   694   618   544   474   415   362   322   289   262   243   230   214   205   184
        157   130    97    42   696   696   696   696   696   696   696   696   696   696   696   696   696   696   696   696
        696   696   696   696   696   696
  96   1000   990   960   910   839   770   695   618   544   476   414   364   321   285   258   237   215   201   178   151
        123    91    39   642   642   642   642   642   642   642   642   642   642   642   642   642   642   642   642   642
        642   642   642   642   642
  97   1000   989   958   903   844   774   698   621   547   477   418   364   318   281   251   223   203   176   146   118
         86    37   582   582   582   582   582   582   582   582   582   582   582   582   582   582   582   582   582   582
        582   582   582   582
  98   1000   989   955   908   848   778   702   626   550   482   418   362   314   275   238   211   179   146   116    84
         38   520   520   520   520   520   520   520   520   520   520   520   520   520   520   520   520   520   520   520
        520   520   520
  99   1000   988   958   912   851   781   706   628   554   483   417   359   309   264   227   190   153   120    86    42
        461   461   461   461   461   461   461   461   461   461   461   461   461   461   461   461   461   461   461   461
        461   461
 100   1000   990   961   915   855   785   709   631   554   480   412   352   296   251   206   164   127    92    48   387
        387   387   387   387   387   387   387   387   387   387   387   387   387   387   387   387   387   387   387   387
        387
 101   1000   990   961   915   856   786   711   632   554   480   412   348   293   240   192   149   108    62   357   357
        357   357   357   357   357   357   357   357   357   357   357   357   357   357   357   357   357   357   357   357
 102   1000   990   962   916   857   788   712   633   555   480   409   345   284   228   178   132    82   328   328   328
        328   328   328   328   328   328   328   328   328   328   328   328   328   328   328   328   328   328   328
 103   1000   990   962   917   858   789   712   634   555   478   407   339   275   217   164   109   305   305   305   305
        305   305   305   305   305   305   305   305   305   305   305   305   305   305   305   305   305   305
 104   1000   990   962   917   859   789   713   634   554   477   402   331   266   205   143   287   287   287   287   287
        287   287   287   287   287   287   287   287   287   287   287   287   287   287   287   287   287
 105   1000   990   962   918   859   790   714   634   555   475   397   324   256   187   277   277   277   277   277   277
        277   277   277   277   277   277   277   277   277   277   277   277   277   277   277   277
 106   1000   990   962   918   860   791   714   635   553   471   391   316   238   270   270   270   270   270   270   270
        270   270   270   270   270   270   270   270   270   270   270   270   270   270   270
 107   1000   991   963   919   861   792   716   635   550   466   384   299   273   273   273   273   273   273   273   273
        273   273   273   273   273   273   273   273   273   273   273   273   273   273
 108   1000   991   963   919   861   793   716   632   546   459   367   276   276   276   276   276   276   276   276   276
        276   276   276   276   276   276   276   276   276   276   276   276   276
 109   1000   991   963   919   862   792   713   628   539   442   277   277   277   277   277   277   277   277   277   277
        277   277   277   277   277   277   277   277   277   277   277   277
 110   1000   991   963   920   862   790   709   621   522   283   283   283   283   283   283   283   283   283   283   283
        283   283   283   283   283   283   283   283   283   283   283
 111   1000   991   964   920   860   786   702   604   289   289   289   289   289   289   289   289   289   289   289   289
        289   289   289   289   289   289   289   289   289   289
 112   1000   991   963   918   856   780   686   284   284   284   284   284   284   284   284   284   284   284   284   284
        284   284   284   284   284   284   284   284   284
 113   1000   991   962   915   850   764   283   283   283   283   283   283   283   283   283   283   283   283   283   283
        283   283   283   283   283   283   283   283
 114   1000   990   960   911   838   263   263   263   263   263   263   263   263   263   263   263   263   263   263   263
        263   263   263   263   263   263   263
 115   1000   990   959   903   230   230   230   230   230   230   230   230   230   230   230   230   230   230   230   230
        230   230   230   230   230   230
 116   1000   989   954   194   194   194   194   194   194   194   194   194   194   194   194   194   194   194   194   194
        194   194   194   194   194
 117   1000   987   148   148   148   148   148   148   148   148   148   148   148   148   148   148   148   148   148   148
        148   148   148   148
 118   1000    69    69    69    69    69    69    69    69    69    69    69    69    69    69    69    69    69    69    69
         69    69    69
 119   1000  1000  1000  1000  1000  1000  1000  1000  1000  1000  1000  1000  1000  1000  1000  1000  1000  1000  1000  1000
       1000  1000
 120   1000  1000  1000  1000  1000  1000  1000  1000  1000  1000  1000  1000  1000  1000  1000  1000  1000  1000  1000  1000
       1000
 121   1000  1000  1000  1000  1000  1000  1000  1000  1000  1000  1000  1000  1000  1000  1000  1000  1000  1000  1000  1000
 122   1000  1000  1000  1000  1000  1000  1000  1000  1000  1000  1000  1000  1000  1000  1000  1000  1000  1000  1000
 123   1000  1000  1000  1000  1000  1000  1000  1000  1000  1000  1000  1000  1000  1000  1000  1000  1000  1000
 124   1000  1000  1000  1000  1000  1000  1000  1000  1000  1000  1000  1000  1000  1000  1000  1000  1000
 125   1000  1000  1000  1000  1000  1000  1000  1000  1000  1000  1000  1000  1000  1000  1000  1000
 126   1000  1000  1000  1000  1000  1000  1000  1000  1000  1000  1000  1000  1000  1000  1000
 127   1000  1000  1000  1000  1000  1000  1000  1000  1000  1000  1000  1000  1000  1000
 128   1000  1000  1000  1000  1000  1000  1000  1000  1000  1000  1000  1000  1000
 129   1000  1000  1000  1000  1000  1000  1000  1000  1000  1000  1000  1000
 130   1000  1000  1000  1000  1000  1000  1000  1000  1000  1000  1000
 131   1000  1000  1000  1000  1000  1000  1000  1000  1000  1000
 132   1000  1000  1000  1000  1000  1000  1000  1000  1000
 133   1000  1000  1000  1000  1000  1000  1000  1000
 134   1000  1000  1000  1000  1000  1000  1000
 135   1000  1000  1000  1000  1000  1000
 136   1000  1000  1000  1000  1000
 137   1000  1000  1000  1000
 138   1000  1000  1000
 139   1000  1000
 140   1000

 Finished!
