88" 33MeV Deuteron breakup on Ta, Clean Beam
  140    5    1    0    1
   0.00500  10.00000   0.00500   0.00100
   1.0000000   0   0 7.86600000E+03   1.0000000
AL27A    1.925E-20 0.010       0.00       0.00        (    )
NI582    3.677E-21 0.015       0.00       0.00        (    )
IN115N   8.670E-20 0.005       0.00       0.00        (    )
AU1972   3.093E-19 0.012       0.00       0.00        (    )
AU197G   8.478E-20 0.017       0.00 AUNG  3.70 BFX    (BEAM)
Flux Uncertainty From MCNP Calculations
 140
 1.0000E+00 1.0000E+00 1.0000E+00 1.0000E+00 1.0000E+00 1.0000E+00 1.0000E+00
 1.0000E+00 1.0000E+00 1.0000E+00 1.0000E+00 1.0000E+00 1.0000E+00 1.0000E+00
 1.0000E+00 1.0000E+00 1.0000E+00 8.2750E-01 1.0000E+00 1.0000E+00 1.0000E+00
 1.0000E+00 6.3220E-01 1.0000E+00 1.0000E+00 1.0000E+00 1.0000E+00 5.9310E-01
 8.2680E-01 1.0000E+00 7.2910E-01 7.6080E-01 6.2230E-01 1.0000E+00 1.0000E+00
 1.0000E+00 7.7270E-01 1.0000E+00 7.3100E-01 8.2850E-01 6.9950E-01 7.1300E-01
 8.2730E-01 4.6740E-01 3.5700E-01 6.7850E-01 6.1140E-01 4.8410E-01 4.0510E-01
 3.1710E-01 3.0440E-01 3.0950E-01 5.5170E-01 3.1380E-01 3.4860E-01 3.0420E-01
 6.0370E-01 2.3290E-01 2.1000E-01 3.7500E-01 2.1600E-01 1.9780E-01 4.2000E-01
 3.1440E-01 3.1130E-01 2.0230E-01 2.0980E-01 1.8370E-01 2.4880E-01 1.9150E-01
 2.0350E-01 1.3590E-01 6.0740E-01 1.3890E-01 7.0860E-01 6.3250E-01 1.8080E-01
 6.3410E-01 1.5840E-01 3.7790E-01 1.9760E-01 1.2940E-01 7.3100E-02 5.3800E-02
 3.8100E-02 2.9500E-02 2.1200E-02 1.6300E-02 1.5800E-02 1.1400E-02 1.1400E-02
 1.2000E-02 1.1500E-02 1.0900E-02 9.3000E-03 9.3000E-03 1.0200E-02 1.0000E-02
 1.1100E-02 1.3000E-02 1.4500E-02 1.5900E-02 1.7200E-02 1.9000E-02 1.9800E-02
 2.0500E-02 2.0800E-02 2.1300E-02 2.1500E-02 2.3400E-02 2.1700E-02 2.2400E-02
 2.5400E-02 2.7100E-02 3.0600E-02 3.6300E-02 4.8400E-02 1.0720E-01 0.0000E+00
 0.0000E+00 0.0000E+00 0.0000E+00 0.0000E+00 0.0000E+00 0.0000E+00 0.0000E+00
 0.0000E+00 0.0000E+00 0.0000E+00 0.0000E+00 0.0000E+00 0.0000E+00 0.0000E+00
 0.0000E+00 0.0000E+00 0.0000E+00 0.0000E+00 0.0000E+00 0.0000E+00 0.0000E+00
Input Flux Spectrum from MCNP Simulation
 140   0 4.060E+09 2.000E+01 5.000E-08
 5.0000E-09 5.0000E-09 5.0000E-09 5.0000E-09 5.0000E-09 5.0000E-09 5.0000E-09
 5.0000E-09 5.0000E-09 5.0000E-09 5.0000E-09 5.0000E-09 5.0000E-09 5.0000E-09
 5.0000E-09 5.0000E-09 5.0000E-09 7.9125E-10 5.0000E-09 5.0000E-09 5.0000E-09
 2.4034E-10 1.2500E-09 2.7033E-09 1.2672E-09 5.0000E-09 8.0589E-10 4.0047E-10
 1.1380E-09 3.7101E-11 1.8246E-09 5.1787E-10 4.4323E-10 5.0000E-09 2.1595E-10
 5.0000E-09 5.3808E-09 3.4676E-10 5.7107E-09 1.8696E-09 1.3147E-09 2.8840E-10
 2.5256E-09 7.3464E-10 9.7974E-09 3.8167E-09 6.7946E-09 9.2575E-09 1.2947E-08
 8.2647E-09 8.2230E-09 3.0348E-08 4.2098E-08 3.2108E-08 2.0447E-08 4.2420E-08
 6.1212E-08 2.9381E-08 2.2786E-08 4.6676E-08 5.2816E-08 5.3527E-08 8.4569E-08
 8.1813E-08 1.0155E-07 7.1480E-08 8.1417E-08 6.5542E-08 8.8032E-08 1.0748E-07
 2.3994E-07 1.8305E-07 8.8994E-07 1.4557E-07 5.3987E-07 6.1383E-07 1.7089E-07
 8.5227E-07 1.1456E-07 2.3021E-06 7.6985E-07 1.0689E-06 1.4663E-06 1.5990E-06
 2.1633E-06 3.5597E-06 4.0404E-06 5.1052E-06 5.6395E-06 7.0727E-06 6.6883E-06
 6.1192E-06 5.1411E-06 4.2298E-06 3.3967E-06 2.7698E-06 2.1347E-06 1.6082E-06
 1.2498E-06 8.6552E-07 7.1413E-07 5.8996E-07 5.0880E-07 4.2922E-07 3.8364E-07
 3.5941E-07 3.4727E-07 3.3587E-07 3.2412E-07 3.1677E-07 3.2163E-07 3.0561E-07
 2.7235E-07 2.4608E-07 1.9375E-07 1.3744E-07 7.7436E-08 1.5735E-08 0.0000E+00
 0.0000E+00 0.0000E+00 0.0000E+00 0.0000E+00 0.0000E+00 0.0000E+00 0.0000E+00
 0.0000E+00 0.0000E+00 0.0000E+00 0.0000E+00 0.0000E+00 0.0000E+00 0.0000E+00
 0.0000E+00 0.0000E+00 0.0000E+00 0.0000E+00 0.0000E+00 0.0000E+00 0.0000E+00
   17   15    9    9    9   10    7   14   14   36



                         ==============================
                               STAYSL PNNL OUTPUT
                         ==============================

 STAYSL PNNL, version 1.2.0, 2015-08-05


 SCENARIO TITLE: 88" 33MeV Deuteron breakup on Ta, Clean Beam
 -------------------------------------------------------------------------------
  NGROUP =   140    NRXN =     5    ACTIVITY NORM = 1.00000E+00

  COVARIANCE PARAMETERS (FCHN, FCVX, ACVX, FS)
    FLUXES:      WIDTH =  1.0000E+01   LONG RANGE COVAR. =  5.0000E-03
            ACTIVITIES =  5.0000E-03   X-SECT CROSS COR. =  1.0000E-03

    DETERM =   1.5775 × 10^   6.00      ERROR =   6.6266E-17

  INPUT NORMALIZATION DATA
    AK1   =     1.00000     VAK        =     0.00003
    NORML =           0     RENORM     = 1.00000E+00
    CHI²  =   110.72467     NORM. CHI² =    27.68117

  DOSIMETRY ACTIVITIES
     ———— INPUTS —————  -UNADJUSTED FLUX-  — ADJUSTED FLUX —    CHI²  90% ACTIVITIES RANGE
 RXN  MEASURED     ±%   ACTIVITY    %DIFF  ACTIVITY    %DIFF  CONTRIB --LOW E-- --HIGH E--   REACTION          CVR
  1  1.925E-20    1.00  1.946E-20    1.09  1.966E-20    2.11    2.402  7.40E+00  1.70E+01  AL27(N,A)NA24           
  2  3.677E-21    1.50  4.369E-21   18.82  4.296E-21   16.84   44.156  1.30E+01  3.00E+01  NI58(N,2N)NI57          
  3  8.670E-20    0.50  6.628E-20  -23.55  8.364E-20   -3.53   21.873  1.80E+00  1.30E+01  IN115(N,N')IN115M       
  4  3.093E-19    1.20  2.784E-19   -9.99  2.793E-19   -9.69   41.394  9.00E+00  1.90E+01  AU197(N,2N)AU196        
  5  8.478E-20    1.70  4.992E-20  -41.12  8.461E-20   -0.20    0.899  1.00E-10  4.50E-03  AU197(N,G)AU198         

             % STD. DEV.  =         25.98               9.93

                              CHECK INPUT, IT IS RATHER UNLIKELY !
                                   *** BEWARE OF OUTPUT ! ***


  DIFFERENTIAL FLUXES (input is normalized by a factor of 1.0000E+00)
                  —————— DIFFERENTIAL FLUX —————   ———— STD. DEV. % ————   INTEGRAL
 GRP    ENERGY        NEW         OLD      RATIO    NEW     OLD    RATIO   FLUX > E     ± %
   1  1.0000E-10  3.7812E+10  2.2556E+10   1.676   67.75  100.00   0.677  3.8334E+05    4.18
   2  1.0000E-09  3.8568E+09  2.2556E+09   1.710   63.57  100.00   0.636  3.8331E+05    4.18
   3  1.0000E-08  2.7120E+09  1.5615E+09   1.737   59.86  100.00   0.599  3.8327E+05    4.18
   4  2.3000E-08  1.3211E+09  7.5185E+08   1.757   56.78  100.00   0.568  3.8324E+05    4.18
   5  5.0000E-08  1.3832E+09  7.8077E+08   1.772   54.44  100.00   0.544  3.8320E+05    4.18
   6  7.6000E-08  9.2696E+08  5.2051E+08   1.781   52.85  100.00   0.529  3.8317E+05    4.18
   7  1.1500E-07  6.5912E+08  3.6909E+08   1.786   51.98  100.00   0.520  3.8313E+05    4.18
   8  1.7000E-07  4.2680E+08  2.3882E+08   1.787   51.75  100.00   0.518  3.8309E+05    4.19
   9  2.5500E-07  2.8993E+08  1.6240E+08   1.785   52.07  100.00   0.521  3.8306E+05    4.19
  10  3.8000E-07  2.1263E+08  1.1941E+08   1.781   52.90  100.00   0.529  3.8302E+05    4.19
  11  5.5000E-07  1.2411E+08  7.0000E+07   1.773   54.20  100.00   0.542  3.8298E+05    4.19
  12  8.4000E-07  8.2226E+07  4.6667E+07   1.762   56.01  100.00   0.560  3.8295E+05    4.19
  13  1.2750E-06  5.6744E+07  3.2480E+07   1.747   58.34  100.00   0.583  3.8291E+05    4.19
  14  1.9000E-06  3.8965E+07  2.2556E+07   1.727   61.18  100.00   0.612  3.8288E+05    4.19
  15  2.8000E-06  2.3839E+07  1.4000E+07   1.703   64.50  100.00   0.645  3.8284E+05    4.19
  16  4.2500E-06  1.6561E+07  9.9024E+06   1.672   68.21  100.00   0.682  3.8281E+05    4.19
  17  6.3000E-06  1.1456E+07  7.0000E+06   1.637   72.16  100.00   0.722  3.8277E+05    4.19
  18  9.2000E-06  1.1149E+06  7.4709E+05   1.492   63.06   82.75   0.762  3.8274E+05    4.19
  19  1.3500E-05  4.1940E+06  2.7067E+06   1.549   80.16  100.00   0.802  3.8274E+05    4.19
  20  2.1000E-05  3.3837E+06  2.2556E+06   1.500   83.89  100.00   0.839  3.8270E+05    4.19
  21  3.0000E-05  1.9605E+06  1.3533E+06   1.449   87.26  100.00   0.873  3.8267E+05    4.19
  22  4.5000E-05  5.6772E+04  4.0658E+04   1.396   90.20  100.00   0.902  3.8264E+05    4.19
  23  6.9000E-05  1.9931E+05  1.6371E+05   1.217   58.59   63.22   0.927  3.8264E+05    4.19
  24  1.0000E-04  4.0621E+05  3.1358E+05   1.295   94.67  100.00   0.947  3.8264E+05    4.19
  25  1.3500E-04  1.8363E+05  1.4700E+05   1.249   96.23  100.00   0.962  3.8262E+05    4.19
  26  1.7000E-04  4.9012E+05  4.0600E+05   1.207   97.40  100.00   0.974  3.8262E+05    4.19
  27  2.2000E-04  6.3796E+04  5.4532E+04   1.170   98.26  100.00   0.983  3.8259E+05    4.19
  28  2.8000E-04  2.1970E+04  2.0324E+04   1.081   58.63   59.31   0.989  3.8259E+05    4.19
  29  3.6000E-04  5.5997E+04  5.1336E+04   1.091   82.07   82.68   0.993  3.8259E+05    4.19
  30  4.5000E-04  1.3103E+03  1.2050E+03   1.087   99.53  100.00   0.995  3.8258E+05    4.19
  31  5.7500E-04  4.2038E+04  4.0043E+04   1.050   72.70   72.91   0.997  3.8258E+05    4.19
  32  7.6000E-04  1.0942E+04  1.0513E+04   1.041   75.94   76.08   0.998  3.8257E+05    4.19
  33  9.6000E-04  5.8611E+03  5.7127E+03   1.026   62.16   62.23   0.999  3.8257E+05    4.19
  34  1.2750E-03  6.4564E+04  6.2462E+04   1.034   99.93  100.00   0.999  3.8257E+05    4.19
  35  1.6000E-03  2.2507E+03  2.1919E+03   1.027   99.95  100.00   1.000  3.8255E+05    4.19
  36  2.0000E-03  2.9627E+04  2.9000E+04   1.022   99.97  100.00   1.000  3.8255E+05    4.19
  37  2.7000E-03  3.1624E+04  3.1209E+04   1.013   77.25   77.27   1.000  3.8253E+05    4.19
  38  3.4000E-03  1.2986E+03  1.2799E+03   1.015   99.98  100.00   1.000  3.8250E+05    4.19
  39  4.5000E-03  2.3384E+04  2.3185E+04   1.009   73.09   73.10   1.000  3.8250E+05    4.19
  40  5.5000E-03  4.5025E+03  4.4650E+03   1.008   82.84   82.85   1.000  3.8248E+05    4.19
  41  7.2000E-03  2.6844E+03  2.6688E+03   1.006   69.95   69.95   1.000  3.8247E+05    4.19
  42  9.2000E-03  4.2033E+02  4.1818E+02   1.005   71.30   71.30   1.000  3.8247E+05    4.19
  43  1.2000E-02  3.4366E+03  3.4180E+03   1.005   82.73   82.73   1.000  3.8247E+05    4.19
  44  1.5000E-02  7.4725E+02  7.4566E+02   1.002   46.74   46.74   1.000  3.8246E+05    4.19
  45  1.9000E-02  6.1265E+03  6.1196E+03   1.001   35.70   35.70   1.000  3.8245E+05    4.19
  46  2.5500E-02  2.3918E+03  2.3840E+03   1.003   67.85   67.85   1.000  3.8241E+05    4.19
  47  3.2000E-02  3.4581E+03  3.4483E+03   1.003   61.14   61.14   1.000  3.8240E+05    4.19
  48  4.0000E-02  3.0136E+03  3.0068E+03   1.002   48.41   48.41   1.000  3.8237E+05    4.19
  49  5.2500E-02  3.9017E+03  3.8937E+03   1.002   40.51   40.51   1.000  3.8233E+05    4.19
  50  6.6000E-02  1.5281E+03  1.5252E+03   1.002   31.71   31.71   1.000  3.8228E+05    4.19
  51  8.8000E-02  1.5216E+03  1.5175E+03   1.003   30.44   30.44   1.000  3.8225E+05    4.19
  52  1.1000E-01  4.9489E+03  4.9285E+03   1.004   30.95   30.95   1.000  3.8221E+05    4.19
  53  1.3500E-01  6.9202E+03  6.8367E+03   1.012   55.17   55.17   1.000  3.8209E+05    4.19
  54  1.6000E-01  4.3863E+03  4.3453E+03   1.009   31.38   31.38   1.000  3.8191E+05    4.20
  55  1.9000E-01  2.8102E+03  2.7672E+03   1.016   34.86   34.86   1.000  3.8178E+05    4.20
  56  2.2000E-01  5.0165E+03  4.9207E+03   1.019   30.42   30.42   1.000  3.8170E+05    4.20
  57  2.5500E-01  7.5028E+03  7.1006E+03   1.057   60.36   60.37   1.000  3.8152E+05    4.20
  58  2.9000E-01  4.0943E+03  3.9762E+03   1.030   23.29   23.30   1.000  3.8126E+05    4.20
  59  3.2000E-01  2.3985E+03  2.3128E+03   1.037   20.99   21.01   0.999  3.8114E+05    4.20
  60  3.6000E-01  5.1723E+03  4.7376E+03   1.092   37.45   37.50   0.999  3.8104E+05    4.20
  61  4.0000E-01  4.5902E+03  4.2887E+03   1.070   21.55   21.61   0.997  3.8084E+05    4.20
  62  4.5000E-01  4.7162E+03  4.3464E+03   1.085   19.70   19.79   0.996  3.8061E+05    4.20
  63  5.0000E-01  8.4930E+03  6.8670E+03   1.237   41.68   42.00   0.992  3.8037E+05    4.20
  64  5.5000E-01  8.1462E+03  6.6432E+03   1.226   31.05   31.44   0.988  3.7995E+05    4.20
  65  6.0000E-01  8.8085E+03  6.8715E+03   1.282   30.52   31.13   0.980  3.7954E+05    4.19
  66  6.6000E-01  5.9313E+03  4.8368E+03   1.226   19.62   20.24   0.970  3.7901E+05    4.19
  67  7.2000E-01  7.0848E+03  5.5092E+03   1.286   20.03   20.99   0.954  3.7865E+05    4.19
  68  7.8000E-01  5.7655E+03  4.4350E+03   1.300   17.16   18.38   0.934  3.7823E+05    4.18
  69  8.4000E-01  6.6110E+03  4.4676E+03   1.480   22.56   24.88   0.907  3.7788E+05    4.18
  70  9.2000E-01  7.7901E+03  5.4546E+03   1.428   16.71   19.16   0.872  3.7735E+05    4.17
  71  1.0000E+00  7.4021E+03  4.8708E+03   1.520   16.88   20.36   0.829  3.7673E+05    4.16
  72  1.2000E+00  5.1635E+03  3.7159E+03   1.390   10.59   13.60   0.779  3.7525E+05    4.14
  73  1.4000E+00  5.2954E+04  1.8066E+04   2.931   43.75   60.74   0.720  3.7422E+05    4.13
  74  1.6000E+00  4.3727E+03  2.9551E+03   1.480    9.13   13.90   0.657  3.6363E+05    3.47
  75  1.8000E+00  3.9779E+04  1.0959E+04   3.630   41.84   70.86   0.590  3.6275E+05    3.46
  76  2.0000E+00  2.8889E+04  8.3072E+03   3.478   33.31   63.25   0.527  3.5480E+05    2.96
  77  2.3000E+00  4.0134E+03  2.3127E+03   1.735    8.54   18.09   0.472  3.4613E+05    2.56
  78  2.6000E+00  4.2049E+04  1.1534E+04   3.646   27.61   63.41   0.435  3.4493E+05    2.55
  79  2.9000E+00  1.9373E+03  1.1628E+03   1.666    6.70   15.85   0.423  3.3231E+05    1.91
  80  3.3000E+00  6.0360E+04  2.3366E+04   2.583   16.53   37.79   0.437  3.3154E+05    1.91
  81  3.7000E+00  1.4155E+04  7.8140E+03   1.812    9.32   19.77   0.471  3.0739E+05    1.07
  82  4.1000E+00  1.6423E+04  1.0849E+04   1.514    6.68   12.95   0.516  3.0173E+05    0.98
  83  4.5000E+00  1.5196E+04  1.1906E+04   1.276    4.12    7.33   0.562  2.9516E+05    0.91
  84  5.0000E+00  1.5464E+04  1.2984E+04   1.191    3.26    5.40   0.604  2.8756E+05    0.86
  85  5.5000E+00  1.9763E+04  1.7566E+04   1.125    2.44    3.84   0.636  2.7983E+05    0.82
  86  6.0000E+00  2.2466E+04  2.0646E+04   1.088    1.97    2.99   0.658  2.6995E+05    0.79
  87  6.7000E+00  2.4758E+04  2.3434E+04   1.057    1.45    2.18   0.666  2.5422E+05    0.75
  88  7.4000E+00  2.6891E+04  2.5909E+04   1.038    1.13    1.70   0.666  2.3689E+05    0.73
  89  8.2000E+00  2.9522E+04  2.8620E+04   1.032    1.10    1.66   0.662  2.1538E+05    0.72
  90  9.0000E+00  2.9247E+04  2.8715E+04   1.019    0.81    1.24   0.651  1.9176E+05    0.71
  91  1.0000E+01  2.7552E+04  2.7154E+04   1.015    0.80    1.24   0.645  1.6251E+05    0.72
  92  1.1000E+01  2.5127E+04  2.4844E+04   1.011    0.83    1.30   0.642  1.3496E+05    0.74
  93  1.2000E+01  2.1018E+04  2.0873E+04   1.007    0.81    1.25   0.644  1.0984E+05    0.77
  94  1.3000E+01  1.7223E+04  1.7173E+04   1.003    0.78    1.20   0.654  8.8818E+04    0.82
  95  1.4000E+01  1.3780E+04  1.3791E+04   0.999    0.71    1.06   0.669  7.1595E+04    0.89
  96  1.5000E+01  1.1204E+04  1.1245E+04   0.996    0.73    1.06   0.690  5.7815E+04    0.99
  97  1.6000E+01  8.6069E+03  8.6669E+03   0.993    0.81    1.14   0.715  4.6611E+04    1.11
  98  1.7000E+01  6.4670E+03  6.5293E+03   0.990    0.83    1.12   0.741  3.8004E+04    1.24
  99  1.8000E+01  5.0073E+03  5.0742E+03   0.987    0.94    1.22   0.769  3.1537E+04    1.39
 100  1.9000E+01  3.4507E+03  3.5140E+03   0.982    1.11    1.39   0.798  2.6530E+04    1.54
 101  2.0000E+01  2.8338E+03  2.8994E+03   0.977    1.26    1.53   0.824  2.3079E+04    1.66
 102  2.1000E+01  2.3306E+03  2.3952E+03   0.973    1.41    1.67   0.847  2.0246E+04    1.78
 103  2.2000E+01  2.0017E+03  2.0657E+03   0.969    1.55    1.79   0.867  1.7915E+04    1.89
 104  2.3000E+01  1.6808E+03  1.7426E+03   0.965    1.74    1.96   0.885  1.5913E+04    1.99
 105  2.4000E+01  1.4990E+03  1.5576E+03   0.962    1.84    2.04   0.899  1.4232E+04    2.08
 106  2.5000E+01  1.4023E+03  1.4592E+03   0.961    1.92    2.11   0.912  1.2733E+04    2.17
 107  2.6000E+01  1.3549E+03  1.4099E+03   0.961    1.97    2.14   0.923  1.1331E+04    2.25
 108  2.7000E+01  1.3107E+03  1.3636E+03   0.961    2.04    2.19   0.933  9.9762E+03    2.34
 109  2.8000E+01  1.2665E+03  1.3159E+03   0.962    2.08    2.21   0.942  8.6655E+03    2.44
 110  2.9000E+01  1.2365E+03  1.2861E+03   0.961    2.28    2.39   0.951  7.3989E+03    2.55
 111  3.0000E+01  1.2620E+03  1.3058E+03   0.966    2.13    2.23   0.958  6.1624E+03    2.65
 112  3.1000E+01  1.2011E+03  1.2408E+03   0.968    2.21    2.30   0.964  4.9004E+03    2.83
 113  3.2000E+01  1.0693E+03  1.1057E+03   0.967    2.51    2.59   0.971  3.6993E+03    3.08
 114  3.3000E+01  9.6737E+02  9.9908E+02   0.968    2.69    2.76   0.977  2.6300E+03    3.35
 115  3.4000E+01  7.6153E+02  7.8662E+02   0.968    3.04    3.10   0.982  1.6626E+03    3.78
 116  3.5000E+01  5.3946E+02  5.5801E+02   0.967    3.61    3.66   0.986  9.0112E+02    4.46
 117  3.6000E+01  3.0235E+02  3.1439E+02   0.962    4.82    4.87   0.990  3.6165E+02    5.76
 118  3.7000E+01  5.9307E+01  6.3884E+01   0.928   10.66   10.73   0.994  5.9307E+01   10.66
      3.8000E+01

  INTEGRALS OF SPECTRA
    OLD SPECTRUM   3.2455E+05   ±    4.423 %
    NEW SPECTRUM   3.8334E+05   ±    4.182 %

  SUMMARY OF BROAD-GROUP FLUXES, FLUENCES, AND UNCERTAINTIES

    IRRAD TIME [S] = 7.86600000E+03   ACT NORM =  1.00000000E+00

       ENERGY       FLUX       FLUENCE      STDEV %
      thermal    3.5670E+02  2.8058E+06  ±  42.98     (0.100 meV – 0.550  eV)
     epithermal  7.7297E+02  6.0802E+06  ±  36.95     (0.550  eV – 110.0 keV)
        fast     3.8221E+05  3.0065E+09  ±   4.19     (110.0 keV –  20.0 MeV)
        fast     3.7673E+05  2.9634E+09  ±   4.16     (  1.0 MeV –  20.0 MeV)
        high     2.3079E+04  1.8154E+08  ±   1.66     ( 20.0 MeV –  60.0 MeV)

    MINI-SPECTRUM

       ENERGY       FLUX       FLUENCE      STDEV %
     1.0000E-10  6.0073E+02  4.7254E+06  ±  23.06
     9.2000E-06  1.6955E+02  1.3337E+06  ±  76.89
     9.6000E-04  1.0444E+02  8.2153E+05  ±  82.04
     9.2000E-03  2.2147E+02  1.7421E+06  ±  44.56
     8.8000E-02  1.2030E+03  9.4631E+06  ±  37.86
     3.6000E-01  3.6885E+03  2.9013E+07  ±  24.84
     9.2000E-01  3.1224E+04  2.4561E+08  ±  35.39
     2.3000E+00  1.8361E+05  1.4443E+09  ±   4.77
     1.0000E+01  1.4828E+05  1.1664E+09  ±   0.73
     2.4000E+01  1.4232E+04  1.1195E+08  ±   2.08
     6.0000E+01

       TOTAL     3.8334E+05  3.0154E+09  ±   4.18

    RELATIVE COVARIANCES (10×10)
     1000  -350   -67   -23   -19   -23   -25     0    19     3
     1000   230    10    -2    -3    -3     0     4     1
     1000   403    55     2     0     0     2     1
     1000   567    80     1     0     3     2
     1000   497    44   -18     2     2
     1000   457  -111   -14     6
     1000   255  -106    15
     1000    22     0
     1000   159
     1000

  SPECTRAL-AVERAGED REACTION RATES (for all cross section library reactions)

        REACTIONS        SIG-PHI      <SIG>          REACTIONS        SIG-PHI      <SIG>          REACTIONS        SIG-PHI      <SIG>  
   ------------------  ----------  ----------   ------------------  ----------  ----------   ------------------  ----------  ----------
   LI6(N,A)T           5.4264E-19  1.4155E-24   FE58(N,G)FE59       1.0345E-21  2.6986E-27   IN115(N,N')IN115M   8.3644E-20  2.1820E-25
   B10(N,A)LI7         2.1251E-18  5.5436E-24   CO59(N,2N)CO58      7.1603E-20  1.8679E-25   IN115(N,2N)IN114M   1.5405E-19  4.0186E-25
   F19(N,2N)F18        5.0493E-21  1.3172E-26   CO59(N,3N)CO57      4.2156E-21  1.0997E-26   IN115(N,G)IN116M    3.0298E-19  7.9037E-25
   NA23(N,2N)NA22      5.2870E-21  1.3792E-26   CO59(N,G)CO60       2.3301E-20  6.0785E-26   I127(N,2N)I126      1.7455E-19  4.5535E-25
   NA23(N,G)NA24       3.6223E-22  9.4494E-28   CO59(N,P)FE59       1.0502E-20  2.7397E-26   LA139(N,G)LA140     5.7579E-21  1.5020E-26
   MG24(N,P)NA24       3.3094E-20  8.6331E-26   CO59(N,A)MN56       4.4284E-21  1.1552E-26   PR141(N,2N)PR140    1.9303E-19  5.0354E-25
   AL27(N,P)MG27       2.0982E-20  5.4735E-26   NI58(N,2N)NI57      4.2961E-21  1.1207E-26   TM169(N,2N)TM168    2.8185E-19  7.3525E-25
   AL27(N,A)NA24       1.9656E-20  5.1277E-26   NI58(N,P)CO58       1.5726E-19  4.1025E-25   TM169(N,3N)TM167    3.8143E-20  9.9500E-26
   SI28(N,P)AL28       5.7291E-20  1.4945E-25   NI60(N,P)CO60       2.6563E-20  6.9294E-26   TA181(N,G)TA182     5.8888E-20  1.5362E-25
   P31(N,P)SI31        3.9265E-20  1.0243E-25   CU63(N,2N)CU62      5.0933E-20  1.3287E-25   W186(N,G)W187       5.9297E-20  1.5468E-25
   S32(N,P)P32         9.5961E-20  2.5033E-25   CU63(N,G)CU64       4.0393E-21  1.0537E-26   AU197(N,2N)AU196    2.7933E-19  7.2867E-25
   TI46(N,2N)TI45      1.0218E-20  2.6656E-26   CU63(N,A)CO60       7.6318E-21  1.9909E-26   AU197(N,G)AU198     1.7748E-19  4.6298E-25
   TI46(N,P)SC46       6.4704E-20  1.6879E-25   CU65(N,2N)CU64      9.3031E-20  2.4268E-25   HG199(N,N')HG199M   1.7173E-19  4.4799E-25
   TI47(N,P)SC47       3.3617E-20  8.7695E-26   ZN64(N,P)CU64       6.3844E-20  1.6655E-25   PB204(N,N')PB204M   4.6911E-20  1.2237E-25
   TI47(N,X)SC46       1.1842E-20  3.0892E-26   ZN67(N,P)CU67       6.1499E-21  1.6043E-26   BI209(N,3N)BI207    4.4779E-20  1.1681E-25
   TI48(N,P)SC48       9.2298E-21  2.4077E-26   AS75(N,2N)AS74      1.0063E-19  2.6251E-25   TH232(N,FISSION)    1.1596E-19  3.0250E-25
   TI48(N,X)SC47       6.0630E-21  1.5816E-26   Y89(N,2N)Y88        8.9661E-20  2.3389E-25   TH232(N,G)TH233     1.3063E-20  3.4078E-26
   TI49(N,X)SC48       3.8772E-21  1.0114E-26   ZR90(N,2N)ZR89      7.5089E-20  1.9588E-25   U235(N,FISSION)     9.4288E-19  2.4596E-24
   V51(N,A)SC48        2.0584E-21  5.3697E-27   NB93(N,G)NB94       2.0216E-21  5.2737E-27   U235(N,G)U236       6.8776E-20  1.7941E-25
   CR52(N,2N)CR51      3.8664E-20  1.0086E-25   NB93(N,N')NB93M     5.9240E-20  1.5454E-25   U238(N,2N)U237      2.6093E-19  6.8067E-25
   MN55(N,2N)MN54      7.3621E-20  1.9205E-25   NB93(N,2N)NB92M     5.6461E-20  1.4729E-25   U238(N,FISSION)     3.4790E-19  9.0755E-25
   MN55(N,G)MN56       7.5441E-21  1.9680E-26   MO92(N,P)NB92M      2.4315E-20  6.3430E-26   U238(N,G)U239       2.4660E-20  6.4330E-26
   FE54(N,2N)FE53      3.8273E-21  9.9839E-27   RH103(N,N')RH103M   3.1705E-19  8.2706E-25   NP237(N,FISSION)    7.3478E-19  1.9168E-24
   FE54(N,P)MN54       1.3012E-19  3.3944E-25   AG109(N,G)AG110M    8.3306E-21  2.1731E-26   PU239(N,FISSION)    1.3258E-18  3.4584E-24
   FE54(N,A)CR51       1.4420E-20  3.7618E-26   IN113(N,N')IN113M   6.9987E-20  1.8257E-25   AM241(N,FISSION)    8.4688E-19  2.2092E-24
   FE56(N,P)MN56       1.8987E-20  4.9530E-26   IN113(N,G)IN114M    3.2396E-20  8.4510E-26   SC45(N,G)SC46       1.5084E-20  3.9350E-26

  INPUT FLUX REL. CORRELATION MATRIX (by row from diagonal)
   1   1000   990   961   914   852   779   698   613   527   445   368   298   237   185   141   105    77    56    39    27
         18    12     8     5     3     2     1     1     0     0     0     0     0     0     0     0     0     0     0     0
          0     0     0     0     0     0     0     0     0     0     0     0     0     0     0     0     0     0     0     0
          0     0     0     0     0     0     0     0     0     0     0     0     0     0     0     0     0     0     0     0
          0     0     0     0     1     1     1     1     2     2     2     2     2     2     2     2     2     2     2     2
          2     1     1     1     1     1     1     1     1     1     1     1     1     1     1     1     1     0     5     5
          5     5     5     5     5     5     5     5     5     5     5     5     5     5     5     5     5     5     5     5

  OUTPUT FLUX REL. CORRELATION MATRIX (by row from diagonal)
   1   1000   980   916   802   638   431   197   -47  -284  -499  -680  -819  -911  -957  -963  -935  -882  -814  -737  -656
       -576  -499  -427  -360  -301  -248  -203  -164  -131  -104   -82   -65   -51   -40   -32   -26   -21   -18   -15   -13
        -11   -10    -9    -8    -7    -6    -6    -5    -5    -5    -5    -5    -5    -5    -5    -5    -5    -5    -5    -5
         -5    -6    -6    -6    -6    -6    -6    -7    -7    -7    -7    -7    -7    -7    -7    -6    -5    -4    -1     0
          2     3     4     5     6     6     6     7     7     7     7     7     6     6     5     5     4     4     3     3
          2     2     2     2     1     1     1     1     1     1     1     1     1     1     0     0     0     0     2     2
          2     2     2     2     2     2     2     2     2     2     2     2     2     2     2     2     2     2     2     2
   2   1000   977   901   770   586   361   113  -139  -379  -590  -762  -885  -960  -987  -976  -934  -871  -795  -713  -630
       -548  -471  -399  -334  -276  -226  -182  -146  -116   -92   -72   -57   -45   -36   -29   -24   -20   -17   -15   -13
        -11   -10    -9    -8    -7    -7    -6    -6    -6    -6    -6    -6    -6    -6    -6    -6    -6    -6    -6    -6
         -6    -7    -7    -7    -7    -7    -8    -8    -8    -8    -8    -8    -8    -8    -7    -6    -4    -2     0     2
          3     5     6     6     7     7     7     7     7     7     7     7     6     6     5     5     4     4     3     3
          2     2     2     2     1     1     1     1     1     1     1     1     1     0     0     0     0     1     1     1
          1     1     1     1     1     1     1     1     1     1     1     1     1     1     1     1     1     1     1
   3   1000   973   886   739   539   301    44  -211  -449  -651  -809  -915  -971  -982  -957  -905  -836  -757  -673  -589
       -508  -433  -363  -301  -247  -200  -160  -127  -101   -79   -63   -50   -40   -32   -27   -22   -19   -16   -14   -12
        -11   -10    -9    -8    -7    -7    -7    -6    -6    -6    -6    -6    -6    -6    -7    -7    -7    -7    -7    -7
         -7    -8    -8    -8    -8    -8    -9    -9    -9    -9    -9    -9    -9    -8    -7    -5    -2     0     2     4
          5     6     7     7     8     8     8     8     8     8     7     7     6     6     5     4     4     3     3     3
          2     2     2     1     1     1     1     1     1     1     1     1     0     0     0     0     1     1     1     1
          1     1     1     1     1     1     1     1     1     1     1     1     1     1     1     1     1     1
   4   1000   969   873   714   503   257    -2  -256  -485  -674  -814  -902  -942  -939  -905  -849  -777  -698  -616  -535
       -458  -386  -322  -264  -214  -172  -137  -109   -86   -68   -54   -43   -35   -29   -24   -20   -18   -15   -13   -12
        -11   -10    -9    -8    -8    -7    -7    -7    -7    -7    -7    -7    -7    -7    -7    -7    -8    -8    -8    -8
         -8    -8    -9    -9    -9   -10   -10   -10   -10   -10   -10   -10    -9    -7    -5    -2     0     2     4     6
          7     7     8     8     9     9     9     9     8     8     7     7     6     5     5     4     4     3     3     2
          2     2     2     1     1     1     1     1     1     1     1     0     0     0     0     1     1     1     1     1
          1     1     1     1     1     1     1     1     1     1     1     1     1     1     1     1     1
   5   1000   966   863   696   480   232   -24  -269  -484  -656  -777  -848  -874  -864  -825  -768  -699  -623  -546  -471
       -400  -334  -276  -225  -181  -145  -115   -91   -72   -57   -46   -38   -31   -26   -22   -19   -16   -14   -13   -11
        -10    -9    -9    -8    -8    -8    -7    -7    -7    -7    -8    -8    -8    -8    -8    -8    -8    -8    -9    -9
         -9    -9   -10   -10   -10   -10   -11   -11   -11   -11   -10    -9    -8    -6    -3     0     2     4     6     7
          8     8     9     9     9     9     9     9     8     8     7     6     6     5     4     4     3     3     2     2
          2     2     1     1     1     1     1     1     1     1     0     0     0     0     1     1     1     1     1     1
          1     1     1     1     1     1     1     1     1     1     1     1     1     1     1     1
   6   1000   964   857   687   471   228   -18  -248  -445  -597  -701  -758  -776  -761  -723  -669  -605  -537  -467  -400
       -337  -279  -229  -185  -148  -118   -94   -74   -59   -48   -39   -32   -27   -23   -20   -17   -15   -13   -12   -11
        -10    -9    -9    -8    -8    -8    -8    -8    -8    -8    -8    -8    -8    -8    -8    -9    -9    -9    -9    -9
        -10   -10   -10   -11   -11   -11   -11   -11   -11   -11   -10    -8    -6    -3     0     2     5     6     7     8
          9     9    10    10    10    10     9     9     8     7     7     6     5     4     4     3     3     3     2     2
          2     1     1     1     1     1     1     1     1     0     0     0     0     1     1     1     1     1     1     1
          1     1     1     1     1     1     1     1     1     1     1     1     1     1     1
   7   1000   963   855   687   476   244    13  -197  -373  -506  -595  -643  -656  -642  -608  -561  -505  -445  -385  -327
       -274  -226  -184  -148  -119   -95   -75   -60   -49   -40   -33   -28   -23   -20   -17   -15   -14   -12   -11   -10
         -9    -9    -8    -8    -8    -8    -8    -8    -8    -8    -8    -8    -8    -9    -9    -9    -9    -9   -10   -10
        -10   -11   -11   -11   -11   -11   -12   -11   -11   -10    -8    -6    -3     0     3     5     6     8     8     9
          9    10    10    10    10    10     9     8     7     7     6     5     5     4     3     3     3     2     2     2
          1     1     1     1     1     1     1     1     0     0     0     0     1     1     1     1     1     1     1     1
          1     1     1     1     1     1     1     1     1     1     1     1     1     1
   8   1000   963   857   695   494   278    66  -123  -278  -394  -471  -513  -526  -516  -488  -450  -404  -355  -306  -259
       -215  -177  -144  -116   -93   -74   -60   -48   -40   -33   -28   -24   -20   -18   -15   -14   -12   -11   -10    -9
         -9    -9    -8    -8    -8    -8    -8    -8    -8    -8    -8    -9    -9    -9    -9    -9   -10   -10   -10   -10
        -11   -11   -11   -11   -12   -12   -11   -11   -10    -8    -6    -3     0     3     5     6     8     8     9    10
         10    10    10    10    10     9     8     7     7     6     5     5     4     3     3     3     2     2     2     1
          1     1     1     1     1     1     1     0     0     0     0     1     1     1     1     1     1     1     1     1
          1     1     1     1     1     1     1     1     1     1     1     1     1
   9   1000   964   862   709   523   325   135   -32  -169  -271  -340  -380  -395  -391  -372  -343  -308  -270  -233  -196
       -163  -134  -109   -88   -71   -58   -47   -39   -32   -27   -23   -20   -17   -15   -14   -12   -11   -10    -9    -9
         -8    -8    -8    -8    -8    -8    -8    -8    -8    -8    -8    -9    -9    -9    -9    -9   -10   -10   -10   -11
        -11   -11   -11   -11   -11   -11   -11   -10    -8    -6    -3     0     3     5     6     8     8     9     9    10
         10    10    10     9     9     8     7     7     6     5     5     4     3     3     3     2     2     2     1     1
          1     1     1     1     1     1     0     0     0     0     1     1     1     1     1     1     1     1     1     1
          1     1     1     1     1     1     1     1     1     1     1     1
  10   1000   966   870   728   559   382   214    66   -54  -146  -211  -251  -270  -273  -264  -245  -222  -196  -169  -143
       -119   -99   -81   -66   -54   -45   -37   -31   -26   -22   -19   -17   -15   -13   -12   -11   -10    -9    -9    -8
         -8    -8    -8    -8    -8    -8    -8    -8    -8    -8    -8    -9    -9    -9    -9    -9   -10   -10   -10   -11
        -11   -11   -11   -11   -11   -11   -10    -8    -6    -3     0     2     5     6     7     8     9     9    10    10
         10    10     9     9     8     7     7     6     5     4     4     3     3     3     2     2     2     1     1     1
          1     1     1     1     1     0     0     0     0     1     1     1     1     1     1     1     1     1     1     1
          1     1     1     1     1     1     1     1     1     1     1
  11   1000   968   880   751   601   444   296   166    57   -27   -89  -131  -156  -167  -167  -160  -147  -132  -115   -99
        -84   -70   -59   -49   -41   -34   -29   -25   -21   -18   -16   -14   -13   -11   -10    -9    -9    -8    -8    -8
         -8    -7    -7    -8    -8    -8    -8    -8    -8    -8    -8    -8    -9    -9    -9    -9   -10   -10   -10   -10
        -11   -11   -11   -11   -10    -9    -8    -6    -3     0     2     4     6     7     8     8     9     9     9     9
          9     9     9     8     7     6     6     5     4     4     3     3     2     2     2     2     1     1     1     1
          1     1     1     1     0     0     0     0     1     1     1     1     1     1     1     1     1     1     1     1
          1     1     1     1     1     1     1     1     1     1
  12   1000   971   892   777   645   508   378   261   163    82    20   -24   -55   -75   -85   -87   -85   -79   -72   -64
        -56   -48   -41   -35   -30   -26   -23   -20   -17   -15   -13   -12   -11   -10    -9    -8    -8    -8    -7    -7
         -7    -7    -7    -7    -7    -7    -7    -8    -8    -8    -8    -8    -8    -9    -9    -9    -9   -10   -10   -10
        -10   -10   -10   -10    -9    -7    -5    -2     0     2     4     6     7     8     8     9     9     9     9     9
          9     8     8     7     6     5     5     4     4     3     3     2     2     2     2     1     1     1     1     1
          1     1     1     0     0     0     0     1     1     1     1     1     1     1     1     1     1     1     1     1
          1     1     1     1     1     1     1     1     1
  13   1000   974   904   804   689   569   454   348   257   179   116    66    29     1   -17   -29   -35   -38   -38   -37
        -34   -31   -28   -25   -22   -20   -18   -16   -14   -12   -11   -10    -9    -8    -8    -7    -7    -7    -7    -7
         -7    -7    -7    -7    -7    -7    -7    -7    -7    -7    -8    -8    -8    -8    -9    -9    -9    -9    -9   -10
        -10    -9    -9    -8    -7    -5    -2     0     2     4     5     6     7     8     8     8     9     8     8     8
          8     7     6     6     5     5     4     3     3     3     2     2     2     1     1     1     1     1     1     1
          1     1     0     0     0     0     1     1     1     1     1     1     1     1     1     1     1     1     1     1
          1     1     1     1     1     1     1     1
  14   1000   977   916   830   729   624   520   424   337   260   195   141    97    62    36    16     2    -7   -13   -17
        -18   -19   -18   -17   -16   -15   -14   -12   -11   -10    -9    -8    -8    -7    -7    -6    -6    -6    -6    -6
         -6    -6    -6    -6    -6    -6    -7    -7    -7    -7    -7    -7    -8    -8    -8    -8    -9    -9    -9    -9
         -9    -8    -8    -6    -5    -2     0     2     4     5     6     7     7     8     8     8     8     8     8     7
          7     6     5     5     4     4     3     3     2     2     2     2     1     1     1     1     1     1     1     1
          1     0     0     0     0     1     1     1     1     1     1     1     1     1     1     1     1     1     1     1
          1     1     1     1     1     1     1
  15   1000   980   928   853   765   671   576   486   402   325   258   199   150   109    76    50    30    15     4    -2
         -7   -10   -11   -12   -12   -11   -10   -10    -9    -8    -7    -7    -6    -6    -6    -6    -6    -5    -5    -5
         -6    -6    -6    -6    -6    -6    -6    -6    -6    -7    -7    -7    -7    -7    -8    -8    -8    -8    -8    -8
         -8    -7    -6    -4    -2     0     2     3     5     5     6     7     7     7     7     7     7     7     7     6
          6     5     5     4     4     3     3     2     2     2     1     1     1     1     1     1     1     1     1     1
          0     0     0     0     1     1     1     1     1     1     1     1     1     1     1     1     1     1     1     1
          1     1     1     1     1     1
  16   1000   983   937   872   794   708   621   535   452   375   305   242   188   142   104    73    49    30    17     7
          0    -3    -6    -8    -8    -8    -8    -8    -7    -6    -6    -6    -5    -5    -5    -5    -5    -5    -5    -5
         -5    -5    -5    -5    -5    -5    -5    -6    -6    -6    -6    -6    -7    -7    -7    -7    -7    -7    -7    -7
         -6    -5    -4    -1     0     2     3     4     5     5     6     6     7     7     7     7     6     6     6     5
          5     4     4     3     3     2     2     2     2     1     1     1     1     1     1     1     1     1     1     0
          0     0     0     2     2     2     2     2     2     2     2     2     2     2     2     2     2     2     2     2
          2     2     2     2     2
  17   1000   985   945   887   816   737   654   570   488   410   337   272   214   164   122    88    61    41    25    14
          6     0    -2    -4    -5    -6    -6    -6    -5    -5    -5    -5    -5    -4    -4    -4    -4    -4    -4    -4
         -4    -4    -5    -5    -5    -5    -5    -5    -5    -5    -6    -6    -6    -6    -6    -6    -6    -6    -6    -5
         -4    -3    -1     0     1     3     4     4     5     5     6     6     6     6     6     6     6     5     5     4
          4     3     3     3     2     2     2     1     1     1     1     1     1     1     1     1     1     1     0     0
          0     0     2     2     2     2     2     2     2     2     2     2     2     2     2     2     2     2     2     2
          2     2     2     2
  18   1000   987   952   899   833   758   678   595   513   433   359   291   230   178   134    98    69    47    30    18
          9     3     0    -2    -3    -4    -4    -4    -4    -4    -4    -4    -4    -4    -4    -4    -4    -4    -4    -4
         -4    -4    -4    -4    -4    -4    -4    -5    -5    -5    -5    -5    -5    -5    -5    -5    -5    -5    -5    -4
         -3    -1     0     1     2     3     4     4     5     5     5     6     6     6     6     5     5     5     4     4
          4     3     3     2     2     2     2     1     1     1     1     1     1     1     1     1     1     1     1     0
          0     3     3     3     3     3     3     3     3     3     3     3     3     3     3     3     3     3     3     3
          3     3     3
  19   1000   988   956   907   845   772   694   611   528   448   371   302   239   186   140   103    74    51    33    21
         12     6     2     0    -2    -3    -3    -3    -3    -3    -3    -3    -3    -3    -3    -3    -3    -3    -3    -3
         -3    -3    -3    -3    -4    -4    -4    -4    -4    -4    -4    -4    -5    -5    -5    -4    -4    -4    -3    -2
         -1     0     1     2     3     3     4     4     4     5     5     5     5     5     5     4     4     4     3     3
          3     2     2     2     1     1     1     1     1     1     1     1     1     1     1     1     0     0     0     0
          2     2     2     2     2     2     2     2     2     2     2     2     2     2     2     2     2     2     2     2
          2     2
  20   1000   989   959   913   852   781   703   620   537   455   378   307   244   189   143   106    76    53    35    23
         14     7     3     0     0    -1    -2    -2    -2    -2    -2    -3    -3    -3    -3    -3    -3    -3    -3    -3
         -3    -3    -3    -3    -3    -3    -3    -3    -4    -4    -4    -4    -4    -4    -4    -4    -3    -3    -2     0
          0     1     2     2     3     3     4     4     4     4     4     4     4     4     4     4     3     3     3     2
          2     2     2     1     1     1     1     1     1     1     1     1     1     1     1     0     0     0     0     2
          2     2     2     2     2     2     2     2     2     2     2     2     2     2     2     2     2     2     2     2
          2
  21   1000   990   961   916   857   786   708   625   541   458   380   309   245   190   144   107    77    54    37    24
         15     8     4     1     0    -1    -1    -2    -2    -2    -2    -2    -2    -2    -2    -2    -2    -2    -2    -2
         -2    -2    -2    -3    -3    -3    -3    -3    -3    -3    -3    -3    -3    -3    -3    -3    -2    -1     0     0
          1     1     2     2     3     3     3     4     4     4     4     4     4     3     3     3     3     3     2     2
          2     1     1     1     1     1     1     1     1     1     1     1     1     1     0     0     0     0     3     3
          3     3     3     3     3     3     3     3     3     3     3     3     3     3     3     3     3     3     3     3
  22   1000   990   962   918   859   788   709   626   541   458   380   308   245   190   144   107    77    55    37    25
         16     9     5     2     0     0    -1    -1    -1    -1    -1    -2    -2    -2    -2    -2    -2    -2    -2    -2
         -2    -2    -2    -2    -2    -2    -2    -2    -2    -3    -2    -3    -2    -2    -2    -2    -1     0     0     1
          1     2     2     2     3     3     3     3     4     4     3     3     3     3     3     3     2     2     2     1
          1     1     1     1     1     1     1     1     1     1     1     1     1     0     0     0     0     3     3     3
          3     3     3     3     3     3     3     3     3     3     3     3     3     3     3     3     3     3     3
  23   1000   991   963   918   859   788   709   625   540   456   378   307   243   189   144   107    77    55    38    25
         16    10     6     3     1     0     0     0    -1    -1    -1    -1    -1    -1    -1    -1    -1    -1    -1    -1
         -1    -1    -2    -2    -2    -2    -2    -2    -2    -2    -2    -2    -2    -2    -1    -1     0     0     0     1
          1     2     2     2     3     3     3     4     4     4     4     4     4     4     3     3     3     2     2     2
          2     1     1     1     1     1     1     1     1     1     1     1     1     1     1     0     6     6     6     6
          6     6     6     6     6     6     6     6     6     6     6     6     6     6     6     6     6     6
  24   1000   991   963   918   859   787   707   623   537   454   376   305   242   188   143   106    77    55    38    26
         17    10     6     3     1     0     0     0     0    -1    -1    -1    -1    -1    -1    -1    -1    -1    -1    -1
         -1    -1    -1    -1    -1    -1    -1    -1    -1    -2    -1    -1    -1    -1    -1     0     0     0     1     1
          1     2     2     2     2     2     3     3     3     3     3     3     2     2     2     2     1     1     1     1
          1     1     1     1     1     1     1     1     1     1     1     1     0     0     0     3     3     3     3     3
          3     3     3     3     3     3     3     3     3     3     3     3     3     3     3     3     3
  25   1000   991   963   918   858   786   706   621   535   452   374   303   240   187   142   106    77    55    38    26
         17    11     6     4     2     0     0     0     0     0     0    -1    -1    -1    -1    -1    -1    -1    -1    -1
         -1    -1    -1    -1    -1    -1    -1    -1    -1    -1    -1    -1    -1     0     0     0     0     1     1     1
          1     2     2     2     2     3     3     2     2     2     2     2     2     2     2     1     1     1     1     1
          1     1     1     1     1     1     1     1     1     1     1     0     0     0     3     3     3     3     3     3
          3     3     3     3     3     3     3     3     3     3     3     3     3     3     3     3
  26   1000   990   962   917   856   784   704   619   533   450   372   301   239   186   142   106    77    55    38    26
         17    11     7     4     2     1     0     0     0     0     0     0     0     0     0     0     0     0     0     0
          0    -1    -1    -1    -1    -1    -1    -1    -1    -1    -1     0     0     0     0     0     0     1     1     1
          1     2     2     2     2     2     2     2     2     2     2     2     2     2     1     1     1     1     1     1
          1     1     1     1     1     1     1     1     1     1     0     0     0     4     4     4     4     4     4     4
          4     4     4     4     4     4     4     4     4     4     4     4     4     4     4
  27   1000   990   962   916   855   783   702   617   531   448   371   300   238   185   141   105    77    55    39    26
         17    11     7     4     2     1     0     0     0     0     0     0     0     0     0     0     0     0     0     0
          0     0     0     0     0     0     0     0     0     0     0     0     0     0     0     0     1     1     1     1
          1     2     2     2     2     2     2     2     2     2     2     2     2     1     1     1     1     1     1     1
          1     1     1     1     1     1     1     1     1     0     0     0     4     4     4     4     4     4     4     4
          4     4     4     4     4     4     4     4     4     4     4     4     4     4
  28   1000   990   962   916   854   781   700   615   530   447   370   299   238   185   141   105    77    55    39    26
         18    12     7     4     2     1     0     0     0     0     0     0     0     0     0     0     0     0     0     0
          0     0     0     0     0     0     0     0     0     0     0     0     0     0     0     0     0     1     1     1
          2     2     3     3     3     3     3     3     3     3     3     2     2     2     1     1     1     1     1     1
          1     1     1     1     1     1     1     1     1     1     0     7     7     7     7     7     7     7     7     7
          7     7     7     7     7     7     7     7     7     7     7     7     7
  29   1000   990   961   915   854   780   699   614   529   446   369   299   237   185   141   105    77    55    39    27
         18    12     7     4     3     1     1     0     0     0     0     0     0     0     0     0     0     0     0     0
          0     0     0     0     0     0     0     0     0     0     0     0     0     0     0     0     1     1     1     1
          1     2     2     2     2     2     2     2     2     2     2     1     1     1     1     1     1     1     1     1
          1     1     1     1     1     1     1     1     0     0     5     5     5     5     5     5     5     5     5     5
          5     5     5     5     5     5     5     5     5     5     5     5
  30   1000   990   961   915   853   780   699   614   528   446   368   299   237   185   141   105    77    55    39    27
         18    12     7     5     3     1     1     0     0     0     0     0     0     0     0     0     0     0     0     0
          0     0     0     0     0     0     0     0     0     0     0     0     0     0     0     0     1     1     1     1
          2     2     2     2     2     2     2     2     2     1     1     1     1     1     1     1     1     1     1     1
          1     1     1     1     1     1     0     0     0     4     4     4     4     4     4     4     4     4     4     4
          4     4     4     4     4     4     4     4     4     4     4
  31   1000   990   961   914   853   779   698   613   528   445   368   298   237   185   141   105    77    55    39    27
         18    12     8     5     3     2     1     0     0     0     0     0     0     0     0     0     0     0     0     0
          0     0     0     0     0     0     0     0     0     0     0     0     0     0     0     1     1     1     1     2
          2     2     2     2     2     2     2     2     2     1     1     1     1     1     1     1     1     1     1     1
          1     1     1     1     1     1     1     0     6     6     6     6     6     6     6     6     6     6     6     6
          6     6     6     6     6     6     6     6     6     6
  32   1000   990   961   914   852   779   698   613   528   445   368   298   237   184   141   105    77    55    39    27
         18    12     8     5     3     2     1     0     0     0     0     0     0     0     0     0     0     0     0     0
          0     0     0     0     0     0     0     0     0     0     0     0     0     0     0     1     1     1     2     2
          2     2     2     2     2     2     2     2     1     1     1     1     1     1     1     1     1     1     1     1
          1     1     1     1     1     0     0     6     6     6     6     6     6     6     6     6     6     6     6     6
          6     6     6     6     6     6     6     6     6
  33   1000   990   961   914   852   779   698   613   527   445   368   298   237   184   141   105    77    55    39    27
         18    12     8     5     3     2     1     1     0     0     0     0     0     0     0     0     0     0     0     0
          0     0     0     0     0     0     0     0     0     0     0     0     0     0     1     1     1     2     2     2
          2     2     3     3     2     2     2     2     1     1     1     1     1     1     1     1     1     1     1     1
          1     1     1     1     1     0     7     7     7     7     7     7     7     7     7     7     7     7     7     7
          7     7     7     7     7     7     7     7
  34   1000   990   961   914   852   779   698   613   527   445   368   298   237   184   141   105    77    55    39    27
         18    12     8     5     3     2     1     1     0     0     0     0     0     0     0     0     0     0     0     0
          0     0     0     0     0     0     0     0     0     0     0     0     0     1     1     1     1     1     1     1
          1     2     2     2     2     1     1     1     1     1     1     1     1     1     1     1     1     1     1     1
          1     1     1     0     0     5     5     5     5     5     5     5     5     5     5     5     5     5     5     5
          5     5     5     5     5     5     5
  35   1000   990   961   914   852   779   698   613   527   445   368   298   237   184   141   105    77    55    39    27
         18    12     8     5     3     2     1     1     0     0     0     0     0     0     0     0     0     0     0     0
          0     0     0     0     0     0     0     0     0     0     0     0     1     1     1     1     1     1     1     1
          2     2     1     2     1     1     1     1     1     1     1     1     1     1     1     1     1     1     1     1
          1     1     0     0     5     5     5     5     5     5     5     5     5     5     5     5     5     5     5     5
          5     5     5     5     5     5
  36   1000   990   961   914   852   779   698   613   527   445   368   298   237   184   141   105    77    55    39    27
         18    12     8     5     3     2     1     1     0     0     0     0     0     0     0     0     0     0     0     0
          0     0     0     0     0     0     0     0     0     0     0     1     1     1     1     1     1     1     1     2
          2     1     2     1     1     1     1     1     1     1     1     1     1     1     1     1     1     1     1     1
          1     0     0     5     5     5     5     5     5     5     5     5     5     5     5     5     5     5     5     5
          5     5     5     5     5
  37   1000   990   961   914   852   779   698   613   527   445   368   298   237   185   141   105    77    56    39    27
         18    12     8     5     3     2     1     1     0     0     0     0     0     0     0     0     0     0     0     0
          0     0     0     0     0     0     0     0     0     0     1     1     1     2     2     1     2     2     2     2
          2     2     2     1     1     1     1     1     1     1     1     1     1     1     1     1     1     1     1     1
          0     0     6     6     6     6     6     6     6     6     6     6     6     6     6     6     6     6     6     6
          6     6     6     6
  38   1000   990   961   914   852   779   698   613   527   445   368   298   237   185   141   105    77    56    39    27
         18    12     8     5     3     2     1     1     0     0     0     0     0     0     0     0     0     0     0     0
          0     0     0     0     0     0     0     0     0     0     1     1     1     1     1     1     1     2     2     1
          2     1     1     1     1     1     1     1     1     1     1     1     1     1     1     1     1     1     1     0
          0     5     5     5     5     5     5     5     5     5     5     5     5     5     5     5     5     5     5     5
          5     5     5
  39   1000   990   961   914   852   779   698   613   527   445   368   298   237   185   141   105    77    56    39    27
         18    12     8     5     3     2     1     1     0     0     0     0     0     0     0     0     0     0     0     0
          0     0     0     0     0     0     0     0     1     1     1     2     2     2     2     2     2     2     2     2
          2     1     1     1     1     1     1     1     1     1     1     1     1     1     1     1     1     1     1     0
          6     6     6     6     6     6     6     6     6     6     6     6     6     6     6     6     6     6     6     6
          6     6
  40   1000   990   961   914   852   779   698   613   527   445   368   298   237   185   141   105    77    56    39    27
         18    12     8     5     3     2     1     1     1     0     0     0     0     0     0     0     0     0     0     0
          0     0     0     0     0     0     0     1     1     1     2     2     1     1     2     2     2     2     2     2
          1     1     1     1     1     1     1     1     1     1     1     1     1     1     1     1     1     0     0     6
          6     6     6     6     6     6     6     6     6     6     6     6     6     6     6     6     6     6     6     6
          6
  41   1000   990   961   914   852   779   698   613   527   445   368   298   237   185   141   105    77    56    39    27
         18    12     8     5     3     2     1     1     1     0     0     0     0     0     0     0     0     0     0     0
          0     0     0     0     0     0     1     1     1     2     2     2     2     2     2     2     2     2     2     1
          1     1     1     1     1     1     1     1     1     1     1     1     1     1     1     1     1     0     7     7
          7     7     7     7     7     7     7     7     7     7     7     7     7     7     7     7     7     7     7     7
  42   1000   990   961   914   852   779   698   613   527   445   368   298   237   185   141   105    77    56    39    27
         18    12     8     5     3     2     1     1     1     0     0     0     0     0     0     0     0     0     0     0
          0     0     0     0     0     1     1     1     2     2     2     2     2     2     2     2     2     2     1     1
          1     1     1     1     1     1     1     1     1     1     1     1     1     1     1     1     0     7     7     7
          7     7     7     7     7     7     7     7     7     7     7     7     7     7     7     7     7     7     7
  43   1000   990   961   914   852   779   698   613   527   445   368   298   237   185   141   105    77    56    39    27
         18    12     8     5     3     2     1     1     1     0     0     0     0     0     0     0     0     0     0     0
          0     0     0     0     0     1     1     2     2     1     1     2     2     2     2     2     2     1     1     1
          1     1     1     1     1     1     1     1     1     1     1     1     1     1     0     0     6     6     6     6
          6     6     6     6     6     6     6     6     6     6     6     6     6     6     6     6     6     6
  44   1000   990   961   914   852   779   698   613   527   445   368   298   237   185   141   106    77    56    40    27
         19    13     8     5     4     2     2     1     1     0     1     0     0     0     0     0     0     0     0     0
          0     0     0     1     2     1     3     3     2     2     3     4     4     3     3     3     2     2     2     2
          1     1     2     2     2     2     2     2     2     2     1     1     1     1     0    10    10    10    10    10
         10    10    10    10    10    10    10    10    10    10    10    10    10    10    10    10    10
  45   1000   990   961   914   852   779   698   613   527   445   368   298   237   185   141   106    78    56    40    28
         19    13     9     6     4     3     2     1     1     1     0     0     0     0     0     0     0     0     0     0
          0     0     1     2     2     4     3     3     3     4     5     5     4     4     4     3     2     2     2     2
          2     2     2     2     2     2     2     2     2     2     2     1     1     0    13    13    13    13    13    13
         13    13    13    13    13    13    13    13    13    13    13    13    13    13    13    13
  46   1000   990   961   914   852   779   698   613   527   445   368   298   237   185   141   106    78    56    40    28
         19    13     9     6     4     2     2     1     1     0     0     0     0     0     0     0     0     0     0     0
          0     0     1     1     2     2     2     2     2     2     2     2     2     2     2     1     1     1     1     1
          1     1     1     1     1     1     1     1     1     1     1     1     0     7     7     7     7     7     7     7
          7     7     7     7     7     7     7     7     7     7     7     7     7     7     7
  47   1000   990   961   914   852   779   698   613   527   445   368   298   237   185   141   106    78    56    40    28
         19    13     9     6     4     3     1     1     0     0     0     0     0     0     0     0     0     0     0     0
          0     1     1     2     2     2     2     2     3     3     2     2     2     2     1     1     1     1     1     1
          1     1     1     1     1     1     1     1     1     1     1     0     8     8     8     8     8     8     8     8
          8     8     8     8     8     8     8     8     8     8     8     8     8     8
  48   1000   990   961   914   852   779   698   613   527   445   368   299   237   185   142   106    78    57    41    28
         20    13     9     6     4     2     2     1     0     0     0     0    -1     0     0     0     0     0     0     1
          1     1     3     2     2     2     3     3     3     3     3     3     2     2     2     2     1     1     1     2
          2     2     2     2     2     2     1     1     1     1     0    10    10    10    10    10    10    10    10    10
         10    10    10    10    10    10    10    10    10    10    10    10    10
  49   1000   990   961   914   852   779   698   613   527   445   368   299   238   185   142   107    79    57    41    29
         20    14     9     6     4     3     1     0     0     0     0    -1    -1    -1     0     0     0     0     1     1
          1     3     3     3     3     3     4     4     4     4     3     3     2     2     2     2     2     2     2     2
          2     2     2     2     2     2     2     1     1     0    12    12    12    12    12    12    12    12    12    12
         12    12    12    12    12    12    12    12    12    12    12    12
  50   1000   990   961   914   852   779   698   613   528   445   368   299   238   186   143   108    80    58    42    30
         21    14    10     6     4     2     0     0    -1    -1    -2    -2    -2    -1    -1     0     0     0     2     2
          4     4     3     3     4     5     5     5     5     4     3     3     3     2     2     2     2     2     2     2
          2     3     3     2     2     2     2     1     0    15    15    15    15    15    15    15    15    15    15    15
         15    15    15    15    15    15    15    15    15    15    15
  51   1000   990   961   914   852   779   698   613   528   445   369   300   239   187   144   109    81    59    43    30
         21    15     9     6     3     1     0    -2    -2    -3    -3    -3    -2    -2    -1     0     0     1     1     4
          4     3     4     4     5     6     5     5     4     3     3     3     3     2     2     2     2     3     3     2
          3     3     2     2     2     2     1     0    15    15    15    15    15    15    15    15    15    15    15    15
         15    15    15    15    15    15    15    15    15    15
  52   1000   990   961   914   852   779   698   613   528   446   369   300   240   188   145   110    82    60    44    31
         22    14    10     5     1     0    -3    -3    -5    -5    -4    -3    -3    -2    -1     0     1     1     3     3
          3     3     4     5     5     5     5     4     3     3     3     3     2     2     2     2     2     3     2     3
          3     2     2     2     2     1     0    15    15    15    15    15    15    15    15    15    15    15    15    15
         15    15    15    15    15    15    15    15    15
  53   1000   990   961   914   852   779   698   613   528   446   370   301   241   189   146   111    83    62    45    32
         21    14     8     3     0    -4    -5    -7    -6    -6    -5    -4    -3    -2    -1     0     0     1     1     1
          2     2     3     3     3     3     3     2     2     2     2     1     1     1     1     1     1     1     2     2
          1     1     1     1     1     0     9     9     9     9     9     9     9     9     9     9     9     9     9     9
          9     9     9     9     9     9     9     9
  54   1000   990   961   914   852   779   698   614   529   448   372   303   243   192   149   114    85    63    46    32
         21    12     5     0    -5    -8   -10   -10    -9    -8    -7    -5    -4    -2     0     0     2     2     2     3
          4     5     5     5     5     5     4     3     3     3     2     2     2     2     3     3     2     3     3     2
          2     2     2     1     0    15    15    15    15    15    15    15    15    15    15    15    15    15    15    15
         15    15    15    15    15    15    15
  55   1000   990   961   914   852   779   699   615   530   449   374   305   246   194   151   116    87    64    45    31
         18     8     0    -7   -12   -15   -15   -13   -12   -10    -8    -6    -4    -2    -1     1     1     1     2     3
          5     5     5     5     4     4     3     3     3     2     2     2     2     2     2     2     2     2     2     2
          2     1     1     0    14    14    14    14    14    14    14    14    14    14    14    14    14    14    14    14
         14    14    14    14    14    14
  56   1000   990   961   914   853   780   700   616   532   451   376   308   249   197   154   118    89    64    44    27
         12     0   -10   -16   -21   -21   -19   -17   -15   -12   -10    -7    -4    -3     0     1     1     2     3     5
          6     5     6     5     4     4     3     3     3     3     3     3     3     3     3     3     3     2     2     2
          2     1     0    16    16    16    16    16    16    16    16    16    16    16    16    16    16    16    16    16
         16    16    16    16    16
  57   1000   990   961   914   853   780   701   617   534   454   379   312   252   201   157   120    88    62    39    19
          2   -12   -22   -28   -29   -27   -24   -21   -18   -15   -12    -9    -7    -4    -2    -1     0     1     3     3
          3     4     3     3     3     2     2     2     2     2     2     2     2     1     2     1     1     1     1     1
          1     0     8     8     8     8     8     8     8     8     8     8     8     8     8     8     8     8     8     8
          8     8     8     8
  58   1000   990   961   915   854   782   702   620   537   458   384   316   257   204   159   120    87    56    29     6
        -15   -29   -39   -40   -38   -34   -30   -25   -21   -16   -11    -9    -3    -1     0     2     4     7     8     7
          8     7     6     5     5     5     4     4     4     4     4     4     3     4     4     3     3     3     2     2
          1    21    21    21    21    21    21    21    21    21    21    21    21    21    21    21    21    21    21    21
         21    21    21
  59   1000   990   961   915   854   783   705   623   541   462   388   321   260   207   158   117    78    43    11   -17
        -38   -51   -54   -52   -46   -41   -35   -29   -23   -17   -13    -6    -3    -1     1     4     8     9     9     9
          9     7     7     6     5     5     5     4     4     4     4     4     4     4     4     3     3     3     2     1
         23    23    23    23    23    23    23    23    23    23    23    23    23    23    23    23    23    23    23    23
         23    23
  60   1000   990   961   916   856   785   707   626   545   467   393   324   262   205   154   106    61    19   -19   -47
        -65   -70   -68   -62   -55   -47   -40   -33   -26   -21   -13    -9    -6    -2     1     4     6     6     7     7
          6     6     5     5     4     4     3     3     3     3     3     3     3     2     2     2     1     1     0    14
         14    14    14    14    14    14    14    14    14    14    14    14    14    14    14    14    14    14    14    14
         14
  61   1000   990   962   916   857   787   711   631   550   472   397   327   261   200   141    85    32   -19   -57   -82
        -91   -89   -82   -73   -63   -54   -44   -34   -28   -17   -11    -7    -1     2     7    10    10    11    10     9
          8     8     7     6     6     5     5     5     5     4     4     4     4     3     3     3     2     1    23    23
         23    23    23    23    23    23    23    23    23    23    23    23    23    23    23    23    23    23    23    23
  62   1000   990   962   917   859   790   714   635   555   475   399   325   254   184   116    49   -16   -67  -101  -114
       -113  -105   -95   -83   -71   -59   -46   -37   -24   -17   -10    -4     1     8    11    11    13    12    11    10
          9     8     7     7     6     6     6     5     5     5     5     4     4     3     3     2     1    26    26    26
         26    26    26    26    26    26    26    26    26    26    26    26    26    26    26    26    26    26    26
  63   1000   990   963   919   861   793   718   638   557   476   395   316   235   154    71    -9   -76  -121  -140  -141
       -133  -120  -106   -92   -78   -63   -52   -37   -27   -18   -10    -2     3     7     9    11    11    10     9     9
          8     7     6     5     5     4     4     3     3     3     2     2     2     1     1     0    14    14    14    14
         14    14    14    14    14    14    14    14    14    14    14    14    14    14    14    14    14    14
  64   1000   991   963   920   863   796   721   641   558   472   385   294   199   100     0   -83  -141  -168  -173  -164
       -150  -134  -116   -99   -81   -66   -48   -35   -24   -13    -3     4     9    12    14    14    13    12    11    10
          9     8     7     6     5     5     4     4     4     3     3     2     2     1     0    18    18    18    18    18
         18    18    18    18    18    18    18    18    18    18    18    18    18    18    18    18    18
  65   1000   991   964   921   865   798   722   640   552   460   360   252   137    18   -86  -160  -197  -207  -199  -184
       -165  -145  -123  -102   -84   -61   -45   -31   -17    -6     4    10    13    16    16    16    15    13    12    11
          9     8     7     6     5     5     4     4     3     3     3     2     1     0    19    19    19    19    19    19
         19    19    19    19    19    19    19    19    19    19    19    19    19    19    19    19
  66   1000   991   964   922   866   798   721   634   538   432   313   182    42   -83  -177  -227  -242  -237  -221  -200
       -177  -151  -125  -103   -75   -55   -38   -21    -6     6    14    18    21    22    20    19    17    16    14    12
         11    10     8     8     6     6     6     5     4     4     3     2     1    28    28    28    28    28    28    28
         28    28    28    28    28    28    28    28    28    28    28    28    28    28    28
  67   1000   991   965   923   866   796   714   619   509   381   235    75   -74  -188  -253  -277  -276  -261  -238  -212
       -183  -153  -127   -94   -70   -49   -28   -10     5    15    20    24    25    24    22    20    18    16    14    12
         11     9     8     7     7     6     5     5     4     3     2     1    29    29    29    29    29    29    29    29
         29    29    29    29    29    29    29    29    29    29    29    29    29    29
  68   1000   991   965   922   863   789   698   588   455   297   117   -55  -193  -275  -310  -315  -301  -278  -250  -217
       -183  -152  -113   -85   -60   -35   -13     5    17    23    28    29    28    27    24    22    19    17    15    13
         11    10     8     8     7     6     5     5     4     3     1    34    34    34    34    34    34    34    34    34
         34    34    34    34    34    34    34    34    34    34    34    34    34
  69   1000   991   964   919   857   774   668   533   367   170   -25  -186  -288  -338  -350  -341  -319  -290  -255  -217
       -182  -139  -106   -76   -46   -20     1    15    23    29    31    31    29    27    24    21    18    16    14    12
         10     8     8     7     5     5     4     3     2     1    28    28    28    28    28    28    28    28    28    28
         28    28    28    28    28    28    28    28    28    28    28    28
  70   1000   991   963   914   844   746   614   444   235    17  -169  -292  -358  -381  -378  -358  -329  -292  -251  -212
       -162  -125   -90   -55   -25     1    18    28    35    37    37    35    32    29    26    22    19    17    14    12
         10    10     8     7     6     5     4     3     1    36    36    36    36    36    36    36    36    36    36    36
         36    36    36    36    36    36    36    36    36    36    36
  71   1000   990   959   905   820   697   528   311    75  -135  -282  -366  -403  -409  -394  -367  -330  -286  -245  -190
       -148  -108   -68   -33    -2    17    29    38    41    41    40    37    33    29    25    22    19    16    14    11
         10     9     7     6     5     4     3     1    36    36    36    36    36    36    36    36    36    36    36    36
         36    36    36    36    36    36    36    36    36    36
  72   1000   989   954   886   778   618   398   151   -83  -254  -360  -412  -430  -423  -400  -364  -318  -275  -214  -168
       -124   -78   -38    -1    21    35    46    50    49    47    44    40    35    31    27    24    20    18    15    14
         12    10     9     7     6     4     1    53    53    53    53    53    53    53    53    53    53    53    53    53
         53    53    53    53    53    53    53    53    53
  73   1000   986   943   856   712   501   245    -5  -200  -329  -402  -435  -440  -425  -396  -355  -312  -252  -203  -153
       -103   -59   -20     6    24    37    44    46    45    43    39    34    29    25    21    17    14    11     9     7
          5     4     3     2     1     0    18    18    18    18    18    18    18    18    18    18    18    18    18    18
         18    18    18    18    18    18    18    18
  74   1000   983   924   807   612   361    96  -120  -272  -366  -417  -436  -433  -410  -371  -332  -267  -217  -166  -112
        -62   -15    14    34    49    56    57    56    53    49    43    38    34    29    25    22    18    17    15    12
         10     9     7     5     2    57    57    57    57    57    57    57    57    57    57    57    57    57    57    57
         57    57    57    57    57    57    57
  75   1000   978   896   735   501   236     3  -172  -291  -365  -404  -418  -411  -386  -353  -298  -249  -197  -141   -89
        -43    -9    15    33    44    49    50    49    45    40    35    30    25    20    16    13    10     8     6     4
          3     2     1     1    12    12    12    12    12    12    12    12    12    12    12    12    12    12    12    12
         12    12    12    12    12    12
  76   1000   968   857   659   409   170   -23  -165  -264  -327  -362  -374  -365  -345  -302  -260  -213  -159  -106   -58
        -22     5    25    38    46    49    48    46    41    36    31    26    21    17    13    10     8     6     4     3
          2     1     1     6     6     6     6     6     6     6     6     6     6     6     6     6     6     6     6     6
          6     6     6     6     6
  77   1000   956   820   607   381   180    21   -99  -186  -246  -281  -294  -295  -266  -240  -205  -159  -112   -63   -27
          0    22    36    44    48    49    47    44    40    35    31    26    23    19    16    14    11     9     8     6
          4     2    34    34    34    34    34    34    34    34    34    34    34    34    34    34    34    34    34    34
         34    34    34    34
  78   1000   949   808   621   434   269   133    22   -63  -128  -174  -202  -210  -206  -190  -163  -130   -95   -64   -36
        -14     2    16    24    28    30    29    27    24    20    16    13    10     7     4     3     2     1     0     0
          1   -23   -23   -23   -23   -23   -23   -23   -23   -23   -23   -23   -23   -23   -23   -23   -23   -23   -23   -23
        -23   -23   -23
  79   1000   949   829   681   533   398   279   175    88    15   -41   -80  -107  -121  -119  -107   -87   -67   -47   -28
        -13    -1     8    15    19    21    21    20    19    17    15    13    11     9     8     7     5     4     3     3
          4     4     4     4     4     4     4     4     4     4     4     4     4     4     4     4     4     4     4     4
          4     4
  80   1000   961   871   759   642   527   418   313   216   135    53    -2   -43   -74   -91   -99   -94   -83   -72   -57
        -42   -29   -19   -11    -5    -2     0     0     0     0     0    -2    -2    -2    -2    -2    -2     0     1   -61
        -61   -61   -61   -61   -61   -61   -61   -61   -61   -61   -61   -61   -61   -61   -61   -61   -61   -61   -61   -61
        -61
  81   1000   972   906   820   724   623   518   411   316   208   128    60     0   -43   -75   -89   -91   -88   -79   -66
        -54   -43   -33   -24   -18   -13    -9    -7    -5    -4    -5    -5    -3    -3    -3    -2     0     1   -62   -62
        -62   -62   -62   -62   -62   -62   -62   -62   -62   -62   -62   -62   -62   -62   -62   -62   -62   -62   -62   -62
  82   1000   979   929   859   775   678   572   473   349   253   164    81    12   -42   -73   -89   -97   -94   -86   -75
        -64   -53   -42   -33   -26   -20   -15   -12    -9    -8    -7    -5    -4    -3    -2    -1     1   -63   -63   -63
        -63   -63   -63   -63   -63   -63   -63   -63   -63   -63   -63   -63   -63   -63   -63   -63   -63   -63   -63
  83   1000   984   943   881   801   705   608   480   374   271   169    81     8   -40   -71   -89   -95   -93   -86   -77
        -65   -54   -43   -34   -26   -19   -14   -10    -8    -6    -3    -2    -1     0     0     2   -40   -40   -40   -40
        -40   -40   -40   -40   -40   -40   -40   -40   -40   -40   -40   -40   -40   -40   -40   -40   -40   -40
  84   1000   986   949   888   806   718   592   483   372   257   152    61    -2   -47   -77   -92   -97   -95   -87   -77
        -65   -54   -43   -34   -26   -19   -14   -10    -7    -4    -3    -2     0     0     1   -30   -30   -30   -30   -30
        -30   -30   -30   -30   -30   -30   -30   -30   -30   -30   -30   -30   -30   -30   -30   -30   -30
  85   1000   988   950   887   812   695   590   476   352   234   130    51    -8   -49   -75   -89   -93   -90   -82   -72
        -61   -49   -39   -29   -21   -15   -10    -6    -3    -1     0     0     1     1    -3    -3    -3    -3    -3    -3
         -3    -3    -3    -3    -3    -3    -3    -3    -3    -3    -3    -3    -3    -3    -3    -3
  86   1000   986   945   888   786   689   577   450   325   208   116    43   -10   -48   -73   -84   -87   -83   -75   -65
        -54   -43   -33   -24   -17   -11    -6    -3    -1     0     1     1     1    20    20    20    20    20    20    20
         20    20    20    20    20    20    20    20    20    20    20    20    20    20    20
  87   1000   986   950   872   788   684   560   432   310   207   120    54     2   -35   -58   -69   -71   -68   -60   -51
        -40   -30   -20   -14    -5     0     2     4     5     5     4     1    82    82    82    82    82    82    82    82
         82    82    82    82    82    82    82    82    82    82    82    82    82    82
  88   1000   987   940   875   784   670   546   424   314   214   137    70    17   -17   -38   -49   -53   -49   -42   -33
        -24   -15    -9     0     6     7    10    10    10     7     1   150   150   150   150   150   150   150   150   150
        150   150   150   150   150   150   150   150   150   150   150   150   150
  89   1000   976   935   866   765   648   523   408   302   213   135    70    23    -8   -28   -40   -43   -41   -35   -29
        -21   -16    -6    -1     1     4     5     5     3    -1   139   139   139   139   139   139   139   139   139   139
        139   139   139   139   139   139   139   139   139   139   139   139
  90   1000   985   938   864   768   663   552   440   346   254   172   110    64    31     7    -3    -8    -7    -4     1
          3    14    18    17    20    19    16    11     0   277   277   277   277   277   277   277   277   277   277   277
        277   277   277   277   277   277   277   277   277   277   277
  91   1000   983   935   860   765   661   552   453   354   262   188   129    83    47    25    11     4     1     1     0
          9    12    11    13    12    10     5    -4   264   264   264   264   264   264   264   264   264   264   264   264
        264   264   264   264   264   264   264   264   264   264
  92   1000   983   933   854   763   664   564   464   366   282   210   150   101    65    39    22    10     4    -1     3
          4     2     3     3     1    -1   -10   226   226   226   226   226   226   226   226   226   226   226   226   226
        226   226   226   226   226   226   226   226   226
  93   1000   983   931   862   779   686   588   488   396   313   241   178   129    90    61    40    25    12    12     9
          4     3     2     0    -3   -13   242   242   242   242   242   242   242   242   242   242   242   242   242   242
        242   242   242   242   242   242   242   242
  94   1000   980   938   875   797   708   611   516   426   344   269   207   155   114    81    57    36    29    21    12
          8     4     1    -4   -14   268   268   268   268   268   268   268   268   268   268   268   268   268   268   268
        268   268   268   268   268   268   268
  95   1000   986   946   889   813   722   630   539   452   369   298   236   184   141   108    77    65    50    34    27
         19    11     2   -13   355   355   355   355   355   355   355   355   355   355   355   355   355   355   355   355
        355   355   355   355   355   355
  96   1000   986   951   894   817   733   645   556   468   389   316   253   199   154   113    92    70    48    36    24
         14     3   -13   353   353   353   353   353   353   353   353   353   353   353   353   353   353   353   353   353
        353   353   353   353   353
  97   1000   988   953   897   826   745   659   569   483   402   328   261   204   153   120    89    61    43    28    15
          3   -12   303   303   303   303   303   303   303   303   303   303   303   303   303   303   303   303   303   303
        303   303   303   303
  98   1000   988   951   897   829   751   665   579   493   413   338   271   210   167   128    91    66    45    28    12
         -7   317   317   317   317   317   317   317   317   317   317   317   317   317   317   317   317   317   317   317
        317   317   317
  99   1000   987   953   902   836   757   673   586   500   417   342   270   216   166   121    88    61    39    19     0
        273   273   273   273   273   273   273   273   273   273   273   273   273   273   273   273   273   273   273   273
        273   273
 100   1000   989   957   906   840   763   678   590   502   419   339   273   213   160   118    83    55    32     9   214
        214   214   214   214   214   214   214   214   214   214   214   214   214   214   214   214   214   214   214   214
        214
 101   1000   989   958   907   842   765   680   592   504   419   343   274   211   160   117    82    52    26   185   185
        185   185   185   185   185   185   185   185   185   185   185   185   185   185   185   185   185   185   185   185
 102   1000   989   958   908   843   766   681   594   505   423   345   274   214   161   118    81    48   168   168   168
        168   168   168   168   168   168   168   168   168   168   168   168   168   168   168   168   168   168   168
 103   1000   989   958   909   844   767   683   594   509   425   347   277   216   163   118    78   158   158   158   158
        158   158   158   158   158   158   158   158   158   158   158   158   158   158   158   158   158   158
 104   1000   989   958   909   844   768   684   597   511   427   350   280   218   164   116   144   144   144   144   144
        144   144   144   144   144   144   144   144   144   144   144   144   144   144   144   144   144
 105   1000   989   959   910   845   769   687   601   514   431   353   283   220   163   146   146   146   146   146   146
        146   146   146   146   146   146   146   146   146   146   146   146   146   146   146   146
 106   1000   990   959   910   846   772   690   603   517   434   356   285   219   149   149   149   149   149   149   149
        149   149   149   149   149   149   149   149   149   149   149   149   149   149   149
 107   1000   990   959   911   848   774   692   607   521   437   358   283   156   156   156   156   156   156   156   156
        156   156   156   156   156   156   156   156   156   156   156   156   156   156
 108   1000   990   960   912   850   776   695   609   523   438   355   160   160   160   160   160   160   160   160   160
        160   160   160   160   160   160   160   160   160   160   160   160   160
 109   1000   990   960   913   851   778   696   610   523   435   166   166   166   166   166   166   166   166   166   166
        166   166   166   166   166   166   166   166   166   166   166   166
 110   1000   990   960   914   852   778   697   610   519   155   155   155   155   155   155   155   155   155   155   155
        155   155   155   155   155   155   155   155   155   155   155
 111   1000   990   961   914   852   778   695   604   176   176   176   176   176   176   176   176   176   176   176   176
        176   176   176   176   176   176   176   176   176   176
 112   1000   990   961   914   852   777   690   175   175   175   175   175   175   175   175   175   175   175   175   175
        175   175   175   175   175   175   175   175   175
 113   1000   990   961   914   851   773   155   155   155   155   155   155   155   155   155   155   155   155   155   155
        155   155   155   155   155   155   155   155
 114   1000   990   961   913   847   147   147   147   147   147   147   147   147   147   147   147   147   147   147   147
        147   147   147   147   147   147   147
 115   1000   990   960   910   131   131   131   131   131   131   131   131   131   131   131   131   131   131   131   131
        131   131   131   131   131   131
 116   1000   990   958   110   110   110   110   110   110   110   110   110   110   110   110   110   110   110   110   110
        110   110   110   110   110
 117   1000   989    81    81    81    81    81    81    81    81    81    81    81    81    81    81    81    81    81    81
         81    81    81    81
 118   1000    30    30    30    30    30    30    30    30    30    30    30    30    30    30    30    30    30    30    30
         30    30    30
 119   1000  1000  1000  1000  1000  1000  1000  1000  1000  1000  1000  1000  1000  1000  1000  1000  1000  1000  1000  1000
       1000  1000
 120   1000  1000  1000  1000  1000  1000  1000  1000  1000  1000  1000  1000  1000  1000  1000  1000  1000  1000  1000  1000
       1000
 121   1000  1000  1000  1000  1000  1000  1000  1000  1000  1000  1000  1000  1000  1000  1000  1000  1000  1000  1000  1000
 122   1000  1000  1000  1000  1000  1000  1000  1000  1000  1000  1000  1000  1000  1000  1000  1000  1000  1000  1000
 123   1000  1000  1000  1000  1000  1000  1000  1000  1000  1000  1000  1000  1000  1000  1000  1000  1000  1000
 124   1000  1000  1000  1000  1000  1000  1000  1000  1000  1000  1000  1000  1000  1000  1000  1000  1000
 125   1000  1000  1000  1000  1000  1000  1000  1000  1000  1000  1000  1000  1000  1000  1000  1000
 126   1000  1000  1000  1000  1000  1000  1000  1000  1000  1000  1000  1000  1000  1000  1000
 127   1000  1000  1000  1000  1000  1000  1000  1000  1000  1000  1000  1000  1000  1000
 128   1000  1000  1000  1000  1000  1000  1000  1000  1000  1000  1000  1000  1000
 129   1000  1000  1000  1000  1000  1000  1000  1000  1000  1000  1000  1000
 130   1000  1000  1000  1000  1000  1000  1000  1000  1000  1000  1000
 131   1000  1000  1000  1000  1000  1000  1000  1000  1000  1000
 132   1000  1000  1000  1000  1000  1000  1000  1000  1000
 133   1000  1000  1000  1000  1000  1000  1000  1000
 134   1000  1000  1000  1000  1000  1000  1000
 135   1000  1000  1000  1000  1000  1000
 136   1000  1000  1000  1000  1000
 137   1000  1000  1000  1000
 138   1000  1000  1000
 139   1000  1000
 140   1000

 Finished!
